17:47:35,786  INFO main:168 - Logueando
17:50:54,432  INFO main:300 - Tiempo PreCalculo: 198643
17:50:54,433  INFO main:387 - ****************AG PERMUTACION****************
17:50:55,572  INFO main:401 - ****************Corrida 0 ************************
17:50:55,572  INFO main:402 - Fitness solucion: 42.0
17:50:55,572  INFO main:403 - Indice: 45
17:50:55,572  INFO main:404 - Generacion: 1
17:50:55,573  INFO main:405 - Rechazados: 2
17:50:55,573  INFO main:417 - Individuo Solucion: {43,49,1,41,6,35,36,28,2,32,45,27,0,14,22,38,16,3,13,4,48,21,5,17,18,30,19,8,11,26,7,15,29,44,37,40,25,34,47,39,23,20,46,10,33,24,12,9,31,42}

17:50:55,573  INFO main:418 - *****************************************************
17:50:56,222  INFO main:401 - ****************Corrida 1 ************************
17:50:56,222  INFO main:402 - Fitness solucion: 42.0
17:50:56,222  INFO main:403 - Indice: 46
17:50:56,223  INFO main:404 - Generacion: 0
17:50:56,223  INFO main:405 - Rechazados: 3
17:50:56,223  INFO main:417 - Individuo Solucion: {1,36,32,47,33,6,10,11,0,3,20,5,9,38,39,15,29,46,24,18,19,17,25,45,44,7,2,37,16,12,42,28,13,35,49,14,26,41,34,4,21,22,31,27,30,23,8,43,40,48}

17:50:56,223  INFO main:418 - *****************************************************
17:50:56,454  INFO main:401 - ****************Corrida 2 ************************
17:50:56,454  INFO main:402 - Fitness solucion: 42.0
17:50:56,454  INFO main:403 - Indice: 46
17:50:56,454  INFO main:404 - Generacion: 0
17:50:56,455  INFO main:405 - Rechazados: 2
17:50:56,455  INFO main:417 - Individuo Solucion: {22,25,40,0,14,11,36,17,2,44,19,18,1,42,28,9,6,26,27,24,41,16,43,7,31,5,35,30,34,49,29,21,12,32,45,8,3,37,13,47,38,10,33,48,39,15,4,23,20,46}

17:50:56,455  INFO main:418 - *****************************************************
17:50:56,672  INFO main:401 - ****************Corrida 3 ************************
17:50:56,673  INFO main:402 - Fitness solucion: 42.0
17:50:56,673  INFO main:403 - Indice: 46
17:50:56,673  INFO main:404 - Generacion: 2
17:50:56,673  INFO main:405 - Rechazados: 3
17:50:56,673  INFO main:417 - Individuo Solucion: {20,37,34,47,48,10,39,9,6,28,16,21,38,49,17,31,40,12,8,0,2,35,7,1,25,44,18,5,36,45,13,19,27,42,14,26,11,24,3,22,23,32,4,15,33,43,30,29,41,46}

17:50:56,673  INFO main:418 - *****************************************************
17:50:56,882  INFO main:401 - ****************Corrida 4 ************************
17:50:56,883  INFO main:402 - Fitness solucion: 40.0
17:50:56,883  INFO main:403 - Indice: 44
17:50:56,884  INFO main:404 - Generacion: 2
17:50:56,884  INFO main:405 - Rechazados: 3
17:50:56,885  INFO main:417 - Individuo Solucion: {1,17,10,48,28,12,47,34,35,37,6,22,21,15,49,13,45,33,2,19,11,24,9,5,41,32,25,3,27,40,38,4,44,20,46,36,16,29,43,14,31,39,26,30,23,0,18,7,8,42}

17:50:56,885  INFO main:418 - *****************************************************
17:50:57,406  INFO main:401 - ****************Corrida 5 ************************
17:50:57,407  INFO main:402 - Fitness solucion: 42.0
17:50:57,407  INFO main:403 - Indice: 44
17:50:57,407  INFO main:404 - Generacion: 0
17:50:57,408  INFO main:405 - Rechazados: 2
17:50:57,408  INFO main:417 - Individuo Solucion: {2,8,9,28,0,17,13,4,16,27,5,1,40,14,44,24,3,42,34,7,6,19,37,21,41,36,11,46,22,12,10,30,49,20,48,31,45,32,23,47,39,33,35,43,26,18,38,29,15,25}

17:50:57,409  INFO main:418 - *****************************************************
17:50:57,824  INFO main:401 - ****************Corrida 6 ************************
17:50:57,824  INFO main:402 - Fitness solucion: 42.0
17:50:57,824  INFO main:403 - Indice: 45
17:50:57,825  INFO main:404 - Generacion: 2
17:50:57,825  INFO main:405 - Rechazados: 2
17:50:57,833  INFO main:417 - Individuo Solucion: {38,5,45,32,21,6,3,18,29,34,33,30,2,26,20,48,0,11,27,28,17,22,8,49,46,37,16,36,43,7,47,19,10,1,9,14,39,12,40,4,24,44,25,42,31,23,35,41,13,15}

17:50:57,833  INFO main:418 - *****************************************************
17:50:58,197  INFO main:401 - ****************Corrida 7 ************************
17:50:58,198  INFO main:402 - Fitness solucion: 42.0
17:50:58,198  INFO main:403 - Indice: 44
17:50:58,198  INFO main:404 - Generacion: 1
17:50:58,198  INFO main:405 - Rechazados: 2
17:50:58,199  INFO main:417 - Individuo Solucion: {45,33,2,0,9,47,15,17,32,12,10,1,36,11,16,48,22,20,18,8,31,38,29,37,44,27,34,14,21,43,28,39,6,3,46,5,49,41,13,24,4,25,7,35,26,30,42,23,40,19}

17:50:58,199  INFO main:418 - *****************************************************
17:50:58,517  INFO main:401 - ****************Corrida 8 ************************
17:50:58,518  INFO main:402 - Fitness solucion: 40.0
17:50:58,518  INFO main:403 - Indice: 45
17:50:58,518  INFO main:404 - Generacion: 7
17:50:58,519  INFO main:405 - Rechazados: 3
17:50:58,519  INFO main:417 - Individuo Solucion: {0,4,43,21,36,39,49,33,32,19,30,9,45,22,28,10,18,31,24,40,17,46,26,2,47,27,25,1,12,35,8,14,6,11,3,44,37,42,7,41,5,15,20,29,34,38,48,13,23,16}

17:50:58,519  INFO main:418 - *****************************************************
17:50:58,799  INFO main:401 - ****************Corrida 9 ************************
17:50:58,799  INFO main:402 - Fitness solucion: 42.0
17:50:58,800  INFO main:403 - Indice: 47
17:50:58,800  INFO main:404 - Generacion: 1
17:50:58,800  INFO main:405 - Rechazados: 2
17:50:58,800  INFO main:417 - Individuo Solucion: {0,1,14,28,32,21,17,18,43,10,47,7,13,40,44,45,6,36,37,48,49,24,33,4,39,27,19,31,20,15,2,46,11,35,3,42,25,41,29,22,5,26,8,23,16,34,12,38,30,9}

17:50:58,801  INFO main:418 - *****************************************************
17:50:59,055  INFO main:401 - ****************Corrida 10 ************************
17:50:59,055  INFO main:402 - Fitness solucion: 42.0
17:50:59,055  INFO main:403 - Indice: 44
17:50:59,056  INFO main:404 - Generacion: 1
17:50:59,056  INFO main:405 - Rechazados: 3
17:50:59,056  INFO main:417 - Individuo Solucion: {48,41,8,5,1,3,47,46,15,49,30,2,14,10,31,42,21,20,27,32,7,28,29,45,24,44,39,26,35,18,34,17,43,37,16,25,19,9,4,11,13,12,22,0,6,33,23,40,38,36}

17:50:59,056  INFO main:418 - *****************************************************
17:50:59,314  INFO main:401 - ****************Corrida 11 ************************
17:50:59,315  INFO main:402 - Fitness solucion: 40.0
17:50:59,315  INFO main:403 - Indice: 42
17:50:59,315  INFO main:404 - Generacion: 8
17:50:59,315  INFO main:405 - Rechazados: 2
17:50:59,316  INFO main:417 - Individuo Solucion: {11,48,25,0,27,6,37,46,21,28,14,49,19,41,39,44,17,22,3,8,31,18,47,5,2,26,12,40,38,13,20,36,24,15,4,7,34,32,9,33,45,29,10,1,43,42,16,30,35,23}

17:50:59,316  INFO main:418 - *****************************************************
17:50:59,672  INFO main:401 - ****************Corrida 12 ************************
17:50:59,672  INFO main:402 - Fitness solucion: 40.0
17:50:59,673  INFO main:403 - Indice: 44
17:50:59,673  INFO main:404 - Generacion: 4
17:50:59,673  INFO main:405 - Rechazados: 3
17:50:59,674  INFO main:417 - Individuo Solucion: {36,14,40,1,37,22,28,5,8,12,44,38,48,13,15,6,20,11,7,29,35,34,33,47,17,2,42,27,26,32,4,46,49,30,0,10,18,25,3,16,45,9,31,21,41,19,23,24,43,39}

17:50:59,674  INFO main:418 - *****************************************************
17:51:00,139  INFO main:401 - ****************Corrida 13 ************************
17:51:00,139  INFO main:402 - Fitness solucion: 41.0
17:51:00,140  INFO main:403 - Indice: 43
17:51:00,140  INFO main:404 - Generacion: 0
17:51:00,140  INFO main:405 - Rechazados: 2
17:51:00,140  INFO main:417 - Individuo Solucion: {25,37,15,39,40,5,11,46,12,19,20,17,36,31,4,38,10,7,35,45,2,8,27,47,30,6,26,48,3,1,32,18,29,22,43,42,14,41,24,28,49,34,9,21,44,33,0,13,16,23}

17:51:00,141  INFO main:418 - *****************************************************
17:51:00,517  INFO main:401 - ****************Corrida 14 ************************
17:51:00,517  INFO main:402 - Fitness solucion: 42.0
17:51:00,518  INFO main:403 - Indice: 44
17:51:00,518  INFO main:404 - Generacion: 3
17:51:00,518  INFO main:405 - Rechazados: 2
17:51:00,518  INFO main:417 - Individuo Solucion: {24,0,21,8,44,19,43,10,18,4,2,48,31,22,29,1,28,27,14,11,13,12,7,38,20,16,49,47,3,9,39,15,36,33,23,34,40,17,46,42,6,45,37,5,25,26,30,35,41,32}

17:51:00,519  INFO main:418 - *****************************************************
17:51:00,843  INFO main:401 - ****************Corrida 15 ************************
17:51:00,843  INFO main:402 - Fitness solucion: 41.0
17:51:00,844  INFO main:403 - Indice: 43
17:51:00,844  INFO main:404 - Generacion: 8
17:51:00,844  INFO main:405 - Rechazados: 2
17:51:00,844  INFO main:417 - Individuo Solucion: {28,1,13,45,19,48,15,0,3,38,8,21,14,18,41,32,31,29,9,37,5,35,12,47,34,27,4,26,25,10,42,2,30,44,40,20,11,7,43,16,36,24,46,22,39,49,6,17,23,33}

17:51:00,845  INFO main:418 - *****************************************************
17:51:01,144  INFO main:401 - ****************Corrida 16 ************************
17:51:01,145  INFO main:402 - Fitness solucion: 42.0
17:51:01,145  INFO main:403 - Indice: 44
17:51:01,145  INFO main:404 - Generacion: 1
17:51:01,145  INFO main:405 - Rechazados: 2
17:51:01,146  INFO main:417 - Individuo Solucion: {18,45,7,32,39,49,43,19,36,6,27,3,21,29,2,44,38,28,47,33,17,12,37,14,9,40,26,15,4,48,0,46,23,20,30,24,1,5,13,22,8,10,11,16,34,35,25,41,42,31}

17:51:01,146  INFO main:418 - *****************************************************
17:51:01,434  INFO main:401 - ****************Corrida 17 ************************
17:51:01,435  INFO main:402 - Fitness solucion: 42.0
17:51:01,435  INFO main:403 - Indice: 45
17:51:01,435  INFO main:404 - Generacion: 0
17:51:01,435  INFO main:405 - Rechazados: 2
17:51:01,436  INFO main:417 - Individuo Solucion: {15,1,8,42,0,38,7,40,17,31,6,10,20,36,21,18,16,37,32,49,25,28,46,44,3,34,24,22,47,11,4,48,12,13,30,45,2,14,5,29,27,39,41,35,26,33,43,23,9,19}

17:51:01,436  INFO main:418 - *****************************************************
17:51:01,902  INFO main:401 - ****************Corrida 18 ************************
17:51:01,903  INFO main:402 - Fitness solucion: 42.0
17:51:01,903  INFO main:403 - Indice: 47
17:51:01,904  INFO main:404 - Generacion: 4
17:51:01,904  INFO main:405 - Rechazados: 3
17:51:01,904  INFO main:417 - Individuo Solucion: {32,8,2,14,45,34,22,19,17,20,33,39,10,43,29,7,21,27,46,6,42,15,9,47,38,18,48,28,13,37,0,16,25,44,11,5,1,31,12,3,36,24,4,23,30,35,40,26,41,49}

17:51:01,904  INFO main:418 - *****************************************************
17:51:02,387  INFO main:401 - ****************Corrida 19 ************************
17:51:02,388  INFO main:402 - Fitness solucion: 42.0
17:51:02,388  INFO main:403 - Indice: 44
17:51:02,389  INFO main:404 - Generacion: 0
17:51:02,389  INFO main:405 - Rechazados: 3
17:51:02,389  INFO main:417 - Individuo Solucion: {34,14,38,40,6,30,49,39,8,37,22,41,17,5,46,3,2,47,18,43,10,36,23,9,28,25,0,7,19,45,21,26,15,1,4,48,32,44,35,13,29,20,11,24,16,27,12,42,31,33}

17:51:02,390  INFO main:418 - *****************************************************
17:51:02,833  INFO main:401 - ****************Corrida 20 ************************
17:51:02,833  INFO main:402 - Fitness solucion: 42.0
17:51:02,833  INFO main:403 - Indice: 48
17:51:02,834  INFO main:404 - Generacion: 8
17:51:02,834  INFO main:405 - Rechazados: 3
17:51:02,834  INFO main:417 - Individuo Solucion: {12,39,34,42,46,6,31,43,17,33,8,13,44,40,2,10,28,27,48,26,32,23,1,21,20,5,49,47,41,18,14,11,38,29,24,22,0,3,15,25,35,19,7,36,16,37,45,30,4,9}

17:51:02,834  INFO main:418 - *****************************************************
17:51:03,215  INFO main:401 - ****************Corrida 21 ************************
17:51:03,215  INFO main:402 - Fitness solucion: 42.0
17:51:03,215  INFO main:403 - Indice: 47
17:51:03,216  INFO main:404 - Generacion: 0
17:51:03,216  INFO main:405 - Rechazados: 2
17:51:03,216  INFO main:417 - Individuo Solucion: {4,29,18,43,6,28,11,41,34,48,39,2,47,17,27,9,44,42,14,40,30,13,38,31,49,46,19,7,21,36,33,15,3,37,5,22,8,35,1,23,0,10,12,45,16,24,26,25,32,20}

17:51:03,216  INFO main:418 - *****************************************************
17:51:03,519  INFO main:401 - ****************Corrida 22 ************************
17:51:03,519  INFO main:402 - Fitness solucion: 40.0
17:51:03,519  INFO main:403 - Indice: 42
17:51:03,520  INFO main:404 - Generacion: 8
17:51:03,520  INFO main:405 - Rechazados: 2
17:51:03,520  INFO main:417 - Individuo Solucion: {15,3,11,32,20,26,45,47,24,10,7,28,46,2,34,17,12,27,21,6,42,14,5,41,37,4,1,30,40,18,43,33,9,44,19,25,8,49,13,0,35,36,31,23,22,48,38,16,39,29}

17:51:03,520  INFO main:418 - *****************************************************
17:51:03,817  INFO main:401 - ****************Corrida 23 ************************
17:51:03,817  INFO main:402 - Fitness solucion: 40.0
17:51:03,817  INFO main:403 - Indice: 42
17:51:03,817  INFO main:404 - Generacion: 8
17:51:03,818  INFO main:405 - Rechazados: 2
17:51:03,818  INFO main:417 - Individuo Solucion: {38,39,42,33,45,41,46,44,37,6,2,19,18,14,47,9,0,36,15,25,30,5,48,27,31,8,4,32,29,40,24,3,10,21,13,12,16,20,22,11,7,1,26,43,23,49,34,35,28,17}

17:51:03,818  INFO main:418 - *****************************************************
17:51:04,271  INFO main:401 - ****************Corrida 24 ************************
17:51:04,271  INFO main:402 - Fitness solucion: 40.0
17:51:04,272  INFO main:403 - Indice: 44
17:51:04,272  INFO main:404 - Generacion: 1
17:51:04,272  INFO main:405 - Rechazados: 3
17:51:04,273  INFO main:417 - Individuo Solucion: {10,40,1,36,7,17,38,35,39,44,48,31,26,45,28,27,3,13,6,4,22,20,14,41,33,9,5,18,8,12,2,49,23,29,0,19,15,11,37,24,30,34,21,16,25,47,32,42,46,43}

17:51:04,273  INFO main:418 - *****************************************************
17:51:04,730  INFO main:401 - ****************Corrida 25 ************************
17:51:04,731  INFO main:402 - Fitness solucion: 41.0
17:51:04,731  INFO main:403 - Indice: 45
17:51:04,731  INFO main:404 - Generacion: 5
17:51:04,731  INFO main:405 - Rechazados: 3
17:51:04,732  INFO main:417 - Individuo Solucion: {45,12,15,19,26,25,9,44,24,14,46,29,30,3,7,39,11,37,18,33,2,1,27,21,42,10,17,5,31,6,34,48,8,28,40,13,4,35,36,20,32,38,22,41,47,43,23,0,49,16}

17:51:04,732  INFO main:418 - *****************************************************
17:51:05,117  INFO main:401 - ****************Corrida 26 ************************
17:51:05,117  INFO main:402 - Fitness solucion: 40.0
17:51:05,118  INFO main:403 - Indice: 45
17:51:05,118  INFO main:404 - Generacion: 4
17:51:05,118  INFO main:405 - Rechazados: 3
17:51:05,118  INFO main:417 - Individuo Solucion: {0,40,33,14,26,44,8,9,31,42,34,29,12,36,15,22,25,41,47,6,2,35,13,49,48,38,4,1,11,21,30,46,43,39,45,7,32,27,28,37,19,24,18,5,16,3,20,10,17,23}

17:51:05,119  INFO main:418 - *****************************************************
17:51:05,574  INFO main:401 - ****************Corrida 27 ************************
17:51:05,574  INFO main:402 - Fitness solucion: 41.0
17:51:05,575  INFO main:403 - Indice: 48
17:51:05,575  INFO main:404 - Generacion: 7
17:51:05,575  INFO main:405 - Rechazados: 2
17:51:05,575  INFO main:417 - Individuo Solucion: {34,8,4,37,40,43,22,11,10,9,0,24,14,5,44,28,1,20,41,45,13,3,21,35,36,17,19,39,48,30,42,15,33,2,12,7,46,16,49,27,23,18,29,25,32,47,38,26,31,6}

17:51:05,576  INFO main:418 - *****************************************************
17:51:06,053  INFO main:401 - ****************Corrida 28 ************************
17:51:06,054  INFO main:402 - Fitness solucion: 42.0
17:51:06,054  INFO main:403 - Indice: 45
17:51:06,054  INFO main:404 - Generacion: 4
17:51:06,055  INFO main:405 - Rechazados: 3
17:51:06,055  INFO main:417 - Individuo Solucion: {27,6,14,47,1,31,23,3,17,24,25,35,4,13,48,12,21,11,30,41,15,7,2,8,44,28,29,22,38,26,10,33,49,9,20,46,0,32,37,18,36,45,34,43,39,40,19,5,42,16}

17:51:06,055  INFO main:418 - *****************************************************
17:51:06,528  INFO main:401 - ****************Corrida 29 ************************
17:51:06,529  INFO main:402 - Fitness solucion: 42.0
17:51:06,529  INFO main:403 - Indice: 46
17:51:06,529  INFO main:404 - Generacion: 0
17:51:06,530  INFO main:405 - Rechazados: 2
17:51:06,530  INFO main:417 - Individuo Solucion: {9,36,2,11,10,4,14,1,48,35,43,45,44,40,49,15,37,6,26,46,8,29,16,34,3,42,27,22,13,17,25,7,21,39,41,5,12,32,18,28,38,31,24,0,23,33,19,47,30,20}

17:51:06,530  INFO main:418 - *****************************************************
17:51:06,531  INFO main:420 - Tiempo AGP: 401
17:51:06,531  INFO main:422 - Promedio Final: 41
17:51:06,532  INFO main:424 - Promedio Generaciones: 0
17:51:06,532  INFO main:427 - Promedio Rechazos: 2
17:51:06,532  INFO main:430 - Promedio Defragmentacion: 1.75
17:51:06,533  INFO main:432 - *****************Resultados********************
17:51:06,533  INFO main:434 - result: 42.0
17:51:06,533  INFO main:434 - result: 42.0
17:51:06,533  INFO main:434 - result: 42.0
17:51:06,534  INFO main:434 - result: 42.0
17:51:06,534  INFO main:434 - result: 40.0
17:51:06,534  INFO main:434 - result: 42.0
17:51:06,534  INFO main:434 - result: 42.0
17:51:06,535  INFO main:434 - result: 42.0
17:51:06,535  INFO main:434 - result: 40.0
17:51:06,535  INFO main:434 - result: 42.0
17:51:06,536  INFO main:434 - result: 42.0
17:51:06,536  INFO main:434 - result: 40.0
17:51:06,536  INFO main:434 - result: 40.0
17:51:06,536  INFO main:434 - result: 41.0
17:51:06,537  INFO main:434 - result: 42.0
17:51:06,537  INFO main:434 - result: 41.0
17:51:06,537  INFO main:434 - result: 42.0
17:51:06,537  INFO main:434 - result: 42.0
17:51:06,538  INFO main:434 - result: 42.0
17:51:06,538  INFO main:434 - result: 42.0
17:51:06,538  INFO main:434 - result: 42.0
17:51:06,539  INFO main:434 - result: 42.0
17:51:06,539  INFO main:434 - result: 40.0
17:51:06,539  INFO main:434 - result: 40.0
17:51:06,539  INFO main:434 - result: 40.0
17:51:06,540  INFO main:434 - result: 41.0
17:51:06,540  INFO main:434 - result: 40.0
17:51:06,540  INFO main:434 - result: 41.0
17:51:06,540  INFO main:434 - result: 42.0
17:51:06,541  INFO main:434 - result: 42.0
17:51:06,541  INFO main:436 - *****************Generaciones********************
17:51:06,541  INFO main:438 - Generacion: 0
17:51:06,541  INFO main:438 - Generacion: 0
17:51:06,542  INFO main:438 - Generacion: 0
17:51:06,542  INFO main:438 - Generacion: 0
17:51:06,542  INFO main:438 - Generacion: 0
17:51:06,543  INFO main:438 - Generacion: 0
17:51:06,543  INFO main:438 - Generacion: 0
17:51:06,543  INFO main:438 - Generacion: 0
17:51:06,543  INFO main:438 - Generacion: 0
17:51:06,544  INFO main:438 - Generacion: 0
17:51:06,544  INFO main:438 - Generacion: 0
17:51:06,544  INFO main:438 - Generacion: 0
17:51:06,544  INFO main:438 - Generacion: 0
17:51:06,545  INFO main:438 - Generacion: 0
17:51:06,545  INFO main:438 - Generacion: 0
17:51:06,545  INFO main:438 - Generacion: 0
17:51:06,546  INFO main:438 - Generacion: 0
17:51:06,546  INFO main:438 - Generacion: 0
17:51:06,546  INFO main:438 - Generacion: 0
17:51:06,546  INFO main:438 - Generacion: 0
17:51:06,547  INFO main:438 - Generacion: 0
17:51:06,547  INFO main:438 - Generacion: 0
17:51:06,547  INFO main:438 - Generacion: 0
17:51:06,547  INFO main:438 - Generacion: 0
17:51:06,548  INFO main:438 - Generacion: 0
17:51:06,548  INFO main:438 - Generacion: 0
17:51:06,548  INFO main:438 - Generacion: 0
17:51:06,548  INFO main:438 - Generacion: 0
17:51:06,548  INFO main:438 - Generacion: 0
17:51:06,549  INFO main:438 - Generacion: 0
