21:42:58,239  INFO main:168 - Logueando
21:44:11,436  INFO main:300 - Tiempo PreCalculo: 73196
21:44:11,436  INFO main:387 - ****************AG PERMUTACION****************
21:44:12,790  INFO main:401 - ****************Corrida 0 ************************
21:44:12,790  INFO main:402 - Fitness solucion: 53.0
21:44:12,791  INFO main:403 - Indice: 58
21:44:12,791  INFO main:404 - Generacion: 0
21:44:12,791  INFO main:405 - Rechazados: 36
21:44:12,791  INFO main:417 - Individuo Solucion: {4,146,3,177,231,60,198,56,77,141,237,207,31,13,82,120,240,15,9,48,218,23,62,44,25,32,51,92,19,54,40,165,166,16,65,38,58,143,35,27,197,39,43,75,12,74,121,66,90,144,63,101,29,131,116,243,104,87,73,174,33,84,22,24,127,83,232,8,117,191,214,160,95,49,36,188,118,41,224,145,123,42,171,137,180,79,10,130,94,241,134,91,173,110,64,59,47,136,6,169,68,238,147,162,102,122,7,140,245,85,109,211,229,230,96,45,168,50,216,247,99,225,195,69,88,113,132,217,157,61,179,199,189,107,234,100,71,148,206,156,5,89,139,158,20,164,204,142,152,235,161,178,108,78,17,18,1,97,76,86,30,210,149,115,192,57,135,28,209,194,223,193,227,106,176,190,55,103,226,133,14,119,196,81,155,172,203,183,208,201,212,154,93,186,182,153,138,70,181,170,0,219,244,46,26,184,205,114,37,2,175,163,159,249,151,215,220,128,200,80,125,126,98,129,246,242,124,111,72,167,187,239,112,248,52,11,221,233,21,67,105,202,185,53,222,150,34,213,228,236}

21:44:12,792  INFO main:418 - *****************************************************
21:44:13,414  INFO main:401 - ****************Corrida 1 ************************
21:44:13,415  INFO main:402 - Fitness solucion: 54.0
21:44:13,415  INFO main:403 - Indice: 59
21:44:13,415  INFO main:404 - Generacion: 0
21:44:13,415  INFO main:405 - Rechazados: 35
21:44:13,415  INFO main:417 - Individuo Solucion: {71,246,25,55,6,22,167,153,188,85,148,161,177,36,54,170,152,139,216,31,38,112,44,35,12,57,213,205,29,50,242,222,19,10,146,13,69,119,66,192,243,115,14,62,87,1,95,74,96,180,182,151,23,61,156,116,241,75,219,28,244,89,239,84,107,248,42,130,228,101,43,17,16,70,83,3,65,8,99,141,90,81,189,164,0,208,80,125,113,49,5,60,127,231,195,48,76,210,229,118,92,51,9,117,159,140,147,40,37,26,32,165,108,18,191,212,138,63,179,111,79,114,126,240,193,94,198,24,154,15,137,202,73,234,143,47,21,128,238,105,225,46,82,59,224,100,68,150,4,98,121,166,169,247,149,109,97,162,7,176,129,67,93,132,91,103,133,158,30,196,163,39,187,181,41,209,201,86,120,64,204,102,197,214,203,175,236,171,52,58,206,134,207,194,185,27,33,110,145,157,34,168,245,72,230,218,178,233,142,237,174,226,77,2,124,215,227,186,183,106,136,53,249,88,20,11,131,45,155,221,173,223,199,122,104,200,232,135,144,235,160,184,78,56,123,217,220,211,172,190}

21:44:13,415  INFO main:418 - *****************************************************
21:44:14,033  INFO main:401 - ****************Corrida 2 ************************
21:44:14,033  INFO main:402 - Fitness solucion: 54.0
21:44:14,033  INFO main:403 - Indice: 59
21:44:14,033  INFO main:404 - Generacion: 2
21:44:14,033  INFO main:405 - Rechazados: 41
21:44:14,034  INFO main:417 - Individuo Solucion: {2,179,13,9,197,248,20,230,36,48,34,74,183,228,26,180,111,60,148,87,67,227,73,207,215,63,18,11,41,79,38,16,78,124,19,109,160,22,201,165,24,166,190,223,233,6,101,232,206,10,90,81,56,30,247,80,185,4,76,62,69,240,195,113,31,54,28,162,21,137,135,130,122,66,237,52,84,65,155,193,177,119,99,8,169,40,103,204,139,100,126,189,123,53,184,58,88,37,61,120,158,114,141,224,218,110,192,174,142,50,1,117,199,241,14,243,83,112,131,17,95,57,167,146,15,196,175,229,77,42,47,33,246,216,29,59,86,75,239,71,134,236,70,27,144,156,108,0,157,44,234,194,121,245,96,172,105,25,3,171,68,235,222,249,151,225,85,147,89,23,102,82,107,143,209,136,115,39,205,128,159,168,163,200,49,140,127,35,51,150,173,217,94,91,64,191,138,154,45,211,72,129,106,133,32,7,213,104,118,188,93,219,92,212,210,149,244,43,226,132,182,231,5,161,116,242,198,97,12,214,152,181,170,202,125,238,187,220,153,98,208,221,203,164,145,178,46,186,176,55}

21:44:14,034  INFO main:418 - *****************************************************
21:44:14,649  INFO main:401 - ****************Corrida 3 ************************
21:44:14,650  INFO main:402 - Fitness solucion: 52.0
21:44:14,650  INFO main:403 - Indice: 58
21:44:14,650  INFO main:404 - Generacion: 1
21:44:14,650  INFO main:405 - Rechazados: 36
21:44:14,650  INFO main:417 - Individuo Solucion: {141,8,26,10,92,225,7,173,17,40,181,33,206,35,209,193,143,161,227,70,43,202,99,154,98,242,146,27,221,68,213,9,13,19,127,74,41,59,169,236,238,72,229,14,20,67,48,155,64,12,226,162,76,220,189,129,66,2,53,97,36,38,201,16,62,94,45,50,104,60,224,207,23,182,234,110,84,187,88,81,198,228,122,219,103,179,4,163,54,216,223,79,61,158,111,86,90,87,91,178,65,114,113,131,95,152,233,120,117,135,125,232,93,241,102,11,137,75,214,235,108,58,248,136,144,69,177,109,24,31,1,101,196,77,0,145,89,21,151,130,170,249,218,147,44,156,230,49,153,73,244,118,6,100,245,15,171,51,210,82,183,56,28,203,208,96,78,191,124,217,22,116,164,47,121,172,37,55,134,188,180,52,231,85,71,237,126,133,5,42,39,138,18,29,205,32,175,157,212,167,199,243,165,128,176,139,150,80,185,34,184,211,107,190,186,246,83,197,195,159,112,3,160,148,119,63,25,204,215,30,192,222,166,149,200,57,174,240,123,106,194,115,105,132,142,46,247,168,239,140}

21:44:14,651  INFO main:418 - *****************************************************
21:44:15,269  INFO main:401 - ****************Corrida 4 ************************
21:44:15,270  INFO main:402 - Fitness solucion: 52.0
21:44:15,270  INFO main:403 - Indice: 58
21:44:15,270  INFO main:404 - Generacion: 0
21:44:15,270  INFO main:405 - Rechazados: 37
21:44:15,270  INFO main:417 - Individuo Solucion: {70,45,59,0,1,173,7,15,170,36,177,17,38,8,28,179,192,72,163,19,3,82,174,230,77,65,23,24,128,180,216,21,47,35,232,4,39,31,76,123,60,135,210,194,73,22,86,204,220,49,104,207,63,234,9,51,71,236,198,43,142,153,120,103,125,18,97,37,199,152,87,140,225,148,161,132,159,53,134,10,197,84,93,34,83,146,124,248,61,126,6,138,133,42,233,122,202,229,62,27,231,99,78,81,186,56,108,16,162,68,111,237,12,98,131,105,69,215,75,147,95,110,101,109,150,127,158,219,245,175,74,178,90,227,243,40,247,117,240,48,112,200,160,54,100,184,154,41,79,119,208,33,116,64,94,144,5,129,185,80,218,241,118,189,55,183,244,141,113,67,11,20,157,46,52,102,106,187,165,182,115,156,213,58,239,217,57,172,151,209,164,121,246,139,25,13,92,238,44,136,228,91,181,188,32,211,30,155,143,89,206,223,137,96,145,249,169,171,242,66,195,212,203,190,85,50,166,29,14,26,176,168,88,214,167,114,107,235,193,224,222,196,2,221,205,201,191,130,149,226}

21:44:15,270  INFO main:418 - *****************************************************
21:44:15,897  INFO main:401 - ****************Corrida 5 ************************
21:44:15,898  INFO main:402 - Fitness solucion: 53.0
21:44:15,898  INFO main:403 - Indice: 57
21:44:15,898  INFO main:404 - Generacion: 7
21:44:15,898  INFO main:405 - Rechazados: 38
21:44:15,898  INFO main:417 - Individuo Solucion: {38,93,194,248,147,164,9,198,50,40,144,209,244,218,25,24,63,154,176,6,140,224,226,228,1,69,60,205,100,85,62,20,75,12,61,169,146,230,57,7,201,70,59,11,13,89,41,55,130,43,106,142,37,174,48,107,175,46,5,131,123,65,77,31,193,87,52,148,17,192,229,182,10,247,208,30,153,215,235,97,240,28,232,80,109,180,39,35,119,183,178,82,103,92,49,168,8,29,186,158,141,151,227,173,216,126,121,203,76,195,33,196,68,222,105,150,94,245,42,170,19,200,58,162,16,134,104,54,34,72,36,234,187,86,102,213,136,191,204,116,51,79,27,26,64,88,167,149,124,156,202,32,179,184,231,99,111,78,47,219,237,249,83,84,163,185,145,132,212,4,81,197,137,71,129,122,171,110,66,108,214,246,67,217,188,181,236,220,133,172,242,117,96,165,115,238,112,128,199,243,241,118,159,189,56,177,135,0,223,221,91,22,138,225,45,152,160,161,53,155,44,23,233,74,127,98,101,114,73,210,120,15,207,125,14,143,157,90,139,21,239,95,2,190,18,206,211,113,3,166}

21:44:15,899  INFO main:418 - *****************************************************
21:44:16,522  INFO main:401 - ****************Corrida 6 ************************
21:44:16,522  INFO main:402 - Fitness solucion: 53.0
21:44:16,522  INFO main:403 - Indice: 59
21:44:16,522  INFO main:404 - Generacion: 5
21:44:16,524  INFO main:405 - Rechazados: 26
21:44:16,525  INFO main:417 - Individuo Solucion: {13,81,34,30,117,38,82,140,109,27,98,67,66,101,120,143,90,130,12,138,111,160,131,169,78,106,46,248,5,80,3,91,178,79,108,124,118,154,42,24,19,228,25,126,244,161,57,116,18,113,150,59,99,83,55,245,214,249,70,114,15,1,129,88,146,40,199,152,32,93,176,76,41,102,87,86,241,48,247,166,122,200,134,94,238,64,0,184,151,95,22,193,107,49,74,85,233,142,37,36,147,237,72,16,104,223,230,84,105,203,89,206,175,155,8,195,31,21,92,127,197,51,218,164,205,225,240,194,158,185,217,212,4,47,198,224,75,162,167,148,39,222,207,171,173,186,227,236,189,135,216,10,221,145,29,181,110,35,50,137,246,139,77,182,97,204,165,177,2,229,235,58,141,188,125,187,121,153,123,65,60,14,170,231,45,243,136,26,63,128,190,69,196,6,242,62,149,44,61,183,33,52,220,9,133,115,209,239,211,54,191,11,213,180,112,179,172,192,226,100,103,7,215,56,71,234,119,163,174,144,232,53,73,159,132,43,68,96,156,23,28,168,157,201,208,17,20,219,210,202}

21:44:16,525  INFO main:418 - *****************************************************
21:44:17,152  INFO main:401 - ****************Corrida 7 ************************
21:44:17,153  INFO main:402 - Fitness solucion: 54.0
21:44:17,153  INFO main:403 - Indice: 59
21:44:17,153  INFO main:404 - Generacion: 0
21:44:17,153  INFO main:405 - Rechazados: 34
21:44:17,153  INFO main:417 - Individuo Solucion: {6,87,168,18,24,38,40,148,193,9,1,244,30,188,3,52,214,124,32,182,78,21,20,13,125,8,153,225,241,226,69,14,11,12,146,42,221,49,59,77,189,56,76,68,50,2,179,213,26,132,82,245,63,80,58,219,92,84,106,0,183,48,64,47,236,158,29,203,97,110,89,237,98,33,118,202,198,115,107,175,22,170,157,243,178,10,160,174,53,191,142,155,104,41,99,44,90,36,143,210,135,105,5,156,71,62,54,66,109,67,194,133,159,161,248,96,34,195,147,27,37,171,196,242,95,117,144,229,114,39,81,247,246,51,65,234,113,122,126,129,207,102,91,233,46,86,209,136,187,55,166,140,230,70,206,93,190,181,216,197,103,23,228,108,240,73,192,19,199,116,94,185,121,211,138,31,149,112,165,200,61,127,173,128,83,205,162,111,186,220,17,74,79,232,208,4,145,163,235,180,231,139,218,184,176,120,7,201,57,167,224,151,204,172,223,150,141,177,60,25,45,88,15,222,28,130,134,72,217,227,169,249,100,85,131,75,35,212,164,154,43,101,123,16,119,152,137,239,238,215}

21:44:17,153  INFO main:418 - *****************************************************
21:44:17,780  INFO main:401 - ****************Corrida 8 ************************
21:44:17,781  INFO main:402 - Fitness solucion: 54.0
21:44:17,781  INFO main:403 - Indice: 58
21:44:17,781  INFO main:404 - Generacion: 3
21:44:17,781  INFO main:405 - Rechazados: 39
21:44:17,781  INFO main:417 - Individuo Solucion: {129,13,50,179,226,229,188,14,197,69,42,206,117,243,81,181,123,11,110,164,90,240,64,49,18,157,248,219,3,58,84,195,137,63,68,53,212,242,47,98,40,78,103,56,30,31,139,130,29,136,25,125,221,77,237,36,172,169,20,145,79,184,124,121,116,162,239,215,26,70,46,87,161,2,211,89,127,94,144,207,51,4,74,183,182,246,153,52,101,159,16,122,141,201,152,95,60,83,232,155,235,34,142,146,85,149,86,148,93,6,96,8,131,44,135,75,59,171,21,114,186,166,43,24,106,245,33,249,224,76,244,105,213,220,119,66,112,170,217,143,156,176,209,151,198,158,91,194,192,102,72,57,9,15,62,108,12,241,61,165,227,196,147,236,97,39,41,118,223,154,231,187,35,180,138,218,0,71,150,238,191,10,27,82,54,230,210,133,134,168,193,126,115,200,99,222,174,199,234,5,48,208,88,205,19,37,175,45,38,140,132,111,104,160,80,67,22,216,23,233,177,120,228,73,202,55,107,185,32,100,113,173,178,167,17,247,163,204,189,1,109,128,190,203,225,7,28,92,65,214}

21:44:17,781  INFO main:418 - *****************************************************
21:44:18,404  INFO main:401 - ****************Corrida 9 ************************
21:44:18,404  INFO main:402 - Fitness solucion: 52.0
21:44:18,404  INFO main:403 - Indice: 59
21:44:18,404  INFO main:404 - Generacion: 3
21:44:18,405  INFO main:405 - Rechazados: 38
21:44:18,405  INFO main:417 - Individuo Solucion: {0,96,3,133,46,18,1,42,22,71,41,39,205,247,65,47,163,38,227,55,235,127,182,68,173,33,44,143,93,91,175,193,221,23,6,140,43,230,134,233,114,108,21,102,160,245,10,242,150,52,146,244,98,131,189,186,164,165,185,40,5,191,149,28,69,105,74,11,183,238,184,180,162,172,249,62,56,31,170,90,248,79,141,70,51,92,66,78,106,63,137,9,198,24,20,13,190,87,50,4,99,125,130,113,216,111,107,84,109,101,100,82,36,122,61,118,169,138,124,218,194,228,57,126,232,243,27,181,85,153,202,246,53,213,161,2,240,54,7,116,196,76,139,219,15,129,178,30,239,197,110,142,179,120,203,152,159,204,59,212,132,80,211,217,199,145,156,144,237,12,16,231,34,222,224,166,200,14,158,89,86,112,103,147,151,121,83,88,135,128,104,97,136,234,157,192,195,77,154,220,174,168,176,123,148,32,117,210,226,29,225,187,72,115,17,167,215,119,209,223,49,241,177,95,64,94,48,67,214,19,25,8,229,208,35,75,206,188,171,73,45,155,201,58,81,207,60,236,26,37}

21:44:18,405  INFO main:418 - *****************************************************
21:44:19,026  INFO main:401 - ****************Corrida 10 ************************
21:44:19,026  INFO main:402 - Fitness solucion: 53.0
21:44:19,026  INFO main:403 - Indice: 58
21:44:19,026  INFO main:404 - Generacion: 0
21:44:19,026  INFO main:405 - Rechazados: 42
21:44:19,026  INFO main:417 - Individuo Solucion: {242,25,210,182,245,10,20,94,8,1,15,34,219,116,206,83,150,4,26,7,113,247,17,167,46,238,18,24,124,128,11,127,178,181,76,53,2,88,160,130,58,208,191,117,29,92,23,41,222,194,246,240,224,19,16,201,55,190,56,249,79,93,82,126,57,48,67,133,226,235,89,78,71,100,27,204,145,51,122,33,49,54,90,50,63,149,96,103,66,211,9,104,169,144,139,152,121,199,236,97,138,84,68,155,140,72,13,214,81,135,213,118,148,225,142,223,141,28,47,60,146,59,129,200,12,161,156,0,170,230,174,157,234,183,158,134,244,22,87,243,151,101,64,21,30,119,35,77,14,217,5,192,43,44,112,176,203,175,239,136,106,184,221,153,102,80,132,120,52,114,163,228,125,209,36,220,193,111,241,75,91,98,248,180,177,65,61,198,185,95,187,109,197,229,74,168,212,131,115,62,195,143,105,215,186,237,123,207,85,173,99,196,45,107,227,164,42,70,31,86,40,37,108,205,231,6,166,73,110,233,188,162,147,179,3,232,202,154,39,165,172,137,171,69,32,159,189,216,218,38}

21:44:19,027  INFO main:418 - *****************************************************
21:44:19,647  INFO main:401 - ****************Corrida 11 ************************
21:44:19,648  INFO main:402 - Fitness solucion: 54.0
21:44:19,648  INFO main:403 - Indice: 59
21:44:19,648  INFO main:404 - Generacion: 0
21:44:19,648  INFO main:405 - Rechazados: 34
21:44:19,648  INFO main:417 - Individuo Solucion: {213,15,103,86,52,6,210,57,24,18,165,2,109,85,220,32,54,33,17,166,234,11,59,58,181,22,42,243,137,46,38,60,55,31,12,29,13,98,184,10,221,41,171,198,158,239,232,63,28,61,68,201,74,96,49,65,92,195,180,87,30,114,69,233,23,56,0,242,111,222,122,62,1,76,187,75,229,101,244,130,97,125,64,25,134,200,248,148,227,231,175,140,179,82,90,81,71,146,135,43,117,9,182,115,78,167,144,194,7,136,50,199,89,20,44,156,223,205,139,138,247,39,153,211,189,240,34,72,225,150,8,119,128,224,36,91,66,176,16,202,155,35,172,37,228,124,208,45,230,21,100,192,168,169,110,159,216,151,236,80,102,241,249,118,141,108,70,162,77,121,132,107,197,47,174,149,235,79,5,196,214,112,48,104,237,120,170,40,143,127,191,157,177,106,145,178,99,95,133,215,217,173,190,14,129,188,142,245,160,105,93,3,204,4,131,84,212,126,185,51,206,26,152,164,27,226,83,123,207,218,163,209,147,88,53,186,154,193,116,19,161,67,94,113,183,203,73,238,246,219}

21:44:19,648  INFO main:418 - *****************************************************
21:44:20,264  INFO main:401 - ****************Corrida 12 ************************
21:44:20,264  INFO main:402 - Fitness solucion: 54.0
21:44:20,264  INFO main:403 - Indice: 59
21:44:20,264  INFO main:404 - Generacion: 4
21:44:20,264  INFO main:405 - Rechazados: 37
21:44:20,264  INFO main:417 - Individuo Solucion: {122,218,53,108,5,132,244,176,131,62,26,63,0,51,48,179,155,23,170,125,67,40,91,211,193,11,72,227,116,200,223,71,175,243,33,3,115,39,93,98,126,105,17,231,182,224,34,228,103,107,204,149,13,191,112,183,141,90,184,234,111,59,16,30,83,188,247,221,177,196,140,84,208,57,205,104,194,241,222,130,166,99,154,25,113,70,96,86,146,38,148,81,64,4,142,201,202,233,238,206,56,232,171,87,185,134,14,37,43,76,249,162,41,61,18,15,216,219,49,189,100,239,82,42,47,9,88,187,52,50,181,173,203,192,58,128,172,210,65,212,8,119,73,22,118,248,156,24,54,245,161,10,246,143,44,35,240,220,77,129,101,120,163,167,138,60,6,69,152,89,207,158,133,79,153,145,123,121,68,198,164,127,27,178,151,46,19,109,136,102,95,66,139,74,36,92,20,174,144,147,150,117,21,165,186,199,159,110,230,195,235,190,213,29,157,160,78,229,214,7,12,180,124,31,1,135,236,45,75,242,217,137,28,2,209,32,55,106,97,225,197,80,168,169,226,114,85,237,215,94}

21:44:20,265  INFO main:418 - *****************************************************
21:44:20,873  INFO main:401 - ****************Corrida 13 ************************
21:44:20,873  INFO main:402 - Fitness solucion: 53.0
21:44:20,873  INFO main:403 - Indice: 59
21:44:20,873  INFO main:404 - Generacion: 9
21:44:20,873  INFO main:405 - Rechazados: 37
21:44:20,873  INFO main:417 - Individuo Solucion: {18,158,217,17,230,0,238,55,116,76,10,177,241,24,226,246,233,31,118,212,249,91,82,88,182,215,204,162,93,67,16,183,236,200,102,41,45,9,78,131,54,106,117,84,83,213,66,188,33,26,195,61,65,77,71,43,244,197,202,187,8,72,171,205,114,225,5,22,142,94,37,86,32,190,245,111,126,75,105,42,92,157,134,4,220,185,194,218,148,143,176,221,34,150,36,193,38,201,248,35,58,52,70,80,146,164,144,99,216,219,47,159,90,20,136,203,141,163,133,104,198,224,132,48,174,222,79,175,179,85,62,160,130,140,127,1,180,189,11,227,110,120,103,170,240,81,192,69,199,73,96,172,231,191,151,165,125,64,149,152,208,181,121,122,113,128,112,154,156,60,95,98,49,7,87,6,129,50,138,101,166,14,206,56,39,57,169,137,155,209,234,211,28,173,89,25,107,115,186,51,147,74,109,59,243,178,13,108,247,123,44,97,139,19,27,53,12,100,15,235,153,21,145,228,210,119,135,237,242,3,184,23,232,124,196,214,168,239,29,161,63,30,46,229,2,207,68,223,40,167}

21:44:20,874  INFO main:418 - *****************************************************
21:44:21,492  INFO main:401 - ****************Corrida 14 ************************
21:44:21,492  INFO main:402 - Fitness solucion: 54.0
21:44:21,492  INFO main:403 - Indice: 59
21:44:21,493  INFO main:404 - Generacion: 0
21:44:21,493  INFO main:405 - Rechazados: 39
21:44:21,493  INFO main:417 - Individuo Solucion: {190,195,179,1,20,33,12,140,202,57,225,54,7,39,44,166,31,99,173,72,146,29,232,17,205,123,21,167,86,49,47,247,34,162,215,65,40,164,66,46,105,45,155,6,244,24,79,78,153,9,37,18,59,122,107,64,96,229,199,151,115,77,14,0,126,10,43,213,5,242,89,119,113,134,144,82,147,219,98,148,30,200,111,121,118,58,135,70,138,103,68,50,246,120,182,231,16,114,56,100,239,2,172,238,93,8,233,210,201,245,129,204,237,41,108,194,248,28,159,15,55,125,13,91,216,186,234,62,198,163,133,27,158,226,169,26,221,136,160,48,241,71,228,157,60,101,249,142,185,176,191,83,35,154,174,74,230,149,207,32,51,11,177,95,143,236,75,88,81,227,22,208,150,183,152,25,209,184,240,181,92,197,145,112,243,116,67,192,220,217,52,170,188,36,132,84,139,97,130,171,4,90,165,235,193,211,63,189,175,102,206,106,3,161,69,218,212,137,222,127,178,85,156,73,196,94,42,109,76,23,104,187,203,61,168,214,38,53,124,110,224,131,87,80,128,117,180,19,141,223}

21:44:21,493  INFO main:418 - *****************************************************
21:44:22,108  INFO main:401 - ****************Corrida 15 ************************
21:44:22,108  INFO main:402 - Fitness solucion: 54.0
21:44:22,108  INFO main:403 - Indice: 58
21:44:22,108  INFO main:404 - Generacion: 1
21:44:22,109  INFO main:405 - Rechazados: 35
21:44:22,109  INFO main:417 - Individuo Solucion: {101,98,211,174,1,29,131,13,162,146,18,43,38,75,241,158,10,8,20,56,6,95,207,85,147,228,194,231,123,42,185,19,208,188,172,76,17,137,117,55,181,46,210,233,45,0,82,94,227,24,96,12,192,11,224,110,87,121,72,105,71,217,216,116,176,132,106,145,64,90,113,26,170,204,230,120,248,40,3,229,202,5,247,59,79,103,115,112,156,159,150,203,22,28,128,206,27,240,118,236,73,81,104,100,84,153,57,167,102,41,37,109,7,122,74,138,51,136,25,142,48,21,93,78,9,69,242,23,99,215,114,164,140,70,14,143,187,214,53,35,133,223,157,171,135,189,66,83,239,134,33,119,163,244,190,226,161,245,91,139,200,108,47,50,173,129,107,220,144,61,246,130,65,124,205,154,169,111,2,49,183,80,235,160,39,218,152,196,60,58,54,184,249,86,32,36,30,67,16,182,166,191,179,44,168,127,177,197,165,34,52,180,125,232,193,126,15,209,149,4,195,199,198,238,234,212,63,141,68,175,221,92,225,186,178,97,148,222,201,237,62,243,31,155,213,89,77,219,151,88}

21:44:22,109  INFO main:418 - *****************************************************
21:44:22,726  INFO main:401 - ****************Corrida 16 ************************
21:44:22,726  INFO main:402 - Fitness solucion: 53.0
21:44:22,727  INFO main:403 - Indice: 58
21:44:22,727  INFO main:404 - Generacion: 0
21:44:22,727  INFO main:405 - Rechazados: 41
21:44:22,727  INFO main:417 - Individuo Solucion: {3,41,134,122,7,18,213,33,117,101,226,6,40,10,20,66,63,38,32,210,1,31,173,72,14,42,102,220,159,130,9,115,60,149,17,65,119,239,237,47,199,136,219,162,214,105,0,80,51,236,200,77,186,82,205,96,174,19,53,69,215,48,116,61,169,27,127,175,81,108,103,195,166,79,83,28,189,153,106,49,2,35,111,181,58,91,76,100,121,109,147,143,118,177,187,129,182,246,179,208,163,184,152,55,198,89,157,154,137,144,120,75,165,23,140,160,248,241,240,139,223,74,67,36,222,112,90,203,238,94,145,172,84,234,30,146,24,216,244,86,211,167,227,155,34,228,194,249,22,204,29,107,151,229,132,62,52,164,16,178,193,4,15,150,98,26,131,161,110,11,113,170,197,176,201,196,59,133,93,68,54,188,128,104,73,50,97,57,156,43,235,232,85,135,78,114,71,56,190,5,192,88,123,92,125,142,209,46,158,230,13,171,12,212,124,37,225,44,224,87,148,242,247,217,243,191,21,70,39,8,221,95,126,141,180,138,245,168,231,202,207,64,218,183,99,25,233,185,45,206}

21:44:22,727  INFO main:418 - *****************************************************
21:44:23,339  INFO main:401 - ****************Corrida 17 ************************
21:44:23,339  INFO main:402 - Fitness solucion: 54.0
21:44:23,339  INFO main:403 - Indice: 59
21:44:23,339  INFO main:404 - Generacion: 7
21:44:23,339  INFO main:405 - Rechazados: 30
21:44:23,340  INFO main:417 - Individuo Solucion: {157,207,49,51,83,211,112,197,20,123,213,4,182,189,84,19,228,5,144,247,15,242,188,105,92,187,77,69,239,74,129,1,62,90,227,241,40,91,198,176,44,137,244,180,130,109,141,145,225,56,67,55,98,7,161,124,233,85,34,192,217,16,169,164,72,59,9,209,29,30,173,36,229,193,76,117,93,235,181,120,223,119,138,170,25,125,50,175,224,42,222,27,3,243,97,33,132,163,75,128,57,80,66,116,204,216,114,152,131,24,96,107,200,127,70,156,196,230,63,149,94,165,245,220,178,186,104,81,185,249,160,111,61,78,142,226,46,86,43,238,162,122,203,201,18,35,106,191,168,100,8,79,205,135,103,82,13,133,121,71,89,31,0,179,41,10,147,143,110,194,166,146,195,73,210,248,237,60,54,232,202,159,38,206,199,64,212,171,28,26,39,99,118,65,177,102,234,136,115,101,140,53,221,218,21,52,139,219,151,48,6,23,87,150,215,88,167,158,32,183,108,174,47,2,208,37,113,22,172,148,134,11,58,231,246,14,95,45,153,17,190,126,155,184,12,154,236,214,68,240}

21:44:23,340  INFO main:418 - *****************************************************
21:44:23,955  INFO main:401 - ****************Corrida 18 ************************
21:44:23,955  INFO main:402 - Fitness solucion: 54.0
21:44:23,955  INFO main:403 - Indice: 59
21:44:23,955  INFO main:404 - Generacion: 0
21:44:23,955  INFO main:405 - Rechazados: 29
21:44:23,956  INFO main:417 - Individuo Solucion: {115,43,147,37,228,61,8,78,6,196,4,25,28,40,67,14,39,24,31,111,81,17,148,158,66,226,236,19,85,32,46,118,119,71,169,35,124,74,216,233,205,15,36,73,151,187,178,27,110,184,16,79,159,49,185,80,9,30,209,194,136,175,212,189,48,91,113,92,232,179,38,12,248,77,222,103,208,44,120,13,173,245,225,87,59,197,163,152,63,114,10,97,101,230,144,70,203,83,239,105,192,96,69,150,55,125,223,99,235,65,154,220,5,182,162,90,116,132,54,60,143,130,218,33,76,86,41,206,42,106,20,98,198,201,104,168,166,22,199,231,1,157,215,165,0,93,57,58,145,108,122,207,180,149,171,126,64,102,193,164,84,2,224,109,249,34,153,82,68,139,135,23,217,141,234,121,107,227,129,214,100,3,195,56,21,47,211,50,167,177,186,181,137,247,190,95,53,18,94,191,246,142,161,117,221,112,127,188,244,51,174,213,88,29,134,242,160,128,243,170,183,123,89,75,72,172,52,219,237,11,200,138,146,140,131,155,45,229,210,7,62,241,133,202,156,176,204,238,240,26}

21:44:23,956  INFO main:418 - *****************************************************
21:44:24,569  INFO main:401 - ****************Corrida 19 ************************
21:44:24,569  INFO main:402 - Fitness solucion: 53.0
21:44:24,569  INFO main:403 - Indice: 59
21:44:24,569  INFO main:404 - Generacion: 6
21:44:24,569  INFO main:405 - Rechazados: 33
21:44:24,570  INFO main:417 - Individuo Solucion: {35,172,232,239,192,202,50,176,145,182,83,236,37,11,224,128,184,118,75,52,12,206,24,114,92,144,33,78,13,21,65,214,105,4,194,0,5,28,57,196,249,225,19,111,237,243,140,215,98,242,217,125,207,245,107,102,113,205,96,188,16,40,244,101,69,173,121,152,3,246,190,47,68,185,43,134,220,54,76,247,164,39,41,210,77,131,116,51,218,53,99,18,49,167,138,20,97,89,240,180,155,227,15,179,181,27,100,6,130,29,200,85,59,241,166,45,178,72,143,203,48,142,204,117,60,46,79,141,132,149,93,63,124,26,112,88,211,154,201,108,127,120,110,122,67,58,238,147,187,146,106,169,9,168,189,226,160,235,14,161,64,62,74,31,177,233,137,191,133,162,156,199,153,25,197,126,163,157,10,71,159,87,38,209,150,151,216,82,174,103,86,171,104,32,170,139,30,231,109,94,70,56,84,34,91,95,36,193,195,61,148,119,213,234,208,183,22,248,55,186,123,73,66,230,42,8,136,81,17,1,2,165,135,219,228,90,175,158,212,7,229,44,115,23,222,221,198,80,129,223}

21:44:24,570  INFO main:418 - *****************************************************
21:44:25,178  INFO main:401 - ****************Corrida 20 ************************
21:44:25,179  INFO main:402 - Fitness solucion: 52.0
21:44:25,179  INFO main:403 - Indice: 59
21:44:25,179  INFO main:404 - Generacion: 2
21:44:25,179  INFO main:405 - Rechazados: 34
21:44:25,179  INFO main:417 - Individuo Solucion: {62,194,10,186,13,215,1,138,226,68,6,197,73,159,110,147,151,11,224,156,4,15,26,24,38,106,16,45,36,34,183,72,33,55,133,86,221,80,98,18,58,90,248,185,29,12,225,228,19,229,49,67,241,216,192,88,105,69,230,99,85,44,249,63,121,41,141,234,205,206,7,198,108,238,119,53,161,0,244,172,170,118,96,189,27,21,117,166,181,61,136,9,200,187,160,165,120,114,56,71,218,124,65,223,139,227,245,20,23,104,22,97,91,83,213,122,60,125,222,214,174,132,137,87,201,70,210,76,131,31,134,82,46,207,239,149,143,100,75,79,128,135,35,92,176,243,52,204,130,81,113,152,14,102,167,163,94,171,199,195,51,112,212,64,164,157,158,107,57,48,43,145,129,169,66,74,78,59,246,178,142,127,240,123,175,84,217,148,3,95,162,153,193,196,144,211,180,140,155,39,146,184,173,182,191,47,2,54,150,247,126,5,89,8,202,42,115,37,28,188,236,103,116,25,17,109,209,219,190,50,235,77,232,101,30,237,179,177,154,32,242,233,168,208,111,93,231,203,40,220}

21:44:25,179  INFO main:418 - *****************************************************
21:44:25,790  INFO main:401 - ****************Corrida 21 ************************
21:44:25,791  INFO main:402 - Fitness solucion: 54.0
21:44:25,791  INFO main:403 - Indice: 59
21:44:25,791  INFO main:404 - Generacion: 0
21:44:25,791  INFO main:405 - Rechazados: 42
21:44:25,791  INFO main:417 - Individuo Solucion: {20,32,37,245,41,177,214,21,0,225,186,42,43,33,65,215,204,25,197,211,47,99,231,62,126,4,121,10,195,213,57,77,9,51,127,234,124,222,194,70,216,148,107,69,1,163,136,71,52,35,201,96,141,220,61,142,113,28,89,26,68,237,203,7,94,38,34,108,116,2,27,206,60,83,247,18,72,103,76,248,162,64,24,176,129,189,30,118,54,132,93,244,46,17,73,13,22,179,92,115,134,6,19,147,91,79,58,217,172,209,166,157,240,39,226,95,205,74,181,63,98,236,135,111,170,23,105,221,80,90,223,174,110,85,149,165,207,154,44,55,161,219,53,235,228,133,66,187,131,56,48,14,82,143,120,87,202,8,109,119,101,75,156,50,169,242,122,11,243,16,153,81,130,104,5,45,67,3,114,182,97,137,198,117,210,36,112,155,31,144,139,88,100,173,200,84,196,29,168,59,123,227,171,238,184,140,229,102,175,241,49,192,230,180,125,152,249,183,164,246,150,224,233,12,40,151,86,190,159,78,218,160,212,191,15,106,239,188,199,146,167,128,158,178,193,138,145,185,208,232}

21:44:25,791  INFO main:418 - *****************************************************
21:44:26,400  INFO main:401 - ****************Corrida 22 ************************
21:44:26,400  INFO main:402 - Fitness solucion: 54.0
21:44:26,400  INFO main:403 - Indice: 58
21:44:26,400  INFO main:404 - Generacion: 3
21:44:26,400  INFO main:405 - Rechazados: 37
21:44:26,401  INFO main:417 - Individuo Solucion: {25,160,66,199,48,45,221,35,5,108,97,168,73,244,15,28,1,61,21,78,148,205,89,174,237,142,209,153,30,151,33,104,103,210,41,214,213,202,0,67,7,109,242,196,19,133,113,56,22,16,26,185,94,240,206,225,107,228,170,166,182,246,191,3,74,154,8,224,226,60,75,177,146,79,9,32,215,211,119,235,68,243,230,121,80,46,159,98,140,149,44,88,38,115,102,116,65,82,152,90,216,120,138,96,117,204,223,43,40,101,128,222,239,164,167,12,84,161,4,131,69,144,77,11,157,127,126,34,176,141,53,178,143,55,57,212,6,47,249,58,10,192,87,137,158,195,163,248,136,122,81,64,112,169,71,52,14,70,17,49,208,233,207,197,155,20,180,179,50,85,236,162,83,18,123,219,62,203,184,125,76,37,134,241,198,118,63,42,51,114,200,92,229,27,106,165,2,201,234,24,171,130,183,156,100,29,172,145,39,173,129,190,135,245,231,105,187,193,86,59,220,31,23,227,218,238,194,217,150,110,72,186,54,232,91,132,247,13,189,36,139,95,99,147,188,111,124,175,93,181}

21:44:26,401  INFO main:418 - *****************************************************
21:44:27,013  INFO main:401 - ****************Corrida 23 ************************
21:44:27,013  INFO main:402 - Fitness solucion: 53.0
21:44:27,013  INFO main:403 - Indice: 59
21:44:27,014  INFO main:404 - Generacion: 7
21:44:27,014  INFO main:405 - Rechazados: 27
21:44:27,014  INFO main:417 - Individuo Solucion: {39,161,33,76,98,49,212,100,192,29,43,72,117,86,198,133,54,27,238,82,9,90,210,217,48,182,70,114,93,170,37,78,226,149,64,249,132,87,30,19,173,194,178,207,50,232,96,243,199,140,99,233,108,237,128,203,208,131,159,31,163,8,231,53,118,11,196,158,193,44,227,187,42,224,51,148,13,22,235,69,66,150,81,195,205,46,223,242,116,1,169,47,25,236,244,89,206,200,211,3,20,23,109,130,171,26,228,138,35,15,124,60,105,168,245,230,36,209,154,162,152,97,172,166,165,220,180,240,79,17,213,28,84,0,248,101,115,32,246,112,179,188,189,136,61,71,83,34,157,204,113,147,7,12,123,186,134,102,126,184,56,65,122,215,40,142,103,95,16,24,41,127,160,104,74,73,77,155,91,67,153,55,21,119,2,6,75,156,107,5,59,218,125,4,92,68,88,185,183,137,145,63,14,201,62,18,197,94,52,229,58,241,146,129,120,38,191,239,167,110,190,80,45,111,135,216,225,219,176,121,143,139,202,144,181,177,247,85,10,234,141,57,221,164,151,174,222,106,175,214}

21:44:27,014  INFO main:418 - *****************************************************
21:44:27,628  INFO main:401 - ****************Corrida 24 ************************
21:44:27,629  INFO main:402 - Fitness solucion: 54.0
21:44:27,629  INFO main:403 - Indice: 59
21:44:27,629  INFO main:404 - Generacion: 0
21:44:27,629  INFO main:405 - Rechazados: 34
21:44:27,629  INFO main:417 - Individuo Solucion: {242,6,3,79,117,40,11,195,20,44,193,51,26,10,39,145,62,57,101,190,54,185,199,107,34,177,33,197,232,123,220,63,153,8,173,70,146,67,14,180,30,163,200,18,1,189,55,46,61,68,53,147,90,50,143,172,36,194,191,31,216,15,38,76,42,213,7,204,144,112,111,93,92,27,240,48,219,66,247,233,136,73,45,77,225,71,209,23,74,25,72,28,130,221,244,19,37,4,188,87,89,160,100,235,159,9,83,43,35,12,65,137,226,122,239,58,132,106,138,206,85,218,115,95,126,105,16,99,49,22,84,17,128,155,134,131,5,205,165,13,192,116,114,237,157,108,139,203,158,140,170,152,78,248,21,52,224,187,162,223,64,118,59,196,120,129,167,24,212,236,175,228,148,207,94,91,249,227,47,110,0,88,186,113,246,121,243,104,182,210,184,82,161,181,97,41,86,80,29,208,171,202,96,201,56,103,179,176,75,156,109,183,102,164,151,141,234,215,245,69,60,169,124,241,231,98,166,125,2,81,119,214,149,133,174,150,127,178,222,229,154,217,32,142,198,230,135,211,168,238}

21:44:27,629  INFO main:418 - *****************************************************
21:44:28,242  INFO main:401 - ****************Corrida 25 ************************
21:44:28,243  INFO main:402 - Fitness solucion: 54.0
21:44:28,243  INFO main:403 - Indice: 59
21:44:28,243  INFO main:404 - Generacion: 0
21:44:28,243  INFO main:405 - Rechazados: 37
21:44:28,243  INFO main:417 - Individuo Solucion: {146,182,205,8,54,6,9,147,29,194,228,133,14,24,241,125,20,232,113,22,230,52,62,97,36,49,233,76,69,162,187,26,137,63,3,41,70,104,160,165,46,28,161,39,92,186,200,83,48,196,150,234,178,82,61,149,156,86,13,166,65,105,112,10,85,84,44,89,93,18,211,35,74,50,135,229,183,34,95,164,127,111,99,197,172,248,215,88,51,192,119,237,142,144,193,195,31,68,247,244,108,1,220,171,188,204,116,126,77,243,23,75,96,100,227,217,110,153,124,210,118,25,128,129,7,102,235,223,0,141,38,57,73,123,158,155,245,131,42,184,225,154,157,238,239,53,117,134,106,143,207,47,145,151,71,67,189,174,17,122,176,201,64,12,72,2,78,167,221,181,114,37,148,101,33,173,140,202,121,163,139,136,87,94,90,11,190,209,66,30,168,226,130,109,180,15,45,32,212,218,58,170,19,21,40,208,216,224,59,81,56,214,27,175,79,98,206,198,236,115,120,185,199,107,240,152,222,5,231,191,55,138,60,80,242,159,103,43,179,132,219,246,249,16,177,4,203,91,169,213}

21:44:28,243  INFO main:418 - *****************************************************
21:44:28,854  INFO main:401 - ****************Corrida 26 ************************
21:44:28,854  INFO main:402 - Fitness solucion: 54.0
21:44:28,854  INFO main:403 - Indice: 59
21:44:28,854  INFO main:404 - Generacion: 1
21:44:28,854  INFO main:405 - Rechazados: 36
21:44:28,855  INFO main:417 - Individuo Solucion: {196,240,95,118,29,23,47,20,12,15,35,136,106,101,217,34,4,55,194,5,120,225,228,43,62,132,58,184,21,152,242,143,74,48,121,59,123,18,138,41,8,32,229,78,237,186,40,76,124,144,182,191,100,165,175,11,114,1,110,46,2,33,104,222,183,17,72,202,36,223,127,176,82,27,154,7,56,146,156,30,64,151,86,93,135,167,173,70,179,0,96,90,128,164,10,119,214,170,79,149,102,54,243,112,22,158,42,141,231,198,177,60,61,19,134,63,81,83,44,197,91,193,3,209,163,169,84,241,98,247,207,145,105,92,161,200,189,125,131,157,115,171,117,122,246,224,87,190,107,195,75,168,155,130,116,111,38,219,139,13,232,227,53,126,88,160,181,73,80,178,174,113,31,24,204,69,137,14,248,210,39,103,215,51,57,188,236,153,99,129,216,68,71,109,212,199,180,244,25,97,249,147,238,37,150,133,211,49,206,50,16,67,108,77,221,148,235,162,208,6,230,85,26,9,239,187,205,45,89,218,52,28,203,159,172,213,66,201,94,233,140,220,245,226,166,185,192,142,234,65}

21:44:28,855  INFO main:418 - *****************************************************
21:44:29,482  INFO main:401 - ****************Corrida 27 ************************
21:44:29,482  INFO main:402 - Fitness solucion: 54.0
21:44:29,482  INFO main:403 - Indice: 58
21:44:29,482  INFO main:404 - Generacion: 1
21:44:29,483  INFO main:405 - Rechazados: 39
21:44:29,483  INFO main:417 - Individuo Solucion: {212,36,8,58,32,6,33,229,25,247,137,131,13,0,48,9,27,166,3,21,2,78,1,182,17,215,97,59,101,114,220,231,236,109,38,31,185,12,10,122,41,99,42,37,175,68,90,221,95,139,230,74,151,4,150,192,65,186,172,63,149,198,89,184,197,62,173,165,179,223,225,157,64,210,194,180,227,226,11,54,22,246,112,44,241,140,188,202,239,66,103,143,199,60,244,174,245,55,75,170,19,224,195,72,35,204,243,52,30,142,47,50,29,124,76,161,69,91,88,14,15,201,216,56,102,93,148,51,5,84,162,156,176,168,86,145,155,28,163,82,200,16,171,134,85,20,181,113,108,208,87,242,46,234,100,127,121,126,98,105,133,39,125,130,24,43,115,70,61,141,45,40,249,26,49,164,235,160,57,153,116,167,77,203,104,214,117,240,80,191,158,71,187,34,228,136,232,73,237,248,123,135,178,213,159,92,183,207,129,233,193,209,107,147,138,205,206,189,106,118,154,177,18,169,67,190,238,53,7,222,152,83,219,79,144,96,119,217,196,81,132,120,94,110,211,146,218,128,111,23}

21:44:29,483  INFO main:418 - *****************************************************
21:44:30,108  INFO main:401 - ****************Corrida 28 ************************
21:44:30,108  INFO main:402 - Fitness solucion: 54.0
21:44:30,108  INFO main:403 - Indice: 58
21:44:30,108  INFO main:404 - Generacion: 0
21:44:30,108  INFO main:405 - Rechazados: 41
21:44:30,109  INFO main:417 - Individuo Solucion: {137,128,17,236,123,4,118,204,191,231,8,152,115,218,202,247,117,13,147,0,56,24,47,205,176,87,33,227,245,79,32,136,46,36,25,44,9,180,2,226,175,10,161,163,135,12,22,69,40,186,223,155,5,86,209,246,66,99,206,95,233,42,190,29,88,159,14,23,203,73,50,107,158,114,213,78,166,68,30,37,81,57,35,67,38,122,27,121,53,221,108,34,110,241,70,171,104,179,61,177,93,20,1,58,124,18,225,126,83,72,127,105,119,240,97,91,111,173,239,43,65,75,248,52,74,31,98,71,59,196,90,182,129,230,92,149,64,194,63,139,15,101,178,51,242,100,224,80,11,153,6,162,229,220,188,238,132,49,234,120,130,102,141,232,217,228,148,16,76,170,143,116,145,154,82,103,26,244,156,77,197,7,131,168,184,19,45,62,41,167,172,216,210,150,164,157,39,48,183,199,94,195,54,181,84,212,185,3,211,109,112,215,96,192,235,146,151,165,201,249,125,89,198,193,189,214,200,144,133,138,187,21,222,106,243,142,140,160,85,28,174,207,113,219,169,237,208,60,134,55}

21:44:30,109  INFO main:418 - *****************************************************
21:44:30,736  INFO main:401 - ****************Corrida 29 ************************
21:44:30,736  INFO main:402 - Fitness solucion: 54.0
21:44:30,736  INFO main:403 - Indice: 59
21:44:30,736  INFO main:404 - Generacion: 0
21:44:30,736  INFO main:405 - Rechazados: 37
21:44:30,737  INFO main:417 - Individuo Solucion: {6,22,36,12,142,44,13,20,165,172,5,30,228,153,245,87,9,58,28,23,8,183,4,2,122,39,3,146,47,42,49,72,220,34,162,1,186,83,169,70,236,79,14,102,68,197,145,232,157,223,126,248,11,222,182,231,239,106,144,43,178,84,113,193,114,117,225,119,188,221,25,151,17,95,219,163,229,98,131,26,10,60,92,29,71,66,18,170,35,233,168,201,53,152,123,136,176,80,184,104,215,64,31,246,200,112,78,116,24,241,0,94,54,227,244,161,67,247,16,130,97,51,21,56,62,173,149,125,103,33,15,75,32,7,105,140,41,109,74,177,138,108,115,38,235,190,159,77,40,214,65,19,171,180,111,191,174,204,45,143,226,216,207,118,158,137,238,134,100,230,73,110,242,210,88,224,129,212,148,217,218,211,69,59,99,196,127,206,89,187,76,243,198,189,249,96,208,81,237,234,82,132,147,213,192,52,133,128,205,50,194,91,63,121,86,160,124,240,164,101,203,57,167,107,185,120,155,202,27,179,135,55,90,61,48,175,154,150,209,46,195,141,139,199,85,37,93,181,166,156}

21:44:30,737  INFO main:418 - *****************************************************
21:44:30,737  INFO main:420 - Tiempo AGP: 642
21:44:30,737  INFO main:422 - Promedio Final: 53
21:44:30,737  INFO main:424 - Promedio Generaciones: 0
21:44:30,737  INFO main:427 - Promedio Rechazos: 36
21:44:30,737  INFO main:430 - Promedio Defragmentacion: 1.46
21:44:30,737  INFO main:432 - *****************Resultados********************
21:44:30,737  INFO main:434 - result: 53.0
21:44:30,737  INFO main:434 - result: 54.0
21:44:30,738  INFO main:434 - result: 54.0
21:44:30,738  INFO main:434 - result: 52.0
21:44:30,738  INFO main:434 - result: 52.0
21:44:30,738  INFO main:434 - result: 53.0
21:44:30,738  INFO main:434 - result: 53.0
21:44:30,738  INFO main:434 - result: 54.0
21:44:30,738  INFO main:434 - result: 54.0
21:44:30,738  INFO main:434 - result: 52.0
21:44:30,738  INFO main:434 - result: 53.0
21:44:30,738  INFO main:434 - result: 54.0
21:44:30,738  INFO main:434 - result: 54.0
21:44:30,738  INFO main:434 - result: 53.0
21:44:30,738  INFO main:434 - result: 54.0
21:44:30,738  INFO main:434 - result: 54.0
21:44:30,739  INFO main:434 - result: 53.0
21:44:30,739  INFO main:434 - result: 54.0
21:44:30,739  INFO main:434 - result: 54.0
21:44:30,739  INFO main:434 - result: 53.0
21:44:30,739  INFO main:434 - result: 52.0
21:44:30,739  INFO main:434 - result: 54.0
21:44:30,739  INFO main:434 - result: 54.0
21:44:30,739  INFO main:434 - result: 53.0
21:44:30,739  INFO main:434 - result: 54.0
21:44:30,739  INFO main:434 - result: 54.0
21:44:30,739  INFO main:434 - result: 54.0
21:44:30,739  INFO main:434 - result: 54.0
21:44:30,739  INFO main:434 - result: 54.0
21:44:30,739  INFO main:434 - result: 54.0
21:44:30,740  INFO main:436 - *****************Generaciones********************
21:44:30,740  INFO main:438 - Generacion: 0
21:44:30,740  INFO main:438 - Generacion: 0
21:44:30,740  INFO main:438 - Generacion: 0
21:44:30,740  INFO main:438 - Generacion: 0
21:44:30,740  INFO main:438 - Generacion: 0
21:44:30,740  INFO main:438 - Generacion: 0
21:44:30,740  INFO main:438 - Generacion: 0
21:44:30,740  INFO main:438 - Generacion: 0
21:44:30,740  INFO main:438 - Generacion: 0
21:44:30,740  INFO main:438 - Generacion: 0
21:44:30,740  INFO main:438 - Generacion: 0
21:44:30,740  INFO main:438 - Generacion: 0
21:44:30,740  INFO main:438 - Generacion: 0
21:44:30,741  INFO main:438 - Generacion: 0
21:44:30,741  INFO main:438 - Generacion: 0
21:44:30,741  INFO main:438 - Generacion: 0
21:44:30,741  INFO main:438 - Generacion: 0
21:44:30,741  INFO main:438 - Generacion: 0
21:44:30,741  INFO main:438 - Generacion: 0
21:44:30,741  INFO main:438 - Generacion: 0
21:44:30,741  INFO main:438 - Generacion: 0
21:44:30,741  INFO main:438 - Generacion: 0
21:44:30,741  INFO main:438 - Generacion: 0
21:44:30,741  INFO main:438 - Generacion: 0
21:44:30,741  INFO main:438 - Generacion: 0
21:44:30,741  INFO main:438 - Generacion: 0
21:44:30,741  INFO main:438 - Generacion: 0
21:44:30,741  INFO main:438 - Generacion: 0
21:44:30,741  INFO main:438 - Generacion: 0
21:44:30,741  INFO main:438 - Generacion: 0
