21:36:04,312  INFO main:168 - Logueando
21:37:16,691  INFO main:300 - Tiempo PreCalculo: 72378
21:37:16,691  INFO main:387 - ****************AG PERMUTACION****************
21:37:17,224  INFO main:401 - ****************Corrida 0 ************************
21:37:17,225  INFO main:402 - Fitness solucion: 30.0
21:37:17,225  INFO main:403 - Indice: 33
21:37:17,225  INFO main:404 - Generacion: 4
21:37:17,225  INFO main:405 - Rechazados: 21
21:37:17,225  INFO main:417 - Individuo Solucion: {0,8,26,84,7,61,62,5,98,64,19,83,77,69,90,44,67,39,57,25,27,15,13,2,88,94,89,58,4,3,66,40,37,18,71,10,87,68,45,86,14,82,56,21,12,49,78,51,23,24,28,79,55,35,96,43,80,52,32,93,1,46,72,9,73,34,76,53,16,97,31,33,30,95,48,85,54,38,20,92,29,74,65,36,75,22,99,42,59,6,63,91,47,17,81,70,41,50,60,11}

21:37:17,225  INFO main:418 - *****************************************************
21:37:17,584  INFO main:401 - ****************Corrida 1 ************************
21:37:17,585  INFO main:402 - Fitness solucion: 30.0
21:37:17,585  INFO main:403 - Indice: 33
21:37:17,585  INFO main:404 - Generacion: 0
21:37:17,585  INFO main:405 - Rechazados: 19
21:37:17,585  INFO main:417 - Individuo Solucion: {63,2,17,1,87,30,72,95,66,10,20,0,82,86,81,24,25,28,23,15,76,98,42,97,27,13,83,58,33,48,35,80,88,45,54,31,16,75,90,92,5,56,19,52,43,65,62,94,71,57,7,32,14,60,34,79,6,29,18,73,93,39,68,84,85,9,8,36,37,3,21,38,55,49,26,77,89,51,11,47,64,67,59,69,40,91,41,99,50,96,70,78,4,22,53,44,61,74,12,46}

21:37:17,585  INFO main:418 - *****************************************************
21:37:17,762  INFO main:401 - ****************Corrida 2 ************************
21:37:17,762  INFO main:402 - Fitness solucion: 29.0
21:37:17,762  INFO main:403 - Indice: 32
21:37:17,762  INFO main:404 - Generacion: 2
21:37:17,762  INFO main:405 - Rechazados: 26
21:37:17,763  INFO main:417 - Individuo Solucion: {56,99,45,84,81,63,87,18,28,79,69,35,15,88,85,58,51,64,52,50,94,26,25,54,92,42,4,0,43,6,83,49,21,8,98,91,23,1,27,22,19,44,3,31,32,11,33,36,96,39,67,70,73,68,7,17,60,13,30,40,37,24,80,78,20,59,82,95,38,29,66,16,77,89,5,2,14,65,48,10,46,97,61,72,57,9,34,71,90,47,62,41,74,93,12,53,86,55,76,75}

21:37:17,763  INFO main:418 - *****************************************************
21:37:17,923  INFO main:401 - ****************Corrida 3 ************************
21:37:17,923  INFO main:402 - Fitness solucion: 30.0
21:37:17,923  INFO main:403 - Indice: 33
21:37:17,923  INFO main:404 - Generacion: 0
21:37:17,923  INFO main:405 - Rechazados: 23
21:37:17,924  INFO main:417 - Individuo Solucion: {57,33,39,2,49,5,75,11,38,3,34,12,0,62,7,88,25,10,26,89,99,81,37,27,44,41,23,83,15,87,95,18,29,55,63,14,77,56,65,40,52,71,20,13,93,16,48,80,32,17,61,78,53,43,9,96,70,66,45,8,51,91,54,85,69,59,86,74,46,64,72,42,21,94,97,79,36,58,24,67,1,84,19,73,35,68,6,28,92,4,60,50,82,76,98,31,30,22,47,90}

21:37:17,924  INFO main:418 - *****************************************************
21:37:18,083  INFO main:401 - ****************Corrida 4 ************************
21:37:18,084  INFO main:402 - Fitness solucion: 30.0
21:37:18,084  INFO main:403 - Indice: 33
21:37:18,084  INFO main:404 - Generacion: 0
21:37:18,084  INFO main:405 - Rechazados: 18
21:37:18,084  INFO main:417 - Individuo Solucion: {1,32,9,38,89,7,5,0,33,36,50,67,81,49,68,13,4,80,55,12,29,42,28,99,6,62,82,25,95,10,58,34,54,22,92,85,97,19,90,21,64,30,23,78,40,31,77,56,8,24,43,11,76,87,60,17,44,98,51,41,69,20,65,59,35,66,45,57,72,27,71,83,53,96,15,74,63,73,37,94,14,75,86,47,88,70,46,3,91,26,39,18,84,52,2,16,93,79,61,48}

21:37:18,084  INFO main:418 - *****************************************************
21:37:18,244  INFO main:401 - ****************Corrida 5 ************************
21:37:18,244  INFO main:402 - Fitness solucion: 30.0
21:37:18,244  INFO main:403 - Indice: 33
21:37:18,244  INFO main:404 - Generacion: 1
21:37:18,244  INFO main:405 - Rechazados: 25
21:37:18,244  INFO main:417 - Individuo Solucion: {1,8,87,54,33,0,7,5,22,17,77,24,43,99,48,75,96,68,53,45,76,2,44,40,84,13,32,55,98,38,25,46,63,23,26,35,86,16,67,73,29,6,49,74,39,72,50,95,11,10,27,64,34,85,52,19,60,9,97,36,91,51,83,62,80,78,88,28,94,21,20,42,82,12,81,18,15,58,41,61,47,37,56,3,14,90,31,70,30,59,66,71,69,89,4,57,65,79,93,92}

21:37:18,245  INFO main:418 - *****************************************************
21:37:18,406  INFO main:401 - ****************Corrida 6 ************************
21:37:18,406  INFO main:402 - Fitness solucion: 30.0
21:37:18,407  INFO main:403 - Indice: 32
21:37:18,407  INFO main:404 - Generacion: 0
21:37:18,407  INFO main:405 - Rechazados: 21
21:37:18,410  INFO main:417 - Individuo Solucion: {83,79,4,6,0,18,96,28,19,11,39,10,13,21,55,7,46,54,93,20,25,76,9,42,8,29,3,91,1,62,26,58,50,63,86,22,31,51,92,87,69,80,57,37,95,56,71,43,2,59,74,75,81,98,82,33,17,36,16,34,14,23,73,78,70,30,84,88,40,41,24,77,38,99,49,64,15,61,12,85,53,5,44,97,94,27,32,48,72,60,68,66,45,65,35,89,90,47,67,52}

21:37:18,410  INFO main:418 - *****************************************************
21:37:18,573  INFO main:401 - ****************Corrida 7 ************************
21:37:18,573  INFO main:402 - Fitness solucion: 30.0
21:37:18,573  INFO main:403 - Indice: 32
21:37:18,573  INFO main:404 - Generacion: 2
21:37:18,573  INFO main:405 - Rechazados: 22
21:37:18,573  INFO main:417 - Individuo Solucion: {55,99,5,8,77,20,89,92,12,37,81,79,70,73,26,68,96,72,67,86,91,11,19,87,54,59,98,7,25,43,13,0,52,47,6,51,30,14,74,84,44,40,3,71,9,97,15,48,36,45,33,24,49,78,28,29,93,32,21,66,42,22,80,10,18,83,16,94,23,63,85,27,1,61,56,69,82,2,95,50,88,4,57,39,34,41,46,90,60,31,38,58,62,75,35,64,65,76,53,17}

21:37:18,573  INFO main:418 - *****************************************************
21:37:18,730  INFO main:401 - ****************Corrida 8 ************************
21:37:18,731  INFO main:402 - Fitness solucion: 29.0
21:37:18,731  INFO main:403 - Indice: 32
21:37:18,731  INFO main:404 - Generacion: 4
21:37:18,731  INFO main:405 - Rechazados: 28
21:37:18,731  INFO main:417 - Individuo Solucion: {28,62,6,81,24,48,35,20,1,72,58,66,76,67,96,11,15,23,19,59,46,55,98,18,56,43,37,42,7,53,92,44,26,8,16,27,85,49,32,36,65,80,77,12,97,87,47,41,38,29,30,83,10,22,95,51,3,17,14,31,78,21,25,71,50,99,63,90,5,57,82,9,93,89,70,68,94,69,75,84,74,64,73,91,86,79,54,40,88,0,13,61,52,4,39,2,34,45,33,60}

21:37:18,731  INFO main:418 - *****************************************************
21:37:18,887  INFO main:401 - ****************Corrida 9 ************************
21:37:18,888  INFO main:402 - Fitness solucion: 30.0
21:37:18,888  INFO main:403 - Indice: 32
21:37:18,888  INFO main:404 - Generacion: 8
21:37:18,888  INFO main:405 - Rechazados: 22
21:37:18,888  INFO main:417 - Individuo Solucion: {3,12,5,17,2,6,43,1,87,55,18,44,80,27,61,68,99,66,9,76,72,78,45,94,32,84,53,71,38,89,42,23,95,69,67,33,59,37,97,64,7,13,10,11,57,79,15,31,47,56,21,62,40,39,19,77,73,48,65,24,36,96,30,4,74,82,46,52,92,81,90,63,49,58,20,35,41,50,60,29,28,16,91,54,86,34,25,22,14,83,51,8,70,75,93,0,85,98,26,88}

21:37:18,888  INFO main:418 - *****************************************************
21:37:19,048  INFO main:401 - ****************Corrida 10 ************************
21:37:19,048  INFO main:402 - Fitness solucion: 30.0
21:37:19,048  INFO main:403 - Indice: 33
21:37:19,048  INFO main:404 - Generacion: 0
21:37:19,048  INFO main:405 - Rechazados: 23
21:37:19,048  INFO main:417 - Individuo Solucion: {77,57,82,0,55,27,13,16,80,89,17,60,2,71,25,20,37,72,78,29,49,76,88,90,75,1,92,62,73,19,91,34,48,43,85,81,69,86,7,5,93,40,56,41,12,45,38,26,52,51,61,4,44,39,68,23,10,74,42,36,97,67,70,15,87,6,47,50,98,3,30,64,65,96,8,46,84,18,58,79,83,94,11,95,54,31,21,32,99,9,53,59,24,14,33,66,28,35,63,22}

21:37:19,048  INFO main:418 - *****************************************************
21:37:19,207  INFO main:401 - ****************Corrida 11 ************************
21:37:19,208  INFO main:402 - Fitness solucion: 30.0
21:37:19,208  INFO main:403 - Indice: 31
21:37:19,208  INFO main:404 - Generacion: 5
21:37:19,208  INFO main:405 - Rechazados: 26
21:37:19,208  INFO main:417 - Individuo Solucion: {96,12,69,63,16,84,97,20,75,80,90,22,39,9,81,44,18,6,85,1,91,57,25,74,98,72,49,28,32,82,46,70,54,79,7,10,38,66,42,45,27,36,3,23,60,11,2,71,43,68,41,47,15,61,92,24,50,64,29,62,56,55,76,48,67,83,37,33,26,89,52,58,95,0,21,59,17,31,5,93,99,88,19,77,40,8,34,14,4,30,78,86,94,53,87,51,35,65,73,13}

21:37:19,208  INFO main:418 - *****************************************************
21:37:19,368  INFO main:401 - ****************Corrida 12 ************************
21:37:19,369  INFO main:402 - Fitness solucion: 30.0
21:37:19,369  INFO main:403 - Indice: 33
21:37:19,369  INFO main:404 - Generacion: 1
21:37:19,369  INFO main:405 - Rechazados: 30
21:37:19,369  INFO main:417 - Individuo Solucion: {4,78,8,69,2,5,90,20,24,25,19,83,0,62,31,95,96,11,39,26,99,7,52,72,18,81,46,48,6,22,40,13,55,53,35,54,29,71,27,56,32,9,17,85,59,67,80,93,38,16,30,37,77,42,61,92,15,86,12,57,51,74,14,60,64,75,45,73,23,50,65,84,66,1,89,10,41,58,97,49,44,33,87,94,68,88,76,36,98,34,91,79,82,43,28,70,21,47,3,63}

21:37:19,369  INFO main:418 - *****************************************************
21:37:19,530  INFO main:401 - ****************Corrida 13 ************************
21:37:19,531  INFO main:402 - Fitness solucion: 30.0
21:37:19,531  INFO main:403 - Indice: 33
21:37:19,531  INFO main:404 - Generacion: 2
21:37:19,531  INFO main:405 - Rechazados: 21
21:37:19,531  INFO main:417 - Individuo Solucion: {13,52,3,29,1,10,4,82,30,50,12,60,44,78,49,59,21,99,24,26,42,40,54,33,77,92,91,23,96,98,79,86,81,53,18,97,74,17,22,36,28,39,20,25,48,46,84,8,9,2,35,37,14,11,34,87,63,94,15,27,6,80,7,69,62,71,41,68,88,56,31,70,43,61,83,51,32,47,67,55,75,73,58,93,76,16,64,90,72,95,89,45,5,85,38,66,0,65,57,19}

21:37:19,531  INFO main:418 - *****************************************************
21:37:19,691  INFO main:401 - ****************Corrida 14 ************************
21:37:19,691  INFO main:402 - Fitness solucion: 30.0
21:37:19,692  INFO main:403 - Indice: 32
21:37:19,692  INFO main:404 - Generacion: 1
21:37:19,692  INFO main:405 - Rechazados: 24
21:37:19,692  INFO main:417 - Individuo Solucion: {19,2,3,22,82,99,7,89,80,61,65,1,34,66,8,91,76,95,46,33,67,40,17,93,24,6,60,92,5,62,28,97,37,57,35,12,63,15,73,49,58,20,42,52,32,53,43,41,45,31,85,84,81,38,47,56,30,51,36,18,78,25,54,77,68,29,10,75,70,4,11,23,88,96,98,71,26,69,55,59,86,13,16,9,72,27,0,79,48,64,83,44,94,39,87,74,14,21,50,90}

21:37:19,692  INFO main:418 - *****************************************************
21:37:19,852  INFO main:401 - ****************Corrida 15 ************************
21:37:19,852  INFO main:402 - Fitness solucion: 30.0
21:37:19,852  INFO main:403 - Indice: 33
21:37:19,852  INFO main:404 - Generacion: 2
21:37:19,852  INFO main:405 - Rechazados: 14
21:37:19,852  INFO main:417 - Individuo Solucion: {83,1,86,91,21,60,12,29,63,38,40,93,35,72,8,54,23,84,22,30,88,66,25,92,27,10,2,24,28,55,78,36,0,53,95,64,57,47,81,33,96,45,5,85,42,14,46,52,4,90,48,43,16,89,34,20,50,39,18,62,69,61,19,56,41,98,65,11,17,80,70,71,37,51,75,3,49,15,82,79,31,87,74,32,94,26,76,97,59,58,77,73,67,68,7,99,6,44,9,13}

21:37:19,853  INFO main:418 - *****************************************************
21:37:20,013  INFO main:401 - ****************Corrida 16 ************************
21:37:20,013  INFO main:402 - Fitness solucion: 30.0
21:37:20,013  INFO main:403 - Indice: 32
21:37:20,013  INFO main:404 - Generacion: 0
21:37:20,013  INFO main:405 - Rechazados: 23
21:37:20,013  INFO main:417 - Individuo Solucion: {24,65,6,1,56,41,68,18,0,3,92,88,2,94,78,34,12,60,29,76,38,46,80,33,61,69,5,23,45,86,17,58,49,54,44,55,64,7,96,97,59,9,10,21,39,20,27,91,52,79,35,8,42,30,53,37,43,98,22,19,90,50,32,16,11,63,66,67,93,99,4,85,95,73,13,82,72,47,77,70,83,28,36,31,74,75,15,62,25,14,89,81,87,84,40,71,26,51,57,48}

21:37:20,013  INFO main:418 - *****************************************************
21:37:20,172  INFO main:401 - ****************Corrida 17 ************************
21:37:20,173  INFO main:402 - Fitness solucion: 30.0
21:37:20,173  INFO main:403 - Indice: 32
21:37:20,173  INFO main:404 - Generacion: 1
21:37:20,173  INFO main:405 - Rechazados: 23
21:37:20,173  INFO main:417 - Individuo Solucion: {6,52,2,34,0,8,79,49,91,50,4,73,29,15,78,5,35,53,14,1,98,25,99,69,47,92,44,85,24,7,40,45,11,12,20,93,43,71,28,59,10,64,54,9,68,74,32,95,17,56,63,75,76,31,42,62,37,61,72,39,48,89,77,19,3,33,55,27,60,36,80,13,38,46,23,18,16,94,66,88,87,86,90,30,96,70,26,67,58,97,84,81,82,65,22,41,21,83,51,57}

21:37:20,173  INFO main:418 - *****************************************************
21:37:20,334  INFO main:401 - ****************Corrida 18 ************************
21:37:20,335  INFO main:402 - Fitness solucion: 30.0
21:37:20,335  INFO main:403 - Indice: 32
21:37:20,335  INFO main:404 - Generacion: 1
21:37:20,335  INFO main:405 - Rechazados: 23
21:37:20,335  INFO main:417 - Individuo Solucion: {5,7,1,51,66,55,39,67,26,28,3,17,33,59,4,90,22,44,11,89,40,68,10,19,25,31,78,76,48,8,37,2,95,12,43,81,23,86,87,69,84,70,85,56,30,34,61,94,18,71,64,58,15,21,80,72,45,97,42,9,47,73,16,53,98,88,50,14,74,82,6,96,49,52,63,41,29,54,13,0,35,65,27,32,91,46,38,79,93,92,83,77,60,99,57,20,24,75,36,62}

21:37:20,335  INFO main:418 - *****************************************************
21:37:20,494  INFO main:401 - ****************Corrida 19 ************************
21:37:20,495  INFO main:402 - Fitness solucion: 30.0
21:37:20,495  INFO main:403 - Indice: 33
21:37:20,495  INFO main:404 - Generacion: 3
21:37:20,495  INFO main:405 - Rechazados: 25
21:37:20,495  INFO main:417 - Individuo Solucion: {75,57,9,51,65,90,91,14,92,68,77,32,22,4,86,62,23,87,21,19,43,49,37,82,98,26,20,80,36,47,1,30,18,0,99,39,29,10,56,50,13,40,59,61,89,63,71,6,53,2,54,7,60,16,38,81,94,33,34,64,58,70,52,17,83,48,35,11,79,69,67,45,84,5,42,31,25,8,55,96,28,72,3,73,78,66,46,24,41,44,88,27,74,15,97,76,85,93,12,95}

21:37:20,495  INFO main:418 - *****************************************************
21:37:20,655  INFO main:401 - ****************Corrida 20 ************************
21:37:20,655  INFO main:402 - Fitness solucion: 29.0
21:37:20,655  INFO main:403 - Indice: 33
21:37:20,656  INFO main:404 - Generacion: 7
21:37:20,656  INFO main:405 - Rechazados: 24
21:37:20,656  INFO main:417 - Individuo Solucion: {45,7,65,43,38,29,86,72,30,70,95,71,84,21,90,0,24,6,61,62,4,68,10,63,58,81,79,49,50,83,37,40,75,91,17,85,3,74,53,46,14,19,35,64,42,18,13,76,56,78,23,39,69,44,89,98,26,57,48,96,11,27,52,92,66,82,8,94,93,34,67,2,16,31,12,20,77,97,41,47,54,51,25,1,88,87,59,28,33,73,5,32,80,60,22,9,99,55,15,36}

21:37:20,656  INFO main:418 - *****************************************************
21:37:20,816  INFO main:401 - ****************Corrida 21 ************************
21:37:20,816  INFO main:402 - Fitness solucion: 30.0
21:37:20,816  INFO main:403 - Indice: 32
21:37:20,816  INFO main:404 - Generacion: 0
21:37:20,816  INFO main:405 - Rechazados: 25
21:37:20,816  INFO main:417 - Individuo Solucion: {42,7,79,13,69,65,77,50,16,51,87,57,95,71,63,21,49,30,10,70,20,99,58,26,5,81,80,9,33,62,94,59,23,90,64,83,18,98,93,11,28,8,48,37,1,29,43,39,27,35,15,53,97,74,60,36,54,84,85,47,41,76,44,88,52,31,3,34,24,45,40,72,6,22,12,2,32,75,55,4,66,14,67,68,86,61,89,25,46,73,0,38,96,56,82,91,17,92,78,19}

21:37:20,816  INFO main:418 - *****************************************************
21:37:20,976  INFO main:401 - ****************Corrida 22 ************************
21:37:20,976  INFO main:402 - Fitness solucion: 30.0
21:37:20,977  INFO main:403 - Indice: 32
21:37:20,977  INFO main:404 - Generacion: 2
21:37:20,977  INFO main:405 - Rechazados: 27
21:37:20,977  INFO main:417 - Individuo Solucion: {3,77,13,93,42,28,48,10,33,70,96,47,16,51,98,63,7,57,86,23,66,54,60,21,22,15,34,85,35,1,25,14,27,45,26,18,59,67,53,29,32,80,41,9,39,79,44,69,71,12,20,75,5,30,65,43,97,11,8,84,82,78,72,81,62,88,68,64,31,58,89,76,36,49,37,91,55,17,56,40,6,95,24,74,61,4,50,46,0,87,2,83,99,73,92,52,19,94,90,38}

21:37:20,977  INFO main:418 - *****************************************************
21:37:21,137  INFO main:401 - ****************Corrida 23 ************************
21:37:21,137  INFO main:402 - Fitness solucion: 29.0
21:37:21,137  INFO main:403 - Indice: 33
21:37:21,137  INFO main:404 - Generacion: 8
21:37:21,137  INFO main:405 - Rechazados: 23
21:37:21,138  INFO main:417 - Individuo Solucion: {45,28,51,90,29,76,64,87,39,19,20,27,72,40,23,84,31,50,96,10,86,44,6,56,94,62,35,52,43,9,70,69,18,25,53,30,59,55,33,80,34,13,88,77,42,61,47,24,95,89,46,37,7,17,12,68,83,38,93,36,8,3,54,32,1,16,66,78,22,58,75,4,82,99,98,67,14,41,21,15,5,65,48,26,57,74,0,91,92,60,63,49,81,97,85,71,79,2,11,73}

21:37:21,138  INFO main:418 - *****************************************************
21:37:21,301  INFO main:401 - ****************Corrida 24 ************************
21:37:21,301  INFO main:402 - Fitness solucion: 30.0
21:37:21,301  INFO main:403 - Indice: 33
21:37:21,301  INFO main:404 - Generacion: 1
21:37:21,301  INFO main:405 - Rechazados: 26
21:37:21,302  INFO main:417 - Individuo Solucion: {0,36,72,69,12,49,58,42,52,16,67,85,54,23,62,82,30,17,90,87,86,45,20,74,64,43,26,73,75,28,59,21,6,77,9,48,83,99,18,94,32,63,65,4,92,38,79,81,71,34,78,25,5,1,93,2,22,15,50,29,8,51,66,80,60,96,10,40,70,14,89,41,27,19,68,33,84,57,47,7,53,37,98,91,31,44,76,97,11,61,46,13,55,56,35,39,3,24,95,88}

21:37:21,302  INFO main:418 - *****************************************************
21:37:21,463  INFO main:401 - ****************Corrida 25 ************************
21:37:21,463  INFO main:402 - Fitness solucion: 30.0
21:37:21,463  INFO main:403 - Indice: 32
21:37:21,463  INFO main:404 - Generacion: 1
21:37:21,463  INFO main:405 - Rechazados: 22
21:37:21,463  INFO main:417 - Individuo Solucion: {7,63,96,33,8,46,25,5,12,10,20,13,99,57,61,28,38,42,26,4,89,24,6,94,87,92,36,43,27,15,91,62,50,85,68,32,69,9,30,39,44,58,40,66,11,34,2,59,48,65,52,19,23,14,47,54,98,51,60,95,37,56,64,70,22,21,97,71,3,76,55,84,16,81,72,17,82,0,67,18,75,29,88,45,90,1,35,74,78,53,80,73,41,49,77,79,83,31,86,93}

21:37:21,463  INFO main:418 - *****************************************************
21:37:21,623  INFO main:401 - ****************Corrida 26 ************************
21:37:21,623  INFO main:402 - Fitness solucion: 30.0
21:37:21,623  INFO main:403 - Indice: 33
21:37:21,623  INFO main:404 - Generacion: 0
21:37:21,624  INFO main:405 - Rechazados: 26
21:37:21,624  INFO main:417 - Individuo Solucion: {8,67,61,95,5,91,24,3,11,7,64,16,2,99,96,9,1,0,39,18,20,53,45,38,36,51,65,33,17,77,29,71,40,43,31,60,23,57,85,35,41,92,50,78,55,48,44,4,46,76,52,27,6,30,13,37,90,97,28,80,34,68,83,70,58,14,82,66,89,15,62,22,10,93,63,59,42,74,12,56,79,47,98,69,81,84,25,26,86,75,88,94,87,73,54,19,49,21,72,32}

21:37:21,624  INFO main:418 - *****************************************************
21:37:21,782  INFO main:401 - ****************Corrida 27 ************************
21:37:21,782  INFO main:402 - Fitness solucion: 30.0
21:37:21,782  INFO main:403 - Indice: 33
21:37:21,782  INFO main:404 - Generacion: 2
21:37:21,782  INFO main:405 - Rechazados: 19
21:37:21,782  INFO main:417 - Individuo Solucion: {54,0,20,11,10,1,83,94,90,7,35,42,98,6,26,33,23,56,17,43,91,73,97,60,51,89,21,15,37,76,93,45,29,38,18,27,70,81,85,30,19,86,65,8,32,40,57,4,87,34,2,44,92,16,74,13,12,84,96,64,24,75,61,49,69,63,36,59,22,66,50,3,46,77,58,88,39,55,25,47,48,67,78,41,14,68,9,53,72,71,99,28,52,31,5,95,62,79,82,80}

21:37:21,782  INFO main:418 - *****************************************************
21:37:21,942  INFO main:401 - ****************Corrida 28 ************************
21:37:21,943  INFO main:402 - Fitness solucion: 30.0
21:37:21,943  INFO main:403 - Indice: 33
21:37:21,943  INFO main:404 - Generacion: 0
21:37:21,943  INFO main:405 - Rechazados: 21
21:37:21,943  INFO main:417 - Individuo Solucion: {93,86,38,70,82,69,60,6,45,7,89,37,61,67,18,58,91,79,92,16,8,95,66,55,78,1,2,43,98,68,4,28,32,22,81,63,72,57,23,25,87,27,3,24,26,97,9,12,44,10,5,35,54,47,77,52,48,51,94,85,17,33,40,30,53,80,31,29,36,0,71,15,73,19,11,74,50,99,39,34,64,49,65,20,14,90,88,76,59,42,21,13,41,84,75,62,56,96,46,83}

21:37:21,943  INFO main:418 - *****************************************************
21:37:22,105  INFO main:401 - ****************Corrida 29 ************************
21:37:22,105  INFO main:402 - Fitness solucion: 30.0
21:37:22,105  INFO main:403 - Indice: 33
21:37:22,105  INFO main:404 - Generacion: 1
21:37:22,105  INFO main:405 - Rechazados: 20
21:37:22,105  INFO main:417 - Individuo Solucion: {86,13,79,15,93,19,30,20,1,6,72,73,9,29,2,48,82,37,63,3,32,69,35,97,91,55,33,76,70,4,84,43,88,96,23,7,78,17,74,53,66,68,75,18,41,57,89,34,38,95,46,83,42,31,0,90,44,94,64,49,16,51,59,77,62,11,22,21,10,25,67,39,65,52,26,87,24,14,92,12,27,60,45,47,56,28,80,8,54,50,61,36,71,98,40,58,5,85,81,99}

21:37:22,105  INFO main:418 - *****************************************************
21:37:22,105  INFO main:420 - Tiempo AGP: 179
21:37:22,105  INFO main:422 - Promedio Final: 29
21:37:22,106  INFO main:424 - Promedio Generaciones: 0
21:37:22,106  INFO main:427 - Promedio Rechazos: 23
21:37:22,106  INFO main:430 - Promedio Defragmentacion: 1.3006666666666669
21:37:22,106  INFO main:432 - *****************Resultados********************
21:37:22,106  INFO main:434 - result: 30.0
21:37:22,106  INFO main:434 - result: 30.0
21:37:22,106  INFO main:434 - result: 29.0
21:37:22,106  INFO main:434 - result: 30.0
21:37:22,106  INFO main:434 - result: 30.0
21:37:22,106  INFO main:434 - result: 30.0
21:37:22,107  INFO main:434 - result: 30.0
21:37:22,107  INFO main:434 - result: 30.0
21:37:22,107  INFO main:434 - result: 29.0
21:37:22,107  INFO main:434 - result: 30.0
21:37:22,107  INFO main:434 - result: 30.0
21:37:22,107  INFO main:434 - result: 30.0
21:37:22,107  INFO main:434 - result: 30.0
21:37:22,107  INFO main:434 - result: 30.0
21:37:22,107  INFO main:434 - result: 30.0
21:37:22,107  INFO main:434 - result: 30.0
21:37:22,107  INFO main:434 - result: 30.0
21:37:22,107  INFO main:434 - result: 30.0
21:37:22,108  INFO main:434 - result: 30.0
21:37:22,108  INFO main:434 - result: 30.0
21:37:22,108  INFO main:434 - result: 29.0
21:37:22,108  INFO main:434 - result: 30.0
21:37:22,108  INFO main:434 - result: 30.0
21:37:22,108  INFO main:434 - result: 29.0
21:37:22,108  INFO main:434 - result: 30.0
21:37:22,108  INFO main:434 - result: 30.0
21:37:22,108  INFO main:434 - result: 30.0
21:37:22,108  INFO main:434 - result: 30.0
21:37:22,108  INFO main:434 - result: 30.0
21:37:22,108  INFO main:434 - result: 30.0
21:37:22,108  INFO main:436 - *****************Generaciones********************
21:37:22,109  INFO main:438 - Generacion: 0
21:37:22,109  INFO main:438 - Generacion: 0
21:37:22,109  INFO main:438 - Generacion: 0
21:37:22,109  INFO main:438 - Generacion: 0
21:37:22,109  INFO main:438 - Generacion: 0
21:37:22,109  INFO main:438 - Generacion: 0
21:37:22,109  INFO main:438 - Generacion: 0
21:37:22,109  INFO main:438 - Generacion: 0
21:37:22,109  INFO main:438 - Generacion: 0
21:37:22,109  INFO main:438 - Generacion: 0
21:37:22,109  INFO main:438 - Generacion: 0
21:37:22,109  INFO main:438 - Generacion: 0
21:37:22,109  INFO main:438 - Generacion: 0
21:37:22,109  INFO main:438 - Generacion: 0
21:37:22,109  INFO main:438 - Generacion: 0
21:37:22,110  INFO main:438 - Generacion: 0
21:37:22,110  INFO main:438 - Generacion: 0
21:37:22,110  INFO main:438 - Generacion: 0
21:37:22,110  INFO main:438 - Generacion: 0
21:37:22,110  INFO main:438 - Generacion: 0
21:37:22,110  INFO main:438 - Generacion: 0
21:37:22,110  INFO main:438 - Generacion: 0
21:37:22,110  INFO main:438 - Generacion: 0
21:37:22,110  INFO main:438 - Generacion: 0
21:37:22,110  INFO main:438 - Generacion: 0
21:37:22,110  INFO main:438 - Generacion: 0
21:37:22,110  INFO main:438 - Generacion: 0
21:37:22,110  INFO main:438 - Generacion: 0
21:37:22,110  INFO main:438 - Generacion: 0
21:37:22,110  INFO main:438 - Generacion: 0
