19:11:04,160  INFO main:168 - Logueando
19:14:47,496  INFO main:300 - Tiempo PreCalculo: 223333
19:14:47,497  INFO main:387 - ****************AG PERMUTACION****************
19:14:51,080  INFO main:401 - ****************Corrida 0 ************************
19:14:51,081  INFO main:402 - Fitness solucion: 44.0
19:14:51,081  INFO main:403 - Indice: 49
19:14:51,081  INFO main:404 - Generacion: 1
19:14:51,081  INFO main:405 - Rechazados: 53
19:14:51,082  INFO main:417 - Individuo Solucion: {1,10,246,160,221,198,20,153,15,3,121,29,38,199,126,105,140,152,9,184,239,119,106,47,233,179,200,76,189,181,170,224,188,30,34,0,229,192,54,241,43,61,240,64,7,26,81,51,205,21,201,77,79,236,35,132,89,65,83,49,137,85,238,70,245,19,14,215,48,68,88,96,74,27,124,55,167,203,139,8,234,213,194,24,231,174,44,87,232,36,23,225,143,171,57,149,222,186,17,237,99,80,63,102,168,92,214,12,144,190,204,178,94,163,18,223,107,67,109,40,69,33,210,242,218,148,196,6,111,220,146,120,129,91,162,84,56,71,78,182,11,156,46,32,172,138,206,151,122,183,113,101,115,116,165,53,16,159,247,5,108,97,37,212,2,41,95,175,216,230,180,248,100,73,59,86,42,235,154,185,127,243,191,31,219,161,117,22,166,123,72,25,128,60,142,50,193,169,110,62,13,133,195,134,208,187,75,118,131,45,164,227,66,228,93,135,136,157,207,150,114,176,90,39,141,147,130,112,217,103,226,197,249,52,209,177,98,4,104,158,155,28,125,211,58,145,244,202,82,173}

19:14:51,082  INFO main:418 - *****************************************************
19:14:52,420  INFO main:401 - ****************Corrida 1 ************************
19:14:52,421  INFO main:402 - Fitness solucion: 44.0
19:14:52,421  INFO main:403 - Indice: 49
19:14:52,421  INFO main:404 - Generacion: 2
19:14:52,421  INFO main:405 - Rechazados: 53
19:14:52,421  INFO main:417 - Individuo Solucion: {162,202,37,28,30,3,216,22,229,217,95,62,91,200,77,150,179,163,39,33,233,189,42,1,240,232,0,195,94,226,154,68,13,243,223,117,34,246,208,142,176,178,110,219,107,109,59,103,241,215,87,210,119,86,130,74,205,249,84,75,175,98,26,149,67,36,19,88,92,245,192,201,204,99,136,180,193,81,206,6,244,234,166,152,24,121,100,165,242,23,55,185,27,93,124,190,186,89,69,120,157,56,35,49,114,191,227,170,155,140,141,147,101,25,52,209,32,102,207,197,133,230,132,167,139,105,137,83,156,115,138,231,51,239,108,125,238,172,237,48,73,20,247,9,2,64,76,224,184,45,222,44,198,143,122,31,188,8,145,118,53,160,104,183,47,129,168,7,171,161,97,78,159,29,126,18,10,21,187,153,63,211,116,38,196,82,194,5,158,113,50,71,235,70,61,123,14,181,60,203,17,228,46,72,54,148,218,221,182,127,128,134,106,66,41,213,144,111,146,169,85,248,96,135,177,80,79,199,43,173,131,174,90,65,214,225,15,57,236,11,112,164,58,16,151,4,212,40,12,220}

19:14:52,421  INFO main:418 - *****************************************************
19:14:53,336  INFO main:401 - ****************Corrida 2 ************************
19:14:53,336  INFO main:402 - Fitness solucion: 44.0
19:14:53,337  INFO main:403 - Indice: 49
19:14:53,337  INFO main:404 - Generacion: 0
19:14:53,337  INFO main:405 - Rechazados: 48
19:14:53,337  INFO main:417 - Individuo Solucion: {186,11,97,18,63,79,15,171,41,158,47,104,188,8,51,28,150,83,14,19,223,114,50,233,193,228,65,31,218,35,57,37,27,165,220,197,159,84,6,66,173,195,200,152,87,164,226,211,3,155,189,239,234,77,151,13,177,99,30,117,82,206,224,229,118,4,198,48,213,76,216,67,64,59,111,190,90,69,183,71,75,212,72,1,182,58,143,108,52,85,248,10,244,62,225,5,128,21,240,45,39,130,7,238,109,61,94,54,102,25,181,199,174,196,112,46,119,110,172,135,16,60,146,142,157,132,74,136,217,133,70,191,73,116,160,147,141,194,175,202,148,185,24,100,113,123,68,249,34,227,138,32,241,166,9,201,125,232,29,101,80,22,55,40,153,156,89,2,12,219,184,124,178,231,187,176,149,139,170,78,167,86,105,245,98,162,93,237,235,107,115,163,192,209,243,91,168,36,210,127,131,53,26,247,205,137,56,214,154,222,106,180,129,103,44,49,145,144,0,92,242,203,17,215,95,140,43,42,204,134,88,246,126,179,161,230,122,20,236,120,33,207,96,121,169,38,221,81,208,23}

19:14:53,337  INFO main:418 - *****************************************************
19:14:54,891  INFO main:401 - ****************Corrida 3 ************************
19:14:54,892  INFO main:402 - Fitness solucion: 44.0
19:14:54,892  INFO main:403 - Indice: 49
19:14:54,893  INFO main:404 - Generacion: 0
19:14:54,893  INFO main:405 - Rechazados: 52
19:14:54,894  INFO main:417 - Individuo Solucion: {209,246,4,22,19,145,13,26,39,14,119,27,241,33,55,56,29,31,100,7,36,37,146,242,64,9,54,6,149,229,249,160,91,82,185,2,217,85,222,240,193,32,231,93,223,118,92,88,21,194,106,162,25,226,66,123,35,173,167,233,52,63,28,178,49,243,20,161,73,38,210,24,234,218,65,153,5,53,67,228,71,128,43,187,122,200,183,45,15,221,111,113,168,59,127,74,97,239,197,75,89,247,188,102,115,57,107,44,248,132,80,40,95,79,245,86,99,30,177,126,41,202,68,201,156,87,61,117,23,152,135,17,219,170,50,176,214,138,121,151,205,96,34,60,18,196,129,172,70,1,3,186,224,171,133,159,46,230,16,189,166,101,140,90,198,69,98,108,104,105,72,174,213,191,165,136,163,10,139,199,141,232,0,244,81,204,120,48,12,148,143,236,11,94,103,212,155,238,235,124,116,130,58,51,181,203,47,78,206,190,195,175,182,164,77,112,184,125,220,225,154,208,179,216,211,84,110,134,237,144,131,215,76,157,180,62,147,227,109,207,83,42,158,169,150,114,137,8,142,192}

19:14:54,894  INFO main:418 - *****************************************************
19:14:57,424  INFO main:401 - ****************Corrida 4 ************************
19:14:57,425  INFO main:402 - Fitness solucion: 43.0
19:14:57,425  INFO main:403 - Indice: 49
19:14:57,426  INFO main:404 - Generacion: 0
19:14:57,426  INFO main:405 - Rechazados: 47
19:14:57,427  INFO main:417 - Individuo Solucion: {17,143,119,13,72,71,248,128,186,231,25,219,243,188,12,169,68,1,133,48,126,16,166,238,61,62,46,142,42,240,29,200,33,74,41,35,230,78,28,101,203,195,50,116,197,59,170,3,149,57,247,207,172,210,66,179,108,150,63,215,199,32,102,49,214,22,111,82,246,30,39,84,11,242,100,89,191,94,147,196,121,183,79,38,201,99,95,31,9,88,189,91,229,80,0,15,34,232,244,20,124,176,118,161,145,65,181,55,86,157,112,53,93,155,139,159,106,19,98,10,54,37,77,194,162,6,104,140,52,127,21,51,180,226,23,5,134,144,137,7,92,40,109,227,76,158,148,239,198,135,131,123,69,202,105,216,4,75,97,218,185,223,208,241,217,153,117,67,192,205,209,120,187,2,234,36,184,129,58,130,154,168,138,136,236,237,167,164,83,190,132,73,24,233,107,26,193,85,152,182,156,113,171,221,96,146,18,212,115,151,213,125,211,14,87,165,224,60,70,220,114,122,90,206,81,160,177,249,235,222,64,47,141,8,178,44,27,56,173,175,103,228,225,110,174,43,163,204,45,245}

19:14:57,428  INFO main:418 - *****************************************************
19:15:00,107  INFO main:401 - ****************Corrida 5 ************************
19:15:00,107  INFO main:402 - Fitness solucion: 43.0
19:15:00,107  INFO main:403 - Indice: 49
19:15:00,108  INFO main:404 - Generacion: 1
19:15:00,108  INFO main:405 - Rechazados: 52
19:15:00,108  INFO main:417 - Individuo Solucion: {93,107,2,12,160,240,176,81,211,192,164,170,16,13,237,52,235,207,33,5,249,56,146,245,99,61,49,77,63,214,210,66,154,202,32,62,90,84,104,148,79,244,57,20,223,50,70,166,10,27,1,248,0,92,30,108,219,231,21,47,122,97,113,59,200,162,58,226,18,145,39,94,233,220,44,28,225,11,65,153,183,224,143,38,54,177,193,190,117,195,118,140,69,156,101,85,144,208,80,126,112,215,43,116,102,173,159,227,45,82,182,15,42,41,74,31,238,174,73,64,169,131,161,100,17,217,105,111,96,198,247,125,7,51,243,151,60,236,228,124,4,55,9,114,29,179,222,163,8,232,19,150,75,3,187,204,46,212,103,87,181,71,147,196,133,14,213,136,37,246,109,123,91,139,205,157,137,88,53,180,149,76,172,34,197,121,25,119,216,134,86,89,239,203,191,189,72,221,95,168,129,35,78,209,188,155,158,141,230,234,67,218,167,127,132,206,120,142,135,165,110,83,106,40,138,130,184,48,68,171,6,242,115,175,152,26,128,194,229,185,24,241,22,178,186,98,199,36,201,23}

19:15:00,109  INFO main:418 - *****************************************************
19:15:02,524  INFO main:401 - ****************Corrida 6 ************************
19:15:02,524  INFO main:402 - Fitness solucion: 44.0
19:15:02,525  INFO main:403 - Indice: 49
19:15:02,525  INFO main:404 - Generacion: 0
19:15:02,535  INFO main:405 - Rechazados: 46
19:15:02,536  INFO main:417 - Individuo Solucion: {0,130,185,108,237,194,71,48,89,111,18,27,9,216,170,221,14,124,131,138,19,229,198,42,115,38,246,104,50,12,82,31,21,228,249,43,37,234,68,32,163,39,34,128,80,35,110,57,94,56,211,58,54,29,192,88,224,153,63,241,118,200,25,208,8,70,152,79,181,225,78,126,60,30,55,144,232,33,242,148,66,90,214,3,123,173,244,52,248,112,178,59,137,99,230,235,87,11,236,100,204,245,238,114,222,136,206,77,210,120,86,101,109,83,76,15,106,122,13,133,75,96,180,119,46,202,16,233,220,22,26,84,49,67,227,6,193,157,196,201,141,243,23,132,182,51,155,81,24,172,127,219,177,159,135,45,169,17,5,73,53,113,147,4,212,105,93,203,247,184,1,40,160,44,158,98,139,117,20,176,186,36,218,161,165,164,195,156,187,142,95,191,171,2,179,240,190,140,149,223,175,10,103,215,107,239,151,154,97,65,150,129,174,85,213,143,69,166,74,121,168,226,162,28,199,125,91,134,92,207,183,188,47,116,189,41,205,72,64,145,167,197,102,146,209,231,217,61,62,7}

19:15:02,536  INFO main:418 - *****************************************************
19:15:05,201  INFO main:401 - ****************Corrida 7 ************************
19:15:05,202  INFO main:402 - Fitness solucion: 44.0
19:15:05,202  INFO main:403 - Indice: 49
19:15:05,203  INFO main:404 - Generacion: 1
19:15:05,203  INFO main:405 - Rechazados: 41
19:15:05,204  INFO main:417 - Individuo Solucion: {1,209,196,53,23,150,233,131,48,123,14,116,177,61,197,40,22,214,238,108,129,76,15,28,145,19,70,215,13,27,49,96,216,121,187,62,66,125,16,88,87,93,2,240,199,228,91,193,170,105,75,243,59,200,208,41,85,45,195,26,58,98,192,63,18,99,38,32,151,160,73,122,120,10,127,80,97,54,130,164,161,50,20,181,17,185,39,29,134,78,64,68,133,220,175,44,139,72,229,231,89,204,156,34,180,247,12,37,174,36,191,21,194,162,203,210,226,74,3,202,95,71,182,141,167,211,232,230,103,107,115,144,173,178,4,153,35,84,33,157,225,67,56,248,140,118,101,65,119,128,227,244,92,147,77,47,104,235,0,234,30,207,94,212,149,46,245,132,83,106,9,5,31,142,159,137,110,43,154,236,219,168,135,25,117,163,136,42,81,86,146,138,24,183,246,179,224,79,143,51,237,217,6,189,190,165,102,186,69,126,249,8,155,82,114,176,158,222,148,11,113,223,124,188,52,166,7,100,152,206,55,241,60,242,171,90,112,109,218,169,201,172,111,221,205,213,198,184,239,57}

19:15:05,204  INFO main:418 - *****************************************************
19:15:07,880  INFO main:401 - ****************Corrida 8 ************************
19:15:07,881  INFO main:402 - Fitness solucion: 44.0
19:15:07,881  INFO main:403 - Indice: 49
19:15:07,881  INFO main:404 - Generacion: 0
19:15:07,882  INFO main:405 - Rechazados: 39
19:15:07,883  INFO main:417 - Individuo Solucion: {8,5,9,215,212,148,60,11,61,47,176,29,107,4,193,180,48,244,201,210,6,80,1,58,147,45,131,207,146,42,140,38,46,125,44,206,160,115,86,195,33,174,52,31,75,19,226,13,138,188,25,178,111,152,209,117,167,20,26,64,89,23,27,28,39,231,150,96,104,199,204,233,137,30,105,91,163,59,177,234,124,35,110,194,49,136,198,243,55,54,184,53,120,109,141,232,228,118,40,65,139,74,15,108,10,36,235,129,132,18,84,126,230,247,208,181,222,56,79,32,12,245,77,95,217,73,69,156,112,224,78,241,189,168,116,34,135,128,187,90,103,68,21,121,114,242,102,66,93,170,227,98,154,219,50,236,190,127,92,2,225,185,43,202,122,197,164,134,183,144,7,88,51,85,171,166,119,130,94,175,200,153,151,83,211,161,142,16,24,238,203,237,72,22,165,239,223,0,158,246,172,17,162,173,123,97,67,100,145,205,196,191,249,214,169,76,62,37,143,71,182,99,149,63,179,155,159,240,220,101,82,216,248,229,218,186,213,221,113,192,87,14,133,41,70,157,81,3,57,106}

19:15:07,883  INFO main:418 - *****************************************************
19:15:10,551  INFO main:401 - ****************Corrida 9 ************************
19:15:10,551  INFO main:402 - Fitness solucion: 44.0
19:15:10,552  INFO main:403 - Indice: 49
19:15:10,552  INFO main:404 - Generacion: 0
19:15:10,552  INFO main:405 - Rechazados: 48
19:15:10,553  INFO main:417 - Individuo Solucion: {230,5,8,244,11,106,1,202,14,148,153,161,188,24,28,74,203,30,55,36,10,238,31,50,125,193,22,47,53,180,191,194,212,140,34,52,19,37,185,0,49,33,65,68,13,228,32,92,208,2,90,77,61,133,239,166,222,41,192,27,75,9,25,84,130,160,3,63,79,215,89,121,98,101,237,57,109,165,242,232,81,40,88,123,179,12,172,198,67,182,218,209,221,18,97,64,105,220,131,122,102,7,113,87,247,39,200,248,60,80,219,156,38,43,29,78,141,139,174,86,136,66,225,23,205,42,46,227,149,173,35,135,17,216,210,175,168,71,103,48,155,154,249,76,21,170,107,245,169,93,72,171,184,111,99,118,152,207,199,45,176,233,243,146,96,178,62,117,4,167,157,195,83,231,94,44,235,183,56,120,127,186,69,201,213,128,15,91,144,100,124,223,229,59,114,164,204,197,142,108,151,246,234,104,181,20,119,73,196,110,116,6,26,214,16,70,132,187,236,138,177,112,211,145,95,162,126,226,143,115,224,82,137,206,58,129,189,163,147,85,150,51,158,54,241,240,159,217,190,134}

19:15:10,554  INFO main:418 - *****************************************************
19:15:13,200  INFO main:401 - ****************Corrida 10 ************************
19:15:13,201  INFO main:402 - Fitness solucion: 44.0
19:15:13,201  INFO main:403 - Indice: 49
19:15:13,201  INFO main:404 - Generacion: 5
19:15:13,202  INFO main:405 - Rechazados: 53
19:15:13,203  INFO main:417 - Individuo Solucion: {6,3,57,100,117,4,227,228,200,38,118,235,50,53,231,214,138,24,46,170,95,243,11,150,21,202,71,193,59,10,101,139,12,5,90,15,14,1,141,56,8,76,180,51,89,77,67,28,41,204,34,220,210,232,49,249,29,156,149,123,234,154,13,18,239,114,106,184,168,246,25,191,201,137,26,245,131,222,104,30,120,248,115,110,109,158,187,44,230,157,35,160,39,161,181,40,124,111,75,164,171,183,146,127,206,98,82,247,195,22,194,163,2,55,42,134,216,162,91,81,112,198,97,148,63,136,159,80,213,155,144,113,68,223,121,186,125,152,88,140,102,172,73,23,178,199,143,86,108,142,16,92,60,116,107,72,153,203,99,212,64,190,224,70,167,244,32,0,52,87,189,62,48,69,236,207,85,182,179,221,126,133,241,208,166,119,78,122,175,174,66,43,37,74,45,219,176,135,17,237,173,20,54,229,65,93,145,225,33,218,129,192,196,205,132,7,79,103,211,58,240,242,177,27,84,238,147,217,151,233,165,83,226,96,130,61,188,47,36,94,169,209,105,19,185,197,31,128,9,215}

19:15:13,203  INFO main:418 - *****************************************************
19:15:15,554  INFO main:401 - ****************Corrida 11 ************************
19:15:15,554  INFO main:402 - Fitness solucion: 44.0
19:15:15,555  INFO main:403 - Indice: 49
19:15:15,555  INFO main:404 - Generacion: 0
19:15:15,555  INFO main:405 - Rechazados: 46
19:15:15,556  INFO main:417 - Individuo Solucion: {10,153,49,12,53,86,191,46,30,31,35,202,112,159,216,194,116,0,20,15,37,110,26,73,247,188,17,243,181,70,60,4,204,79,47,62,148,40,224,63,44,22,90,104,54,192,237,28,198,165,64,48,67,248,242,102,114,207,83,115,2,45,109,13,23,218,182,203,111,19,119,98,51,21,122,11,171,99,132,123,174,135,240,238,61,144,133,77,233,85,161,128,96,158,38,160,89,24,76,82,59,100,66,72,155,39,211,6,42,245,121,179,230,9,214,197,176,139,81,69,124,213,80,134,235,43,226,222,129,57,143,164,154,246,210,118,149,75,41,166,105,95,84,140,187,131,223,106,173,93,34,108,189,113,163,146,142,68,167,52,117,87,175,56,157,3,32,25,229,190,141,152,232,206,220,101,196,199,150,92,125,103,170,36,74,136,18,7,29,249,138,33,1,151,183,193,88,241,180,177,71,208,172,231,162,217,239,195,234,169,27,227,178,97,91,58,221,14,225,200,16,8,78,209,219,186,127,50,126,184,228,201,55,5,145,120,137,168,156,205,212,147,65,130,236,94,215,107,185,244}

19:15:15,556  INFO main:418 - *****************************************************
19:15:18,206  INFO main:401 - ****************Corrida 12 ************************
19:15:18,207  INFO main:402 - Fitness solucion: 44.0
19:15:18,207  INFO main:403 - Indice: 49
19:15:18,208  INFO main:404 - Generacion: 4
19:15:18,208  INFO main:405 - Rechazados: 48
19:15:18,209  INFO main:417 - Individuo Solucion: {95,200,59,49,45,43,133,144,176,114,244,161,50,136,192,2,213,105,6,159,132,187,235,84,199,97,27,228,249,205,227,72,209,138,171,100,116,14,118,225,152,245,42,73,71,80,180,99,231,107,181,224,44,103,239,28,240,90,196,170,77,238,182,48,66,69,172,16,92,54,17,108,111,104,67,22,24,47,60,38,124,194,216,86,125,64,51,98,122,9,126,128,151,112,52,219,154,226,23,102,55,61,88,169,119,12,191,220,165,68,79,65,75,134,214,46,204,178,15,146,123,232,20,210,18,26,207,247,145,31,141,139,41,7,236,130,197,243,221,129,8,206,233,234,10,246,193,120,3,4,222,157,185,101,230,0,201,58,115,188,94,40,36,32,106,87,30,186,137,74,96,13,76,33,242,163,83,29,81,147,189,237,131,62,21,211,11,93,63,127,241,218,135,248,82,85,195,140,78,167,35,143,25,121,1,162,89,177,117,37,149,202,56,150,168,5,175,166,223,164,160,19,198,203,173,70,184,174,91,190,208,109,39,142,156,113,183,215,155,57,158,110,34,179,217,229,148,212,53,153}

19:15:18,210  INFO main:418 - *****************************************************
19:15:20,918  INFO main:401 - ****************Corrida 13 ************************
19:15:20,919  INFO main:402 - Fitness solucion: 43.0
19:15:20,919  INFO main:403 - Indice: 49
19:15:20,920  INFO main:404 - Generacion: 0
19:15:20,920  INFO main:405 - Rechazados: 50
19:15:20,921  INFO main:417 - Individuo Solucion: {11,184,25,104,208,65,22,21,8,13,49,234,228,7,32,120,136,40,36,135,129,113,35,237,161,55,243,192,30,19,224,238,216,45,182,33,62,50,89,114,217,16,2,3,165,187,15,191,178,54,193,91,18,134,223,241,38,235,1,43,10,247,79,96,197,230,60,156,205,222,189,31,231,34,6,42,82,209,92,171,71,77,119,155,162,140,210,122,95,99,110,37,93,212,175,213,47,211,108,188,244,0,26,81,61,149,87,170,240,94,103,115,12,169,56,102,78,137,24,46,236,150,111,117,174,57,69,48,195,51,203,181,90,141,131,105,4,173,126,121,220,154,153,139,214,88,100,219,157,215,144,133,107,229,146,5,59,158,164,200,152,17,132,233,125,196,112,127,239,63,124,180,27,14,186,86,72,147,41,80,97,9,199,151,183,20,227,52,67,29,106,74,58,76,160,68,201,249,75,207,198,246,190,116,138,167,166,73,206,176,179,128,118,194,204,142,70,39,109,202,168,185,172,232,163,23,226,248,218,101,66,225,143,44,245,98,64,83,84,123,130,145,221,242,148,85,159,53,28,177}

19:15:20,921  INFO main:418 - *****************************************************
19:15:23,503  INFO main:401 - ****************Corrida 14 ************************
19:15:23,504  INFO main:402 - Fitness solucion: 43.0
19:15:23,504  INFO main:403 - Indice: 49
19:15:23,505  INFO main:404 - Generacion: 0
19:15:23,505  INFO main:405 - Rechazados: 44
19:15:23,506  INFO main:417 - Individuo Solucion: {159,2,22,24,149,50,29,7,234,170,206,189,4,51,38,59,77,117,80,30,21,235,44,215,96,178,226,55,39,43,52,198,35,143,249,14,12,78,217,240,116,40,162,34,114,84,79,42,237,47,70,124,90,131,242,27,64,238,171,110,152,219,140,239,11,95,211,113,183,86,236,245,213,17,37,185,244,106,230,126,1,13,247,115,203,146,243,88,127,204,103,216,176,128,63,123,54,102,134,28,83,167,68,214,36,168,122,118,111,107,231,196,112,61,205,164,18,100,92,60,81,119,224,129,16,218,15,49,74,151,156,105,109,225,210,241,194,97,197,161,160,104,166,137,41,173,169,56,208,62,193,147,20,71,141,85,199,212,130,229,48,186,154,223,138,25,82,45,53,72,232,3,6,32,175,99,73,57,155,101,66,182,144,187,153,150,108,179,200,46,158,207,184,202,233,31,136,177,201,87,67,220,125,89,91,191,221,157,163,133,209,65,181,98,139,8,120,33,76,75,180,246,148,227,248,228,5,174,188,195,165,26,190,0,93,58,69,10,23,142,121,94,172,192,222,145,9,132,19,135}

19:15:23,506  INFO main:418 - *****************************************************
19:15:26,188  INFO main:401 - ****************Corrida 15 ************************
19:15:26,188  INFO main:402 - Fitness solucion: 44.0
19:15:26,189  INFO main:403 - Indice: 49
19:15:26,189  INFO main:404 - Generacion: 0
19:15:26,189  INFO main:405 - Rechazados: 48
19:15:26,190  INFO main:417 - Individuo Solucion: {6,172,30,41,130,38,192,166,133,1,27,62,191,56,245,122,182,35,21,18,106,153,22,5,121,59,146,177,204,145,212,99,95,215,49,230,31,15,82,208,11,198,188,126,90,7,164,246,29,221,72,155,76,108,61,112,39,63,129,201,202,149,125,219,220,98,32,70,132,195,101,16,51,104,33,222,77,65,60,107,134,44,233,93,140,154,141,163,24,159,79,165,9,119,57,218,179,67,73,120,69,45,0,113,14,137,66,207,184,167,52,162,2,80,200,135,3,85,234,240,81,197,74,247,242,100,183,110,181,206,236,180,209,214,232,12,23,13,170,228,25,28,171,143,199,58,46,127,156,147,224,78,223,175,194,205,158,244,124,118,196,174,136,36,169,109,50,43,86,226,138,19,105,203,97,186,55,193,20,187,102,178,238,249,83,53,211,115,227,103,225,96,92,173,216,34,37,189,54,139,248,64,71,91,213,88,8,48,68,144,210,185,47,151,131,111,75,17,161,150,157,176,142,87,94,231,168,235,4,123,84,148,128,239,10,241,229,40,237,89,152,117,26,217,160,114,243,190,42,116}

19:15:26,191  INFO main:418 - *****************************************************
19:15:28,838  INFO main:401 - ****************Corrida 16 ************************
19:15:28,839  INFO main:402 - Fitness solucion: 44.0
19:15:28,839  INFO main:403 - Indice: 49
19:15:28,839  INFO main:404 - Generacion: 0
19:15:28,840  INFO main:405 - Rechazados: 39
19:15:28,840  INFO main:417 - Individuo Solucion: {207,232,213,142,199,210,136,18,19,99,63,10,23,126,243,191,239,4,50,25,48,231,39,33,11,131,116,30,67,174,148,16,59,225,177,77,20,89,68,76,34,43,74,143,41,51,61,6,187,75,2,176,236,83,44,32,209,84,86,227,56,47,244,31,0,158,242,192,166,8,28,107,46,57,9,53,241,64,146,206,35,1,214,109,211,17,55,246,172,238,178,12,97,101,121,24,163,58,141,194,69,91,65,90,21,85,133,119,93,38,37,229,108,118,138,120,15,125,115,29,60,80,72,165,13,164,226,201,145,45,248,110,233,181,221,156,216,139,94,98,49,154,66,183,167,113,73,117,26,81,170,237,104,180,173,40,160,82,219,112,106,247,203,198,124,151,159,52,103,175,102,3,14,150,240,185,217,205,153,171,36,105,224,70,169,122,196,215,79,204,189,147,27,134,186,195,168,197,128,245,155,127,188,42,222,157,220,200,137,161,208,193,62,71,123,135,88,87,92,7,218,202,182,130,132,54,78,22,162,140,95,111,230,190,114,129,184,235,152,249,144,100,5,149,179,223,212,96,228,234}

19:15:28,841  INFO main:418 - *****************************************************
19:15:31,476  INFO main:401 - ****************Corrida 17 ************************
19:15:31,476  INFO main:402 - Fitness solucion: 44.0
19:15:31,477  INFO main:403 - Indice: 49
19:15:31,477  INFO main:404 - Generacion: 1
19:15:31,477  INFO main:405 - Rechazados: 45
19:15:31,479  INFO main:417 - Individuo Solucion: {150,21,249,0,68,99,40,10,14,67,174,52,208,184,226,238,138,235,215,54,220,180,102,165,93,35,228,48,212,142,42,59,176,41,76,23,1,19,72,248,15,106,17,60,33,151,56,6,64,90,34,47,62,81,86,88,70,51,44,145,154,98,120,55,221,82,234,205,211,84,193,177,95,112,136,190,117,231,57,18,9,148,144,66,141,104,207,197,73,134,164,244,183,114,132,50,185,77,97,230,8,69,131,32,25,224,147,143,4,191,13,146,161,214,110,199,172,108,204,119,94,137,49,173,194,181,103,31,45,239,140,116,192,246,225,217,189,87,26,188,58,29,130,186,101,241,74,201,83,213,200,100,12,124,107,157,38,247,203,121,175,158,152,178,216,182,109,126,156,170,61,105,232,171,71,125,65,30,129,85,53,16,139,206,91,28,210,236,27,153,36,46,128,20,240,243,22,245,242,96,3,155,63,118,113,135,202,162,122,7,115,75,127,80,218,166,92,179,133,24,169,187,78,123,223,163,237,227,195,149,43,79,37,196,198,89,111,2,209,39,222,160,11,233,159,5,219,168,229,167}

19:15:31,479  INFO main:418 - *****************************************************
19:15:34,180  INFO main:401 - ****************Corrida 18 ************************
19:15:34,181  INFO main:402 - Fitness solucion: 44.0
19:15:34,181  INFO main:403 - Indice: 49
19:15:34,181  INFO main:404 - Generacion: 0
19:15:34,182  INFO main:405 - Rechazados: 42
19:15:34,182  INFO main:417 - Individuo Solucion: {46,24,4,206,11,18,148,162,100,188,42,220,21,30,235,99,110,247,234,13,121,58,147,7,123,9,55,228,138,43,241,10,67,158,104,125,32,6,161,101,17,93,19,51,230,192,167,199,0,92,3,94,176,68,44,22,139,96,120,140,88,83,135,124,177,245,57,66,65,149,242,61,37,16,197,41,86,233,243,33,155,136,62,48,28,131,25,146,204,224,112,52,56,116,122,129,193,171,108,14,72,26,36,91,145,79,76,185,47,181,134,8,115,232,238,159,231,81,178,222,141,144,64,102,117,175,15,1,156,75,85,151,12,107,168,132,164,59,142,119,211,153,169,109,154,70,77,209,217,186,105,160,194,71,27,157,173,60,184,196,35,248,191,40,20,221,152,113,226,111,126,239,130,229,198,29,2,50,219,78,210,69,31,90,137,183,216,127,23,53,190,218,203,213,189,89,172,82,39,84,227,212,95,214,180,80,128,114,207,205,54,200,215,87,118,98,223,106,202,170,143,237,49,249,236,73,187,179,195,174,34,74,165,246,208,5,182,225,163,166,103,63,150,97,244,45,201,133,240,38}

19:15:34,183  INFO main:418 - *****************************************************
19:15:36,854  INFO main:401 - ****************Corrida 19 ************************
19:15:36,855  INFO main:402 - Fitness solucion: 44.0
19:15:36,855  INFO main:403 - Indice: 49
19:15:36,855  INFO main:404 - Generacion: 0
19:15:36,855  INFO main:405 - Rechazados: 34
19:15:36,856  INFO main:417 - Individuo Solucion: {130,74,38,161,143,116,210,137,158,85,0,8,72,34,206,66,88,18,175,221,75,43,2,17,192,185,222,23,20,63,216,173,229,86,87,48,102,144,69,131,68,233,212,67,3,125,45,81,186,169,70,114,49,145,184,32,235,65,12,151,241,168,76,105,138,31,156,234,71,177,98,11,123,99,187,106,218,215,25,142,94,104,122,228,84,54,160,109,41,59,174,121,110,22,223,193,90,170,77,26,135,126,249,248,107,100,30,62,50,133,139,33,132,13,9,239,163,150,46,147,134,214,35,120,199,189,29,15,108,141,51,201,14,209,47,202,95,55,204,167,182,159,24,180,129,148,242,188,236,244,213,178,92,232,37,230,225,57,171,73,93,10,82,117,16,1,64,27,140,157,166,190,194,219,83,36,53,103,153,247,196,237,231,6,124,200,165,118,176,97,78,191,56,52,89,162,152,21,172,205,96,61,181,220,58,238,136,128,226,112,164,146,195,197,211,240,198,208,39,40,101,127,224,217,115,80,44,203,243,183,155,7,5,91,246,28,179,113,227,207,79,245,4,119,149,42,19,154,111,60}

19:15:36,856  INFO main:418 - *****************************************************
19:15:39,523  INFO main:401 - ****************Corrida 20 ************************
19:15:39,524  INFO main:402 - Fitness solucion: 43.0
19:15:39,524  INFO main:403 - Indice: 49
19:15:39,524  INFO main:404 - Generacion: 0
19:15:39,525  INFO main:405 - Rechazados: 49
19:15:39,525  INFO main:417 - Individuo Solucion: {99,147,0,75,18,112,240,17,104,160,228,226,27,23,30,11,141,184,153,151,244,189,3,235,86,186,213,125,35,233,37,98,207,54,183,25,216,203,155,20,148,168,73,192,15,7,63,134,124,60,232,58,174,62,14,246,68,129,16,1,111,44,243,9,193,90,247,69,161,59,245,201,33,43,12,242,103,28,121,85,230,31,135,149,117,108,123,48,51,96,95,19,106,87,162,49,29,114,26,66,41,133,142,94,126,84,53,248,219,119,6,220,65,237,21,89,159,145,24,229,209,80,238,137,78,120,118,100,5,241,146,127,91,10,152,175,182,140,236,156,47,177,74,191,217,40,101,190,82,179,46,56,157,218,57,83,224,198,214,178,188,187,22,97,170,211,71,165,181,92,67,194,116,231,55,122,210,200,166,76,195,105,221,249,128,61,163,136,81,154,225,180,171,79,115,38,215,196,206,34,110,70,42,139,150,50,202,199,223,109,64,107,4,173,239,222,204,185,113,13,93,130,102,88,172,2,169,138,205,208,197,234,36,167,158,144,164,39,212,72,77,143,45,132,52,176,227,32,131,8}

19:15:39,526  INFO main:418 - *****************************************************
19:15:42,121  INFO main:401 - ****************Corrida 21 ************************
19:15:42,121  INFO main:402 - Fitness solucion: 44.0
19:15:42,122  INFO main:403 - Indice: 49
19:15:42,122  INFO main:404 - Generacion: 2
19:15:42,122  INFO main:405 - Rechazados: 36
19:15:42,123  INFO main:417 - Individuo Solucion: {17,183,26,169,2,197,245,219,116,9,30,58,25,71,94,24,119,112,233,49,88,47,70,6,62,192,242,83,222,8,54,102,51,86,141,39,80,75,66,44,153,231,32,38,82,208,238,77,23,98,14,99,73,59,170,120,171,84,61,132,65,34,69,239,19,91,139,187,124,229,111,246,57,43,237,18,179,175,20,93,244,81,216,198,189,230,0,138,214,67,90,63,228,27,37,205,36,154,79,108,200,206,72,41,127,217,160,104,109,29,174,123,211,10,203,145,142,149,247,55,133,235,16,128,53,199,126,155,146,227,152,188,74,101,224,50,232,201,151,125,31,21,144,97,215,221,28,100,147,85,166,159,115,172,105,42,135,3,33,56,107,165,177,87,78,248,204,136,137,207,121,190,195,52,60,176,76,162,249,11,4,143,113,129,15,156,117,35,225,157,96,1,241,168,122,148,5,163,164,186,118,180,95,191,223,106,212,194,226,234,181,220,110,131,178,89,243,92,130,68,167,45,46,134,184,185,210,7,40,173,161,103,240,209,182,236,140,12,218,158,13,196,150,213,193,114,64,48,22,202}

19:15:42,123  INFO main:418 - *****************************************************
19:15:44,828  INFO main:401 - ****************Corrida 22 ************************
19:15:44,828  INFO main:402 - Fitness solucion: 43.0
19:15:44,829  INFO main:403 - Indice: 49
19:15:44,829  INFO main:404 - Generacion: 0
19:15:44,829  INFO main:405 - Rechazados: 51
19:15:44,830  INFO main:417 - Individuo Solucion: {8,49,23,20,27,169,33,235,25,236,19,222,188,140,154,3,178,117,21,67,26,13,53,164,240,58,41,9,215,217,136,62,86,159,78,50,165,65,30,51,82,34,104,101,98,128,120,29,17,36,224,10,202,238,183,107,64,201,32,109,203,22,181,229,31,76,124,56,173,130,77,45,39,89,110,246,249,93,185,223,70,150,40,184,12,134,55,123,75,92,113,68,114,244,80,225,15,103,133,42,69,141,88,177,137,129,122,72,190,44,127,81,73,85,234,174,125,196,96,111,63,24,153,91,11,204,102,99,35,243,4,247,46,230,166,54,106,145,231,151,176,175,193,57,199,119,95,143,156,6,171,138,245,206,38,146,149,205,152,208,47,144,52,116,163,161,227,84,180,160,66,147,239,18,200,121,87,228,248,237,135,241,139,7,28,187,158,14,108,43,132,83,233,170,60,131,210,71,232,126,59,157,182,1,198,94,162,0,186,100,16,189,168,213,216,212,179,195,221,197,118,97,214,2,155,79,218,148,115,61,207,192,105,74,219,211,112,142,5,191,37,220,48,242,194,209,167,90,226,172}

19:15:44,830  INFO main:418 - *****************************************************
19:15:47,185  INFO main:401 - ****************Corrida 23 ************************
19:15:47,186  INFO main:402 - Fitness solucion: 44.0
19:15:47,186  INFO main:403 - Indice: 49
19:15:47,186  INFO main:404 - Generacion: 5
19:15:47,187  INFO main:405 - Rechazados: 51
19:15:47,187  INFO main:417 - Individuo Solucion: {21,193,156,86,0,69,89,93,169,246,195,190,91,105,65,51,244,224,249,218,197,239,81,59,18,12,11,96,76,219,98,168,7,39,24,117,37,217,17,23,47,104,180,161,19,26,110,245,214,42,235,67,121,165,61,94,79,202,109,45,188,53,16,31,185,5,210,130,95,80,144,170,247,102,138,174,125,119,56,178,187,145,114,40,72,228,158,177,208,194,213,216,222,186,100,133,57,71,34,205,201,221,136,238,167,44,41,232,62,2,48,192,9,154,111,103,150,153,243,241,85,68,38,127,97,92,160,131,220,116,112,240,234,36,108,227,50,140,15,88,28,60,113,52,77,215,179,22,30,33,226,6,225,157,175,182,13,142,183,14,3,204,200,84,90,164,115,120,233,132,122,29,78,70,137,148,55,27,146,129,151,159,25,58,64,149,147,212,172,118,242,189,106,66,230,46,20,128,203,198,1,211,73,155,75,229,162,126,171,134,123,176,135,74,54,101,107,4,209,8,82,206,143,196,163,32,207,199,191,141,236,43,49,248,181,139,63,35,83,237,10,99,173,166,223,152,87,124,184,231}

19:15:47,187  INFO main:418 - *****************************************************
19:15:49,917  INFO main:401 - ****************Corrida 24 ************************
19:15:49,917  INFO main:402 - Fitness solucion: 44.0
19:15:49,917  INFO main:403 - Indice: 49
19:15:49,918  INFO main:404 - Generacion: 2
19:15:49,918  INFO main:405 - Rechazados: 44
19:15:49,919  INFO main:417 - Individuo Solucion: {43,15,227,3,9,53,207,92,208,189,187,20,230,97,1,184,28,124,41,35,30,185,70,221,38,8,142,138,47,56,29,51,69,65,11,239,155,234,183,72,134,31,67,236,140,59,24,135,211,78,151,248,194,21,232,98,4,119,79,54,63,198,12,33,16,114,202,132,218,22,107,238,243,206,71,231,166,210,45,27,0,96,50,246,242,18,58,197,188,37,175,117,161,224,164,159,62,84,171,235,165,143,205,133,44,81,157,123,168,55,90,60,233,13,200,127,103,149,237,52,109,7,64,46,61,10,191,223,180,6,245,129,137,68,113,148,112,118,160,199,73,154,244,111,110,217,131,141,93,83,95,204,163,186,181,19,106,57,150,75,122,121,66,87,34,136,36,145,48,220,88,74,179,125,190,172,228,144,49,39,126,99,203,229,23,153,26,108,167,146,222,2,94,100,147,216,101,130,105,195,76,193,219,226,32,196,215,85,139,201,86,82,14,25,170,89,212,42,120,182,162,176,40,177,178,128,5,77,80,104,240,173,214,91,225,247,249,115,152,192,158,156,102,209,116,17,169,174,213,241}

19:15:49,919  INFO main:418 - *****************************************************
19:15:52,961  INFO main:401 - ****************Corrida 25 ************************
19:15:52,961  INFO main:402 - Fitness solucion: 44.0
19:15:52,962  INFO main:403 - Indice: 49
19:15:52,962  INFO main:404 - Generacion: 0
19:15:52,962  INFO main:405 - Rechazados: 43
19:15:52,963  INFO main:417 - Individuo Solucion: {11,15,173,1,17,24,21,52,44,18,125,101,22,143,51,42,57,175,153,36,118,20,61,164,29,154,209,247,183,131,16,82,167,26,226,14,75,12,91,55,196,212,223,69,233,23,152,5,216,43,193,159,35,65,215,221,220,217,39,72,119,80,2,241,225,162,180,198,62,99,235,139,219,230,77,245,19,243,210,74,202,41,83,130,116,171,104,92,4,211,59,60,102,142,58,86,123,120,132,129,151,197,170,94,124,96,68,213,244,187,147,195,237,185,228,34,32,236,199,126,203,240,179,127,81,133,155,141,161,71,6,13,181,140,242,33,117,176,40,150,49,70,25,78,103,87,84,135,137,8,248,79,97,188,56,47,30,169,111,122,110,0,31,232,85,73,48,38,158,174,112,28,90,160,115,128,227,206,207,194,191,222,218,149,134,229,108,98,46,246,64,145,192,114,184,53,201,54,208,95,190,238,105,109,157,121,3,67,234,182,27,163,7,113,239,200,166,63,148,50,10,9,186,205,76,249,100,156,144,146,88,178,214,37,106,172,224,45,231,138,189,165,136,89,66,204,93,177,107,168}

19:15:52,963  INFO main:418 - *****************************************************
19:15:55,643  INFO main:401 - ****************Corrida 26 ************************
19:15:55,643  INFO main:402 - Fitness solucion: 44.0
19:15:55,643  INFO main:403 - Indice: 49
19:15:55,644  INFO main:404 - Generacion: 0
19:15:55,644  INFO main:405 - Rechazados: 46
19:15:55,645  INFO main:417 - Individuo Solucion: {7,22,114,15,185,31,6,68,30,248,28,108,89,1,133,33,19,37,115,224,130,11,43,241,200,59,9,231,218,67,243,48,69,35,70,86,203,209,234,82,74,112,50,24,191,66,49,53,139,189,159,60,39,96,40,81,2,235,193,211,102,41,64,29,101,56,144,110,8,196,76,170,38,132,61,65,199,79,100,106,72,5,62,107,148,12,93,178,188,51,36,244,163,17,158,147,129,151,32,156,216,124,88,98,21,90,150,145,16,238,247,141,105,54,91,104,181,239,42,210,157,149,202,57,176,111,119,25,10,227,180,99,3,177,95,179,182,221,183,84,197,174,92,13,154,205,83,131,175,97,137,127,242,121,126,75,225,146,116,232,194,164,187,23,207,27,219,230,55,155,142,228,4,223,138,167,220,143,128,20,71,165,109,212,136,117,80,123,0,173,140,172,152,237,44,222,168,204,208,122,118,125,63,34,192,120,201,213,190,186,184,206,162,169,113,171,45,233,85,246,217,58,87,103,160,14,73,240,134,215,135,46,166,229,78,198,249,245,153,26,161,226,77,47,52,214,18,236,195,94}

19:15:55,645  INFO main:418 - *****************************************************
19:15:58,306  INFO main:401 - ****************Corrida 27 ************************
19:15:58,306  INFO main:402 - Fitness solucion: 44.0
19:15:58,307  INFO main:403 - Indice: 49
19:15:58,307  INFO main:404 - Generacion: 0
19:15:58,307  INFO main:405 - Rechazados: 39
19:15:58,308  INFO main:417 - Individuo Solucion: {164,17,170,124,217,93,33,20,232,134,198,6,215,189,56,28,41,75,194,199,113,48,151,30,22,87,7,57,209,12,150,36,128,37,218,123,229,51,140,58,201,131,34,247,85,62,11,53,102,24,15,148,97,61,195,100,226,157,92,80,29,117,60,0,158,79,16,168,132,72,63,225,104,159,77,187,120,248,46,47,107,89,129,67,216,191,211,160,243,165,152,86,10,118,64,149,185,4,21,112,108,246,18,214,26,73,156,236,135,197,188,147,49,227,241,83,27,96,161,228,242,178,43,174,98,39,19,212,180,213,240,169,206,210,139,121,219,154,183,23,70,127,249,238,81,101,223,142,153,82,88,207,196,99,95,90,221,204,13,103,69,200,1,40,31,193,74,111,119,220,114,144,203,141,52,130,125,94,182,2,155,50,68,109,202,172,65,42,205,237,162,167,166,35,146,54,245,231,106,171,71,8,116,105,44,14,175,177,76,38,32,78,126,110,133,176,9,239,186,181,115,5,66,145,179,59,163,224,55,230,136,234,138,173,235,244,25,190,45,143,3,122,137,208,233,222,84,91,184,192}

19:15:58,308  INFO main:418 - *****************************************************
19:16:00,724  INFO main:401 - ****************Corrida 28 ************************
19:16:00,725  INFO main:402 - Fitness solucion: 43.0
19:16:00,725  INFO main:403 - Indice: 49
19:16:00,725  INFO main:404 - Generacion: 2
19:16:00,725  INFO main:405 - Rechazados: 46
19:16:00,726  INFO main:417 - Individuo Solucion: {13,24,27,183,67,36,154,237,149,180,226,198,75,47,246,18,29,34,49,231,64,50,15,6,110,235,53,73,121,124,19,151,96,65,69,82,9,20,99,104,209,224,122,133,202,21,127,207,241,8,41,232,217,107,197,88,59,98,93,172,119,117,32,38,191,157,141,152,94,234,116,196,77,28,176,222,111,0,174,135,227,89,148,11,113,228,83,90,81,84,78,17,177,192,80,85,2,215,195,147,115,114,118,3,199,208,213,68,171,108,43,144,143,106,35,187,56,204,166,12,248,247,74,23,30,201,76,146,193,16,100,66,245,238,22,57,186,137,60,249,145,58,136,87,129,150,155,153,239,126,101,128,52,170,102,188,51,140,42,173,55,139,33,158,132,97,123,86,194,109,181,230,223,167,142,233,243,134,229,72,95,130,39,184,40,25,163,161,218,14,63,219,169,240,54,212,79,10,7,105,189,61,185,164,103,211,1,4,179,92,182,203,205,45,156,48,138,120,160,214,70,159,71,112,210,225,26,5,216,175,244,178,162,168,242,200,46,125,44,91,62,37,221,131,31,206,165,236,190,220}

19:16:00,726  INFO main:418 - *****************************************************
19:16:03,372  INFO main:401 - ****************Corrida 29 ************************
19:16:03,372  INFO main:402 - Fitness solucion: 44.0
19:16:03,373  INFO main:403 - Indice: 49
19:16:03,373  INFO main:404 - Generacion: 5
19:16:03,373  INFO main:405 - Rechazados: 42
19:16:03,374  INFO main:417 - Individuo Solucion: {55,233,36,34,21,40,2,32,186,13,37,66,207,57,152,31,23,173,224,243,170,19,248,145,5,95,180,193,83,91,143,64,93,113,179,6,209,219,210,94,236,17,185,10,217,84,22,96,160,72,201,164,214,176,26,140,79,231,89,33,74,246,119,87,153,7,122,134,182,8,132,85,60,38,123,117,20,86,127,109,203,226,222,192,194,245,184,75,108,232,82,167,112,230,105,98,29,206,149,244,137,183,136,240,181,71,61,88,212,53,0,171,237,133,241,158,101,221,175,205,59,131,27,129,168,235,195,99,174,24,187,107,114,213,139,135,90,157,4,92,128,69,239,78,15,126,148,14,165,45,159,80,204,234,218,147,225,39,197,177,81,242,28,198,54,190,1,125,103,216,25,62,124,223,46,97,116,227,11,3,43,65,118,100,77,162,238,52,228,155,102,229,120,30,110,63,106,56,196,35,58,41,220,141,142,9,191,111,151,115,16,12,138,189,146,68,172,73,104,154,121,247,188,51,199,249,67,49,178,144,150,130,163,200,48,169,208,44,42,166,70,211,156,215,76,47,50,161,202,18}

19:16:03,375  INFO main:418 - *****************************************************
19:16:03,375  INFO main:420 - Tiempo AGP: 2525
19:16:03,375  INFO main:422 - Promedio Final: 43
19:16:03,376  INFO main:424 - Promedio Generaciones: 0
19:16:03,376  INFO main:427 - Promedio Rechazos: 45
19:16:03,376  INFO main:430 - Promedio Defragmentacion: 1.3913333333333333
19:16:03,377  INFO main:432 - *****************Resultados********************
19:16:03,377  INFO main:434 - result: 44.0
19:16:03,377  INFO main:434 - result: 44.0
19:16:03,378  INFO main:434 - result: 44.0
19:16:03,378  INFO main:434 - result: 44.0
19:16:03,378  INFO main:434 - result: 43.0
19:16:03,379  INFO main:434 - result: 43.0
19:16:03,379  INFO main:434 - result: 44.0
19:16:03,379  INFO main:434 - result: 44.0
19:16:03,379  INFO main:434 - result: 44.0
19:16:03,380  INFO main:434 - result: 44.0
19:16:03,380  INFO main:434 - result: 44.0
19:16:03,380  INFO main:434 - result: 44.0
19:16:03,381  INFO main:434 - result: 44.0
19:16:03,381  INFO main:434 - result: 43.0
19:16:03,381  INFO main:434 - result: 43.0
19:16:03,381  INFO main:434 - result: 44.0
19:16:03,382  INFO main:434 - result: 44.0
19:16:03,382  INFO main:434 - result: 44.0
19:16:03,383  INFO main:434 - result: 44.0
19:16:03,383  INFO main:434 - result: 44.0
19:16:03,383  INFO main:434 - result: 43.0
19:16:03,383  INFO main:434 - result: 44.0
19:16:03,384  INFO main:434 - result: 43.0
19:16:03,384  INFO main:434 - result: 44.0
19:16:03,384  INFO main:434 - result: 44.0
19:16:03,385  INFO main:434 - result: 44.0
19:16:03,385  INFO main:434 - result: 44.0
19:16:03,385  INFO main:434 - result: 44.0
19:16:03,385  INFO main:434 - result: 43.0
19:16:03,386  INFO main:434 - result: 44.0
19:16:03,386  INFO main:436 - *****************Generaciones********************
19:16:03,387  INFO main:438 - Generacion: 0
19:16:03,387  INFO main:438 - Generacion: 0
19:16:03,387  INFO main:438 - Generacion: 0
19:16:03,388  INFO main:438 - Generacion: 0
19:16:03,388  INFO main:438 - Generacion: 0
19:16:03,389  INFO main:438 - Generacion: 0
19:16:03,389  INFO main:438 - Generacion: 0
19:16:03,389  INFO main:438 - Generacion: 0
19:16:03,390  INFO main:438 - Generacion: 0
19:16:03,390  INFO main:438 - Generacion: 0
19:16:03,390  INFO main:438 - Generacion: 0
19:16:03,391  INFO main:438 - Generacion: 0
19:16:03,391  INFO main:438 - Generacion: 0
19:16:03,391  INFO main:438 - Generacion: 0
19:16:03,392  INFO main:438 - Generacion: 0
19:16:03,392  INFO main:438 - Generacion: 0
19:16:03,392  INFO main:438 - Generacion: 0
19:16:03,392  INFO main:438 - Generacion: 0
19:16:03,393  INFO main:438 - Generacion: 0
19:16:03,393  INFO main:438 - Generacion: 0
19:16:03,393  INFO main:438 - Generacion: 0
19:16:03,393  INFO main:438 - Generacion: 0
19:16:03,394  INFO main:438 - Generacion: 0
19:16:03,394  INFO main:438 - Generacion: 0
19:16:03,394  INFO main:438 - Generacion: 0
19:16:03,394  INFO main:438 - Generacion: 0
19:16:03,395  INFO main:438 - Generacion: 0
19:16:03,395  INFO main:438 - Generacion: 0
19:16:03,395  INFO main:438 - Generacion: 0
19:16:03,395  INFO main:438 - Generacion: 0
