15:23:19,382  INFO main:168 - Logueando
15:23:19,429  INFO main:387 - ****************AG PERMUTACION****************
15:23:20,328  INFO main:399 - ****************Corrida 0 ************************
15:23:20,329  INFO main:400 - Fitness solucion: 31.0
15:23:20,329  INFO main:401 - Indice: 31
15:23:20,329  INFO main:402 - Generacion: 0
15:23:20,329  INFO main:403 - Rechazados: 30
15:23:20,330  INFO main:413 - Individuo Solucion: {22,5,7,1,0,29,12,14,16,10,20,2,15,18,3,11,27,21,17,23,8,25,24,6,13,19,26,4,28,9}

15:23:20,330  INFO main:414 - *****************************************************
15:23:20,467  INFO main:399 - ****************Corrida 1 ************************
15:23:20,467  INFO main:400 - Fitness solucion: 31.0
15:23:20,467  INFO main:401 - Indice: 31
15:23:20,467  INFO main:402 - Generacion: 0
15:23:20,467  INFO main:403 - Rechazados: 30
15:23:20,467  INFO main:413 - Individuo Solucion: {1,21,8,3,2,13,4,26,9,22,12,24,16,19,14,7,27,23,0,5,11,15,17,20,18,6,28,10,25,29}

15:23:20,468  INFO main:414 - *****************************************************
15:23:20,576  INFO main:399 - ****************Corrida 2 ************************
15:23:20,576  INFO main:400 - Fitness solucion: 31.0
15:23:20,576  INFO main:401 - Indice: 31
15:23:20,576  INFO main:402 - Generacion: 0
15:23:20,576  INFO main:403 - Rechazados: 30
15:23:20,576  INFO main:413 - Individuo Solucion: {2,23,0,4,8,15,1,29,5,10,22,11,19,24,17,13,16,3,18,14,12,26,6,28,9,27,25,7,21,20}

15:23:20,576  INFO main:414 - *****************************************************
15:23:20,682  INFO main:399 - ****************Corrida 3 ************************
15:23:20,682  INFO main:400 - Fitness solucion: 31.0
15:23:20,682  INFO main:401 - Indice: 31
15:23:20,682  INFO main:402 - Generacion: 0
15:23:20,682  INFO main:403 - Rechazados: 30
15:23:20,682  INFO main:413 - Individuo Solucion: {3,11,19,0,4,10,17,18,22,24,12,29,13,28,7,14,23,15,9,1,6,25,8,26,27,21,16,20,2,5}

15:23:20,682  INFO main:414 - *****************************************************
15:23:20,786  INFO main:399 - ****************Corrida 4 ************************
15:23:20,786  INFO main:400 - Fitness solucion: 31.0
15:23:20,786  INFO main:401 - Indice: 31
15:23:20,786  INFO main:402 - Generacion: 0
15:23:20,786  INFO main:403 - Rechazados: 30
15:23:20,786  INFO main:413 - Individuo Solucion: {3,7,2,8,28,11,17,19,9,1,6,16,20,23,26,14,18,12,29,4,10,15,13,24,21,27,5,0,25,22}

15:23:20,786  INFO main:414 - *****************************************************
15:23:20,890  INFO main:399 - ****************Corrida 5 ************************
15:23:20,890  INFO main:400 - Fitness solucion: 31.0
15:23:20,890  INFO main:401 - Indice: 31
15:23:20,890  INFO main:402 - Generacion: 0
15:23:20,890  INFO main:403 - Rechazados: 30
15:23:20,890  INFO main:413 - Individuo Solucion: {0,18,3,10,24,22,27,6,19,5,11,4,13,1,7,23,12,26,17,9,21,15,20,14,16,25,8,28,2,29}

15:23:20,891  INFO main:414 - *****************************************************
15:23:20,995  INFO main:399 - ****************Corrida 6 ************************
15:23:20,995  INFO main:400 - Fitness solucion: 31.0
15:23:20,995  INFO main:401 - Indice: 31
15:23:20,995  INFO main:402 - Generacion: 0
15:23:20,995  INFO main:403 - Rechazados: 30
15:23:20,995  INFO main:413 - Individuo Solucion: {4,12,17,14,10,19,1,26,0,23,25,27,16,7,6,13,22,8,28,20,9,11,2,3,29,15,5,24,21,18}

15:23:20,996  INFO main:414 - *****************************************************
15:23:21,104  INFO main:399 - ****************Corrida 7 ************************
15:23:21,104  INFO main:400 - Fitness solucion: 31.0
15:23:21,104  INFO main:401 - Indice: 31
15:23:21,104  INFO main:402 - Generacion: 0
15:23:21,104  INFO main:403 - Rechazados: 30
15:23:21,104  INFO main:413 - Individuo Solucion: {3,7,25,9,11,1,12,4,18,15,16,20,14,13,19,28,27,17,5,24,10,22,8,29,23,2,6,26,21,0}

15:23:21,104  INFO main:414 - *****************************************************
15:23:21,208  INFO main:399 - ****************Corrida 8 ************************
15:23:21,208  INFO main:400 - Fitness solucion: 31.0
15:23:21,208  INFO main:401 - Indice: 31
15:23:21,208  INFO main:402 - Generacion: 0
15:23:21,209  INFO main:403 - Rechazados: 30
15:23:21,209  INFO main:413 - Individuo Solucion: {24,11,2,8,4,29,21,22,0,5,3,10,28,12,16,23,1,13,26,18,19,9,25,27,15,20,7,14,17,6}

15:23:21,209  INFO main:414 - *****************************************************
15:23:21,322  INFO main:399 - ****************Corrida 9 ************************
15:23:21,322  INFO main:400 - Fitness solucion: 31.0
15:23:21,323  INFO main:401 - Indice: 31
15:23:21,323  INFO main:402 - Generacion: 0
15:23:21,323  INFO main:403 - Rechazados: 30
15:23:21,323  INFO main:413 - Individuo Solucion: {2,5,8,11,26,17,25,14,16,3,10,9,18,19,20,28,22,23,4,1,15,7,24,6,13,21,29,12,27,0}

15:23:21,323  INFO main:414 - *****************************************************
15:23:21,440  INFO main:399 - ****************Corrida 10 ************************
15:23:21,440  INFO main:400 - Fitness solucion: 31.0
15:23:21,441  INFO main:401 - Indice: 31
15:23:21,441  INFO main:402 - Generacion: 0
15:23:21,441  INFO main:403 - Rechazados: 30
15:23:21,441  INFO main:413 - Individuo Solucion: {29,11,1,28,23,9,26,3,10,17,18,7,14,22,2,5,21,24,13,27,12,8,4,20,19,25,16,15,0,6}

15:23:21,441  INFO main:414 - *****************************************************
15:23:21,558  INFO main:399 - ****************Corrida 11 ************************
15:23:21,558  INFO main:400 - Fitness solucion: 31.0
15:23:21,558  INFO main:401 - Indice: 31
15:23:21,558  INFO main:402 - Generacion: 0
15:23:21,558  INFO main:403 - Rechazados: 30
15:23:21,558  INFO main:413 - Individuo Solucion: {0,20,1,21,8,6,3,12,5,25,2,27,16,9,4,24,11,13,17,29,10,28,26,14,7,22,15,23,18,19}

15:23:21,559  INFO main:414 - *****************************************************
15:23:21,676  INFO main:399 - ****************Corrida 12 ************************
15:23:21,676  INFO main:400 - Fitness solucion: 31.0
15:23:21,676  INFO main:401 - Indice: 31
15:23:21,676  INFO main:402 - Generacion: 0
15:23:21,676  INFO main:403 - Rechazados: 30
15:23:21,676  INFO main:413 - Individuo Solucion: {0,27,3,1,25,6,15,28,5,12,11,16,29,18,7,26,14,13,2,10,19,23,24,8,20,9,4,21,22,17}

15:23:21,677  INFO main:414 - *****************************************************
15:23:21,798  INFO main:399 - ****************Corrida 13 ************************
15:23:21,798  INFO main:400 - Fitness solucion: 31.0
15:23:21,798  INFO main:401 - Indice: 31
15:23:21,799  INFO main:402 - Generacion: 0
15:23:21,799  INFO main:403 - Rechazados: 30
15:23:21,799  INFO main:413 - Individuo Solucion: {23,0,12,4,2,8,3,13,14,22,10,6,21,1,11,24,19,7,26,27,28,17,16,15,29,25,18,20,9,5}

15:23:21,799  INFO main:414 - *****************************************************
15:23:21,903  INFO main:399 - ****************Corrida 14 ************************
15:23:21,903  INFO main:400 - Fitness solucion: 31.0
15:23:21,903  INFO main:401 - Indice: 31
15:23:21,903  INFO main:402 - Generacion: 0
15:23:21,903  INFO main:403 - Rechazados: 30
15:23:21,903  INFO main:413 - Individuo Solucion: {20,27,5,19,4,0,13,18,6,9,1,23,2,22,16,28,3,25,8,10,29,24,7,26,14,12,21,15,17,11}

15:23:21,903  INFO main:414 - *****************************************************
15:23:22,013  INFO main:399 - ****************Corrida 15 ************************
15:23:22,013  INFO main:400 - Fitness solucion: 31.0
15:23:22,013  INFO main:401 - Indice: 31
15:23:22,013  INFO main:402 - Generacion: 0
15:23:22,014  INFO main:403 - Rechazados: 30
15:23:22,014  INFO main:413 - Individuo Solucion: {28,1,6,7,0,4,3,19,29,13,12,24,8,10,27,15,11,5,16,25,21,14,2,9,17,22,18,23,20,26}

15:23:22,014  INFO main:414 - *****************************************************
15:23:22,123  INFO main:399 - ****************Corrida 16 ************************
15:23:22,123  INFO main:400 - Fitness solucion: 31.0
15:23:22,124  INFO main:401 - Indice: 31
15:23:22,124  INFO main:402 - Generacion: 0
15:23:22,124  INFO main:403 - Rechazados: 30
15:23:22,124  INFO main:413 - Individuo Solucion: {26,20,21,3,8,22,2,25,13,23,11,10,24,0,4,19,14,29,17,7,27,28,6,18,12,15,5,1,9,16}

15:23:22,124  INFO main:414 - *****************************************************
15:23:22,228  INFO main:399 - ****************Corrida 17 ************************
15:23:22,228  INFO main:400 - Fitness solucion: 31.0
15:23:22,228  INFO main:401 - Indice: 31
15:23:22,228  INFO main:402 - Generacion: 0
15:23:22,228  INFO main:403 - Rechazados: 30
15:23:22,228  INFO main:413 - Individuo Solucion: {14,7,4,8,12,10,25,6,22,3,24,9,2,21,23,15,1,13,17,28,5,11,19,16,18,20,0,27,29,26}

15:23:22,228  INFO main:414 - *****************************************************
15:23:22,330  INFO main:399 - ****************Corrida 18 ************************
15:23:22,330  INFO main:400 - Fitness solucion: 31.0
15:23:22,330  INFO main:401 - Indice: 31
15:23:22,330  INFO main:402 - Generacion: 0
15:23:22,330  INFO main:403 - Rechazados: 30
15:23:22,331  INFO main:413 - Individuo Solucion: {9,10,1,16,3,6,23,17,15,20,13,27,19,11,8,0,26,2,4,25,18,22,29,28,7,24,12,5,21,14}

15:23:22,331  INFO main:414 - *****************************************************
15:23:22,433  INFO main:399 - ****************Corrida 19 ************************
15:23:22,434  INFO main:400 - Fitness solucion: 31.0
15:23:22,434  INFO main:401 - Indice: 31
15:23:22,434  INFO main:402 - Generacion: 0
15:23:22,434  INFO main:403 - Rechazados: 30
15:23:22,434  INFO main:413 - Individuo Solucion: {8,22,5,16,28,2,11,23,0,1,6,12,25,3,17,26,4,21,18,15,10,14,27,7,9,24,20,29,19,13}

15:23:22,434  INFO main:414 - *****************************************************
15:23:22,637  INFO main:399 - ****************Corrida 20 ************************
15:23:22,637  INFO main:400 - Fitness solucion: 31.0
15:23:22,637  INFO main:401 - Indice: 31
15:23:22,638  INFO main:402 - Generacion: 0
15:23:22,638  INFO main:403 - Rechazados: 30
15:23:22,638  INFO main:413 - Individuo Solucion: {1,11,8,3,27,18,26,6,16,2,25,0,15,7,4,10,28,29,24,17,13,21,23,14,12,22,20,9,5,19}

15:23:22,638  INFO main:414 - *****************************************************
15:23:22,784  INFO main:399 - ****************Corrida 21 ************************
15:23:22,784  INFO main:400 - Fitness solucion: 31.0
15:23:22,785  INFO main:401 - Indice: 31
15:23:22,785  INFO main:402 - Generacion: 0
15:23:22,786  INFO main:403 - Rechazados: 30
15:23:22,786  INFO main:413 - Individuo Solucion: {22,6,2,28,5,1,11,24,10,15,4,16,13,18,23,14,12,8,20,29,9,25,27,17,7,21,3,19,0,26}

15:23:22,786  INFO main:414 - *****************************************************
15:23:22,930  INFO main:399 - ****************Corrida 22 ************************
15:23:22,930  INFO main:400 - Fitness solucion: 31.0
15:23:22,930  INFO main:401 - Indice: 31
15:23:22,930  INFO main:402 - Generacion: 0
15:23:22,931  INFO main:403 - Rechazados: 30
15:23:22,931  INFO main:413 - Individuo Solucion: {20,8,14,5,25,21,17,16,18,26,0,4,2,13,10,7,28,22,6,12,24,11,15,1,23,3,9,27,19,29}

15:23:22,931  INFO main:414 - *****************************************************
15:23:23,088  INFO main:399 - ****************Corrida 23 ************************
15:23:23,088  INFO main:400 - Fitness solucion: 31.0
15:23:23,089  INFO main:401 - Indice: 31
15:23:23,089  INFO main:402 - Generacion: 0
15:23:23,089  INFO main:403 - Rechazados: 30
15:23:23,089  INFO main:413 - Individuo Solucion: {24,0,4,3,22,28,11,14,12,10,29,2,17,6,15,13,27,23,7,16,18,26,5,19,8,1,9,25,21,20}

15:23:23,089  INFO main:414 - *****************************************************
15:23:23,281  INFO main:399 - ****************Corrida 24 ************************
15:23:23,281  INFO main:400 - Fitness solucion: 31.0
15:23:23,281  INFO main:401 - Indice: 31
15:23:23,282  INFO main:402 - Generacion: 0
15:23:23,282  INFO main:403 - Rechazados: 30
15:23:23,282  INFO main:413 - Individuo Solucion: {11,27,18,1,22,24,8,14,25,6,26,5,7,23,3,19,29,20,10,12,2,15,4,0,28,17,21,16,13,9}

15:23:23,282  INFO main:414 - *****************************************************
15:23:23,419  INFO main:399 - ****************Corrida 25 ************************
15:23:23,420  INFO main:400 - Fitness solucion: 31.0
15:23:23,420  INFO main:401 - Indice: 31
15:23:23,420  INFO main:402 - Generacion: 0
15:23:23,420  INFO main:403 - Rechazados: 30
15:23:23,421  INFO main:413 - Individuo Solucion: {17,21,2,14,20,11,18,10,29,1,19,27,22,15,12,5,25,3,13,26,9,6,7,24,28,16,23,0,8,4}

15:23:23,421  INFO main:414 - *****************************************************
15:23:23,546  INFO main:399 - ****************Corrida 26 ************************
15:23:23,546  INFO main:400 - Fitness solucion: 31.0
15:23:23,547  INFO main:401 - Indice: 31
15:23:23,547  INFO main:402 - Generacion: 0
15:23:23,547  INFO main:403 - Rechazados: 30
15:23:23,547  INFO main:413 - Individuo Solucion: {3,6,8,29,25,11,23,4,20,21,26,17,13,18,7,22,1,9,14,5,19,0,12,16,2,27,10,28,15,24}

15:23:23,547  INFO main:414 - *****************************************************
15:23:23,667  INFO main:399 - ****************Corrida 27 ************************
15:23:23,668  INFO main:400 - Fitness solucion: 31.0
15:23:23,668  INFO main:401 - Indice: 31
15:23:23,668  INFO main:402 - Generacion: 0
15:23:23,668  INFO main:403 - Rechazados: 30
15:23:23,668  INFO main:413 - Individuo Solucion: {1,5,26,6,12,23,14,2,10,9,11,13,8,16,25,18,19,22,7,29,17,15,24,4,0,3,28,21,20,27}

15:23:23,668  INFO main:414 - *****************************************************
15:23:23,786  INFO main:399 - ****************Corrida 28 ************************
15:23:23,787  INFO main:400 - Fitness solucion: 31.0
15:23:23,787  INFO main:401 - Indice: 31
15:23:23,787  INFO main:402 - Generacion: 0
15:23:23,787  INFO main:403 - Rechazados: 30
15:23:23,787  INFO main:413 - Individuo Solucion: {27,1,17,4,10,23,2,15,3,26,11,0,22,28,13,24,5,19,7,9,29,16,20,8,14,25,12,6,18,21}

15:23:23,787  INFO main:414 - *****************************************************
15:23:23,896  INFO main:399 - ****************Corrida 29 ************************
15:23:23,896  INFO main:400 - Fitness solucion: 31.0
15:23:23,897  INFO main:401 - Indice: 31
15:23:23,897  INFO main:402 - Generacion: 0
15:23:23,897  INFO main:403 - Rechazados: 30
15:23:23,897  INFO main:413 - Individuo Solucion: {0,18,3,2,21,24,19,11,26,9,20,1,12,14,17,28,15,25,8,10,13,5,27,23,6,16,22,7,29,4}

15:23:23,897  INFO main:414 - *****************************************************
15:23:23,897  INFO main:416 - Tiempo AGP: 147
15:23:23,897  INFO main:417 - Promedio Final: 31
15:23:23,897  INFO main:418 - Promedio Generaciones: 0
15:23:23,897  INFO main:420 - *****************Resultados********************
15:23:23,897  INFO main:422 - result: 31.0
15:23:23,897  INFO main:422 - result: 31.0
15:23:23,897  INFO main:422 - result: 31.0
15:23:23,898  INFO main:422 - result: 31.0
15:23:23,898  INFO main:422 - result: 31.0
15:23:23,898  INFO main:422 - result: 31.0
15:23:23,898  INFO main:422 - result: 31.0
15:23:23,898  INFO main:422 - result: 31.0
15:23:23,898  INFO main:422 - result: 31.0
15:23:23,898  INFO main:422 - result: 31.0
15:23:23,898  INFO main:422 - result: 31.0
15:23:23,898  INFO main:422 - result: 31.0
15:23:23,898  INFO main:422 - result: 31.0
15:23:23,898  INFO main:422 - result: 31.0
15:23:23,898  INFO main:422 - result: 31.0
15:23:23,898  INFO main:422 - result: 31.0
15:23:23,898  INFO main:422 - result: 31.0
15:23:23,899  INFO main:422 - result: 31.0
15:23:23,899  INFO main:422 - result: 31.0
15:23:23,899  INFO main:422 - result: 31.0
15:23:23,899  INFO main:422 - result: 31.0
15:23:23,899  INFO main:422 - result: 31.0
15:23:23,899  INFO main:422 - result: 31.0
15:23:23,899  INFO main:422 - result: 31.0
15:23:23,899  INFO main:422 - result: 31.0
15:23:23,899  INFO main:422 - result: 31.0
15:23:23,899  INFO main:422 - result: 31.0
15:23:23,899  INFO main:422 - result: 31.0
15:23:23,899  INFO main:422 - result: 31.0
15:23:23,899  INFO main:422 - result: 31.0
15:23:23,900  INFO main:424 - *****************Generaciones********************
15:23:23,900  INFO main:426 - Generacion: 0
15:23:23,900  INFO main:426 - Generacion: 0
15:23:23,900  INFO main:426 - Generacion: 0
15:23:23,900  INFO main:426 - Generacion: 0
15:23:23,900  INFO main:426 - Generacion: 0
15:23:23,900  INFO main:426 - Generacion: 0
15:23:23,900  INFO main:426 - Generacion: 0
15:23:23,900  INFO main:426 - Generacion: 0
15:23:23,900  INFO main:426 - Generacion: 0
15:23:23,900  INFO main:426 - Generacion: 0
15:23:23,900  INFO main:426 - Generacion: 0
15:23:23,900  INFO main:426 - Generacion: 0
15:23:23,901  INFO main:426 - Generacion: 0
15:23:23,901  INFO main:426 - Generacion: 0
15:23:23,901  INFO main:426 - Generacion: 0
15:23:23,901  INFO main:426 - Generacion: 0
15:23:23,901  INFO main:426 - Generacion: 0
15:23:23,901  INFO main:426 - Generacion: 0
15:23:23,901  INFO main:426 - Generacion: 0
15:23:23,901  INFO main:426 - Generacion: 0
15:23:23,901  INFO main:426 - Generacion: 0
15:23:23,901  INFO main:426 - Generacion: 0
15:23:23,901  INFO main:426 - Generacion: 0
15:23:23,901  INFO main:426 - Generacion: 0
15:23:23,901  INFO main:426 - Generacion: 0
15:23:23,901  INFO main:426 - Generacion: 0
15:23:23,901  INFO main:426 - Generacion: 0
15:23:23,901  INFO main:426 - Generacion: 0
15:23:23,902  INFO main:426 - Generacion: 0
15:23:23,902  INFO main:426 - Generacion: 0
