16:17:00,698  INFO main:168 - Logueando
16:21:22,166  INFO main:300 - Tiempo PreCalculo: 261465
16:21:22,170  INFO main:387 - ****************AG PERMUTACION****************
16:21:23,096  INFO main:401 - ****************Corrida 0 ************************
16:21:23,097  INFO main:402 - Fitness solucion: 42.0
16:21:23,097  INFO main:403 - Indice: 44
16:21:23,097  INFO main:404 - Generacion: 0
16:21:23,097  INFO main:405 - Rechazados: 2
16:21:23,097  INFO main:417 - Individuo Solucion: {4,32,29,37,10,26,7,3,15,2,44,12,31,43,45,16,30,18,9,24,17,11,20,1,14,25,48,21,8,46,33,39,5,41,27,13,19,22,6,23,28,47,0,38,35,49,40,34,42,36}

16:21:23,097  INFO main:418 - *****************************************************
16:21:23,555  INFO main:401 - ****************Corrida 1 ************************
16:21:23,556  INFO main:402 - Fitness solucion: 42.0
16:21:23,556  INFO main:403 - Indice: 45
16:21:23,556  INFO main:404 - Generacion: 1
16:21:23,556  INFO main:405 - Rechazados: 2
16:21:23,556  INFO main:417 - Individuo Solucion: {0,11,1,49,18,13,8,48,10,17,20,40,6,26,22,9,21,29,12,28,42,45,3,32,25,38,15,46,2,44,5,27,14,41,23,43,35,24,30,31,4,47,37,34,19,7,16,33,39,36}

16:21:23,557  INFO main:418 - *****************************************************
16:21:23,747  INFO main:401 - ****************Corrida 2 ************************
16:21:23,747  INFO main:402 - Fitness solucion: 42.0
16:21:23,747  INFO main:403 - Indice: 45
16:21:23,747  INFO main:404 - Generacion: 1
16:21:23,747  INFO main:405 - Rechazados: 2
16:21:23,747  INFO main:417 - Individuo Solucion: {0,28,1,43,7,9,10,18,26,37,6,20,24,23,17,22,39,8,2,49,25,4,32,35,38,41,48,3,45,21,36,27,42,29,44,31,34,12,14,33,11,5,13,19,47,40,16,30,15,46}

16:21:23,747  INFO main:418 - *****************************************************
16:21:23,944  INFO main:401 - ****************Corrida 3 ************************
16:21:23,944  INFO main:402 - Fitness solucion: 41.0
16:21:23,944  INFO main:403 - Indice: 42
16:21:23,944  INFO main:404 - Generacion: 6
16:21:23,945  INFO main:405 - Rechazados: 2
16:21:23,945  INFO main:417 - Individuo Solucion: {8,18,35,40,25,9,22,37,17,13,42,44,26,28,32,47,1,4,0,6,24,29,33,21,3,43,14,31,15,36,10,39,48,45,2,41,38,12,49,27,30,5,46,19,11,23,7,20,34,16}

16:21:23,945  INFO main:418 - *****************************************************
16:21:24,118  INFO main:401 - ****************Corrida 4 ************************
16:21:24,118  INFO main:402 - Fitness solucion: 42.0
16:21:24,118  INFO main:403 - Indice: 44
16:21:24,118  INFO main:404 - Generacion: 0
16:21:24,118  INFO main:405 - Rechazados: 2
16:21:24,119  INFO main:417 - Individuo Solucion: {35,5,45,2,6,47,11,48,20,26,36,40,30,15,39,27,41,9,14,25,32,21,7,28,24,49,46,33,29,42,0,19,13,38,10,34,23,4,3,18,44,22,43,31,1,37,17,12,16,8}

16:21:24,119  INFO main:418 - *****************************************************
16:21:24,290  INFO main:401 - ****************Corrida 5 ************************
16:21:24,290  INFO main:402 - Fitness solucion: 40.0
16:21:24,290  INFO main:403 - Indice: 42
16:21:24,290  INFO main:404 - Generacion: 8
16:21:24,290  INFO main:405 - Rechazados: 2
16:21:24,291  INFO main:417 - Individuo Solucion: {0,41,43,37,34,24,25,35,46,12,11,3,13,19,47,8,30,10,44,36,6,7,27,17,1,18,32,15,22,21,20,9,40,49,39,4,48,5,42,38,26,31,2,28,14,45,23,29,33,16}

16:21:24,291  INFO main:418 - *****************************************************
16:21:24,462  INFO main:401 - ****************Corrida 6 ************************
16:21:24,462  INFO main:402 - Fitness solucion: 42.0
16:21:24,462  INFO main:403 - Indice: 45
16:21:24,463  INFO main:404 - Generacion: 0
16:21:24,463  INFO main:405 - Rechazados: 2
16:21:24,466  INFO main:417 - Individuo Solucion: {0,2,15,28,45,17,12,22,16,44,21,27,10,13,40,3,47,14,7,38,42,4,9,24,33,37,29,48,31,36,35,41,49,20,32,23,8,43,18,1,25,5,46,39,26,30,6,11,34,19}

16:21:24,466  INFO main:418 - *****************************************************
16:21:25,003  INFO main:401 - ****************Corrida 7 ************************
16:21:25,003  INFO main:402 - Fitness solucion: 40.0
16:21:25,004  INFO main:403 - Indice: 44
16:21:25,004  INFO main:404 - Generacion: 0
16:21:25,004  INFO main:405 - Rechazados: 2
16:21:25,005  INFO main:417 - Individuo Solucion: {35,31,44,18,47,2,40,22,48,15,42,46,9,7,19,49,28,5,21,4,33,39,11,37,32,26,10,6,41,29,3,27,14,17,24,38,25,13,12,20,16,34,0,30,8,1,43,23,36,45}

16:21:25,005  INFO main:418 - *****************************************************
16:21:25,575  INFO main:401 - ****************Corrida 8 ************************
16:21:25,576  INFO main:402 - Fitness solucion: 40.0
16:21:25,576  INFO main:403 - Indice: 45
16:21:25,577  INFO main:404 - Generacion: 0
16:21:25,577  INFO main:405 - Rechazados: 2
16:21:25,578  INFO main:417 - Individuo Solucion: {6,26,17,37,2,35,39,33,31,10,22,7,40,30,4,19,20,27,12,13,49,36,38,42,34,14,11,5,25,28,47,43,45,3,21,1,18,15,8,24,46,44,41,32,16,23,29,9,48,0}

16:21:25,578  INFO main:418 - *****************************************************
16:21:26,016  INFO main:401 - ****************Corrida 9 ************************
16:21:26,017  INFO main:402 - Fitness solucion: 42.0
16:21:26,017  INFO main:403 - Indice: 45
16:21:26,018  INFO main:404 - Generacion: 0
16:21:26,018  INFO main:405 - Rechazados: 2
16:21:26,018  INFO main:417 - Individuo Solucion: {3,12,1,2,26,8,28,7,40,19,18,44,48,37,24,13,25,46,45,0,27,15,30,47,41,14,17,35,9,33,39,21,38,29,22,34,6,36,20,32,49,11,10,43,23,4,42,5,16,31}

16:21:26,019  INFO main:418 - *****************************************************
16:21:26,441  INFO main:401 - ****************Corrida 10 ************************
16:21:26,441  INFO main:402 - Fitness solucion: 42.0
16:21:26,441  INFO main:403 - Indice: 44
16:21:26,442  INFO main:404 - Generacion: 0
16:21:26,442  INFO main:405 - Rechazados: 2
16:21:26,442  INFO main:417 - Individuo Solucion: {37,5,48,3,9,31,43,16,7,17,26,14,19,22,27,34,1,28,8,10,6,2,45,42,21,12,39,47,35,20,25,0,30,18,11,32,29,33,15,24,44,38,46,49,4,36,40,41,23,13}

16:21:26,442  INFO main:418 - *****************************************************
16:21:26,863  INFO main:401 - ****************Corrida 11 ************************
16:21:26,863  INFO main:402 - Fitness solucion: 42.0
16:21:26,864  INFO main:403 - Indice: 44
16:21:26,864  INFO main:404 - Generacion: 0
16:21:26,864  INFO main:405 - Rechazados: 3
16:21:26,865  INFO main:417 - Individuo Solucion: {2,0,17,24,8,46,32,49,7,45,9,41,26,18,39,34,25,28,37,21,23,14,42,43,5,31,20,29,1,40,6,36,22,12,47,44,4,33,16,19,10,15,48,13,27,35,11,30,3,38}

16:21:26,865  INFO main:418 - *****************************************************
16:21:27,296  INFO main:401 - ****************Corrida 12 ************************
16:21:27,297  INFO main:402 - Fitness solucion: 41.0
16:21:27,297  INFO main:403 - Indice: 43
16:21:27,298  INFO main:404 - Generacion: 0
16:21:27,298  INFO main:405 - Rechazados: 2
16:21:27,299  INFO main:417 - Individuo Solucion: {46,31,7,43,30,10,1,40,18,29,36,12,15,19,47,17,13,14,11,9,2,5,34,25,0,35,4,20,6,27,44,42,3,23,21,39,24,28,32,38,22,45,33,49,41,26,37,16,8,48}

16:21:27,299  INFO main:418 - *****************************************************
16:21:27,731  INFO main:401 - ****************Corrida 13 ************************
16:21:27,731  INFO main:402 - Fitness solucion: 40.0
16:21:27,731  INFO main:403 - Indice: 43
16:21:27,732  INFO main:404 - Generacion: 6
16:21:27,732  INFO main:405 - Rechazados: 2
16:21:27,732  INFO main:417 - Individuo Solucion: {4,37,6,28,27,18,47,30,29,21,38,15,31,2,33,5,14,7,17,12,19,46,0,3,34,10,8,49,13,25,1,11,44,35,20,41,40,16,22,23,26,24,45,48,39,43,36,9,32,42}

16:21:27,733  INFO main:418 - *****************************************************
16:21:28,153  INFO main:401 - ****************Corrida 14 ************************
16:21:28,154  INFO main:402 - Fitness solucion: 41.0
16:21:28,154  INFO main:403 - Indice: 42
16:21:28,154  INFO main:404 - Generacion: 2
16:21:28,155  INFO main:405 - Rechazados: 2
16:21:28,155  INFO main:417 - Individuo Solucion: {6,14,39,10,5,8,18,27,17,28,30,37,3,35,20,2,24,13,1,45,4,40,12,47,44,46,0,22,19,16,9,23,36,15,33,25,26,7,32,21,31,43,38,49,11,34,48,41,29,42}

16:21:28,155  INFO main:418 - *****************************************************
16:21:28,602  INFO main:401 - ****************Corrida 15 ************************
16:21:28,602  INFO main:402 - Fitness solucion: 41.0
16:21:28,603  INFO main:403 - Indice: 45
16:21:28,603  INFO main:404 - Generacion: 5
16:21:28,604  INFO main:405 - Rechazados: 2
16:21:28,604  INFO main:417 - Individuo Solucion: {2,1,9,15,14,18,33,6,35,5,13,32,8,45,28,17,0,49,41,40,29,37,3,22,30,25,19,11,31,42,4,21,44,26,24,43,10,47,20,7,27,34,12,38,16,39,36,48,46,23}

16:21:28,605  INFO main:418 - *****************************************************
16:21:29,124  INFO main:401 - ****************Corrida 16 ************************
16:21:29,125  INFO main:402 - Fitness solucion: 42.0
16:21:29,125  INFO main:403 - Indice: 44
16:21:29,125  INFO main:404 - Generacion: 0
16:21:29,126  INFO main:405 - Rechazados: 2
16:21:29,126  INFO main:417 - Individuo Solucion: {30,5,6,9,47,0,44,33,17,15,29,21,45,34,14,43,32,22,27,48,13,8,49,18,38,11,12,20,10,23,39,40,24,19,31,1,25,28,3,37,2,36,35,16,7,41,26,46,42,4}

16:21:29,126  INFO main:418 - *****************************************************
16:21:29,664  INFO main:401 - ****************Corrida 17 ************************
16:21:29,664  INFO main:402 - Fitness solucion: 42.0
16:21:29,665  INFO main:403 - Indice: 44
16:21:29,665  INFO main:404 - Generacion: 3
16:21:29,665  INFO main:405 - Rechazados: 2
16:21:29,666  INFO main:417 - Individuo Solucion: {3,7,28,8,29,22,40,37,0,16,19,34,4,41,18,38,20,49,6,11,15,42,21,46,39,1,2,47,48,25,24,32,10,5,27,31,33,45,36,30,9,26,44,14,17,43,13,23,35,12}

16:21:29,667  INFO main:418 - *****************************************************
16:21:30,186  INFO main:401 - ****************Corrida 18 ************************
16:21:30,187  INFO main:402 - Fitness solucion: 42.0
16:21:30,187  INFO main:403 - Indice: 44
16:21:30,188  INFO main:404 - Generacion: 1
16:21:30,188  INFO main:405 - Rechazados: 2
16:21:30,188  INFO main:417 - Individuo Solucion: {29,47,25,2,38,20,9,27,24,15,7,11,14,0,21,39,30,49,48,33,10,44,5,41,22,23,3,18,12,42,13,35,6,8,46,19,32,28,40,31,1,43,17,37,26,4,36,45,16,34}

16:21:30,189  INFO main:418 - *****************************************************
16:21:30,784  INFO main:401 - ****************Corrida 19 ************************
16:21:30,785  INFO main:402 - Fitness solucion: 40.0
16:21:30,785  INFO main:403 - Indice: 44
16:21:30,785  INFO main:404 - Generacion: 1
16:21:30,786  INFO main:405 - Rechazados: 2
16:21:30,786  INFO main:417 - Individuo Solucion: {2,17,7,8,45,3,10,47,27,19,43,48,14,24,25,1,18,37,11,4,5,15,35,0,26,38,33,49,21,31,12,22,9,46,41,13,30,28,34,20,29,36,40,39,6,42,32,44,16,23}

16:21:30,786  INFO main:418 - *****************************************************
16:21:31,293  INFO main:401 - ****************Corrida 20 ************************
16:21:31,294  INFO main:402 - Fitness solucion: 42.0
16:21:31,294  INFO main:403 - Indice: 47
16:21:31,294  INFO main:404 - Generacion: 1
16:21:31,295  INFO main:405 - Rechazados: 2
16:21:31,295  INFO main:417 - Individuo Solucion: {0,1,14,10,9,6,33,19,12,42,26,8,27,3,24,11,2,43,4,44,18,25,41,5,16,20,49,45,7,22,37,36,40,28,32,38,48,23,46,34,39,29,30,15,47,31,21,35,17,13}

16:21:31,295  INFO main:418 - *****************************************************
16:21:31,913  INFO main:401 - ****************Corrida 21 ************************
16:21:31,913  INFO main:402 - Fitness solucion: 40.0
16:21:31,914  INFO main:403 - Indice: 45
16:21:31,914  INFO main:404 - Generacion: 5
16:21:31,914  INFO main:405 - Rechazados: 2
16:21:31,915  INFO main:417 - Individuo Solucion: {10,47,2,14,11,12,22,15,32,30,13,28,6,36,45,18,24,27,40,4,41,17,34,26,33,0,25,31,29,46,42,49,1,44,7,9,37,5,3,23,48,35,8,19,20,21,16,39,38,43}

16:21:31,915  INFO main:418 - *****************************************************
16:21:32,432  INFO main:401 - ****************Corrida 22 ************************
16:21:32,433  INFO main:402 - Fitness solucion: 40.0
16:21:32,433  INFO main:403 - Indice: 44
16:21:32,433  INFO main:404 - Generacion: 0
16:21:32,434  INFO main:405 - Rechazados: 2
16:21:32,434  INFO main:417 - Individuo Solucion: {25,20,18,37,5,8,28,6,46,24,47,38,9,35,17,4,22,27,7,34,15,41,30,49,13,39,3,45,31,10,42,11,12,19,48,43,32,36,29,1,40,26,21,14,44,0,2,23,16,33}

16:21:32,434  INFO main:418 - *****************************************************
16:21:32,987  INFO main:401 - ****************Corrida 23 ************************
16:21:32,987  INFO main:402 - Fitness solucion: 40.0
16:21:32,988  INFO main:403 - Indice: 43
16:21:32,988  INFO main:404 - Generacion: 9
16:21:32,988  INFO main:405 - Rechazados: 2
16:21:32,989  INFO main:417 - Individuo Solucion: {9,6,26,44,46,49,8,36,21,18,13,33,40,38,48,10,37,22,1,41,3,4,25,24,32,5,29,42,27,20,19,34,11,2,12,39,47,16,17,43,28,0,35,31,7,14,15,30,45,23}

16:21:32,989  INFO main:418 - *****************************************************
16:21:33,493  INFO main:401 - ****************Corrida 24 ************************
16:21:33,493  INFO main:402 - Fitness solucion: 42.0
16:21:33,493  INFO main:403 - Indice: 48
16:21:33,494  INFO main:404 - Generacion: 0
16:21:33,494  INFO main:405 - Rechazados: 2
16:21:33,495  INFO main:417 - Individuo Solucion: {30,1,20,33,48,15,42,27,18,35,13,12,26,7,9,28,16,44,31,2,10,46,29,37,47,0,25,32,39,21,24,38,3,41,14,5,49,4,36,23,11,43,8,40,45,6,34,22,17,19}

16:21:33,495  INFO main:418 - *****************************************************
16:21:34,006  INFO main:401 - ****************Corrida 25 ************************
16:21:34,006  INFO main:402 - Fitness solucion: 40.0
16:21:34,006  INFO main:403 - Indice: 43
16:21:34,007  INFO main:404 - Generacion: 6
16:21:34,007  INFO main:405 - Rechazados: 2
16:21:34,007  INFO main:417 - Individuo Solucion: {28,8,45,18,1,43,0,41,7,37,33,38,49,36,40,4,12,17,29,22,48,27,11,24,10,6,21,32,20,44,13,26,2,5,39,34,25,14,3,9,30,47,35,16,15,23,31,19,46,42}

16:21:34,008  INFO main:418 - *****************************************************
16:21:34,533  INFO main:401 - ****************Corrida 26 ************************
16:21:34,534  INFO main:402 - Fitness solucion: 40.0
16:21:34,534  INFO main:403 - Indice: 44
16:21:34,535  INFO main:404 - Generacion: 8
16:21:34,535  INFO main:405 - Rechazados: 2
16:21:34,535  INFO main:417 - Individuo Solucion: {19,25,1,28,44,12,17,13,18,33,20,32,21,15,46,42,0,41,27,2,3,39,14,37,38,5,29,26,36,49,22,43,35,4,9,8,45,7,47,6,24,48,11,23,10,31,30,40,34,16}

16:21:34,536  INFO main:418 - *****************************************************
16:21:35,055  INFO main:401 - ****************Corrida 27 ************************
16:21:35,056  INFO main:402 - Fitness solucion: 42.0
16:21:35,056  INFO main:403 - Indice: 48
16:21:35,057  INFO main:404 - Generacion: 0
16:21:35,057  INFO main:405 - Rechazados: 2
16:21:35,057  INFO main:417 - Individuo Solucion: {40,30,18,43,29,0,2,15,47,7,28,37,23,19,49,11,32,3,14,38,34,25,33,22,20,21,1,36,6,48,46,17,4,44,13,12,41,10,45,9,31,5,39,42,8,35,16,26,27,24}

16:21:35,057  INFO main:418 - *****************************************************
16:21:35,592  INFO main:401 - ****************Corrida 28 ************************
16:21:35,593  INFO main:402 - Fitness solucion: 42.0
16:21:35,593  INFO main:403 - Indice: 44
16:21:35,594  INFO main:404 - Generacion: 1
16:21:35,594  INFO main:405 - Rechazados: 2
16:21:35,594  INFO main:417 - Individuo Solucion: {0,8,5,37,39,41,42,28,3,10,11,13,4,44,9,2,20,22,49,17,14,1,31,7,47,16,26,21,27,40,45,29,12,34,43,38,25,6,15,46,30,32,23,18,24,19,48,36,35,33}

16:21:35,595  INFO main:418 - *****************************************************
16:21:36,148  INFO main:401 - ****************Corrida 29 ************************
16:21:36,148  INFO main:402 - Fitness solucion: 42.0
16:21:36,149  INFO main:403 - Indice: 45
16:21:36,149  INFO main:404 - Generacion: 0
16:21:36,149  INFO main:405 - Rechazados: 2
16:21:36,150  INFO main:417 - Individuo Solucion: {37,19,0,13,1,18,44,32,45,17,31,14,20,34,47,27,21,28,6,12,46,22,48,10,30,25,43,2,5,35,26,7,23,24,29,42,40,8,11,4,15,38,9,3,33,41,36,49,16,39}

16:21:36,151  INFO main:418 - *****************************************************
16:21:36,151  INFO main:420 - Tiempo AGP: 463
16:21:36,151  INFO main:422 - Promedio Final: 41
16:21:36,152  INFO main:424 - Promedio Generaciones: 0
16:21:36,152  INFO main:427 - Promedio Rechazos: 2
16:21:36,153  INFO main:430 - Promedio Defragmentacion: 1.7686666666666668
16:21:36,153  INFO main:432 - *****************Resultados********************
16:21:36,153  INFO main:434 - result: 42.0
16:21:36,154  INFO main:434 - result: 42.0
16:21:36,154  INFO main:434 - result: 42.0
16:21:36,154  INFO main:434 - result: 41.0
16:21:36,154  INFO main:434 - result: 42.0
16:21:36,155  INFO main:434 - result: 40.0
16:21:36,155  INFO main:434 - result: 42.0
16:21:36,155  INFO main:434 - result: 40.0
16:21:36,156  INFO main:434 - result: 40.0
16:21:36,156  INFO main:434 - result: 42.0
16:21:36,156  INFO main:434 - result: 42.0
16:21:36,156  INFO main:434 - result: 42.0
16:21:36,157  INFO main:434 - result: 41.0
16:21:36,157  INFO main:434 - result: 40.0
16:21:36,157  INFO main:434 - result: 41.0
16:21:36,158  INFO main:434 - result: 41.0
16:21:36,158  INFO main:434 - result: 42.0
16:21:36,158  INFO main:434 - result: 42.0
16:21:36,158  INFO main:434 - result: 42.0
16:21:36,159  INFO main:434 - result: 40.0
16:21:36,159  INFO main:434 - result: 42.0
16:21:36,159  INFO main:434 - result: 40.0
16:21:36,160  INFO main:434 - result: 40.0
16:21:36,160  INFO main:434 - result: 40.0
16:21:36,160  INFO main:434 - result: 42.0
16:21:36,161  INFO main:434 - result: 40.0
16:21:36,161  INFO main:434 - result: 40.0
16:21:36,161  INFO main:434 - result: 42.0
16:21:36,161  INFO main:434 - result: 42.0
16:21:36,162  INFO main:434 - result: 42.0
16:21:36,162  INFO main:436 - *****************Generaciones********************
16:21:36,162  INFO main:438 - Generacion: 0
16:21:36,163  INFO main:438 - Generacion: 0
16:21:36,163  INFO main:438 - Generacion: 0
16:21:36,163  INFO main:438 - Generacion: 0
16:21:36,163  INFO main:438 - Generacion: 0
16:21:36,164  INFO main:438 - Generacion: 0
16:21:36,164  INFO main:438 - Generacion: 0
16:21:36,164  INFO main:438 - Generacion: 0
16:21:36,164  INFO main:438 - Generacion: 0
16:21:36,165  INFO main:438 - Generacion: 0
16:21:36,165  INFO main:438 - Generacion: 0
16:21:36,165  INFO main:438 - Generacion: 0
16:21:36,166  INFO main:438 - Generacion: 0
16:21:36,166  INFO main:438 - Generacion: 0
16:21:36,166  INFO main:438 - Generacion: 0
16:21:36,167  INFO main:438 - Generacion: 0
16:21:36,167  INFO main:438 - Generacion: 0
16:21:36,167  INFO main:438 - Generacion: 0
16:21:36,167  INFO main:438 - Generacion: 0
16:21:36,168  INFO main:438 - Generacion: 0
16:21:36,168  INFO main:438 - Generacion: 0
16:21:36,168  INFO main:438 - Generacion: 0
16:21:36,168  INFO main:438 - Generacion: 0
16:21:36,169  INFO main:438 - Generacion: 0
16:21:36,169  INFO main:438 - Generacion: 0
16:21:36,170  INFO main:438 - Generacion: 0
16:21:36,170  INFO main:438 - Generacion: 0
16:21:36,170  INFO main:438 - Generacion: 0
16:21:36,171  INFO main:438 - Generacion: 0
16:21:36,171  INFO main:438 - Generacion: 0
