10:17:19,054  INFO main:168 - Logueando
10:20:56,729  INFO main:300 - Tiempo PreCalculo: 217672
10:20:56,730  INFO main:387 - ****************AG PERMUTACION****************
10:20:58,158  INFO main:401 - ****************Corrida 0 ************************
10:20:58,159  INFO main:402 - Fitness solucion: 43.0
10:20:58,159  INFO main:403 - Indice: 49
10:20:58,159  INFO main:404 - Generacion: 1
10:20:58,160  INFO main:405 - Rechazados: 4
10:20:58,160  INFO main:417 - Individuo Solucion: {8,1,9,24,42,6,40,7,17,13,2,22,39,21,15,14,37,23,3,18,48,31,49,45,0,5,27,20,29,12,19,28,11,43,10,46,35,34,30,44,4,33,41,47,36,16,38,32,26,25}

10:20:58,161  INFO main:418 - *****************************************************
10:20:58,941  INFO main:401 - ****************Corrida 1 ************************
10:20:58,942  INFO main:402 - Fitness solucion: 42.0
10:20:58,942  INFO main:403 - Indice: 44
10:20:58,942  INFO main:404 - Generacion: 1
10:20:58,942  INFO main:405 - Rechazados: 4
10:20:58,943  INFO main:417 - Individuo Solucion: {31,27,12,36,9,2,24,40,37,43,17,34,35,46,8,11,1,22,33,0,42,16,21,41,4,3,25,20,45,13,29,10,15,44,49,23,14,19,18,28,6,32,5,38,47,30,26,39,48,7}

10:20:58,943  INFO main:418 - *****************************************************
10:20:59,324  INFO main:401 - ****************Corrida 2 ************************
10:20:59,325  INFO main:402 - Fitness solucion: 44.0
10:20:59,325  INFO main:403 - Indice: 44
10:20:59,325  INFO main:404 - Generacion: 0
10:20:59,325  INFO main:405 - Rechazados: 4
10:20:59,325  INFO main:417 - Individuo Solucion: {17,47,3,49,18,4,10,30,19,27,37,16,41,7,48,28,33,8,21,15,38,40,43,22,6,13,25,23,31,36,44,29,20,34,39,1,9,32,46,0,42,2,24,5,26,11,12,35,45,14}

10:20:59,326  INFO main:418 - *****************************************************
10:20:59,624  INFO main:401 - ****************Corrida 3 ************************
10:20:59,625  INFO main:402 - Fitness solucion: 42.0
10:20:59,625  INFO main:403 - Indice: 44
10:20:59,625  INFO main:404 - Generacion: 1
10:20:59,625  INFO main:405 - Rechazados: 4
10:20:59,625  INFO main:417 - Individuo Solucion: {41,6,45,2,46,44,28,33,36,37,17,21,20,10,11,29,25,42,24,13,26,27,43,49,30,12,0,32,8,18,23,48,40,5,34,1,9,38,19,31,35,4,15,14,7,39,47,16,22,3}

10:20:59,626  INFO main:418 - *****************************************************
10:20:59,859  INFO main:401 - ****************Corrida 4 ************************
10:20:59,859  INFO main:402 - Fitness solucion: 43.0
10:20:59,860  INFO main:403 - Indice: 45
10:20:59,860  INFO main:404 - Generacion: 4
10:20:59,860  INFO main:405 - Rechazados: 4
10:20:59,860  INFO main:417 - Individuo Solucion: {6,20,1,48,17,7,27,26,14,30,15,24,0,35,43,11,16,46,10,9,18,2,25,4,42,3,13,31,36,45,29,34,44,22,12,40,39,21,47,5,19,41,37,32,38,33,49,28,8,23}

10:20:59,860  INFO main:418 - *****************************************************
10:21:00,027  INFO main:401 - ****************Corrida 5 ************************
10:21:00,027  INFO main:402 - Fitness solucion: 43.0
10:21:00,027  INFO main:403 - Indice: 47
10:21:00,028  INFO main:404 - Generacion: 5
10:21:00,028  INFO main:405 - Rechazados: 4
10:21:00,028  INFO main:417 - Individuo Solucion: {24,2,39,7,40,31,8,11,47,30,32,36,21,0,37,1,35,27,46,12,26,19,38,34,3,20,42,44,22,28,29,13,17,4,23,48,33,25,49,9,10,45,5,6,14,18,43,41,16,15}

10:21:00,028  INFO main:418 - *****************************************************
10:21:00,185  INFO main:401 - ****************Corrida 6 ************************
10:21:00,185  INFO main:402 - Fitness solucion: 43.0
10:21:00,186  INFO main:403 - Indice: 46
10:21:00,186  INFO main:404 - Generacion: 4
10:21:00,189  INFO main:405 - Rechazados: 4
10:21:00,190  INFO main:417 - Individuo Solucion: {7,2,3,28,20,19,32,22,30,40,41,35,21,48,0,25,18,29,37,12,31,45,26,1,8,27,9,4,47,15,23,43,24,34,33,17,42,10,44,38,46,36,13,6,5,39,14,16,11,49}

10:21:00,190  INFO main:418 - *****************************************************
10:21:00,343  INFO main:401 - ****************Corrida 7 ************************
10:21:00,344  INFO main:402 - Fitness solucion: 44.0
10:21:00,344  INFO main:403 - Indice: 45
10:21:00,344  INFO main:404 - Generacion: 0
10:21:00,344  INFO main:405 - Rechazados: 4
10:21:00,344  INFO main:417 - Individuo Solucion: {19,2,38,7,43,46,17,9,15,10,44,24,42,18,23,4,0,20,39,1,33,29,40,31,22,25,28,47,6,49,27,11,12,41,45,13,21,14,35,16,5,3,37,36,48,30,32,8,26,34}

10:21:00,344  INFO main:418 - *****************************************************
10:21:00,562  INFO main:401 - ****************Corrida 8 ************************
10:21:00,562  INFO main:402 - Fitness solucion: 43.0
10:21:00,563  INFO main:403 - Indice: 46
10:21:00,563  INFO main:404 - Generacion: 7
10:21:00,563  INFO main:405 - Rechazados: 5
10:21:00,564  INFO main:417 - Individuo Solucion: {4,27,32,47,18,23,42,20,45,8,26,1,40,6,46,41,28,35,36,13,19,48,15,49,11,38,29,12,17,16,25,30,43,5,37,14,39,9,10,0,3,2,7,21,34,22,44,33,31,24}

10:21:00,564  INFO main:418 - *****************************************************
10:21:00,980  INFO main:401 - ****************Corrida 9 ************************
10:21:00,981  INFO main:402 - Fitness solucion: 43.0
10:21:00,981  INFO main:403 - Indice: 48
10:21:00,981  INFO main:404 - Generacion: 1
10:21:00,982  INFO main:405 - Rechazados: 5
10:21:00,982  INFO main:417 - Individuo Solucion: {26,18,42,1,17,19,47,8,30,9,35,37,13,31,2,27,10,25,11,34,29,32,0,49,7,14,28,33,21,23,40,6,15,24,39,45,48,22,4,20,12,44,5,36,16,38,46,43,3,41}

10:21:00,982  INFO main:418 - *****************************************************
10:21:01,383  INFO main:401 - ****************Corrida 10 ************************
10:21:01,384  INFO main:402 - Fitness solucion: 44.0
10:21:01,384  INFO main:403 - Indice: 48
10:21:01,385  INFO main:404 - Generacion: 0
10:21:01,385  INFO main:405 - Rechazados: 4
10:21:01,386  INFO main:417 - Individuo Solucion: {44,1,4,20,6,34,10,37,16,2,43,0,32,22,14,29,23,8,26,36,9,35,48,21,28,17,45,24,31,11,13,27,12,5,30,39,25,38,49,19,33,3,42,40,47,7,18,46,41,15}

10:21:01,387  INFO main:418 - *****************************************************
10:21:01,799  INFO main:401 - ****************Corrida 11 ************************
10:21:01,799  INFO main:402 - Fitness solucion: 43.0
10:21:01,800  INFO main:403 - Indice: 46
10:21:01,800  INFO main:404 - Generacion: 1
10:21:01,800  INFO main:405 - Rechazados: 4
10:21:01,801  INFO main:417 - Individuo Solucion: {21,2,17,24,6,22,23,25,31,28,14,37,42,44,4,26,15,18,35,38,27,10,1,3,39,36,41,46,20,12,45,49,43,5,16,11,7,33,29,40,9,13,32,47,34,19,8,48,0,30}

10:21:01,801  INFO main:418 - *****************************************************
10:21:02,213  INFO main:401 - ****************Corrida 12 ************************
10:21:02,213  INFO main:402 - Fitness solucion: 44.0
10:21:02,214  INFO main:403 - Indice: 47
10:21:02,214  INFO main:404 - Generacion: 0
10:21:02,214  INFO main:405 - Rechazados: 4
10:21:02,215  INFO main:417 - Individuo Solucion: {27,45,31,10,15,5,16,13,1,20,48,37,26,9,23,43,11,24,8,35,21,42,19,18,38,29,17,2,47,6,4,44,25,49,0,28,3,34,7,39,30,12,22,32,46,36,40,41,33,14}

10:21:02,215  INFO main:418 - *****************************************************
10:21:02,665  INFO main:401 - ****************Corrida 13 ************************
10:21:02,665  INFO main:402 - Fitness solucion: 43.0
10:21:02,666  INFO main:403 - Indice: 46
10:21:02,666  INFO main:404 - Generacion: 6
10:21:02,666  INFO main:405 - Rechazados: 4
10:21:02,667  INFO main:417 - Individuo Solucion: {18,22,43,20,32,17,33,6,49,37,30,24,2,12,35,4,3,27,5,26,9,0,36,21,45,25,19,42,8,29,40,46,28,10,31,38,47,15,39,44,7,11,14,1,16,13,34,48,23,41}

10:21:02,667  INFO main:418 - *****************************************************
10:21:03,070  INFO main:401 - ****************Corrida 14 ************************
10:21:03,071  INFO main:402 - Fitness solucion: 40.0
10:21:03,072  INFO main:403 - Indice: 44
10:21:03,072  INFO main:404 - Generacion: 3
10:21:03,072  INFO main:405 - Rechazados: 5
10:21:03,073  INFO main:417 - Individuo Solucion: {1,31,9,17,22,4,35,19,8,42,34,40,38,18,36,41,33,49,3,7,6,20,47,30,12,28,15,29,21,27,43,48,13,2,44,25,32,37,0,14,5,11,10,46,16,45,24,39,26,23}

10:21:03,073  INFO main:418 - *****************************************************
10:21:03,515  INFO main:401 - ****************Corrida 15 ************************
10:21:03,516  INFO main:402 - Fitness solucion: 43.0
10:21:03,516  INFO main:403 - Indice: 47
10:21:03,516  INFO main:404 - Generacion: 0
10:21:03,517  INFO main:405 - Rechazados: 4
10:21:03,517  INFO main:417 - Individuo Solucion: {1,32,7,42,6,17,48,29,43,0,19,12,25,45,3,40,28,10,8,30,38,31,36,33,27,11,2,13,16,21,22,37,44,24,26,4,14,39,23,9,41,18,46,15,20,49,35,34,5,47}

10:21:03,517  INFO main:418 - *****************************************************
10:21:03,936  INFO main:401 - ****************Corrida 16 ************************
10:21:03,936  INFO main:402 - Fitness solucion: 43.0
10:21:03,937  INFO main:403 - Indice: 45
10:21:03,937  INFO main:404 - Generacion: 5
10:21:03,937  INFO main:405 - Rechazados: 4
10:21:03,938  INFO main:417 - Individuo Solucion: {45,40,6,12,29,44,27,10,17,9,32,19,20,49,21,11,30,35,7,41,26,47,16,24,2,18,31,4,8,46,1,25,43,0,15,33,37,3,36,42,39,14,34,28,48,13,38,22,5,23}

10:21:03,938  INFO main:418 - *****************************************************
10:21:04,354  INFO main:401 - ****************Corrida 17 ************************
10:21:04,355  INFO main:402 - Fitness solucion: 43.0
10:21:04,355  INFO main:403 - Indice: 44
10:21:04,356  INFO main:404 - Generacion: 1
10:21:04,356  INFO main:405 - Rechazados: 4
10:21:04,356  INFO main:417 - Individuo Solucion: {38,17,18,6,26,32,49,34,33,2,25,11,12,20,9,36,10,41,13,37,8,44,22,31,29,30,23,5,19,14,24,27,7,3,15,0,45,1,40,43,21,16,4,35,39,48,42,47,46,28}

10:21:04,357  INFO main:418 - *****************************************************
10:21:04,686  INFO main:401 - ****************Corrida 18 ************************
10:21:04,686  INFO main:402 - Fitness solucion: 44.0
10:21:04,686  INFO main:403 - Indice: 47
10:21:04,687  INFO main:404 - Generacion: 0
10:21:04,687  INFO main:405 - Rechazados: 4
10:21:04,687  INFO main:417 - Individuo Solucion: {38,49,40,28,4,33,1,13,31,12,2,35,47,21,0,6,27,19,26,46,9,45,39,8,10,34,29,25,37,15,14,20,24,16,11,23,43,41,44,30,18,36,32,17,42,5,3,7,48,22}

10:21:04,688  INFO main:418 - *****************************************************
10:21:05,089  INFO main:401 - ****************Corrida 19 ************************
10:21:05,090  INFO main:402 - Fitness solucion: 44.0
10:21:05,090  INFO main:403 - Indice: 44
10:21:05,091  INFO main:404 - Generacion: 0
10:21:05,091  INFO main:405 - Rechazados: 4
10:21:05,091  INFO main:417 - Individuo Solucion: {20,17,43,8,46,31,1,5,16,49,3,45,28,33,34,9,30,7,10,2,15,24,18,48,0,44,23,35,21,4,14,26,25,32,22,37,11,40,13,27,39,29,19,38,36,6,42,47,12,41}

10:21:05,092  INFO main:418 - *****************************************************
10:21:05,476  INFO main:401 - ****************Corrida 20 ************************
10:21:05,476  INFO main:402 - Fitness solucion: 44.0
10:21:05,476  INFO main:403 - Indice: 45
10:21:05,477  INFO main:404 - Generacion: 0
10:21:05,477  INFO main:405 - Rechazados: 4
10:21:05,477  INFO main:417 - Individuo Solucion: {14,1,22,49,33,7,3,20,5,34,30,44,8,17,21,41,40,19,24,31,18,12,29,16,15,43,6,0,23,25,2,46,10,42,37,45,11,36,9,13,47,35,4,27,39,26,28,48,38,32}

10:21:05,478  INFO main:418 - *****************************************************
10:21:05,857  INFO main:401 - ****************Corrida 21 ************************
10:21:05,858  INFO main:402 - Fitness solucion: 43.0
10:21:05,858  INFO main:403 - Indice: 45
10:21:05,858  INFO main:404 - Generacion: 0
10:21:05,859  INFO main:405 - Rechazados: 4
10:21:05,859  INFO main:417 - Individuo Solucion: {38,19,2,25,28,9,43,27,39,23,35,46,1,13,10,11,45,8,36,4,20,44,12,15,26,37,30,17,24,41,29,21,40,31,7,5,49,18,16,6,22,32,48,34,33,14,42,0,3,47}

10:21:05,859  INFO main:418 - *****************************************************
10:21:06,243  INFO main:401 - ****************Corrida 22 ************************
10:21:06,244  INFO main:402 - Fitness solucion: 43.0
10:21:06,244  INFO main:403 - Indice: 44
10:21:06,244  INFO main:404 - Generacion: 6
10:21:06,245  INFO main:405 - Rechazados: 4
10:21:06,245  INFO main:417 - Individuo Solucion: {19,39,10,44,46,5,8,48,24,31,18,29,27,13,0,41,1,34,2,32,40,26,11,30,36,20,22,9,28,14,43,49,42,25,33,3,35,4,37,45,17,15,23,7,12,21,38,6,16,47}

10:21:06,245  INFO main:418 - *****************************************************
10:21:06,643  INFO main:401 - ****************Corrida 23 ************************
10:21:06,644  INFO main:402 - Fitness solucion: 44.0
10:21:06,644  INFO main:403 - Indice: 44
10:21:06,644  INFO main:404 - Generacion: 0
10:21:06,644  INFO main:405 - Rechazados: 5
10:21:06,645  INFO main:417 - Individuo Solucion: {1,4,42,9,23,8,24,2,15,37,31,21,48,26,12,20,40,7,18,6,49,10,17,43,14,19,16,25,45,41,44,30,3,0,27,29,39,47,5,36,46,34,32,13,22,11,35,28,38,33}

10:21:06,645  INFO main:418 - *****************************************************
10:21:07,055  INFO main:401 - ****************Corrida 24 ************************
10:21:07,056  INFO main:402 - Fitness solucion: 43.0
10:21:07,056  INFO main:403 - Indice: 47
10:21:07,056  INFO main:404 - Generacion: 7
10:21:07,057  INFO main:405 - Rechazados: 4
10:21:07,057  INFO main:417 - Individuo Solucion: {40,10,49,27,33,28,2,48,42,47,26,29,13,31,15,45,46,35,17,30,12,36,1,6,16,8,18,32,41,19,4,5,38,39,20,44,34,11,25,3,21,37,14,7,9,24,0,22,43,23}

10:21:07,057  INFO main:418 - *****************************************************
10:21:07,465  INFO main:401 - ****************Corrida 25 ************************
10:21:07,466  INFO main:402 - Fitness solucion: 43.0
10:21:07,466  INFO main:403 - Indice: 49
10:21:07,466  INFO main:404 - Generacion: 2
10:21:07,466  INFO main:405 - Rechazados: 3
10:21:07,467  INFO main:417 - Individuo Solucion: {36,34,17,37,31,33,40,1,8,2,30,27,12,38,10,46,26,45,20,29,44,42,6,5,21,19,23,4,11,25,48,47,35,49,18,14,7,13,28,15,16,43,0,9,3,41,39,32,24,22}

10:21:07,467  INFO main:418 - *****************************************************
10:21:07,875  INFO main:401 - ****************Corrida 26 ************************
10:21:07,875  INFO main:402 - Fitness solucion: 43.0
10:21:07,875  INFO main:403 - Indice: 45
10:21:07,876  INFO main:404 - Generacion: 2
10:21:07,876  INFO main:405 - Rechazados: 4
10:21:07,876  INFO main:417 - Individuo Solucion: {5,48,44,14,6,40,22,28,29,39,30,2,8,46,25,21,1,43,35,27,49,12,0,37,9,13,17,18,7,32,26,36,11,45,19,16,31,42,10,38,15,20,4,33,23,34,3,41,24,47}

10:21:07,877  INFO main:418 - *****************************************************
10:21:08,285  INFO main:401 - ****************Corrida 27 ************************
10:21:08,286  INFO main:402 - Fitness solucion: 42.0
10:21:08,286  INFO main:403 - Indice: 45
10:21:08,286  INFO main:404 - Generacion: 6
10:21:08,287  INFO main:405 - Rechazados: 4
10:21:08,287  INFO main:417 - Individuo Solucion: {10,3,1,45,31,27,25,49,18,17,4,26,48,38,11,6,24,28,20,23,7,8,13,42,36,2,5,9,46,15,34,41,43,44,21,39,37,35,32,40,19,0,47,22,16,12,29,33,14,30}

10:21:08,288  INFO main:418 - *****************************************************
10:21:08,716  INFO main:401 - ****************Corrida 28 ************************
10:21:08,717  INFO main:402 - Fitness solucion: 43.0
10:21:08,717  INFO main:403 - Indice: 45
10:21:08,717  INFO main:404 - Generacion: 0
10:21:08,718  INFO main:405 - Rechazados: 4
10:21:08,718  INFO main:417 - Individuo Solucion: {7,47,8,40,43,32,0,9,48,41,6,12,42,46,17,31,22,38,15,18,13,28,29,24,49,33,44,27,19,30,34,20,25,11,1,23,37,21,26,45,4,3,2,39,16,5,35,10,14,36}

10:21:08,718  INFO main:418 - *****************************************************
10:21:09,128  INFO main:401 - ****************Corrida 29 ************************
10:21:09,128  INFO main:402 - Fitness solucion: 43.0
10:21:09,129  INFO main:403 - Indice: 46
10:21:09,129  INFO main:404 - Generacion: 0
10:21:09,129  INFO main:405 - Rechazados: 5
10:21:09,130  INFO main:417 - Individuo Solucion: {25,43,0,10,23,27,12,48,13,17,24,7,30,18,11,8,49,20,37,14,15,36,42,41,28,16,29,40,9,19,6,35,4,26,1,21,3,32,46,39,47,44,31,2,33,45,34,22,5,38}

10:21:09,130  INFO main:418 - *****************************************************
10:21:09,130  INFO main:420 - Tiempo AGP: 410
10:21:09,131  INFO main:422 - Promedio Final: 43
10:21:09,131  INFO main:424 - Promedio Generaciones: 0
10:21:09,132  INFO main:427 - Promedio Rechazos: 4
10:21:09,132  INFO main:430 - Promedio Defragmentacion: 1.5939999999999999
10:21:09,133  INFO main:432 - *****************Resultados********************
10:21:09,133  INFO main:434 - result: 43.0
10:21:09,133  INFO main:434 - result: 42.0
10:21:09,134  INFO main:434 - result: 44.0
10:21:09,134  INFO main:434 - result: 42.0
10:21:09,134  INFO main:434 - result: 43.0
10:21:09,135  INFO main:434 - result: 43.0
10:21:09,135  INFO main:434 - result: 43.0
10:21:09,135  INFO main:434 - result: 44.0
10:21:09,136  INFO main:434 - result: 43.0
10:21:09,136  INFO main:434 - result: 43.0
10:21:09,136  INFO main:434 - result: 44.0
10:21:09,137  INFO main:434 - result: 43.0
10:21:09,137  INFO main:434 - result: 44.0
10:21:09,137  INFO main:434 - result: 43.0
10:21:09,138  INFO main:434 - result: 40.0
10:21:09,138  INFO main:434 - result: 43.0
10:21:09,138  INFO main:434 - result: 43.0
10:21:09,138  INFO main:434 - result: 43.0
10:21:09,139  INFO main:434 - result: 44.0
10:21:09,139  INFO main:434 - result: 44.0
10:21:09,139  INFO main:434 - result: 44.0
10:21:09,140  INFO main:434 - result: 43.0
10:21:09,140  INFO main:434 - result: 43.0
10:21:09,140  INFO main:434 - result: 44.0
10:21:09,140  INFO main:434 - result: 43.0
10:21:09,141  INFO main:434 - result: 43.0
10:21:09,141  INFO main:434 - result: 43.0
10:21:09,141  INFO main:434 - result: 42.0
10:21:09,142  INFO main:434 - result: 43.0
10:21:09,142  INFO main:434 - result: 43.0
10:21:09,142  INFO main:436 - *****************Generaciones********************
10:21:09,142  INFO main:438 - Generacion: 0
10:21:09,143  INFO main:438 - Generacion: 0
10:21:09,143  INFO main:438 - Generacion: 0
10:21:09,143  INFO main:438 - Generacion: 0
10:21:09,144  INFO main:438 - Generacion: 0
10:21:09,144  INFO main:438 - Generacion: 0
10:21:09,144  INFO main:438 - Generacion: 0
10:21:09,145  INFO main:438 - Generacion: 0
10:21:09,145  INFO main:438 - Generacion: 0
10:21:09,145  INFO main:438 - Generacion: 0
10:21:09,146  INFO main:438 - Generacion: 0
10:21:09,146  INFO main:438 - Generacion: 0
10:21:09,146  INFO main:438 - Generacion: 0
10:21:09,146  INFO main:438 - Generacion: 0
10:21:09,147  INFO main:438 - Generacion: 0
10:21:09,147  INFO main:438 - Generacion: 0
10:21:09,147  INFO main:438 - Generacion: 0
10:21:09,148  INFO main:438 - Generacion: 0
10:21:09,148  INFO main:438 - Generacion: 0
10:21:09,148  INFO main:438 - Generacion: 0
10:21:09,148  INFO main:438 - Generacion: 0
10:21:09,149  INFO main:438 - Generacion: 0
10:21:09,149  INFO main:438 - Generacion: 0
10:21:09,149  INFO main:438 - Generacion: 0
10:21:09,150  INFO main:438 - Generacion: 0
10:21:09,150  INFO main:438 - Generacion: 0
10:21:09,150  INFO main:438 - Generacion: 0
10:21:09,150  INFO main:438 - Generacion: 0
10:21:09,151  INFO main:438 - Generacion: 0
10:21:09,151  INFO main:438 - Generacion: 0
