17:13:36,707  INFO main:168 - Logueando
17:14:50,593  INFO main:300 - Tiempo PreCalculo: 73885
17:14:50,594  INFO main:387 - ****************AG PERMUTACION****************
17:14:51,880  INFO main:399 - ****************Corrida 0 ************************
17:14:51,880  INFO main:400 - Fitness solucion: 56.0
17:14:51,880  INFO main:401 - Indice: 57
17:14:51,880  INFO main:402 - Generacion: 0
17:14:51,880  INFO main:403 - Rechazados: 0
17:14:51,881  INFO main:413 - Individuo Solucion: {60,83,6,4,0,78,3,84,45,65,90,22,23,70,94,53,79,5,34,10,47,42,8,35,2,67,92,85,16,46,43,15,38,81,27,14,57,52,99,31,24,44,93,51,50,32,56,37,9,36,95,87,89,19,86,54,21,26,48,11,17,71,76,63,66,18,62,58,59,75,7,80,1,61,20,12,72,88,41,30,25,29,64,28,91,40,69,96,82,55,33,49,97,77,13,68,74,39,73,98}

17:14:51,881  INFO main:414 - *****************************************************
17:14:52,483  INFO main:399 - ****************Corrida 1 ************************
17:14:52,483  INFO main:400 - Fitness solucion: 56.0
17:14:52,483  INFO main:401 - Indice: 57
17:14:52,483  INFO main:402 - Generacion: 0
17:14:52,483  INFO main:403 - Rechazados: 0
17:14:52,483  INFO main:413 - Individuo Solucion: {5,97,86,24,67,19,59,79,48,2,49,17,16,6,61,15,71,22,66,3,4,76,38,94,64,33,77,65,13,36,68,39,88,37,46,28,95,29,82,14,0,43,50,11,30,20,42,62,69,26,25,83,47,34,52,53,99,12,92,73,57,54,7,1,60,18,45,93,51,70,98,31,10,80,96,23,89,58,87,44,55,75,81,21,9,32,84,63,90,35,27,72,56,74,78,91,40,41,8,85}

17:14:52,483  INFO main:414 - *****************************************************
17:14:53,052  INFO main:399 - ****************Corrida 2 ************************
17:14:53,053  INFO main:400 - Fitness solucion: 56.0
17:14:53,053  INFO main:401 - Indice: 57
17:14:53,053  INFO main:402 - Generacion: 0
17:14:53,053  INFO main:403 - Rechazados: 0
17:14:53,053  INFO main:413 - Individuo Solucion: {96,68,67,12,13,90,0,20,49,14,80,19,26,1,53,39,71,34,29,18,9,22,8,99,81,97,64,28,31,36,69,38,41,25,75,45,33,4,43,51,85,59,23,24,10,48,40,95,98,56,16,72,60,5,58,2,70,78,15,94,65,17,32,76,66,54,87,21,11,6,62,42,84,47,50,35,46,7,82,55,52,30,27,44,88,61,57,77,79,74,3,73,93,89,83,37,63,91,92,86}

17:14:53,053  INFO main:414 - *****************************************************
17:14:53,612  INFO main:399 - ****************Corrida 3 ************************
17:14:53,612  INFO main:400 - Fitness solucion: 56.0
17:14:53,612  INFO main:401 - Indice: 62
17:14:53,612  INFO main:402 - Generacion: 0
17:14:53,612  INFO main:403 - Rechazados: 0
17:14:53,612  INFO main:413 - Individuo Solucion: {46,78,0,70,2,12,54,45,87,56,80,94,1,99,98,3,28,81,29,17,34,31,33,89,25,26,32,64,84,92,91,68,96,14,86,67,19,95,18,13,74,44,35,63,37,47,59,11,53,60,15,30,66,50,42,65,83,71,36,52,8,57,62,24,9,88,20,6,10,75,22,38,40,97,16,55,69,51,23,49,5,7,72,48,85,77,41,82,39,27,79,90,76,58,93,21,43,4,73,61}

17:14:53,612  INFO main:414 - *****************************************************
17:14:54,177  INFO main:399 - ****************Corrida 4 ************************
17:14:54,177  INFO main:400 - Fitness solucion: 56.0
17:14:54,178  INFO main:401 - Indice: 61
17:14:54,178  INFO main:402 - Generacion: 0
17:14:54,178  INFO main:403 - Rechazados: 0
17:14:54,178  INFO main:413 - Individuo Solucion: {45,6,46,4,76,3,58,31,1,57,7,2,72,11,19,40,32,89,87,86,38,36,13,77,35,60,63,48,42,81,41,68,99,79,52,54,73,98,43,49,82,27,8,64,53,0,62,29,10,51,95,66,50,16,14,84,5,28,96,33,70,20,47,56,74,17,22,15,12,59,90,44,37,18,75,26,21,71,30,23,80,93,61,92,9,88,78,91,94,85,97,25,55,67,69,34,24,39,83,65}

17:14:54,178  INFO main:414 - *****************************************************
17:14:54,739  INFO main:399 - ****************Corrida 5 ************************
17:14:54,739  INFO main:400 - Fitness solucion: 56.0
17:14:54,739  INFO main:401 - Indice: 60
17:14:54,739  INFO main:402 - Generacion: 0
17:14:54,739  INFO main:403 - Rechazados: 0
17:14:54,740  INFO main:413 - Individuo Solucion: {64,93,5,2,72,11,1,98,25,9,71,3,88,84,75,4,89,12,18,57,92,56,21,73,74,42,0,17,66,46,86,94,30,7,95,44,67,80,37,16,39,91,28,15,29,32,54,76,96,35,79,6,36,52,53,14,43,34,62,65,60,97,87,26,50,38,10,31,20,68,24,99,82,49,51,55,70,22,69,48,27,78,61,19,8,63,45,33,13,81,90,47,77,40,59,58,23,85,83,41}

17:14:54,740  INFO main:414 - *****************************************************
17:14:55,301  INFO main:399 - ****************Corrida 6 ************************
17:14:55,301  INFO main:400 - Fitness solucion: 56.0
17:14:55,301  INFO main:401 - Indice: 61
17:14:55,302  INFO main:402 - Generacion: 0
17:14:55,304  INFO main:403 - Rechazados: 0
17:14:55,304  INFO main:413 - Individuo Solucion: {53,0,37,6,15,5,7,65,3,16,69,24,55,73,58,84,33,11,98,30,64,25,32,27,52,4,13,26,81,95,9,79,19,54,10,88,41,43,50,31,8,45,63,86,56,93,28,77,94,60,85,38,22,44,70,96,83,42,57,71,36,29,1,76,97,39,67,62,40,48,78,80,21,18,46,92,90,99,23,91,82,20,14,87,51,17,2,35,75,61,59,68,89,74,66,47,34,49,12,72}

17:14:55,304  INFO main:414 - *****************************************************
17:14:55,862  INFO main:399 - ****************Corrida 7 ************************
17:14:55,863  INFO main:400 - Fitness solucion: 56.0
17:14:55,863  INFO main:401 - Indice: 57
17:14:55,863  INFO main:402 - Generacion: 0
17:14:55,863  INFO main:403 - Rechazados: 0
17:14:55,863  INFO main:413 - Individuo Solucion: {6,14,94,17,47,20,13,3,22,0,49,38,55,98,92,82,36,24,31,61,76,56,96,7,11,37,40,4,41,45,28,9,48,26,1,83,64,25,65,16,88,90,58,33,70,12,51,23,46,39,69,75,10,67,57,79,15,32,5,74,59,53,77,87,43,44,85,60,80,2,71,54,91,93,72,62,35,66,68,95,18,34,81,73,42,63,21,84,27,52,89,30,99,19,86,29,97,50,8,78}

17:14:55,863  INFO main:414 - *****************************************************
17:14:56,431  INFO main:399 - ****************Corrida 8 ************************
17:14:56,431  INFO main:400 - Fitness solucion: 56.0
17:14:56,431  INFO main:401 - Indice: 62
17:14:56,431  INFO main:402 - Generacion: 0
17:14:56,431  INFO main:403 - Rechazados: 0
17:14:56,431  INFO main:413 - Individuo Solucion: {37,40,98,10,99,87,6,16,94,49,0,30,96,78,66,64,81,19,11,3,27,86,52,74,70,23,46,5,97,33,36,24,85,25,15,68,47,79,12,2,17,45,41,77,22,32,31,48,13,44,60,18,35,56,20,28,92,4,26,67,61,51,39,8,62,34,50,89,65,88,91,95,80,75,93,57,83,76,73,1,58,69,84,72,59,38,43,21,55,71,9,63,82,14,29,42,7,53,90,54}

17:14:56,432  INFO main:414 - *****************************************************
17:14:56,995  INFO main:399 - ****************Corrida 9 ************************
17:14:56,996  INFO main:400 - Fitness solucion: 56.0
17:14:56,996  INFO main:401 - Indice: 61
17:14:56,996  INFO main:402 - Generacion: 0
17:14:56,996  INFO main:403 - Rechazados: 0
17:14:56,996  INFO main:413 - Individuo Solucion: {86,2,10,4,17,92,89,84,14,82,18,95,8,12,43,45,85,72,16,5,71,75,69,30,98,26,11,27,88,59,55,31,66,60,0,68,19,48,67,9,24,80,37,22,83,7,50,53,41,49,39,21,94,58,81,42,38,79,63,99,13,33,44,87,62,40,54,90,93,56,52,97,73,51,32,64,78,70,96,1,25,74,23,46,57,3,35,34,15,61,29,28,6,91,36,77,76,47,20,65}

17:14:56,996  INFO main:414 - *****************************************************
17:14:57,560  INFO main:399 - ****************Corrida 10 ************************
17:14:57,560  INFO main:400 - Fitness solucion: 56.0
17:14:57,560  INFO main:401 - Indice: 61
17:14:57,561  INFO main:402 - Generacion: 0
17:14:57,561  INFO main:403 - Rechazados: 0
17:14:57,561  INFO main:413 - Individuo Solucion: {5,7,48,10,97,3,1,55,39,98,92,15,44,16,28,35,64,29,17,18,22,12,76,21,14,34,91,42,4,38,40,30,82,36,13,95,94,27,75,57,11,2,33,52,73,50,0,51,90,20,53,25,77,71,41,59,31,79,19,6,26,68,56,63,60,78,69,23,72,61,81,85,86,87,45,80,58,70,49,66,67,8,84,93,47,9,74,89,43,65,99,24,83,62,46,37,32,88,54,96}

17:14:57,561  INFO main:414 - *****************************************************
17:14:58,129  INFO main:399 - ****************Corrida 11 ************************
17:14:58,130  INFO main:400 - Fitness solucion: 56.0
17:14:58,130  INFO main:401 - Indice: 58
17:14:58,130  INFO main:402 - Generacion: 0
17:14:58,130  INFO main:403 - Rechazados: 0
17:14:58,130  INFO main:413 - Individuo Solucion: {2,60,69,85,25,62,74,78,89,4,77,50,91,11,84,9,56,21,36,16,40,32,24,8,96,0,94,31,92,22,17,87,38,37,23,93,83,33,55,53,19,7,90,70,42,81,98,48,45,86,58,14,49,63,30,67,65,61,5,76,35,39,57,46,59,66,3,29,10,80,44,54,34,13,79,41,47,71,97,1,6,18,99,72,26,12,15,95,68,20,27,43,88,64,28,51,52,82,73,75}

17:14:58,130  INFO main:414 - *****************************************************
17:14:58,691  INFO main:399 - ****************Corrida 12 ************************
17:14:58,692  INFO main:400 - Fitness solucion: 56.0
17:14:58,692  INFO main:401 - Indice: 59
17:14:58,692  INFO main:402 - Generacion: 0
17:14:58,692  INFO main:403 - Rechazados: 0
17:14:58,692  INFO main:413 - Individuo Solucion: {53,75,9,3,42,7,6,46,68,45,87,20,4,25,31,30,61,35,98,59,41,40,99,2,10,16,43,72,0,34,21,74,47,33,32,19,69,15,8,76,64,57,44,27,79,67,13,36,97,78,26,66,50,11,82,94,37,63,90,54,92,39,5,18,89,17,73,71,58,23,56,14,83,88,22,48,24,55,91,12,29,77,60,38,93,49,51,65,70,62,85,1,84,80,96,52,81,95,86,28}

17:14:58,692  INFO main:414 - *****************************************************
17:14:59,252  INFO main:399 - ****************Corrida 13 ************************
17:14:59,253  INFO main:400 - Fitness solucion: 56.0
17:14:59,253  INFO main:401 - Indice: 65
17:14:59,253  INFO main:402 - Generacion: 0
17:14:59,253  INFO main:403 - Rechazados: 0
17:14:59,253  INFO main:413 - Individuo Solucion: {60,24,47,12,97,15,6,85,7,66,23,68,22,34,90,84,8,40,49,32,89,93,80,77,99,10,16,79,92,20,26,4,13,39,88,33,55,58,73,37,56,50,1,17,44,69,14,35,5,52,51,42,65,53,74,41,43,46,28,9,63,72,54,27,82,78,48,18,71,95,81,59,29,0,76,11,2,19,96,30,64,38,57,83,98,87,94,61,36,70,31,25,62,3,91,21,67,86,45,75}

17:14:59,253  INFO main:414 - *****************************************************
17:14:59,816  INFO main:399 - ****************Corrida 14 ************************
17:14:59,816  INFO main:400 - Fitness solucion: 56.0
17:14:59,817  INFO main:401 - Indice: 62
17:14:59,817  INFO main:402 - Generacion: 0
17:14:59,817  INFO main:403 - Rechazados: 0
17:14:59,817  INFO main:413 - Individuo Solucion: {81,4,51,97,14,94,21,56,57,39,29,25,93,60,95,1,99,82,8,22,10,30,38,33,13,90,44,36,26,77,11,31,62,87,37,27,23,18,42,50,2,83,58,53,79,9,73,91,41,24,86,61,40,5,7,69,64,89,74,59,12,6,32,54,55,78,16,70,71,84,85,47,96,98,3,45,76,35,65,15,20,34,49,72,43,17,48,80,46,66,92,0,63,68,75,19,52,67,88,28}

17:14:59,817  INFO main:414 - *****************************************************
17:15:00,378  INFO main:399 - ****************Corrida 15 ************************
17:15:00,378  INFO main:400 - Fitness solucion: 56.0
17:15:00,378  INFO main:401 - Indice: 58
17:15:00,378  INFO main:402 - Generacion: 0
17:15:00,378  INFO main:403 - Rechazados: 0
17:15:00,378  INFO main:413 - Individuo Solucion: {3,53,88,0,40,33,5,25,19,31,7,13,14,60,83,46,85,77,52,10,65,16,9,64,97,18,61,27,89,23,90,15,36,95,37,44,73,99,91,51,55,26,43,87,20,71,50,30,56,4,69,49,58,92,93,98,35,2,54,29,8,39,1,96,12,75,45,62,76,6,63,47,22,21,80,59,70,24,78,11,38,79,74,94,17,72,84,28,66,57,68,67,81,34,86,32,42,82,41,48}

17:15:00,378  INFO main:414 - *****************************************************
17:15:00,941  INFO main:399 - ****************Corrida 16 ************************
17:15:00,941  INFO main:400 - Fitness solucion: 56.0
17:15:00,941  INFO main:401 - Indice: 60
17:15:00,941  INFO main:402 - Generacion: 0
17:15:00,941  INFO main:403 - Rechazados: 0
17:15:00,942  INFO main:413 - Individuo Solucion: {85,55,75,2,9,8,6,4,1,36,86,96,41,10,84,23,52,22,30,93,33,25,45,3,15,91,65,13,34,97,12,60,47,39,98,29,53,99,28,32,58,57,38,90,77,92,56,51,24,0,19,94,95,61,76,49,63,79,42,74,67,21,73,68,31,46,70,40,43,27,88,54,16,69,72,14,26,59,35,17,64,48,18,7,66,89,62,82,78,80,11,44,87,37,71,81,20,5,50,83}

17:15:00,942  INFO main:414 - *****************************************************
17:15:01,500  INFO main:399 - ****************Corrida 17 ************************
17:15:01,500  INFO main:400 - Fitness solucion: 56.0
17:15:01,500  INFO main:401 - Indice: 62
17:15:01,500  INFO main:402 - Generacion: 0
17:15:01,500  INFO main:403 - Rechazados: 0
17:15:01,500  INFO main:413 - Individuo Solucion: {83,0,10,63,60,45,80,98,93,12,91,1,18,35,7,82,3,9,15,76,70,31,89,42,79,13,41,56,14,26,33,54,65,2,40,11,97,49,17,58,24,5,46,67,92,34,74,59,61,44,16,51,4,28,87,95,50,39,25,19,71,55,84,57,32,29,23,36,64,68,30,96,8,72,78,73,77,53,20,27,99,90,86,88,66,69,94,48,47,62,52,6,22,43,38,81,75,85,37,21}

17:15:01,501  INFO main:414 - *****************************************************
17:15:02,057  INFO main:399 - ****************Corrida 18 ************************
17:15:02,058  INFO main:400 - Fitness solucion: 56.0
17:15:02,058  INFO main:401 - Indice: 60
17:15:02,058  INFO main:402 - Generacion: 0
17:15:02,058  INFO main:403 - Rechazados: 0
17:15:02,058  INFO main:413 - Individuo Solucion: {91,8,9,50,1,4,58,89,10,95,7,16,77,15,53,25,12,26,63,34,21,83,22,60,17,71,27,87,11,84,66,86,0,42,57,68,31,23,52,18,20,97,76,93,96,73,81,59,37,90,5,44,38,65,61,56,78,36,6,51,24,62,32,79,43,48,49,72,47,28,92,2,30,98,46,33,35,75,39,41,69,14,94,64,67,45,70,99,85,88,55,80,82,74,29,19,13,40,3,54}

17:15:02,058  INFO main:414 - *****************************************************
17:15:02,618  INFO main:399 - ****************Corrida 19 ************************
17:15:02,619  INFO main:400 - Fitness solucion: 56.0
17:15:02,619  INFO main:401 - Indice: 62
17:15:02,619  INFO main:402 - Generacion: 0
17:15:02,619  INFO main:403 - Rechazados: 0
17:15:02,619  INFO main:413 - Individuo Solucion: {3,1,82,27,91,17,16,94,13,2,5,8,93,10,18,92,59,62,39,31,76,23,15,78,42,49,53,52,29,35,20,38,26,45,21,22,0,44,60,33,55,72,24,9,98,40,61,14,41,56,97,46,86,63,68,79,64,28,12,67,69,4,48,11,73,37,36,58,96,90,6,34,51,83,50,32,57,88,71,81,19,65,85,75,95,43,80,89,54,77,70,7,25,84,87,74,66,47,99,30}

17:15:02,619  INFO main:414 - *****************************************************
17:15:03,180  INFO main:399 - ****************Corrida 20 ************************
17:15:03,180  INFO main:400 - Fitness solucion: 56.0
17:15:03,180  INFO main:401 - Indice: 62
17:15:03,180  INFO main:402 - Generacion: 0
17:15:03,180  INFO main:403 - Rechazados: 0
17:15:03,180  INFO main:413 - Individuo Solucion: {14,21,12,91,44,15,57,1,5,34,77,79,71,22,50,85,30,49,89,18,46,94,38,6,92,4,62,83,97,84,3,51,8,86,43,31,16,98,13,64,29,55,45,41,58,63,88,10,96,59,95,32,40,25,35,48,76,28,61,39,23,53,74,37,26,99,47,68,0,9,70,19,11,2,67,69,54,36,33,27,24,65,60,42,87,7,80,82,93,17,56,72,78,20,52,66,75,81,73,90}

17:15:03,180  INFO main:414 - *****************************************************
17:15:03,743  INFO main:399 - ****************Corrida 21 ************************
17:15:03,743  INFO main:400 - Fitness solucion: 56.0
17:15:03,743  INFO main:401 - Indice: 60
17:15:03,743  INFO main:402 - Generacion: 0
17:15:03,744  INFO main:403 - Rechazados: 0
17:15:03,744  INFO main:413 - Individuo Solucion: {88,0,12,79,71,4,5,8,7,65,45,86,55,23,82,75,1,19,57,84,60,99,50,14,31,34,29,41,38,47,40,25,33,35,26,51,32,30,18,46,48,91,69,21,54,9,61,64,68,83,93,10,27,42,13,72,58,96,89,39,37,53,62,98,67,43,63,24,70,77,97,36,85,92,3,81,44,66,17,90,80,78,11,95,15,74,59,2,6,49,76,94,52,22,87,28,16,20,73,56}

17:15:03,744  INFO main:414 - *****************************************************
17:15:04,305  INFO main:399 - ****************Corrida 22 ************************
17:15:04,305  INFO main:400 - Fitness solucion: 56.0
17:15:04,306  INFO main:401 - Indice: 59
17:15:04,306  INFO main:402 - Generacion: 0
17:15:04,306  INFO main:403 - Rechazados: 0
17:15:04,306  INFO main:413 - Individuo Solucion: {7,8,6,69,66,3,44,35,11,0,16,17,64,9,25,19,86,37,23,60,63,10,36,79,68,24,22,73,96,82,46,52,95,76,33,1,2,98,85,41,91,80,40,14,32,59,57,4,51,77,48,72,18,97,42,15,31,20,67,78,39,56,75,34,89,62,21,43,55,49,84,65,5,74,45,12,58,90,54,13,70,94,28,81,27,50,30,71,93,26,29,92,87,88,83,53,47,99,61,38}

17:15:04,306  INFO main:414 - *****************************************************
17:15:04,866  INFO main:399 - ****************Corrida 23 ************************
17:15:04,866  INFO main:400 - Fitness solucion: 56.0
17:15:04,866  INFO main:401 - Indice: 59
17:15:04,866  INFO main:402 - Generacion: 0
17:15:04,866  INFO main:403 - Rechazados: 0
17:15:04,866  INFO main:413 - Individuo Solucion: {1,95,15,19,51,81,12,10,16,46,69,93,54,94,30,0,21,56,59,88,92,3,76,6,67,58,14,42,91,26,17,34,7,18,70,9,13,53,23,31,86,50,52,75,57,45,11,43,87,64,29,32,82,60,35,47,37,36,71,48,28,4,63,5,55,38,68,8,99,22,73,20,27,2,49,61,44,98,66,84,41,33,24,89,39,72,90,25,83,96,80,78,85,97,62,40,65,79,77,74}

17:15:04,866  INFO main:414 - *****************************************************
17:15:05,423  INFO main:399 - ****************Corrida 24 ************************
17:15:05,423  INFO main:400 - Fitness solucion: 56.0
17:15:05,423  INFO main:401 - Indice: 61
17:15:05,423  INFO main:402 - Generacion: 0
17:15:05,423  INFO main:403 - Rechazados: 0
17:15:05,423  INFO main:413 - Individuo Solucion: {99,3,58,33,55,97,2,89,96,36,5,57,15,49,40,60,26,77,14,11,17,28,95,8,68,98,31,12,86,19,35,32,18,37,24,51,20,74,61,7,41,67,10,22,70,43,72,66,27,82,83,63,47,6,45,38,53,0,88,90,25,94,44,91,64,13,29,4,71,80,65,1,30,78,9,50,42,48,21,85,59,34,79,54,92,16,93,81,73,23,69,75,46,76,84,62,39,56,87,52}

17:15:05,423  INFO main:414 - *****************************************************
17:15:05,987  INFO main:399 - ****************Corrida 25 ************************
17:15:05,987  INFO main:400 - Fitness solucion: 56.0
17:15:05,987  INFO main:401 - Indice: 60
17:15:05,987  INFO main:402 - Generacion: 0
17:15:05,987  INFO main:403 - Rechazados: 0
17:15:05,988  INFO main:413 - Individuo Solucion: {45,51,95,6,3,78,33,7,8,4,19,17,1,81,92,99,22,10,79,5,31,91,73,39,2,69,18,67,28,44,96,0,97,14,93,86,32,42,90,46,72,30,11,12,38,71,24,9,53,56,48,25,63,27,50,61,55,37,21,83,88,70,77,34,59,49,36,75,41,35,58,68,64,60,40,57,80,23,84,76,74,87,16,20,85,98,62,13,43,47,52,15,29,54,26,82,66,94,89,65}

17:15:05,988  INFO main:414 - *****************************************************
17:15:06,548  INFO main:399 - ****************Corrida 26 ************************
17:15:06,548  INFO main:400 - Fitness solucion: 56.0
17:15:06,548  INFO main:401 - Indice: 60
17:15:06,548  INFO main:402 - Generacion: 0
17:15:06,548  INFO main:403 - Rechazados: 0
17:15:06,549  INFO main:413 - Individuo Solucion: {7,59,88,18,25,75,42,9,52,55,2,95,3,94,32,58,26,76,17,13,97,73,69,19,84,21,65,15,56,43,92,36,20,23,38,40,78,57,53,47,89,74,29,41,66,33,44,63,49,8,70,81,6,83,86,72,31,24,48,28,61,30,22,1,68,4,0,51,90,14,71,35,46,27,34,37,93,39,12,5,16,77,82,79,10,67,64,54,50,87,80,45,98,60,85,62,91,96,11,99}

17:15:06,549  INFO main:414 - *****************************************************
17:15:07,114  INFO main:399 - ****************Corrida 27 ************************
17:15:07,114  INFO main:400 - Fitness solucion: 56.0
17:15:07,115  INFO main:401 - Indice: 61
17:15:07,115  INFO main:402 - Generacion: 0
17:15:07,115  INFO main:403 - Rechazados: 0
17:15:07,115  INFO main:413 - Individuo Solucion: {76,8,73,6,4,5,39,28,23,85,33,75,32,61,1,96,15,53,65,3,90,89,70,81,14,54,30,74,95,68,55,35,24,2,51,46,16,92,17,12,50,34,7,48,9,62,47,42,71,57,11,88,37,78,0,66,84,40,67,21,59,25,69,60,79,38,77,99,56,31,49,98,93,91,41,72,18,63,44,20,36,26,83,97,82,22,80,58,13,19,87,86,27,29,43,94,52,45,64,10}

17:15:07,115  INFO main:414 - *****************************************************
17:15:07,680  INFO main:399 - ****************Corrida 28 ************************
17:15:07,680  INFO main:400 - Fitness solucion: 56.0
17:15:07,680  INFO main:401 - Indice: 60
17:15:07,680  INFO main:402 - Generacion: 0
17:15:07,680  INFO main:403 - Rechazados: 0
17:15:07,680  INFO main:413 - Individuo Solucion: {0,92,95,14,12,37,24,8,25,6,38,94,7,44,10,68,23,82,40,29,93,79,99,96,34,33,97,73,89,15,88,35,41,80,98,76,39,1,50,17,32,47,70,30,46,55,61,21,26,4,42,57,54,85,74,91,45,9,67,87,62,13,71,60,58,72,31,59,51,11,77,64,43,84,2,20,22,63,48,49,27,75,56,86,3,69,83,16,5,90,78,36,66,52,18,53,81,28,65,19}

17:15:07,680  INFO main:414 - *****************************************************
17:15:08,240  INFO main:399 - ****************Corrida 29 ************************
17:15:08,240  INFO main:400 - Fitness solucion: 56.0
17:15:08,241  INFO main:401 - Indice: 59
17:15:08,241  INFO main:402 - Generacion: 0
17:15:08,241  INFO main:403 - Rechazados: 0
17:15:08,241  INFO main:413 - Individuo Solucion: {6,83,20,86,91,74,34,3,95,29,33,96,21,1,17,36,39,9,54,31,81,8,41,12,4,2,80,98,51,15,27,92,97,24,32,93,75,46,13,37,28,53,30,47,69,26,44,42,87,66,49,11,79,82,71,62,52,5,14,16,59,50,63,56,85,10,94,76,43,23,78,25,55,67,88,0,64,65,90,73,58,48,77,38,70,89,40,57,84,35,22,68,45,72,61,18,7,19,99,60}

17:15:08,241  INFO main:414 - *****************************************************
17:15:08,241  INFO main:416 - Tiempo AGP: 587
17:15:08,241  INFO main:418 - Promedio Final: 56
17:15:08,241  INFO main:420 - Promedio Generaciones: 0
17:15:08,241  INFO main:422 - *****************Resultados********************
17:15:08,242  INFO main:424 - result: 56.0
17:15:08,242  INFO main:424 - result: 56.0
17:15:08,242  INFO main:424 - result: 56.0
17:15:08,242  INFO main:424 - result: 56.0
17:15:08,242  INFO main:424 - result: 56.0
17:15:08,242  INFO main:424 - result: 56.0
17:15:08,242  INFO main:424 - result: 56.0
17:15:08,242  INFO main:424 - result: 56.0
17:15:08,242  INFO main:424 - result: 56.0
17:15:08,242  INFO main:424 - result: 56.0
17:15:08,242  INFO main:424 - result: 56.0
17:15:08,242  INFO main:424 - result: 56.0
17:15:08,243  INFO main:424 - result: 56.0
17:15:08,243  INFO main:424 - result: 56.0
17:15:08,243  INFO main:424 - result: 56.0
17:15:08,243  INFO main:424 - result: 56.0
17:15:08,243  INFO main:424 - result: 56.0
17:15:08,243  INFO main:424 - result: 56.0
17:15:08,243  INFO main:424 - result: 56.0
17:15:08,243  INFO main:424 - result: 56.0
17:15:08,243  INFO main:424 - result: 56.0
17:15:08,243  INFO main:424 - result: 56.0
17:15:08,243  INFO main:424 - result: 56.0
17:15:08,244  INFO main:424 - result: 56.0
17:15:08,244  INFO main:424 - result: 56.0
17:15:08,244  INFO main:424 - result: 56.0
17:15:08,244  INFO main:424 - result: 56.0
17:15:08,244  INFO main:424 - result: 56.0
17:15:08,244  INFO main:424 - result: 56.0
17:15:08,244  INFO main:424 - result: 56.0
17:15:08,244  INFO main:426 - *****************Generaciones********************
17:15:08,244  INFO main:428 - Generacion: 0
17:15:08,244  INFO main:428 - Generacion: 0
17:15:08,244  INFO main:428 - Generacion: 0
17:15:08,245  INFO main:428 - Generacion: 0
17:15:08,245  INFO main:428 - Generacion: 0
17:15:08,245  INFO main:428 - Generacion: 0
17:15:08,245  INFO main:428 - Generacion: 0
17:15:08,245  INFO main:428 - Generacion: 0
17:15:08,245  INFO main:428 - Generacion: 0
17:15:08,245  INFO main:428 - Generacion: 0
17:15:08,245  INFO main:428 - Generacion: 0
17:15:08,245  INFO main:428 - Generacion: 0
17:15:08,245  INFO main:428 - Generacion: 0
17:15:08,245  INFO main:428 - Generacion: 0
17:15:08,245  INFO main:428 - Generacion: 0
17:15:08,245  INFO main:428 - Generacion: 0
17:15:08,246  INFO main:428 - Generacion: 0
17:15:08,246  INFO main:428 - Generacion: 0
17:15:08,246  INFO main:428 - Generacion: 0
17:15:08,246  INFO main:428 - Generacion: 0
17:15:08,246  INFO main:428 - Generacion: 0
17:15:08,246  INFO main:428 - Generacion: 0
17:15:08,246  INFO main:428 - Generacion: 0
17:15:08,246  INFO main:428 - Generacion: 0
17:15:08,246  INFO main:428 - Generacion: 0
17:15:08,246  INFO main:428 - Generacion: 0
17:15:08,246  INFO main:428 - Generacion: 0
17:15:08,246  INFO main:428 - Generacion: 0
17:15:08,246  INFO main:428 - Generacion: 0
17:15:08,246  INFO main:428 - Generacion: 0
