16:40:40,558  INFO main:168 - Logueando
16:41:51,757  INFO main:300 - Tiempo PreCalculo: 71198
16:41:51,757  INFO main:387 - ****************AG PERMUTACION****************
16:41:54,049  INFO main:399 - ****************Corrida 0 ************************
16:41:54,049  INFO main:400 - Fitness solucion: 93.0
16:41:54,049  INFO main:401 - Indice: 98
16:41:54,050  INFO main:402 - Generacion: 0
16:41:54,050  INFO main:403 - Rechazados: 0
16:41:54,050  INFO main:413 - Individuo Solucion: {140,231,102,247,7,243,64,244,46,29,22,17,161,221,133,37,9,212,19,184,12,191,119,2,245,174,127,182,4,61,33,50,82,58,114,187,66,146,40,52,238,172,45,159,219,49,169,25,63,51,239,70,175,94,198,213,167,48,42,73,35,85,233,18,89,10,95,152,168,78,210,104,162,115,225,228,180,27,158,218,126,106,111,188,170,14,13,135,235,5,77,91,20,248,103,178,15,88,76,121,147,129,189,200,249,44,116,6,209,74,93,199,0,60,185,165,31,166,43,38,80,206,229,204,72,141,151,123,67,195,39,226,196,28,53,143,144,227,99,181,56,97,69,236,153,34,112,222,105,203,130,26,55,41,21,186,117,11,232,246,230,90,217,134,87,83,149,171,216,62,234,211,237,214,1,47,183,32,36,100,142,128,81,92,156,242,192,122,241,224,202,59,160,3,79,223,96,193,54,75,177,145,205,23,215,65,197,101,240,57,194,164,84,71,113,125,201,30,155,131,108,173,132,24,138,154,157,98,139,16,220,107,118,208,207,148,124,68,136,137,86,163,8,109,190,120,176,110,150,179}

16:41:54,050  INFO main:414 - *****************************************************
16:41:55,582  INFO main:399 - ****************Corrida 1 ************************
16:41:55,583  INFO main:400 - Fitness solucion: 93.0
16:41:55,583  INFO main:401 - Indice: 99
16:41:55,583  INFO main:402 - Generacion: 0
16:41:55,583  INFO main:403 - Rechazados: 0
16:41:55,584  INFO main:413 - Individuo Solucion: {173,9,68,125,11,6,111,158,89,151,218,188,29,80,47,186,3,4,55,51,172,13,7,59,145,198,119,161,18,37,2,21,32,120,166,92,40,104,24,203,148,222,23,43,26,76,44,58,194,12,54,81,97,78,83,69,106,102,74,210,241,30,33,103,154,48,1,126,197,160,96,170,31,208,223,123,249,121,124,187,71,112,204,122,85,229,109,100,36,128,118,87,79,56,15,159,113,146,86,225,49,115,219,28,46,142,130,110,116,228,38,75,216,167,19,215,84,144,247,53,141,165,240,105,199,190,189,178,238,184,0,10,195,153,163,180,245,237,27,168,157,147,5,174,201,60,107,239,211,14,175,202,138,169,70,183,62,227,16,182,196,99,155,192,207,244,200,88,35,101,17,143,34,136,39,77,224,133,226,57,93,64,50,139,127,209,20,191,94,91,235,66,205,248,206,135,42,193,233,179,52,243,129,177,164,72,132,234,8,82,156,214,108,134,171,22,117,90,246,149,232,162,185,114,45,220,213,25,41,73,140,230,150,181,176,217,137,221,212,98,61,67,236,131,231,65,63,152,95,242}

16:41:55,584  INFO main:414 - *****************************************************
16:41:57,117  INFO main:399 - ****************Corrida 2 ************************
16:41:57,117  INFO main:400 - Fitness solucion: 93.0
16:41:57,117  INFO main:401 - Indice: 101
16:41:57,117  INFO main:402 - Generacion: 0
16:41:57,117  INFO main:403 - Rechazados: 0
16:41:57,118  INFO main:413 - Individuo Solucion: {244,15,23,9,159,37,28,26,27,223,49,232,178,43,221,118,190,39,46,31,207,89,65,14,86,186,98,85,157,204,216,44,64,16,183,29,75,22,25,108,59,121,227,212,90,38,192,48,105,141,220,155,228,224,83,248,100,74,226,69,200,231,71,58,10,132,107,51,73,170,11,214,35,97,194,68,195,82,81,126,211,172,127,210,1,93,247,193,218,3,24,7,18,225,217,79,117,112,0,137,138,164,104,139,130,32,33,76,209,2,41,80,144,131,179,21,149,94,57,208,136,135,55,206,199,239,4,243,119,110,160,230,222,47,240,113,174,34,233,88,196,67,169,142,158,45,165,162,197,153,205,161,145,52,152,182,19,201,84,63,56,66,151,106,42,180,102,111,184,40,53,163,154,156,61,245,70,95,36,20,77,181,60,249,30,122,219,115,92,173,134,171,13,191,123,96,166,99,147,133,237,129,116,235,114,8,50,109,215,185,5,187,124,176,242,150,241,87,213,189,91,54,238,167,236,103,6,177,78,198,120,202,146,168,125,62,175,101,12,203,234,140,229,72,128,143,246,17,148,188}

16:41:57,118  INFO main:414 - *****************************************************
16:41:58,647  INFO main:399 - ****************Corrida 3 ************************
16:41:58,647  INFO main:400 - Fitness solucion: 93.0
16:41:58,647  INFO main:401 - Indice: 108
16:41:58,647  INFO main:402 - Generacion: 0
16:41:58,647  INFO main:403 - Rechazados: 0
16:41:58,647  INFO main:413 - Individuo Solucion: {216,31,135,154,113,25,72,178,163,230,56,34,193,8,21,53,36,48,219,2,197,158,5,224,86,201,210,6,151,136,54,65,198,30,247,131,28,22,188,137,222,64,32,37,91,43,152,81,88,59,96,242,109,82,184,206,52,156,102,231,173,189,97,50,191,42,69,57,241,80,139,1,9,51,17,90,98,209,150,116,79,243,92,112,75,225,16,89,94,121,182,235,111,44,232,11,104,202,143,61,71,130,236,45,249,134,7,117,33,162,76,38,108,125,166,226,55,24,179,83,35,124,215,46,167,101,99,169,63,164,218,95,4,23,228,49,47,110,12,84,100,183,148,237,118,176,19,168,20,212,181,233,119,87,195,213,194,18,67,140,106,142,180,248,220,160,244,0,190,185,3,105,115,175,153,171,196,157,141,128,29,132,161,39,120,122,155,223,138,186,229,172,211,177,192,93,159,10,227,41,68,103,27,246,217,165,127,15,62,214,187,40,85,205,208,126,13,149,144,77,245,200,221,129,78,145,107,207,66,203,199,146,73,26,204,74,174,234,170,147,239,114,123,238,133,14,70,58,240,60}

16:41:58,648  INFO main:414 - *****************************************************
16:42:00,183  INFO main:399 - ****************Corrida 4 ************************
16:42:00,183  INFO main:400 - Fitness solucion: 93.0
16:42:00,183  INFO main:401 - Indice: 103
16:42:00,183  INFO main:402 - Generacion: 0
16:42:00,183  INFO main:403 - Rechazados: 0
16:42:00,184  INFO main:413 - Individuo Solucion: {96,4,216,186,229,20,14,224,41,66,173,177,26,133,12,240,214,38,30,29,0,13,5,56,119,39,68,213,52,191,75,208,242,40,64,3,201,90,42,36,80,55,181,23,236,22,79,83,226,189,152,120,137,48,156,138,249,114,215,69,118,235,112,218,51,78,21,217,238,124,245,128,135,134,11,145,150,220,91,53,43,92,237,188,31,167,82,164,127,71,185,37,73,60,113,70,136,103,44,168,190,93,89,32,87,148,200,94,147,125,19,18,100,106,47,25,15,84,123,183,77,151,219,225,121,162,199,227,228,58,232,158,63,178,154,221,195,28,204,129,88,62,59,116,202,139,244,141,81,179,9,1,180,17,74,231,184,163,153,126,8,97,161,140,149,2,160,203,205,101,104,174,144,247,110,95,175,108,176,243,172,166,209,197,7,206,85,76,102,131,16,198,159,27,54,187,65,107,210,35,115,169,193,6,72,142,170,157,241,194,98,33,234,182,86,46,192,61,50,105,49,132,130,239,143,146,212,117,222,207,10,122,223,248,34,211,165,57,155,67,45,246,230,99,233,111,196,171,109,24}

16:42:00,184  INFO main:414 - *****************************************************
16:42:01,717  INFO main:399 - ****************Corrida 5 ************************
16:42:01,717  INFO main:400 - Fitness solucion: 93.0
16:42:01,717  INFO main:401 - Indice: 102
16:42:01,717  INFO main:402 - Generacion: 0
16:42:01,718  INFO main:403 - Rechazados: 0
16:42:01,718  INFO main:413 - Individuo Solucion: {6,17,237,92,10,209,9,38,90,222,13,248,194,36,218,213,53,182,173,8,190,192,161,30,2,95,27,142,111,156,62,217,57,109,230,63,164,58,61,77,225,208,83,206,55,135,80,68,174,137,40,41,22,127,69,211,146,81,60,23,11,228,185,66,180,34,240,153,249,203,181,107,97,215,84,238,75,144,114,126,67,231,76,42,47,20,138,212,131,245,210,246,134,106,148,122,93,104,200,102,15,74,25,21,89,198,166,165,7,201,50,45,19,117,244,110,232,162,73,141,132,163,119,196,88,143,86,49,100,82,155,223,183,202,195,193,33,113,71,235,46,129,140,233,145,136,115,52,112,236,121,31,5,229,72,147,133,158,149,188,167,197,154,239,159,0,128,29,175,99,170,123,168,87,247,151,96,176,70,234,12,157,189,51,48,14,241,160,139,59,28,242,98,16,32,37,205,191,103,125,214,120,65,39,243,108,56,35,79,101,226,184,219,118,54,177,130,216,94,224,172,199,78,204,1,187,178,221,220,26,18,169,179,124,3,171,4,64,152,207,105,91,227,150,43,116,85,44,24,186}

16:42:01,718  INFO main:414 - *****************************************************
16:42:03,237  INFO main:399 - ****************Corrida 6 ************************
16:42:03,238  INFO main:400 - Fitness solucion: 93.0
16:42:03,238  INFO main:401 - Indice: 108
16:42:03,238  INFO main:402 - Generacion: 0
16:42:03,240  INFO main:403 - Rechazados: 0
16:42:03,241  INFO main:413 - Individuo Solucion: {7,158,177,125,220,18,1,149,153,60,130,53,113,178,161,25,40,91,59,33,36,48,3,229,148,32,57,163,23,95,50,5,34,245,140,222,236,44,210,109,233,65,20,247,13,19,137,79,49,90,24,234,230,77,92,217,175,243,238,35,186,157,214,187,101,110,76,2,47,111,108,75,28,212,97,67,10,83,22,52,80,168,115,4,246,72,15,248,209,182,235,88,38,26,145,129,16,37,188,63,231,189,249,239,207,131,141,54,197,74,240,213,127,85,120,162,196,103,184,173,55,176,237,11,190,218,232,202,8,119,56,225,134,156,195,198,174,102,86,143,73,170,144,45,142,206,132,31,226,228,98,155,29,159,160,27,208,150,96,154,106,192,58,216,42,105,242,43,124,30,128,147,17,104,116,62,61,164,215,66,185,133,0,121,165,81,241,9,169,39,203,172,180,201,135,123,138,171,46,114,71,167,64,191,204,126,78,99,6,94,51,205,89,193,70,152,12,223,93,87,199,41,211,118,200,14,82,100,139,21,151,219,117,194,136,227,122,221,224,146,69,112,166,183,107,244,84,179,68,181}

16:42:03,241  INFO main:414 - *****************************************************
16:42:04,762  INFO main:399 - ****************Corrida 7 ************************
16:42:04,763  INFO main:400 - Fitness solucion: 93.0
16:42:04,763  INFO main:401 - Indice: 107
16:42:04,763  INFO main:402 - Generacion: 0
16:42:04,763  INFO main:403 - Rechazados: 0
16:42:04,763  INFO main:413 - Individuo Solucion: {243,91,5,234,7,18,136,225,27,44,226,120,11,34,196,161,241,16,41,150,106,190,163,67,35,51,110,182,53,175,80,3,179,82,65,206,59,153,248,38,19,75,239,235,174,60,107,104,211,236,231,133,203,21,238,215,69,143,146,149,204,76,54,90,43,62,166,24,210,151,193,125,29,87,63,28,22,242,14,10,187,224,138,86,140,247,56,128,171,70,68,20,36,61,37,223,132,72,221,78,12,147,98,137,111,208,2,222,26,46,115,209,198,178,240,45,83,97,230,200,129,191,126,172,84,249,139,148,164,88,32,89,33,177,55,144,95,155,9,49,15,180,186,207,8,112,13,79,217,195,220,130,124,116,1,57,246,25,165,17,157,219,100,74,113,31,114,102,229,122,42,201,118,47,244,58,184,73,93,154,188,81,108,237,105,135,134,245,131,121,202,205,92,167,145,160,162,0,214,99,23,64,183,52,117,127,119,213,4,30,218,50,109,40,66,152,71,48,156,176,158,159,181,77,227,141,170,168,142,212,194,39,6,173,94,228,192,96,169,232,103,199,197,216,85,233,189,101,123,185}

16:42:04,763  INFO main:414 - *****************************************************
16:42:06,290  INFO main:399 - ****************Corrida 8 ************************
16:42:06,290  INFO main:400 - Fitness solucion: 93.0
16:42:06,290  INFO main:401 - Indice: 104
16:42:06,290  INFO main:402 - Generacion: 0
16:42:06,290  INFO main:403 - Rechazados: 0
16:42:06,291  INFO main:413 - Individuo Solucion: {5,25,9,36,249,66,21,31,87,39,202,131,11,168,69,65,41,196,60,50,204,23,79,221,34,185,73,16,77,230,235,120,78,8,53,129,1,10,225,159,162,70,220,215,100,97,47,166,86,153,28,161,12,95,61,32,112,216,76,101,201,231,80,3,92,52,30,2,48,102,192,74,246,122,243,116,157,115,118,237,232,130,227,171,179,93,124,233,82,35,6,241,186,64,146,172,189,85,126,147,148,149,173,211,244,46,217,156,110,133,167,213,99,104,136,218,239,72,29,141,209,197,44,71,155,62,125,4,138,223,119,42,127,142,247,143,51,67,139,96,19,169,54,207,158,45,145,132,152,113,33,144,38,7,212,109,195,214,20,238,121,242,240,226,182,222,203,75,117,164,15,106,208,114,89,198,58,228,210,178,150,55,174,187,128,59,107,224,68,88,81,176,165,135,181,177,190,91,63,108,24,37,40,180,0,140,18,123,83,175,84,17,183,236,151,219,194,245,248,170,193,90,154,26,184,206,229,105,191,111,14,56,94,163,234,137,98,49,205,188,27,13,43,22,103,134,200,199,57,160}

16:42:06,291  INFO main:414 - *****************************************************
16:42:07,820  INFO main:399 - ****************Corrida 9 ************************
16:42:07,820  INFO main:400 - Fitness solucion: 93.0
16:42:07,820  INFO main:401 - Indice: 114
16:42:07,820  INFO main:402 - Generacion: 0
16:42:07,820  INFO main:403 - Rechazados: 0
16:42:07,821  INFO main:413 - Individuo Solucion: {126,230,179,7,2,238,132,194,12,35,231,105,180,140,75,177,36,154,47,165,55,143,157,136,19,27,6,72,114,156,29,50,178,127,38,163,184,3,33,74,20,122,219,71,161,245,65,133,58,37,64,144,31,79,8,43,113,198,34,22,91,104,98,131,120,235,93,88,23,141,10,247,32,210,170,233,244,13,248,218,186,42,106,54,94,115,237,152,17,52,150,57,25,149,171,107,16,77,14,18,212,73,249,101,83,108,81,160,9,70,100,197,224,173,103,139,5,80,221,45,90,124,102,227,242,168,200,21,164,116,59,28,97,119,137,169,84,222,86,129,130,190,96,192,215,205,145,188,135,209,118,63,236,138,66,182,232,1,134,228,189,223,167,153,4,60,117,159,191,99,151,62,15,201,246,89,241,87,24,111,95,176,67,226,147,211,193,243,26,53,85,142,185,40,206,76,195,11,121,46,51,78,214,196,56,61,41,199,207,69,123,203,204,174,239,92,0,217,49,112,216,110,187,155,148,213,39,234,82,240,109,172,202,125,229,158,175,166,162,181,225,48,146,128,183,44,208,68,220,30}

16:42:07,821  INFO main:414 - *****************************************************
16:42:09,350  INFO main:399 - ****************Corrida 10 ************************
16:42:09,350  INFO main:400 - Fitness solucion: 93.0
16:42:09,350  INFO main:401 - Indice: 101
16:42:09,350  INFO main:402 - Generacion: 0
16:42:09,350  INFO main:403 - Rechazados: 0
16:42:09,350  INFO main:413 - Individuo Solucion: {8,4,9,232,13,119,59,166,161,160,207,27,141,21,118,230,30,28,220,1,10,55,19,44,6,17,94,65,16,29,206,37,213,54,242,63,168,75,236,215,93,57,58,97,84,70,188,104,32,95,152,81,194,153,73,237,12,221,77,40,39,71,122,240,79,0,129,74,78,69,173,51,49,128,68,66,130,132,50,235,212,18,174,106,227,53,48,125,234,172,167,249,154,56,64,62,36,47,124,146,244,233,155,111,76,140,243,43,72,208,3,171,247,165,189,177,61,157,23,222,91,229,120,149,33,82,83,226,164,11,42,185,184,210,228,14,35,209,197,175,218,144,25,192,109,89,52,196,80,205,15,31,143,87,90,182,45,139,126,102,246,223,170,150,26,131,191,180,5,116,105,169,137,134,239,200,34,225,107,156,60,145,195,178,159,199,148,136,142,114,123,176,98,85,151,133,193,201,211,186,86,121,113,46,158,147,198,96,187,108,190,135,100,99,41,163,202,7,162,92,115,110,248,224,67,238,179,241,103,88,127,217,181,22,20,231,219,203,38,2,216,112,204,117,245,24,101,183,138,214}

16:42:09,351  INFO main:414 - *****************************************************
16:42:10,873  INFO main:399 - ****************Corrida 11 ************************
16:42:10,873  INFO main:400 - Fitness solucion: 93.0
16:42:10,874  INFO main:401 - Indice: 111
16:42:10,874  INFO main:402 - Generacion: 0
16:42:10,874  INFO main:403 - Rechazados: 0
16:42:10,874  INFO main:413 - Individuo Solucion: {220,160,31,120,12,153,133,238,42,145,76,168,171,21,10,185,116,3,204,33,134,6,57,244,62,222,40,54,180,246,119,35,39,209,55,41,28,68,208,218,86,16,83,224,234,88,82,5,65,195,109,17,227,221,104,135,85,36,131,73,200,181,126,81,38,236,95,8,110,183,214,29,1,63,107,87,44,106,34,115,14,103,193,66,130,37,248,53,148,170,150,152,77,111,98,2,243,71,176,22,156,15,7,196,229,24,138,189,149,27,174,240,129,212,159,32,25,74,165,166,108,0,78,241,147,154,155,237,136,102,123,93,70,11,90,225,207,96,114,99,167,132,45,230,139,43,178,97,232,198,140,51,233,128,72,100,52,125,158,60,89,206,19,186,162,79,203,101,105,223,92,48,217,112,122,80,211,124,49,205,151,75,194,18,245,30,249,4,184,56,121,169,213,226,13,143,137,197,157,47,26,164,91,141,59,190,235,191,177,228,239,64,187,127,242,84,231,192,247,61,9,216,201,67,188,69,219,173,199,210,23,144,172,94,182,50,20,58,46,118,163,146,179,161,215,113,202,175,142,117}

16:42:10,874  INFO main:414 - *****************************************************
16:42:12,402  INFO main:399 - ****************Corrida 12 ************************
16:42:12,402  INFO main:400 - Fitness solucion: 93.0
16:42:12,402  INFO main:401 - Indice: 103
16:42:12,402  INFO main:402 - Generacion: 1
16:42:12,403  INFO main:403 - Rechazados: 0
16:42:12,403  INFO main:413 - Individuo Solucion: {7,20,162,187,2,24,30,0,212,39,11,125,230,208,189,15,97,101,106,28,153,126,6,54,34,117,70,219,171,151,65,19,127,240,51,26,13,73,243,228,25,242,92,200,95,245,96,99,32,57,98,38,244,168,42,211,163,142,110,183,139,120,22,36,8,138,247,119,71,63,186,121,90,115,147,173,221,141,29,145,174,105,130,84,116,114,113,227,197,94,64,49,21,10,218,85,102,23,203,103,193,182,61,124,31,223,190,234,232,1,222,44,83,122,179,82,48,155,107,185,75,148,12,137,62,159,241,235,209,123,136,76,184,214,40,167,169,229,18,55,129,79,112,143,201,157,37,180,52,181,217,88,77,248,66,149,69,50,60,47,89,74,14,131,233,195,67,202,150,132,188,128,91,206,170,35,204,81,133,239,160,246,17,164,154,87,224,191,175,225,59,156,86,178,140,134,158,68,3,16,144,220,111,198,231,172,53,5,45,78,215,177,249,4,33,56,41,216,199,118,194,108,166,93,236,109,165,210,135,80,152,43,226,46,72,205,161,238,9,176,213,192,146,237,58,104,207,27,196,100}

16:42:12,403  INFO main:414 - *****************************************************
16:42:13,932  INFO main:399 - ****************Corrida 13 ************************
16:42:13,933  INFO main:400 - Fitness solucion: 93.0
16:42:13,933  INFO main:401 - Indice: 103
16:42:13,933  INFO main:402 - Generacion: 1
16:42:13,933  INFO main:403 - Rechazados: 0
16:42:13,933  INFO main:413 - Individuo Solucion: {24,0,12,224,44,22,151,86,217,57,73,221,215,84,68,88,242,247,10,76,63,25,18,211,249,127,55,97,82,92,244,66,154,241,30,9,4,61,120,137,202,11,117,145,191,141,111,95,144,8,59,207,245,39,70,67,194,119,80,212,85,106,187,91,27,126,75,243,19,6,50,49,100,72,43,3,163,53,51,139,130,201,46,232,236,71,226,40,94,5,136,103,26,149,14,114,138,150,38,203,15,41,200,147,90,54,210,159,220,190,142,206,74,101,164,113,98,156,152,231,227,181,183,233,235,35,169,104,222,135,28,118,157,160,112,234,146,168,1,58,122,32,2,238,178,123,230,125,17,140,193,29,239,87,172,148,23,131,56,208,121,158,109,81,102,170,133,48,116,37,185,93,195,20,155,115,167,62,179,132,36,108,219,186,134,77,173,165,192,99,83,162,246,79,21,65,171,124,129,69,153,182,33,7,143,107,166,216,223,199,47,198,31,225,52,180,110,205,188,177,228,13,229,189,96,60,78,248,196,42,209,214,218,213,161,45,128,64,204,16,175,176,237,105,184,174,34,89,197,240}

16:42:13,933  INFO main:414 - *****************************************************
16:42:15,461  INFO main:399 - ****************Corrida 14 ************************
16:42:15,461  INFO main:400 - Fitness solucion: 93.0
16:42:15,461  INFO main:401 - Indice: 111
16:42:15,461  INFO main:402 - Generacion: 5
16:42:15,461  INFO main:403 - Rechazados: 0
16:42:15,461  INFO main:413 - Individuo Solucion: {0,189,135,109,168,145,61,219,65,58,205,240,198,210,148,102,1,94,188,112,60,201,23,123,3,176,54,46,229,167,85,242,81,107,196,36,212,96,246,7,62,93,160,173,187,155,232,92,209,184,235,221,220,90,37,126,38,100,71,234,159,129,125,75,25,116,39,66,214,111,48,52,119,59,132,33,142,228,151,207,249,157,97,70,204,143,14,161,172,139,178,20,247,26,49,183,30,95,105,11,27,248,50,225,213,163,175,180,44,64,34,222,87,170,174,47,56,42,18,53,127,110,83,108,2,15,77,241,32,199,41,91,182,185,243,31,13,179,68,17,231,113,19,181,103,89,8,223,40,24,158,72,203,78,84,29,244,82,73,80,69,206,218,16,22,149,238,211,79,165,98,45,208,130,106,152,224,28,236,147,55,57,6,10,202,190,104,140,153,166,237,99,86,146,128,227,215,121,164,124,118,76,191,4,43,138,120,117,35,186,216,9,150,141,226,162,177,144,114,122,169,197,134,156,230,136,233,171,217,115,88,194,245,239,133,131,192,51,154,74,63,101,5,137,12,67,21,195,200,193}

16:42:15,462  INFO main:414 - *****************************************************
16:42:16,989  INFO main:399 - ****************Corrida 15 ************************
16:42:16,990  INFO main:400 - Fitness solucion: 93.0
16:42:16,990  INFO main:401 - Indice: 101
16:42:16,990  INFO main:402 - Generacion: 0
16:42:16,990  INFO main:403 - Rechazados: 0
16:42:16,990  INFO main:413 - Individuo Solucion: {23,31,163,206,194,195,169,38,96,29,224,79,27,217,118,94,154,188,189,193,171,120,230,6,8,66,246,62,83,226,157,139,41,59,205,209,7,36,74,231,15,132,65,20,242,57,51,204,185,55,84,247,10,78,92,47,34,69,162,182,17,0,144,248,177,46,73,56,45,176,141,123,161,80,5,50,99,13,105,114,107,102,128,222,122,137,215,108,14,129,89,82,160,75,245,72,12,93,159,134,117,201,1,18,191,221,85,112,186,125,165,234,145,30,53,237,240,77,103,235,101,40,26,119,48,143,207,146,219,42,90,133,115,32,178,68,106,116,3,190,64,91,142,58,28,210,174,244,203,104,140,155,223,199,54,87,71,220,149,98,81,110,43,44,212,236,70,148,166,135,168,153,172,33,61,100,126,225,97,249,109,151,196,60,4,170,180,76,86,164,150,2,192,130,147,211,216,218,198,131,214,156,67,63,184,111,152,11,95,179,9,35,187,228,127,22,37,243,208,52,19,213,197,227,49,181,229,241,25,233,202,232,88,183,136,21,24,39,200,138,16,121,124,113,239,158,167,175,238,173}

16:42:16,990  INFO main:414 - *****************************************************
16:42:18,523  INFO main:399 - ****************Corrida 16 ************************
16:42:18,523  INFO main:400 - Fitness solucion: 93.0
16:42:18,523  INFO main:401 - Indice: 100
16:42:18,523  INFO main:402 - Generacion: 1
16:42:18,523  INFO main:403 - Rechazados: 0
16:42:18,523  INFO main:413 - Individuo Solucion: {209,82,223,12,0,98,34,19,4,17,155,172,37,32,221,64,213,1,86,224,21,35,150,15,50,51,139,48,185,59,181,78,71,56,97,229,29,39,104,46,102,5,171,174,76,170,40,241,204,100,85,65,96,81,131,110,69,55,103,54,118,234,26,115,158,140,127,13,60,10,129,167,122,77,211,67,193,105,200,90,66,228,248,242,163,166,36,14,18,116,215,41,113,80,57,132,243,119,226,176,114,194,182,121,108,107,53,220,120,188,135,151,202,79,214,38,20,152,219,208,238,153,52,33,83,61,207,179,246,44,111,232,133,191,142,45,30,94,141,183,70,128,84,75,178,195,203,175,218,88,239,124,146,27,95,24,147,109,184,192,112,143,7,244,197,74,87,199,101,164,47,154,168,130,177,249,3,233,123,237,73,159,165,23,6,2,62,187,106,205,169,217,157,16,216,138,240,189,144,63,227,43,9,58,245,28,236,117,160,42,134,91,156,161,125,231,186,31,68,198,206,89,92,235,99,148,149,72,201,190,11,173,8,247,222,136,162,210,25,225,22,93,212,145,196,49,137,180,230,126}

16:42:18,523  INFO main:414 - *****************************************************
16:42:20,063  INFO main:399 - ****************Corrida 17 ************************
16:42:20,063  INFO main:400 - Fitness solucion: 93.0
16:42:20,064  INFO main:401 - Indice: 104
16:42:20,064  INFO main:402 - Generacion: 0
16:42:20,064  INFO main:403 - Rechazados: 0
16:42:20,064  INFO main:413 - Individuo Solucion: {120,18,165,229,34,164,41,152,247,183,249,38,220,5,143,65,78,128,17,32,75,36,37,87,207,64,14,68,88,73,234,56,94,122,79,50,77,225,245,53,199,139,26,74,30,11,67,137,28,189,237,2,244,54,212,219,63,91,217,10,239,158,112,161,6,116,90,155,147,233,39,103,58,49,89,108,51,66,188,29,60,23,104,1,40,142,107,150,156,82,141,125,241,92,187,109,55,181,76,13,52,48,24,27,148,224,209,99,176,124,70,133,43,196,246,151,102,8,140,146,15,118,62,163,42,236,71,35,242,81,240,171,149,185,47,228,138,46,22,205,154,169,45,0,84,182,223,159,179,238,72,195,211,201,44,129,95,9,20,21,100,193,86,184,4,113,130,145,101,127,180,197,115,106,111,248,208,135,206,57,231,227,98,204,97,175,114,132,93,166,105,12,173,243,61,31,191,110,221,214,160,178,210,33,203,194,59,153,200,80,119,213,198,117,144,192,136,19,215,16,235,172,222,162,232,170,121,226,126,167,168,3,7,190,134,174,186,25,202,123,216,96,157,85,83,230,69,131,218,177}

16:42:20,064  INFO main:414 - *****************************************************
16:42:21,596  INFO main:399 - ****************Corrida 18 ************************
16:42:21,596  INFO main:400 - Fitness solucion: 94.0
16:42:21,597  INFO main:401 - Indice: 105
16:42:21,597  INFO main:402 - Generacion: 0
16:42:21,597  INFO main:403 - Rechazados: 0
16:42:21,597  INFO main:413 - Individuo Solucion: {186,72,30,140,15,70,16,93,161,55,27,7,206,209,23,46,81,180,164,8,213,113,17,243,121,13,235,223,104,32,20,91,181,183,59,25,41,80,60,239,96,242,246,189,120,216,248,135,165,85,6,107,171,75,225,45,56,67,244,65,247,38,10,212,236,153,210,11,145,205,69,237,43,63,18,36,24,50,89,193,185,49,126,207,35,218,148,29,4,127,19,42,108,112,111,144,240,200,71,187,83,100,87,232,196,143,231,137,1,26,84,5,90,131,133,40,116,136,62,146,51,97,208,228,241,191,123,156,233,94,68,12,57,106,39,77,168,178,177,182,238,230,128,44,52,179,21,122,99,154,151,79,190,198,150,149,222,66,73,158,220,78,163,174,169,58,204,98,226,125,188,76,249,9,176,142,92,152,33,124,48,14,37,0,134,147,157,201,245,203,227,22,221,88,160,199,202,141,170,229,28,195,54,109,103,101,197,139,102,217,159,224,118,162,192,166,53,64,119,129,175,74,114,2,130,105,95,110,214,184,219,167,86,211,132,215,234,82,155,61,47,115,173,34,117,31,194,172,3,138}

16:42:21,597  INFO main:414 - *****************************************************
16:42:23,124  INFO main:399 - ****************Corrida 19 ************************
16:42:23,124  INFO main:400 - Fitness solucion: 93.0
16:42:23,124  INFO main:401 - Indice: 103
16:42:23,124  INFO main:402 - Generacion: 0
16:42:23,125  INFO main:403 - Rechazados: 0
16:42:23,125  INFO main:413 - Individuo Solucion: {13,228,154,38,19,86,156,10,226,240,23,66,116,3,27,42,170,148,231,178,51,24,7,193,199,184,215,57,50,1,4,5,172,163,145,54,69,78,169,232,22,114,33,71,160,91,80,32,61,39,79,147,218,90,82,140,197,99,65,165,75,176,220,100,16,214,74,108,73,173,58,111,63,101,70,201,45,98,72,222,125,136,168,103,113,28,21,158,62,48,34,209,157,230,96,233,139,11,64,149,211,94,175,60,150,141,132,77,18,0,213,104,212,245,115,207,151,117,93,224,9,95,161,137,128,102,130,53,235,84,31,179,2,46,131,56,188,182,186,68,112,203,164,17,227,43,146,29,239,180,133,119,8,124,118,123,129,105,52,205,162,89,194,181,174,110,30,76,177,85,241,202,67,122,210,195,37,183,187,87,166,134,138,208,190,12,153,36,26,223,142,59,200,198,92,185,88,47,144,167,20,238,83,126,25,14,219,236,192,225,127,41,191,109,171,6,97,121,49,249,216,189,237,152,243,107,120,81,206,246,155,15,217,248,234,106,55,40,143,159,196,35,221,135,244,44,229,204,247,242}

16:42:23,125  INFO main:414 - *****************************************************
16:42:24,653  INFO main:399 - ****************Corrida 20 ************************
16:42:24,653  INFO main:400 - Fitness solucion: 93.0
16:42:24,653  INFO main:401 - Indice: 98
16:42:24,653  INFO main:402 - Generacion: 1
16:42:24,653  INFO main:403 - Rechazados: 0
16:42:24,654  INFO main:413 - Individuo Solucion: {182,66,236,89,223,153,3,91,54,19,15,41,246,93,149,126,133,201,7,238,50,200,49,69,95,39,235,18,72,63,249,105,106,229,73,176,74,231,87,13,159,52,26,60,224,230,185,92,58,168,184,70,77,222,122,68,243,57,225,227,247,245,161,12,14,33,44,215,104,5,218,205,35,202,55,6,29,248,219,135,129,189,232,1,56,166,237,114,117,40,171,97,139,221,28,116,123,24,178,239,169,23,158,17,174,11,88,160,51,120,64,209,175,137,148,102,152,16,141,208,101,79,32,197,234,199,46,86,22,196,0,136,194,85,10,134,75,172,131,154,150,113,177,65,211,110,37,45,130,48,47,146,80,214,124,81,144,165,30,188,82,94,62,155,186,193,128,181,127,99,220,25,21,240,84,191,125,207,109,192,98,9,190,83,67,36,216,27,78,31,212,157,164,147,42,90,180,233,96,121,140,8,163,61,76,138,210,228,108,204,38,170,112,195,107,103,119,187,206,242,179,217,203,183,156,132,2,143,59,115,34,244,118,226,241,20,142,151,145,43,173,213,4,71,53,167,111,162,198,100}

16:42:24,654  INFO main:414 - *****************************************************
16:42:26,180  INFO main:399 - ****************Corrida 21 ************************
16:42:26,180  INFO main:400 - Fitness solucion: 93.0
16:42:26,180  INFO main:401 - Indice: 102
16:42:26,180  INFO main:402 - Generacion: 0
16:42:26,180  INFO main:403 - Rechazados: 0
16:42:26,180  INFO main:413 - Individuo Solucion: {17,0,47,227,12,2,120,5,209,196,35,173,229,41,80,43,172,121,24,20,74,15,21,16,7,6,214,39,108,62,98,37,26,32,19,243,101,45,70,182,210,133,213,139,76,156,111,66,48,160,82,28,147,83,240,149,238,71,134,79,77,236,18,44,10,124,34,194,53,92,73,105,54,123,146,30,22,153,145,100,131,150,237,63,211,59,8,84,126,36,234,104,143,69,155,130,95,38,169,81,159,183,246,207,142,220,56,11,87,224,195,25,245,67,103,208,226,244,60,112,184,242,9,239,161,138,247,223,141,117,118,132,51,148,170,191,176,199,50,129,249,3,174,29,164,72,201,163,181,99,137,97,61,152,206,185,193,109,232,187,162,171,198,46,128,93,154,127,135,200,241,33,222,49,31,233,27,205,203,88,157,165,167,202,90,65,114,186,23,248,221,235,212,107,192,231,218,102,179,86,151,178,125,68,204,215,190,216,85,113,91,115,175,94,75,168,64,219,144,4,40,110,180,217,106,14,188,116,122,13,228,57,166,225,89,42,189,1,136,177,52,96,58,197,119,230,140,78,158,55}

16:42:26,180  INFO main:414 - *****************************************************
16:42:27,697  INFO main:399 - ****************Corrida 22 ************************
16:42:27,697  INFO main:400 - Fitness solucion: 93.0
16:42:27,697  INFO main:401 - Indice: 104
16:42:27,697  INFO main:402 - Generacion: 5
16:42:27,697  INFO main:403 - Rechazados: 0
16:42:27,697  INFO main:413 - Individuo Solucion: {27,2,65,53,64,247,31,103,161,97,16,186,88,91,44,98,190,200,94,46,74,150,170,37,233,101,151,119,197,95,172,108,162,93,30,34,177,23,107,96,9,159,248,68,66,1,4,211,26,10,130,182,92,235,201,184,139,5,13,43,131,52,104,194,135,32,12,110,126,234,207,180,20,113,47,63,220,171,163,33,39,178,125,11,206,29,222,83,38,249,76,229,155,160,157,89,21,203,204,41,72,79,42,100,122,210,45,90,214,121,216,116,223,208,149,174,115,28,58,226,59,129,147,243,146,230,240,239,196,6,24,128,86,17,61,123,215,168,134,112,78,154,18,175,164,166,193,153,22,0,143,48,189,187,185,55,54,217,242,82,192,69,158,40,245,191,205,176,244,224,136,75,49,124,25,35,132,188,84,138,60,133,77,99,140,118,120,117,85,51,19,237,114,169,199,7,148,57,167,80,183,87,227,209,198,111,70,3,202,165,241,221,181,232,71,219,218,67,179,105,127,145,225,156,73,56,144,212,62,109,142,141,231,50,14,137,36,228,106,152,81,195,238,213,246,15,173,236,102,8}

16:42:27,697  INFO main:414 - *****************************************************
16:42:29,227  INFO main:399 - ****************Corrida 23 ************************
16:42:29,227  INFO main:400 - Fitness solucion: 93.0
16:42:29,228  INFO main:401 - Indice: 107
16:42:29,228  INFO main:402 - Generacion: 0
16:42:29,228  INFO main:403 - Rechazados: 0
16:42:29,228  INFO main:413 - Individuo Solucion: {2,217,198,223,68,170,186,52,72,230,6,12,20,238,21,10,246,164,24,48,16,214,49,228,44,47,58,236,14,37,154,187,232,112,19,156,11,7,153,34,64,212,137,41,213,185,103,248,46,184,244,97,163,15,179,33,96,69,243,189,71,67,108,36,233,57,105,147,249,65,196,40,239,76,54,140,206,178,106,101,91,100,8,155,114,190,81,77,200,104,18,231,109,150,235,247,143,3,89,78,177,135,191,99,211,42,118,234,183,226,141,195,113,123,51,158,151,240,116,197,210,125,241,121,215,83,136,26,225,127,159,61,9,122,93,82,95,204,172,75,88,43,98,242,176,74,30,25,171,181,124,162,222,29,110,165,63,32,111,207,208,203,73,119,202,221,218,39,59,128,174,87,175,148,120,92,209,138,146,13,5,152,182,144,131,130,115,27,126,55,227,80,94,117,134,66,56,31,60,23,145,180,142,229,194,161,79,192,167,139,166,62,199,216,4,50,160,35,169,38,173,45,85,70,102,157,149,129,188,1,86,53,237,132,90,193,205,168,17,219,84,245,133,220,224,201,107,28,0,22}

16:42:29,228  INFO main:414 - *****************************************************
16:42:30,749  INFO main:399 - ****************Corrida 24 ************************
16:42:30,749  INFO main:400 - Fitness solucion: 93.0
16:42:30,749  INFO main:401 - Indice: 103
16:42:30,749  INFO main:402 - Generacion: 0
16:42:30,749  INFO main:403 - Rechazados: 0
16:42:30,750  INFO main:413 - Individuo Solucion: {165,227,222,152,102,6,247,10,46,20,125,17,226,37,210,9,231,47,53,28,216,232,23,33,68,50,65,179,224,62,120,206,54,0,236,31,64,25,200,1,241,83,45,208,51,151,12,67,57,72,145,248,109,174,41,128,66,121,61,167,163,107,221,80,18,132,141,229,166,92,38,106,160,234,183,171,185,22,168,82,143,194,131,203,13,15,124,149,55,71,127,118,27,39,63,74,172,184,56,153,78,233,164,19,110,48,240,169,129,134,228,49,181,244,89,96,245,219,91,175,156,40,44,142,98,90,147,136,104,201,100,205,14,103,177,117,249,215,11,70,158,87,111,154,150,81,8,34,119,190,59,126,223,176,116,95,211,155,157,238,105,4,173,213,69,144,26,42,198,108,182,16,94,130,122,76,138,202,29,112,220,2,133,52,30,88,84,114,225,214,101,3,195,178,162,242,113,230,196,246,207,73,192,170,7,193,77,21,123,161,146,32,139,75,209,188,186,199,79,36,137,135,243,43,85,187,86,189,60,239,217,24,93,99,5,159,115,235,197,35,191,218,58,237,212,180,148,97,204,140}

16:42:30,750  INFO main:414 - *****************************************************
16:42:32,272  INFO main:399 - ****************Corrida 25 ************************
16:42:32,272  INFO main:400 - Fitness solucion: 93.0
16:42:32,272  INFO main:401 - Indice: 111
16:42:32,272  INFO main:402 - Generacion: 0
16:42:32,272  INFO main:403 - Rechazados: 0
16:42:32,272  INFO main:413 - Individuo Solucion: {9,4,27,232,37,44,36,166,116,79,202,41,103,239,13,244,1,82,147,32,11,149,189,20,78,86,50,104,234,176,18,155,95,59,88,123,51,17,92,231,213,80,145,14,110,246,203,193,58,6,97,179,218,0,158,206,184,60,207,81,101,146,240,19,114,33,186,16,187,56,29,48,99,21,34,168,93,98,153,72,233,40,24,43,90,49,26,61,108,142,109,249,156,68,113,83,214,15,102,91,76,139,243,247,143,30,134,154,230,96,38,55,118,198,5,64,245,25,89,140,133,131,105,199,77,171,22,71,162,224,94,164,74,185,23,112,117,45,46,125,178,75,223,122,165,159,137,172,152,210,237,57,7,52,160,163,167,211,115,63,216,130,2,212,161,219,191,151,188,200,35,87,150,229,132,208,67,120,69,190,204,248,8,119,31,205,242,148,157,53,66,128,177,141,106,127,39,215,182,73,121,183,175,236,136,28,54,235,222,209,126,169,47,226,129,84,197,138,111,227,221,173,107,217,181,174,196,194,170,10,42,144,225,100,62,12,180,192,220,135,228,65,201,238,195,85,3,124,70,241}

16:42:32,273  INFO main:414 - *****************************************************
16:42:33,797  INFO main:399 - ****************Corrida 26 ************************
16:42:33,797  INFO main:400 - Fitness solucion: 93.0
16:42:33,797  INFO main:401 - Indice: 101
16:42:33,797  INFO main:402 - Generacion: 0
16:42:33,797  INFO main:403 - Rechazados: 0
16:42:33,797  INFO main:413 - Individuo Solucion: {4,9,227,2,131,114,30,6,37,221,238,207,12,61,72,130,8,222,24,11,165,236,109,40,15,171,93,27,19,66,83,35,50,14,10,157,132,47,33,75,119,226,217,230,129,163,205,43,58,13,46,206,105,77,199,135,249,85,29,78,60,31,164,82,107,23,212,184,156,143,111,169,102,36,69,55,175,5,63,108,17,188,186,65,88,241,1,139,16,0,87,79,150,149,203,155,49,91,146,223,140,201,90,118,42,64,128,53,34,122,52,18,123,177,44,67,190,3,166,137,239,246,183,151,144,228,191,76,95,161,209,162,97,220,145,248,141,235,121,26,178,92,138,59,244,218,39,243,180,176,133,242,103,148,57,185,232,127,237,225,126,48,41,193,32,124,70,213,56,71,20,195,198,106,21,80,208,200,224,98,181,110,136,62,45,215,211,86,147,219,116,134,202,38,216,159,115,101,189,104,182,179,28,94,170,245,247,120,96,158,51,231,89,125,194,197,54,168,113,153,192,173,7,22,229,196,142,74,160,68,152,99,73,81,210,167,25,112,84,214,172,100,233,117,240,174,204,154,234,187}

16:42:33,798  INFO main:414 - *****************************************************
16:42:35,317  INFO main:399 - ****************Corrida 27 ************************
16:42:35,317  INFO main:400 - Fitness solucion: 93.0
16:42:35,318  INFO main:401 - Indice: 103
16:42:35,318  INFO main:402 - Generacion: 0
16:42:35,318  INFO main:403 - Rechazados: 0
16:42:35,318  INFO main:413 - Individuo Solucion: {0,234,233,139,133,222,12,120,30,210,23,241,249,28,8,68,17,135,66,157,36,230,172,19,63,45,35,14,166,247,107,122,223,204,16,3,198,78,235,59,238,229,226,7,58,114,232,96,60,108,244,33,40,106,130,80,81,129,137,192,57,151,185,242,212,5,205,206,50,103,70,20,104,11,149,56,199,215,98,42,79,113,83,2,194,46,53,169,190,37,102,173,49,97,91,73,220,181,227,123,1,10,26,147,82,125,183,95,201,217,116,165,22,126,134,225,4,47,54,177,48,202,85,127,76,153,100,24,224,121,71,55,170,88,87,101,69,65,228,21,119,31,32,112,162,132,29,6,18,237,159,208,124,38,84,51,158,191,240,25,248,146,245,34,195,193,62,75,52,161,179,67,197,140,9,171,189,219,90,92,141,184,13,145,115,136,246,236,144,211,41,196,72,152,150,94,109,138,93,89,156,99,43,200,143,214,221,209,128,39,131,218,148,74,207,111,61,203,155,186,176,15,213,160,188,216,77,118,117,174,175,239,182,105,231,110,142,44,167,164,154,178,86,168,27,180,187,163,64,243}

16:42:35,318  INFO main:414 - *****************************************************
16:42:36,850  INFO main:399 - ****************Corrida 28 ************************
16:42:36,850  INFO main:400 - Fitness solucion: 93.0
16:42:36,850  INFO main:401 - Indice: 117
16:42:36,850  INFO main:402 - Generacion: 0
16:42:36,851  INFO main:403 - Rechazados: 0
16:42:36,851  INFO main:413 - Individuo Solucion: {43,88,178,189,127,159,5,18,232,208,183,128,30,119,71,66,198,6,249,33,148,20,7,140,219,48,240,42,60,102,136,2,34,99,29,47,32,68,172,91,37,67,86,226,8,62,229,27,84,141,9,174,56,100,104,52,97,110,217,207,107,72,19,111,182,98,24,0,125,64,166,83,15,109,227,80,181,13,1,126,70,163,168,197,94,17,103,123,118,39,214,25,26,143,57,96,120,234,221,89,31,101,116,106,248,156,160,195,209,78,41,200,38,142,247,115,76,65,3,210,133,81,233,58,79,205,187,150,175,12,194,113,215,151,61,11,134,145,157,35,169,50,149,87,170,28,161,241,51,82,199,177,192,224,23,139,44,223,244,186,220,122,184,45,216,188,49,21,165,185,40,59,242,53,154,105,77,203,167,130,138,218,54,90,10,129,246,162,180,132,239,131,243,153,124,211,190,137,191,73,93,179,146,230,196,63,46,245,85,144,16,236,147,112,173,202,4,158,69,152,164,74,228,231,212,235,117,22,225,238,193,206,171,55,36,176,222,92,201,237,135,95,204,14,114,108,213,155,121,75}

16:42:36,851  INFO main:414 - *****************************************************
16:42:38,375  INFO main:399 - ****************Corrida 29 ************************
16:42:38,375  INFO main:400 - Fitness solucion: 93.0
16:42:38,375  INFO main:401 - Indice: 106
16:42:38,375  INFO main:402 - Generacion: 0
16:42:38,375  INFO main:403 - Rechazados: 0
16:42:38,376  INFO main:413 - Individuo Solucion: {22,158,199,178,119,118,3,4,162,241,204,172,9,31,135,45,121,6,188,113,101,12,15,16,51,38,48,221,67,26,210,27,73,207,32,227,79,13,63,203,57,231,55,115,130,19,36,193,86,71,40,212,69,61,160,237,233,35,248,145,196,75,70,68,146,95,44,28,92,85,223,197,202,52,34,89,116,102,143,167,120,81,84,166,124,103,229,125,174,99,228,17,90,133,213,150,58,7,8,112,97,236,156,139,205,117,1,53,64,50,21,154,225,153,136,60,108,30,129,54,165,93,132,109,137,240,209,215,175,157,219,239,82,11,169,72,159,2,65,189,14,149,25,243,151,10,220,123,83,238,206,161,5,122,177,88,147,179,46,104,56,190,183,180,98,140,94,43,107,105,24,195,181,184,39,224,198,126,106,144,163,142,47,148,59,218,235,62,152,111,0,87,176,134,182,200,127,41,187,49,141,66,226,42,128,245,234,214,230,78,173,74,110,131,201,191,211,114,185,249,192,168,77,33,138,23,100,29,232,186,244,208,37,80,216,20,155,217,242,170,164,96,91,246,194,171,247,76,18,222}

16:42:38,376  INFO main:414 - *****************************************************
16:42:38,376  INFO main:416 - Tiempo AGP: 1552
16:42:38,376  INFO main:418 - Promedio Final: 93
16:42:38,376  INFO main:420 - Promedio Generaciones: 0
16:42:38,376  INFO main:422 - *****************Resultados********************
16:42:38,376  INFO main:424 - result: 93.0
16:42:38,376  INFO main:424 - result: 93.0
16:42:38,376  INFO main:424 - result: 93.0
16:42:38,376  INFO main:424 - result: 93.0
16:42:38,376  INFO main:424 - result: 93.0
16:42:38,376  INFO main:424 - result: 93.0
16:42:38,377  INFO main:424 - result: 93.0
16:42:38,377  INFO main:424 - result: 93.0
16:42:38,377  INFO main:424 - result: 93.0
16:42:38,377  INFO main:424 - result: 93.0
16:42:38,377  INFO main:424 - result: 93.0
16:42:38,377  INFO main:424 - result: 93.0
16:42:38,377  INFO main:424 - result: 93.0
16:42:38,377  INFO main:424 - result: 93.0
16:42:38,377  INFO main:424 - result: 93.0
16:42:38,377  INFO main:424 - result: 93.0
16:42:38,377  INFO main:424 - result: 93.0
16:42:38,377  INFO main:424 - result: 93.0
16:42:38,377  INFO main:424 - result: 94.0
16:42:38,378  INFO main:424 - result: 93.0
16:42:38,378  INFO main:424 - result: 93.0
16:42:38,378  INFO main:424 - result: 93.0
16:42:38,378  INFO main:424 - result: 93.0
16:42:38,378  INFO main:424 - result: 93.0
16:42:38,378  INFO main:424 - result: 93.0
16:42:38,378  INFO main:424 - result: 93.0
16:42:38,378  INFO main:424 - result: 93.0
16:42:38,378  INFO main:424 - result: 93.0
16:42:38,378  INFO main:424 - result: 93.0
16:42:38,378  INFO main:424 - result: 93.0
16:42:38,378  INFO main:426 - *****************Generaciones********************
16:42:38,378  INFO main:428 - Generacion: 0
16:42:38,379  INFO main:428 - Generacion: 0
16:42:38,379  INFO main:428 - Generacion: 0
16:42:38,379  INFO main:428 - Generacion: 0
16:42:38,379  INFO main:428 - Generacion: 0
16:42:38,379  INFO main:428 - Generacion: 0
16:42:38,379  INFO main:428 - Generacion: 0
16:42:38,379  INFO main:428 - Generacion: 0
16:42:38,379  INFO main:428 - Generacion: 0
16:42:38,379  INFO main:428 - Generacion: 0
16:42:38,379  INFO main:428 - Generacion: 0
16:42:38,379  INFO main:428 - Generacion: 0
16:42:38,379  INFO main:428 - Generacion: 0
16:42:38,379  INFO main:428 - Generacion: 0
16:42:38,379  INFO main:428 - Generacion: 0
16:42:38,379  INFO main:428 - Generacion: 0
16:42:38,380  INFO main:428 - Generacion: 0
16:42:38,380  INFO main:428 - Generacion: 0
16:42:38,380  INFO main:428 - Generacion: 0
16:42:38,380  INFO main:428 - Generacion: 0
16:42:38,380  INFO main:428 - Generacion: 0
16:42:38,380  INFO main:428 - Generacion: 0
16:42:38,380  INFO main:428 - Generacion: 0
16:42:38,380  INFO main:428 - Generacion: 0
16:42:38,380  INFO main:428 - Generacion: 0
16:42:38,380  INFO main:428 - Generacion: 0
16:42:38,380  INFO main:428 - Generacion: 0
16:42:38,380  INFO main:428 - Generacion: 0
16:42:38,380  INFO main:428 - Generacion: 0
16:42:38,380  INFO main:428 - Generacion: 0
