13:10:06,294  INFO main:168 - Logueando
13:10:06,823  INFO main:387 - ****************AG PERMUTACION****************
13:10:07,696  INFO main:399 - ****************Corrida 0 ************************
13:10:07,696  INFO main:400 - Fitness solucion: 25.0
13:10:07,696  INFO main:401 - Indice: 27
13:10:07,697  INFO main:402 - Generacion: 0
13:10:07,697  INFO main:403 - Rechazados: 30
13:10:07,697  INFO main:413 - Individuo Solucion: {10,25,22,7,21,24,23,15,1,2,26,27,11,13,8,29,19,16,5,4,28,6,17,0,12,20,9,18,3,14}

13:10:07,697  INFO main:414 - *****************************************************
13:10:07,823  INFO main:399 - ****************Corrida 1 ************************
13:10:07,824  INFO main:400 - Fitness solucion: 25.0
13:10:07,824  INFO main:401 - Indice: 25
13:10:07,824  INFO main:402 - Generacion: 0
13:10:07,824  INFO main:403 - Rechazados: 30
13:10:07,824  INFO main:413 - Individuo Solucion: {9,28,26,17,23,25,21,27,6,3,8,7,16,14,29,0,24,2,22,20,4,18,12,19,10,11,1,15,5,13}

13:10:07,824  INFO main:414 - *****************************************************
13:10:07,933  INFO main:399 - ****************Corrida 2 ************************
13:10:07,933  INFO main:400 - Fitness solucion: 25.0
13:10:07,933  INFO main:401 - Indice: 25
13:10:07,933  INFO main:402 - Generacion: 0
13:10:07,933  INFO main:403 - Rechazados: 30
13:10:07,933  INFO main:413 - Individuo Solucion: {4,25,2,20,5,23,8,1,0,3,7,28,17,14,6,22,21,19,18,29,10,26,11,27,9,15,12,16,13,24}

13:10:07,933  INFO main:414 - *****************************************************
13:10:08,038  INFO main:399 - ****************Corrida 3 ************************
13:10:08,038  INFO main:400 - Fitness solucion: 25.0
13:10:08,038  INFO main:401 - Indice: 26
13:10:08,038  INFO main:402 - Generacion: 0
13:10:08,038  INFO main:403 - Rechazados: 30
13:10:08,038  INFO main:413 - Individuo Solucion: {19,14,23,11,0,2,4,8,12,7,6,18,5,22,13,20,9,10,3,21,16,15,24,25,17,29,27,28,26,1}

13:10:08,039  INFO main:414 - *****************************************************
13:10:08,144  INFO main:399 - ****************Corrida 4 ************************
13:10:08,144  INFO main:400 - Fitness solucion: 25.0
13:10:08,145  INFO main:401 - Indice: 26
13:10:08,145  INFO main:402 - Generacion: 0
13:10:08,145  INFO main:403 - Rechazados: 30
13:10:08,145  INFO main:413 - Individuo Solucion: {20,29,22,19,27,23,13,1,6,2,15,0,21,4,11,16,18,28,5,12,26,17,3,8,10,24,25,14,7,9}

13:10:08,145  INFO main:414 - *****************************************************
13:10:08,250  INFO main:399 - ****************Corrida 5 ************************
13:10:08,250  INFO main:400 - Fitness solucion: 25.0
13:10:08,250  INFO main:401 - Indice: 26
13:10:08,251  INFO main:402 - Generacion: 0
13:10:08,251  INFO main:403 - Rechazados: 30
13:10:08,251  INFO main:413 - Individuo Solucion: {1,7,12,4,5,28,6,27,3,13,10,15,22,2,18,21,16,0,20,11,8,24,14,19,25,17,23,29,26,9}

13:10:08,251  INFO main:414 - *****************************************************
13:10:08,355  INFO main:399 - ****************Corrida 6 ************************
13:10:08,355  INFO main:400 - Fitness solucion: 25.0
13:10:08,355  INFO main:401 - Indice: 25
13:10:08,355  INFO main:402 - Generacion: 0
13:10:08,355  INFO main:403 - Rechazados: 30
13:10:08,355  INFO main:413 - Individuo Solucion: {0,5,18,20,4,26,11,8,21,23,28,25,24,14,15,17,3,10,6,1,7,9,29,13,27,19,12,16,2,22}

13:10:08,355  INFO main:414 - *****************************************************
13:10:08,465  INFO main:399 - ****************Corrida 7 ************************
13:10:08,465  INFO main:400 - Fitness solucion: 25.0
13:10:08,465  INFO main:401 - Indice: 25
13:10:08,465  INFO main:402 - Generacion: 0
13:10:08,465  INFO main:403 - Rechazados: 30
13:10:08,465  INFO main:413 - Individuo Solucion: {5,1,6,28,0,29,22,4,10,15,9,16,26,11,23,19,12,20,21,3,8,2,13,18,27,14,17,24,7,25}

13:10:08,465  INFO main:414 - *****************************************************
13:10:08,582  INFO main:399 - ****************Corrida 8 ************************
13:10:08,582  INFO main:400 - Fitness solucion: 25.0
13:10:08,582  INFO main:401 - Indice: 25
13:10:08,582  INFO main:402 - Generacion: 0
13:10:08,582  INFO main:403 - Rechazados: 30
13:10:08,582  INFO main:413 - Individuo Solucion: {0,4,16,7,24,25,14,12,20,10,26,6,1,18,5,3,21,11,9,19,13,29,22,23,17,15,27,2,8,28}

13:10:08,582  INFO main:414 - *****************************************************
13:10:08,705  INFO main:399 - ****************Corrida 9 ************************
13:10:08,705  INFO main:400 - Fitness solucion: 25.0
13:10:08,705  INFO main:401 - Indice: 25
13:10:08,705  INFO main:402 - Generacion: 0
13:10:08,705  INFO main:403 - Rechazados: 30
13:10:08,705  INFO main:413 - Individuo Solucion: {4,8,7,28,9,13,3,1,18,16,6,25,11,29,14,12,20,5,19,0,10,15,17,21,24,2,23,26,22,27}

13:10:08,705  INFO main:414 - *****************************************************
13:10:08,827  INFO main:399 - ****************Corrida 10 ************************
13:10:08,827  INFO main:400 - Fitness solucion: 25.0
13:10:08,827  INFO main:401 - Indice: 27
13:10:08,827  INFO main:402 - Generacion: 0
13:10:08,827  INFO main:403 - Rechazados: 30
13:10:08,827  INFO main:413 - Individuo Solucion: {17,2,7,3,6,20,0,12,26,11,8,28,21,9,19,22,13,29,15,23,5,18,16,4,24,1,14,27,25,10}

13:10:08,828  INFO main:414 - *****************************************************
13:10:08,948  INFO main:399 - ****************Corrida 11 ************************
13:10:08,948  INFO main:400 - Fitness solucion: 25.0
13:10:08,948  INFO main:401 - Indice: 26
13:10:08,948  INFO main:402 - Generacion: 0
13:10:08,948  INFO main:403 - Rechazados: 30
13:10:08,948  INFO main:413 - Individuo Solucion: {3,11,28,19,1,12,5,10,0,16,27,8,4,23,26,22,25,13,29,6,9,20,18,17,21,7,2,14,15,24}

13:10:08,948  INFO main:414 - *****************************************************
13:10:09,061  INFO main:399 - ****************Corrida 12 ************************
13:10:09,062  INFO main:400 - Fitness solucion: 25.0
13:10:09,062  INFO main:401 - Indice: 27
13:10:09,062  INFO main:402 - Generacion: 0
13:10:09,062  INFO main:403 - Rechazados: 30
13:10:09,062  INFO main:413 - Individuo Solucion: {22,1,21,10,13,29,23,2,15,27,0,19,17,12,26,28,7,20,18,11,8,3,25,5,6,16,9,4,24,14}

13:10:09,062  INFO main:414 - *****************************************************
13:10:09,167  INFO main:399 - ****************Corrida 13 ************************
13:10:09,168  INFO main:400 - Fitness solucion: 25.0
13:10:09,168  INFO main:401 - Indice: 25
13:10:09,168  INFO main:402 - Generacion: 0
13:10:09,168  INFO main:403 - Rechazados: 30
13:10:09,168  INFO main:413 - Individuo Solucion: {22,29,7,1,27,17,3,24,28,2,12,6,4,26,0,25,20,8,13,19,16,14,23,5,10,18,15,9,11,21}

13:10:09,168  INFO main:414 - *****************************************************
13:10:09,272  INFO main:399 - ****************Corrida 14 ************************
13:10:09,272  INFO main:400 - Fitness solucion: 25.0
13:10:09,272  INFO main:401 - Indice: 27
13:10:09,272  INFO main:402 - Generacion: 0
13:10:09,272  INFO main:403 - Rechazados: 30
13:10:09,272  INFO main:413 - Individuo Solucion: {26,27,20,4,11,5,19,24,9,3,1,18,10,17,23,28,21,29,16,6,22,7,15,14,2,13,8,0,25,12}

13:10:09,272  INFO main:414 - *****************************************************
13:10:09,376  INFO main:399 - ****************Corrida 15 ************************
13:10:09,377  INFO main:400 - Fitness solucion: 25.0
13:10:09,377  INFO main:401 - Indice: 25
13:10:09,377  INFO main:402 - Generacion: 0
13:10:09,377  INFO main:403 - Rechazados: 30
13:10:09,377  INFO main:413 - Individuo Solucion: {6,7,13,23,19,4,25,9,20,29,10,28,1,16,0,24,15,2,14,17,18,8,11,21,12,22,26,27,3,5}

13:10:09,377  INFO main:414 - *****************************************************
13:10:09,482  INFO main:399 - ****************Corrida 16 ************************
13:10:09,482  INFO main:400 - Fitness solucion: 25.0
13:10:09,482  INFO main:401 - Indice: 26
13:10:09,482  INFO main:402 - Generacion: 0
13:10:09,482  INFO main:403 - Rechazados: 30
13:10:09,482  INFO main:413 - Individuo Solucion: {12,10,16,1,15,21,6,3,20,8,13,26,23,14,9,0,22,18,2,17,27,25,19,5,28,7,24,29,4,11}

13:10:09,482  INFO main:414 - *****************************************************
13:10:09,587  INFO main:399 - ****************Corrida 17 ************************
13:10:09,587  INFO main:400 - Fitness solucion: 25.0
13:10:09,587  INFO main:401 - Indice: 25
13:10:09,588  INFO main:402 - Generacion: 0
13:10:09,588  INFO main:403 - Rechazados: 30
13:10:09,588  INFO main:413 - Individuo Solucion: {1,17,8,0,2,15,27,26,5,12,14,3,9,22,19,21,18,25,7,11,28,13,23,29,20,6,16,10,24,4}

13:10:09,588  INFO main:414 - *****************************************************
13:10:09,693  INFO main:399 - ****************Corrida 18 ************************
13:10:09,693  INFO main:400 - Fitness solucion: 25.0
13:10:09,693  INFO main:401 - Indice: 26
13:10:09,693  INFO main:402 - Generacion: 0
13:10:09,693  INFO main:403 - Rechazados: 30
13:10:09,693  INFO main:413 - Individuo Solucion: {26,10,5,3,21,0,15,12,6,2,7,23,13,8,27,29,24,17,16,25,9,1,28,22,20,18,11,14,4,19}

13:10:09,693  INFO main:414 - *****************************************************
13:10:09,796  INFO main:399 - ****************Corrida 19 ************************
13:10:09,797  INFO main:400 - Fitness solucion: 25.0
13:10:09,797  INFO main:401 - Indice: 28
13:10:09,797  INFO main:402 - Generacion: 0
13:10:09,797  INFO main:403 - Rechazados: 30
13:10:09,797  INFO main:413 - Individuo Solucion: {10,9,1,25,15,5,6,8,2,20,22,13,26,21,14,12,4,3,28,18,0,16,11,27,17,19,24,7,29,23}

13:10:09,797  INFO main:414 - *****************************************************
13:10:09,903  INFO main:399 - ****************Corrida 20 ************************
13:10:09,904  INFO main:400 - Fitness solucion: 25.0
13:10:09,904  INFO main:401 - Indice: 26
13:10:09,904  INFO main:402 - Generacion: 0
13:10:09,904  INFO main:403 - Rechazados: 30
13:10:09,904  INFO main:413 - Individuo Solucion: {0,28,5,26,10,19,27,1,8,4,29,23,3,2,6,24,25,18,16,14,7,11,17,20,12,13,21,15,9,22}

13:10:09,904  INFO main:414 - *****************************************************
13:10:10,008  INFO main:399 - ****************Corrida 21 ************************
13:10:10,009  INFO main:400 - Fitness solucion: 25.0
13:10:10,009  INFO main:401 - Indice: 26
13:10:10,009  INFO main:402 - Generacion: 0
13:10:10,009  INFO main:403 - Rechazados: 30
13:10:10,009  INFO main:413 - Individuo Solucion: {10,1,2,6,12,26,20,28,24,23,11,0,14,15,21,3,4,27,25,18,13,7,29,17,19,5,16,9,8,22}

13:10:10,009  INFO main:414 - *****************************************************
13:10:10,113  INFO main:399 - ****************Corrida 22 ************************
13:10:10,114  INFO main:400 - Fitness solucion: 25.0
13:10:10,114  INFO main:401 - Indice: 25
13:10:10,114  INFO main:402 - Generacion: 0
13:10:10,114  INFO main:403 - Rechazados: 30
13:10:10,114  INFO main:413 - Individuo Solucion: {1,29,12,19,7,14,8,9,0,11,27,22,13,5,10,15,26,17,6,3,20,25,24,2,21,4,16,28,23,18}

13:10:10,114  INFO main:414 - *****************************************************
13:10:10,218  INFO main:399 - ****************Corrida 23 ************************
13:10:10,219  INFO main:400 - Fitness solucion: 25.0
13:10:10,219  INFO main:401 - Indice: 25
13:10:10,219  INFO main:402 - Generacion: 0
13:10:10,219  INFO main:403 - Rechazados: 30
13:10:10,219  INFO main:413 - Individuo Solucion: {17,0,24,18,25,23,13,27,22,4,3,28,14,26,1,11,6,19,16,2,8,7,12,21,5,20,9,29,15,10}

13:10:10,219  INFO main:414 - *****************************************************
13:10:10,323  INFO main:399 - ****************Corrida 24 ************************
13:10:10,323  INFO main:400 - Fitness solucion: 25.0
13:10:10,324  INFO main:401 - Indice: 25
13:10:10,324  INFO main:402 - Generacion: 0
13:10:10,324  INFO main:403 - Rechazados: 30
13:10:10,324  INFO main:413 - Individuo Solucion: {27,9,5,26,24,23,25,22,8,3,6,7,16,17,19,0,20,21,2,10,1,12,29,18,14,4,13,15,11,28}

13:10:10,324  INFO main:414 - *****************************************************
13:10:10,430  INFO main:399 - ****************Corrida 25 ************************
13:10:10,431  INFO main:400 - Fitness solucion: 25.0
13:10:10,431  INFO main:401 - Indice: 25
13:10:10,431  INFO main:402 - Generacion: 0
13:10:10,431  INFO main:403 - Rechazados: 30
13:10:10,431  INFO main:413 - Individuo Solucion: {0,13,20,24,5,23,18,7,1,2,9,4,29,25,15,19,8,22,11,3,21,17,26,10,14,6,27,16,12,28}

13:10:10,431  INFO main:414 - *****************************************************
13:10:10,539  INFO main:399 - ****************Corrida 26 ************************
13:10:10,539  INFO main:400 - Fitness solucion: 25.0
13:10:10,539  INFO main:401 - Indice: 26
13:10:10,539  INFO main:402 - Generacion: 0
13:10:10,539  INFO main:403 - Rechazados: 30
13:10:10,539  INFO main:413 - Individuo Solucion: {19,1,27,25,24,6,26,2,10,11,4,0,23,7,5,16,15,12,22,28,20,17,3,13,9,18,8,21,29,14}

13:10:10,539  INFO main:414 - *****************************************************
13:10:10,644  INFO main:399 - ****************Corrida 27 ************************
13:10:10,644  INFO main:400 - Fitness solucion: 25.0
13:10:10,644  INFO main:401 - Indice: 27
13:10:10,644  INFO main:402 - Generacion: 0
13:10:10,644  INFO main:403 - Rechazados: 30
13:10:10,644  INFO main:413 - Individuo Solucion: {2,0,5,24,19,9,11,28,14,26,3,12,20,15,7,16,8,23,13,22,29,6,1,21,10,17,4,18,27,25}

13:10:10,645  INFO main:414 - *****************************************************
13:10:10,751  INFO main:399 - ****************Corrida 28 ************************
13:10:10,751  INFO main:400 - Fitness solucion: 25.0
13:10:10,751  INFO main:401 - Indice: 26
13:10:10,751  INFO main:402 - Generacion: 0
13:10:10,751  INFO main:403 - Rechazados: 30
13:10:10,751  INFO main:413 - Individuo Solucion: {0,1,3,22,18,23,27,16,11,5,19,7,28,8,25,12,26,10,15,13,14,29,21,6,17,20,2,4,9,24}

13:10:10,751  INFO main:414 - *****************************************************
13:10:10,871  INFO main:399 - ****************Corrida 29 ************************
13:10:10,872  INFO main:400 - Fitness solucion: 25.0
13:10:10,872  INFO main:401 - Indice: 25
13:10:10,872  INFO main:402 - Generacion: 0
13:10:10,872  INFO main:403 - Rechazados: 30
13:10:10,872  INFO main:413 - Individuo Solucion: {4,2,0,5,11,6,13,20,16,27,19,7,21,10,3,29,8,1,9,18,23,26,25,15,22,14,12,17,24,28}

13:10:10,872  INFO main:414 - *****************************************************
13:10:10,872  INFO main:416 - Tiempo AGP: 134
13:10:10,872  INFO main:417 - Promedio Final: 25
13:10:10,872  INFO main:418 - Promedio Generaciones: 0
13:10:10,872  INFO main:420 - *****************Resultados********************
13:10:10,872  INFO main:422 - result: 25.0
13:10:10,872  INFO main:422 - result: 25.0
13:10:10,872  INFO main:422 - result: 25.0
13:10:10,873  INFO main:422 - result: 25.0
13:10:10,873  INFO main:422 - result: 25.0
13:10:10,873  INFO main:422 - result: 25.0
13:10:10,873  INFO main:422 - result: 25.0
13:10:10,873  INFO main:422 - result: 25.0
13:10:10,873  INFO main:422 - result: 25.0
13:10:10,873  INFO main:422 - result: 25.0
13:10:10,873  INFO main:422 - result: 25.0
13:10:10,873  INFO main:422 - result: 25.0
13:10:10,873  INFO main:422 - result: 25.0
13:10:10,873  INFO main:422 - result: 25.0
13:10:10,873  INFO main:422 - result: 25.0
13:10:10,873  INFO main:422 - result: 25.0
13:10:10,874  INFO main:422 - result: 25.0
13:10:10,874  INFO main:422 - result: 25.0
13:10:10,874  INFO main:422 - result: 25.0
13:10:10,874  INFO main:422 - result: 25.0
13:10:10,874  INFO main:422 - result: 25.0
13:10:10,874  INFO main:422 - result: 25.0
13:10:10,874  INFO main:422 - result: 25.0
13:10:10,874  INFO main:422 - result: 25.0
13:10:10,874  INFO main:422 - result: 25.0
13:10:10,874  INFO main:422 - result: 25.0
13:10:10,874  INFO main:422 - result: 25.0
13:10:10,874  INFO main:422 - result: 25.0
13:10:10,874  INFO main:422 - result: 25.0
13:10:10,875  INFO main:422 - result: 25.0
13:10:10,875  INFO main:424 - *****************Generaciones********************
13:10:10,875  INFO main:426 - Generacion: 0
13:10:10,875  INFO main:426 - Generacion: 0
13:10:10,875  INFO main:426 - Generacion: 0
13:10:10,875  INFO main:426 - Generacion: 0
13:10:10,875  INFO main:426 - Generacion: 0
13:10:10,875  INFO main:426 - Generacion: 0
13:10:10,875  INFO main:426 - Generacion: 0
13:10:10,875  INFO main:426 - Generacion: 0
13:10:10,875  INFO main:426 - Generacion: 0
13:10:10,875  INFO main:426 - Generacion: 0
13:10:10,876  INFO main:426 - Generacion: 0
13:10:10,876  INFO main:426 - Generacion: 0
13:10:10,876  INFO main:426 - Generacion: 0
13:10:10,876  INFO main:426 - Generacion: 0
13:10:10,876  INFO main:426 - Generacion: 0
13:10:10,876  INFO main:426 - Generacion: 0
13:10:10,876  INFO main:426 - Generacion: 0
13:10:10,876  INFO main:426 - Generacion: 0
13:10:10,876  INFO main:426 - Generacion: 0
13:10:10,876  INFO main:426 - Generacion: 0
13:10:10,876  INFO main:426 - Generacion: 0
13:10:10,876  INFO main:426 - Generacion: 0
13:10:10,877  INFO main:426 - Generacion: 0
13:10:10,877  INFO main:426 - Generacion: 0
13:10:10,877  INFO main:426 - Generacion: 0
13:10:10,877  INFO main:426 - Generacion: 0
13:10:10,877  INFO main:426 - Generacion: 0
13:10:10,877  INFO main:426 - Generacion: 0
13:10:10,877  INFO main:426 - Generacion: 0
13:10:10,877  INFO main:426 - Generacion: 0
