23:04:59,791  INFO main:168 - Logueando
23:05:53,868  INFO main:361 - ****************Corrida 0 ************************
23:05:53,868  INFO main:362 - Fitness solucion: 27.0
23:05:53,868  INFO main:363 - Indice: 28
23:05:53,868  INFO main:364 - Generacion: 0
23:05:53,869  INFO main:374 - Individuo Solucion: {0,1,56,71,13,9,41,89,72,67,66,12,16,2,15,62,4,43,3,81,21,29,18,65,8,84,37,74,82,40,39,36,11,5,27,30,83,45,46,58,70,42,17,52,23,28,59,68,88,19,25,44,57,35,79,77,75,80,53,76,7,20,60,85,38,73,49,54,50,24,48,69,64,26,14,6,31,34,47,32,87,63,86,10,55,22,78,51,33,61}

23:05:53,869  INFO main:375 - *****************************************************
23:05:54,533  INFO main:361 - ****************Corrida 1 ************************
23:05:54,533  INFO main:362 - Fitness solucion: 25.0
23:05:54,533  INFO main:363 - Indice: 31
23:05:54,533  INFO main:364 - Generacion: 1
23:05:54,533  INFO main:374 - Individuo Solucion: {4,88,78,9,37,0,71,27,63,33,38,3,2,59,55,19,53,15,75,65,23,39,82,10,77,73,12,31,22,34,16,30,5,62,32,42,60,84,14,17,1,7,21,52,66,70,8,72,18,24,25,74,79,28,40,89,36,57,51,20,50,64,85,69,68,86,56,26,11,49,6,48,81,46,45,41,47,83,44,67,54,29,61,13,87,35,76,43,58,80}

23:05:54,534  INFO main:375 - *****************************************************
23:05:55,184  INFO main:361 - ****************Corrida 2 ************************
23:05:55,184  INFO main:362 - Fitness solucion: 28.0
23:05:55,184  INFO main:363 - Indice: 37
23:05:55,184  INFO main:364 - Generacion: 0
23:05:55,185  INFO main:374 - Individuo Solucion: {26,3,72,87,48,84,47,0,80,16,1,8,88,7,23,2,63,9,10,86,85,14,6,89,19,57,17,31,21,25,11,55,32,33,37,81,18,82,4,70,67,30,15,43,35,45,34,52,13,36,20,74,61,12,39,54,53,83,44,69,22,51,56,28,50,73,27,79,24,49,64,38,5,68,75,29,60,71,58,77,66,62,76,40,78,41,42,65,59,46}

23:05:55,185  INFO main:375 - *****************************************************
23:05:55,833  INFO main:361 - ****************Corrida 3 ************************
23:05:55,834  INFO main:362 - Fitness solucion: 28.0
23:05:55,834  INFO main:363 - Indice: 29
23:05:55,834  INFO main:364 - Generacion: 0
23:05:55,834  INFO main:374 - Individuo Solucion: {28,1,36,50,76,61,6,32,0,2,78,3,86,59,77,88,79,14,22,57,89,19,81,30,74,38,67,29,53,24,15,65,17,58,7,27,49,4,40,13,34,54,5,12,44,41,69,82,43,9,23,26,84,87,70,16,60,52,20,35,64,80,62,56,75,37,66,25,10,47,11,18,51,31,46,55,72,71,68,45,39,73,8,63,48,33,21,42,83,85}

23:05:55,834  INFO main:375 - *****************************************************
23:05:56,488  INFO main:361 - ****************Corrida 4 ************************
23:05:56,488  INFO main:362 - Fitness solucion: 28.0
23:05:56,488  INFO main:363 - Indice: 32
23:05:56,488  INFO main:364 - Generacion: 0
23:05:56,488  INFO main:374 - Individuo Solucion: {63,9,64,59,10,7,84,50,47,55,8,89,79,15,25,1,21,65,27,37,48,31,11,13,34,53,88,28,72,52,12,82,14,73,38,66,54,83,40,41,6,77,44,43,32,18,23,22,2,3,78,35,70,69,75,29,17,56,16,49,87,68,45,86,74,85,39,0,62,42,58,36,46,4,20,81,67,24,71,33,19,57,30,76,51,5,80,26,61,60}

23:05:56,488  INFO main:375 - *****************************************************
23:05:57,145  INFO main:361 - ****************Corrida 5 ************************
23:05:57,146  INFO main:362 - Fitness solucion: 28.0
23:05:57,146  INFO main:363 - Indice: 30
23:05:57,146  INFO main:364 - Generacion: 0
23:05:57,146  INFO main:374 - Individuo Solucion: {2,25,10,11,65,63,3,17,89,54,36,33,55,84,82,12,81,38,86,21,30,68,35,70,59,13,51,58,0,62,15,48,41,6,7,5,60,88,26,4,42,22,44,56,31,43,16,67,72,18,37,49,24,28,53,23,85,57,45,34,32,19,73,79,76,75,69,40,14,80,27,77,66,39,47,1,74,61,78,20,46,64,52,8,83,29,71,87,50,9}

23:05:57,146  INFO main:375 - *****************************************************
23:05:57,794  INFO main:361 - ****************Corrida 6 ************************
23:05:57,794  INFO main:362 - Fitness solucion: 25.0
23:05:57,795  INFO main:363 - Indice: 27
23:05:57,795  INFO main:364 - Generacion: 5
23:05:57,795  INFO main:374 - Individuo Solucion: {61,23,88,72,28,31,26,1,19,15,84,5,2,44,20,80,64,39,36,81,75,21,47,13,27,11,40,9,45,89,0,14,68,59,52,70,86,50,63,7,62,60,46,43,41,10,34,12,54,65,83,24,55,67,71,16,57,35,29,17,87,51,3,38,66,18,49,73,69,6,25,82,56,79,33,37,30,85,53,77,48,78,8,4,58,32,42,22,74,76}

23:05:57,795  INFO main:375 - *****************************************************
23:05:58,433  INFO main:361 - ****************Corrida 7 ************************
23:05:58,433  INFO main:362 - Fitness solucion: 25.0
23:05:58,433  INFO main:363 - Indice: 27
23:05:58,433  INFO main:364 - Generacion: 5
23:05:58,433  INFO main:374 - Individuo Solucion: {10,29,85,19,30,78,8,15,73,72,42,75,35,55,9,52,33,88,27,0,21,5,89,16,31,6,18,61,49,45,1,58,28,11,80,14,70,36,66,34,44,12,51,47,62,2,38,39,86,82,22,83,84,43,25,48,65,41,64,50,17,3,77,69,60,26,24,57,20,7,81,87,40,68,74,79,71,53,76,4,13,59,67,63,46,37,23,54,32,56}

23:05:58,433  INFO main:375 - *****************************************************
23:05:59,083  INFO main:361 - ****************Corrida 8 ************************
23:05:59,083  INFO main:362 - Fitness solucion: 28.0
23:05:59,083  INFO main:363 - Indice: 30
23:05:59,083  INFO main:364 - Generacion: 0
23:05:59,083  INFO main:374 - Individuo Solucion: {54,9,24,81,32,89,76,19,4,73,42,47,14,61,26,17,69,33,6,53,77,0,51,83,85,16,11,30,44,70,74,8,36,84,1,28,10,21,31,67,13,48,60,25,34,55,71,18,63,50,27,43,46,65,68,29,2,52,5,59,40,20,79,38,45,62,82,3,49,39,78,15,22,58,57,87,66,23,72,75,56,35,64,41,7,12,86,37,88,80}

23:05:59,083  INFO main:375 - *****************************************************
23:05:59,728  INFO main:361 - ****************Corrida 9 ************************
23:05:59,728  INFO main:362 - Fitness solucion: 28.0
23:05:59,728  INFO main:363 - Indice: 33
23:05:59,729  INFO main:364 - Generacion: 0
23:05:59,729  INFO main:374 - Individuo Solucion: {4,7,17,6,86,5,10,56,87,2,84,53,85,0,8,29,28,78,43,35,1,80,73,52,62,23,11,65,68,71,42,24,25,3,13,81,12,69,30,20,36,27,88,47,21,48,70,19,72,40,14,37,54,63,83,51,61,41,66,50,45,31,18,67,89,32,76,74,44,26,75,38,57,49,16,82,55,15,58,64,33,60,22,59,46,39,34,79,9,77}

23:05:59,729  INFO main:375 - *****************************************************
23:06:00,377  INFO main:361 - ****************Corrida 10 ************************
23:06:00,377  INFO main:362 - Fitness solucion: 28.0
23:06:00,377  INFO main:363 - Indice: 31
23:06:00,377  INFO main:364 - Generacion: 0
23:06:00,377  INFO main:374 - Individuo Solucion: {18,40,15,9,8,1,22,87,69,33,54,26,57,56,16,11,37,65,67,38,24,27,64,32,19,28,89,76,86,20,45,25,53,80,49,84,88,2,70,48,46,60,13,21,3,77,82,78,12,29,66,7,36,0,5,81,41,23,4,59,6,55,44,31,52,79,10,58,47,61,68,73,51,85,75,42,83,30,35,34,43,14,63,71,74,50,72,17,39,62}

23:06:00,377  INFO main:375 - *****************************************************
23:06:01,014  INFO main:361 - ****************Corrida 11 ************************
23:06:01,015  INFO main:362 - Fitness solucion: 25.0
23:06:01,015  INFO main:363 - Indice: 31
23:06:01,015  INFO main:364 - Generacion: 2
23:06:01,015  INFO main:374 - Individuo Solucion: {86,64,10,15,7,22,62,34,60,67,66,47,89,80,70,6,31,38,76,32,13,30,28,50,65,85,53,25,41,61,37,74,45,46,20,26,77,27,48,73,2,24,72,5,81,82,4,9,40,87,84,88,39,68,59,0,8,18,1,71,69,3,14,57,58,11,17,23,29,44,42,55,52,16,54,21,49,63,19,33,36,43,75,35,56,78,51,83,12,79}

23:06:01,015  INFO main:375 - *****************************************************
23:06:01,664  INFO main:361 - ****************Corrida 12 ************************
23:06:01,664  INFO main:362 - Fitness solucion: 28.0
23:06:01,664  INFO main:363 - Indice: 30
23:06:01,664  INFO main:364 - Generacion: 0
23:06:01,664  INFO main:374 - Individuo Solucion: {0,2,64,57,52,24,11,3,29,4,82,50,26,89,8,7,72,16,86,80,54,15,75,35,30,67,10,87,46,19,34,1,43,9,17,78,25,37,18,27,39,83,77,76,6,40,53,13,31,60,32,20,88,70,12,36,38,81,66,42,65,62,14,74,55,58,51,71,41,49,48,45,79,73,21,69,23,63,47,84,28,56,68,44,85,33,59,61,22,5}

23:06:01,664  INFO main:375 - *****************************************************
23:06:02,309  INFO main:361 - ****************Corrida 13 ************************
23:06:02,309  INFO main:362 - Fitness solucion: 28.0
23:06:02,309  INFO main:363 - Indice: 37
23:06:02,310  INFO main:364 - Generacion: 0
23:06:02,310  INFO main:374 - Individuo Solucion: {80,65,8,44,48,62,87,4,14,11,13,16,27,18,9,83,88,10,30,17,60,63,24,89,21,0,20,39,5,34,75,50,23,25,42,29,82,47,7,22,15,84,38,55,28,57,86,61,33,85,49,53,40,54,2,59,19,74,79,35,46,64,36,81,45,37,32,52,1,72,26,73,66,70,12,41,76,3,51,67,77,58,6,71,78,69,43,31,56,68}

23:06:02,310  INFO main:375 - *****************************************************
23:06:02,975  INFO main:361 - ****************Corrida 14 ************************
23:06:02,975  INFO main:362 - Fitness solucion: 28.0
23:06:02,975  INFO main:363 - Indice: 34
23:06:02,976  INFO main:364 - Generacion: 0
23:06:02,976  INFO main:374 - Individuo Solucion: {82,2,65,44,1,7,16,9,84,11,19,41,67,20,27,56,89,31,51,22,85,30,55,88,76,74,21,77,75,58,73,0,14,35,48,28,24,12,49,42,57,54,37,87,3,70,52,6,34,45,26,47,10,23,50,61,29,62,33,63,15,38,69,86,64,32,79,17,13,18,59,36,46,66,72,81,4,80,53,78,40,8,43,25,68,60,71,39,83,5}

23:06:02,976  INFO main:375 - *****************************************************
23:06:03,623  INFO main:361 - ****************Corrida 15 ************************
23:06:03,624  INFO main:362 - Fitness solucion: 25.0
23:06:03,624  INFO main:363 - Indice: 29
23:06:03,624  INFO main:364 - Generacion: 1
23:06:03,624  INFO main:374 - Individuo Solucion: {66,27,37,12,67,71,57,4,82,2,3,14,74,24,6,32,89,51,39,54,43,44,5,47,26,11,48,81,38,62,85,0,9,75,42,25,31,18,10,60,36,33,15,30,70,68,8,35,63,77,49,7,23,1,22,79,46,21,80,45,72,59,86,55,64,19,17,50,53,16,83,34,69,29,20,87,13,73,41,56,78,28,52,58,76,40,65,88,84,61}

23:06:03,624  INFO main:375 - *****************************************************
23:06:04,273  INFO main:361 - ****************Corrida 16 ************************
23:06:04,273  INFO main:362 - Fitness solucion: 28.0
23:06:04,273  INFO main:363 - Indice: 35
23:06:04,273  INFO main:364 - Generacion: 0
23:06:04,273  INFO main:374 - Individuo Solucion: {28,84,89,3,51,56,33,65,77,62,7,4,17,22,19,69,8,59,42,15,45,85,30,24,46,20,13,11,31,0,12,71,73,27,55,34,50,44,5,48,36,72,83,58,23,87,38,39,64,54,41,63,2,88,14,81,52,37,49,74,6,29,10,60,32,53,43,40,61,70,18,57,82,47,78,68,35,67,25,76,66,86,80,79,21,9,1,26,16,75}

23:06:04,273  INFO main:375 - *****************************************************
23:06:04,916  INFO main:361 - ****************Corrida 17 ************************
23:06:04,916  INFO main:362 - Fitness solucion: 25.0
23:06:04,916  INFO main:363 - Indice: 30
23:06:04,916  INFO main:364 - Generacion: 0
23:06:04,917  INFO main:374 - Individuo Solucion: {16,79,3,0,19,5,64,51,58,11,8,1,66,70,31,77,33,87,78,89,63,72,12,22,20,26,32,18,75,82,6,65,15,10,17,45,21,2,25,46,27,88,76,42,34,40,41,29,84,68,81,59,61,71,55,39,54,86,83,7,24,30,28,38,35,49,14,73,4,9,48,53,43,37,44,50,23,52,74,13,57,60,69,85,62,36,80,56,47,67}

23:06:04,917  INFO main:375 - *****************************************************
23:06:05,574  INFO main:361 - ****************Corrida 18 ************************
23:06:05,574  INFO main:362 - Fitness solucion: 28.0
23:06:05,574  INFO main:363 - Indice: 33
23:06:05,574  INFO main:364 - Generacion: 0
23:06:05,574  INFO main:374 - Individuo Solucion: {85,0,64,32,34,12,55,15,53,63,33,5,9,78,20,68,65,61,19,56,8,29,43,23,2,60,41,87,18,10,30,82,50,26,45,52,39,48,42,16,86,22,89,70,4,71,24,6,49,47,74,58,72,69,54,38,51,44,7,75,17,21,80,35,62,83,27,1,66,59,57,3,79,25,73,67,88,14,13,36,46,81,84,37,31,11,40,76,28,77}

23:06:05,574  INFO main:375 - *****************************************************
23:06:06,214  INFO main:361 - ****************Corrida 19 ************************
23:06:06,214  INFO main:362 - Fitness solucion: 28.0
23:06:06,214  INFO main:363 - Indice: 31
23:06:06,214  INFO main:364 - Generacion: 0
23:06:06,214  INFO main:374 - Individuo Solucion: {0,69,1,82,36,8,87,7,35,40,55,72,13,38,2,26,15,89,37,17,11,54,19,68,6,4,79,88,77,30,49,50,32,41,85,31,56,5,46,29,34,3,48,18,10,57,21,22,24,86,53,63,74,12,51,73,62,64,44,66,59,23,83,28,16,65,33,43,61,52,70,71,75,45,81,39,47,20,42,9,80,67,78,76,60,27,25,84,14,58}

23:06:06,214  INFO main:375 - *****************************************************
23:06:06,861  INFO main:361 - ****************Corrida 20 ************************
23:06:06,861  INFO main:362 - Fitness solucion: 28.0
23:06:06,861  INFO main:363 - Indice: 31
23:06:06,861  INFO main:364 - Generacion: 0
23:06:06,861  INFO main:374 - Individuo Solucion: {0,22,88,6,21,81,78,20,42,8,12,54,25,80,27,3,28,89,18,66,11,31,47,63,38,4,30,45,84,29,5,51,83,43,58,39,1,17,7,85,79,48,56,65,44,36,14,86,16,61,15,52,34,19,10,53,24,74,46,87,37,23,55,60,40,73,77,76,33,2,50,41,9,67,82,75,49,32,71,13,68,62,35,70,57,59,72,69,26,64}

23:06:06,862  INFO main:375 - *****************************************************
23:06:07,500  INFO main:361 - ****************Corrida 21 ************************
23:06:07,500  INFO main:362 - Fitness solucion: 25.0
23:06:07,501  INFO main:363 - Indice: 30
23:06:07,501  INFO main:364 - Generacion: 0
23:06:07,501  INFO main:374 - Individuo Solucion: {75,80,2,7,5,73,81,42,0,70,56,4,25,34,72,11,79,62,24,15,17,29,13,23,18,54,10,55,47,6,28,26,86,3,44,49,46,53,14,66,83,39,64,50,85,78,32,45,36,19,82,1,38,37,48,16,84,63,57,51,12,65,52,30,27,41,88,43,67,31,33,9,87,68,60,21,8,40,59,74,22,20,89,76,69,71,77,58,61,35}

23:06:07,501  INFO main:375 - *****************************************************
23:06:08,141  INFO main:361 - ****************Corrida 22 ************************
23:06:08,141  INFO main:362 - Fitness solucion: 28.0
23:06:08,141  INFO main:363 - Indice: 31
23:06:08,141  INFO main:364 - Generacion: 0
23:06:08,141  INFO main:374 - Individuo Solucion: {20,53,3,5,35,17,89,52,30,21,26,1,66,64,19,27,16,56,22,6,59,58,41,13,86,25,46,42,79,24,78,18,23,51,28,63,37,49,40,32,10,77,43,85,54,87,61,8,33,50,2,62,15,11,57,29,45,36,31,47,38,39,0,14,68,82,55,75,76,70,48,7,67,9,34,80,73,81,65,74,88,12,44,4,72,69,83,71,60,84}

23:06:08,141  INFO main:375 - *****************************************************
23:06:08,782  INFO main:361 - ****************Corrida 23 ************************
23:06:08,782  INFO main:362 - Fitness solucion: 25.0
23:06:08,782  INFO main:363 - Indice: 27
23:06:08,782  INFO main:364 - Generacion: 0
23:06:08,782  INFO main:374 - Individuo Solucion: {53,0,51,8,68,84,23,34,16,27,29,65,46,14,13,28,31,20,78,66,80,36,7,70,88,11,32,75,5,9,85,67,76,49,15,22,25,64,4,6,17,26,30,52,3,89,42,50,35,81,40,10,12,82,62,48,41,55,60,18,1,58,86,59,77,72,69,61,2,73,45,74,54,39,37,63,21,83,38,79,57,24,44,71,87,56,43,33,19,47}

23:06:08,783  INFO main:375 - *****************************************************
23:06:09,423  INFO main:361 - ****************Corrida 24 ************************
23:06:09,423  INFO main:362 - Fitness solucion: 25.0
23:06:09,423  INFO main:363 - Indice: 30
23:06:09,423  INFO main:364 - Generacion: 0
23:06:09,423  INFO main:374 - Individuo Solucion: {5,4,70,72,52,10,51,59,13,21,41,81,2,25,17,77,11,88,58,33,53,75,7,14,24,89,84,8,44,83,26,23,80,35,39,18,50,9,36,43,65,48,32,1,40,45,16,87,37,38,47,82,15,69,30,79,61,28,0,76,27,68,55,31,67,54,42,22,66,60,71,49,63,12,62,46,64,34,6,86,78,29,73,57,19,85,56,74,3,20}

23:06:09,423  INFO main:375 - *****************************************************
23:06:10,069  INFO main:361 - ****************Corrida 25 ************************
23:06:10,069  INFO main:362 - Fitness solucion: 25.0
23:06:10,069  INFO main:363 - Indice: 33
23:06:10,069  INFO main:364 - Generacion: 2
23:06:10,069  INFO main:374 - Individuo Solucion: {10,7,6,51,78,82,1,3,11,49,52,62,46,68,87,76,66,28,29,54,25,15,22,86,2,55,26,84,57,5,50,48,18,70,12,37,67,32,71,47,31,80,53,30,0,8,43,41,33,39,89,21,69,38,44,17,13,45,81,58,35,63,16,61,88,64,85,34,42,74,73,23,56,36,40,24,75,14,20,77,83,9,79,19,65,59,60,27,4,72}

23:06:10,069  INFO main:375 - *****************************************************
23:06:10,711  INFO main:361 - ****************Corrida 26 ************************
23:06:10,711  INFO main:362 - Fitness solucion: 28.0
23:06:10,711  INFO main:363 - Indice: 29
23:06:10,711  INFO main:364 - Generacion: 0
23:06:10,711  INFO main:374 - Individuo Solucion: {8,20,38,5,3,63,78,85,47,15,18,69,24,65,17,35,16,89,37,21,42,36,2,66,43,86,44,7,27,72,11,80,55,28,31,71,9,77,34,51,19,88,1,0,62,41,33,81,67,82,84,50,26,57,58,79,14,30,75,68,49,53,59,83,22,13,52,87,39,46,70,45,73,6,12,76,23,32,48,54,64,29,40,61,25,4,56,10,74,60}

23:06:10,711  INFO main:375 - *****************************************************
23:06:11,353  INFO main:361 - ****************Corrida 27 ************************
23:06:11,353  INFO main:362 - Fitness solucion: 28.0
23:06:11,353  INFO main:363 - Indice: 30
23:06:11,356  INFO main:364 - Generacion: 0
23:06:11,356  INFO main:374 - Individuo Solucion: {11,47,27,15,31,19,70,8,86,52,85,29,5,88,32,1,22,67,60,13,40,34,6,56,38,36,18,55,16,46,39,76,26,84,79,37,49,12,25,9,43,45,17,41,7,2,42,54,73,0,63,30,65,81,59,28,64,44,20,80,68,14,66,50,82,23,89,77,74,53,33,57,83,3,21,61,78,75,10,24,51,4,62,71,69,35,72,87,48,58}

23:06:11,356  INFO main:375 - *****************************************************
23:06:11,994  INFO main:361 - ****************Corrida 28 ************************
23:06:11,995  INFO main:362 - Fitness solucion: 25.0
23:06:11,995  INFO main:363 - Indice: 30
23:06:11,995  INFO main:364 - Generacion: 9
23:06:11,995  INFO main:374 - Individuo Solucion: {1,22,17,8,34,3,84,70,86,4,62,50,57,80,9,39,48,71,85,51,28,7,88,23,18,11,35,59,43,55,82,83,69,49,29,67,15,26,53,45,73,10,12,54,78,31,76,60,81,63,44,66,36,13,27,37,33,46,40,42,20,68,52,58,61,75,65,6,77,89,41,30,2,56,14,72,32,64,21,87,0,5,47,79,16,25,19,24,74,38}

23:06:11,995  INFO main:375 - *****************************************************
23:06:12,634  INFO main:361 - ****************Corrida 29 ************************
23:06:12,635  INFO main:362 - Fitness solucion: 25.0
23:06:12,635  INFO main:363 - Indice: 27
23:06:12,635  INFO main:364 - Generacion: 2
23:06:12,635  INFO main:374 - Individuo Solucion: {2,12,60,81,9,26,7,5,11,27,16,88,31,80,76,61,10,4,47,33,42,82,14,30,70,35,64,77,23,68,37,20,0,74,17,32,3,55,53,54,15,63,39,22,78,85,8,43,19,66,18,1,58,51,48,83,89,28,79,73,44,50,62,41,36,24,72,34,87,67,46,52,21,38,69,65,49,29,45,84,40,6,13,71,57,75,59,25,86,56}

23:06:12,635  INFO main:375 - *****************************************************
23:06:12,635  INFO main:377 - Tiempo AGP: 695
23:06:12,635  INFO main:378 - Promedio Final: 26
23:06:12,636  INFO main:379 - Promedio Generaciones: 0
23:06:12,636  INFO main:381 - *****************Resultados********************
23:06:12,636  INFO main:383 - result: 27.0
23:06:12,637  INFO main:383 - result: 25.0
23:06:12,638  INFO main:383 - result: 28.0
23:06:12,638  INFO main:383 - result: 28.0
23:06:12,638  INFO main:383 - result: 28.0
23:06:12,638  INFO main:383 - result: 28.0
23:06:12,638  INFO main:383 - result: 25.0
23:06:12,638  INFO main:383 - result: 25.0
23:06:12,639  INFO main:383 - result: 28.0
23:06:12,639  INFO main:383 - result: 28.0
23:06:12,639  INFO main:383 - result: 28.0
23:06:12,639  INFO main:383 - result: 25.0
23:06:12,639  INFO main:383 - result: 28.0
23:06:12,639  INFO main:383 - result: 28.0
23:06:12,639  INFO main:383 - result: 28.0
23:06:12,640  INFO main:383 - result: 25.0
23:06:12,640  INFO main:383 - result: 28.0
23:06:12,640  INFO main:383 - result: 25.0
23:06:12,640  INFO main:383 - result: 28.0
23:06:12,640  INFO main:383 - result: 28.0
23:06:12,640  INFO main:383 - result: 28.0
23:06:12,640  INFO main:383 - result: 25.0
23:06:12,640  INFO main:383 - result: 28.0
23:06:12,640  INFO main:383 - result: 25.0
23:06:12,640  INFO main:383 - result: 25.0
23:06:12,641  INFO main:383 - result: 25.0
23:06:12,641  INFO main:383 - result: 28.0
23:06:12,641  INFO main:383 - result: 28.0
23:06:12,641  INFO main:383 - result: 25.0
23:06:12,641  INFO main:383 - result: 25.0
23:06:12,641  INFO main:385 - *****************Generaciones********************
23:06:12,641  INFO main:387 - Generacion: 0
23:06:12,641  INFO main:387 - Generacion: 0
23:06:12,641  INFO main:387 - Generacion: 0
23:06:12,641  INFO main:387 - Generacion: 0
23:06:12,641  INFO main:387 - Generacion: 0
23:06:12,641  INFO main:387 - Generacion: 0
23:06:12,642  INFO main:387 - Generacion: 0
23:06:12,642  INFO main:387 - Generacion: 0
23:06:12,642  INFO main:387 - Generacion: 0
23:06:12,642  INFO main:387 - Generacion: 0
23:06:12,642  INFO main:387 - Generacion: 0
23:06:12,642  INFO main:387 - Generacion: 0
23:06:12,642  INFO main:387 - Generacion: 0
23:06:12,642  INFO main:387 - Generacion: 0
23:06:12,643  INFO main:387 - Generacion: 0
23:06:12,643  INFO main:387 - Generacion: 0
23:06:12,643  INFO main:387 - Generacion: 0
23:06:12,643  INFO main:387 - Generacion: 0
23:06:12,643  INFO main:387 - Generacion: 0
23:06:12,643  INFO main:387 - Generacion: 0
23:06:12,643  INFO main:387 - Generacion: 0
23:06:12,643  INFO main:387 - Generacion: 0
23:06:12,643  INFO main:387 - Generacion: 0
23:06:12,643  INFO main:387 - Generacion: 0
23:06:12,644  INFO main:387 - Generacion: 0
23:06:12,644  INFO main:387 - Generacion: 0
23:06:12,644  INFO main:387 - Generacion: 0
23:06:12,644  INFO main:387 - Generacion: 0
23:06:12,644  INFO main:387 - Generacion: 0
23:06:12,644  INFO main:387 - Generacion: 0
