22:40:16,934  INFO main:168 - Logueando
22:41:10,760  INFO main:361 - ****************Corrida 0 ************************
22:41:10,761  INFO main:362 - Fitness solucion: 31.0
22:41:10,762  INFO main:363 - Indice: 31
22:41:10,762  INFO main:364 - Generacion: 0
22:41:10,762  INFO main:374 - Individuo Solucion: {9,35,11,57,13,22,37,17,45,51,10,14,19,25,4,50,42,39,6,32,33,26,3,59,55,31,20,28,40,36,18,44,29,7,5,30,16,24,53,27,1,38,41,21,12,46,8,58,48,54,23,15,52,47,0,2,43,56,34,49}

22:41:10,763  INFO main:375 - *****************************************************
22:41:11,031  INFO main:361 - ****************Corrida 1 ************************
22:41:11,031  INFO main:362 - Fitness solucion: 31.0
22:41:11,031  INFO main:363 - Indice: 31
22:41:11,032  INFO main:364 - Generacion: 0
22:41:11,032  INFO main:374 - Individuo Solucion: {6,56,1,48,18,25,5,29,58,14,27,11,35,50,20,10,16,8,3,7,21,13,2,45,19,26,34,23,4,36,31,33,39,54,46,0,32,28,40,22,37,42,12,43,44,57,38,17,47,53,51,49,9,41,15,55,52,59,24,30}

22:41:11,032  INFO main:375 - *****************************************************
22:41:11,256  INFO main:361 - ****************Corrida 2 ************************
22:41:11,256  INFO main:362 - Fitness solucion: 31.0
22:41:11,256  INFO main:363 - Indice: 31
22:41:11,257  INFO main:364 - Generacion: 0
22:41:11,257  INFO main:374 - Individuo Solucion: {15,8,22,40,13,50,49,18,41,54,16,30,7,4,12,57,10,27,35,1,46,34,55,52,58,25,17,44,48,0,42,26,14,33,28,6,29,21,39,24,23,11,31,43,47,32,37,56,53,59,36,51,2,19,9,5,38,45,20,3}

22:41:11,257  INFO main:375 - *****************************************************
22:41:11,476  INFO main:361 - ****************Corrida 3 ************************
22:41:11,476  INFO main:362 - Fitness solucion: 31.0
22:41:11,476  INFO main:363 - Indice: 33
22:41:11,476  INFO main:364 - Generacion: 0
22:41:11,476  INFO main:374 - Individuo Solucion: {59,2,7,57,47,10,8,4,28,21,24,0,18,20,55,12,17,43,44,38,6,1,5,39,30,54,9,58,11,25,45,49,16,41,32,13,52,26,36,40,46,48,33,50,34,19,14,3,53,42,15,37,29,35,56,22,27,23,31,51}

22:41:11,477  INFO main:375 - *****************************************************
22:41:11,703  INFO main:361 - ****************Corrida 4 ************************
22:41:11,703  INFO main:362 - Fitness solucion: 31.0
22:41:11,703  INFO main:363 - Indice: 34
22:41:11,703  INFO main:364 - Generacion: 0
22:41:11,703  INFO main:374 - Individuo Solucion: {9,21,12,46,56,23,20,25,54,24,10,37,1,59,3,0,57,31,53,19,47,36,14,8,17,13,40,2,55,38,41,58,35,6,27,18,29,16,52,51,7,33,43,15,34,45,42,5,50,39,4,30,44,49,48,22,26,32,28,11}

22:41:11,703  INFO main:375 - *****************************************************
22:41:11,931  INFO main:361 - ****************Corrida 5 ************************
22:41:11,931  INFO main:362 - Fitness solucion: 31.0
22:41:11,931  INFO main:363 - Indice: 31
22:41:11,931  INFO main:364 - Generacion: 0
22:41:11,931  INFO main:374 - Individuo Solucion: {23,0,3,6,28,10,2,15,1,50,34,4,53,55,27,12,29,45,20,48,25,7,19,44,16,56,8,5,49,39,37,32,22,31,18,46,24,30,36,14,41,11,38,26,21,42,33,57,59,47,54,35,51,43,9,52,58,13,17,40}

22:41:11,932  INFO main:375 - *****************************************************
22:41:12,149  INFO main:361 - ****************Corrida 6 ************************
22:41:12,149  INFO main:362 - Fitness solucion: 31.0
22:41:12,150  INFO main:363 - Indice: 31
22:41:12,150  INFO main:364 - Generacion: 0
22:41:12,150  INFO main:374 - Individuo Solucion: {4,20,47,2,52,13,39,57,58,18,10,34,5,15,9,41,56,8,36,22,0,59,33,35,19,24,42,7,25,28,44,38,17,29,12,16,1,23,26,45,21,40,31,27,32,43,6,46,3,53,54,50,11,51,55,14,48,49,30,37}

22:41:12,150  INFO main:375 - *****************************************************
22:41:12,368  INFO main:361 - ****************Corrida 7 ************************
22:41:12,368  INFO main:362 - Fitness solucion: 31.0
22:41:12,368  INFO main:363 - Indice: 31
22:41:12,368  INFO main:364 - Generacion: 0
22:41:12,368  INFO main:374 - Individuo Solucion: {4,46,58,3,5,51,22,19,45,49,31,27,55,48,47,14,25,23,57,36,18,35,24,29,21,8,34,28,1,13,7,54,33,38,9,50,6,39,52,32,42,17,43,59,0,2,37,30,41,56,10,44,53,15,20,40,26,12,16,11}

22:41:12,369  INFO main:375 - *****************************************************
22:41:12,585  INFO main:361 - ****************Corrida 8 ************************
22:41:12,585  INFO main:362 - Fitness solucion: 31.0
22:41:12,585  INFO main:363 - Indice: 31
22:41:12,585  INFO main:364 - Generacion: 0
22:41:12,585  INFO main:374 - Individuo Solucion: {55,2,59,14,6,8,52,31,4,19,46,5,39,37,25,13,12,36,41,11,49,16,53,10,21,26,32,20,58,7,48,27,33,18,15,50,56,38,23,22,30,44,35,57,43,0,3,24,42,34,17,9,28,51,45,29,40,1,47,54}

22:41:12,586  INFO main:375 - *****************************************************
22:41:12,803  INFO main:361 - ****************Corrida 9 ************************
22:41:12,803  INFO main:362 - Fitness solucion: 31.0
22:41:12,803  INFO main:363 - Indice: 31
22:41:12,803  INFO main:364 - Generacion: 0
22:41:12,803  INFO main:374 - Individuo Solucion: {17,3,32,24,12,1,5,23,21,19,16,43,9,54,59,34,27,10,28,48,25,11,45,22,36,18,31,57,7,30,15,6,0,38,47,39,14,40,53,8,51,50,29,56,33,20,35,42,41,37,55,2,46,4,13,58,44,26,52,49}

22:41:12,803  INFO main:375 - *****************************************************
22:41:13,023  INFO main:361 - ****************Corrida 10 ************************
22:41:13,023  INFO main:362 - Fitness solucion: 31.0
22:41:13,023  INFO main:363 - Indice: 32
22:41:13,023  INFO main:364 - Generacion: 0
22:41:13,023  INFO main:374 - Individuo Solucion: {29,7,55,27,42,8,11,10,14,24,41,4,20,46,52,36,26,9,56,0,25,22,45,23,6,1,5,44,32,16,39,57,13,49,17,33,31,59,15,51,21,19,43,3,54,35,53,28,48,30,50,37,40,34,47,2,58,12,38,18}

22:41:13,024  INFO main:375 - *****************************************************
22:41:13,242  INFO main:361 - ****************Corrida 11 ************************
22:41:13,243  INFO main:362 - Fitness solucion: 31.0
22:41:13,243  INFO main:363 - Indice: 31
22:41:13,246  INFO main:364 - Generacion: 0
22:41:13,246  INFO main:374 - Individuo Solucion: {1,52,47,51,10,18,15,14,17,28,37,9,56,8,19,58,6,3,7,25,45,33,42,24,23,20,35,46,54,13,5,57,36,27,22,48,32,34,4,39,38,30,53,29,43,44,50,40,31,26,11,16,0,49,55,59,12,2,21,41}

22:41:13,246  INFO main:375 - *****************************************************
22:41:13,464  INFO main:361 - ****************Corrida 12 ************************
22:41:13,464  INFO main:362 - Fitness solucion: 31.0
22:41:13,464  INFO main:363 - Indice: 31
22:41:13,464  INFO main:364 - Generacion: 0
22:41:13,464  INFO main:374 - Individuo Solucion: {0,56,38,44,51,47,50,27,34,1,48,13,7,24,26,16,57,37,2,23,11,55,49,5,18,20,29,28,45,6,19,36,4,9,59,35,46,3,31,14,30,41,53,42,22,12,52,58,21,15,17,40,32,8,33,43,10,39,54,25}

22:41:13,464  INFO main:375 - *****************************************************
22:41:13,681  INFO main:361 - ****************Corrida 13 ************************
22:41:13,682  INFO main:362 - Fitness solucion: 31.0
22:41:13,682  INFO main:363 - Indice: 31
22:41:13,682  INFO main:364 - Generacion: 0
22:41:13,682  INFO main:374 - Individuo Solucion: {2,36,34,37,1,0,14,39,54,20,18,8,46,42,51,12,28,48,22,21,3,44,24,19,53,15,31,7,5,41,17,6,32,10,57,55,38,33,25,50,59,13,30,16,29,9,11,43,58,40,35,4,45,52,27,56,49,23,26,47}

22:41:13,682  INFO main:375 - *****************************************************
22:41:13,900  INFO main:361 - ****************Corrida 14 ************************
22:41:13,900  INFO main:362 - Fitness solucion: 31.0
22:41:13,900  INFO main:363 - Indice: 31
22:41:13,901  INFO main:364 - Generacion: 0
22:41:13,901  INFO main:374 - Individuo Solucion: {3,4,11,2,8,52,39,20,10,12,48,59,18,47,25,21,6,28,56,5,58,22,31,29,15,26,32,13,50,43,49,30,14,37,46,40,35,34,7,9,1,27,16,53,55,36,41,23,38,24,19,33,45,51,17,44,57,42,0,54}

22:41:13,901  INFO main:375 - *****************************************************
22:41:14,118  INFO main:361 - ****************Corrida 15 ************************
22:41:14,118  INFO main:362 - Fitness solucion: 31.0
22:41:14,119  INFO main:363 - Indice: 34
22:41:14,119  INFO main:364 - Generacion: 0
22:41:14,119  INFO main:374 - Individuo Solucion: {31,17,54,41,28,4,15,2,46,6,10,45,0,21,23,51,20,1,25,18,7,32,11,26,40,57,50,34,47,24,56,3,53,27,59,13,14,19,42,55,44,30,36,33,8,5,58,37,49,35,22,52,43,12,29,48,9,39,16,38}

22:41:14,119  INFO main:375 - *****************************************************
22:41:14,341  INFO main:361 - ****************Corrida 16 ************************
22:41:14,342  INFO main:362 - Fitness solucion: 31.0
22:41:14,342  INFO main:363 - Indice: 31
22:41:14,342  INFO main:364 - Generacion: 0
22:41:14,342  INFO main:374 - Individuo Solucion: {0,59,11,33,50,14,29,17,28,18,42,6,53,52,46,21,9,57,31,12,39,24,2,30,58,48,44,27,37,34,22,13,4,8,10,40,35,41,15,16,25,55,3,26,49,56,51,19,38,45,32,47,54,43,20,5,36,1,23,7}

22:41:14,342  INFO main:375 - *****************************************************
22:41:14,563  INFO main:361 - ****************Corrida 17 ************************
22:41:14,563  INFO main:362 - Fitness solucion: 31.0
22:41:14,563  INFO main:363 - Indice: 32
22:41:14,563  INFO main:364 - Generacion: 0
22:41:14,563  INFO main:374 - Individuo Solucion: {16,0,19,13,2,6,39,21,14,56,23,51,7,20,12,58,29,11,27,5,49,32,31,57,48,15,10,26,22,52,41,9,40,1,43,46,17,36,53,3,8,24,34,44,54,38,59,35,28,50,47,33,42,37,55,18,30,25,45,4}

22:41:14,563  INFO main:375 - *****************************************************
22:41:14,794  INFO main:361 - ****************Corrida 18 ************************
22:41:14,794  INFO main:362 - Fitness solucion: 31.0
22:41:14,794  INFO main:363 - Indice: 31
22:41:14,794  INFO main:364 - Generacion: 0
22:41:14,795  INFO main:374 - Individuo Solucion: {43,1,7,53,54,40,26,17,49,21,28,48,22,9,27,44,13,11,14,32,31,0,42,47,29,4,12,45,50,15,59,57,34,16,41,52,39,2,37,36,19,18,6,58,55,33,3,5,25,30,38,56,35,10,23,46,51,20,24,8}

22:41:14,795  INFO main:375 - *****************************************************
22:41:15,013  INFO main:361 - ****************Corrida 19 ************************
22:41:15,013  INFO main:362 - Fitness solucion: 31.0
22:41:15,014  INFO main:363 - Indice: 31
22:41:15,014  INFO main:364 - Generacion: 0
22:41:15,014  INFO main:374 - Individuo Solucion: {56,38,10,17,9,5,40,2,8,16,29,27,43,46,22,25,54,59,30,53,14,51,13,33,1,4,35,3,36,39,31,15,26,7,28,34,12,55,20,24,41,19,45,42,0,32,44,6,18,48,50,21,11,49,47,37,52,23,57,58}

22:41:15,014  INFO main:375 - *****************************************************
22:41:15,239  INFO main:361 - ****************Corrida 20 ************************
22:41:15,239  INFO main:362 - Fitness solucion: 31.0
22:41:15,240  INFO main:363 - Indice: 31
22:41:15,240  INFO main:364 - Generacion: 0
22:41:15,240  INFO main:374 - Individuo Solucion: {52,7,6,28,13,50,9,25,48,53,26,24,57,33,17,31,29,56,5,15,43,21,4,16,40,45,27,49,12,44,18,3,34,11,20,8,30,2,19,37,32,1,23,58,38,59,10,42,41,36,46,14,39,47,55,22,0,35,51,54}

22:41:15,240  INFO main:375 - *****************************************************
22:41:15,511  INFO main:361 - ****************Corrida 21 ************************
22:41:15,512  INFO main:362 - Fitness solucion: 31.0
22:41:15,512  INFO main:363 - Indice: 32
22:41:15,512  INFO main:364 - Generacion: 0
22:41:15,512  INFO main:374 - Individuo Solucion: {2,29,8,30,18,0,56,59,4,11,15,16,42,24,31,12,25,19,38,46,50,23,55,28,22,5,21,40,54,32,51,33,39,26,35,34,3,49,48,1,45,6,44,17,36,47,43,57,14,58,10,53,52,27,20,41,13,37,9,7}

22:41:15,512  INFO main:375 - *****************************************************
22:41:15,735  INFO main:361 - ****************Corrida 22 ************************
22:41:15,736  INFO main:362 - Fitness solucion: 31.0
22:41:15,736  INFO main:363 - Indice: 31
22:41:15,736  INFO main:364 - Generacion: 0
22:41:15,736  INFO main:374 - Individuo Solucion: {5,7,59,30,8,15,12,51,19,33,23,4,22,25,2,49,21,26,42,52,47,55,13,35,56,46,41,11,31,10,18,24,28,43,58,36,29,48,16,45,9,37,39,44,14,6,53,1,17,38,34,32,20,54,27,0,50,57,40,3}

22:41:15,737  INFO main:375 - *****************************************************
22:41:15,954  INFO main:361 - ****************Corrida 23 ************************
22:41:15,955  INFO main:362 - Fitness solucion: 31.0
22:41:15,955  INFO main:363 - Indice: 31
22:41:15,955  INFO main:364 - Generacion: 0
22:41:15,955  INFO main:374 - Individuo Solucion: {56,39,5,4,8,0,58,52,50,28,10,15,33,44,18,47,29,1,3,40,17,27,7,16,24,23,20,57,48,22,32,2,59,19,42,6,12,13,30,37,38,41,31,36,34,21,14,51,46,54,43,55,9,45,53,35,26,49,11,25}

22:41:15,955  INFO main:375 - *****************************************************
22:41:16,175  INFO main:361 - ****************Corrida 24 ************************
22:41:16,175  INFO main:362 - Fitness solucion: 31.0
22:41:16,176  INFO main:363 - Indice: 33
22:41:16,176  INFO main:364 - Generacion: 0
22:41:16,176  INFO main:374 - Individuo Solucion: {2,36,15,47,1,11,24,52,37,0,33,19,5,34,12,22,28,13,9,23,16,30,56,29,27,14,8,45,6,42,59,54,7,17,21,38,20,3,57,10,26,31,35,50,41,25,49,58,4,48,40,43,18,55,46,44,53,32,39,51}

22:41:16,176  INFO main:375 - *****************************************************
22:41:16,397  INFO main:361 - ****************Corrida 25 ************************
22:41:16,398  INFO main:362 - Fitness solucion: 31.0
22:41:16,398  INFO main:363 - Indice: 31
22:41:16,398  INFO main:364 - Generacion: 0
22:41:16,398  INFO main:374 - Individuo Solucion: {0,12,59,3,56,2,26,8,14,1,57,54,17,4,48,25,20,37,27,22,21,24,51,49,52,7,28,36,55,18,46,40,29,47,23,13,34,39,41,33,31,32,5,16,43,45,35,6,11,15,19,53,10,42,44,38,58,9,30,50}

22:41:16,398  INFO main:375 - *****************************************************
22:41:16,621  INFO main:361 - ****************Corrida 26 ************************
22:41:16,621  INFO main:362 - Fitness solucion: 31.0
22:41:16,621  INFO main:363 - Indice: 31
22:41:16,621  INFO main:364 - Generacion: 0
22:41:16,622  INFO main:374 - Individuo Solucion: {43,0,49,40,5,14,4,3,45,23,54,9,10,12,21,6,29,42,50,18,16,22,11,39,47,7,38,19,32,52,55,48,13,20,24,57,59,25,33,36,53,1,28,31,27,15,17,35,30,34,41,44,26,2,37,58,51,46,56,8}

22:41:16,622  INFO main:375 - *****************************************************
22:41:16,843  INFO main:361 - ****************Corrida 27 ************************
22:41:16,843  INFO main:362 - Fitness solucion: 31.0
22:41:16,843  INFO main:363 - Indice: 31
22:41:16,843  INFO main:364 - Generacion: 0
22:41:16,843  INFO main:374 - Individuo Solucion: {5,1,24,18,51,7,3,11,43,2,31,38,46,19,57,36,44,39,8,13,52,42,4,6,15,35,26,17,48,30,12,50,34,21,33,0,10,27,22,20,41,58,29,28,55,53,49,59,40,14,47,25,16,9,45,23,37,56,54,32}

22:41:16,844  INFO main:375 - *****************************************************
22:41:17,065  INFO main:361 - ****************Corrida 28 ************************
22:41:17,066  INFO main:362 - Fitness solucion: 31.0
22:41:17,066  INFO main:363 - Indice: 31
22:41:17,066  INFO main:364 - Generacion: 0
22:41:17,066  INFO main:374 - Individuo Solucion: {41,4,13,50,21,1,58,17,54,36,33,55,18,51,46,52,3,12,5,11,44,8,57,48,43,47,53,0,7,38,23,15,39,45,34,59,19,28,9,49,22,32,14,30,2,27,16,31,29,25,26,35,37,6,42,20,10,24,56,40}

22:41:17,066  INFO main:375 - *****************************************************
22:41:17,288  INFO main:361 - ****************Corrida 29 ************************
22:41:17,289  INFO main:362 - Fitness solucion: 31.0
22:41:17,289  INFO main:363 - Indice: 31
22:41:17,289  INFO main:364 - Generacion: 0
22:41:17,289  INFO main:374 - Individuo Solucion: {4,8,50,2,18,32,1,57,30,48,21,47,28,39,31,7,58,13,19,53,20,37,49,51,52,34,15,24,46,25,6,26,44,10,55,27,16,45,56,29,42,33,59,54,40,38,17,22,23,41,5,14,0,43,12,9,36,11,35,3}

22:41:17,289  INFO main:375 - *****************************************************
22:41:17,289  INFO main:377 - Tiempo AGP: 268
22:41:17,289  INFO main:378 - Promedio Final: 31
22:41:17,289  INFO main:379 - Promedio Generaciones: 0
22:41:17,290  INFO main:381 - *****************Resultados********************
22:41:17,290  INFO main:383 - result: 31.0
22:41:17,290  INFO main:383 - result: 31.0
22:41:17,290  INFO main:383 - result: 31.0
22:41:17,290  INFO main:383 - result: 31.0
22:41:17,290  INFO main:383 - result: 31.0
22:41:17,290  INFO main:383 - result: 31.0
22:41:17,290  INFO main:383 - result: 31.0
22:41:17,291  INFO main:383 - result: 31.0
22:41:17,291  INFO main:383 - result: 31.0
22:41:17,291  INFO main:383 - result: 31.0
22:41:17,291  INFO main:383 - result: 31.0
22:41:17,291  INFO main:383 - result: 31.0
22:41:17,291  INFO main:383 - result: 31.0
22:41:17,291  INFO main:383 - result: 31.0
22:41:17,291  INFO main:383 - result: 31.0
22:41:17,291  INFO main:383 - result: 31.0
22:41:17,291  INFO main:383 - result: 31.0
22:41:17,291  INFO main:383 - result: 31.0
22:41:17,292  INFO main:383 - result: 31.0
22:41:17,292  INFO main:383 - result: 31.0
22:41:17,292  INFO main:383 - result: 31.0
22:41:17,292  INFO main:383 - result: 31.0
22:41:17,292  INFO main:383 - result: 31.0
22:41:17,292  INFO main:383 - result: 31.0
22:41:17,292  INFO main:383 - result: 31.0
22:41:17,292  INFO main:383 - result: 31.0
22:41:17,292  INFO main:383 - result: 31.0
22:41:17,292  INFO main:383 - result: 31.0
22:41:17,293  INFO main:383 - result: 31.0
22:41:17,293  INFO main:383 - result: 31.0
22:41:17,293  INFO main:385 - *****************Generaciones********************
22:41:17,293  INFO main:387 - Generacion: 0
22:41:17,293  INFO main:387 - Generacion: 0
22:41:17,293  INFO main:387 - Generacion: 0
22:41:17,293  INFO main:387 - Generacion: 0
22:41:17,293  INFO main:387 - Generacion: 0
22:41:17,293  INFO main:387 - Generacion: 0
22:41:17,293  INFO main:387 - Generacion: 0
22:41:17,293  INFO main:387 - Generacion: 0
22:41:17,293  INFO main:387 - Generacion: 0
22:41:17,294  INFO main:387 - Generacion: 0
22:41:17,294  INFO main:387 - Generacion: 0
22:41:17,294  INFO main:387 - Generacion: 0
22:41:17,294  INFO main:387 - Generacion: 0
22:41:17,294  INFO main:387 - Generacion: 0
22:41:17,294  INFO main:387 - Generacion: 0
22:41:17,295  INFO main:387 - Generacion: 0
22:41:17,295  INFO main:387 - Generacion: 0
22:41:17,295  INFO main:387 - Generacion: 0
22:41:17,295  INFO main:387 - Generacion: 0
22:41:17,295  INFO main:387 - Generacion: 0
22:41:17,295  INFO main:387 - Generacion: 0
22:41:17,295  INFO main:387 - Generacion: 0
22:41:17,296  INFO main:387 - Generacion: 0
22:41:17,296  INFO main:387 - Generacion: 0
22:41:17,296  INFO main:387 - Generacion: 0
22:41:17,296  INFO main:387 - Generacion: 0
22:41:17,296  INFO main:387 - Generacion: 0
22:41:17,296  INFO main:387 - Generacion: 0
22:41:17,296  INFO main:387 - Generacion: 0
22:41:17,296  INFO main:387 - Generacion: 0
