21:03:47,795  INFO main:168 - Logueando
21:03:47,849  INFO main:343 - ****************AG RUTAS****************
21:04:57,305  INFO main:357 - *******************Solucion: 0*******************
21:04:57,305  INFO main:358 - Solucion: 0
21:04:57,305  INFO main:359 - 
Solucion numero: 99
21:04:57,305  INFO main:360 - 
Cantidad de bloqueados: 0
21:04:57,306  INFO main:361 - 
Costo: 86600.0
21:04:57,306  INFO main:362 - 
Distancia: 22500.0
21:04:57,306  INFO main:363 - 
Espectro Mayor: 22.0
21:04:57,306  INFO main:364 - 
Fitness: 22.0
21:04:57,306  INFO main:367 - *****************************************************
21:05:54,897  INFO main:357 - *******************Solucion: 1*******************
21:05:54,898  INFO main:358 - Solucion: 1
21:05:54,898  INFO main:359 - 
Solucion numero: 99
21:05:54,898  INFO main:360 - 
Cantidad de bloqueados: 0
21:05:54,898  INFO main:361 - 
Costo: 106000.0
21:05:54,898  INFO main:362 - 
Distancia: 25300.0
21:05:54,898  INFO main:363 - 
Espectro Mayor: 21.0
21:05:54,898  INFO main:364 - 
Fitness: 21.0
21:05:54,898  INFO main:367 - *****************************************************
21:06:52,485  INFO main:357 - *******************Solucion: 2*******************
21:06:52,485  INFO main:358 - Solucion: 2
21:06:52,485  INFO main:359 - 
Solucion numero: 99
21:06:52,485  INFO main:360 - 
Cantidad de bloqueados: 0
21:06:52,485  INFO main:361 - 
Costo: 96200.0
21:06:52,485  INFO main:362 - 
Distancia: 22500.0
21:06:52,486  INFO main:363 - 
Espectro Mayor: 23.0
21:06:52,486  INFO main:364 - 
Fitness: 23.0
21:06:52,486  INFO main:367 - *****************************************************
21:07:57,456  INFO main:357 - *******************Solucion: 3*******************
21:07:57,456  INFO main:358 - Solucion: 3
21:07:57,456  INFO main:359 - 
Solucion numero: 99
21:07:57,456  INFO main:360 - 
Cantidad de bloqueados: 0
21:07:57,457  INFO main:361 - 
Costo: 89700.0
21:07:57,457  INFO main:362 - 
Distancia: 21700.0
21:07:57,457  INFO main:363 - 
Espectro Mayor: 22.0
21:07:57,457  INFO main:364 - 
Fitness: 22.0
21:07:57,457  INFO main:367 - *****************************************************
21:08:40,797  INFO main:357 - *******************Solucion: 4*******************
21:08:40,797  INFO main:358 - Solucion: 4
21:08:40,797  INFO main:359 - 
Solucion numero: 99
21:08:40,797  INFO main:360 - 
Cantidad de bloqueados: 0
21:08:40,797  INFO main:361 - 
Costo: 93800.0
21:08:40,797  INFO main:362 - 
Distancia: 23900.0
21:08:40,797  INFO main:363 - 
Espectro Mayor: 22.0
21:08:40,798  INFO main:364 - 
Fitness: 22.0
21:08:40,798  INFO main:367 - *****************************************************
21:09:27,547  INFO main:357 - *******************Solucion: 5*******************
21:09:27,547  INFO main:358 - Solucion: 5
21:09:27,547  INFO main:359 - 
Solucion numero: 99
21:09:27,547  INFO main:360 - 
Cantidad de bloqueados: 0
21:09:27,547  INFO main:361 - 
Costo: 77100.0
21:09:27,547  INFO main:362 - 
Distancia: 20700.0
21:09:27,547  INFO main:363 - 
Espectro Mayor: 22.0
21:09:27,547  INFO main:364 - 
Fitness: 22.0
21:09:27,547  INFO main:367 - *****************************************************
21:10:28,941  INFO main:357 - *******************Solucion: 6*******************
21:10:28,942  INFO main:358 - Solucion: 6
21:10:28,942  INFO main:359 - 
Solucion numero: 99
21:10:28,942  INFO main:360 - 
Cantidad de bloqueados: 0
21:10:28,942  INFO main:361 - 
Costo: 94800.0
21:10:28,942  INFO main:362 - 
Distancia: 22500.0
21:10:28,942  INFO main:363 - 
Espectro Mayor: 22.0
21:10:28,942  INFO main:364 - 
Fitness: 22.0
21:10:28,942  INFO main:367 - *****************************************************
21:11:19,442  INFO main:357 - *******************Solucion: 7*******************
21:11:19,443  INFO main:358 - Solucion: 7
21:11:19,443  INFO main:359 - 
Solucion numero: 99
21:11:19,443  INFO main:360 - 
Cantidad de bloqueados: 0
21:11:19,443  INFO main:361 - 
Costo: 92300.0
21:11:19,443  INFO main:362 - 
Distancia: 22700.0
21:11:19,443  INFO main:363 - 
Espectro Mayor: 22.0
21:11:19,443  INFO main:364 - 
Fitness: 22.0
21:11:19,443  INFO main:367 - *****************************************************
21:12:02,612  INFO main:357 - *******************Solucion: 8*******************
21:12:02,612  INFO main:358 - Solucion: 8
21:12:02,613  INFO main:359 - 
Solucion numero: 99
21:12:02,613  INFO main:360 - 
Cantidad de bloqueados: 0
21:12:02,613  INFO main:361 - 
Costo: 85100.0
21:12:02,613  INFO main:362 - 
Distancia: 22100.0
21:12:02,613  INFO main:363 - 
Espectro Mayor: 22.0
21:12:02,613  INFO main:364 - 
Fitness: 22.0
21:12:02,613  INFO main:367 - *****************************************************
21:12:49,376  INFO main:357 - *******************Solucion: 9*******************
21:12:49,377  INFO main:358 - Solucion: 9
21:12:49,377  INFO main:359 - 
Solucion numero: 99
21:12:49,377  INFO main:360 - 
Cantidad de bloqueados: 0
21:12:49,377  INFO main:361 - 
Costo: 109600.0
21:12:49,377  INFO main:362 - 
Distancia: 25900.0
21:12:49,377  INFO main:363 - 
Espectro Mayor: 22.0
21:12:49,377  INFO main:364 - 
Fitness: 22.0
21:12:49,377  INFO main:367 - *****************************************************
21:13:39,872  INFO main:357 - *******************Solucion: 10*******************
21:13:39,872  INFO main:358 - Solucion: 10
21:13:39,873  INFO main:359 - 
Solucion numero: 99
21:13:39,873  INFO main:360 - 
Cantidad de bloqueados: 0
21:13:39,873  INFO main:361 - 
Costo: 95900.0
21:13:39,873  INFO main:362 - 
Distancia: 23500.0
21:13:39,873  INFO main:363 - 
Espectro Mayor: 22.0
21:13:39,873  INFO main:364 - 
Fitness: 22.0
21:13:39,873  INFO main:367 - *****************************************************
21:14:44,653  INFO main:357 - *******************Solucion: 11*******************
21:14:44,654  INFO main:358 - Solucion: 11
21:14:44,654  INFO main:359 - 
Solucion numero: 99
21:14:44,654  INFO main:360 - 
Cantidad de bloqueados: 0
21:14:44,654  INFO main:361 - 
Costo: 102200.0
21:14:44,654  INFO main:362 - 
Distancia: 24100.0
21:14:44,654  INFO main:363 - 
Espectro Mayor: 23.0
21:14:44,654  INFO main:364 - 
Fitness: 23.0
21:14:44,654  INFO main:367 - *****************************************************
21:15:49,528  INFO main:357 - *******************Solucion: 12*******************
21:15:49,528  INFO main:358 - Solucion: 12
21:15:49,528  INFO main:359 - 
Solucion numero: 99
21:15:49,528  INFO main:360 - 
Cantidad de bloqueados: 0
21:15:49,528  INFO main:361 - 
Costo: 92200.0
21:15:49,528  INFO main:362 - 
Distancia: 23300.0
21:15:49,528  INFO main:363 - 
Espectro Mayor: 22.0
21:15:49,529  INFO main:364 - 
Fitness: 22.0
21:15:49,529  INFO main:367 - *****************************************************
21:16:50,586  INFO main:357 - *******************Solucion: 13*******************
21:16:50,586  INFO main:358 - Solucion: 13
21:16:50,586  INFO main:359 - 
Solucion numero: 99
21:16:50,586  INFO main:360 - 
Cantidad de bloqueados: 0
21:16:50,586  INFO main:361 - 
Costo: 91500.0
21:16:50,587  INFO main:362 - 
Distancia: 22700.0
21:16:50,587  INFO main:363 - 
Espectro Mayor: 22.0
21:16:50,587  INFO main:364 - 
Fitness: 22.0
21:16:50,587  INFO main:367 - *****************************************************
21:17:33,787  INFO main:357 - *******************Solucion: 14*******************
21:17:33,788  INFO main:358 - Solucion: 14
21:17:33,788  INFO main:359 - 
Solucion numero: 99
21:17:33,788  INFO main:360 - 
Cantidad de bloqueados: 0
21:17:33,788  INFO main:361 - 
Costo: 109600.0
21:17:33,788  INFO main:362 - 
Distancia: 25500.0
21:17:33,788  INFO main:363 - 
Espectro Mayor: 22.0
21:17:33,788  INFO main:364 - 
Fitness: 22.0
21:17:33,788  INFO main:367 - *****************************************************
21:18:13,546  INFO main:357 - *******************Solucion: 15*******************
21:18:13,546  INFO main:358 - Solucion: 15
21:18:13,546  INFO main:359 - 
Solucion numero: 99
21:18:13,546  INFO main:360 - 
Cantidad de bloqueados: 0
21:18:13,546  INFO main:361 - 
Costo: 105500.0
21:18:13,546  INFO main:362 - 
Distancia: 24900.0
21:18:13,546  INFO main:363 - 
Espectro Mayor: 23.0
21:18:13,546  INFO main:364 - 
Fitness: 23.0
21:18:13,546  INFO main:367 - *****************************************************
21:19:03,879  INFO main:357 - *******************Solucion: 16*******************
21:19:03,879  INFO main:358 - Solucion: 16
21:19:03,880  INFO main:359 - 
Solucion numero: 99
21:19:03,880  INFO main:360 - 
Cantidad de bloqueados: 0
21:19:03,880  INFO main:361 - 
Costo: 84600.0
21:19:03,880  INFO main:362 - 
Distancia: 21100.0
21:19:03,880  INFO main:363 - 
Espectro Mayor: 22.0
21:19:03,880  INFO main:364 - 
Fitness: 22.0
21:19:03,880  INFO main:367 - *****************************************************
21:19:54,382  INFO main:357 - *******************Solucion: 17*******************
21:19:54,382  INFO main:358 - Solucion: 17
21:19:54,382  INFO main:359 - 
Solucion numero: 99
21:19:54,382  INFO main:360 - 
Cantidad de bloqueados: 0
21:19:54,382  INFO main:361 - 
Costo: 82800.0
21:19:54,382  INFO main:362 - 
Distancia: 21100.0
21:19:54,382  INFO main:363 - 
Espectro Mayor: 22.0
21:19:54,382  INFO main:364 - 
Fitness: 22.0
21:19:54,383  INFO main:367 - *****************************************************
21:20:45,016  INFO main:357 - *******************Solucion: 18*******************
21:20:45,017  INFO main:358 - Solucion: 18
21:20:45,017  INFO main:359 - 
Solucion numero: 99
21:20:45,017  INFO main:360 - 
Cantidad de bloqueados: 0
21:20:45,017  INFO main:361 - 
Costo: 83000.0
21:20:45,017  INFO main:362 - 
Distancia: 21500.0
21:20:45,017  INFO main:363 - 
Espectro Mayor: 22.0
21:20:45,017  INFO main:364 - 
Fitness: 22.0
21:20:45,017  INFO main:367 - *****************************************************
21:21:24,657  INFO main:357 - *******************Solucion: 19*******************
21:21:24,657  INFO main:358 - Solucion: 19
21:21:24,657  INFO main:359 - 
Solucion numero: 99
21:21:24,657  INFO main:360 - 
Cantidad de bloqueados: 0
21:21:24,657  INFO main:361 - 
Costo: 85200.0
21:21:24,657  INFO main:362 - 
Distancia: 21300.0
21:21:24,657  INFO main:363 - 
Espectro Mayor: 22.0
21:21:24,657  INFO main:364 - 
Fitness: 22.0
21:21:24,657  INFO main:367 - *****************************************************
21:22:11,538  INFO main:357 - *******************Solucion: 20*******************
21:22:11,538  INFO main:358 - Solucion: 20
21:22:11,538  INFO main:359 - 
Solucion numero: 99
21:22:11,538  INFO main:360 - 
Cantidad de bloqueados: 0
21:22:11,538  INFO main:361 - 
Costo: 102900.0
21:22:11,538  INFO main:362 - 
Distancia: 24900.0
21:22:11,539  INFO main:363 - 
Espectro Mayor: 22.0
21:22:11,539  INFO main:364 - 
Fitness: 22.0
21:22:11,539  INFO main:367 - *****************************************************
21:22:54,728  INFO main:357 - *******************Solucion: 21*******************
21:22:54,728  INFO main:358 - Solucion: 21
21:22:54,728  INFO main:359 - 
Solucion numero: 99
21:22:54,728  INFO main:360 - 
Cantidad de bloqueados: 0
21:22:54,728  INFO main:361 - 
Costo: 102100.0
21:22:54,729  INFO main:362 - 
Distancia: 24900.0
21:22:54,729  INFO main:363 - 
Espectro Mayor: 22.0
21:22:54,729  INFO main:364 - 
Fitness: 22.0
21:22:54,729  INFO main:367 - *****************************************************
21:23:52,336  INFO main:357 - *******************Solucion: 22*******************
21:23:52,337  INFO main:358 - Solucion: 22
21:23:52,337  INFO main:359 - 
Solucion numero: 99
21:23:52,337  INFO main:360 - 
Cantidad de bloqueados: 0
21:23:52,337  INFO main:361 - 
Costo: 100700.0
21:23:52,337  INFO main:362 - 
Distancia: 24500.0
21:23:52,337  INFO main:363 - 
Espectro Mayor: 23.0
21:23:52,337  INFO main:364 - 
Fitness: 23.0
21:23:52,337  INFO main:367 - *****************************************************
21:24:35,495  INFO main:357 - *******************Solucion: 23*******************
21:24:35,495  INFO main:358 - Solucion: 23
21:24:35,495  INFO main:359 - 
Solucion numero: 99
21:24:35,495  INFO main:360 - 
Cantidad de bloqueados: 0
21:24:35,495  INFO main:361 - 
Costo: 82800.0
21:24:35,495  INFO main:362 - 
Distancia: 21300.0
21:24:35,495  INFO main:363 - 
Espectro Mayor: 22.0
21:24:35,495  INFO main:364 - 
Fitness: 22.0
21:24:35,496  INFO main:367 - *****************************************************
21:25:18,747  INFO main:357 - *******************Solucion: 24*******************
21:25:18,747  INFO main:358 - Solucion: 24
21:25:18,748  INFO main:359 - 
Solucion numero: 99
21:25:18,748  INFO main:360 - 
Cantidad de bloqueados: 0
21:25:18,748  INFO main:361 - 
Costo: 109400.0
21:25:18,748  INFO main:362 - 
Distancia: 26700.0
21:25:18,748  INFO main:363 - 
Espectro Mayor: 22.0
21:25:18,748  INFO main:364 - 
Fitness: 22.0
21:25:18,748  INFO main:367 - *****************************************************
21:26:16,374  INFO main:357 - *******************Solucion: 25*******************
21:26:16,374  INFO main:358 - Solucion: 25
21:26:16,374  INFO main:359 - 
Solucion numero: 99
21:26:16,374  INFO main:360 - 
Cantidad de bloqueados: 0
21:26:16,374  INFO main:361 - 
Costo: 106300.0
21:26:16,374  INFO main:362 - 
Distancia: 24500.0
21:26:16,374  INFO main:363 - 
Espectro Mayor: 22.0
21:26:16,374  INFO main:364 - 
Fitness: 22.0
21:26:16,374  INFO main:367 - *****************************************************
21:26:59,660  INFO main:357 - *******************Solucion: 26*******************
21:26:59,660  INFO main:358 - Solucion: 26
21:26:59,660  INFO main:359 - 
Solucion numero: 99
21:26:59,661  INFO main:360 - 
Cantidad de bloqueados: 0
21:26:59,661  INFO main:361 - 
Costo: 103200.0
21:26:59,661  INFO main:362 - 
Distancia: 24300.0
21:26:59,661  INFO main:363 - 
Espectro Mayor: 23.0
21:26:59,661  INFO main:364 - 
Fitness: 23.0
21:26:59,661  INFO main:367 - *****************************************************
21:27:46,543  INFO main:357 - *******************Solucion: 27*******************
21:27:46,543  INFO main:358 - Solucion: 27
21:27:46,543  INFO main:359 - 
Solucion numero: 99
21:27:46,543  INFO main:360 - 
Cantidad de bloqueados: 0
21:27:46,543  INFO main:361 - 
Costo: 77700.0
21:27:46,543  INFO main:362 - 
Distancia: 21700.0
21:27:46,543  INFO main:363 - 
Espectro Mayor: 22.0
21:27:46,543  INFO main:364 - 
Fitness: 22.0
21:27:46,544  INFO main:367 - *****************************************************
21:28:33,346  INFO main:357 - *******************Solucion: 28*******************
21:28:33,346  INFO main:358 - Solucion: 28
21:28:33,346  INFO main:359 - 
Solucion numero: 99
21:28:33,346  INFO main:360 - 
Cantidad de bloqueados: 0
21:28:33,346  INFO main:361 - 
Costo: 90000.0
21:28:33,346  INFO main:362 - 
Distancia: 23700.0
21:28:33,346  INFO main:363 - 
Espectro Mayor: 22.0
21:28:33,347  INFO main:364 - 
Fitness: 22.0
21:28:33,347  INFO main:367 - *****************************************************
21:29:23,680  INFO main:357 - *******************Solucion: 29*******************
21:29:23,680  INFO main:358 - Solucion: 29
21:29:23,680  INFO main:359 - 
Solucion numero: 99
21:29:23,680  INFO main:360 - 
Cantidad de bloqueados: 0
21:29:23,680  INFO main:361 - 
Costo: 97900.0
21:29:23,680  INFO main:362 - 
Distancia: 24300.0
21:29:23,681  INFO main:363 - 
Espectro Mayor: 23.0
21:29:23,681  INFO main:364 - 
Fitness: 23.0
21:29:23,681  INFO main:367 - *****************************************************
21:29:23,681  INFO main:370 - Tiempo AGY: 51193.46666666667
21:29:23,681  INFO main:372 - Promedio Final AGY: 22.166666666666668
