00:52:14,301  INFO main:168 - Logueando
00:52:14,344  INFO main:348 - ****************AG RUTAS****************
00:52:14,678  INFO main:362 - *******************Solucion: 0*******************
00:52:14,678  INFO main:363 - Solucion: 0
00:52:14,678  INFO main:364 - 
Solucion numero: 99
00:52:14,678  INFO main:365 - 
Cantidad de bloqueados: 0
00:52:14,678  INFO main:366 - 
Costo: 23700.0
00:52:14,678  INFO main:367 - 
Distancia: 6500.0
00:52:14,679  INFO main:368 - 
Espectro Mayor: 11.0
00:52:14,679  INFO main:369 - 
Fitness: 11.0
00:52:14,679  INFO main:372 - *****************************************************
00:52:14,897  INFO main:362 - *******************Solucion: 1*******************
00:52:14,897  INFO main:363 - Solucion: 1
00:52:14,897  INFO main:364 - 
Solucion numero: 99
00:52:14,898  INFO main:365 - 
Cantidad de bloqueados: 0
00:52:14,898  INFO main:366 - 
Costo: 23700.0
00:52:14,898  INFO main:367 - 
Distancia: 6500.0
00:52:14,898  INFO main:368 - 
Espectro Mayor: 11.0
00:52:14,898  INFO main:369 - 
Fitness: 11.0
00:52:14,898  INFO main:372 - *****************************************************
00:52:15,151  INFO main:362 - *******************Solucion: 2*******************
00:52:15,152  INFO main:363 - Solucion: 2
00:52:15,152  INFO main:364 - 
Solucion numero: 99
00:52:15,152  INFO main:365 - 
Cantidad de bloqueados: 0
00:52:15,152  INFO main:366 - 
Costo: 23700.0
00:52:15,152  INFO main:367 - 
Distancia: 6500.0
00:52:15,152  INFO main:368 - 
Espectro Mayor: 11.0
00:52:15,152  INFO main:369 - 
Fitness: 11.0
00:52:15,153  INFO main:372 - *****************************************************
00:52:15,326  INFO main:362 - *******************Solucion: 3*******************
00:52:15,326  INFO main:363 - Solucion: 3
00:52:15,326  INFO main:364 - 
Solucion numero: 99
00:52:15,326  INFO main:365 - 
Cantidad de bloqueados: 0
00:52:15,327  INFO main:366 - 
Costo: 23700.0
00:52:15,327  INFO main:367 - 
Distancia: 6500.0
00:52:15,327  INFO main:368 - 
Espectro Mayor: 11.0
00:52:15,327  INFO main:369 - 
Fitness: 11.0
00:52:15,327  INFO main:372 - *****************************************************
00:52:15,536  INFO main:362 - *******************Solucion: 4*******************
00:52:15,536  INFO main:363 - Solucion: 4
00:52:15,536  INFO main:364 - 
Solucion numero: 99
00:52:15,536  INFO main:365 - 
Cantidad de bloqueados: 0
00:52:15,536  INFO main:366 - 
Costo: 23700.0
00:52:15,537  INFO main:367 - 
Distancia: 6500.0
00:52:15,537  INFO main:368 - 
Espectro Mayor: 11.0
00:52:15,537  INFO main:369 - 
Fitness: 11.0
00:52:15,537  INFO main:372 - *****************************************************
00:52:15,789  INFO main:362 - *******************Solucion: 5*******************
00:52:15,789  INFO main:363 - Solucion: 5
00:52:15,789  INFO main:364 - 
Solucion numero: 99
00:52:15,789  INFO main:365 - 
Cantidad de bloqueados: 0
00:52:15,789  INFO main:366 - 
Costo: 23700.0
00:52:15,789  INFO main:367 - 
Distancia: 6500.0
00:52:15,789  INFO main:368 - 
Espectro Mayor: 11.0
00:52:15,789  INFO main:369 - 
Fitness: 11.0
00:52:15,789  INFO main:372 - *****************************************************
00:52:15,974  INFO main:362 - *******************Solucion: 6*******************
00:52:15,974  INFO main:363 - Solucion: 6
00:52:15,974  INFO main:364 - 
Solucion numero: 99
00:52:15,974  INFO main:365 - 
Cantidad de bloqueados: 0
00:52:15,975  INFO main:366 - 
Costo: 23700.0
00:52:15,975  INFO main:367 - 
Distancia: 6500.0
00:52:15,975  INFO main:368 - 
Espectro Mayor: 11.0
00:52:15,975  INFO main:369 - 
Fitness: 11.0
00:52:15,975  INFO main:372 - *****************************************************
00:52:16,158  INFO main:362 - *******************Solucion: 7*******************
00:52:16,158  INFO main:363 - Solucion: 7
00:52:16,158  INFO main:364 - 
Solucion numero: 99
00:52:16,158  INFO main:365 - 
Cantidad de bloqueados: 0
00:52:16,159  INFO main:366 - 
Costo: 23700.0
00:52:16,159  INFO main:367 - 
Distancia: 6500.0
00:52:16,159  INFO main:368 - 
Espectro Mayor: 11.0
00:52:16,159  INFO main:369 - 
Fitness: 11.0
00:52:16,159  INFO main:372 - *****************************************************
00:52:16,331  INFO main:362 - *******************Solucion: 8*******************
00:52:16,331  INFO main:363 - Solucion: 8
00:52:16,331  INFO main:364 - 
Solucion numero: 99
00:52:16,331  INFO main:365 - 
Cantidad de bloqueados: 0
00:52:16,331  INFO main:366 - 
Costo: 23700.0
00:52:16,331  INFO main:367 - 
Distancia: 6500.0
00:52:16,332  INFO main:368 - 
Espectro Mayor: 11.0
00:52:16,332  INFO main:369 - 
Fitness: 11.0
00:52:16,332  INFO main:372 - *****************************************************
00:52:16,608  INFO main:362 - *******************Solucion: 9*******************
00:52:16,608  INFO main:363 - Solucion: 9
00:52:16,608  INFO main:364 - 
Solucion numero: 99
00:52:16,608  INFO main:365 - 
Cantidad de bloqueados: 0
00:52:16,608  INFO main:366 - 
Costo: 23700.0
00:52:16,608  INFO main:367 - 
Distancia: 6500.0
00:52:16,608  INFO main:368 - 
Espectro Mayor: 11.0
00:52:16,609  INFO main:369 - 
Fitness: 11.0
00:52:16,609  INFO main:372 - *****************************************************
00:52:16,798  INFO main:362 - *******************Solucion: 10*******************
00:52:16,798  INFO main:363 - Solucion: 10
00:52:16,799  INFO main:364 - 
Solucion numero: 99
00:52:16,799  INFO main:365 - 
Cantidad de bloqueados: 0
00:52:16,799  INFO main:366 - 
Costo: 23700.0
00:52:16,799  INFO main:367 - 
Distancia: 6500.0
00:52:16,799  INFO main:368 - 
Espectro Mayor: 11.0
00:52:16,799  INFO main:369 - 
Fitness: 11.0
00:52:16,799  INFO main:372 - *****************************************************
00:52:16,975  INFO main:362 - *******************Solucion: 11*******************
00:52:16,975  INFO main:363 - Solucion: 11
00:52:16,975  INFO main:364 - 
Solucion numero: 99
00:52:16,975  INFO main:365 - 
Cantidad de bloqueados: 0
00:52:16,975  INFO main:366 - 
Costo: 23700.0
00:52:16,976  INFO main:367 - 
Distancia: 6500.0
00:52:16,976  INFO main:368 - 
Espectro Mayor: 11.0
00:52:16,976  INFO main:369 - 
Fitness: 11.0
00:52:16,976  INFO main:372 - *****************************************************
00:52:17,173  INFO main:362 - *******************Solucion: 12*******************
00:52:17,173  INFO main:363 - Solucion: 12
00:52:17,173  INFO main:364 - 
Solucion numero: 99
00:52:17,173  INFO main:365 - 
Cantidad de bloqueados: 0
00:52:17,173  INFO main:366 - 
Costo: 23700.0
00:52:17,173  INFO main:367 - 
Distancia: 6500.0
00:52:17,173  INFO main:368 - 
Espectro Mayor: 11.0
00:52:17,173  INFO main:369 - 
Fitness: 11.0
00:52:17,173  INFO main:372 - *****************************************************
00:52:17,349  INFO main:362 - *******************Solucion: 13*******************
00:52:17,349  INFO main:363 - Solucion: 13
00:52:17,349  INFO main:364 - 
Solucion numero: 99
00:52:17,349  INFO main:365 - 
Cantidad de bloqueados: 0
00:52:17,349  INFO main:366 - 
Costo: 23700.0
00:52:17,349  INFO main:367 - 
Distancia: 6500.0
00:52:17,349  INFO main:368 - 
Espectro Mayor: 11.0
00:52:17,349  INFO main:369 - 
Fitness: 11.0
00:52:17,349  INFO main:372 - *****************************************************
00:52:17,517  INFO main:362 - *******************Solucion: 14*******************
00:52:17,518  INFO main:363 - Solucion: 14
00:52:17,518  INFO main:364 - 
Solucion numero: 99
00:52:17,518  INFO main:365 - 
Cantidad de bloqueados: 0
00:52:17,518  INFO main:366 - 
Costo: 23700.0
00:52:17,518  INFO main:367 - 
Distancia: 6500.0
00:52:17,518  INFO main:368 - 
Espectro Mayor: 11.0
00:52:17,518  INFO main:369 - 
Fitness: 11.0
00:52:17,518  INFO main:372 - *****************************************************
00:52:17,693  INFO main:362 - *******************Solucion: 15*******************
00:52:17,693  INFO main:363 - Solucion: 15
00:52:17,693  INFO main:364 - 
Solucion numero: 99
00:52:17,693  INFO main:365 - 
Cantidad de bloqueados: 0
00:52:17,693  INFO main:366 - 
Costo: 23700.0
00:52:17,693  INFO main:367 - 
Distancia: 6500.0
00:52:17,694  INFO main:368 - 
Espectro Mayor: 11.0
00:52:17,694  INFO main:369 - 
Fitness: 11.0
00:52:17,694  INFO main:372 - *****************************************************
00:52:17,863  INFO main:362 - *******************Solucion: 16*******************
00:52:17,864  INFO main:363 - Solucion: 16
00:52:17,864  INFO main:364 - 
Solucion numero: 99
00:52:17,864  INFO main:365 - 
Cantidad de bloqueados: 0
00:52:17,864  INFO main:366 - 
Costo: 23700.0
00:52:17,864  INFO main:367 - 
Distancia: 6500.0
00:52:17,864  INFO main:368 - 
Espectro Mayor: 11.0
00:52:17,864  INFO main:369 - 
Fitness: 11.0
00:52:17,864  INFO main:372 - *****************************************************
00:52:18,034  INFO main:362 - *******************Solucion: 17*******************
00:52:18,034  INFO main:363 - Solucion: 17
00:52:18,034  INFO main:364 - 
Solucion numero: 99
00:52:18,034  INFO main:365 - 
Cantidad de bloqueados: 0
00:52:18,034  INFO main:366 - 
Costo: 23700.0
00:52:18,035  INFO main:367 - 
Distancia: 6500.0
00:52:18,035  INFO main:368 - 
Espectro Mayor: 11.0
00:52:18,035  INFO main:369 - 
Fitness: 11.0
00:52:18,035  INFO main:372 - *****************************************************
00:52:18,214  INFO main:362 - *******************Solucion: 18*******************
00:52:18,214  INFO main:363 - Solucion: 18
00:52:18,214  INFO main:364 - 
Solucion numero: 99
00:52:18,214  INFO main:365 - 
Cantidad de bloqueados: 0
00:52:18,214  INFO main:366 - 
Costo: 23700.0
00:52:18,214  INFO main:367 - 
Distancia: 6500.0
00:52:18,214  INFO main:368 - 
Espectro Mayor: 11.0
00:52:18,215  INFO main:369 - 
Fitness: 11.0
00:52:18,215  INFO main:372 - *****************************************************
00:52:18,391  INFO main:362 - *******************Solucion: 19*******************
00:52:18,391  INFO main:363 - Solucion: 19
00:52:18,391  INFO main:364 - 
Solucion numero: 99
00:52:18,391  INFO main:365 - 
Cantidad de bloqueados: 0
00:52:18,391  INFO main:366 - 
Costo: 23700.0
00:52:18,391  INFO main:367 - 
Distancia: 6500.0
00:52:18,392  INFO main:368 - 
Espectro Mayor: 11.0
00:52:18,392  INFO main:369 - 
Fitness: 11.0
00:52:18,392  INFO main:372 - *****************************************************
00:52:18,572  INFO main:362 - *******************Solucion: 20*******************
00:52:18,572  INFO main:363 - Solucion: 20
00:52:18,572  INFO main:364 - 
Solucion numero: 99
00:52:18,572  INFO main:365 - 
Cantidad de bloqueados: 0
00:52:18,573  INFO main:366 - 
Costo: 23700.0
00:52:18,573  INFO main:367 - 
Distancia: 6500.0
00:52:18,573  INFO main:368 - 
Espectro Mayor: 11.0
00:52:18,573  INFO main:369 - 
Fitness: 11.0
00:52:18,573  INFO main:372 - *****************************************************
00:52:18,741  INFO main:362 - *******************Solucion: 21*******************
00:52:18,741  INFO main:363 - Solucion: 21
00:52:18,742  INFO main:364 - 
Solucion numero: 99
00:52:18,742  INFO main:365 - 
Cantidad de bloqueados: 0
00:52:18,742  INFO main:366 - 
Costo: 23700.0
00:52:18,742  INFO main:367 - 
Distancia: 6500.0
00:52:18,742  INFO main:368 - 
Espectro Mayor: 11.0
00:52:18,742  INFO main:369 - 
Fitness: 11.0
00:52:18,742  INFO main:372 - *****************************************************
00:52:18,911  INFO main:362 - *******************Solucion: 22*******************
00:52:18,911  INFO main:363 - Solucion: 22
00:52:18,911  INFO main:364 - 
Solucion numero: 99
00:52:18,911  INFO main:365 - 
Cantidad de bloqueados: 0
00:52:18,911  INFO main:366 - 
Costo: 23700.0
00:52:18,911  INFO main:367 - 
Distancia: 6500.0
00:52:18,912  INFO main:368 - 
Espectro Mayor: 11.0
00:52:18,912  INFO main:369 - 
Fitness: 11.0
00:52:18,912  INFO main:372 - *****************************************************
00:52:19,124  INFO main:362 - *******************Solucion: 23*******************
00:52:19,125  INFO main:363 - Solucion: 23
00:52:19,125  INFO main:364 - 
Solucion numero: 99
00:52:19,125  INFO main:365 - 
Cantidad de bloqueados: 0
00:52:19,125  INFO main:366 - 
Costo: 23700.0
00:52:19,125  INFO main:367 - 
Distancia: 6500.0
00:52:19,125  INFO main:368 - 
Espectro Mayor: 11.0
00:52:19,125  INFO main:369 - 
Fitness: 11.0
00:52:19,125  INFO main:372 - *****************************************************
00:52:19,303  INFO main:362 - *******************Solucion: 24*******************
00:52:19,303  INFO main:363 - Solucion: 24
00:52:19,303  INFO main:364 - 
Solucion numero: 99
00:52:19,303  INFO main:365 - 
Cantidad de bloqueados: 0
00:52:19,303  INFO main:366 - 
Costo: 23700.0
00:52:19,304  INFO main:367 - 
Distancia: 6500.0
00:52:19,304  INFO main:368 - 
Espectro Mayor: 11.0
00:52:19,304  INFO main:369 - 
Fitness: 11.0
00:52:19,304  INFO main:372 - *****************************************************
00:52:19,489  INFO main:362 - *******************Solucion: 25*******************
00:52:19,489  INFO main:363 - Solucion: 25
00:52:19,490  INFO main:364 - 
Solucion numero: 99
00:52:19,490  INFO main:365 - 
Cantidad de bloqueados: 0
00:52:19,490  INFO main:366 - 
Costo: 23700.0
00:52:19,490  INFO main:367 - 
Distancia: 6500.0
00:52:19,490  INFO main:368 - 
Espectro Mayor: 11.0
00:52:19,490  INFO main:369 - 
Fitness: 11.0
00:52:19,490  INFO main:372 - *****************************************************
00:52:19,671  INFO main:362 - *******************Solucion: 26*******************
00:52:19,671  INFO main:363 - Solucion: 26
00:52:19,671  INFO main:364 - 
Solucion numero: 99
00:52:19,671  INFO main:365 - 
Cantidad de bloqueados: 0
00:52:19,671  INFO main:366 - 
Costo: 23700.0
00:52:19,671  INFO main:367 - 
Distancia: 6500.0
00:52:19,671  INFO main:368 - 
Espectro Mayor: 11.0
00:52:19,671  INFO main:369 - 
Fitness: 11.0
00:52:19,672  INFO main:372 - *****************************************************
00:52:19,866  INFO main:362 - *******************Solucion: 27*******************
00:52:19,867  INFO main:363 - Solucion: 27
00:52:19,867  INFO main:364 - 
Solucion numero: 99
00:52:19,867  INFO main:365 - 
Cantidad de bloqueados: 0
00:52:19,867  INFO main:366 - 
Costo: 23700.0
00:52:19,867  INFO main:367 - 
Distancia: 6500.0
00:52:19,867  INFO main:368 - 
Espectro Mayor: 11.0
00:52:19,867  INFO main:369 - 
Fitness: 11.0
00:52:19,867  INFO main:372 - *****************************************************
00:52:20,049  INFO main:362 - *******************Solucion: 28*******************
00:52:20,050  INFO main:363 - Solucion: 28
00:52:20,050  INFO main:364 - 
Solucion numero: 99
00:52:20,050  INFO main:365 - 
Cantidad de bloqueados: 0
00:52:20,050  INFO main:366 - 
Costo: 23700.0
00:52:20,050  INFO main:367 - 
Distancia: 6500.0
00:52:20,050  INFO main:368 - 
Espectro Mayor: 11.0
00:52:20,050  INFO main:369 - 
Fitness: 11.0
00:52:20,050  INFO main:372 - *****************************************************
00:52:20,223  INFO main:362 - *******************Solucion: 29*******************
00:52:20,223  INFO main:363 - Solucion: 29
00:52:20,223  INFO main:364 - 
Solucion numero: 99
00:52:20,223  INFO main:365 - 
Cantidad de bloqueados: 0
00:52:20,223  INFO main:366 - 
Costo: 23700.0
00:52:20,223  INFO main:367 - 
Distancia: 6500.0
00:52:20,223  INFO main:368 - 
Espectro Mayor: 11.0
00:52:20,223  INFO main:369 - 
Fitness: 11.0
00:52:20,223  INFO main:372 - *****************************************************
00:52:20,224  INFO main:375 - Tiempo AGY: 194.96666666666667
00:52:20,224  INFO main:377 - Promedio Final AGY: 11.0
