22:53:57,989  INFO main:168 - Logueando
22:54:53,158  INFO main:361 - ****************Corrida 0 ************************
22:54:53,159  INFO main:362 - Fitness solucion: 25.0
22:54:53,159  INFO main:363 - Indice: 27
22:54:53,159  INFO main:364 - Generacion: 2
22:54:53,160  INFO main:374 - Individuo Solucion: {52,7,45,30,17,41,19,44,12,1,50,24,2,15,5,4,14,13,40,9,51,59,26,23,21,29,34,3,18,55,32,42,47,28,8,39,20,27,0,54,31,16,25,53,6,38,46,48,43,58,49,36,10,56,37,22,57,11,33,35}

22:54:53,160  INFO main:375 - *****************************************************
22:54:53,624  INFO main:361 - ****************Corrida 1 ************************
22:54:53,624  INFO main:362 - Fitness solucion: 26.0
22:54:53,624  INFO main:363 - Indice: 27
22:54:53,624  INFO main:364 - Generacion: 0
22:54:53,625  INFO main:374 - Individuo Solucion: {54,49,57,17,50,38,34,52,33,0,9,4,39,55,8,23,12,19,2,30,24,20,28,42,40,14,18,32,22,35,21,47,56,26,3,16,1,5,43,10,58,44,15,46,59,27,31,48,11,41,29,51,6,37,25,53,7,36,45,13}

22:54:53,625  INFO main:375 - *****************************************************
22:54:54,060  INFO main:361 - ****************Corrida 2 ************************
22:54:54,060  INFO main:362 - Fitness solucion: 25.0
22:54:54,060  INFO main:363 - Indice: 30
22:54:54,061  INFO main:364 - Generacion: 0
22:54:54,061  INFO main:374 - Individuo Solucion: {28,1,51,55,58,39,12,13,16,17,4,9,8,0,40,31,25,53,15,7,29,19,47,37,23,33,38,32,11,3,57,35,2,43,18,6,36,21,50,22,52,42,41,49,45,46,26,54,5,56,20,30,34,14,48,24,10,44,27,59}

22:54:54,061  INFO main:375 - *****************************************************
22:54:54,493  INFO main:361 - ****************Corrida 3 ************************
22:54:54,494  INFO main:362 - Fitness solucion: 26.0
22:54:54,494  INFO main:363 - Indice: 29
22:54:54,494  INFO main:364 - Generacion: 1
22:54:54,494  INFO main:374 - Individuo Solucion: {53,46,16,54,4,8,32,55,57,27,39,24,13,40,14,19,26,29,52,17,0,37,12,58,11,59,10,34,15,25,35,7,47,56,44,31,2,9,42,18,21,48,5,38,23,20,6,1,43,51,45,22,41,33,49,50,28,3,30,36}

22:54:54,494  INFO main:375 - *****************************************************
22:54:54,939  INFO main:361 - ****************Corrida 4 ************************
22:54:54,939  INFO main:362 - Fitness solucion: 25.0
22:54:54,939  INFO main:363 - Indice: 30
22:54:54,939  INFO main:364 - Generacion: 0
22:54:54,939  INFO main:374 - Individuo Solucion: {55,56,59,13,50,33,0,29,2,48,51,22,10,53,5,17,16,58,14,18,24,25,8,37,19,34,44,1,30,27,45,46,43,39,36,15,38,41,52,47,40,4,3,49,7,42,32,35,54,23,6,31,20,9,28,12,26,11,57,21}

22:54:54,940  INFO main:375 - *****************************************************
22:54:55,410  INFO main:361 - ****************Corrida 5 ************************
22:54:55,411  INFO main:362 - Fitness solucion: 26.0
22:54:55,411  INFO main:363 - Indice: 27
22:54:55,411  INFO main:364 - Generacion: 0
22:54:55,411  INFO main:374 - Individuo Solucion: {40,32,0,14,21,2,29,19,10,56,52,20,58,49,11,1,42,53,13,30,37,45,54,4,35,7,17,36,38,28,39,27,16,3,12,8,48,25,41,31,34,33,55,18,59,22,15,47,44,5,43,23,51,26,46,6,57,50,24,9}

22:54:55,411  INFO main:375 - *****************************************************
22:54:55,843  INFO main:361 - ****************Corrida 6 ************************
22:54:55,843  INFO main:362 - Fitness solucion: 26.0
22:54:55,843  INFO main:363 - Indice: 30
22:54:55,844  INFO main:364 - Generacion: 0
22:54:55,844  INFO main:374 - Individuo Solucion: {1,57,55,13,30,16,21,0,53,17,8,58,33,50,43,28,14,32,49,10,46,36,39,12,4,19,34,7,3,11,48,51,2,15,37,45,47,44,52,40,24,23,42,18,6,59,27,38,35,29,54,41,5,20,9,26,22,25,31,56}

22:54:55,844  INFO main:375 - *****************************************************
22:54:56,285  INFO main:361 - ****************Corrida 7 ************************
22:54:56,285  INFO main:362 - Fitness solucion: 25.0
22:54:56,285  INFO main:363 - Indice: 27
22:54:56,286  INFO main:364 - Generacion: 0
22:54:56,286  INFO main:374 - Individuo Solucion: {38,14,35,5,45,52,19,17,43,4,13,55,16,15,3,22,57,8,36,0,42,18,34,28,47,6,20,9,7,58,50,33,37,51,24,54,25,23,59,2,32,26,1,12,29,27,11,40,39,30,41,31,46,49,21,44,48,10,56,53}

22:54:56,286  INFO main:375 - *****************************************************
22:54:56,770  INFO main:361 - ****************Corrida 8 ************************
22:54:56,771  INFO main:362 - Fitness solucion: 25.0
22:54:56,771  INFO main:363 - Indice: 27
22:54:56,771  INFO main:364 - Generacion: 0
22:54:56,771  INFO main:374 - Individuo Solucion: {0,48,5,16,3,12,18,13,2,29,15,7,41,22,11,10,9,31,17,58,35,50,43,36,20,44,49,51,27,21,33,42,14,28,39,19,4,25,40,47,59,54,37,52,23,30,6,8,46,26,32,38,1,45,53,34,24,55,57,56}

22:54:56,772  INFO main:375 - *****************************************************
22:54:57,228  INFO main:361 - ****************Corrida 9 ************************
22:54:57,228  INFO main:362 - Fitness solucion: 25.0
22:54:57,228  INFO main:363 - Indice: 27
22:54:57,228  INFO main:364 - Generacion: 2
22:54:57,229  INFO main:374 - Individuo Solucion: {32,16,1,33,34,5,7,11,30,3,53,29,8,23,22,41,42,18,59,13,17,24,49,31,19,45,15,54,38,39,10,37,57,47,4,21,27,6,50,12,44,52,14,36,0,58,9,25,28,2,26,48,40,51,35,46,56,20,43,55}

22:54:57,229  INFO main:375 - *****************************************************
22:54:57,661  INFO main:361 - ****************Corrida 10 ************************
22:54:57,661  INFO main:362 - Fitness solucion: 26.0
22:54:57,661  INFO main:363 - Indice: 32
22:54:57,661  INFO main:364 - Generacion: 0
22:54:57,661  INFO main:374 - Individuo Solucion: {31,38,42,9,18,59,1,36,6,4,43,46,16,52,29,39,13,45,24,11,8,57,15,0,7,33,2,14,32,17,30,19,23,34,27,56,47,21,40,51,50,54,53,20,3,5,37,25,35,28,41,55,44,58,10,22,12,26,49,48}

22:54:57,662  INFO main:375 - *****************************************************
22:54:58,096  INFO main:361 - ****************Corrida 11 ************************
22:54:58,097  INFO main:362 - Fitness solucion: 26.0
22:54:58,097  INFO main:363 - Indice: 28
22:54:58,099  INFO main:364 - Generacion: 0
22:54:58,100  INFO main:374 - Individuo Solucion: {3,53,38,15,35,46,10,11,58,7,16,36,8,9,0,48,13,56,49,5,57,37,55,1,42,23,27,19,12,18,43,22,59,30,29,28,41,2,21,17,47,25,34,4,52,32,51,20,50,44,54,33,26,45,40,31,14,24,6,39}

22:54:58,100  INFO main:375 - *****************************************************
22:54:58,532  INFO main:361 - ****************Corrida 12 ************************
22:54:58,532  INFO main:362 - Fitness solucion: 25.0
22:54:58,532  INFO main:363 - Indice: 30
22:54:58,532  INFO main:364 - Generacion: 0
22:54:58,532  INFO main:374 - Individuo Solucion: {45,0,53,19,54,8,50,10,2,5,55,57,3,1,59,21,58,48,39,40,44,37,17,49,16,13,12,4,28,35,30,36,18,7,43,26,22,56,42,24,20,52,9,32,29,33,14,11,34,31,46,23,51,27,38,41,15,47,6,25}

22:54:58,533  INFO main:375 - *****************************************************
22:54:58,960  INFO main:361 - ****************Corrida 13 ************************
22:54:58,960  INFO main:362 - Fitness solucion: 25.0
22:54:58,960  INFO main:363 - Indice: 28
22:54:58,960  INFO main:364 - Generacion: 0
22:54:58,960  INFO main:374 - Individuo Solucion: {28,0,39,4,42,2,17,40,31,1,29,15,3,12,56,14,34,25,59,18,11,47,19,37,45,20,27,16,36,22,21,5,33,8,52,53,26,51,46,7,35,24,44,13,23,54,38,50,43,6,49,48,58,9,57,32,55,30,10,41}

22:54:58,960  INFO main:375 - *****************************************************
22:54:59,387  INFO main:361 - ****************Corrida 14 ************************
22:54:59,387  INFO main:362 - Fitness solucion: 25.0
22:54:59,387  INFO main:363 - Indice: 27
22:54:59,387  INFO main:364 - Generacion: 0
22:54:59,388  INFO main:374 - Individuo Solucion: {10,14,53,3,17,1,44,37,8,57,59,54,24,5,11,46,13,9,29,48,20,45,16,35,0,21,19,25,40,34,27,31,15,58,12,23,4,42,2,47,33,28,39,22,36,32,43,52,50,41,56,55,30,7,18,6,38,51,49,26}

22:54:59,388  INFO main:375 - *****************************************************
22:54:59,813  INFO main:361 - ****************Corrida 15 ************************
22:54:59,814  INFO main:362 - Fitness solucion: 26.0
22:54:59,814  INFO main:363 - Indice: 28
22:54:59,814  INFO main:364 - Generacion: 1
22:54:59,814  INFO main:374 - Individuo Solucion: {59,11,14,7,8,52,30,58,24,40,19,43,57,27,26,0,18,31,1,2,9,32,37,22,20,38,33,21,39,23,51,48,36,42,56,15,3,35,29,13,45,55,49,28,10,47,6,41,46,16,5,44,50,54,12,53,17,25,4,34}

22:54:59,814  INFO main:375 - *****************************************************
22:55:00,249  INFO main:361 - ****************Corrida 16 ************************
22:55:00,249  INFO main:362 - Fitness solucion: 25.0
22:55:00,249  INFO main:363 - Indice: 30
22:55:00,249  INFO main:364 - Generacion: 4
22:55:00,250  INFO main:374 - Individuo Solucion: {19,13,9,0,4,42,7,39,17,6,21,52,58,59,48,12,20,32,28,18,8,37,14,16,34,43,15,25,57,35,3,44,1,2,50,11,29,24,30,5,36,53,23,47,49,10,22,54,27,56,45,46,31,26,40,51,55,38,33,41}

22:55:00,250  INFO main:375 - *****************************************************
22:55:00,676  INFO main:361 - ****************Corrida 17 ************************
22:55:00,676  INFO main:362 - Fitness solucion: 25.0
22:55:00,677  INFO main:363 - Indice: 27
22:55:00,677  INFO main:364 - Generacion: 2
22:55:00,677  INFO main:374 - Individuo Solucion: {51,2,48,6,31,35,22,45,15,12,49,16,8,59,18,56,21,5,3,29,53,24,9,25,10,23,38,44,11,57,1,19,17,13,54,0,14,47,46,37,55,40,7,36,26,34,42,41,27,4,58,50,30,33,43,39,52,20,28,32}

22:55:00,677  INFO main:375 - *****************************************************
22:55:01,114  INFO main:361 - ****************Corrida 18 ************************
22:55:01,114  INFO main:362 - Fitness solucion: 25.0
22:55:01,115  INFO main:363 - Indice: 29
22:55:01,115  INFO main:364 - Generacion: 1
22:55:01,115  INFO main:374 - Individuo Solucion: {11,16,8,54,19,28,12,23,57,4,10,37,0,59,27,21,13,15,42,36,29,14,49,1,34,3,51,20,41,45,33,43,17,24,47,7,9,25,5,50,26,22,39,31,6,46,35,38,32,2,40,30,18,53,56,55,48,52,44,58}

22:55:01,115  INFO main:375 - *****************************************************
22:55:01,541  INFO main:361 - ****************Corrida 19 ************************
22:55:01,542  INFO main:362 - Fitness solucion: 26.0
22:55:01,542  INFO main:363 - Indice: 27
22:55:01,542  INFO main:364 - Generacion: 0
22:55:01,542  INFO main:374 - Individuo Solucion: {55,19,1,2,12,39,10,14,15,27,6,11,37,7,9,5,51,33,34,56,29,36,50,4,8,49,35,54,46,17,23,30,59,40,48,20,24,13,41,57,18,32,58,42,31,22,3,0,53,43,52,28,38,47,26,45,44,16,21,25}

22:55:01,542  INFO main:375 - *****************************************************
22:55:01,968  INFO main:361 - ****************Corrida 20 ************************
22:55:01,969  INFO main:362 - Fitness solucion: 26.0
22:55:01,969  INFO main:363 - Indice: 28
22:55:01,969  INFO main:364 - Generacion: 0
22:55:01,969  INFO main:374 - Individuo Solucion: {10,42,36,6,13,9,46,41,19,54,21,2,58,8,24,0,44,26,5,39,22,4,29,55,17,45,1,51,38,15,7,52,34,59,31,56,16,18,23,27,50,28,32,30,48,40,14,57,3,35,25,49,47,33,12,43,20,11,53,37}

22:55:01,969  INFO main:375 - *****************************************************
22:55:02,416  INFO main:361 - ****************Corrida 21 ************************
22:55:02,416  INFO main:362 - Fitness solucion: 25.0
22:55:02,416  INFO main:363 - Indice: 30
22:55:02,416  INFO main:364 - Generacion: 1
22:55:02,416  INFO main:374 - Individuo Solucion: {25,36,6,41,3,58,7,33,18,14,0,5,19,15,35,52,9,13,37,12,27,48,8,11,16,57,56,39,29,20,55,53,10,44,30,17,2,38,34,21,45,31,49,28,4,47,50,42,23,1,40,54,22,26,46,32,51,43,24,59}

22:55:02,416  INFO main:375 - *****************************************************
22:55:02,843  INFO main:361 - ****************Corrida 22 ************************
22:55:02,843  INFO main:362 - Fitness solucion: 25.0
22:55:02,843  INFO main:363 - Indice: 27
22:55:02,843  INFO main:364 - Generacion: 3
22:55:02,843  INFO main:374 - Individuo Solucion: {13,21,7,45,5,1,25,12,38,0,29,33,19,55,54,8,44,24,11,49,17,35,31,15,50,10,14,47,30,39,22,9,51,16,27,23,42,43,36,48,32,53,41,56,57,20,26,18,28,52,58,4,37,40,2,46,3,6,34,59}

22:55:02,843  INFO main:375 - *****************************************************
22:55:03,270  INFO main:361 - ****************Corrida 23 ************************
22:55:03,270  INFO main:362 - Fitness solucion: 25.0
22:55:03,270  INFO main:363 - Indice: 27
22:55:03,270  INFO main:364 - Generacion: 2
22:55:03,270  INFO main:374 - Individuo Solucion: {55,7,53,15,9,37,12,14,17,10,50,26,38,18,41,43,13,4,48,3,2,11,16,25,22,21,42,24,0,34,19,47,31,46,32,29,6,33,35,36,30,45,56,20,8,52,23,39,27,1,44,54,58,57,49,40,28,59,51,5}

22:55:03,271  INFO main:375 - *****************************************************
22:55:03,699  INFO main:361 - ****************Corrida 24 ************************
22:55:03,700  INFO main:362 - Fitness solucion: 25.0
22:55:03,700  INFO main:363 - Indice: 27
22:55:03,700  INFO main:364 - Generacion: 0
22:55:03,700  INFO main:374 - Individuo Solucion: {11,7,22,4,44,12,10,0,13,3,14,16,45,8,29,37,23,57,32,56,21,2,17,19,42,50,1,55,48,18,25,49,58,47,52,41,24,6,20,15,59,54,34,5,43,33,31,35,30,27,36,40,38,39,51,9,26,46,53,28}

22:55:03,700  INFO main:375 - *****************************************************
22:55:04,128  INFO main:361 - ****************Corrida 25 ************************
22:55:04,128  INFO main:362 - Fitness solucion: 25.0
22:55:04,128  INFO main:363 - Indice: 31
22:55:04,128  INFO main:364 - Generacion: 0
22:55:04,128  INFO main:374 - Individuo Solucion: {3,9,30,38,48,26,8,37,19,13,5,43,27,22,2,21,12,39,24,52,31,4,59,15,50,17,14,10,18,34,33,7,42,56,54,32,57,23,1,47,55,46,28,11,16,45,51,25,29,53,49,36,6,0,41,35,20,40,58,44}

22:55:04,128  INFO main:375 - *****************************************************
22:55:04,556  INFO main:361 - ****************Corrida 26 ************************
22:55:04,556  INFO main:362 - Fitness solucion: 26.0
22:55:04,557  INFO main:363 - Indice: 30
22:55:04,557  INFO main:364 - Generacion: 0
22:55:04,557  INFO main:374 - Individuo Solucion: {8,6,49,15,57,50,14,35,25,37,24,45,2,3,43,58,11,51,38,4,13,16,23,34,5,56,32,36,20,19,42,40,55,1,28,22,27,53,39,48,59,29,12,54,46,17,7,10,41,31,18,47,30,0,26,33,9,52,44,21}

22:55:04,557  INFO main:375 - *****************************************************
22:55:04,986  INFO main:361 - ****************Corrida 27 ************************
22:55:04,986  INFO main:362 - Fitness solucion: 25.0
22:55:04,986  INFO main:363 - Indice: 30
22:55:04,987  INFO main:364 - Generacion: 0
22:55:04,987  INFO main:374 - Individuo Solucion: {8,58,0,44,20,7,13,2,55,10,29,5,36,43,48,6,14,49,45,37,50,11,23,1,28,19,17,52,25,22,26,42,21,9,12,16,15,51,18,27,35,53,56,30,31,59,40,41,33,4,57,39,3,46,54,47,38,24,34,32}

22:55:04,987  INFO main:375 - *****************************************************
22:55:05,425  INFO main:361 - ****************Corrida 28 ************************
22:55:05,425  INFO main:362 - Fitness solucion: 25.0
22:55:05,426  INFO main:363 - Indice: 30
22:55:05,426  INFO main:364 - Generacion: 0
22:55:05,426  INFO main:374 - Individuo Solucion: {39,13,16,12,15,36,56,10,55,28,45,33,19,32,1,14,47,26,29,43,58,6,4,41,31,37,18,5,11,9,59,57,51,7,42,2,53,34,30,3,23,35,21,27,22,24,49,0,54,38,52,44,46,48,20,8,50,25,17,40}

22:55:05,426  INFO main:375 - *****************************************************
22:55:05,850  INFO main:361 - ****************Corrida 29 ************************
22:55:05,850  INFO main:362 - Fitness solucion: 25.0
22:55:05,850  INFO main:363 - Indice: 28
22:55:05,850  INFO main:364 - Generacion: 1
22:55:05,850  INFO main:374 - Individuo Solucion: {3,56,9,33,53,28,16,8,50,57,21,51,13,1,48,59,19,15,11,24,10,22,18,35,41,14,58,34,52,30,45,27,47,6,46,40,38,2,37,23,26,12,17,55,54,39,25,36,32,42,4,29,31,7,0,20,43,49,5,44}

22:55:05,850  INFO main:375 - *****************************************************
22:55:05,850  INFO main:377 - Tiempo AGP: 487
22:55:05,850  INFO main:378 - Promedio Final: 25
22:55:05,850  INFO main:379 - Promedio Generaciones: 0
22:55:05,850  INFO main:381 - *****************Resultados********************
22:55:05,851  INFO main:383 - result: 25.0
22:55:05,851  INFO main:383 - result: 26.0
22:55:05,851  INFO main:383 - result: 25.0
22:55:05,851  INFO main:383 - result: 26.0
22:55:05,851  INFO main:383 - result: 25.0
22:55:05,851  INFO main:383 - result: 26.0
22:55:05,851  INFO main:383 - result: 26.0
22:55:05,851  INFO main:383 - result: 25.0
22:55:05,851  INFO main:383 - result: 25.0
22:55:05,852  INFO main:383 - result: 25.0
22:55:05,852  INFO main:383 - result: 26.0
22:55:05,852  INFO main:383 - result: 26.0
22:55:05,852  INFO main:383 - result: 25.0
22:55:05,852  INFO main:383 - result: 25.0
22:55:05,852  INFO main:383 - result: 25.0
22:55:05,852  INFO main:383 - result: 26.0
22:55:05,852  INFO main:383 - result: 25.0
22:55:05,852  INFO main:383 - result: 25.0
22:55:05,852  INFO main:383 - result: 25.0
22:55:05,853  INFO main:383 - result: 26.0
22:55:05,853  INFO main:383 - result: 26.0
22:55:05,853  INFO main:383 - result: 25.0
22:55:05,853  INFO main:383 - result: 25.0
22:55:05,853  INFO main:383 - result: 25.0
22:55:05,853  INFO main:383 - result: 25.0
22:55:05,853  INFO main:383 - result: 25.0
22:55:05,853  INFO main:383 - result: 26.0
22:55:05,853  INFO main:383 - result: 25.0
22:55:05,853  INFO main:383 - result: 25.0
22:55:05,853  INFO main:383 - result: 25.0
22:55:05,853  INFO main:385 - *****************Generaciones********************
22:55:05,854  INFO main:387 - Generacion: 0
22:55:05,854  INFO main:387 - Generacion: 0
22:55:05,854  INFO main:387 - Generacion: 0
22:55:05,854  INFO main:387 - Generacion: 0
22:55:05,854  INFO main:387 - Generacion: 0
22:55:05,854  INFO main:387 - Generacion: 0
22:55:05,854  INFO main:387 - Generacion: 0
22:55:05,854  INFO main:387 - Generacion: 0
22:55:05,854  INFO main:387 - Generacion: 0
22:55:05,854  INFO main:387 - Generacion: 0
22:55:05,854  INFO main:387 - Generacion: 0
22:55:05,855  INFO main:387 - Generacion: 0
22:55:05,855  INFO main:387 - Generacion: 0
22:55:05,855  INFO main:387 - Generacion: 0
22:55:05,855  INFO main:387 - Generacion: 0
22:55:05,855  INFO main:387 - Generacion: 0
22:55:05,855  INFO main:387 - Generacion: 0
22:55:05,856  INFO main:387 - Generacion: 0
22:55:05,856  INFO main:387 - Generacion: 0
22:55:05,856  INFO main:387 - Generacion: 0
22:55:05,856  INFO main:387 - Generacion: 0
22:55:05,856  INFO main:387 - Generacion: 0
22:55:05,856  INFO main:387 - Generacion: 0
22:55:05,856  INFO main:387 - Generacion: 0
22:55:05,856  INFO main:387 - Generacion: 0
22:55:05,857  INFO main:387 - Generacion: 0
22:55:05,857  INFO main:387 - Generacion: 0
22:55:05,857  INFO main:387 - Generacion: 0
22:55:05,857  INFO main:387 - Generacion: 0
22:55:05,857  INFO main:387 - Generacion: 0
