17:04:40,034  INFO main:168 - Logueando
17:04:40,084  INFO main:387 - ****************AG PERMUTACION****************
17:04:40,756  INFO main:399 - ****************Corrida 0 ************************
17:04:40,756  INFO main:400 - Fitness solucion: 14.0
17:04:40,756  INFO main:401 - Indice: 14
17:04:40,756  INFO main:402 - Generacion: 0
17:04:40,756  INFO main:403 - Rechazados: 15
17:04:40,756  INFO main:413 - Individuo Solucion: {13,8,7,5,2,1,3,12,9,14,6,11,10,0,4}

17:04:40,757  INFO main:414 - *****************************************************
17:04:41,003  INFO main:399 - ****************Corrida 1 ************************
17:04:41,003  INFO main:400 - Fitness solucion: 14.0
17:04:41,004  INFO main:401 - Indice: 14
17:04:41,004  INFO main:402 - Generacion: 0
17:04:41,004  INFO main:403 - Rechazados: 15
17:04:41,004  INFO main:413 - Individuo Solucion: {12,8,13,1,2,11,0,9,5,4,7,3,6,14,10}

17:04:41,004  INFO main:414 - *****************************************************
17:04:41,100  INFO main:399 - ****************Corrida 2 ************************
17:04:41,100  INFO main:400 - Fitness solucion: 14.0
17:04:41,100  INFO main:401 - Indice: 17
17:04:41,100  INFO main:402 - Generacion: 0
17:04:41,100  INFO main:403 - Rechazados: 15
17:04:41,100  INFO main:413 - Individuo Solucion: {8,4,11,3,14,6,12,7,1,2,0,5,9,13,10}

17:04:41,100  INFO main:414 - *****************************************************
17:04:41,168  INFO main:399 - ****************Corrida 3 ************************
17:04:41,168  INFO main:400 - Fitness solucion: 14.0
17:04:41,168  INFO main:401 - Indice: 14
17:04:41,168  INFO main:402 - Generacion: 0
17:04:41,168  INFO main:403 - Rechazados: 15
17:04:41,168  INFO main:413 - Individuo Solucion: {14,0,4,12,6,11,1,3,10,5,7,2,8,13,9}

17:04:41,169  INFO main:414 - *****************************************************
17:04:41,230  INFO main:399 - ****************Corrida 4 ************************
17:04:41,230  INFO main:400 - Fitness solucion: 14.0
17:04:41,230  INFO main:401 - Indice: 14
17:04:41,230  INFO main:402 - Generacion: 0
17:04:41,230  INFO main:403 - Rechazados: 15
17:04:41,230  INFO main:413 - Individuo Solucion: {3,7,5,6,8,0,2,14,13,4,12,11,9,10,1}

17:04:41,230  INFO main:414 - *****************************************************
17:04:41,292  INFO main:399 - ****************Corrida 5 ************************
17:04:41,292  INFO main:400 - Fitness solucion: 14.0
17:04:41,292  INFO main:401 - Indice: 17
17:04:41,292  INFO main:402 - Generacion: 0
17:04:41,292  INFO main:403 - Rechazados: 15
17:04:41,292  INFO main:413 - Individuo Solucion: {12,3,11,5,14,13,4,1,8,7,2,0,10,6,9}

17:04:41,293  INFO main:414 - *****************************************************
17:04:41,354  INFO main:399 - ****************Corrida 6 ************************
17:04:41,354  INFO main:400 - Fitness solucion: 14.0
17:04:41,354  INFO main:401 - Indice: 14
17:04:41,354  INFO main:402 - Generacion: 0
17:04:41,354  INFO main:403 - Rechazados: 15
17:04:41,354  INFO main:413 - Individuo Solucion: {7,3,0,1,10,4,5,6,9,12,14,2,8,11,13}

17:04:41,354  INFO main:414 - *****************************************************
17:04:41,419  INFO main:399 - ****************Corrida 7 ************************
17:04:41,419  INFO main:400 - Fitness solucion: 14.0
17:04:41,419  INFO main:401 - Indice: 14
17:04:41,419  INFO main:402 - Generacion: 0
17:04:41,419  INFO main:403 - Rechazados: 15
17:04:41,419  INFO main:413 - Individuo Solucion: {0,2,7,8,12,1,3,6,14,9,10,5,11,4,13}

17:04:41,419  INFO main:414 - *****************************************************
17:04:41,480  INFO main:399 - ****************Corrida 8 ************************
17:04:41,480  INFO main:400 - Fitness solucion: 14.0
17:04:41,481  INFO main:401 - Indice: 14
17:04:41,481  INFO main:402 - Generacion: 0
17:04:41,481  INFO main:403 - Rechazados: 15
17:04:41,481  INFO main:413 - Individuo Solucion: {14,4,0,1,8,7,6,11,5,10,13,12,3,9,2}

17:04:41,481  INFO main:414 - *****************************************************
17:04:41,543  INFO main:399 - ****************Corrida 9 ************************
17:04:41,544  INFO main:400 - Fitness solucion: 14.0
17:04:41,544  INFO main:401 - Indice: 14
17:04:41,544  INFO main:402 - Generacion: 0
17:04:41,544  INFO main:403 - Rechazados: 15
17:04:41,544  INFO main:413 - Individuo Solucion: {1,13,4,14,9,0,7,12,8,5,2,3,6,11,10}

17:04:41,544  INFO main:414 - *****************************************************
17:04:41,618  INFO main:399 - ****************Corrida 10 ************************
17:04:41,618  INFO main:400 - Fitness solucion: 14.0
17:04:41,618  INFO main:401 - Indice: 17
17:04:41,618  INFO main:402 - Generacion: 0
17:04:41,618  INFO main:403 - Rechazados: 15
17:04:41,618  INFO main:413 - Individuo Solucion: {0,5,14,2,3,10,8,12,4,13,6,7,11,9,1}

17:04:41,618  INFO main:414 - *****************************************************
17:04:41,679  INFO main:399 - ****************Corrida 11 ************************
17:04:41,679  INFO main:400 - Fitness solucion: 14.0
17:04:41,679  INFO main:401 - Indice: 14
17:04:41,679  INFO main:402 - Generacion: 0
17:04:41,679  INFO main:403 - Rechazados: 15
17:04:41,679  INFO main:413 - Individuo Solucion: {0,2,8,6,5,11,4,12,10,13,9,3,7,14,1}

17:04:41,679  INFO main:414 - *****************************************************
17:04:41,741  INFO main:399 - ****************Corrida 12 ************************
17:04:41,742  INFO main:400 - Fitness solucion: 14.0
17:04:41,742  INFO main:401 - Indice: 14
17:04:41,742  INFO main:402 - Generacion: 0
17:04:41,742  INFO main:403 - Rechazados: 15
17:04:41,742  INFO main:413 - Individuo Solucion: {1,4,3,9,8,0,2,5,12,10,11,7,13,14,6}

17:04:41,742  INFO main:414 - *****************************************************
17:04:41,803  INFO main:399 - ****************Corrida 13 ************************
17:04:41,803  INFO main:400 - Fitness solucion: 14.0
17:04:41,804  INFO main:401 - Indice: 14
17:04:41,804  INFO main:402 - Generacion: 0
17:04:41,804  INFO main:403 - Rechazados: 15
17:04:41,804  INFO main:413 - Individuo Solucion: {1,12,4,5,9,0,8,11,6,2,13,10,3,7,14}

17:04:41,804  INFO main:414 - *****************************************************
17:04:41,865  INFO main:399 - ****************Corrida 14 ************************
17:04:41,866  INFO main:400 - Fitness solucion: 14.0
17:04:41,866  INFO main:401 - Indice: 17
17:04:41,866  INFO main:402 - Generacion: 0
17:04:41,866  INFO main:403 - Rechazados: 15
17:04:41,866  INFO main:413 - Individuo Solucion: {3,9,1,12,2,5,4,10,11,14,0,8,7,6,13}

17:04:41,866  INFO main:414 - *****************************************************
17:04:41,927  INFO main:399 - ****************Corrida 15 ************************
17:04:41,927  INFO main:400 - Fitness solucion: 14.0
17:04:41,927  INFO main:401 - Indice: 14
17:04:41,927  INFO main:402 - Generacion: 0
17:04:41,927  INFO main:403 - Rechazados: 15
17:04:41,928  INFO main:413 - Individuo Solucion: {7,11,9,2,13,10,14,0,12,6,3,8,5,1,4}

17:04:41,928  INFO main:414 - *****************************************************
17:04:41,988  INFO main:399 - ****************Corrida 16 ************************
17:04:41,989  INFO main:400 - Fitness solucion: 14.0
17:04:41,989  INFO main:401 - Indice: 14
17:04:41,989  INFO main:402 - Generacion: 0
17:04:41,989  INFO main:403 - Rechazados: 15
17:04:41,989  INFO main:413 - Individuo Solucion: {9,5,13,8,7,10,0,12,4,2,6,14,1,3,11}

17:04:41,989  INFO main:414 - *****************************************************
17:04:42,050  INFO main:399 - ****************Corrida 17 ************************
17:04:42,050  INFO main:400 - Fitness solucion: 14.0
17:04:42,050  INFO main:401 - Indice: 14
17:04:42,050  INFO main:402 - Generacion: 0
17:04:42,050  INFO main:403 - Rechazados: 15
17:04:42,051  INFO main:413 - Individuo Solucion: {7,14,5,4,13,8,9,0,12,2,1,11,10,3,6}

17:04:42,051  INFO main:414 - *****************************************************
17:04:42,113  INFO main:399 - ****************Corrida 18 ************************
17:04:42,114  INFO main:400 - Fitness solucion: 14.0
17:04:42,114  INFO main:401 - Indice: 14
17:04:42,114  INFO main:402 - Generacion: 0
17:04:42,114  INFO main:403 - Rechazados: 15
17:04:42,114  INFO main:413 - Individuo Solucion: {1,0,2,12,5,14,4,9,7,13,8,6,3,10,11}

17:04:42,114  INFO main:414 - *****************************************************
17:04:42,181  INFO main:399 - ****************Corrida 19 ************************
17:04:42,181  INFO main:400 - Fitness solucion: 14.0
17:04:42,181  INFO main:401 - Indice: 14
17:04:42,181  INFO main:402 - Generacion: 0
17:04:42,181  INFO main:403 - Rechazados: 15
17:04:42,181  INFO main:413 - Individuo Solucion: {0,3,9,11,13,4,1,12,2,7,5,6,8,10,14}

17:04:42,181  INFO main:414 - *****************************************************
17:04:42,249  INFO main:399 - ****************Corrida 20 ************************
17:04:42,249  INFO main:400 - Fitness solucion: 14.0
17:04:42,249  INFO main:401 - Indice: 17
17:04:42,249  INFO main:402 - Generacion: 0
17:04:42,249  INFO main:403 - Rechazados: 15
17:04:42,249  INFO main:413 - Individuo Solucion: {2,0,14,3,1,7,11,4,10,5,9,8,12,6,13}

17:04:42,249  INFO main:414 - *****************************************************
17:04:42,319  INFO main:399 - ****************Corrida 21 ************************
17:04:42,319  INFO main:400 - Fitness solucion: 14.0
17:04:42,319  INFO main:401 - Indice: 14
17:04:42,319  INFO main:402 - Generacion: 0
17:04:42,319  INFO main:403 - Rechazados: 15
17:04:42,319  INFO main:413 - Individuo Solucion: {4,5,12,13,2,10,0,1,8,14,7,11,9,6,3}

17:04:42,319  INFO main:414 - *****************************************************
17:04:42,390  INFO main:399 - ****************Corrida 22 ************************
17:04:42,390  INFO main:400 - Fitness solucion: 14.0
17:04:42,390  INFO main:401 - Indice: 14
17:04:42,390  INFO main:402 - Generacion: 0
17:04:42,390  INFO main:403 - Rechazados: 15
17:04:42,390  INFO main:413 - Individuo Solucion: {2,10,6,3,14,1,5,7,12,9,4,0,13,8,11}

17:04:42,390  INFO main:414 - *****************************************************
17:04:42,461  INFO main:399 - ****************Corrida 23 ************************
17:04:42,461  INFO main:400 - Fitness solucion: 14.0
17:04:42,461  INFO main:401 - Indice: 14
17:04:42,461  INFO main:402 - Generacion: 0
17:04:42,461  INFO main:403 - Rechazados: 15
17:04:42,461  INFO main:413 - Individuo Solucion: {0,8,2,7,10,5,4,1,3,6,9,11,12,14,13}

17:04:42,461  INFO main:414 - *****************************************************
17:04:42,532  INFO main:399 - ****************Corrida 24 ************************
17:04:42,532  INFO main:400 - Fitness solucion: 14.0
17:04:42,532  INFO main:401 - Indice: 17
17:04:42,532  INFO main:402 - Generacion: 0
17:04:42,532  INFO main:403 - Rechazados: 15
17:04:42,532  INFO main:413 - Individuo Solucion: {3,14,13,8,2,0,9,1,6,11,12,4,7,5,10}

17:04:42,532  INFO main:414 - *****************************************************
17:04:42,603  INFO main:399 - ****************Corrida 25 ************************
17:04:42,603  INFO main:400 - Fitness solucion: 14.0
17:04:42,603  INFO main:401 - Indice: 14
17:04:42,603  INFO main:402 - Generacion: 0
17:04:42,603  INFO main:403 - Rechazados: 15
17:04:42,603  INFO main:413 - Individuo Solucion: {0,1,4,6,7,5,9,10,3,14,2,11,13,8,12}

17:04:42,603  INFO main:414 - *****************************************************
17:04:42,701  INFO main:399 - ****************Corrida 26 ************************
17:04:42,702  INFO main:400 - Fitness solucion: 14.0
17:04:42,702  INFO main:401 - Indice: 14
17:04:42,702  INFO main:402 - Generacion: 0
17:04:42,702  INFO main:403 - Rechazados: 15
17:04:42,702  INFO main:413 - Individuo Solucion: {1,0,3,6,13,8,11,2,4,14,5,7,10,12,9}

17:04:42,702  INFO main:414 - *****************************************************
17:04:42,787  INFO main:399 - ****************Corrida 27 ************************
17:04:42,788  INFO main:400 - Fitness solucion: 14.0
17:04:42,788  INFO main:401 - Indice: 17
17:04:42,788  INFO main:402 - Generacion: 0
17:04:42,788  INFO main:403 - Rechazados: 15
17:04:42,788  INFO main:413 - Individuo Solucion: {3,5,9,0,2,11,1,6,14,10,7,8,4,12,13}

17:04:42,788  INFO main:414 - *****************************************************
17:04:42,849  INFO main:399 - ****************Corrida 28 ************************
17:04:42,849  INFO main:400 - Fitness solucion: 14.0
17:04:42,850  INFO main:401 - Indice: 17
17:04:42,850  INFO main:402 - Generacion: 0
17:04:42,850  INFO main:403 - Rechazados: 15
17:04:42,850  INFO main:413 - Individuo Solucion: {12,14,2,7,13,11,6,0,4,9,5,8,1,3,10}

17:04:42,850  INFO main:414 - *****************************************************
17:04:42,911  INFO main:399 - ****************Corrida 29 ************************
17:04:42,911  INFO main:400 - Fitness solucion: 14.0
17:04:42,911  INFO main:401 - Indice: 14
17:04:42,911  INFO main:402 - Generacion: 0
17:04:42,911  INFO main:403 - Rechazados: 15
17:04:42,911  INFO main:413 - Individuo Solucion: {2,11,12,1,5,9,4,6,3,0,8,14,10,7,13}

17:04:42,911  INFO main:414 - *****************************************************
17:04:42,911  INFO main:416 - Tiempo AGP: 93
17:04:42,911  INFO main:417 - Promedio Final: 14
17:04:42,911  INFO main:418 - Promedio Generaciones: 0
17:04:42,912  INFO main:420 - *****************Resultados********************
17:04:42,912  INFO main:422 - result: 14.0
17:04:42,912  INFO main:422 - result: 14.0
17:04:42,912  INFO main:422 - result: 14.0
17:04:42,912  INFO main:422 - result: 14.0
17:04:42,912  INFO main:422 - result: 14.0
17:04:42,912  INFO main:422 - result: 14.0
17:04:42,912  INFO main:422 - result: 14.0
17:04:42,912  INFO main:422 - result: 14.0
17:04:42,912  INFO main:422 - result: 14.0
17:04:42,912  INFO main:422 - result: 14.0
17:04:42,912  INFO main:422 - result: 14.0
17:04:42,912  INFO main:422 - result: 14.0
17:04:42,913  INFO main:422 - result: 14.0
17:04:42,913  INFO main:422 - result: 14.0
17:04:42,913  INFO main:422 - result: 14.0
17:04:42,913  INFO main:422 - result: 14.0
17:04:42,913  INFO main:422 - result: 14.0
17:04:42,913  INFO main:422 - result: 14.0
17:04:42,913  INFO main:422 - result: 14.0
17:04:42,913  INFO main:422 - result: 14.0
17:04:42,913  INFO main:422 - result: 14.0
17:04:42,913  INFO main:422 - result: 14.0
17:04:42,913  INFO main:422 - result: 14.0
17:04:42,913  INFO main:422 - result: 14.0
17:04:42,913  INFO main:422 - result: 14.0
17:04:42,914  INFO main:422 - result: 14.0
17:04:42,914  INFO main:422 - result: 14.0
17:04:42,914  INFO main:422 - result: 14.0
17:04:42,914  INFO main:422 - result: 14.0
17:04:42,914  INFO main:422 - result: 14.0
17:04:42,914  INFO main:424 - *****************Generaciones********************
17:04:42,914  INFO main:426 - Generacion: 0
17:04:42,914  INFO main:426 - Generacion: 0
17:04:42,914  INFO main:426 - Generacion: 0
17:04:42,914  INFO main:426 - Generacion: 0
17:04:42,914  INFO main:426 - Generacion: 0
17:04:42,914  INFO main:426 - Generacion: 0
17:04:42,914  INFO main:426 - Generacion: 0
17:04:42,914  INFO main:426 - Generacion: 0
17:04:42,914  INFO main:426 - Generacion: 0
17:04:42,915  INFO main:426 - Generacion: 0
17:04:42,915  INFO main:426 - Generacion: 0
17:04:42,915  INFO main:426 - Generacion: 0
17:04:42,915  INFO main:426 - Generacion: 0
17:04:42,915  INFO main:426 - Generacion: 0
17:04:42,915  INFO main:426 - Generacion: 0
17:04:42,915  INFO main:426 - Generacion: 0
17:04:42,915  INFO main:426 - Generacion: 0
17:04:42,915  INFO main:426 - Generacion: 0
17:04:42,915  INFO main:426 - Generacion: 0
17:04:42,915  INFO main:426 - Generacion: 0
17:04:42,915  INFO main:426 - Generacion: 0
17:04:42,915  INFO main:426 - Generacion: 0
17:04:42,915  INFO main:426 - Generacion: 0
17:04:42,916  INFO main:426 - Generacion: 0
17:04:42,916  INFO main:426 - Generacion: 0
17:04:42,916  INFO main:426 - Generacion: 0
17:04:42,916  INFO main:426 - Generacion: 0
17:04:42,916  INFO main:426 - Generacion: 0
17:04:42,916  INFO main:426 - Generacion: 0
17:04:42,916  INFO main:426 - Generacion: 0
