17:02:51,827  INFO main:168 - Logueando
17:02:52,332  INFO main:387 - ****************AG PERMUTACION****************
17:02:52,863  INFO main:399 - ****************Corrida 0 ************************
17:02:52,864  INFO main:400 - Fitness solucion: 11.0
17:02:52,864  INFO main:401 - Indice: 14
17:02:52,864  INFO main:402 - Generacion: 0
17:02:52,864  INFO main:403 - Rechazados: 10
17:02:52,864  INFO main:413 - Individuo Solucion: {8,0,2,3,9,5,4,1,6,7}

17:02:52,864  INFO main:414 - *****************************************************
17:02:53,211  INFO main:399 - ****************Corrida 1 ************************
17:02:53,211  INFO main:400 - Fitness solucion: 11.0
17:02:53,211  INFO main:401 - Indice: 11
17:02:53,211  INFO main:402 - Generacion: 0
17:02:53,212  INFO main:403 - Rechazados: 10
17:02:53,212  INFO main:413 - Individuo Solucion: {1,9,2,3,4,8,5,7,0,6}

17:02:53,212  INFO main:414 - *****************************************************
17:02:53,280  INFO main:399 - ****************Corrida 2 ************************
17:02:53,280  INFO main:400 - Fitness solucion: 11.0
17:02:53,280  INFO main:401 - Indice: 11
17:02:53,280  INFO main:402 - Generacion: 0
17:02:53,280  INFO main:403 - Rechazados: 10
17:02:53,280  INFO main:413 - Individuo Solucion: {1,0,3,9,8,4,5,7,2,6}

17:02:53,280  INFO main:414 - *****************************************************
17:02:53,350  INFO main:399 - ****************Corrida 3 ************************
17:02:53,350  INFO main:400 - Fitness solucion: 11.0
17:02:53,350  INFO main:401 - Indice: 11
17:02:53,350  INFO main:402 - Generacion: 0
17:02:53,351  INFO main:403 - Rechazados: 10
17:02:53,351  INFO main:413 - Individuo Solucion: {4,9,8,0,5,7,1,3,2,6}

17:02:53,351  INFO main:414 - *****************************************************
17:02:53,406  INFO main:399 - ****************Corrida 4 ************************
17:02:53,406  INFO main:400 - Fitness solucion: 11.0
17:02:53,406  INFO main:401 - Indice: 11
17:02:53,406  INFO main:402 - Generacion: 0
17:02:53,406  INFO main:403 - Rechazados: 10
17:02:53,406  INFO main:413 - Individuo Solucion: {4,9,2,1,7,0,5,3,8,6}

17:02:53,406  INFO main:414 - *****************************************************
17:02:53,453  INFO main:399 - ****************Corrida 5 ************************
17:02:53,453  INFO main:400 - Fitness solucion: 11.0
17:02:53,453  INFO main:401 - Indice: 11
17:02:53,453  INFO main:402 - Generacion: 0
17:02:53,453  INFO main:403 - Rechazados: 10
17:02:53,453  INFO main:413 - Individuo Solucion: {0,4,5,1,7,9,3,6,8,2}

17:02:53,453  INFO main:414 - *****************************************************
17:02:53,498  INFO main:399 - ****************Corrida 6 ************************
17:02:53,498  INFO main:400 - Fitness solucion: 11.0
17:02:53,498  INFO main:401 - Indice: 14
17:02:53,498  INFO main:402 - Generacion: 0
17:02:53,498  INFO main:403 - Rechazados: 10
17:02:53,498  INFO main:413 - Individuo Solucion: {5,3,9,1,0,7,4,6,8,2}

17:02:53,498  INFO main:414 - *****************************************************
17:02:53,546  INFO main:399 - ****************Corrida 7 ************************
17:02:53,546  INFO main:400 - Fitness solucion: 11.0
17:02:53,546  INFO main:401 - Indice: 11
17:02:53,546  INFO main:402 - Generacion: 0
17:02:53,546  INFO main:403 - Rechazados: 10
17:02:53,546  INFO main:413 - Individuo Solucion: {7,9,3,0,2,1,8,6,4,5}

17:02:53,546  INFO main:414 - *****************************************************
17:02:53,591  INFO main:399 - ****************Corrida 8 ************************
17:02:53,592  INFO main:400 - Fitness solucion: 11.0
17:02:53,592  INFO main:401 - Indice: 14
17:02:53,592  INFO main:402 - Generacion: 0
17:02:53,592  INFO main:403 - Rechazados: 10
17:02:53,592  INFO main:413 - Individuo Solucion: {0,4,5,1,3,8,9,6,2,7}

17:02:53,592  INFO main:414 - *****************************************************
17:02:53,637  INFO main:399 - ****************Corrida 9 ************************
17:02:53,637  INFO main:400 - Fitness solucion: 11.0
17:02:53,637  INFO main:401 - Indice: 11
17:02:53,638  INFO main:402 - Generacion: 0
17:02:53,638  INFO main:403 - Rechazados: 10
17:02:53,638  INFO main:413 - Individuo Solucion: {0,1,9,8,7,4,3,6,2,5}

17:02:53,638  INFO main:414 - *****************************************************
17:02:53,683  INFO main:399 - ****************Corrida 10 ************************
17:02:53,683  INFO main:400 - Fitness solucion: 11.0
17:02:53,683  INFO main:401 - Indice: 14
17:02:53,683  INFO main:402 - Generacion: 0
17:02:53,683  INFO main:403 - Rechazados: 10
17:02:53,684  INFO main:413 - Individuo Solucion: {0,5,8,4,3,1,9,6,7,2}

17:02:53,684  INFO main:414 - *****************************************************
17:02:53,729  INFO main:399 - ****************Corrida 11 ************************
17:02:53,729  INFO main:400 - Fitness solucion: 11.0
17:02:53,729  INFO main:401 - Indice: 11
17:02:53,729  INFO main:402 - Generacion: 0
17:02:53,729  INFO main:403 - Rechazados: 10
17:02:53,729  INFO main:413 - Individuo Solucion: {0,1,7,5,6,8,9,4,2,3}

17:02:53,729  INFO main:414 - *****************************************************
17:02:53,774  INFO main:399 - ****************Corrida 12 ************************
17:02:53,774  INFO main:400 - Fitness solucion: 11.0
17:02:53,774  INFO main:401 - Indice: 11
17:02:53,774  INFO main:402 - Generacion: 0
17:02:53,774  INFO main:403 - Rechazados: 10
17:02:53,774  INFO main:413 - Individuo Solucion: {7,0,8,9,2,3,6,1,5,4}

17:02:53,775  INFO main:414 - *****************************************************
17:02:53,819  INFO main:399 - ****************Corrida 13 ************************
17:02:53,819  INFO main:400 - Fitness solucion: 11.0
17:02:53,820  INFO main:401 - Indice: 14
17:02:53,820  INFO main:402 - Generacion: 0
17:02:53,820  INFO main:403 - Rechazados: 10
17:02:53,820  INFO main:413 - Individuo Solucion: {2,3,8,0,5,1,4,7,6,9}

17:02:53,820  INFO main:414 - *****************************************************
17:02:53,864  INFO main:399 - ****************Corrida 14 ************************
17:02:53,865  INFO main:400 - Fitness solucion: 11.0
17:02:53,865  INFO main:401 - Indice: 14
17:02:53,865  INFO main:402 - Generacion: 0
17:02:53,865  INFO main:403 - Rechazados: 10
17:02:53,865  INFO main:413 - Individuo Solucion: {8,3,6,4,9,5,2,1,7,0}

17:02:53,865  INFO main:414 - *****************************************************
17:02:53,912  INFO main:399 - ****************Corrida 15 ************************
17:02:53,912  INFO main:400 - Fitness solucion: 11.0
17:02:53,912  INFO main:401 - Indice: 11
17:02:53,912  INFO main:402 - Generacion: 0
17:02:53,913  INFO main:403 - Rechazados: 10
17:02:53,913  INFO main:413 - Individuo Solucion: {9,6,5,2,7,3,4,8,0,1}

17:02:53,913  INFO main:414 - *****************************************************
17:02:53,958  INFO main:399 - ****************Corrida 16 ************************
17:02:53,958  INFO main:400 - Fitness solucion: 11.0
17:02:53,958  INFO main:401 - Indice: 14
17:02:53,958  INFO main:402 - Generacion: 0
17:02:53,958  INFO main:403 - Rechazados: 10
17:02:53,958  INFO main:413 - Individuo Solucion: {8,4,2,0,3,9,6,5,7,1}

17:02:53,958  INFO main:414 - *****************************************************
17:02:54,003  INFO main:399 - ****************Corrida 17 ************************
17:02:54,003  INFO main:400 - Fitness solucion: 11.0
17:02:54,003  INFO main:401 - Indice: 14
17:02:54,004  INFO main:402 - Generacion: 0
17:02:54,004  INFO main:403 - Rechazados: 10
17:02:54,004  INFO main:413 - Individuo Solucion: {3,1,6,2,7,9,4,5,0,8}

17:02:54,004  INFO main:414 - *****************************************************
17:02:54,049  INFO main:399 - ****************Corrida 18 ************************
17:02:54,049  INFO main:400 - Fitness solucion: 11.0
17:02:54,049  INFO main:401 - Indice: 14
17:02:54,049  INFO main:402 - Generacion: 0
17:02:54,049  INFO main:403 - Rechazados: 10
17:02:54,049  INFO main:413 - Individuo Solucion: {2,9,5,3,8,4,0,6,7,1}

17:02:54,049  INFO main:414 - *****************************************************
17:02:54,094  INFO main:399 - ****************Corrida 19 ************************
17:02:54,094  INFO main:400 - Fitness solucion: 11.0
17:02:54,094  INFO main:401 - Indice: 11
17:02:54,094  INFO main:402 - Generacion: 0
17:02:54,095  INFO main:403 - Rechazados: 10
17:02:54,095  INFO main:413 - Individuo Solucion: {3,0,4,2,7,9,6,5,1,8}

17:02:54,095  INFO main:414 - *****************************************************
17:02:54,140  INFO main:399 - ****************Corrida 20 ************************
17:02:54,140  INFO main:400 - Fitness solucion: 11.0
17:02:54,140  INFO main:401 - Indice: 14
17:02:54,140  INFO main:402 - Generacion: 0
17:02:54,140  INFO main:403 - Rechazados: 10
17:02:54,140  INFO main:413 - Individuo Solucion: {3,8,5,6,0,1,7,4,2,9}

17:02:54,140  INFO main:414 - *****************************************************
17:02:54,185  INFO main:399 - ****************Corrida 21 ************************
17:02:54,185  INFO main:400 - Fitness solucion: 11.0
17:02:54,185  INFO main:401 - Indice: 11
17:02:54,186  INFO main:402 - Generacion: 0
17:02:54,186  INFO main:403 - Rechazados: 10
17:02:54,186  INFO main:413 - Individuo Solucion: {1,4,2,3,8,0,9,7,5,6}

17:02:54,186  INFO main:414 - *****************************************************
17:02:54,231  INFO main:399 - ****************Corrida 22 ************************
17:02:54,232  INFO main:400 - Fitness solucion: 11.0
17:02:54,232  INFO main:401 - Indice: 11
17:02:54,232  INFO main:402 - Generacion: 0
17:02:54,232  INFO main:403 - Rechazados: 10
17:02:54,232  INFO main:413 - Individuo Solucion: {4,1,6,7,5,2,3,9,8,0}

17:02:54,232  INFO main:414 - *****************************************************
17:02:54,278  INFO main:399 - ****************Corrida 23 ************************
17:02:54,278  INFO main:400 - Fitness solucion: 11.0
17:02:54,278  INFO main:401 - Indice: 14
17:02:54,278  INFO main:402 - Generacion: 0
17:02:54,278  INFO main:403 - Rechazados: 10
17:02:54,278  INFO main:413 - Individuo Solucion: {2,0,6,9,3,1,4,8,5,7}

17:02:54,278  INFO main:414 - *****************************************************
17:02:54,325  INFO main:399 - ****************Corrida 24 ************************
17:02:54,326  INFO main:400 - Fitness solucion: 11.0
17:02:54,326  INFO main:401 - Indice: 11
17:02:54,326  INFO main:402 - Generacion: 0
17:02:54,326  INFO main:403 - Rechazados: 10
17:02:54,326  INFO main:413 - Individuo Solucion: {7,8,0,1,3,9,6,5,4,2}

17:02:54,326  INFO main:414 - *****************************************************
17:02:54,373  INFO main:399 - ****************Corrida 25 ************************
17:02:54,373  INFO main:400 - Fitness solucion: 11.0
17:02:54,373  INFO main:401 - Indice: 11
17:02:54,373  INFO main:402 - Generacion: 0
17:02:54,373  INFO main:403 - Rechazados: 10
17:02:54,373  INFO main:413 - Individuo Solucion: {0,4,8,6,5,3,2,7,9,1}

17:02:54,373  INFO main:414 - *****************************************************
17:02:54,419  INFO main:399 - ****************Corrida 26 ************************
17:02:54,419  INFO main:400 - Fitness solucion: 11.0
17:02:54,419  INFO main:401 - Indice: 14
17:02:54,419  INFO main:402 - Generacion: 0
17:02:54,420  INFO main:403 - Rechazados: 10
17:02:54,420  INFO main:413 - Individuo Solucion: {3,0,1,6,4,5,8,9,2,7}

17:02:54,420  INFO main:414 - *****************************************************
17:02:54,468  INFO main:399 - ****************Corrida 27 ************************
17:02:54,468  INFO main:400 - Fitness solucion: 11.0
17:02:54,468  INFO main:401 - Indice: 11
17:02:54,468  INFO main:402 - Generacion: 0
17:02:54,468  INFO main:403 - Rechazados: 10
17:02:54,469  INFO main:413 - Individuo Solucion: {2,8,9,5,1,6,4,3,7,0}

17:02:54,469  INFO main:414 - *****************************************************
17:02:54,519  INFO main:399 - ****************Corrida 28 ************************
17:02:54,519  INFO main:400 - Fitness solucion: 11.0
17:02:54,519  INFO main:401 - Indice: 11
17:02:54,519  INFO main:402 - Generacion: 0
17:02:54,519  INFO main:403 - Rechazados: 10
17:02:54,519  INFO main:413 - Individuo Solucion: {4,1,0,7,2,8,5,9,3,6}

17:02:54,519  INFO main:414 - *****************************************************
17:02:54,568  INFO main:399 - ****************Corrida 29 ************************
17:02:54,569  INFO main:400 - Fitness solucion: 11.0
17:02:54,569  INFO main:401 - Indice: 14
17:02:54,569  INFO main:402 - Generacion: 0
17:02:54,569  INFO main:403 - Rechazados: 10
17:02:54,569  INFO main:413 - Individuo Solucion: {2,9,0,5,3,8,1,4,6,7}

17:02:54,569  INFO main:414 - *****************************************************
17:02:54,569  INFO main:416 - Tiempo AGP: 73
17:02:54,569  INFO main:417 - Promedio Final: 11
17:02:54,569  INFO main:418 - Promedio Generaciones: 0
17:02:54,569  INFO main:420 - *****************Resultados********************
17:02:54,569  INFO main:422 - result: 11.0
17:02:54,569  INFO main:422 - result: 11.0
17:02:54,569  INFO main:422 - result: 11.0
17:02:54,570  INFO main:422 - result: 11.0
17:02:54,570  INFO main:422 - result: 11.0
17:02:54,570  INFO main:422 - result: 11.0
17:02:54,570  INFO main:422 - result: 11.0
17:02:54,570  INFO main:422 - result: 11.0
17:02:54,570  INFO main:422 - result: 11.0
17:02:54,570  INFO main:422 - result: 11.0
17:02:54,570  INFO main:422 - result: 11.0
17:02:54,570  INFO main:422 - result: 11.0
17:02:54,570  INFO main:422 - result: 11.0
17:02:54,570  INFO main:422 - result: 11.0
17:02:54,570  INFO main:422 - result: 11.0
17:02:54,570  INFO main:422 - result: 11.0
17:02:54,570  INFO main:422 - result: 11.0
17:02:54,571  INFO main:422 - result: 11.0
17:02:54,571  INFO main:422 - result: 11.0
17:02:54,571  INFO main:422 - result: 11.0
17:02:54,571  INFO main:422 - result: 11.0
17:02:54,571  INFO main:422 - result: 11.0
17:02:54,571  INFO main:422 - result: 11.0
17:02:54,571  INFO main:422 - result: 11.0
17:02:54,571  INFO main:422 - result: 11.0
17:02:54,571  INFO main:422 - result: 11.0
17:02:54,571  INFO main:422 - result: 11.0
17:02:54,571  INFO main:422 - result: 11.0
17:02:54,571  INFO main:422 - result: 11.0
17:02:54,571  INFO main:422 - result: 11.0
17:02:54,571  INFO main:424 - *****************Generaciones********************
17:02:54,572  INFO main:426 - Generacion: 0
17:02:54,572  INFO main:426 - Generacion: 0
17:02:54,572  INFO main:426 - Generacion: 0
17:02:54,572  INFO main:426 - Generacion: 0
17:02:54,572  INFO main:426 - Generacion: 0
17:02:54,572  INFO main:426 - Generacion: 0
17:02:54,572  INFO main:426 - Generacion: 0
17:02:54,572  INFO main:426 - Generacion: 0
17:02:54,573  INFO main:426 - Generacion: 0
17:02:54,573  INFO main:426 - Generacion: 0
17:02:54,573  INFO main:426 - Generacion: 0
17:02:54,573  INFO main:426 - Generacion: 0
17:02:54,573  INFO main:426 - Generacion: 0
17:02:54,573  INFO main:426 - Generacion: 0
17:02:54,573  INFO main:426 - Generacion: 0
17:02:54,573  INFO main:426 - Generacion: 0
17:02:54,573  INFO main:426 - Generacion: 0
17:02:54,574  INFO main:426 - Generacion: 0
17:02:54,574  INFO main:426 - Generacion: 0
17:02:54,574  INFO main:426 - Generacion: 0
17:02:54,574  INFO main:426 - Generacion: 0
17:02:54,574  INFO main:426 - Generacion: 0
17:02:54,574  INFO main:426 - Generacion: 0
17:02:54,574  INFO main:426 - Generacion: 0
17:02:54,574  INFO main:426 - Generacion: 0
17:02:54,574  INFO main:426 - Generacion: 0
17:02:54,575  INFO main:426 - Generacion: 0
17:02:54,575  INFO main:426 - Generacion: 0
17:02:54,575  INFO main:426 - Generacion: 0
17:02:54,575  INFO main:426 - Generacion: 0
