19:16:31,821  INFO main:168 - Logueando
19:20:46,334  INFO main:300 - Tiempo PreCalculo: 254510
19:20:46,335  INFO main:387 - ****************AG PERMUTACION****************
19:20:49,500  INFO main:401 - ****************Corrida 0 ************************
19:20:49,500  INFO main:402 - Fitness solucion: 43.0
19:20:49,501  INFO main:403 - Indice: 49
19:20:49,501  INFO main:404 - Generacion: 4
19:20:49,501  INFO main:405 - Rechazados: 57
19:20:49,502  INFO main:417 - Individuo Solucion: {166,228,242,65,208,17,106,62,38,8,94,4,209,178,216,57,196,185,110,126,198,120,163,233,177,13,40,151,98,56,157,27,123,248,122,128,47,197,74,15,162,71,239,2,171,5,187,215,150,70,66,64,63,31,236,30,80,176,37,108,143,182,21,9,189,55,28,102,179,240,173,50,82,235,201,53,83,135,222,93,111,103,183,244,100,194,220,35,69,60,172,207,134,20,25,168,152,137,211,181,149,200,206,52,109,72,142,246,67,41,92,127,68,245,219,39,160,75,139,78,95,146,23,124,192,226,36,138,158,54,12,144,213,104,81,89,117,241,234,85,1,76,51,113,101,180,16,121,165,224,10,0,88,116,153,130,45,247,131,97,77,34,87,205,199,86,167,114,249,43,155,18,140,46,96,24,105,159,3,44,214,48,61,33,169,115,154,42,29,237,164,195,141,119,230,129,73,99,238,223,14,229,11,26,218,107,79,112,175,49,7,243,59,202,210,231,156,19,145,91,148,221,186,132,188,217,125,174,90,191,232,136,170,133,84,193,203,204,161,227,225,6,147,190,212,58,184,32,22,118}

19:20:49,502  INFO main:418 - *****************************************************
19:20:50,894  INFO main:401 - ****************Corrida 1 ************************
19:20:50,895  INFO main:402 - Fitness solucion: 44.0
19:20:50,895  INFO main:403 - Indice: 49
19:20:50,895  INFO main:404 - Generacion: 0
19:20:50,895  INFO main:405 - Rechazados: 53
19:20:50,895  INFO main:417 - Individuo Solucion: {7,0,112,42,108,106,74,149,104,62,15,216,24,28,176,162,16,225,94,97,30,153,50,31,127,92,41,19,51,241,242,2,46,218,85,120,107,193,137,29,144,243,198,237,32,75,20,39,45,185,171,56,53,98,10,58,123,172,113,8,4,83,21,103,197,235,249,11,35,213,175,200,44,14,136,82,95,63,6,61,223,168,143,188,38,181,119,77,72,55,227,139,157,52,160,125,192,236,90,3,191,141,245,100,27,146,129,110,81,209,145,130,116,189,91,161,230,124,234,232,183,166,65,231,204,150,174,159,22,84,211,12,138,36,71,37,26,118,17,9,221,152,196,226,167,69,214,60,79,201,169,43,25,1,73,248,212,117,182,111,222,80,180,131,151,163,88,207,224,54,121,238,158,246,239,135,47,147,134,78,194,59,155,126,40,164,205,179,184,34,186,87,133,190,68,76,122,93,208,178,89,210,67,170,115,247,101,96,202,233,148,132,165,109,215,140,64,18,66,23,229,13,5,240,206,203,199,114,173,102,70,244,33,57,86,220,228,187,49,219,128,105,142,177,195,99,217,154,156,48}

19:20:50,896  INFO main:418 - *****************************************************
19:20:51,865  INFO main:401 - ****************Corrida 2 ************************
19:20:51,866  INFO main:402 - Fitness solucion: 45.0
19:20:51,866  INFO main:403 - Indice: 49
19:20:51,866  INFO main:404 - Generacion: 4
19:20:51,866  INFO main:405 - Rechazados: 50
19:20:51,866  INFO main:417 - Individuo Solucion: {151,165,49,159,226,236,33,111,158,237,88,77,118,186,91,206,84,12,25,135,43,85,78,61,138,27,90,136,69,73,227,112,115,57,233,183,209,58,45,126,31,39,95,195,117,32,228,171,74,196,202,92,94,210,230,191,173,147,128,37,71,7,65,50,129,14,222,44,16,100,21,8,211,64,197,207,130,13,140,244,66,23,216,19,0,60,79,10,149,116,184,225,232,35,22,52,192,235,144,55,218,82,9,177,170,36,120,231,146,234,179,160,220,145,187,96,212,46,68,174,40,217,42,193,219,99,103,98,5,150,154,168,51,122,106,102,24,34,131,93,248,176,243,89,4,178,109,223,110,53,249,182,161,62,221,47,63,153,97,239,213,143,238,108,104,56,54,199,20,152,245,214,28,224,198,87,72,241,141,101,113,127,169,139,204,119,229,76,188,123,133,157,121,29,86,75,175,247,2,30,105,83,17,41,137,189,180,167,67,208,142,166,48,240,194,11,59,156,38,125,164,81,205,18,124,242,163,200,162,215,1,80,6,26,185,201,132,190,172,107,155,148,15,203,181,114,134,246,70,3}

19:20:51,866  INFO main:418 - *****************************************************
19:20:52,431  INFO main:401 - ****************Corrida 3 ************************
19:20:52,431  INFO main:402 - Fitness solucion: 45.0
19:20:52,431  INFO main:403 - Indice: 49
19:20:52,432  INFO main:404 - Generacion: 3
19:20:52,432  INFO main:405 - Rechazados: 50
19:20:52,432  INFO main:417 - Individuo Solucion: {9,189,14,42,62,49,20,30,207,203,146,44,238,19,208,36,10,18,193,228,7,21,151,82,134,107,56,240,120,93,77,51,202,80,12,0,248,118,206,24,71,70,72,165,74,231,35,47,67,229,106,64,3,17,101,23,218,115,182,98,136,8,60,226,26,163,109,28,103,150,15,48,147,158,52,177,86,156,117,114,128,191,237,90,59,94,41,225,233,144,164,185,140,33,162,116,111,113,188,195,97,245,124,89,29,131,46,161,119,122,37,172,209,201,96,127,184,32,25,76,210,2,16,85,220,129,57,100,132,137,55,160,223,232,45,249,142,169,152,234,166,4,143,95,215,170,83,91,11,1,138,242,102,110,105,22,171,13,34,227,58,236,121,212,187,173,139,112,69,125,239,204,174,65,99,154,123,181,244,54,68,235,200,157,155,88,179,219,87,159,66,130,214,135,39,27,50,186,78,211,241,176,175,148,230,126,198,197,108,79,178,63,196,192,149,153,221,145,5,84,92,180,205,81,194,246,183,141,61,224,133,247,40,167,168,190,73,75,43,31,216,104,217,222,6,199,53,243,38,213}

19:20:52,432  INFO main:418 - *****************************************************
19:20:52,993  INFO main:401 - ****************Corrida 4 ************************
19:20:52,993  INFO main:402 - Fitness solucion: 46.0
19:20:52,993  INFO main:403 - Indice: 49
19:20:52,993  INFO main:404 - Generacion: 0
19:20:52,993  INFO main:405 - Rechazados: 44
19:20:52,994  INFO main:417 - Individuo Solucion: {116,8,165,57,5,100,156,72,65,37,193,112,18,197,28,111,2,210,4,164,226,173,31,69,53,198,190,29,27,130,125,10,24,61,39,237,22,87,182,66,76,216,51,12,68,171,52,19,142,246,20,88,17,115,102,26,89,106,78,59,80,49,44,25,62,109,162,30,56,67,64,96,16,180,244,186,103,36,77,213,235,153,232,71,114,191,166,163,137,141,75,230,219,222,154,134,119,95,94,41,118,217,104,105,189,60,215,179,54,86,83,42,123,150,92,132,196,50,201,249,108,151,160,63,91,9,183,1,146,247,172,122,11,55,38,113,135,98,34,129,131,181,33,144,70,208,101,220,110,161,136,233,231,7,6,93,138,152,85,47,128,194,158,204,174,120,35,45,221,187,192,21,117,147,218,214,14,177,23,236,13,167,159,3,225,127,124,200,46,40,126,229,242,207,149,170,73,240,81,238,84,199,32,205,224,202,176,139,148,245,140,227,74,58,188,79,203,168,243,211,43,248,195,90,228,99,209,133,178,239,234,97,241,145,82,15,143,223,206,157,175,121,169,212,185,107,184,155,48,0}

19:20:52,994  INFO main:418 - *****************************************************
19:20:53,554  INFO main:401 - ****************Corrida 5 ************************
19:20:53,555  INFO main:402 - Fitness solucion: 45.0
19:20:53,555  INFO main:403 - Indice: 49
19:20:53,555  INFO main:404 - Generacion: 4
19:20:53,555  INFO main:405 - Rechazados: 54
19:20:53,555  INFO main:417 - Individuo Solucion: {3,169,39,228,214,35,33,23,15,119,109,121,42,192,159,58,158,54,36,14,52,106,147,200,71,86,146,170,77,226,140,43,7,237,189,139,241,19,243,32,163,110,117,2,230,212,0,125,99,17,229,132,88,47,137,90,16,165,173,175,131,93,67,49,59,62,234,240,242,69,18,207,160,9,138,46,191,152,45,149,34,116,111,81,248,1,143,96,172,120,25,64,130,187,75,185,238,141,55,72,29,211,218,216,73,20,232,219,134,217,227,13,22,105,24,63,157,148,92,135,79,115,126,56,203,162,89,107,44,11,174,26,102,142,127,179,12,205,145,101,183,249,181,37,224,245,193,247,182,168,156,246,150,136,210,65,199,112,98,208,4,151,78,53,108,41,114,233,94,213,122,104,225,188,10,6,167,239,194,61,204,176,129,197,95,80,57,83,195,164,220,8,48,30,82,201,184,66,31,40,85,97,91,27,133,74,51,144,202,190,28,87,103,123,186,155,50,100,76,177,38,236,244,222,124,113,171,215,166,21,68,5,118,154,70,223,209,221,161,178,84,196,198,128,235,206,231,180,153,60}

19:20:53,555  INFO main:418 - *****************************************************
19:20:54,119  INFO main:401 - ****************Corrida 6 ************************
19:20:54,119  INFO main:402 - Fitness solucion: 45.0
19:20:54,119  INFO main:403 - Indice: 49
19:20:54,119  INFO main:404 - Generacion: 2
19:20:54,122  INFO main:405 - Rechazados: 44
19:20:54,122  INFO main:417 - Individuo Solucion: {8,34,249,2,85,199,26,135,173,237,233,33,180,226,71,223,29,67,16,99,45,245,17,96,232,27,202,18,240,59,184,44,79,246,31,118,234,50,160,30,114,159,174,187,128,13,125,170,221,64,32,177,40,42,38,95,205,65,75,74,55,100,48,61,236,56,3,231,123,57,52,0,82,175,36,139,162,167,146,97,81,124,133,9,121,191,115,106,111,23,227,169,248,116,122,94,73,103,11,112,77,84,137,178,35,141,92,76,176,193,213,66,46,157,239,83,188,93,21,166,207,138,7,230,136,41,225,224,150,134,102,163,238,145,185,148,218,164,1,151,142,219,109,105,149,6,28,69,215,120,58,113,54,152,39,20,242,78,243,119,171,172,144,87,183,24,63,88,127,25,12,10,132,131,241,143,204,101,4,189,217,147,117,182,72,200,179,235,165,43,155,98,197,229,192,161,104,216,158,153,211,196,212,201,209,168,156,49,126,80,186,222,70,15,68,110,91,53,190,244,208,107,206,89,154,130,140,62,247,129,37,203,210,108,214,195,198,181,47,220,5,51,14,22,228,60,19,90,194,86}

19:20:54,122  INFO main:418 - *****************************************************
19:20:54,685  INFO main:401 - ****************Corrida 7 ************************
19:20:54,685  INFO main:402 - Fitness solucion: 46.0
19:20:54,685  INFO main:403 - Indice: 49
19:20:54,685  INFO main:404 - Generacion: 0
19:20:54,685  INFO main:405 - Rechazados: 49
19:20:54,686  INFO main:417 - Individuo Solucion: {6,106,213,191,43,7,16,27,179,189,74,173,51,54,225,50,31,178,19,62,144,41,2,147,23,0,174,17,12,223,145,52,35,158,142,132,124,57,110,244,64,181,78,240,195,96,218,138,66,215,155,56,141,214,70,239,76,94,83,137,86,25,89,139,221,238,193,10,231,114,152,32,217,40,24,33,21,36,81,59,243,167,228,119,220,79,14,58,125,185,45,105,93,80,129,84,103,99,188,101,199,29,210,95,143,204,97,8,48,121,135,172,102,208,42,226,166,82,37,73,112,69,136,116,154,60,175,20,108,206,148,49,55,130,150,1,170,39,128,26,71,3,235,134,85,209,140,34,118,30,233,157,183,242,153,47,133,65,236,15,200,224,194,168,229,182,63,18,219,4,38,120,13,100,109,11,5,164,92,227,91,159,241,90,28,160,131,163,249,190,237,184,171,234,44,212,205,87,122,117,149,222,115,46,203,77,68,169,176,22,53,75,201,232,127,187,61,177,247,165,111,196,202,113,156,180,216,162,186,67,123,161,98,197,211,230,151,126,192,246,207,88,72,9,198,245,248,146,107,104}

19:20:54,686  INFO main:418 - *****************************************************
19:20:55,251  INFO main:401 - ****************Corrida 8 ************************
19:20:55,252  INFO main:402 - Fitness solucion: 45.0
19:20:55,252  INFO main:403 - Indice: 49
19:20:55,252  INFO main:404 - Generacion: 1
19:20:55,252  INFO main:405 - Rechazados: 47
19:20:55,252  INFO main:417 - Individuo Solucion: {20,206,24,198,210,209,54,78,42,164,26,13,57,34,33,232,1,68,36,38,154,39,245,135,71,51,85,166,111,3,221,48,58,168,163,109,40,11,162,66,80,32,205,65,141,0,243,30,228,15,6,178,102,19,239,103,175,143,79,171,137,191,25,2,152,14,12,99,196,192,157,184,186,189,5,101,193,226,93,153,69,241,23,91,207,105,16,247,60,107,181,56,167,173,129,21,64,9,62,70,215,131,220,114,98,225,197,49,87,108,121,124,95,63,104,185,81,22,92,89,41,234,82,136,150,112,194,169,55,133,246,230,90,149,28,53,177,44,73,151,127,59,75,212,43,122,249,155,120,161,123,4,199,86,37,115,213,195,74,84,214,201,128,145,218,233,18,77,147,31,126,140,130,170,208,52,216,146,96,211,76,72,179,61,8,180,238,202,118,156,203,172,88,47,83,7,174,113,45,242,27,116,223,229,132,139,35,224,182,138,106,94,159,244,125,236,29,148,100,204,237,231,158,50,17,165,67,119,160,134,187,222,219,227,117,235,110,217,142,10,97,176,200,240,183,144,188,248,190,46}

19:20:55,252  INFO main:418 - *****************************************************
19:20:55,819  INFO main:401 - ****************Corrida 9 ************************
19:20:55,820  INFO main:402 - Fitness solucion: 45.0
19:20:55,820  INFO main:403 - Indice: 49
19:20:55,820  INFO main:404 - Generacion: 2
19:20:55,820  INFO main:405 - Rechazados: 45
19:20:55,820  INFO main:417 - Individuo Solucion: {182,3,6,26,244,172,133,179,31,60,67,188,236,200,25,134,109,243,80,28,61,79,98,92,11,101,39,208,30,34,178,105,2,180,43,58,27,18,228,221,20,233,106,245,46,239,51,246,234,159,35,215,7,50,62,163,218,237,186,24,9,199,193,23,36,64,82,126,117,240,87,219,93,29,32,214,130,69,22,198,171,104,209,49,125,167,103,242,224,33,143,111,160,187,151,57,205,157,131,37,148,74,206,153,216,56,185,149,21,73,168,94,83,197,212,156,97,145,136,85,225,162,128,52,81,231,42,47,223,55,8,115,72,155,119,154,63,89,184,170,15,96,229,124,12,75,235,113,38,146,65,122,166,0,108,247,95,169,176,16,192,107,183,59,1,132,86,161,241,90,129,41,19,191,138,141,213,68,4,232,248,84,100,99,203,5,230,76,10,140,45,249,135,91,120,207,17,71,165,190,173,77,217,13,195,204,227,78,201,123,110,54,127,147,175,70,194,220,40,139,14,102,53,158,44,116,210,189,177,202,152,196,48,144,142,150,66,238,181,226,164,118,222,211,88,114,137,112,121,174}

19:20:55,820  INFO main:418 - *****************************************************
19:20:56,385  INFO main:401 - ****************Corrida 10 ************************
19:20:56,385  INFO main:402 - Fitness solucion: 44.0
19:20:56,386  INFO main:403 - Indice: 49
19:20:56,386  INFO main:404 - Generacion: 3
19:20:56,386  INFO main:405 - Rechazados: 48
19:20:56,386  INFO main:417 - Individuo Solucion: {9,8,41,33,24,2,103,94,11,26,202,25,68,4,156,10,3,154,230,85,93,31,222,127,238,86,151,62,114,216,43,51,54,221,199,37,242,191,244,214,50,241,90,99,198,35,18,177,209,172,23,65,152,36,104,223,40,6,77,171,109,79,133,116,22,178,231,34,203,45,20,16,107,229,124,60,74,80,125,190,234,155,136,232,7,194,140,30,81,240,235,71,56,64,226,134,88,174,227,159,187,21,142,166,207,102,224,69,106,141,188,183,92,161,138,84,48,225,97,245,87,162,72,218,82,213,63,157,150,39,215,144,58,101,129,5,200,112,248,91,14,160,217,76,135,96,128,180,110,246,53,237,28,111,108,115,158,78,57,29,32,66,137,189,70,164,212,118,184,117,186,179,42,95,15,211,49,89,143,131,83,139,176,149,193,19,59,121,120,113,132,126,247,243,13,197,38,61,175,182,206,55,44,196,173,105,201,165,249,219,98,204,169,123,130,153,205,73,168,167,122,185,75,195,27,52,146,239,145,0,100,1,181,119,67,46,233,12,47,17,170,147,148,208,163,220,236,192,228,210}

19:20:56,386  INFO main:418 - *****************************************************
19:20:57,823  INFO main:401 - ****************Corrida 11 ************************
19:20:57,823  INFO main:402 - Fitness solucion: 45.0
19:20:57,823  INFO main:403 - Indice: 49
19:20:57,824  INFO main:404 - Generacion: 1
19:20:57,824  INFO main:405 - Rechazados: 49
19:20:57,825  INFO main:417 - Individuo Solucion: {30,12,26,88,20,57,71,66,81,98,95,108,15,170,53,231,191,43,54,190,90,27,203,222,227,248,246,237,39,79,242,128,119,73,41,97,130,169,21,49,31,120,153,185,165,175,63,161,219,45,127,179,122,68,224,77,167,234,156,145,94,102,13,229,196,65,186,115,74,4,44,208,17,109,166,62,14,8,201,55,184,236,245,118,204,35,220,189,84,123,0,76,173,91,96,233,124,137,34,93,32,100,216,48,33,89,160,121,105,142,181,243,244,148,42,215,247,180,3,154,116,132,83,200,106,155,134,24,103,178,146,213,112,85,16,70,131,162,188,239,159,199,52,75,101,158,144,104,240,210,138,64,10,60,40,205,110,164,163,228,18,125,182,28,176,183,157,78,38,147,2,172,46,23,113,207,36,223,107,111,195,72,59,92,117,241,136,171,114,135,139,11,56,194,211,126,221,50,174,51,225,80,217,192,151,141,198,143,1,58,232,187,206,87,209,19,177,61,129,99,202,235,25,140,6,86,47,249,5,22,82,69,226,193,37,230,7,9,218,150,67,214,168,212,149,197,238,29,133,152}

19:20:57,826  INFO main:418 - *****************************************************
19:20:59,663  INFO main:401 - ****************Corrida 12 ************************
19:20:59,664  INFO main:402 - Fitness solucion: 46.0
19:20:59,664  INFO main:403 - Indice: 49
19:20:59,664  INFO main:404 - Generacion: 0
19:20:59,665  INFO main:405 - Rechazados: 43
19:20:59,665  INFO main:417 - Individuo Solucion: {87,86,241,3,13,182,46,172,217,89,5,129,245,227,152,45,221,66,77,17,135,23,103,33,64,50,61,57,183,226,131,143,148,22,21,96,162,93,30,73,88,60,238,144,240,1,168,62,6,94,19,195,153,222,71,15,184,65,201,229,81,193,167,114,31,25,11,127,119,232,36,35,197,192,102,44,104,231,242,210,78,2,55,171,28,208,121,68,101,205,106,243,40,230,204,118,239,107,111,136,110,37,41,58,173,100,85,126,84,51,63,9,115,155,90,99,82,190,67,141,186,123,12,75,160,24,214,137,166,196,43,218,116,74,194,7,164,215,134,80,105,53,223,149,125,113,237,56,157,69,158,10,211,140,38,117,108,18,228,130,109,146,47,174,161,120,39,203,185,124,147,54,27,70,212,206,236,169,48,198,32,156,179,59,97,29,178,98,49,95,216,220,83,175,177,246,34,142,159,213,91,26,248,139,132,181,92,133,207,42,189,200,163,170,225,0,247,150,14,145,224,187,176,235,72,52,165,199,79,8,4,188,180,76,138,244,249,20,128,16,209,112,233,151,191,219,122,234,154,202}

19:20:59,666  INFO main:418 - *****************************************************
19:21:01,744  INFO main:401 - ****************Corrida 13 ************************
19:21:01,745  INFO main:402 - Fitness solucion: 45.0
19:21:01,745  INFO main:403 - Indice: 49
19:21:01,745  INFO main:404 - Generacion: 0
19:21:01,746  INFO main:405 - Rechazados: 44
19:21:01,746  INFO main:417 - Individuo Solucion: {29,224,2,0,16,3,178,7,208,91,98,15,56,12,82,175,69,28,92,39,108,207,215,46,34,132,222,184,37,61,130,211,73,243,239,38,117,156,181,27,4,6,225,192,94,32,141,101,76,21,139,188,78,122,234,249,31,171,72,201,217,174,241,9,226,79,50,30,177,22,159,162,97,10,59,17,71,220,62,87,237,131,11,85,232,60,185,24,83,216,120,155,110,26,74,63,218,113,64,42,33,205,158,140,146,55,173,135,244,58,124,214,48,99,202,242,176,25,100,102,43,44,88,84,125,36,96,165,70,238,123,164,198,138,227,1,53,203,18,221,143,115,80,196,200,40,160,151,134,193,65,126,35,106,116,49,229,41,45,127,147,109,149,111,212,206,128,180,75,129,233,52,148,95,47,246,119,90,194,223,112,81,219,230,137,51,77,5,107,54,68,179,121,105,199,195,13,118,57,186,168,14,136,169,133,167,23,248,20,67,104,161,152,190,145,19,210,86,209,247,189,150,172,66,157,204,153,89,231,235,163,236,8,144,182,187,191,114,213,103,197,142,183,240,245,228,170,93,166,154}

19:21:01,747  INFO main:418 - *****************************************************
19:21:03,671  INFO main:401 - ****************Corrida 14 ************************
19:21:03,672  INFO main:402 - Fitness solucion: 44.0
19:21:03,672  INFO main:403 - Indice: 49
19:21:03,672  INFO main:404 - Generacion: 4
19:21:03,672  INFO main:405 - Rechazados: 49
19:21:03,673  INFO main:417 - Individuo Solucion: {7,118,233,21,15,26,25,177,139,2,78,75,198,175,248,24,162,229,237,43,171,141,231,56,140,226,116,85,17,92,86,23,83,242,3,82,107,58,178,227,69,176,207,213,172,98,6,95,169,39,147,16,148,183,167,249,57,210,206,77,235,28,189,214,37,87,223,72,155,196,165,218,50,137,157,97,101,49,123,41,132,104,122,110,228,76,156,136,62,0,186,13,103,91,121,19,135,64,61,204,182,129,240,125,146,8,47,238,159,40,234,113,112,30,117,102,55,18,201,191,93,59,184,106,247,202,119,126,5,246,99,208,166,154,152,108,73,209,161,105,200,194,164,54,230,179,84,244,35,205,124,27,9,29,236,120,111,52,79,48,245,32,20,89,36,51,114,133,174,211,115,45,239,144,38,44,1,217,53,65,60,145,67,88,232,100,109,11,80,221,149,68,163,197,63,168,94,138,199,130,225,127,4,71,81,31,192,195,42,222,153,131,66,180,220,158,170,143,181,243,46,188,173,70,190,215,185,33,12,74,224,34,193,14,22,10,219,96,203,90,150,151,216,128,134,212,142,187,160,241}

19:21:03,673  INFO main:418 - *****************************************************
19:21:05,656  INFO main:401 - ****************Corrida 15 ************************
19:21:05,656  INFO main:402 - Fitness solucion: 45.0
19:21:05,657  INFO main:403 - Indice: 49
19:21:05,657  INFO main:404 - Generacion: 0
19:21:05,657  INFO main:405 - Rechazados: 46
19:21:05,658  INFO main:417 - Individuo Solucion: {159,147,151,222,158,139,12,10,28,239,107,27,37,41,14,202,245,190,200,221,236,154,75,155,7,19,18,211,54,128,224,57,177,81,50,61,230,40,166,68,30,25,67,83,46,38,72,5,91,241,77,47,219,32,182,95,137,29,87,145,243,90,207,100,163,108,172,58,129,88,74,118,136,142,33,246,97,193,79,231,247,16,176,98,93,39,122,24,42,92,134,34,60,52,66,140,178,115,110,125,135,113,82,185,209,3,114,15,205,111,164,173,119,63,31,120,116,36,131,106,86,170,195,45,229,223,22,217,157,196,248,123,20,124,51,44,48,130,133,201,152,96,121,59,89,6,71,80,203,64,94,198,55,11,234,188,17,13,238,235,189,192,242,226,1,109,117,227,141,220,237,208,249,53,35,2,171,228,156,168,199,127,70,49,132,244,233,210,218,169,180,212,214,187,104,197,9,56,216,8,160,73,181,62,143,99,102,174,69,162,43,150,138,144,26,206,161,184,213,204,101,146,194,165,0,23,4,112,215,65,191,225,126,76,153,78,149,186,105,183,103,175,21,240,232,148,179,85,84,167}

19:21:05,658  INFO main:418 - *****************************************************
19:21:07,662  INFO main:401 - ****************Corrida 16 ************************
19:21:07,663  INFO main:402 - Fitness solucion: 44.0
19:21:07,663  INFO main:403 - Indice: 49
19:21:07,663  INFO main:404 - Generacion: 1
19:21:07,664  INFO main:405 - Rechazados: 47
19:21:07,664  INFO main:417 - Individuo Solucion: {13,15,189,59,234,104,233,178,97,235,239,167,165,191,117,173,146,5,219,226,38,237,160,26,158,9,30,243,231,39,32,150,116,18,54,73,23,2,205,172,21,88,63,42,84,249,35,206,197,75,72,24,78,188,48,155,69,143,34,68,109,93,244,121,53,0,56,122,136,44,27,11,33,133,214,90,163,108,92,152,60,31,230,159,174,123,207,62,145,55,81,216,161,25,74,137,157,209,215,19,49,29,192,57,147,213,134,76,64,126,232,16,120,119,22,47,4,247,52,101,67,217,112,245,212,177,51,43,227,70,131,196,45,40,182,135,200,181,228,95,186,125,61,50,46,139,124,129,105,66,110,187,195,113,130,118,86,41,141,102,218,77,168,127,37,193,222,3,132,225,240,28,248,151,128,201,103,87,7,83,156,221,175,10,171,180,89,96,65,98,6,17,82,170,142,111,203,164,153,199,210,154,138,202,176,80,183,184,8,14,71,20,36,242,241,148,179,99,211,169,220,94,229,140,246,114,91,58,223,190,185,236,100,149,85,238,162,1,224,79,115,12,198,208,204,107,144,106,166,194}

19:21:07,664  INFO main:418 - *****************************************************
19:21:10,213  INFO main:401 - ****************Corrida 17 ************************
19:21:10,213  INFO main:402 - Fitness solucion: 45.0
19:21:10,214  INFO main:403 - Indice: 49
19:21:10,214  INFO main:404 - Generacion: 2
19:21:10,214  INFO main:405 - Rechazados: 43
19:21:10,215  INFO main:417 - Individuo Solucion: {198,70,104,15,42,32,158,81,22,80,45,97,244,180,229,169,211,163,71,113,19,60,209,16,128,228,189,27,40,241,108,218,179,79,54,201,184,171,92,234,61,55,78,101,126,164,155,2,83,93,49,230,28,72,63,29,0,48,11,9,98,24,46,147,23,236,44,156,217,85,36,37,3,12,59,10,123,125,226,4,47,75,69,58,232,7,99,181,165,193,120,64,20,135,107,30,102,240,208,203,204,87,67,43,56,95,145,223,178,161,31,65,91,185,52,192,199,132,94,233,117,140,116,219,103,231,139,66,112,227,129,153,73,14,96,109,25,154,33,89,142,183,157,216,115,166,90,167,100,248,124,68,131,170,76,188,53,182,239,149,122,34,190,245,143,5,111,51,212,148,249,88,134,173,175,39,133,150,137,50,106,195,86,246,35,138,210,74,242,119,220,144,152,168,114,214,141,77,160,6,146,38,162,221,186,224,130,118,202,82,110,18,213,105,187,1,57,172,200,191,205,243,197,235,136,215,26,159,222,247,21,225,196,62,121,127,84,13,8,17,41,151,207,238,194,237,206,177,176,174}

19:21:10,216  INFO main:418 - *****************************************************
19:21:12,461  INFO main:401 - ****************Corrida 18 ************************
19:21:12,461  INFO main:402 - Fitness solucion: 45.0
19:21:12,462  INFO main:403 - Indice: 49
19:21:12,462  INFO main:404 - Generacion: 3
19:21:12,462  INFO main:405 - Rechazados: 43
19:21:12,463  INFO main:417 - Individuo Solucion: {127,159,15,35,100,32,215,84,21,126,188,69,224,211,81,47,23,245,232,94,111,203,202,13,70,66,86,201,130,214,48,170,248,199,173,163,197,92,179,225,157,160,57,2,5,72,116,42,91,175,229,28,120,11,237,226,235,182,110,10,204,29,227,115,246,82,153,30,143,59,49,136,247,241,89,147,68,186,53,172,205,7,198,238,208,90,142,106,44,119,46,108,138,216,187,206,104,180,51,41,131,85,129,45,222,185,79,228,156,65,105,27,217,1,109,158,193,6,88,61,95,12,209,50,99,22,60,236,212,151,93,39,242,165,107,112,101,146,64,178,145,240,167,174,140,218,162,132,25,221,34,52,141,38,171,169,166,16,220,183,194,135,210,43,54,249,26,96,177,3,19,9,75,31,150,58,17,223,18,117,124,239,98,114,4,36,118,154,189,123,191,139,24,137,40,213,244,33,0,77,103,55,102,152,78,144,122,207,14,176,233,190,37,97,149,234,20,133,56,134,192,80,161,63,113,74,125,195,200,87,148,219,181,83,164,67,155,168,243,71,184,128,76,121,8,196,62,230,73,231}

19:21:12,463  INFO main:418 - *****************************************************
19:21:14,464  INFO main:401 - ****************Corrida 19 ************************
19:21:14,464  INFO main:402 - Fitness solucion: 46.0
19:21:14,465  INFO main:403 - Indice: 49
19:21:14,465  INFO main:404 - Generacion: 0
19:21:14,465  INFO main:405 - Rechazados: 37
19:21:14,466  INFO main:417 - Individuo Solucion: {186,16,11,188,5,7,120,26,149,42,230,52,242,232,121,187,33,39,84,237,216,43,136,152,94,34,21,244,111,83,235,128,36,44,220,67,32,22,246,63,209,61,100,9,247,17,62,24,165,15,8,143,18,78,6,59,4,2,88,225,130,208,77,46,54,227,182,212,176,107,57,41,92,19,98,104,234,117,30,206,80,50,69,226,38,162,155,106,31,167,91,142,178,56,112,48,25,177,124,122,179,118,101,171,47,87,133,241,68,215,74,60,158,160,138,207,195,70,102,139,40,157,200,189,211,175,140,58,79,108,148,203,29,214,223,14,240,132,194,141,181,191,249,245,147,72,154,13,163,97,37,145,95,168,45,0,238,12,146,116,239,28,35,210,170,193,129,236,105,134,3,96,103,180,161,197,73,110,125,137,126,23,135,119,231,90,99,219,243,190,27,166,76,192,217,85,228,109,144,204,196,213,173,164,114,71,75,81,183,1,86,123,222,156,127,64,221,229,151,199,169,233,172,82,159,224,218,198,113,53,93,89,66,205,10,55,153,202,248,65,201,174,115,184,150,51,131,49,20,185}

19:21:14,467  INFO main:418 - *****************************************************
19:21:16,742  INFO main:401 - ****************Corrida 20 ************************
19:21:16,743  INFO main:402 - Fitness solucion: 45.0
19:21:16,743  INFO main:403 - Indice: 49
19:21:16,743  INFO main:404 - Generacion: 3
19:21:16,744  INFO main:405 - Rechazados: 51
19:21:16,744  INFO main:417 - Individuo Solucion: {45,98,7,182,193,29,78,54,90,59,224,232,5,47,37,18,60,109,124,33,63,137,148,183,235,241,238,223,85,12,118,43,64,240,239,201,21,1,144,17,71,2,10,67,125,66,93,28,31,50,161,165,108,190,128,110,96,174,205,123,226,126,119,48,162,179,99,35,42,221,83,172,185,61,176,122,87,150,242,209,129,56,225,138,164,145,132,49,220,177,136,166,120,19,171,41,70,202,198,38,140,92,76,180,146,215,112,51,27,133,80,102,72,40,39,152,117,69,175,34,155,207,192,4,246,227,57,105,115,147,218,65,106,160,13,25,187,111,214,14,141,186,191,88,237,36,97,127,94,200,84,3,68,22,173,130,114,169,231,243,20,217,15,75,58,245,210,139,16,101,62,30,0,212,163,157,167,143,6,236,222,230,134,44,74,154,208,135,91,113,206,32,149,121,204,168,159,194,103,86,53,107,184,247,52,234,195,249,181,229,100,82,81,79,228,116,213,211,24,77,55,89,156,142,8,189,170,9,73,158,248,188,153,26,95,219,23,244,233,104,203,216,199,46,151,178,197,11,196,131}

19:21:16,745  INFO main:418 - *****************************************************
19:21:19,016  INFO main:401 - ****************Corrida 21 ************************
19:21:19,016  INFO main:402 - Fitness solucion: 44.0
19:21:19,017  INFO main:403 - Indice: 49
19:21:19,017  INFO main:404 - Generacion: 5
19:21:19,017  INFO main:405 - Rechazados: 52
19:21:19,018  INFO main:417 - Individuo Solucion: {3,7,0,207,77,232,55,56,62,111,48,242,116,209,247,46,40,66,187,92,119,75,35,216,137,76,226,102,211,27,20,26,38,245,83,79,175,12,86,41,104,147,201,23,145,82,190,95,160,202,218,60,105,52,155,44,141,189,177,199,188,239,224,24,134,110,143,237,74,195,174,70,93,36,117,192,159,204,206,213,164,5,71,241,212,28,9,193,197,107,94,234,196,146,131,168,47,29,178,121,15,223,138,152,172,127,235,219,54,236,30,87,158,163,136,106,14,51,183,225,13,171,59,103,214,167,240,69,176,21,153,72,139,161,148,238,203,112,50,210,151,99,4,124,64,98,149,1,230,170,31,49,65,2,220,96,101,186,58,88,34,227,249,17,185,222,81,140,108,43,208,233,115,123,73,32,10,244,16,118,37,100,97,243,126,18,125,89,19,135,150,42,165,120,11,246,132,45,91,128,22,200,248,215,114,57,133,144,109,180,191,61,194,198,184,217,25,33,154,130,221,173,231,181,142,113,8,129,90,39,156,67,53,85,78,157,205,228,122,182,68,80,6,169,84,162,229,179,166,63}

19:21:19,018  INFO main:418 - *****************************************************
19:21:21,329  INFO main:401 - ****************Corrida 22 ************************
19:21:21,330  INFO main:402 - Fitness solucion: 44.0
19:21:21,330  INFO main:403 - Indice: 49
19:21:21,330  INFO main:404 - Generacion: 4
19:21:21,331  INFO main:405 - Rechazados: 41
19:21:21,332  INFO main:417 - Individuo Solucion: {249,62,42,206,71,11,4,2,212,27,149,195,91,50,79,26,202,160,175,102,9,165,49,162,121,144,139,155,68,116,235,245,67,247,145,14,6,83,101,170,137,192,200,224,171,199,105,118,76,32,157,104,227,92,181,97,99,29,95,86,31,154,18,63,93,126,87,228,213,81,120,39,15,128,123,208,225,203,232,174,131,41,53,112,127,23,194,106,238,222,244,134,163,140,98,80,40,72,214,143,124,70,60,38,231,109,219,173,237,178,185,166,30,183,51,21,147,188,110,193,65,229,56,248,132,130,246,172,161,44,141,75,88,239,3,159,122,64,220,205,24,167,196,78,82,168,151,243,35,33,57,115,48,20,204,234,136,34,77,66,37,221,46,152,191,125,47,217,148,54,129,179,84,43,184,13,85,36,96,241,226,89,25,215,233,103,111,201,100,52,1,55,74,94,197,119,22,16,12,190,135,198,142,10,19,158,8,138,153,17,216,107,133,177,156,5,223,169,207,150,61,186,218,45,69,28,164,146,182,210,113,58,211,180,230,114,108,73,189,90,236,240,7,176,242,117,59,187,209,0}

19:21:21,332  INFO main:418 - *****************************************************
19:21:23,434  INFO main:401 - ****************Corrida 23 ************************
19:21:23,434  INFO main:402 - Fitness solucion: 44.0
19:21:23,435  INFO main:403 - Indice: 49
19:21:23,435  INFO main:404 - Generacion: 7
19:21:23,435  INFO main:405 - Rechazados: 51
19:21:23,436  INFO main:417 - Individuo Solucion: {12,51,232,62,21,4,182,184,30,14,225,49,245,151,163,35,204,192,195,7,58,149,191,243,93,112,43,202,74,104,216,199,29,181,27,95,9,237,201,15,42,97,135,100,69,239,77,154,189,2,44,146,147,137,86,223,76,26,153,61,41,140,68,143,105,193,186,125,81,228,160,134,170,120,176,6,203,180,218,236,0,52,240,96,59,83,169,71,91,46,224,56,98,102,18,32,212,138,38,174,142,133,73,144,85,48,210,214,1,79,141,103,31,108,209,107,101,132,117,34,110,187,113,183,10,220,206,122,247,241,111,70,208,92,233,200,5,57,178,19,238,90,65,47,213,88,66,22,72,16,211,185,145,87,242,115,207,124,230,123,13,114,221,219,80,226,37,235,23,139,39,121,231,20,11,179,99,229,167,171,158,165,84,109,119,116,162,159,24,82,157,89,55,94,175,205,172,128,53,197,222,173,17,152,234,156,194,217,45,136,198,196,8,118,188,166,129,60,127,33,148,164,64,126,177,227,150,168,106,248,50,63,36,130,40,28,54,246,3,244,75,161,190,78,131,25,67,215,155,249}

19:21:23,436  INFO main:418 - *****************************************************
19:21:25,753  INFO main:401 - ****************Corrida 24 ************************
19:21:25,754  INFO main:402 - Fitness solucion: 45.0
19:21:25,754  INFO main:403 - Indice: 48
19:21:25,754  INFO main:404 - Generacion: 0
19:21:25,755  INFO main:405 - Rechazados: 51
19:21:25,755  INFO main:417 - Individuo Solucion: {169,92,235,198,8,39,0,247,182,111,221,187,219,116,238,173,212,134,5,217,201,150,163,12,248,117,7,239,1,237,54,213,85,35,127,177,133,2,21,41,72,15,114,61,136,109,186,215,123,26,74,139,10,77,155,194,79,18,202,184,185,45,129,78,206,192,148,46,216,36,230,118,191,245,233,76,167,64,222,88,95,145,62,43,172,229,228,6,101,98,40,121,49,27,196,38,66,42,29,3,34,56,208,180,14,82,48,99,126,106,69,22,67,244,58,84,236,131,190,94,11,16,234,104,53,203,231,44,197,193,47,142,207,23,242,183,143,178,55,105,210,24,81,232,224,249,164,110,147,157,146,20,51,90,162,151,102,189,31,70,32,140,130,4,137,128,124,50,175,159,113,153,154,89,30,100,138,119,65,91,205,170,141,97,75,71,135,168,246,59,63,87,165,120,161,132,80,73,156,214,108,9,149,158,33,107,19,83,171,225,241,179,188,68,209,125,122,152,112,211,166,226,52,200,199,57,220,160,174,103,195,37,223,227,86,25,17,243,218,144,13,96,176,28,60,115,181,93,204,240}

19:21:25,756  INFO main:418 - *****************************************************
19:21:28,020  INFO main:401 - ****************Corrida 25 ************************
19:21:28,020  INFO main:402 - Fitness solucion: 45.0
19:21:28,021  INFO main:403 - Indice: 49
19:21:28,021  INFO main:404 - Generacion: 3
19:21:28,021  INFO main:405 - Rechazados: 48
19:21:28,022  INFO main:417 - Individuo Solucion: {199,27,246,8,160,43,248,36,23,34,76,112,3,16,219,176,139,51,220,178,207,235,190,152,238,25,55,137,84,239,156,244,147,20,53,88,163,31,230,59,78,213,237,100,57,2,208,60,87,121,47,81,138,45,97,181,149,50,194,19,21,184,212,158,15,226,68,146,42,170,215,234,71,35,134,98,46,101,113,86,111,224,90,29,177,11,106,37,74,56,79,52,211,144,77,9,32,18,107,123,63,75,153,49,83,102,4,162,159,7,110,175,10,0,95,64,241,30,116,89,39,65,62,165,6,117,58,114,179,161,70,93,154,130,231,125,173,151,189,69,233,132,109,240,188,191,24,243,38,206,242,164,48,13,33,115,44,66,124,61,216,168,54,245,202,72,94,229,185,41,92,148,14,145,28,108,82,232,183,126,142,167,221,119,198,17,209,40,187,201,222,236,174,133,127,99,200,214,197,223,91,217,131,155,141,192,12,143,205,22,80,218,67,228,171,150,172,129,203,249,169,157,227,1,105,120,103,118,195,73,225,135,96,247,5,85,196,136,104,204,122,180,182,26,186,140,166,210,193,128}

19:21:28,023  INFO main:418 - *****************************************************
19:21:30,164  INFO main:401 - ****************Corrida 26 ************************
19:21:30,164  INFO main:402 - Fitness solucion: 45.0
19:21:30,165  INFO main:403 - Indice: 49
19:21:30,165  INFO main:404 - Generacion: 0
19:21:30,165  INFO main:405 - Rechazados: 49
19:21:30,166  INFO main:417 - Individuo Solucion: {26,223,2,172,156,147,108,35,199,48,28,38,18,1,57,84,220,7,56,53,11,82,66,73,135,201,70,29,55,41,3,72,45,151,62,233,43,182,229,17,194,88,86,244,34,6,150,0,121,33,205,21,243,188,183,98,236,36,67,206,103,211,60,27,228,234,122,214,225,46,83,31,80,92,52,141,240,178,47,42,117,106,90,166,175,171,30,132,224,109,245,113,249,75,95,40,230,110,165,137,85,63,44,54,120,208,131,129,19,51,96,100,8,140,20,13,50,177,119,104,187,125,77,4,153,190,209,242,144,101,155,127,219,164,232,169,78,149,216,241,158,221,247,145,248,161,105,222,134,157,107,130,24,58,68,112,237,71,133,176,124,238,200,39,174,118,61,168,91,9,210,173,218,59,163,22,114,217,198,64,162,143,215,128,25,167,49,15,97,123,197,16,5,23,146,154,193,76,231,152,202,227,159,239,37,212,99,184,148,10,89,102,87,226,192,32,126,138,74,235,79,195,186,191,111,139,203,12,160,94,196,246,81,204,207,115,179,93,14,189,142,136,181,170,180,185,213,69,116,65}

19:21:30,166  INFO main:418 - *****************************************************
19:21:32,435  INFO main:401 - ****************Corrida 27 ************************
19:21:32,435  INFO main:402 - Fitness solucion: 45.0
19:21:32,436  INFO main:403 - Indice: 49
19:21:32,436  INFO main:404 - Generacion: 0
19:21:32,436  INFO main:405 - Rechazados: 52
19:21:32,437  INFO main:417 - Individuo Solucion: {2,194,86,166,57,212,19,176,225,229,11,242,173,28,8,146,117,216,233,9,34,13,150,26,31,190,25,42,55,115,63,177,206,64,17,156,141,37,40,30,90,15,240,248,74,208,159,68,99,97,152,78,228,43,186,75,51,220,18,36,7,22,178,189,84,107,120,163,109,114,35,243,96,222,44,85,181,14,53,32,161,113,214,143,118,59,236,54,77,106,158,135,119,105,221,58,91,133,207,218,49,167,123,195,235,136,70,62,138,183,157,128,21,140,5,139,88,125,110,41,103,38,153,148,230,249,130,172,188,227,20,89,46,121,116,171,174,247,71,224,93,104,169,142,10,100,6,69,60,82,73,234,87,238,198,81,112,241,237,56,23,209,98,215,39,102,179,83,1,155,3,29,165,197,239,200,65,79,111,210,131,108,12,33,47,162,245,50,124,76,48,134,144,199,137,145,16,94,191,168,232,244,132,192,160,72,202,246,217,193,205,27,126,204,24,223,219,127,211,95,45,52,61,154,196,170,164,203,187,201,180,226,231,67,122,185,182,213,184,175,147,129,80,101,149,66,4,92,0,151}

19:21:32,437  INFO main:418 - *****************************************************
19:21:34,727  INFO main:401 - ****************Corrida 28 ************************
19:21:34,728  INFO main:402 - Fitness solucion: 45.0
19:21:34,728  INFO main:403 - Indice: 49
19:21:34,728  INFO main:404 - Generacion: 1
19:21:34,729  INFO main:405 - Rechazados: 51
19:21:34,729  INFO main:417 - Individuo Solucion: {159,238,148,74,193,22,184,56,1,25,38,157,16,103,59,91,237,13,224,41,72,27,107,12,50,111,196,212,64,30,44,36,0,68,158,26,49,218,97,150,5,57,61,6,187,176,4,129,14,100,9,162,138,67,96,94,225,152,66,90,108,130,88,70,229,51,214,115,191,137,134,85,163,131,15,98,53,236,34,109,233,192,62,247,199,144,95,241,29,93,39,118,73,8,112,222,19,65,202,220,182,249,195,83,32,223,87,46,156,189,194,171,170,89,99,45,146,55,166,183,230,71,42,145,147,7,155,37,24,149,43,244,79,153,106,216,154,2,213,140,141,58,114,40,77,124,76,210,168,80,175,167,197,172,180,226,82,174,133,3,104,235,60,28,18,33,81,92,11,120,127,139,169,48,123,245,234,142,113,185,117,47,10,52,160,248,63,221,209,101,164,78,132,35,181,211,116,54,232,206,143,228,231,161,179,151,203,121,165,246,110,20,201,217,128,69,200,177,105,240,242,207,178,102,21,136,31,227,122,239,198,84,208,135,243,126,190,23,75,119,188,215,205,125,186,219,86,173,17,204}

19:21:34,730  INFO main:418 - *****************************************************
19:21:36,878  INFO main:401 - ****************Corrida 29 ************************
19:21:36,878  INFO main:402 - Fitness solucion: 45.0
19:21:36,879  INFO main:403 - Indice: 49
19:21:36,879  INFO main:404 - Generacion: 0
19:21:36,879  INFO main:405 - Rechazados: 51
19:21:36,880  INFO main:417 - Individuo Solucion: {244,22,9,234,19,56,100,40,74,30,246,249,3,42,68,23,102,11,38,227,28,50,205,148,200,14,219,185,39,48,75,183,86,82,2,34,186,163,6,83,98,58,208,46,92,24,29,104,162,187,233,214,119,53,54,232,195,63,149,231,164,78,65,230,189,33,93,177,21,150,73,113,223,18,90,101,62,140,159,224,210,84,184,216,87,103,154,167,107,106,116,45,179,247,153,25,134,176,105,4,228,165,128,44,193,139,235,191,226,94,10,248,237,131,229,245,31,203,41,241,242,198,170,137,144,0,109,70,52,212,121,49,236,202,17,89,125,141,80,147,133,114,64,59,36,136,71,51,55,197,171,138,32,199,130,180,79,173,145,60,57,13,5,112,99,96,161,143,225,168,181,152,155,188,192,126,61,20,166,110,108,129,243,182,135,76,132,88,120,240,146,43,111,95,85,81,204,118,217,196,238,172,124,220,156,178,157,67,35,206,222,1,213,201,47,127,27,72,218,37,16,158,215,211,194,239,115,117,174,12,122,69,8,190,142,66,209,77,123,160,26,7,169,151,91,97,175,221,207,15}

19:21:36,880  INFO main:418 - *****************************************************
19:21:36,881  INFO main:420 - Tiempo AGP: 1682
19:21:36,881  INFO main:422 - Promedio Final: 44
19:21:36,881  INFO main:424 - Promedio Generaciones: 0
19:21:36,882  INFO main:427 - Promedio Rechazos: 47
19:21:36,882  INFO main:430 - Promedio Defragmentacion: 1.2904000000000002
19:21:36,882  INFO main:432 - *****************Resultados********************
19:21:36,883  INFO main:434 - result: 43.0
19:21:36,883  INFO main:434 - result: 44.0
19:21:36,884  INFO main:434 - result: 45.0
19:21:36,884  INFO main:434 - result: 45.0
19:21:36,885  INFO main:434 - result: 46.0
19:21:36,885  INFO main:434 - result: 45.0
19:21:36,885  INFO main:434 - result: 45.0
19:21:36,885  INFO main:434 - result: 46.0
19:21:36,886  INFO main:434 - result: 45.0
19:21:36,886  INFO main:434 - result: 45.0
19:21:36,886  INFO main:434 - result: 44.0
19:21:36,887  INFO main:434 - result: 45.0
19:21:36,887  INFO main:434 - result: 46.0
19:21:36,887  INFO main:434 - result: 45.0
19:21:36,887  INFO main:434 - result: 44.0
19:21:36,888  INFO main:434 - result: 45.0
19:21:36,888  INFO main:434 - result: 44.0
19:21:36,888  INFO main:434 - result: 45.0
19:21:36,889  INFO main:434 - result: 45.0
19:21:36,889  INFO main:434 - result: 46.0
19:21:36,889  INFO main:434 - result: 45.0
19:21:36,889  INFO main:434 - result: 44.0
19:21:36,890  INFO main:434 - result: 44.0
19:21:36,890  INFO main:434 - result: 44.0
19:21:36,890  INFO main:434 - result: 45.0
19:21:36,890  INFO main:434 - result: 45.0
19:21:36,891  INFO main:434 - result: 45.0
19:21:36,891  INFO main:434 - result: 45.0
19:21:36,891  INFO main:434 - result: 45.0
19:21:36,891  INFO main:434 - result: 45.0
19:21:36,892  INFO main:436 - *****************Generaciones********************
19:21:36,892  INFO main:438 - Generacion: 0
19:21:36,892  INFO main:438 - Generacion: 0
19:21:36,893  INFO main:438 - Generacion: 0
19:21:36,893  INFO main:438 - Generacion: 0
19:21:36,893  INFO main:438 - Generacion: 0
19:21:36,894  INFO main:438 - Generacion: 0
19:21:36,894  INFO main:438 - Generacion: 0
19:21:36,894  INFO main:438 - Generacion: 0
19:21:36,895  INFO main:438 - Generacion: 0
19:21:36,895  INFO main:438 - Generacion: 0
19:21:36,895  INFO main:438 - Generacion: 0
19:21:36,895  INFO main:438 - Generacion: 0
19:21:36,896  INFO main:438 - Generacion: 0
19:21:36,896  INFO main:438 - Generacion: 0
19:21:36,896  INFO main:438 - Generacion: 0
19:21:36,896  INFO main:438 - Generacion: 0
19:21:36,897  INFO main:438 - Generacion: 0
19:21:36,897  INFO main:438 - Generacion: 0
19:21:36,897  INFO main:438 - Generacion: 0
19:21:36,898  INFO main:438 - Generacion: 0
19:21:36,898  INFO main:438 - Generacion: 0
19:21:36,898  INFO main:438 - Generacion: 0
19:21:36,898  INFO main:438 - Generacion: 0
19:21:36,899  INFO main:438 - Generacion: 0
19:21:36,899  INFO main:438 - Generacion: 0
19:21:36,899  INFO main:438 - Generacion: 0
19:21:36,899  INFO main:438 - Generacion: 0
19:21:36,899  INFO main:438 - Generacion: 0
19:21:36,900  INFO main:438 - Generacion: 0
19:21:36,900  INFO main:438 - Generacion: 0
