18:57:53,633  INFO main:168 - Logueando
19:00:55,680  INFO main:300 - Tiempo PreCalculo: 182045
19:00:55,681  INFO main:387 - ****************AG PERMUTACION****************
19:00:57,998  INFO main:401 - ****************Corrida 0 ************************
19:00:57,999  INFO main:402 - Fitness solucion: 42.0
19:00:57,999  INFO main:403 - Indice: 49
19:00:57,999  INFO main:404 - Generacion: 0
19:00:57,999  INFO main:405 - Rechazados: 6
19:00:58,000  INFO main:417 - Individuo Solucion: {88,79,68,57,97,10,72,89,0,54,96,29,30,2,71,73,55,15,7,39,26,33,81,12,91,13,6,86,83,21,87,5,31,23,9,27,11,66,28,24,37,80,85,65,36,17,53,35,99,44,14,52,62,42,46,1,34,50,67,40,20,18,61,41,3,84,32,58,43,48,16,49,69,98,90,38,64,95,19,75,59,8,45,22,78,25,70,92,82,74,76,4,93,51,47,94,56,77,63,60}

19:00:58,000  INFO main:418 - *****************************************************
19:00:58,773  INFO main:401 - ****************Corrida 1 ************************
19:00:58,773  INFO main:402 - Fitness solucion: 41.0
19:00:58,773  INFO main:403 - Indice: 47
19:00:58,773  INFO main:404 - Generacion: 7
19:00:58,773  INFO main:405 - Rechazados: 7
19:00:58,774  INFO main:417 - Individuo Solucion: {27,77,5,12,6,79,2,90,9,87,93,55,35,72,3,85,57,34,39,84,78,65,28,42,51,26,13,0,20,49,43,32,86,66,89,82,8,69,33,10,15,80,44,81,92,41,61,96,45,29,48,67,98,56,91,75,30,1,94,70,63,11,17,58,71,18,4,31,36,62,7,24,97,23,83,25,40,73,47,46,53,38,52,59,19,64,16,88,99,50,74,68,76,60,37,54,95,22,14,21}

19:00:58,774  INFO main:418 - *****************************************************
19:00:59,304  INFO main:401 - ****************Corrida 2 ************************
19:00:59,304  INFO main:402 - Fitness solucion: 42.0
19:00:59,305  INFO main:403 - Indice: 48
19:00:59,305  INFO main:404 - Generacion: 1
19:00:59,305  INFO main:405 - Rechazados: 4
19:00:59,305  INFO main:417 - Individuo Solucion: {63,29,77,39,82,10,17,87,15,85,27,58,81,24,71,76,37,35,12,32,5,34,26,31,91,21,92,60,68,54,38,59,53,57,96,41,0,48,9,90,88,80,42,46,98,78,69,84,45,2,93,3,55,8,79,49,16,19,66,50,30,89,94,51,97,33,65,61,52,56,20,64,44,7,73,62,28,43,86,11,72,23,13,75,95,25,74,36,99,6,14,70,40,67,1,4,83,47,18,22}

19:00:59,305  INFO main:418 - *****************************************************
19:00:59,785  INFO main:401 - ****************Corrida 3 ************************
19:00:59,786  INFO main:402 - Fitness solucion: 42.0
19:00:59,786  INFO main:403 - Indice: 47
19:00:59,786  INFO main:404 - Generacion: 0
19:00:59,787  INFO main:405 - Rechazados: 5
19:00:59,787  INFO main:417 - Individuo Solucion: {87,79,44,75,10,90,70,26,97,11,82,54,25,19,96,68,60,20,83,40,18,85,55,38,13,50,5,52,8,32,3,17,84,49,37,22,9,66,24,78,41,47,27,53,99,57,45,7,33,43,58,46,63,23,71,72,89,88,51,0,69,34,74,42,39,91,62,29,94,35,64,95,86,81,93,80,12,76,56,67,6,1,77,65,21,59,48,98,61,14,73,36,92,30,2,15,31,4,28,16}

19:00:59,788  INFO main:418 - *****************************************************
19:01:00,810  INFO main:401 - ****************Corrida 4 ************************
19:01:00,811  INFO main:402 - Fitness solucion: 41.0
19:01:00,811  INFO main:403 - Indice: 46
19:01:00,812  INFO main:404 - Generacion: 1
19:01:00,812  INFO main:405 - Rechazados: 8
19:01:00,813  INFO main:417 - Individuo Solucion: {42,8,5,0,14,30,52,76,96,19,62,61,48,20,29,9,31,43,44,87,15,25,28,47,46,24,75,45,84,39,22,90,60,37,82,53,36,78,16,59,65,89,10,35,12,99,23,17,7,79,93,49,63,83,38,55,40,72,88,34,67,92,50,11,74,54,77,57,85,66,68,3,2,73,18,95,26,69,70,27,32,94,33,13,86,71,6,91,41,21,80,4,1,56,58,81,97,51,98,64}

19:01:00,813  INFO main:418 - *****************************************************
19:01:01,837  INFO main:401 - ****************Corrida 5 ************************
19:01:01,837  INFO main:402 - Fitness solucion: 42.0
19:01:01,837  INFO main:403 - Indice: 47
19:01:01,838  INFO main:404 - Generacion: 1
19:01:01,838  INFO main:405 - Rechazados: 6
19:01:01,839  INFO main:417 - Individuo Solucion: {44,4,50,46,76,65,30,61,99,85,51,84,47,81,27,31,71,91,78,79,9,86,89,13,16,34,38,37,70,98,22,20,3,32,8,58,42,94,41,19,35,36,2,80,57,60,49,82,39,26,53,33,52,25,11,55,48,92,56,0,45,73,62,28,7,69,14,40,17,63,97,1,74,67,64,96,5,93,10,15,29,18,77,88,83,21,6,12,54,43,23,59,87,24,90,95,75,66,68,72}

19:01:01,839  INFO main:418 - *****************************************************
19:01:02,879  INFO main:401 - ****************Corrida 6 ************************
19:01:02,880  INFO main:402 - Fitness solucion: 42.0
19:01:02,880  INFO main:403 - Indice: 49
19:01:02,880  INFO main:404 - Generacion: 0
19:01:02,881  INFO main:405 - Rechazados: 5
19:01:02,891  INFO main:417 - Individuo Solucion: {96,65,1,95,68,2,4,8,55,15,85,76,6,54,14,36,20,72,71,98,10,31,67,78,61,26,90,91,87,11,23,5,81,37,52,47,22,74,75,12,53,51,84,39,82,45,18,77,44,21,29,43,7,89,59,83,42,94,41,38,49,9,17,69,93,19,0,13,79,92,60,88,28,66,32,56,63,40,27,48,64,70,57,25,50,58,24,30,73,3,46,34,35,33,16,99,86,62,97,80}

19:01:02,891  INFO main:418 - *****************************************************
19:01:03,888  INFO main:401 - ****************Corrida 7 ************************
19:01:03,889  INFO main:402 - Fitness solucion: 42.0
19:01:03,889  INFO main:403 - Indice: 48
19:01:03,890  INFO main:404 - Generacion: 0
19:01:03,890  INFO main:405 - Rechazados: 7
19:01:03,890  INFO main:417 - Individuo Solucion: {47,80,83,77,75,8,84,43,6,45,9,61,87,16,36,76,63,14,35,33,42,69,34,70,17,38,86,90,15,22,89,72,40,96,66,74,0,21,95,27,41,94,23,32,55,78,10,54,60,58,46,20,93,49,53,18,65,1,30,57,52,25,3,81,4,79,68,59,98,19,12,7,71,85,13,37,62,29,56,97,88,67,44,5,73,2,11,31,82,50,26,48,51,24,99,91,28,92,64,39}

19:01:03,891  INFO main:418 - *****************************************************
19:01:05,094  INFO main:401 - ****************Corrida 8 ************************
19:01:05,095  INFO main:402 - Fitness solucion: 41.0
19:01:05,095  INFO main:403 - Indice: 49
19:01:05,096  INFO main:404 - Generacion: 4
19:01:05,096  INFO main:405 - Rechazados: 5
19:01:05,097  INFO main:417 - Individuo Solucion: {52,61,19,67,22,78,17,25,16,27,70,35,96,36,6,84,11,51,62,54,86,50,81,53,44,42,20,37,43,68,60,10,63,91,98,26,77,23,9,69,94,38,82,83,41,79,93,64,57,85,71,3,95,28,33,99,55,0,75,14,72,80,49,88,29,1,87,12,31,7,92,73,45,65,47,89,74,97,39,30,58,48,32,4,21,34,90,13,15,2,24,66,56,5,76,59,8,40,18,46}

19:01:05,097  INFO main:418 - *****************************************************
19:01:05,914  INFO main:401 - ****************Corrida 9 ************************
19:01:05,915  INFO main:402 - Fitness solucion: 41.0
19:01:05,915  INFO main:403 - Indice: 47
19:01:05,915  INFO main:404 - Generacion: 4
19:01:05,916  INFO main:405 - Rechazados: 6
19:01:05,916  INFO main:417 - Individuo Solucion: {64,62,56,19,28,8,15,1,21,72,81,30,25,65,24,20,33,44,86,53,47,58,36,4,34,75,55,66,0,94,37,85,42,49,54,35,82,18,78,13,11,99,90,68,91,7,57,32,48,60,74,14,61,69,71,63,40,88,97,52,92,45,96,89,2,5,9,12,77,98,23,67,43,84,41,29,26,38,83,46,50,73,87,6,16,59,95,17,22,76,80,3,31,51,79,93,10,39,27,70}

19:01:05,917  INFO main:418 - *****************************************************
19:01:06,776  INFO main:401 - ****************Corrida 10 ************************
19:01:06,777  INFO main:402 - Fitness solucion: 42.0
19:01:06,777  INFO main:403 - Indice: 48
19:01:06,777  INFO main:404 - Generacion: 0
19:01:06,778  INFO main:405 - Rechazados: 8
19:01:06,778  INFO main:417 - Individuo Solucion: {6,36,11,1,41,8,18,91,17,77,88,2,27,7,50,60,38,26,87,34,19,22,45,90,93,98,89,39,97,28,23,49,42,84,65,66,57,70,25,44,69,35,13,0,81,72,43,51,31,55,14,64,3,47,9,12,79,21,52,15,63,10,82,58,74,30,24,94,54,46,20,56,5,33,86,92,16,85,76,73,99,83,37,59,62,4,68,95,40,32,78,96,71,80,29,61,75,67,53,48}

19:01:06,779  INFO main:418 - *****************************************************
19:01:07,816  INFO main:401 - ****************Corrida 11 ************************
19:01:07,817  INFO main:402 - Fitness solucion: 42.0
19:01:07,817  INFO main:403 - Indice: 48
19:01:07,818  INFO main:404 - Generacion: 0
19:01:07,818  INFO main:405 - Rechazados: 6
19:01:07,819  INFO main:417 - Individuo Solucion: {89,76,75,82,3,0,8,86,27,17,81,30,74,91,13,28,65,98,80,18,44,24,95,61,78,33,10,96,23,53,41,39,12,25,15,54,14,56,2,26,97,58,69,34,43,22,20,7,47,57,11,19,68,72,70,9,32,79,71,83,92,46,6,49,59,85,88,51,38,94,55,45,1,90,35,42,67,52,50,62,64,48,40,66,31,87,63,21,99,29,16,60,93,5,4,73,36,84,77,37}

19:01:07,819  INFO main:418 - *****************************************************
19:01:08,835  INFO main:401 - ****************Corrida 12 ************************
19:01:08,836  INFO main:402 - Fitness solucion: 41.0
19:01:08,836  INFO main:403 - Indice: 46
19:01:08,837  INFO main:404 - Generacion: 3
19:01:08,837  INFO main:405 - Rechazados: 6
19:01:08,837  INFO main:417 - Individuo Solucion: {89,2,69,85,97,8,11,20,94,9,75,1,49,58,52,74,91,42,39,96,22,31,41,84,81,44,46,59,14,64,47,18,92,17,55,25,26,68,32,73,30,99,33,63,57,34,48,0,51,70,62,98,50,29,88,35,61,24,38,79,60,80,5,53,37,27,65,3,71,19,77,6,72,87,45,54,28,12,86,21,7,43,95,66,23,36,10,56,4,76,90,93,67,83,16,13,78,40,82,15}

19:01:08,838  INFO main:418 - *****************************************************
19:01:09,833  INFO main:401 - ****************Corrida 13 ************************
19:01:09,833  INFO main:402 - Fitness solucion: 41.0
19:01:09,834  INFO main:403 - Indice: 48
19:01:09,834  INFO main:404 - Generacion: 0
19:01:09,834  INFO main:405 - Rechazados: 6
19:01:09,835  INFO main:417 - Individuo Solucion: {86,17,18,85,1,14,64,28,15,50,25,9,31,63,68,75,35,29,94,99,8,6,48,32,0,62,7,55,52,95,34,70,61,23,44,19,54,83,65,51,38,40,11,36,41,67,97,66,96,57,26,10,89,87,78,33,30,13,4,98,77,58,5,93,42,20,69,59,2,22,60,88,47,79,24,84,27,71,74,16,82,72,49,43,46,76,39,90,12,92,81,37,73,53,21,45,80,3,91,56}

19:01:09,835  INFO main:418 - *****************************************************
19:01:10,835  INFO main:401 - ****************Corrida 14 ************************
19:01:10,835  INFO main:402 - Fitness solucion: 41.0
19:01:10,836  INFO main:403 - Indice: 48
19:01:10,836  INFO main:404 - Generacion: 0
19:01:10,836  INFO main:405 - Rechazados: 8
19:01:10,837  INFO main:417 - Individuo Solucion: {67,89,83,99,69,31,2,60,38,96,81,4,1,10,92,15,44,55,19,11,91,71,57,6,21,65,40,93,78,53,25,82,74,18,27,37,12,47,64,36,22,16,26,87,54,17,7,20,35,42,95,70,23,80,50,46,76,29,28,41,45,34,56,48,13,9,59,68,72,32,61,43,73,30,66,98,0,3,85,77,88,97,49,39,62,63,86,75,14,33,52,24,8,79,90,58,51,84,94,5}

19:01:10,837  INFO main:418 - *****************************************************
19:01:11,828  INFO main:401 - ****************Corrida 15 ************************
19:01:11,829  INFO main:402 - Fitness solucion: 42.0
19:01:11,829  INFO main:403 - Indice: 49
19:01:11,830  INFO main:404 - Generacion: 0
19:01:11,830  INFO main:405 - Rechazados: 6
19:01:11,830  INFO main:417 - Individuo Solucion: {92,87,0,6,3,70,64,23,9,2,43,1,90,73,22,51,95,98,7,24,86,26,62,71,48,8,82,36,97,46,79,10,30,55,60,32,21,15,96,42,54,47,63,56,27,18,44,68,80,37,40,59,78,38,57,67,76,81,11,12,29,16,58,61,91,39,49,50,25,13,93,84,65,45,75,4,20,52,85,74,66,19,31,94,88,35,99,69,77,72,17,53,41,14,33,28,83,34,5,89}

19:01:11,831  INFO main:418 - *****************************************************
19:01:12,825  INFO main:401 - ****************Corrida 16 ************************
19:01:12,826  INFO main:402 - Fitness solucion: 42.0
19:01:12,826  INFO main:403 - Indice: 49
19:01:12,826  INFO main:404 - Generacion: 0
19:01:12,827  INFO main:405 - Rechazados: 5
19:01:12,827  INFO main:417 - Individuo Solucion: {88,7,60,89,86,57,94,2,67,20,33,95,90,18,55,13,76,19,29,10,70,84,50,21,97,85,53,23,14,17,9,68,58,37,51,39,75,56,5,52,32,40,24,66,12,49,54,44,92,25,8,82,83,15,38,11,48,4,63,80,3,27,81,72,47,87,34,42,78,6,59,96,74,30,0,26,43,93,69,79,46,64,35,61,31,99,62,65,22,77,98,28,36,16,91,41,73,1,71,45}

19:01:12,827  INFO main:418 - *****************************************************
19:01:13,826  INFO main:401 - ****************Corrida 17 ************************
19:01:13,827  INFO main:402 - Fitness solucion: 42.0
19:01:13,827  INFO main:403 - Indice: 49
19:01:13,828  INFO main:404 - Generacion: 0
19:01:13,828  INFO main:405 - Rechazados: 6
19:01:13,829  INFO main:417 - Individuo Solucion: {1,11,17,30,15,32,39,99,35,50,61,24,73,12,46,55,93,49,67,29,36,97,9,10,8,14,18,44,27,41,62,65,43,2,5,76,28,20,84,34,91,19,3,59,89,25,80,60,53,54,87,13,26,7,40,58,16,6,66,72,47,57,88,21,38,33,96,4,74,23,75,51,22,92,81,82,98,48,78,70,0,31,69,77,56,45,64,42,94,85,79,90,71,95,63,83,68,86,37,52}

19:01:13,830  INFO main:418 - *****************************************************
19:01:14,928  INFO main:401 - ****************Corrida 18 ************************
19:01:14,928  INFO main:402 - Fitness solucion: 41.0
19:01:14,928  INFO main:403 - Indice: 47
19:01:14,929  INFO main:404 - Generacion: 0
19:01:14,929  INFO main:405 - Rechazados: 7
19:01:14,929  INFO main:417 - Individuo Solucion: {64,89,6,32,9,25,26,21,48,1,63,92,73,60,50,0,41,78,87,28,66,71,15,79,5,85,54,57,14,13,43,36,4,39,40,30,19,90,44,35,2,82,52,93,94,38,58,88,53,77,29,99,98,33,49,55,62,11,45,23,27,42,31,12,24,86,70,68,22,3,34,16,72,56,97,10,20,46,18,81,59,83,47,91,69,80,96,61,67,75,7,74,76,84,8,51,17,65,37,95}

19:01:14,929  INFO main:418 - *****************************************************
19:01:15,715  INFO main:401 - ****************Corrida 19 ************************
19:01:15,715  INFO main:402 - Fitness solucion: 42.0
19:01:15,715  INFO main:403 - Indice: 48
19:01:15,715  INFO main:404 - Generacion: 0
19:01:15,716  INFO main:405 - Rechazados: 6
19:01:15,716  INFO main:417 - Individuo Solucion: {2,15,73,93,44,6,69,21,33,27,43,7,71,85,72,98,97,51,42,79,65,13,70,57,24,23,92,0,62,29,90,8,48,55,20,32,25,28,39,41,30,10,91,60,64,89,9,63,68,87,46,52,4,94,37,80,14,19,47,12,50,3,95,36,56,26,77,58,5,40,1,67,17,61,11,88,83,16,84,81,82,86,49,35,76,31,75,54,22,53,78,66,45,59,38,99,96,34,74,18}

19:01:15,716  INFO main:418 - *****************************************************
19:01:16,497  INFO main:401 - ****************Corrida 20 ************************
19:01:16,497  INFO main:402 - Fitness solucion: 42.0
19:01:16,497  INFO main:403 - Indice: 47
19:01:16,498  INFO main:404 - Generacion: 0
19:01:16,498  INFO main:405 - Rechazados: 8
19:01:16,498  INFO main:417 - Individuo Solucion: {70,1,12,93,42,78,51,35,90,80,67,11,15,79,84,40,86,89,77,0,4,99,27,88,36,8,30,25,49,71,33,58,16,28,68,2,19,23,47,95,24,13,39,44,31,82,3,98,17,63,65,14,18,43,62,97,72,81,48,60,57,38,94,45,9,50,56,52,91,92,10,37,41,5,26,75,61,64,53,69,34,6,20,83,32,54,76,74,96,29,46,21,66,73,7,55,59,22,85,87}

19:01:16,498  INFO main:418 - *****************************************************
19:01:17,451  INFO main:401 - ****************Corrida 21 ************************
19:01:17,452  INFO main:402 - Fitness solucion: 41.0
19:01:17,452  INFO main:403 - Indice: 48
19:01:17,453  INFO main:404 - Generacion: 4
19:01:17,453  INFO main:405 - Rechazados: 7
19:01:17,453  INFO main:417 - Individuo Solucion: {81,24,9,18,13,2,95,36,54,31,1,85,89,42,92,37,8,55,84,41,99,58,6,4,96,80,93,26,86,77,28,51,10,53,0,29,61,67,87,30,39,48,98,40,63,71,78,33,50,68,65,12,66,19,73,52,32,17,88,72,94,43,60,22,3,75,7,64,62,74,14,20,15,47,57,34,27,45,23,21,59,49,70,97,90,25,69,11,91,79,35,56,38,5,46,82,76,83,44,16}

19:01:17,454  INFO main:418 - *****************************************************
19:01:18,427  INFO main:401 - ****************Corrida 22 ************************
19:01:18,427  INFO main:402 - Fitness solucion: 41.0
19:01:18,427  INFO main:403 - Indice: 48
19:01:18,428  INFO main:404 - Generacion: 0
19:01:18,428  INFO main:405 - Rechazados: 7
19:01:18,428  INFO main:417 - Individuo Solucion: {63,86,1,47,8,82,7,51,17,2,0,74,57,31,18,95,96,24,61,69,75,93,56,28,59,49,87,79,66,78,71,73,34,64,98,35,39,29,20,80,11,62,76,40,36,68,3,88,22,55,5,13,4,15,9,21,50,53,90,45,48,37,14,60,26,12,27,23,58,19,43,32,10,30,33,77,72,16,70,25,6,42,65,99,44,83,46,89,81,94,67,52,97,92,41,84,85,91,54,38}

19:01:18,429  INFO main:418 - *****************************************************
19:01:19,422  INFO main:401 - ****************Corrida 23 ************************
19:01:19,422  INFO main:402 - Fitness solucion: 42.0
19:01:19,423  INFO main:403 - Indice: 47
19:01:19,423  INFO main:404 - Generacion: 0
19:01:19,423  INFO main:405 - Rechazados: 4
19:01:19,424  INFO main:417 - Individuo Solucion: {48,9,41,11,24,10,79,93,70,12,85,57,43,20,69,34,77,78,65,13,1,27,18,59,42,22,63,56,2,16,97,40,87,3,38,0,32,35,28,67,52,46,21,29,73,33,26,74,99,15,96,53,84,72,8,62,6,60,82,68,7,50,90,98,61,80,55,86,44,5,75,83,92,89,39,66,51,19,17,91,47,37,71,58,45,23,49,14,4,88,31,64,95,94,36,76,81,25,30,54}

19:01:19,424  INFO main:418 - *****************************************************
19:01:20,417  INFO main:401 - ****************Corrida 24 ************************
19:01:20,417  INFO main:402 - Fitness solucion: 41.0
19:01:20,418  INFO main:403 - Indice: 49
19:01:20,418  INFO main:404 - Generacion: 6
19:01:20,418  INFO main:405 - Rechazados: 5
19:01:20,419  INFO main:417 - Individuo Solucion: {98,51,20,11,17,79,2,50,5,29,48,62,18,82,55,34,25,28,47,35,49,96,63,23,14,52,1,83,69,38,43,15,75,93,94,46,33,31,70,71,95,0,65,61,60,86,85,36,30,4,40,76,44,41,42,57,45,66,54,26,88,39,37,21,24,67,91,10,90,68,3,78,13,74,56,64,19,58,22,92,99,77,87,72,89,81,8,32,16,80,59,97,53,27,73,12,84,9,7,6}

19:01:20,419  INFO main:418 - *****************************************************
19:01:21,414  INFO main:401 - ****************Corrida 25 ************************
19:01:21,415  INFO main:402 - Fitness solucion: 42.0
19:01:21,415  INFO main:403 - Indice: 49
19:01:21,415  INFO main:404 - Generacion: 0
19:01:21,416  INFO main:405 - Rechazados: 5
19:01:21,416  INFO main:417 - Individuo Solucion: {97,7,38,80,69,98,17,30,9,20,14,25,41,26,22,11,68,21,12,28,39,40,35,61,91,60,70,29,77,19,73,42,37,81,1,48,99,46,54,56,27,49,92,93,55,76,44,6,4,18,3,47,33,36,0,16,57,89,71,90,82,8,2,51,10,72,15,13,23,59,31,5,86,58,75,87,74,94,45,79,32,24,66,65,34,85,78,62,43,96,63,88,67,52,50,83,95,53,84,64}

19:01:21,416  INFO main:418 - *****************************************************
19:01:22,347  INFO main:401 - ****************Corrida 26 ************************
19:01:22,347  INFO main:402 - Fitness solucion: 42.0
19:01:22,348  INFO main:403 - Indice: 47
19:01:22,348  INFO main:404 - Generacion: 2
19:01:22,348  INFO main:405 - Rechazados: 6
19:01:22,349  INFO main:417 - Individuo Solucion: {77,93,6,17,49,88,96,8,14,11,32,31,71,72,25,24,33,91,28,29,75,7,38,74,35,50,81,21,98,59,46,2,39,15,20,5,44,45,70,57,1,65,27,95,73,43,40,22,3,16,86,48,58,56,67,55,62,36,12,99,80,60,34,69,18,78,63,90,94,26,10,87,92,97,9,76,61,41,83,66,89,84,4,42,23,52,82,79,64,30,13,19,53,85,68,54,51,0,37,47}

19:01:22,349  INFO main:418 - *****************************************************
19:01:23,345  INFO main:401 - ****************Corrida 27 ************************
19:01:23,346  INFO main:402 - Fitness solucion: 42.0
19:01:23,347  INFO main:403 - Indice: 49
19:01:23,347  INFO main:404 - Generacion: 0
19:01:23,347  INFO main:405 - Rechazados: 4
19:01:23,348  INFO main:417 - Individuo Solucion: {18,90,64,80,21,84,89,69,0,26,60,47,13,1,86,36,81,6,22,71,29,70,32,59,41,77,27,76,85,30,73,42,55,31,48,15,97,87,78,93,34,61,51,20,75,25,99,17,38,5,83,82,23,9,3,24,33,14,91,2,67,12,44,40,98,37,8,57,10,11,68,66,96,58,46,7,62,28,79,49,4,19,94,45,63,72,54,65,95,16,43,52,88,50,39,56,53,92,74,35}

19:01:23,348  INFO main:418 - *****************************************************
19:01:24,349  INFO main:401 - ****************Corrida 28 ************************
19:01:24,349  INFO main:402 - Fitness solucion: 42.0
19:01:24,350  INFO main:403 - Indice: 47
19:01:24,350  INFO main:404 - Generacion: 0
19:01:24,350  INFO main:405 - Rechazados: 5
19:01:24,351  INFO main:417 - Individuo Solucion: {81,11,88,2,1,45,98,7,65,79,9,76,40,23,72,50,43,94,61,13,21,52,10,58,80,28,31,8,92,17,26,64,32,96,42,90,47,22,93,77,48,73,57,39,55,71,91,70,20,84,56,24,4,74,99,82,51,12,53,27,38,19,63,87,15,59,60,34,18,62,95,44,29,14,25,66,78,49,46,67,33,86,83,5,54,68,36,85,41,35,3,75,89,97,16,30,6,37,69,0}

19:01:24,351  INFO main:418 - *****************************************************
19:01:25,343  INFO main:401 - ****************Corrida 29 ************************
19:01:25,344  INFO main:402 - Fitness solucion: 42.0
19:01:25,344  INFO main:403 - Indice: 47
19:01:25,345  INFO main:404 - Generacion: 0
19:01:25,345  INFO main:405 - Rechazados: 7
19:01:25,345  INFO main:417 - Individuo Solucion: {44,2,95,36,6,48,14,60,8,94,30,26,91,96,25,98,21,97,11,81,24,72,28,5,47,41,56,1,68,31,63,29,38,43,34,40,90,32,55,16,74,27,12,92,50,59,18,35,66,84,85,51,4,0,71,83,99,62,65,75,39,52,61,13,53,64,20,49,46,42,88,54,37,33,89,15,45,78,17,57,67,79,77,58,22,82,10,23,73,19,87,76,3,69,9,80,70,93,86,7}

19:01:25,346  INFO main:418 - *****************************************************
19:01:25,346  INFO main:420 - Tiempo AGP: 985
19:01:25,346  INFO main:422 - Promedio Final: 41
19:01:25,347  INFO main:424 - Promedio Generaciones: 0
19:01:25,347  INFO main:427 - Promedio Rechazos: 6
19:01:25,348  INFO main:430 - Promedio Defragmentacion: 1.9403333333333328
19:01:25,348  INFO main:432 - *****************Resultados********************
19:01:25,348  INFO main:434 - result: 42.0
19:01:25,349  INFO main:434 - result: 41.0
19:01:25,349  INFO main:434 - result: 42.0
19:01:25,349  INFO main:434 - result: 42.0
19:01:25,349  INFO main:434 - result: 41.0
19:01:25,350  INFO main:434 - result: 42.0
19:01:25,350  INFO main:434 - result: 42.0
19:01:25,350  INFO main:434 - result: 42.0
19:01:25,351  INFO main:434 - result: 41.0
19:01:25,351  INFO main:434 - result: 41.0
19:01:25,351  INFO main:434 - result: 42.0
19:01:25,351  INFO main:434 - result: 42.0
19:01:25,352  INFO main:434 - result: 41.0
19:01:25,352  INFO main:434 - result: 41.0
19:01:25,352  INFO main:434 - result: 41.0
19:01:25,352  INFO main:434 - result: 42.0
19:01:25,353  INFO main:434 - result: 42.0
19:01:25,353  INFO main:434 - result: 42.0
19:01:25,353  INFO main:434 - result: 41.0
19:01:25,354  INFO main:434 - result: 42.0
19:01:25,354  INFO main:434 - result: 42.0
19:01:25,354  INFO main:434 - result: 41.0
19:01:25,354  INFO main:434 - result: 41.0
19:01:25,355  INFO main:434 - result: 42.0
19:01:25,355  INFO main:434 - result: 41.0
19:01:25,355  INFO main:434 - result: 42.0
19:01:25,356  INFO main:434 - result: 42.0
19:01:25,356  INFO main:434 - result: 42.0
19:01:25,356  INFO main:434 - result: 42.0
19:01:25,356  INFO main:434 - result: 42.0
19:01:25,357  INFO main:436 - *****************Generaciones********************
19:01:25,357  INFO main:438 - Generacion: 0
19:01:25,358  INFO main:438 - Generacion: 0
19:01:25,358  INFO main:438 - Generacion: 0
19:01:25,358  INFO main:438 - Generacion: 0
19:01:25,358  INFO main:438 - Generacion: 0
19:01:25,359  INFO main:438 - Generacion: 0
19:01:25,359  INFO main:438 - Generacion: 0
19:01:25,359  INFO main:438 - Generacion: 0
19:01:25,360  INFO main:438 - Generacion: 0
19:01:25,360  INFO main:438 - Generacion: 0
19:01:25,360  INFO main:438 - Generacion: 0
19:01:25,360  INFO main:438 - Generacion: 0
19:01:25,361  INFO main:438 - Generacion: 0
19:01:25,361  INFO main:438 - Generacion: 0
19:01:25,361  INFO main:438 - Generacion: 0
19:01:25,361  INFO main:438 - Generacion: 0
19:01:25,362  INFO main:438 - Generacion: 0
19:01:25,362  INFO main:438 - Generacion: 0
19:01:25,362  INFO main:438 - Generacion: 0
19:01:25,362  INFO main:438 - Generacion: 0
19:01:25,363  INFO main:438 - Generacion: 0
19:01:25,363  INFO main:438 - Generacion: 0
19:01:25,363  INFO main:438 - Generacion: 0
19:01:25,363  INFO main:438 - Generacion: 0
19:01:25,364  INFO main:438 - Generacion: 0
19:01:25,364  INFO main:438 - Generacion: 0
19:01:25,364  INFO main:438 - Generacion: 0
19:01:25,364  INFO main:438 - Generacion: 0
19:01:25,365  INFO main:438 - Generacion: 0
19:01:25,365  INFO main:438 - Generacion: 0
