21:53:23,470  INFO main:168 - Logueando
21:54:36,565  INFO main:300 - Tiempo PreCalculo: 73094
21:54:36,565  INFO main:387 - ****************AG PERMUTACION****************
21:54:37,219  INFO main:401 - ****************Corrida 0 ************************
21:54:37,219  INFO main:402 - Fitness solucion: 25.0
21:54:37,219  INFO main:403 - Indice: 27
21:54:37,219  INFO main:404 - Generacion: 0
21:54:37,220  INFO main:405 - Rechazados: 33
21:54:37,220  INFO main:417 - Individuo Solucion: {32,77,7,94,80,15,43,1,85,22,27,17,56,97,37,16,5,68,10,23,33,34,0,36,82,38,72,84,25,8,99,19,13,50,35,52,41,2,55,87,79,18,74,21,46,58,20,9,60,4,64,45,12,11,44,98,92,28,95,96,26,47,61,75,57,63,62,71,83,53,73,14,81,70,65,24,86,30,3,39,49,40,93,29,31,69,6,66,51,91,78,67,88,59,76,54,90,48,89,42}

21:54:37,220  INFO main:418 - *****************************************************
21:54:37,572  INFO main:401 - ****************Corrida 1 ************************
21:54:37,573  INFO main:402 - Fitness solucion: 24.0
21:54:37,573  INFO main:403 - Indice: 25
21:54:37,573  INFO main:404 - Generacion: 0
21:54:37,573  INFO main:405 - Rechazados: 31
21:54:37,573  INFO main:417 - Individuo Solucion: {19,1,7,92,79,98,4,81,77,70,59,87,12,5,2,17,84,82,57,11,21,10,99,58,24,52,61,64,88,69,94,48,25,6,37,22,9,0,27,66,20,78,14,95,50,86,96,3,36,56,55,71,15,33,29,53,40,16,26,60,63,91,45,8,49,97,18,32,62,31,42,80,13,85,90,68,67,89,74,54,43,93,30,28,83,34,65,41,73,44,76,75,35,47,23,39,46,72,51,38}

21:54:37,573  INFO main:418 - *****************************************************
21:54:37,765  INFO main:401 - ****************Corrida 2 ************************
21:54:37,765  INFO main:402 - Fitness solucion: 25.0
21:54:37,766  INFO main:403 - Indice: 27
21:54:37,766  INFO main:404 - Generacion: 0
21:54:37,766  INFO main:405 - Rechazados: 31
21:54:37,766  INFO main:417 - Individuo Solucion: {89,82,2,30,16,81,61,71,66,19,95,23,25,35,31,0,33,8,39,38,79,98,42,50,6,41,7,14,48,13,36,21,22,86,68,49,12,59,28,10,47,27,69,45,83,62,64,51,37,80,67,1,58,34,53,78,32,9,20,60,70,57,56,43,92,87,24,76,75,55,18,11,85,93,44,63,88,46,99,4,52,17,26,65,3,84,73,54,29,90,72,94,74,97,40,77,15,96,91,5}

21:54:37,766  INFO main:418 - *****************************************************
21:54:37,970  INFO main:401 - ****************Corrida 3 ************************
21:54:37,970  INFO main:402 - Fitness solucion: 25.0
21:54:37,970  INFO main:403 - Indice: 27
21:54:37,970  INFO main:404 - Generacion: 0
21:54:37,970  INFO main:405 - Rechazados: 34
21:54:37,970  INFO main:417 - Individuo Solucion: {72,92,61,5,4,97,16,28,10,62,7,67,35,3,65,91,13,1,15,11,17,66,73,25,36,46,22,26,71,77,12,29,95,33,9,34,52,96,24,14,63,32,6,59,98,19,94,43,37,45,48,54,20,99,82,76,89,51,80,70,38,41,58,27,31,60,40,30,79,81,93,75,39,78,21,50,8,74,56,53,23,83,88,87,2,90,69,42,55,68,49,44,84,57,86,85,64,18,47,0}

21:54:37,970  INFO main:418 - *****************************************************
21:54:38,157  INFO main:401 - ****************Corrida 4 ************************
21:54:38,157  INFO main:402 - Fitness solucion: 25.0
21:54:38,157  INFO main:403 - Indice: 27
21:54:38,157  INFO main:404 - Generacion: 0
21:54:38,157  INFO main:405 - Rechazados: 31
21:54:38,157  INFO main:417 - Individuo Solucion: {99,96,78,4,62,0,95,16,48,18,82,24,12,21,72,5,76,31,33,50,89,2,29,47,13,56,36,25,34,20,28,69,38,86,75,51,53,55,71,94,3,44,98,61,57,70,92,97,64,9,10,7,77,41,73,30,35,8,26,42,14,1,68,11,32,59,49,23,43,27,90,91,80,81,65,37,6,88,17,63,54,83,66,40,79,93,67,39,87,60,22,19,52,45,74,85,58,84,46,15}

21:54:38,158  INFO main:418 - *****************************************************
21:54:38,345  INFO main:401 - ****************Corrida 5 ************************
21:54:38,345  INFO main:402 - Fitness solucion: 25.0
21:54:38,345  INFO main:403 - Indice: 27
21:54:38,345  INFO main:404 - Generacion: 0
21:54:38,345  INFO main:405 - Rechazados: 27
21:54:38,345  INFO main:417 - Individuo Solucion: {63,49,6,92,11,8,10,65,15,78,20,31,3,1,19,41,73,68,33,55,28,37,98,36,32,86,72,13,61,34,22,95,87,88,90,25,2,4,51,46,14,47,38,67,57,40,80,39,27,50,70,5,29,58,81,17,26,76,84,93,85,99,45,52,16,71,66,77,96,60,64,44,30,62,24,69,43,82,35,91,56,12,97,23,54,48,79,18,21,0,9,89,53,7,83,94,75,42,59,74}

21:54:38,345  INFO main:418 - *****************************************************
21:54:38,531  INFO main:401 - ****************Corrida 6 ************************
21:54:38,531  INFO main:402 - Fitness solucion: 24.0
21:54:38,531  INFO main:403 - Indice: 25
21:54:38,531  INFO main:404 - Generacion: 8
21:54:38,531  INFO main:405 - Rechazados: 34
21:54:38,534  INFO main:417 - Individuo Solucion: {5,8,2,43,3,86,14,49,72,95,69,79,58,17,78,33,87,50,84,94,13,22,90,91,0,61,82,52,27,63,20,16,59,96,42,1,15,73,62,35,47,30,75,6,19,37,18,36,55,24,92,89,41,45,66,21,25,98,26,51,34,7,81,76,54,40,70,56,28,38,68,4,32,77,31,9,29,93,71,99,64,57,88,53,12,23,60,44,39,80,10,67,97,11,74,83,46,65,85,48}

21:54:38,534  INFO main:418 - *****************************************************
21:54:38,711  INFO main:401 - ****************Corrida 7 ************************
21:54:38,712  INFO main:402 - Fitness solucion: 24.0
21:54:38,712  INFO main:403 - Indice: 27
21:54:38,712  INFO main:404 - Generacion: 4
21:54:38,712  INFO main:405 - Rechazados: 26
21:54:38,712  INFO main:417 - Individuo Solucion: {34,81,70,71,99,2,89,62,42,5,32,86,20,14,79,39,84,30,12,41,68,43,40,60,76,57,58,10,9,29,1,50,3,54,38,91,53,13,11,25,95,33,85,16,92,24,22,26,36,48,28,69,98,94,23,73,74,66,4,88,55,21,61,46,45,93,67,87,0,90,51,65,56,44,82,31,59,6,49,97,47,52,63,17,96,78,83,35,19,27,75,64,18,8,37,72,7,80,15,77}

21:54:38,712  INFO main:418 - *****************************************************
21:54:38,886  INFO main:401 - ****************Corrida 8 ************************
21:54:38,886  INFO main:402 - Fitness solucion: 25.0
21:54:38,886  INFO main:403 - Indice: 27
21:54:38,886  INFO main:404 - Generacion: 0
21:54:38,886  INFO main:405 - Rechazados: 27
21:54:38,887  INFO main:417 - Individuo Solucion: {83,32,2,60,0,38,90,50,6,99,13,85,86,1,55,18,57,70,20,77,21,24,63,81,44,9,7,65,46,34,39,66,25,30,19,35,26,93,8,64,29,52,61,31,96,17,40,89,11,45,53,76,47,10,78,3,56,98,27,48,43,14,51,41,73,71,69,4,15,95,59,37,23,62,33,54,92,42,28,91,58,16,5,88,68,97,94,82,67,49,72,87,12,36,80,84,75,79,74,22}

21:54:38,887  INFO main:418 - *****************************************************
21:54:39,061  INFO main:401 - ****************Corrida 9 ************************
21:54:39,061  INFO main:402 - Fitness solucion: 25.0
21:54:39,061  INFO main:403 - Indice: 27
21:54:39,061  INFO main:404 - Generacion: 0
21:54:39,061  INFO main:405 - Rechazados: 28
21:54:39,061  INFO main:417 - Individuo Solucion: {76,89,19,0,98,72,1,10,2,12,11,74,24,4,41,54,91,7,46,17,38,50,84,39,80,47,45,52,42,31,36,16,86,18,3,40,87,60,6,58,99,28,56,69,62,20,23,94,93,13,65,53,35,8,30,92,88,67,85,68,9,22,75,70,43,77,81,59,34,55,63,44,73,96,95,29,83,25,15,66,48,71,64,79,78,32,51,14,90,57,21,97,37,26,82,49,27,5,33,61}

21:54:39,062  INFO main:418 - *****************************************************
21:54:39,233  INFO main:401 - ****************Corrida 10 ************************
21:54:39,234  INFO main:402 - Fitness solucion: 24.0
21:54:39,234  INFO main:403 - Indice: 27
21:54:39,234  INFO main:404 - Generacion: 5
21:54:39,234  INFO main:405 - Rechazados: 28
21:54:39,234  INFO main:417 - Individuo Solucion: {62,28,90,2,3,93,75,67,40,78,89,82,48,7,58,0,60,92,8,43,39,57,88,4,44,99,69,22,17,47,29,37,9,20,68,5,86,81,49,10,21,87,77,25,36,91,65,35,42,27,45,71,51,53,16,26,56,79,64,32,74,66,50,23,11,80,1,33,12,98,31,13,94,14,85,52,72,95,15,83,96,41,6,61,97,19,34,59,54,70,46,76,63,24,84,55,30,73,38,18}

21:54:39,234  INFO main:418 - *****************************************************
21:54:39,408  INFO main:401 - ****************Corrida 11 ************************
21:54:39,408  INFO main:402 - Fitness solucion: 25.0
21:54:39,408  INFO main:403 - Indice: 27
21:54:39,408  INFO main:404 - Generacion: 0
21:54:39,408  INFO main:405 - Rechazados: 31
21:54:39,408  INFO main:417 - Individuo Solucion: {2,0,55,24,40,89,71,82,16,10,87,61,86,9,21,30,6,98,36,96,23,13,41,63,4,78,25,34,99,48,53,67,19,3,18,47,50,68,69,95,73,52,35,5,43,27,22,90,8,39,56,29,79,94,20,45,62,17,85,37,65,28,74,81,91,77,84,51,7,92,42,72,76,54,59,46,31,38,93,49,80,57,75,44,88,32,60,97,64,11,15,12,58,83,70,26,1,33,66,14}

21:54:39,408  INFO main:418 - *****************************************************
21:54:39,601  INFO main:401 - ****************Corrida 12 ************************
21:54:39,601  INFO main:402 - Fitness solucion: 24.0
21:54:39,601  INFO main:403 - Indice: 27
21:54:39,601  INFO main:404 - Generacion: 6
21:54:39,601  INFO main:405 - Rechazados: 27
21:54:39,601  INFO main:417 - Individuo Solucion: {78,2,92,8,42,70,20,94,1,11,91,16,10,19,3,93,85,47,18,39,45,34,50,65,24,54,57,23,27,21,44,14,53,90,95,79,31,99,82,43,61,38,33,83,51,46,6,88,63,59,35,25,12,0,89,48,86,5,74,26,36,37,41,58,98,66,64,60,87,69,40,56,72,49,9,75,97,52,62,29,76,71,17,67,96,30,55,28,7,80,84,73,32,22,15,68,13,81,77,4}

21:54:39,601  INFO main:418 - *****************************************************
21:54:39,777  INFO main:401 - ****************Corrida 13 ************************
21:54:39,778  INFO main:402 - Fitness solucion: 24.0
21:54:39,778  INFO main:403 - Indice: 27
21:54:39,778  INFO main:404 - Generacion: 5
21:54:39,778  INFO main:405 - Rechazados: 32
21:54:39,778  INFO main:417 - Individuo Solucion: {93,4,91,21,39,48,8,55,6,31,64,84,62,14,70,16,54,58,92,95,96,44,80,72,68,37,90,65,3,94,57,89,56,61,49,26,7,19,18,23,66,9,98,17,63,99,22,74,20,50,33,42,59,40,78,73,15,82,87,36,27,28,69,13,85,34,41,30,0,71,97,51,77,47,29,67,2,86,45,10,79,35,12,25,5,76,1,24,60,88,81,32,43,53,52,83,75,38,11,46}

21:54:39,778  INFO main:418 - *****************************************************
21:54:39,953  INFO main:401 - ****************Corrida 14 ************************
21:54:39,953  INFO main:402 - Fitness solucion: 25.0
21:54:39,953  INFO main:403 - Indice: 27
21:54:39,953  INFO main:404 - Generacion: 0
21:54:39,953  INFO main:405 - Rechazados: 26
21:54:39,953  INFO main:417 - Individuo Solucion: {28,0,91,3,41,83,87,92,30,85,54,9,11,4,25,21,68,34,19,94,75,88,71,51,16,14,26,17,31,46,99,24,10,12,59,38,8,42,73,45,35,77,7,55,61,98,23,53,58,65,50,33,27,63,48,67,64,57,6,32,84,44,47,15,93,52,79,2,40,39,37,62,60,97,1,72,43,66,95,56,89,74,5,70,96,20,29,22,13,82,90,81,76,49,18,86,69,80,36,78}

21:54:39,953  INFO main:418 - *****************************************************
21:54:40,131  INFO main:401 - ****************Corrida 15 ************************
21:54:40,132  INFO main:402 - Fitness solucion: 25.0
21:54:40,132  INFO main:403 - Indice: 26
21:54:40,132  INFO main:404 - Generacion: 0
21:54:40,132  INFO main:405 - Rechazados: 31
21:54:40,132  INFO main:417 - Individuo Solucion: {94,4,14,76,83,64,19,98,35,60,55,34,25,10,91,8,27,92,21,29,20,9,13,81,82,42,45,43,41,32,6,89,30,7,73,75,99,57,53,15,56,84,97,63,52,18,3,16,44,12,80,67,48,74,51,36,11,0,78,37,38,2,65,39,1,90,68,79,17,24,40,69,33,47,62,31,5,26,93,87,85,96,66,23,70,58,28,50,88,95,71,72,61,46,54,22,77,49,59,86}

21:54:40,132  INFO main:418 - *****************************************************
21:54:40,310  INFO main:401 - ****************Corrida 16 ************************
21:54:40,310  INFO main:402 - Fitness solucion: 25.0
21:54:40,311  INFO main:403 - Indice: 27
21:54:40,311  INFO main:404 - Generacion: 0
21:54:40,311  INFO main:405 - Rechazados: 33
21:54:40,311  INFO main:417 - Individuo Solucion: {6,53,29,90,65,83,32,9,12,94,68,24,8,97,98,33,51,89,25,13,1,37,80,69,0,96,16,66,81,55,93,61,11,3,50,38,39,45,34,22,57,87,18,91,7,52,40,4,56,62,26,31,35,54,10,48,72,5,21,64,59,2,79,77,43,23,41,44,95,63,73,30,78,88,27,86,67,14,74,99,15,76,92,58,17,46,42,49,20,36,70,71,85,75,19,60,47,28,82,84}

21:54:40,311  INFO main:418 - *****************************************************
21:54:40,486  INFO main:401 - ****************Corrida 17 ************************
21:54:40,486  INFO main:402 - Fitness solucion: 24.0
21:54:40,486  INFO main:403 - Indice: 27
21:54:40,486  INFO main:404 - Generacion: 1
21:54:40,486  INFO main:405 - Rechazados: 26
21:54:40,486  INFO main:417 - Individuo Solucion: {93,3,8,34,12,83,72,60,99,9,1,15,29,66,7,2,30,28,94,62,59,44,35,32,27,14,96,65,50,23,73,58,0,81,4,78,85,25,20,37,22,18,42,21,90,95,82,61,17,49,16,57,98,10,45,54,77,11,97,40,43,79,47,19,38,75,46,41,39,67,52,26,70,64,56,84,36,24,76,5,55,63,6,89,13,69,91,86,68,31,48,87,51,92,88,74,53,80,33,71}

21:54:40,486  INFO main:418 - *****************************************************
21:54:40,662  INFO main:401 - ****************Corrida 18 ************************
21:54:40,662  INFO main:402 - Fitness solucion: 24.0
21:54:40,662  INFO main:403 - Indice: 27
21:54:40,662  INFO main:404 - Generacion: 4
21:54:40,662  INFO main:405 - Rechazados: 29
21:54:40,662  INFO main:417 - Individuo Solucion: {76,10,64,69,55,73,81,57,41,80,53,30,27,34,93,47,49,44,86,96,38,20,71,97,17,84,19,14,75,61,72,2,31,0,28,8,16,37,11,52,92,43,9,54,58,33,21,23,35,29,12,87,78,1,99,56,4,95,77,59,91,74,22,94,5,32,85,7,42,50,51,89,70,82,83,45,3,26,13,39,63,65,48,90,36,6,25,24,98,67,68,88,15,79,40,46,66,60,18,62}

21:54:40,662  INFO main:418 - *****************************************************
21:54:40,837  INFO main:401 - ****************Corrida 19 ************************
21:54:40,837  INFO main:402 - Fitness solucion: 25.0
21:54:40,838  INFO main:403 - Indice: 27
21:54:40,838  INFO main:404 - Generacion: 0
21:54:40,838  INFO main:405 - Rechazados: 30
21:54:40,838  INFO main:417 - Individuo Solucion: {6,77,4,8,3,76,2,17,83,13,70,95,58,5,91,27,32,82,28,18,89,43,97,96,78,72,98,0,23,1,99,37,44,39,53,64,86,26,88,38,34,52,56,30,73,68,42,59,74,10,47,7,80,71,48,61,63,35,12,65,55,67,79,33,16,21,50,36,31,93,25,15,46,22,57,14,24,20,85,29,81,62,54,92,51,94,49,40,60,41,11,66,19,9,45,90,75,87,84,69}

21:54:40,838  INFO main:418 - *****************************************************
21:54:41,014  INFO main:401 - ****************Corrida 20 ************************
21:54:41,014  INFO main:402 - Fitness solucion: 24.0
21:54:41,014  INFO main:403 - Indice: 27
21:54:41,014  INFO main:404 - Generacion: 6
21:54:41,014  INFO main:405 - Rechazados: 31
21:54:41,015  INFO main:417 - Individuo Solucion: {58,6,23,31,3,92,44,0,60,37,24,81,79,49,63,52,43,38,90,25,20,53,71,82,47,74,41,7,67,51,75,15,77,64,2,28,66,18,9,84,27,46,40,19,21,70,54,32,1,69,26,56,13,22,98,87,16,65,36,10,99,55,5,4,42,45,93,57,62,12,50,59,95,35,14,8,73,78,68,91,72,76,11,97,39,33,17,34,61,88,29,80,85,96,94,83,48,30,89,86}

21:54:41,015  INFO main:418 - *****************************************************
21:54:41,190  INFO main:401 - ****************Corrida 21 ************************
21:54:41,190  INFO main:402 - Fitness solucion: 25.0
21:54:41,190  INFO main:403 - Indice: 27
21:54:41,190  INFO main:404 - Generacion: 0
21:54:41,190  INFO main:405 - Rechazados: 29
21:54:41,190  INFO main:417 - Individuo Solucion: {7,46,57,43,80,31,11,23,97,50,84,77,83,25,10,27,96,18,92,68,35,16,53,85,87,9,90,12,75,4,36,37,24,0,1,8,3,89,56,32,78,41,42,72,19,67,38,74,88,65,48,44,95,47,86,59,2,64,5,17,99,58,54,81,30,66,52,20,93,98,51,69,70,82,21,22,79,63,55,34,13,29,28,39,14,40,26,62,61,91,6,73,76,49,45,15,71,60,94,33}

21:54:41,190  INFO main:418 - *****************************************************
21:54:41,364  INFO main:401 - ****************Corrida 22 ************************
21:54:41,364  INFO main:402 - Fitness solucion: 25.0
21:54:41,364  INFO main:403 - Indice: 27
21:54:41,364  INFO main:404 - Generacion: 0
21:54:41,364  INFO main:405 - Rechazados: 27
21:54:41,364  INFO main:417 - Individuo Solucion: {68,96,39,2,51,97,30,75,54,31,1,18,23,20,34,35,6,59,44,84,49,22,17,33,41,48,43,66,7,36,15,60,77,42,98,26,13,5,16,80,64,45,40,21,63,56,86,81,87,12,69,58,62,52,95,10,38,67,55,92,19,61,8,28,73,85,0,76,9,71,11,50,90,32,37,47,79,83,27,25,3,46,78,65,14,88,82,99,4,89,24,57,91,74,29,72,70,53,94,93}

21:54:41,364  INFO main:418 - *****************************************************
21:54:41,538  INFO main:401 - ****************Corrida 23 ************************
21:54:41,539  INFO main:402 - Fitness solucion: 24.0
21:54:41,539  INFO main:403 - Indice: 27
21:54:41,539  INFO main:404 - Generacion: 6
21:54:41,539  INFO main:405 - Rechazados: 25
21:54:41,539  INFO main:417 - Individuo Solucion: {22,73,24,0,75,26,25,10,96,8,95,42,31,5,37,60,91,89,88,92,93,97,18,4,21,71,32,55,66,30,36,86,61,90,2,69,84,39,94,20,27,99,3,59,54,14,67,35,19,82,50,28,40,16,62,23,74,65,85,43,33,46,77,49,98,34,44,41,58,52,56,45,1,12,13,80,29,70,11,57,63,6,17,48,38,7,64,47,83,15,87,76,51,78,81,72,9,79,53,68}

21:54:41,539  INFO main:418 - *****************************************************
21:54:41,712  INFO main:401 - ****************Corrida 24 ************************
21:54:41,712  INFO main:402 - Fitness solucion: 24.0
21:54:41,713  INFO main:403 - Indice: 27
21:54:41,713  INFO main:404 - Generacion: 2
21:54:41,713  INFO main:405 - Rechazados: 27
21:54:41,713  INFO main:417 - Individuo Solucion: {61,10,84,8,40,63,54,76,14,22,13,80,95,5,68,67,0,9,87,51,2,15,18,19,92,34,20,37,89,1,86,24,4,58,30,17,49,41,31,46,45,11,44,12,33,21,99,6,91,52,29,39,73,32,74,36,7,38,96,53,93,62,60,57,16,71,75,83,77,82,55,88,43,28,94,59,56,79,3,27,35,97,72,64,85,47,65,98,78,66,69,25,26,81,48,23,70,42,90,50}

21:54:41,713  INFO main:418 - *****************************************************
21:54:41,887  INFO main:401 - ****************Corrida 25 ************************
21:54:41,887  INFO main:402 - Fitness solucion: 25.0
21:54:41,887  INFO main:403 - Indice: 27
21:54:41,887  INFO main:404 - Generacion: 0
21:54:41,887  INFO main:405 - Rechazados: 33
21:54:41,887  INFO main:417 - Individuo Solucion: {6,89,73,4,7,95,19,52,88,36,44,82,1,87,2,18,29,71,81,92,16,61,9,38,8,14,33,37,26,25,54,77,66,31,15,24,99,80,22,50,11,27,98,34,68,93,51,13,55,94,85,35,40,62,59,60,96,42,83,39,23,90,45,56,3,58,72,91,69,48,76,46,20,64,57,97,49,75,53,12,79,78,86,10,74,47,28,67,65,70,43,32,5,17,21,30,41,63,0,84}

21:54:41,888  INFO main:418 - *****************************************************
21:54:42,062  INFO main:401 - ****************Corrida 26 ************************
21:54:42,062  INFO main:402 - Fitness solucion: 25.0
21:54:42,062  INFO main:403 - Indice: 27
21:54:42,062  INFO main:404 - Generacion: 0
21:54:42,063  INFO main:405 - Rechazados: 28
21:54:42,063  INFO main:417 - Individuo Solucion: {67,94,17,28,3,11,6,92,18,88,96,72,14,66,53,29,2,34,47,84,31,16,41,25,20,42,43,98,10,93,62,44,38,56,48,1,49,86,23,83,55,35,70,7,40,4,75,9,65,50,5,39,61,77,22,51,63,45,82,15,32,91,13,76,80,97,54,85,60,74,57,33,79,73,99,36,89,12,68,37,90,27,69,78,64,58,30,26,71,46,0,19,8,52,59,21,81,95,24,87}

21:54:42,063  INFO main:418 - *****************************************************
21:54:42,235  INFO main:401 - ****************Corrida 27 ************************
21:54:42,235  INFO main:402 - Fitness solucion: 25.0
21:54:42,235  INFO main:403 - Indice: 27
21:54:42,235  INFO main:404 - Generacion: 0
21:54:42,235  INFO main:405 - Rechazados: 26
21:54:42,235  INFO main:417 - Individuo Solucion: {4,38,0,10,82,11,14,78,32,47,12,19,20,6,98,79,87,31,15,30,23,27,35,56,51,36,70,26,8,34,13,21,17,94,16,33,57,42,77,40,74,62,66,95,49,54,39,24,71,5,76,75,37,7,68,53,97,3,9,60,80,91,63,67,89,88,72,64,65,69,61,1,85,43,44,29,45,2,41,99,28,25,52,96,22,58,83,55,90,81,59,48,84,50,92,18,86,46,73,93}

21:54:42,235  INFO main:418 - *****************************************************
21:54:42,407  INFO main:401 - ****************Corrida 28 ************************
21:54:42,407  INFO main:402 - Fitness solucion: 24.0
21:54:42,407  INFO main:403 - Indice: 27
21:54:42,407  INFO main:404 - Generacion: 6
21:54:42,407  INFO main:405 - Rechazados: 31
21:54:42,408  INFO main:417 - Individuo Solucion: {7,1,82,81,21,9,0,58,26,83,48,14,63,37,95,25,13,23,90,75,72,41,2,6,39,84,40,43,77,30,34,10,65,44,33,19,36,20,50,52,60,38,45,47,80,17,4,29,62,91,46,74,88,49,69,71,64,5,70,66,35,61,92,79,57,3,96,85,16,22,68,93,99,73,55,97,89,98,51,76,59,11,67,31,18,24,28,94,78,53,54,86,27,87,12,56,42,8,32,15}

21:54:42,408  INFO main:418 - *****************************************************
21:54:42,582  INFO main:401 - ****************Corrida 29 ************************
21:54:42,583  INFO main:402 - Fitness solucion: 24.0
21:54:42,583  INFO main:403 - Indice: 27
21:54:42,583  INFO main:404 - Generacion: 0
21:54:42,583  INFO main:405 - Rechazados: 31
21:54:42,583  INFO main:417 - Individuo Solucion: {75,95,24,51,20,0,10,17,7,43,68,83,94,80,25,14,30,39,23,27,16,91,15,71,34,12,22,62,82,35,38,6,29,86,5,42,44,73,66,97,13,67,19,3,63,50,8,4,37,84,89,56,58,98,57,46,64,40,78,45,81,88,79,65,9,59,55,26,74,85,61,49,93,54,11,69,99,1,96,60,47,77,32,18,28,41,76,33,90,87,2,31,36,21,52,70,72,53,48,92}

21:54:42,583  INFO main:418 - *****************************************************
21:54:42,583  INFO main:420 - Tiempo AGP: 199
21:54:42,583  INFO main:422 - Promedio Final: 24
21:54:42,583  INFO main:424 - Promedio Generaciones: 0
21:54:42,584  INFO main:427 - Promedio Rechazos: 29
21:54:42,584  INFO main:430 - Promedio Defragmentacion: 1.2126666666666668
21:54:42,584  INFO main:432 - *****************Resultados********************
21:54:42,584  INFO main:434 - result: 25.0
21:54:42,584  INFO main:434 - result: 24.0
21:54:42,584  INFO main:434 - result: 25.0
21:54:42,584  INFO main:434 - result: 25.0
21:54:42,584  INFO main:434 - result: 25.0
21:54:42,584  INFO main:434 - result: 25.0
21:54:42,584  INFO main:434 - result: 24.0
21:54:42,585  INFO main:434 - result: 24.0
21:54:42,585  INFO main:434 - result: 25.0
21:54:42,585  INFO main:434 - result: 25.0
21:54:42,585  INFO main:434 - result: 24.0
21:54:42,585  INFO main:434 - result: 25.0
21:54:42,585  INFO main:434 - result: 24.0
21:54:42,585  INFO main:434 - result: 24.0
21:54:42,585  INFO main:434 - result: 25.0
21:54:42,585  INFO main:434 - result: 25.0
21:54:42,585  INFO main:434 - result: 25.0
21:54:42,585  INFO main:434 - result: 24.0
21:54:42,585  INFO main:434 - result: 24.0
21:54:42,585  INFO main:434 - result: 25.0
21:54:42,586  INFO main:434 - result: 24.0
21:54:42,586  INFO main:434 - result: 25.0
21:54:42,586  INFO main:434 - result: 25.0
21:54:42,586  INFO main:434 - result: 24.0
21:54:42,586  INFO main:434 - result: 24.0
21:54:42,586  INFO main:434 - result: 25.0
21:54:42,586  INFO main:434 - result: 25.0
21:54:42,586  INFO main:434 - result: 25.0
21:54:42,586  INFO main:434 - result: 24.0
21:54:42,586  INFO main:434 - result: 24.0
21:54:42,586  INFO main:436 - *****************Generaciones********************
21:54:42,586  INFO main:438 - Generacion: 0
21:54:42,586  INFO main:438 - Generacion: 0
21:54:42,586  INFO main:438 - Generacion: 0
21:54:42,586  INFO main:438 - Generacion: 0
21:54:42,587  INFO main:438 - Generacion: 0
21:54:42,587  INFO main:438 - Generacion: 0
21:54:42,587  INFO main:438 - Generacion: 0
21:54:42,587  INFO main:438 - Generacion: 0
21:54:42,587  INFO main:438 - Generacion: 0
21:54:42,587  INFO main:438 - Generacion: 0
21:54:42,587  INFO main:438 - Generacion: 0
21:54:42,587  INFO main:438 - Generacion: 0
21:54:42,587  INFO main:438 - Generacion: 0
21:54:42,587  INFO main:438 - Generacion: 0
21:54:42,587  INFO main:438 - Generacion: 0
21:54:42,587  INFO main:438 - Generacion: 0
21:54:42,587  INFO main:438 - Generacion: 0
21:54:42,587  INFO main:438 - Generacion: 0
21:54:42,587  INFO main:438 - Generacion: 0
21:54:42,588  INFO main:438 - Generacion: 0
21:54:42,588  INFO main:438 - Generacion: 0
21:54:42,588  INFO main:438 - Generacion: 0
21:54:42,588  INFO main:438 - Generacion: 0
21:54:42,588  INFO main:438 - Generacion: 0
21:54:42,588  INFO main:438 - Generacion: 0
21:54:42,588  INFO main:438 - Generacion: 0
21:54:42,588  INFO main:438 - Generacion: 0
21:54:42,588  INFO main:438 - Generacion: 0
21:54:42,588  INFO main:438 - Generacion: 0
21:54:42,588  INFO main:438 - Generacion: 0
