17:11:44,840  INFO main:168 - Logueando
17:15:34,283  INFO main:300 - Tiempo PreCalculo: 229440
17:15:34,284  INFO main:387 - ****************AG PERMUTACION****************
17:15:36,758  INFO main:401 - ****************Corrida 0 ************************
17:15:36,758  INFO main:402 - Fitness solucion: 42.0
17:15:36,759  INFO main:403 - Indice: 49
17:15:36,759  INFO main:404 - Generacion: 1
17:15:36,759  INFO main:405 - Rechazados: 5
17:15:36,760  INFO main:417 - Individuo Solucion: {28,11,87,19,72,34,7,41,16,98,3,59,29,35,81,6,14,75,50,10,74,69,17,48,9,58,33,52,21,46,83,38,44,54,26,84,8,77,90,94,68,61,27,70,12,55,20,2,60,73,18,66,53,78,97,51,5,88,76,49,31,63,1,99,24,64,89,57,40,80,30,36,43,25,13,47,92,39,32,4,22,62,23,56,95,86,67,79,93,0,42,96,82,85,37,45,65,91,15,71}

17:15:36,760  INFO main:418 - *****************************************************
17:15:37,799  INFO main:401 - ****************Corrida 1 ************************
17:15:37,800  INFO main:402 - Fitness solucion: 42.0
17:15:37,800  INFO main:403 - Indice: 49
17:15:37,801  INFO main:404 - Generacion: 0
17:15:37,801  INFO main:405 - Rechazados: 6
17:15:37,802  INFO main:417 - Individuo Solucion: {84,71,22,21,17,18,19,70,61,55,76,20,27,49,14,63,34,91,42,62,92,40,60,0,6,85,2,29,28,11,83,30,97,54,93,44,12,52,1,15,7,75,38,95,90,26,79,73,48,98,72,53,43,16,9,25,23,87,41,82,68,33,59,89,56,47,13,32,37,81,99,78,5,57,65,46,4,10,77,80,74,35,94,50,66,96,45,51,8,88,3,24,86,31,67,58,39,36,69,64}

17:15:37,803  INFO main:418 - *****************************************************
17:15:39,620  INFO main:401 - ****************Corrida 2 ************************
17:15:39,621  INFO main:402 - Fitness solucion: 42.0
17:15:39,621  INFO main:403 - Indice: 49
17:15:39,621  INFO main:404 - Generacion: 0
17:15:39,621  INFO main:405 - Rechazados: 5
17:15:39,621  INFO main:417 - Individuo Solucion: {90,1,2,76,82,96,8,55,81,83,44,59,26,19,47,43,27,14,4,23,86,17,79,3,87,10,52,74,11,13,42,77,18,41,85,6,22,24,51,93,73,28,67,33,98,68,38,30,35,15,94,88,60,54,31,39,20,40,29,45,95,46,32,9,80,63,25,49,58,75,50,53,71,56,64,99,61,91,72,34,0,65,36,7,37,5,62,48,78,57,97,69,84,21,70,66,89,92,16,12}

17:15:39,622  INFO main:418 - *****************************************************
17:15:40,446  INFO main:401 - ****************Corrida 3 ************************
17:15:40,446  INFO main:402 - Fitness solucion: 41.0
17:15:40,447  INFO main:403 - Indice: 46
17:15:40,447  INFO main:404 - Generacion: 2
17:15:40,447  INFO main:405 - Rechazados: 7
17:15:40,447  INFO main:417 - Individuo Solucion: {38,74,35,29,30,91,58,37,28,41,64,13,46,90,82,84,21,33,62,39,73,36,55,27,31,76,52,50,67,20,19,54,0,63,53,24,56,79,26,85,9,11,77,48,1,7,25,65,68,15,44,72,60,57,8,18,16,45,99,69,47,78,12,6,23,98,61,95,80,40,22,32,94,96,66,97,42,10,81,89,87,2,51,71,34,14,49,93,4,70,88,17,92,86,75,43,3,59,83,5}

17:15:40,447  INFO main:418 - *****************************************************
17:15:40,966  INFO main:401 - ****************Corrida 4 ************************
17:15:40,966  INFO main:402 - Fitness solucion: 42.0
17:15:40,967  INFO main:403 - Indice: 49
17:15:40,967  INFO main:404 - Generacion: 1
17:15:40,967  INFO main:405 - Rechazados: 5
17:15:40,967  INFO main:417 - Individuo Solucion: {23,7,63,1,79,73,41,97,4,74,96,58,93,26,12,2,18,40,0,43,9,69,37,71,42,19,75,46,33,11,90,53,89,29,86,28,44,72,66,45,94,88,65,59,95,22,30,70,32,91,51,13,8,35,15,57,55,56,31,20,36,50,54,99,27,67,39,21,64,61,6,3,92,25,81,17,5,24,82,83,77,84,98,87,62,49,60,52,80,68,14,48,16,78,76,38,34,47,85,10}

17:15:40,967  INFO main:418 - *****************************************************
17:15:41,550  INFO main:401 - ****************Corrida 5 ************************
17:15:41,550  INFO main:402 - Fitness solucion: 42.0
17:15:41,551  INFO main:403 - Indice: 48
17:15:41,551  INFO main:404 - Generacion: 0
17:15:41,551  INFO main:405 - Rechazados: 5
17:15:41,551  INFO main:417 - Individuo Solucion: {82,12,0,13,7,83,81,32,19,10,36,93,88,63,57,9,11,47,89,73,28,68,34,8,43,95,25,27,51,79,64,30,59,20,53,80,24,77,49,46,56,33,35,18,5,21,6,90,84,97,29,74,71,91,78,85,60,87,86,39,48,2,52,17,67,15,99,23,96,22,40,4,31,41,14,1,42,38,66,44,75,72,55,54,58,50,69,26,61,62,65,37,3,94,70,92,16,98,76,45}

17:15:41,551  INFO main:418 - *****************************************************
17:15:42,134  INFO main:401 - ****************Corrida 6 ************************
17:15:42,134  INFO main:402 - Fitness solucion: 42.0
17:15:42,135  INFO main:403 - Indice: 48
17:15:42,135  INFO main:404 - Generacion: 0
17:15:42,135  INFO main:405 - Rechazados: 7
17:15:42,140  INFO main:417 - Individuo Solucion: {81,77,7,86,67,0,55,9,3,52,93,83,76,13,33,39,94,19,11,34,32,72,98,82,8,47,70,48,2,18,6,64,17,27,49,53,21,71,65,37,91,74,44,42,96,30,62,69,31,35,85,63,75,68,4,40,29,12,20,97,38,66,78,46,28,1,84,26,24,61,10,90,43,56,51,36,14,54,23,41,45,5,15,88,59,22,99,80,95,92,79,50,87,57,89,58,16,73,25,60}

17:15:42,140  INFO main:418 - *****************************************************
17:15:42,656  INFO main:401 - ****************Corrida 7 ************************
17:15:42,656  INFO main:402 - Fitness solucion: 42.0
17:15:42,656  INFO main:403 - Indice: 48
17:15:42,656  INFO main:404 - Generacion: 1
17:15:42,656  INFO main:405 - Rechazados: 6
17:15:42,656  INFO main:417 - Individuo Solucion: {20,79,58,44,64,27,28,14,69,68,96,26,30,29,5,43,31,8,52,56,18,59,3,33,15,51,65,91,17,60,54,93,70,21,13,57,99,73,66,4,38,88,76,9,61,34,1,72,2,95,83,62,98,41,89,39,37,55,48,35,6,86,82,84,78,10,7,49,50,77,75,11,47,32,94,67,19,46,40,23,74,63,45,24,90,85,71,12,92,80,16,36,87,25,97,53,22,0,81,42}

17:15:42,657  INFO main:418 - *****************************************************
17:15:43,350  INFO main:401 - ****************Corrida 8 ************************
17:15:43,351  INFO main:402 - Fitness solucion: 40.0
17:15:43,351  INFO main:403 - Indice: 48
17:15:43,352  INFO main:404 - Generacion: 2
17:15:43,352  INFO main:405 - Rechazados: 8
17:15:43,352  INFO main:417 - Individuo Solucion: {95,4,14,67,81,89,91,1,49,10,7,6,28,72,32,61,34,56,12,88,27,24,0,42,37,96,39,71,33,26,76,90,94,92,70,97,18,11,22,58,43,47,35,50,87,19,38,93,62,84,54,46,31,16,82,75,30,98,20,68,13,40,60,73,86,66,80,44,48,45,8,3,63,21,5,15,29,9,41,64,69,74,23,57,85,77,17,83,2,59,78,65,53,51,36,25,52,79,55,99}

17:15:43,352  INFO main:418 - *****************************************************
17:15:43,785  INFO main:401 - ****************Corrida 9 ************************
17:15:43,785  INFO main:402 - Fitness solucion: 42.0
17:15:43,785  INFO main:403 - Indice: 49
17:15:43,785  INFO main:404 - Generacion: 1
17:15:43,785  INFO main:405 - Rechazados: 4
17:15:43,785  INFO main:417 - Individuo Solucion: {9,1,11,23,19,26,25,88,29,32,68,50,95,18,97,6,89,40,70,54,0,93,81,69,13,39,49,52,17,64,96,7,65,31,48,78,35,43,12,87,67,55,56,79,63,30,27,38,82,45,74,98,14,83,28,21,5,8,46,15,22,24,91,51,92,66,44,36,41,42,99,58,80,37,20,94,72,77,2,57,10,75,33,62,60,90,3,71,73,53,61,76,85,16,84,59,34,86,4,47}

17:15:43,786  INFO main:418 - *****************************************************
17:15:44,203  INFO main:401 - ****************Corrida 10 ************************
17:15:44,203  INFO main:402 - Fitness solucion: 42.0
17:15:44,204  INFO main:403 - Indice: 48
17:15:44,204  INFO main:404 - Generacion: 0
17:15:44,204  INFO main:405 - Rechazados: 6
17:15:44,204  INFO main:417 - Individuo Solucion: {97,66,69,5,9,96,0,68,17,49,3,93,90,12,25,7,29,94,28,39,72,65,8,91,76,18,73,87,33,63,23,31,44,1,14,78,55,62,81,20,37,35,32,34,13,38,50,99,54,77,98,46,22,42,2,53,95,85,19,86,89,75,30,56,59,24,79,40,47,92,16,60,61,6,36,71,84,43,11,4,58,83,10,48,21,45,82,74,67,27,15,70,26,88,64,52,41,57,51,80}

17:15:44,204  INFO main:418 - *****************************************************
17:15:44,629  INFO main:401 - ****************Corrida 11 ************************
17:15:44,629  INFO main:402 - Fitness solucion: 42.0
17:15:44,629  INFO main:403 - Indice: 46
17:15:44,629  INFO main:404 - Generacion: 0
17:15:44,629  INFO main:405 - Rechazados: 5
17:15:44,629  INFO main:417 - Individuo Solucion: {29,10,6,1,18,51,0,12,11,23,5,68,28,84,49,98,4,43,90,92,44,54,61,56,22,38,53,59,95,33,73,87,34,21,39,37,15,45,70,32,57,64,80,13,71,83,93,99,74,40,60,65,72,9,81,20,7,88,2,30,46,41,31,3,25,26,82,89,76,62,8,35,24,78,50,79,75,94,85,19,77,67,86,63,66,27,17,97,91,55,36,69,14,58,42,52,48,47,16,96}

17:15:44,630  INFO main:418 - *****************************************************
17:15:45,063  INFO main:401 - ****************Corrida 12 ************************
17:15:45,063  INFO main:402 - Fitness solucion: 40.0
17:15:45,063  INFO main:403 - Indice: 47
17:15:45,064  INFO main:404 - Generacion: 9
17:15:45,065  INFO main:405 - Rechazados: 7
17:15:45,065  INFO main:417 - Individuo Solucion: {87,14,7,12,42,41,72,58,98,49,20,70,4,9,30,1,39,24,38,22,44,2,83,11,78,25,81,84,64,3,27,68,92,31,10,76,34,13,15,6,45,97,69,82,50,48,95,88,47,43,86,5,46,80,0,61,79,96,67,60,56,26,40,8,73,66,89,23,33,94,54,53,16,21,35,85,36,99,51,17,74,62,63,91,71,77,18,29,32,55,52,59,57,90,93,75,65,37,19,28}

17:15:45,065  INFO main:418 - *****************************************************
17:15:46,223  INFO main:401 - ****************Corrida 13 ************************
17:15:46,225  INFO main:402 - Fitness solucion: 42.0
17:15:46,226  INFO main:403 - Indice: 47
17:15:46,226  INFO main:404 - Generacion: 0
17:15:46,227  INFO main:405 - Rechazados: 5
17:15:46,227  INFO main:417 - Individuo Solucion: {51,28,78,98,7,0,17,66,2,89,79,5,86,68,38,18,10,16,59,6,36,63,41,49,72,97,9,99,76,56,3,30,33,1,75,44,15,96,69,34,20,4,47,64,91,25,21,62,24,11,8,65,85,12,92,42,71,14,82,27,57,31,74,67,55,61,84,32,77,22,87,81,13,80,50,45,19,53,70,94,29,88,46,58,39,35,73,52,48,37,93,83,95,90,23,60,43,26,40,54}

17:15:46,228  INFO main:418 - *****************************************************
17:15:46,999  INFO main:401 - ****************Corrida 14 ************************
17:15:46,999  INFO main:402 - Fitness solucion: 42.0
17:15:46,999  INFO main:403 - Indice: 47
17:15:47,000  INFO main:404 - Generacion: 0
17:15:47,000  INFO main:405 - Rechazados: 6
17:15:47,001  INFO main:417 - Individuo Solucion: {73,55,18,75,48,36,9,6,24,5,34,32,86,74,57,30,21,1,35,23,72,10,89,43,99,39,29,26,31,93,37,92,70,12,42,44,52,33,95,77,61,81,62,11,0,27,41,54,8,56,96,88,49,82,69,63,46,97,7,17,84,98,59,58,67,50,85,19,66,94,16,28,71,3,13,25,22,47,4,65,76,14,40,90,83,15,91,78,87,2,53,68,51,80,60,64,20,79,45,38}

17:15:47,001  INFO main:418 - *****************************************************
17:15:47,636  INFO main:401 - ****************Corrida 15 ************************
17:15:47,637  INFO main:402 - Fitness solucion: 41.0
17:15:47,637  INFO main:403 - Indice: 45
17:15:47,637  INFO main:404 - Generacion: 4
17:15:47,638  INFO main:405 - Rechazados: 8
17:15:47,638  INFO main:417 - Individuo Solucion: {12,20,3,15,51,42,11,86,38,2,37,74,76,28,14,65,55,97,1,79,5,56,67,39,66,98,17,41,50,36,21,83,24,4,77,54,31,85,80,26,0,40,93,60,58,22,33,19,29,30,64,61,34,10,89,72,44,48,43,59,9,6,46,82,45,35,88,47,32,13,75,52,62,70,8,25,57,71,63,92,91,7,68,87,69,78,73,23,16,94,49,90,96,27,95,81,99,18,84,53}

17:15:47,638  INFO main:418 - *****************************************************
17:15:48,340  INFO main:401 - ****************Corrida 16 ************************
17:15:48,341  INFO main:402 - Fitness solucion: 42.0
17:15:48,341  INFO main:403 - Indice: 48
17:15:48,342  INFO main:404 - Generacion: 0
17:15:48,342  INFO main:405 - Rechazados: 9
17:15:48,342  INFO main:417 - Individuo Solucion: {6,1,0,29,23,24,65,10,28,22,53,88,9,38,32,17,93,33,90,99,43,25,85,20,37,66,27,36,26,70,91,34,51,47,44,57,8,84,49,58,18,98,71,87,12,60,31,75,64,76,15,54,14,30,19,67,56,63,52,13,55,69,4,11,97,42,45,59,81,89,35,72,73,80,77,83,61,16,41,82,3,2,40,96,7,86,5,39,92,95,74,68,79,48,50,78,46,62,94,21}

17:15:48,343  INFO main:418 - *****************************************************
17:15:49,372  INFO main:401 - ****************Corrida 17 ************************
17:15:49,372  INFO main:402 - Fitness solucion: 41.0
17:15:49,372  INFO main:403 - Indice: 46
17:15:49,373  INFO main:404 - Generacion: 0
17:15:49,373  INFO main:405 - Rechazados: 7
17:15:49,374  INFO main:417 - Individuo Solucion: {21,58,88,7,47,94,99,34,97,80,69,5,14,84,66,40,31,35,15,18,72,23,8,39,57,30,6,42,85,9,93,44,10,37,33,65,60,98,45,28,4,38,17,49,41,95,54,19,63,1,46,43,13,16,61,56,32,25,62,87,79,92,12,71,3,26,27,64,20,86,36,70,73,59,29,78,77,48,89,68,0,55,51,24,76,2,22,75,83,53,90,81,50,11,96,82,74,67,91,52}

17:15:49,374  INFO main:418 - *****************************************************
17:15:50,534  INFO main:401 - ****************Corrida 18 ************************
17:15:50,534  INFO main:402 - Fitness solucion: 41.0
17:15:50,535  INFO main:403 - Indice: 48
17:15:50,535  INFO main:404 - Generacion: 1
17:15:50,535  INFO main:405 - Rechazados: 8
17:15:50,536  INFO main:417 - Individuo Solucion: {9,50,97,10,27,32,8,30,26,77,5,0,93,39,12,11,79,89,84,21,14,72,28,82,53,7,20,49,90,66,24,2,55,74,35,25,59,57,88,69,19,6,67,22,18,41,51,95,96,33,81,15,58,47,42,4,98,17,68,61,1,73,45,76,63,43,62,64,56,54,78,34,36,85,75,3,31,23,37,99,29,83,38,48,92,70,65,16,13,40,60,46,87,91,80,86,44,94,71,52}

17:15:50,536  INFO main:418 - *****************************************************
17:15:51,574  INFO main:401 - ****************Corrida 19 ************************
17:15:51,574  INFO main:402 - Fitness solucion: 42.0
17:15:51,575  INFO main:403 - Indice: 48
17:15:51,575  INFO main:404 - Generacion: 0
17:15:51,575  INFO main:405 - Rechazados: 4
17:15:51,576  INFO main:417 - Individuo Solucion: {92,81,0,88,73,15,70,9,60,91,20,76,47,25,12,98,19,51,2,94,17,6,22,96,24,29,87,31,32,50,37,14,4,41,65,26,99,44,72,5,95,28,74,78,40,58,1,66,83,27,80,59,53,10,57,13,93,23,39,68,82,97,35,21,61,48,54,62,75,18,84,67,16,86,69,33,71,79,49,42,30,85,55,8,3,63,7,46,34,90,64,52,11,43,38,56,36,45,77,89}

17:15:51,576  INFO main:418 - *****************************************************
17:15:52,709  INFO main:401 - ****************Corrida 20 ************************
17:15:52,710  INFO main:402 - Fitness solucion: 42.0
17:15:52,711  INFO main:403 - Indice: 49
17:15:52,712  INFO main:404 - Generacion: 0
17:15:52,713  INFO main:405 - Rechazados: 4
17:15:52,714  INFO main:417 - Individuo Solucion: {80,42,22,5,54,94,0,14,29,93,88,95,57,30,3,20,91,56,12,19,84,33,1,31,21,36,79,6,46,96,27,78,67,62,32,51,38,81,28,8,90,89,85,47,7,17,52,37,71,99,10,58,4,77,15,11,26,49,92,18,60,75,53,59,44,68,43,55,76,24,34,35,40,13,9,74,97,69,66,87,73,25,39,41,98,83,61,50,72,45,23,16,65,64,2,48,63,82,86,70}

17:15:52,714  INFO main:418 - *****************************************************
17:15:53,822  INFO main:401 - ****************Corrida 21 ************************
17:15:53,822  INFO main:402 - Fitness solucion: 42.0
17:15:53,822  INFO main:403 - Indice: 47
17:15:53,823  INFO main:404 - Generacion: 0
17:15:53,823  INFO main:405 - Rechazados: 5
17:15:53,823  INFO main:417 - Individuo Solucion: {18,82,93,14,23,22,60,63,15,40,81,8,54,10,57,95,11,28,26,2,75,92,98,64,20,30,34,74,85,51,32,94,38,66,47,41,61,88,44,68,27,73,7,42,55,21,36,52,31,17,76,43,90,79,87,97,25,29,69,48,35,37,6,83,71,91,99,56,89,65,0,77,13,49,45,33,84,50,96,24,58,19,72,4,59,16,46,9,80,5,67,12,39,1,62,3,53,70,86,78}

17:15:53,823  INFO main:418 - *****************************************************
17:15:54,744  INFO main:401 - ****************Corrida 22 ************************
17:15:54,744  INFO main:402 - Fitness solucion: 42.0
17:15:54,745  INFO main:403 - Indice: 46
17:15:54,745  INFO main:404 - Generacion: 0
17:15:54,745  INFO main:405 - Rechazados: 6
17:15:54,746  INFO main:417 - Individuo Solucion: {28,89,42,66,2,5,95,4,24,1,47,99,0,61,15,33,91,21,59,13,25,17,12,32,3,55,54,94,20,85,77,92,27,82,41,8,52,87,18,6,34,67,7,11,62,79,69,68,44,10,56,50,31,29,23,49,83,45,22,78,72,70,40,65,14,84,96,76,37,74,39,19,86,43,30,16,63,57,64,38,48,53,98,73,93,58,60,26,9,81,46,88,35,71,75,51,36,80,90,97}

17:15:54,746  INFO main:418 - *****************************************************
17:15:55,829  INFO main:401 - ****************Corrida 23 ************************
17:15:55,830  INFO main:402 - Fitness solucion: 41.0
17:15:55,830  INFO main:403 - Indice: 49
17:15:55,831  INFO main:404 - Generacion: 2
17:15:55,831  INFO main:405 - Rechazados: 8
17:15:55,832  INFO main:417 - Individuo Solucion: {27,21,25,68,99,83,85,35,13,86,73,89,78,22,56,34,49,82,98,63,97,7,48,8,51,64,42,33,87,95,6,66,43,23,4,69,10,32,41,58,55,0,46,12,74,96,18,81,60,57,75,37,2,31,92,52,20,29,76,62,65,94,91,16,59,77,30,15,3,9,19,5,84,45,79,80,28,26,93,11,90,17,50,72,47,71,40,61,70,54,36,53,38,67,44,1,24,14,88,39}

17:15:55,832  INFO main:418 - *****************************************************
17:15:56,893  INFO main:401 - ****************Corrida 24 ************************
17:15:56,894  INFO main:402 - Fitness solucion: 42.0
17:15:56,894  INFO main:403 - Indice: 48
17:15:56,894  INFO main:404 - Generacion: 0
17:15:56,894  INFO main:405 - Rechazados: 5
17:15:56,895  INFO main:417 - Individuo Solucion: {10,56,1,5,70,22,14,55,73,85,24,31,98,20,29,42,78,94,64,0,34,45,17,6,57,21,11,47,36,2,52,66,79,89,58,61,80,86,97,53,12,90,37,59,26,13,43,63,92,88,93,18,54,81,46,3,74,49,16,38,65,27,28,83,32,33,72,60,69,96,40,39,84,30,68,4,71,19,9,51,91,41,23,67,25,99,15,75,8,76,95,50,77,7,35,62,48,82,87,44}

17:15:56,895  INFO main:418 - *****************************************************
17:15:57,870  INFO main:401 - ****************Corrida 25 ************************
17:15:57,871  INFO main:402 - Fitness solucion: 42.0
17:15:57,871  INFO main:403 - Indice: 47
17:15:57,871  INFO main:404 - Generacion: 0
17:15:57,872  INFO main:405 - Rechazados: 6
17:15:57,872  INFO main:417 - Individuo Solucion: {77,65,6,8,88,17,94,96,39,0,3,70,19,64,58,74,10,35,57,62,56,51,22,85,91,30,20,18,40,12,33,44,93,48,29,4,41,1,45,49,38,80,43,92,76,31,83,11,24,37,98,95,73,61,26,90,50,13,27,68,42,67,97,55,7,32,63,5,52,54,21,36,59,60,47,14,89,53,15,23,99,9,34,25,82,86,71,72,81,16,69,79,87,28,78,75,84,66,2,46}

17:15:57,872  INFO main:418 - *****************************************************
17:15:58,959  INFO main:401 - ****************Corrida 26 ************************
17:15:58,959  INFO main:402 - Fitness solucion: 42.0
17:15:58,960  INFO main:403 - Indice: 46
17:15:58,960  INFO main:404 - Generacion: 0
17:15:58,960  INFO main:405 - Rechazados: 6
17:15:58,961  INFO main:417 - Individuo Solucion: {49,10,83,6,79,48,13,1,95,35,40,60,85,51,74,24,19,65,87,97,32,96,14,36,12,91,94,78,4,43,80,5,93,73,53,75,29,18,15,27,26,55,44,57,17,63,90,52,72,25,89,11,8,62,88,92,34,61,38,22,66,45,71,77,41,9,59,42,64,50,70,2,84,54,76,47,69,37,16,20,33,39,0,58,81,82,99,68,98,30,21,86,31,23,3,7,67,46,56,28}

17:15:58,961  INFO main:418 - *****************************************************
17:16:00,107  INFO main:401 - ****************Corrida 27 ************************
17:16:00,108  INFO main:402 - Fitness solucion: 41.0
17:16:00,109  INFO main:403 - Indice: 49
17:16:00,109  INFO main:404 - Generacion: 0
17:16:00,109  INFO main:405 - Rechazados: 5
17:16:00,110  INFO main:417 - Individuo Solucion: {89,6,99,68,60,49,65,1,54,10,22,2,51,81,0,33,98,61,91,8,15,83,21,34,18,42,13,17,31,29,70,45,3,12,4,58,39,72,7,90,40,11,86,43,63,64,50,88,5,67,48,92,9,24,80,52,38,25,84,28,78,74,96,76,82,62,41,79,53,47,44,37,19,46,87,77,57,93,20,59,73,27,23,35,14,75,55,85,16,97,94,32,30,56,69,36,95,26,66,71}

17:16:00,110  INFO main:418 - *****************************************************
17:16:01,240  INFO main:401 - ****************Corrida 28 ************************
17:16:01,241  INFO main:402 - Fitness solucion: 42.0
17:16:01,241  INFO main:403 - Indice: 49
17:16:01,242  INFO main:404 - Generacion: 2
17:16:01,242  INFO main:405 - Rechazados: 5
17:16:01,242  INFO main:417 - Individuo Solucion: {92,4,86,36,93,75,1,97,85,19,37,84,44,31,13,35,79,90,57,24,9,72,38,29,15,63,18,21,49,8,14,30,41,91,26,10,47,56,82,39,55,16,99,2,22,17,42,53,32,83,88,58,69,27,70,60,0,25,64,76,6,3,94,98,40,65,7,87,77,95,61,78,67,73,52,71,66,68,46,45,62,50,54,34,51,74,28,11,12,80,20,81,43,5,59,48,23,96,89,33}

17:16:01,243  INFO main:418 - *****************************************************
17:16:02,358  INFO main:401 - ****************Corrida 29 ************************
17:16:02,359  INFO main:402 - Fitness solucion: 42.0
17:16:02,359  INFO main:403 - Indice: 49
17:16:02,359  INFO main:404 - Generacion: 0
17:16:02,360  INFO main:405 - Rechazados: 7
17:16:02,360  INFO main:417 - Individuo Solucion: {32,6,85,9,90,40,1,13,19,73,75,69,65,78,30,64,11,22,26,89,94,25,44,39,35,34,57,99,3,0,10,15,24,56,2,41,14,61,83,46,23,8,4,7,91,29,55,62,70,51,82,95,36,96,42,63,98,28,37,52,87,12,97,48,47,33,79,77,74,21,16,27,72,76,92,86,58,71,68,67,53,54,38,17,84,93,88,31,66,49,5,43,59,50,80,81,60,18,45,20}

17:16:02,360  INFO main:418 - *****************************************************
17:16:02,361  INFO main:420 - Tiempo AGP: 933
17:16:02,361  INFO main:422 - Promedio Final: 41
17:16:02,361  INFO main:424 - Promedio Generaciones: 0
17:16:02,362  INFO main:427 - Promedio Rechazos: 6
17:16:02,362  INFO main:430 - Promedio Defragmentacion: 1.9616666666666664
17:16:02,363  INFO main:432 - *****************Resultados********************
17:16:02,363  INFO main:434 - result: 42.0
17:16:02,363  INFO main:434 - result: 42.0
17:16:02,363  INFO main:434 - result: 42.0
17:16:02,364  INFO main:434 - result: 41.0
17:16:02,364  INFO main:434 - result: 42.0
17:16:02,364  INFO main:434 - result: 42.0
17:16:02,365  INFO main:434 - result: 42.0
17:16:02,365  INFO main:434 - result: 42.0
17:16:02,366  INFO main:434 - result: 40.0
17:16:02,366  INFO main:434 - result: 42.0
17:16:02,366  INFO main:434 - result: 42.0
17:16:02,367  INFO main:434 - result: 42.0
17:16:02,367  INFO main:434 - result: 40.0
17:16:02,367  INFO main:434 - result: 42.0
17:16:02,368  INFO main:434 - result: 42.0
17:16:02,368  INFO main:434 - result: 41.0
17:16:02,368  INFO main:434 - result: 42.0
17:16:02,369  INFO main:434 - result: 41.0
17:16:02,369  INFO main:434 - result: 41.0
17:16:02,369  INFO main:434 - result: 42.0
17:16:02,369  INFO main:434 - result: 42.0
17:16:02,370  INFO main:434 - result: 42.0
17:16:02,370  INFO main:434 - result: 42.0
17:16:02,370  INFO main:434 - result: 41.0
17:16:02,370  INFO main:434 - result: 42.0
17:16:02,371  INFO main:434 - result: 42.0
17:16:02,371  INFO main:434 - result: 42.0
17:16:02,371  INFO main:434 - result: 41.0
17:16:02,372  INFO main:434 - result: 42.0
17:16:02,372  INFO main:434 - result: 42.0
17:16:02,372  INFO main:436 - *****************Generaciones********************
17:16:02,372  INFO main:438 - Generacion: 0
17:16:02,373  INFO main:438 - Generacion: 0
17:16:02,373  INFO main:438 - Generacion: 0
17:16:02,373  INFO main:438 - Generacion: 0
17:16:02,374  INFO main:438 - Generacion: 0
17:16:02,374  INFO main:438 - Generacion: 0
17:16:02,374  INFO main:438 - Generacion: 0
17:16:02,374  INFO main:438 - Generacion: 0
17:16:02,375  INFO main:438 - Generacion: 0
17:16:02,375  INFO main:438 - Generacion: 0
17:16:02,375  INFO main:438 - Generacion: 0
17:16:02,376  INFO main:438 - Generacion: 0
17:16:02,376  INFO main:438 - Generacion: 0
17:16:02,376  INFO main:438 - Generacion: 0
17:16:02,376  INFO main:438 - Generacion: 0
17:16:02,377  INFO main:438 - Generacion: 0
17:16:02,377  INFO main:438 - Generacion: 0
17:16:02,377  INFO main:438 - Generacion: 0
17:16:02,377  INFO main:438 - Generacion: 0
17:16:02,378  INFO main:438 - Generacion: 0
17:16:02,378  INFO main:438 - Generacion: 0
17:16:02,378  INFO main:438 - Generacion: 0
17:16:02,378  INFO main:438 - Generacion: 0
17:16:02,379  INFO main:438 - Generacion: 0
17:16:02,379  INFO main:438 - Generacion: 0
17:16:02,379  INFO main:438 - Generacion: 0
17:16:02,379  INFO main:438 - Generacion: 0
17:16:02,380  INFO main:438 - Generacion: 0
17:16:02,380  INFO main:438 - Generacion: 0
17:16:02,380  INFO main:438 - Generacion: 0
