22:17:51,576  INFO main:168 - Logueando
22:19:01,735  INFO main:300 - Tiempo PreCalculo: 70158
22:19:01,735  INFO main:387 - ****************AG PERMUTACION****************
22:19:02,081  INFO main:401 - ****************Corrida 0 ************************
22:19:02,081  INFO main:402 - Fitness solucion: 23.0
22:19:02,082  INFO main:403 - Indice: 24
22:19:02,082  INFO main:404 - Generacion: 5
22:19:02,082  INFO main:405 - Rechazados: 14
22:19:02,082  INFO main:417 - Individuo Solucion: {32,37,15,41,7,11,1,22,42,10,2,16,8,26,38,24,28,20,25,0,14,17,40,13,19,35,5,48,43,31,4,6,12,44,9,36,29,18,45,27,23,34,49,21,3,47,30,46,33,39}

22:19:02,082  INFO main:418 - *****************************************************
22:19:02,365  INFO main:401 - ****************Corrida 1 ************************
22:19:02,365  INFO main:402 - Fitness solucion: 23.0
22:19:02,366  INFO main:403 - Indice: 24
22:19:02,366  INFO main:404 - Generacion: 8
22:19:02,366  INFO main:405 - Rechazados: 11
22:19:02,366  INFO main:417 - Individuo Solucion: {19,44,48,36,7,1,13,2,40,5,3,29,45,43,17,22,30,11,37,41,8,39,28,42,16,4,35,10,18,0,47,14,23,6,46,27,24,31,33,20,15,49,34,21,38,26,32,25,12,9}

22:19:02,366  INFO main:418 - *****************************************************
22:19:02,618  INFO main:401 - ****************Corrida 2 ************************
22:19:02,618  INFO main:402 - Fitness solucion: 24.0
22:19:02,618  INFO main:403 - Indice: 27
22:19:02,618  INFO main:404 - Generacion: 0
22:19:02,618  INFO main:405 - Rechazados: 13
22:19:02,618  INFO main:417 - Individuo Solucion: {23,5,1,41,16,7,31,6,33,24,8,14,27,26,35,40,2,44,0,19,12,25,22,15,43,28,10,48,42,30,9,18,11,32,37,29,17,47,3,34,49,46,38,39,4,13,45,21,36,20}

22:19:02,618  INFO main:418 - *****************************************************
22:19:02,721  INFO main:401 - ****************Corrida 3 ************************
22:19:02,721  INFO main:402 - Fitness solucion: 24.0
22:19:02,721  INFO main:403 - Indice: 26
22:19:02,721  INFO main:404 - Generacion: 0
22:19:02,721  INFO main:405 - Rechazados: 12
22:19:02,721  INFO main:417 - Individuo Solucion: {1,5,4,17,8,27,34,36,2,49,19,47,18,3,20,42,11,48,37,23,33,43,21,32,15,14,31,28,0,38,12,7,45,22,9,44,30,39,25,26,6,46,16,40,13,24,29,41,35,10}

22:19:02,721  INFO main:418 - *****************************************************
22:19:02,821  INFO main:401 - ****************Corrida 4 ************************
22:19:02,821  INFO main:402 - Fitness solucion: 23.0
22:19:02,822  INFO main:403 - Indice: 27
22:19:02,822  INFO main:404 - Generacion: 7
22:19:02,822  INFO main:405 - Rechazados: 10
22:19:02,822  INFO main:417 - Individuo Solucion: {1,40,4,29,6,2,28,21,19,43,17,49,0,26,42,45,24,33,44,7,3,48,31,18,35,39,5,32,14,23,37,12,11,27,8,10,46,47,36,16,34,20,15,22,9,41,13,25,30,38}

22:19:02,822  INFO main:418 - *****************************************************
22:19:02,928  INFO main:401 - ****************Corrida 5 ************************
22:19:02,928  INFO main:402 - Fitness solucion: 22.0
22:19:02,928  INFO main:403 - Indice: 25
22:19:02,928  INFO main:404 - Generacion: 1
22:19:02,928  INFO main:405 - Rechazados: 12
22:19:02,929  INFO main:417 - Individuo Solucion: {2,5,26,6,48,41,27,33,44,20,32,13,9,1,22,4,8,0,47,30,45,19,42,38,25,18,11,21,16,31,15,3,49,7,46,23,34,24,17,10,14,37,43,40,35,12,28,36,39,29}

22:19:02,929  INFO main:418 - *****************************************************
22:19:03,028  INFO main:401 - ****************Corrida 6 ************************
22:19:03,029  INFO main:402 - Fitness solucion: 23.0
22:19:03,029  INFO main:403 - Indice: 27
22:19:03,029  INFO main:404 - Generacion: 5
22:19:03,029  INFO main:405 - Rechazados: 13
22:19:03,031  INFO main:417 - Individuo Solucion: {3,19,41,44,6,47,48,9,10,17,2,31,18,34,43,42,15,4,35,11,1,14,7,37,16,5,39,33,0,30,46,23,13,40,8,49,26,45,32,36,25,21,20,24,27,38,22,28,12,29}

22:19:03,031  INFO main:418 - *****************************************************
22:19:03,133  INFO main:401 - ****************Corrida 7 ************************
22:19:03,133  INFO main:402 - Fitness solucion: 24.0
22:19:03,133  INFO main:403 - Indice: 27
22:19:03,133  INFO main:404 - Generacion: 0
22:19:03,134  INFO main:405 - Rechazados: 11
22:19:03,134  INFO main:417 - Individuo Solucion: {5,31,2,40,38,27,19,30,3,22,21,1,35,8,10,20,11,42,13,47,24,49,23,16,6,0,39,28,45,4,26,15,33,32,36,37,29,46,48,43,12,7,17,9,41,14,18,34,25,44}

22:19:03,134  INFO main:418 - *****************************************************
22:19:03,233  INFO main:401 - ****************Corrida 8 ************************
22:19:03,234  INFO main:402 - Fitness solucion: 24.0
22:19:03,234  INFO main:403 - Indice: 26
22:19:03,234  INFO main:404 - Generacion: 0
22:19:03,234  INFO main:405 - Rechazados: 14
22:19:03,234  INFO main:417 - Individuo Solucion: {2,1,0,6,5,8,36,30,27,35,11,13,40,48,20,7,12,17,28,34,39,31,49,14,23,15,45,10,21,46,22,47,37,43,41,29,25,19,33,16,32,26,4,18,9,24,38,44,3,42}

22:19:03,234  INFO main:418 - *****************************************************
22:19:03,335  INFO main:401 - ****************Corrida 9 ************************
22:19:03,336  INFO main:402 - Fitness solucion: 24.0
22:19:03,336  INFO main:403 - Indice: 25
22:19:03,336  INFO main:404 - Generacion: 0
22:19:03,336  INFO main:405 - Rechazados: 12
22:19:03,336  INFO main:417 - Individuo Solucion: {4,49,2,3,9,1,35,31,32,7,28,12,14,21,20,15,22,40,17,5,10,47,29,19,13,6,11,25,41,45,33,44,38,42,16,27,24,34,43,0,46,8,23,26,36,30,37,18,39,48}

22:19:03,336  INFO main:418 - *****************************************************
22:19:03,438  INFO main:401 - ****************Corrida 10 ************************
22:19:03,439  INFO main:402 - Fitness solucion: 23.0
22:19:03,439  INFO main:403 - Indice: 25
22:19:03,439  INFO main:404 - Generacion: 8
22:19:03,439  INFO main:405 - Rechazados: 13
22:19:03,439  INFO main:417 - Individuo Solucion: {0,36,22,17,4,10,26,15,30,33,29,42,27,31,7,11,48,39,46,6,23,18,45,32,16,20,35,40,8,14,9,41,19,43,49,44,28,24,3,25,2,5,34,38,1,37,47,13,21,12}

22:19:03,439  INFO main:418 - *****************************************************
22:19:03,539  INFO main:401 - ****************Corrida 11 ************************
22:19:03,539  INFO main:402 - Fitness solucion: 23.0
22:19:03,540  INFO main:403 - Indice: 27
22:19:03,540  INFO main:404 - Generacion: 7
22:19:03,540  INFO main:405 - Rechazados: 11
22:19:03,540  INFO main:417 - Individuo Solucion: {18,2,10,6,31,40,21,33,11,25,45,12,15,17,1,41,44,37,49,48,16,46,47,27,36,35,14,8,5,3,19,42,7,26,0,29,22,32,34,28,39,13,30,20,43,38,23,9,24,4}

22:19:03,540  INFO main:418 - *****************************************************
22:19:03,633  INFO main:401 - ****************Corrida 12 ************************
22:19:03,633  INFO main:402 - Fitness solucion: 23.0
22:19:03,633  INFO main:403 - Indice: 25
22:19:03,634  INFO main:404 - Generacion: 8
22:19:03,634  INFO main:405 - Rechazados: 13
22:19:03,634  INFO main:417 - Individuo Solucion: {40,44,3,21,1,12,45,8,43,33,35,19,2,25,5,24,39,31,48,29,11,9,15,36,47,23,6,13,46,16,49,32,4,0,14,37,10,41,38,17,26,34,7,27,22,42,28,18,30,20}

22:19:03,634  INFO main:418 - *****************************************************
22:19:03,725  INFO main:401 - ****************Corrida 13 ************************
22:19:03,725  INFO main:402 - Fitness solucion: 24.0
22:19:03,725  INFO main:403 - Indice: 25
22:19:03,726  INFO main:404 - Generacion: 0
22:19:03,726  INFO main:405 - Rechazados: 11
22:19:03,726  INFO main:417 - Individuo Solucion: {27,44,38,7,34,5,24,29,9,20,35,17,15,1,21,28,39,48,18,13,4,2,10,30,0,26,31,41,49,12,3,36,42,37,22,11,46,25,43,23,45,6,14,8,33,47,19,40,16,32}

22:19:03,726  INFO main:418 - *****************************************************
22:19:03,817  INFO main:401 - ****************Corrida 14 ************************
22:19:03,817  INFO main:402 - Fitness solucion: 22.0
22:19:03,818  INFO main:403 - Indice: 26
22:19:03,818  INFO main:404 - Generacion: 1
22:19:03,818  INFO main:405 - Rechazados: 11
22:19:03,818  INFO main:417 - Individuo Solucion: {7,4,19,39,1,22,49,2,17,15,10,12,43,40,27,44,18,23,41,36,0,37,25,16,38,31,6,30,42,11,45,21,13,33,14,3,29,32,24,35,34,47,26,28,9,5,20,48,8,46}

22:19:03,818  INFO main:418 - *****************************************************
22:19:03,909  INFO main:401 - ****************Corrida 15 ************************
22:19:03,909  INFO main:402 - Fitness solucion: 23.0
22:19:03,909  INFO main:403 - Indice: 25
22:19:03,910  INFO main:404 - Generacion: 4
22:19:03,910  INFO main:405 - Rechazados: 12
22:19:03,910  INFO main:417 - Individuo Solucion: {14,7,48,22,25,44,39,5,2,34,30,49,10,40,4,1,42,46,41,20,17,43,31,0,37,19,3,21,26,38,36,6,29,9,35,23,18,33,16,13,47,27,8,32,11,28,12,24,15,45}

22:19:03,910  INFO main:418 - *****************************************************
22:19:04,001  INFO main:401 - ****************Corrida 16 ************************
22:19:04,002  INFO main:402 - Fitness solucion: 23.0
22:19:04,002  INFO main:403 - Indice: 27
22:19:04,002  INFO main:404 - Generacion: 4
22:19:04,002  INFO main:405 - Rechazados: 11
22:19:04,002  INFO main:417 - Individuo Solucion: {30,36,35,1,40,42,13,47,4,17,20,2,46,49,32,33,11,44,16,22,34,9,26,10,18,3,25,23,12,31,24,15,7,0,41,28,48,38,37,14,29,21,43,8,5,27,19,6,39,45}

22:19:04,002  INFO main:418 - *****************************************************
22:19:04,094  INFO main:401 - ****************Corrida 17 ************************
22:19:04,094  INFO main:402 - Fitness solucion: 24.0
22:19:04,094  INFO main:403 - Indice: 25
22:19:04,095  INFO main:404 - Generacion: 0
22:19:04,095  INFO main:405 - Rechazados: 13
22:19:04,095  INFO main:417 - Individuo Solucion: {4,34,5,9,29,39,49,35,1,15,47,6,19,41,36,24,17,18,7,40,0,25,27,22,26,14,30,45,44,21,23,37,48,28,32,3,33,12,31,38,11,2,16,42,13,10,8,20,46,43}

22:19:04,095  INFO main:418 - *****************************************************
22:19:04,187  INFO main:401 - ****************Corrida 18 ************************
22:19:04,188  INFO main:402 - Fitness solucion: 24.0
22:19:04,188  INFO main:403 - Indice: 25
22:19:04,188  INFO main:404 - Generacion: 0
22:19:04,188  INFO main:405 - Rechazados: 12
22:19:04,188  INFO main:417 - Individuo Solucion: {21,3,27,0,35,11,37,38,19,9,1,36,8,46,31,48,44,42,32,5,45,14,7,24,25,30,18,41,4,33,22,16,10,15,6,43,47,40,17,39,23,20,34,29,12,28,13,26,49,2}

22:19:04,188  INFO main:418 - *****************************************************
22:19:04,282  INFO main:401 - ****************Corrida 19 ************************
22:19:04,291  INFO main:402 - Fitness solucion: 24.0
22:19:04,291  INFO main:403 - Indice: 27
22:19:04,291  INFO main:404 - Generacion: 0
22:19:04,291  INFO main:405 - Rechazados: 7
22:19:04,291  INFO main:417 - Individuo Solucion: {44,12,10,35,1,15,31,9,22,40,46,3,4,33,7,18,30,25,47,0,45,2,39,29,43,36,8,6,38,16,28,19,37,32,26,11,21,20,13,48,24,5,42,23,34,14,27,41,49,17}

22:19:04,292  INFO main:418 - *****************************************************
22:19:04,383  INFO main:401 - ****************Corrida 20 ************************
22:19:04,383  INFO main:402 - Fitness solucion: 23.0
22:19:04,383  INFO main:403 - Indice: 24
22:19:04,383  INFO main:404 - Generacion: 0
22:19:04,384  INFO main:405 - Rechazados: 13
22:19:04,384  INFO main:417 - Individuo Solucion: {9,2,1,47,31,37,35,7,18,19,14,40,34,22,3,11,49,30,5,15,44,16,43,36,12,27,29,26,8,28,21,41,6,0,20,24,48,23,38,13,33,10,25,4,42,39,46,45,32,17}

22:19:04,384  INFO main:418 - *****************************************************
22:19:04,477  INFO main:401 - ****************Corrida 21 ************************
22:19:04,477  INFO main:402 - Fitness solucion: 24.0
22:19:04,477  INFO main:403 - Indice: 26
22:19:04,477  INFO main:404 - Generacion: 0
22:19:04,477  INFO main:405 - Rechazados: 11
22:19:04,477  INFO main:417 - Individuo Solucion: {10,41,21,12,1,46,28,14,31,5,19,3,49,23,24,2,4,43,22,0,47,27,37,35,17,18,9,6,30,40,20,45,29,25,33,34,16,13,36,11,26,38,48,42,8,44,15,39,7,32}

22:19:04,477  INFO main:418 - *****************************************************
22:19:04,568  INFO main:401 - ****************Corrida 22 ************************
22:19:04,568  INFO main:402 - Fitness solucion: 23.0
22:19:04,568  INFO main:403 - Indice: 25
22:19:04,568  INFO main:404 - Generacion: 6
22:19:04,568  INFO main:405 - Rechazados: 12
22:19:04,569  INFO main:417 - Individuo Solucion: {1,3,0,28,42,11,8,19,34,43,48,44,49,29,2,22,13,7,47,24,6,9,15,20,39,46,27,31,38,18,40,5,41,26,25,45,32,12,4,33,14,21,30,35,10,17,16,37,23,36}

22:19:04,569  INFO main:418 - *****************************************************
22:19:04,659  INFO main:401 - ****************Corrida 23 ************************
22:19:04,659  INFO main:402 - Fitness solucion: 22.0
22:19:04,659  INFO main:403 - Indice: 25
22:19:04,659  INFO main:404 - Generacion: 0
22:19:04,659  INFO main:405 - Rechazados: 13
22:19:04,659  INFO main:417 - Individuo Solucion: {5,48,14,25,33,2,0,1,46,47,42,40,37,36,44,34,28,49,41,13,7,11,23,27,35,24,45,6,4,3,18,20,12,17,15,10,38,16,8,22,29,26,31,21,32,9,43,30,39,19}

22:19:04,659  INFO main:418 - *****************************************************
22:19:04,750  INFO main:401 - ****************Corrida 24 ************************
22:19:04,750  INFO main:402 - Fitness solucion: 23.0
22:19:04,751  INFO main:403 - Indice: 26
22:19:04,751  INFO main:404 - Generacion: 4
22:19:04,751  INFO main:405 - Rechazados: 13
22:19:04,751  INFO main:417 - Individuo Solucion: {22,47,5,19,48,10,25,6,11,30,46,7,37,43,18,27,38,21,13,9,8,2,24,39,41,16,28,45,36,29,32,14,12,0,1,17,49,44,33,26,15,4,31,35,3,40,23,34,42,20}

22:19:04,751  INFO main:418 - *****************************************************
22:19:04,843  INFO main:401 - ****************Corrida 25 ************************
22:19:04,843  INFO main:402 - Fitness solucion: 24.0
22:19:04,843  INFO main:403 - Indice: 25
22:19:04,843  INFO main:404 - Generacion: 0
22:19:04,843  INFO main:405 - Rechazados: 12
22:19:04,843  INFO main:417 - Individuo Solucion: {31,39,34,8,40,48,44,45,13,0,49,27,17,5,1,11,28,3,25,24,43,2,42,47,29,38,7,19,21,14,10,37,32,26,18,20,30,12,23,4,16,9,33,6,36,15,41,35,22,46}

22:19:04,843  INFO main:418 - *****************************************************
22:19:04,936  INFO main:401 - ****************Corrida 26 ************************
22:19:04,936  INFO main:402 - Fitness solucion: 23.0
22:19:04,936  INFO main:403 - Indice: 25
22:19:04,936  INFO main:404 - Generacion: 0
22:19:04,936  INFO main:405 - Rechazados: 13
22:19:04,936  INFO main:417 - Individuo Solucion: {3,13,40,34,42,21,46,7,36,11,31,1,2,38,25,44,14,35,8,23,5,17,15,18,45,10,43,9,49,41,22,24,4,20,48,19,29,16,47,28,0,6,12,33,32,39,37,30,27,26}

22:19:04,936  INFO main:418 - *****************************************************
22:19:05,028  INFO main:401 - ****************Corrida 27 ************************
22:19:05,029  INFO main:402 - Fitness solucion: 24.0
22:19:05,029  INFO main:403 - Indice: 25
22:19:05,029  INFO main:404 - Generacion: 0
22:19:05,029  INFO main:405 - Rechazados: 12
22:19:05,029  INFO main:417 - Individuo Solucion: {19,1,5,18,43,27,48,22,6,17,44,20,29,8,11,32,21,4,49,3,24,41,10,45,40,46,34,13,12,38,2,9,23,37,16,42,15,33,14,31,0,7,25,35,26,30,47,28,36,39}

22:19:05,029  INFO main:418 - *****************************************************
22:19:05,122  INFO main:401 - ****************Corrida 28 ************************
22:19:05,122  INFO main:402 - Fitness solucion: 24.0
22:19:05,122  INFO main:403 - Indice: 25
22:19:05,122  INFO main:404 - Generacion: 0
22:19:05,122  INFO main:405 - Rechazados: 11
22:19:05,122  INFO main:417 - Individuo Solucion: {4,6,42,31,13,24,14,11,25,47,27,33,1,34,3,39,9,7,2,40,22,43,44,16,8,17,35,20,46,29,12,36,38,10,0,30,41,48,18,28,5,21,32,45,15,23,26,37,49,19}

22:19:05,123  INFO main:418 - *****************************************************
22:19:05,217  INFO main:401 - ****************Corrida 29 ************************
22:19:05,217  INFO main:402 - Fitness solucion: 24.0
22:19:05,217  INFO main:403 - Indice: 27
22:19:05,217  INFO main:404 - Generacion: 0
22:19:05,217  INFO main:405 - Rechazados: 12
22:19:05,217  INFO main:417 - Individuo Solucion: {20,0,1,2,21,30,10,15,9,42,36,31,35,23,26,11,45,18,33,39,13,4,48,16,24,5,8,25,28,6,49,27,17,32,3,14,47,34,19,43,12,29,40,46,7,37,22,44,41,38}

22:19:05,217  INFO main:418 - *****************************************************
22:19:05,217  INFO main:420 - Tiempo AGP: 114
22:19:05,218  INFO main:422 - Promedio Final: 23
22:19:05,218  INFO main:424 - Promedio Generaciones: 0
22:19:05,218  INFO main:427 - Promedio Rechazos: 11
22:19:05,218  INFO main:430 - Promedio Defragmentacion: 1.2486666666666664
22:19:05,218  INFO main:432 - *****************Resultados********************
22:19:05,218  INFO main:434 - result: 23.0
22:19:05,218  INFO main:434 - result: 23.0
22:19:05,218  INFO main:434 - result: 24.0
22:19:05,218  INFO main:434 - result: 24.0
22:19:05,218  INFO main:434 - result: 23.0
22:19:05,219  INFO main:434 - result: 22.0
22:19:05,219  INFO main:434 - result: 23.0
22:19:05,219  INFO main:434 - result: 24.0
22:19:05,219  INFO main:434 - result: 24.0
22:19:05,219  INFO main:434 - result: 24.0
22:19:05,219  INFO main:434 - result: 23.0
22:19:05,219  INFO main:434 - result: 23.0
22:19:05,219  INFO main:434 - result: 23.0
22:19:05,219  INFO main:434 - result: 24.0
22:19:05,219  INFO main:434 - result: 22.0
22:19:05,219  INFO main:434 - result: 23.0
22:19:05,219  INFO main:434 - result: 23.0
22:19:05,220  INFO main:434 - result: 24.0
22:19:05,220  INFO main:434 - result: 24.0
22:19:05,220  INFO main:434 - result: 24.0
22:19:05,220  INFO main:434 - result: 23.0
22:19:05,220  INFO main:434 - result: 24.0
22:19:05,220  INFO main:434 - result: 23.0
22:19:05,220  INFO main:434 - result: 22.0
22:19:05,220  INFO main:434 - result: 23.0
22:19:05,220  INFO main:434 - result: 24.0
22:19:05,220  INFO main:434 - result: 23.0
22:19:05,220  INFO main:434 - result: 24.0
22:19:05,220  INFO main:434 - result: 24.0
22:19:05,220  INFO main:434 - result: 24.0
22:19:05,220  INFO main:436 - *****************Generaciones********************
22:19:05,220  INFO main:438 - Generacion: 0
22:19:05,221  INFO main:438 - Generacion: 0
22:19:05,221  INFO main:438 - Generacion: 0
22:19:05,221  INFO main:438 - Generacion: 0
22:19:05,221  INFO main:438 - Generacion: 0
22:19:05,221  INFO main:438 - Generacion: 0
22:19:05,221  INFO main:438 - Generacion: 0
22:19:05,221  INFO main:438 - Generacion: 0
22:19:05,221  INFO main:438 - Generacion: 0
22:19:05,221  INFO main:438 - Generacion: 0
22:19:05,221  INFO main:438 - Generacion: 0
22:19:05,221  INFO main:438 - Generacion: 0
22:19:05,221  INFO main:438 - Generacion: 0
22:19:05,221  INFO main:438 - Generacion: 0
22:19:05,221  INFO main:438 - Generacion: 0
22:19:05,221  INFO main:438 - Generacion: 0
22:19:05,222  INFO main:438 - Generacion: 0
22:19:05,222  INFO main:438 - Generacion: 0
22:19:05,222  INFO main:438 - Generacion: 0
22:19:05,222  INFO main:438 - Generacion: 0
22:19:05,222  INFO main:438 - Generacion: 0
22:19:05,222  INFO main:438 - Generacion: 0
22:19:05,222  INFO main:438 - Generacion: 0
22:19:05,222  INFO main:438 - Generacion: 0
22:19:05,222  INFO main:438 - Generacion: 0
22:19:05,222  INFO main:438 - Generacion: 0
22:19:05,222  INFO main:438 - Generacion: 0
22:19:05,222  INFO main:438 - Generacion: 0
22:19:05,222  INFO main:438 - Generacion: 0
22:19:05,222  INFO main:438 - Generacion: 0
