17:21:00,523  INFO main:168 - Logueando
17:24:59,822  INFO main:300 - Tiempo PreCalculo: 239297
17:24:59,823  INFO main:387 - ****************AG PERMUTACION****************
17:25:02,692  INFO main:401 - ****************Corrida 0 ************************
17:25:02,693  INFO main:402 - Fitness solucion: 42.0
17:25:02,693  INFO main:403 - Indice: 49
17:25:02,693  INFO main:404 - Generacion: 0
17:25:02,693  INFO main:405 - Rechazados: 9
17:25:02,694  INFO main:417 - Individuo Solucion: {12,25,62,0,99,71,22,72,83,118,67,24,107,82,8,9,56,19,130,144,88,32,48,70,15,127,95,143,5,61,104,91,42,123,14,149,47,44,18,54,29,7,1,13,33,51,31,76,38,80,57,140,28,75,106,60,147,81,74,46,87,27,6,134,65,148,4,93,58,101,21,141,89,125,119,108,20,50,63,16,2,39,97,116,98,34,26,78,126,92,35,103,111,124,69,105,86,85,84,133,142,43,114,122,90,41,53,128,100,37,131,94,79,115,121,113,110,3,137,138,136,102,52,30,129,59,49,120,146,112,40,11,68,145,23,36,109,17,135,64,96,117,73,45,10,139,77,132,55,66}

17:25:02,694  INFO main:418 - *****************************************************
17:25:03,435  INFO main:401 - ****************Corrida 1 ************************
17:25:03,435  INFO main:402 - Fitness solucion: 42.0
17:25:03,435  INFO main:403 - Indice: 48
17:25:03,435  INFO main:404 - Generacion: 0
17:25:03,436  INFO main:405 - Rechazados: 12
17:25:03,436  INFO main:417 - Individuo Solucion: {20,88,39,12,93,144,47,67,94,104,3,6,137,103,116,28,55,51,34,131,37,139,1,33,62,46,44,38,43,4,90,50,147,29,5,98,24,22,21,72,30,54,130,119,57,60,56,23,31,40,59,85,95,78,110,61,52,115,124,74,32,10,26,106,18,25,91,101,75,2,112,84,19,143,123,35,15,96,108,138,114,109,65,58,69,87,100,70,102,14,140,8,73,136,148,41,126,128,53,76,134,16,149,113,81,86,68,89,121,42,13,117,80,92,63,111,99,127,71,79,48,107,141,142,45,82,9,17,11,36,118,7,66,122,135,146,49,77,133,129,132,105,27,0,64,83,97,145,125,120}

17:25:03,436  INFO main:418 - *****************************************************
17:25:04,044  INFO main:401 - ****************Corrida 2 ************************
17:25:04,044  INFO main:402 - Fitness solucion: 42.0
17:25:04,044  INFO main:403 - Indice: 49
17:25:04,044  INFO main:404 - Generacion: 0
17:25:04,044  INFO main:405 - Rechazados: 11
17:25:04,044  INFO main:417 - Individuo Solucion: {124,6,54,51,98,58,23,1,22,100,89,115,13,25,66,32,31,39,27,49,21,11,8,15,7,87,36,33,143,146,90,83,17,84,9,62,37,111,47,120,96,59,2,101,93,48,75,40,30,41,129,72,142,20,76,14,103,112,91,70,125,77,127,38,35,5,85,82,109,60,114,79,118,69,46,0,116,107,137,104,68,12,10,133,132,117,148,63,34,134,105,50,53,113,52,3,81,145,108,86,16,80,57,61,121,73,43,56,144,95,147,130,64,102,99,128,26,78,126,65,140,71,119,136,139,97,44,94,24,19,67,131,29,141,138,28,92,122,135,42,18,149,45,4,123,110,74,88,106,55}

17:25:04,045  INFO main:418 - *****************************************************
17:25:05,253  INFO main:401 - ****************Corrida 3 ************************
17:25:05,254  INFO main:402 - Fitness solucion: 42.0
17:25:05,254  INFO main:403 - Indice: 49
17:25:05,254  INFO main:404 - Generacion: 0
17:25:05,255  INFO main:405 - Rechazados: 10
17:25:05,255  INFO main:417 - Individuo Solucion: {9,56,48,109,136,100,41,118,132,35,10,84,87,0,71,4,68,1,58,42,131,55,28,127,57,43,79,22,65,17,88,75,143,33,51,46,54,140,83,133,63,20,26,15,13,67,44,69,96,62,8,12,134,72,91,49,124,66,137,107,98,128,121,50,30,11,32,38,25,110,21,92,64,14,86,113,7,85,53,23,82,37,77,73,5,93,6,52,95,122,142,120,60,27,31,78,19,148,97,146,47,125,94,112,104,99,108,149,2,102,103,40,29,135,141,138,115,70,61,3,123,130,45,144,24,116,76,139,90,129,18,145,34,74,101,114,36,106,16,126,80,147,59,89,105,39,119,81,111,117}

17:25:05,256  INFO main:418 - *****************************************************
17:25:06,815  INFO main:401 - ****************Corrida 4 ************************
17:25:06,816  INFO main:402 - Fitness solucion: 42.0
17:25:06,816  INFO main:403 - Indice: 47
17:25:06,816  INFO main:404 - Generacion: 0
17:25:06,817  INFO main:405 - Rechazados: 15
17:25:06,817  INFO main:417 - Individuo Solucion: {22,49,94,81,5,76,1,20,2,29,77,28,79,45,48,64,9,127,8,62,46,82,10,58,80,40,59,56,19,14,27,63,125,6,90,44,147,41,146,32,119,114,102,140,108,70,47,16,107,3,60,57,13,69,93,111,0,133,137,106,123,97,42,18,142,71,100,103,92,30,35,31,55,26,54,4,75,149,88,101,89,145,148,109,104,72,87,105,83,91,84,39,65,110,118,134,12,135,7,85,141,25,99,143,53,51,15,43,50,124,144,95,34,113,130,52,86,11,98,21,66,112,23,17,68,37,128,74,132,33,131,115,24,129,96,126,138,61,136,120,117,78,121,122,38,73,116,67,139,36}

17:25:06,818  INFO main:418 - *****************************************************
17:25:08,350  INFO main:401 - ****************Corrida 5 ************************
17:25:08,350  INFO main:402 - Fitness solucion: 42.0
17:25:08,351  INFO main:403 - Indice: 49
17:25:08,351  INFO main:404 - Generacion: 0
17:25:08,351  INFO main:405 - Rechazados: 9
17:25:08,352  INFO main:417 - Individuo Solucion: {114,21,4,17,83,121,18,26,51,129,5,35,39,57,34,108,7,85,32,95,98,38,6,149,71,50,94,120,134,30,62,27,47,58,40,22,67,116,0,104,49,10,139,78,44,13,55,19,128,64,33,46,36,54,73,142,63,11,117,79,12,147,76,112,90,143,68,42,93,81,70,135,37,125,43,88,140,100,1,138,69,87,75,111,103,74,82,86,92,24,41,23,2,137,77,14,91,148,25,66,56,136,101,59,16,52,89,105,20,61,99,8,110,80,132,48,130,53,131,115,84,15,144,109,28,124,126,141,31,107,65,118,119,123,102,106,72,122,127,113,60,45,97,146,3,133,29,96,145,9}

17:25:08,352  INFO main:418 - *****************************************************
17:25:09,790  INFO main:401 - ****************Corrida 6 ************************
17:25:09,790  INFO main:402 - Fitness solucion: 42.0
17:25:09,791  INFO main:403 - Indice: 48
17:25:09,791  INFO main:404 - Generacion: 0
17:25:09,801  INFO main:405 - Rechazados: 12
17:25:09,802  INFO main:417 - Individuo Solucion: {1,139,107,8,9,110,126,97,99,28,15,147,73,21,33,128,136,120,27,13,124,41,133,134,6,109,149,17,49,47,31,88,111,64,83,144,40,122,77,57,56,92,35,143,121,70,115,34,123,7,71,59,48,42,67,25,12,11,24,146,65,19,127,38,55,81,129,44,68,96,23,148,0,132,43,113,66,98,130,50,30,51,2,74,80,14,142,118,100,61,4,29,22,140,93,106,91,46,54,18,3,105,16,26,87,102,5,76,116,72,101,103,39,20,69,62,131,108,84,60,119,104,141,52,10,79,94,89,145,53,78,135,58,112,36,63,90,86,32,125,75,82,117,114,45,137,95,138,85,37}

17:25:09,802  INFO main:418 - *****************************************************
17:25:11,349  INFO main:401 - ****************Corrida 7 ************************
17:25:11,350  INFO main:402 - Fitness solucion: 42.0
17:25:11,350  INFO main:403 - Indice: 49
17:25:11,350  INFO main:404 - Generacion: 0
17:25:11,350  INFO main:405 - Rechazados: 7
17:25:11,351  INFO main:417 - Individuo Solucion: {68,53,0,122,71,67,126,101,103,3,109,60,138,88,15,8,47,97,40,4,50,28,142,27,119,26,18,135,111,85,2,131,33,1,36,49,148,51,128,145,108,143,29,23,52,31,74,110,93,69,77,24,11,87,35,82,96,20,130,117,86,56,38,92,106,84,41,75,59,73,113,12,94,46,34,104,61,13,105,124,123,76,144,116,43,90,65,19,132,140,120,54,37,137,48,7,100,62,22,78,95,112,91,14,57,83,42,16,79,107,146,44,81,25,45,134,115,121,89,70,133,99,17,66,63,147,32,39,114,102,149,9,5,127,55,80,21,118,125,72,136,6,64,141,98,30,10,129,58,139}

17:25:11,352  INFO main:418 - *****************************************************
17:25:12,944  INFO main:401 - ****************Corrida 8 ************************
17:25:12,945  INFO main:402 - Fitness solucion: 41.0
17:25:12,945  INFO main:403 - Indice: 48
17:25:12,945  INFO main:404 - Generacion: 8
17:25:12,946  INFO main:405 - Rechazados: 13
17:25:12,946  INFO main:417 - Individuo Solucion: {111,24,55,116,100,90,123,42,80,48,114,74,98,87,125,142,89,4,3,146,68,9,8,0,85,112,50,11,58,133,7,117,105,136,21,46,36,66,144,59,92,126,93,14,43,121,139,96,44,15,29,91,35,94,56,140,5,118,54,18,30,60,62,13,115,41,52,19,135,71,103,120,129,131,75,104,51,6,145,25,132,88,33,47,83,124,86,1,97,65,73,70,77,67,79,122,78,61,39,141,109,49,27,12,102,110,99,17,26,53,28,127,143,23,119,106,32,82,45,148,107,22,2,81,134,76,138,63,69,72,130,37,16,38,20,84,101,108,40,149,64,10,95,147,113,128,57,31,137,34}

17:25:12,947  INFO main:418 - *****************************************************
17:25:14,662  INFO main:401 - ****************Corrida 9 ************************
17:25:14,664  INFO main:402 - Fitness solucion: 42.0
17:25:14,664  INFO main:403 - Indice: 47
17:25:14,665  INFO main:404 - Generacion: 2
17:25:14,665  INFO main:405 - Rechazados: 12
17:25:14,667  INFO main:417 - Individuo Solucion: {98,28,40,18,119,44,17,141,118,92,36,131,25,29,51,148,45,86,23,96,1,121,52,142,38,4,132,128,24,31,32,6,149,22,61,26,48,137,0,30,112,81,124,43,46,42,39,74,19,58,134,140,143,7,72,99,41,145,66,82,135,136,2,117,115,59,91,57,49,116,108,8,100,111,53,79,50,97,27,138,20,144,37,133,10,62,126,56,93,67,130,78,5,147,15,85,107,113,102,106,146,33,21,11,103,122,12,55,65,83,73,3,70,105,114,110,16,129,120,109,34,87,139,9,68,80,63,14,69,90,123,64,89,95,88,47,77,54,13,127,35,125,101,104,60,76,84,94,71,75}

17:25:14,668  INFO main:418 - *****************************************************
17:25:16,191  INFO main:401 - ****************Corrida 10 ************************
17:25:16,192  INFO main:402 - Fitness solucion: 42.0
17:25:16,192  INFO main:403 - Indice: 49
17:25:16,192  INFO main:404 - Generacion: 3
17:25:16,193  INFO main:405 - Rechazados: 11
17:25:16,193  INFO main:417 - Individuo Solucion: {50,139,30,10,103,100,21,38,13,47,94,85,53,86,31,22,29,133,5,120,34,39,45,6,121,104,135,12,113,32,1,129,127,74,63,122,49,149,130,61,111,143,2,8,146,57,124,25,58,33,24,67,81,36,140,70,28,14,19,102,51,99,59,54,37,96,15,109,105,23,42,71,60,84,56,73,148,116,65,78,18,20,107,43,91,4,52,101,108,75,62,16,141,144,80,11,27,112,90,131,89,76,68,7,40,114,128,138,88,83,9,92,93,82,17,0,46,41,77,64,106,69,132,134,136,147,98,26,44,117,72,125,145,95,48,97,66,115,137,142,87,123,119,126,3,110,118,79,55,35}

17:25:16,194  INFO main:418 - *****************************************************
17:25:17,754  INFO main:401 - ****************Corrida 11 ************************
17:25:17,755  INFO main:402 - Fitness solucion: 42.0
17:25:17,755  INFO main:403 - Indice: 49
17:25:17,756  INFO main:404 - Generacion: 0
17:25:17,756  INFO main:405 - Rechazados: 13
17:25:17,757  INFO main:417 - Individuo Solucion: {22,117,91,48,100,9,6,20,63,123,3,125,24,29,19,106,146,8,51,2,131,36,97,12,58,30,15,21,110,120,1,62,79,107,59,112,78,10,88,118,49,25,5,40,50,109,90,31,83,72,44,55,104,32,46,45,53,148,113,76,82,34,133,68,39,23,75,122,85,65,56,43,67,77,86,129,124,142,94,132,26,14,139,35,93,96,108,60,105,33,103,57,111,41,115,61,89,80,4,37,28,87,116,128,11,47,149,17,84,119,69,126,102,38,98,138,99,70,137,143,16,64,101,136,66,18,42,0,74,13,144,134,147,95,27,127,121,52,7,114,130,140,73,145,135,54,71,141,81,92}

17:25:17,757  INFO main:418 - *****************************************************
17:25:19,338  INFO main:401 - ****************Corrida 12 ************************
17:25:19,338  INFO main:402 - Fitness solucion: 42.0
17:25:19,338  INFO main:403 - Indice: 49
17:25:19,339  INFO main:404 - Generacion: 0
17:25:19,339  INFO main:405 - Rechazados: 12
17:25:19,340  INFO main:417 - Individuo Solucion: {34,1,92,13,7,110,18,96,48,99,86,108,24,41,147,42,22,20,53,28,146,112,75,121,6,103,89,55,12,56,5,58,39,102,145,2,120,49,31,72,98,63,137,84,17,30,21,129,3,36,27,107,46,128,117,35,45,0,66,70,9,139,105,11,8,149,138,69,131,132,60,57,65,47,126,38,91,44,59,32,114,93,10,125,54,101,52,80,90,26,76,104,74,50,67,134,136,43,113,109,23,143,87,40,77,82,61,4,33,62,94,83,142,88,73,14,135,130,127,140,97,119,81,51,16,133,19,68,95,116,64,106,15,100,123,141,122,144,85,78,111,79,71,115,25,118,148,124,37,29}

17:25:19,340  INFO main:418 - *****************************************************
17:25:20,899  INFO main:401 - ****************Corrida 13 ************************
17:25:20,899  INFO main:402 - Fitness solucion: 41.0
17:25:20,900  INFO main:403 - Indice: 49
17:25:20,900  INFO main:404 - Generacion: 3
17:25:20,900  INFO main:405 - Rechazados: 14
17:25:20,901  INFO main:417 - Individuo Solucion: {111,125,137,91,138,143,146,20,19,24,0,12,32,28,123,131,44,141,75,58,69,42,129,55,62,144,80,40,74,54,9,8,4,94,128,142,101,1,34,56,145,52,126,6,149,132,61,29,110,113,31,102,68,51,116,13,134,7,81,86,147,59,136,72,82,53,11,25,47,71,36,100,21,96,64,2,5,98,122,37,17,10,121,148,14,139,15,49,57,90,23,78,22,50,70,119,48,103,115,26,107,38,65,46,109,133,63,120,3,35,124,76,45,89,60,83,135,18,84,33,67,92,140,85,43,41,112,79,88,27,16,95,127,108,99,73,87,30,105,117,77,93,39,97,66,118,114,130,104,106}

17:25:20,901  INFO main:418 - *****************************************************
17:25:22,537  INFO main:401 - ****************Corrida 14 ************************
17:25:22,537  INFO main:402 - Fitness solucion: 42.0
17:25:22,538  INFO main:403 - Indice: 49
17:25:22,538  INFO main:404 - Generacion: 4
17:25:22,539  INFO main:405 - Rechazados: 11
17:25:22,539  INFO main:417 - Individuo Solucion: {149,134,17,68,133,109,26,33,60,47,84,62,85,46,71,132,131,32,22,141,34,65,48,59,36,75,76,105,81,128,107,12,106,113,108,7,89,69,24,110,20,44,35,82,121,39,6,45,135,27,43,23,126,57,147,4,31,18,143,73,70,28,52,99,29,140,104,63,15,42,136,8,77,93,94,90,118,64,146,1,125,13,10,148,0,114,11,9,83,21,137,103,101,116,138,67,144,5,30,129,142,49,41,92,54,38,97,16,74,53,56,80,55,124,86,78,3,127,2,51,96,95,14,66,50,40,123,112,145,37,25,98,122,19,58,61,139,88,120,79,130,100,115,111,102,91,119,72,117,87}

17:25:22,540  INFO main:418 - *****************************************************
17:25:23,951  INFO main:401 - ****************Corrida 15 ************************
17:25:23,952  INFO main:402 - Fitness solucion: 42.0
17:25:23,952  INFO main:403 - Indice: 49
17:25:23,952  INFO main:404 - Generacion: 4
17:25:23,952  INFO main:405 - Rechazados: 14
17:25:23,953  INFO main:417 - Individuo Solucion: {53,9,2,15,35,68,139,91,127,45,84,6,129,73,5,117,74,131,135,140,59,7,123,52,11,1,54,97,44,85,104,133,111,51,67,63,12,145,14,90,134,69,143,101,132,113,4,34,19,148,114,22,55,46,88,20,60,66,116,87,112,21,62,25,75,8,100,115,77,146,23,119,56,0,29,61,39,10,71,137,81,18,136,47,122,3,105,80,40,98,94,78,83,99,17,141,57,144,70,130,92,26,49,147,106,121,13,79,32,124,42,48,138,108,82,37,89,24,76,126,36,31,27,102,118,142,107,33,128,28,86,72,41,149,58,93,120,125,110,103,96,50,95,109,64,43,16,38,30,65}

17:25:23,953  INFO main:418 - *****************************************************
17:25:25,643  INFO main:401 - ****************Corrida 16 ************************
17:25:25,644  INFO main:402 - Fitness solucion: 42.0
17:25:25,644  INFO main:403 - Indice: 49
17:25:25,644  INFO main:404 - Generacion: 2
17:25:25,644  INFO main:405 - Rechazados: 16
17:25:25,645  INFO main:417 - Individuo Solucion: {9,34,105,15,139,40,124,147,51,12,62,35,77,47,126,71,59,119,65,148,135,103,14,94,76,53,141,140,123,75,64,60,79,28,1,45,42,125,46,88,69,54,56,21,104,22,7,83,57,81,11,98,131,149,82,114,52,61,36,55,13,100,127,107,33,4,117,67,130,50,142,66,0,134,68,113,29,72,92,93,128,129,30,44,2,18,6,24,70,19,112,106,80,91,39,73,115,120,97,63,78,48,101,10,49,58,8,90,118,145,43,132,74,144,32,37,26,109,5,137,133,111,121,85,87,20,95,102,84,96,23,99,25,38,108,31,146,116,17,136,143,138,86,122,27,16,3,89,110,41}

17:25:25,645  INFO main:418 - *****************************************************
17:25:27,041  INFO main:401 - ****************Corrida 17 ************************
17:25:27,042  INFO main:402 - Fitness solucion: 42.0
17:25:27,042  INFO main:403 - Indice: 48
17:25:27,042  INFO main:404 - Generacion: 0
17:25:27,043  INFO main:405 - Rechazados: 11
17:25:27,043  INFO main:417 - Individuo Solucion: {127,131,3,0,78,115,7,147,23,21,141,5,26,74,68,34,114,136,24,96,29,32,123,129,128,108,139,91,25,135,113,33,111,12,121,144,39,22,20,45,71,89,51,35,44,57,101,62,15,48,50,79,6,86,112,58,17,138,41,104,36,83,8,72,28,60,133,80,82,105,109,93,94,124,61,31,4,19,53,38,1,52,54,47,2,76,59,85,97,9,73,49,64,99,84,27,14,92,119,149,142,81,63,125,13,37,117,107,116,10,132,103,65,118,56,67,55,140,146,30,100,130,134,148,18,46,69,102,43,106,87,145,70,120,77,137,75,126,90,143,11,16,95,42,122,66,98,88,110,40}

17:25:27,044  INFO main:418 - *****************************************************
17:25:28,632  INFO main:401 - ****************Corrida 18 ************************
17:25:28,633  INFO main:402 - Fitness solucion: 42.0
17:25:28,633  INFO main:403 - Indice: 48
17:25:28,633  INFO main:404 - Generacion: 4
17:25:28,633  INFO main:405 - Rechazados: 14
17:25:28,634  INFO main:417 - Individuo Solucion: {3,8,67,50,1,105,143,45,74,115,149,76,65,46,63,25,57,73,28,117,62,128,58,59,36,2,144,138,79,112,68,35,44,30,114,53,40,17,48,98,135,34,108,129,54,148,83,22,37,47,39,147,27,139,12,97,89,134,64,21,41,75,93,29,85,82,20,77,81,31,99,130,72,26,32,11,123,137,103,56,24,5,124,43,109,10,42,78,132,23,70,69,142,106,141,145,120,94,84,66,4,91,126,15,104,111,96,0,127,121,51,136,146,71,119,107,87,101,113,9,88,110,49,52,100,90,122,92,60,6,125,16,14,95,140,13,38,86,61,7,33,102,18,133,55,118,80,19,131,116}

17:25:28,634  INFO main:418 - *****************************************************
17:25:30,141  INFO main:401 - ****************Corrida 19 ************************
17:25:30,141  INFO main:402 - Fitness solucion: 42.0
17:25:30,142  INFO main:403 - Indice: 49
17:25:30,142  INFO main:404 - Generacion: 0
17:25:30,142  INFO main:405 - Rechazados: 11
17:25:30,143  INFO main:417 - Individuo Solucion: {14,1,119,78,142,10,7,44,126,38,25,52,146,18,124,34,39,23,118,72,109,26,51,30,129,17,40,20,75,19,50,45,3,101,136,108,67,47,29,12,138,60,73,31,103,87,54,144,107,96,74,147,21,57,62,63,41,82,71,5,143,81,55,2,56,94,79,48,86,135,91,16,61,69,139,132,28,111,77,9,11,59,43,112,0,133,97,6,22,140,92,100,13,33,93,76,88,134,15,35,53,102,130,49,141,64,4,58,27,116,148,36,121,110,113,95,68,120,70,123,98,84,85,89,32,114,8,145,149,122,80,24,83,42,115,137,117,66,99,125,105,104,90,127,37,128,106,131,46,65}

17:25:30,143  INFO main:418 - *****************************************************
17:25:31,805  INFO main:401 - ****************Corrida 20 ************************
17:25:31,806  INFO main:402 - Fitness solucion: 42.0
17:25:31,806  INFO main:403 - Indice: 49
17:25:31,806  INFO main:404 - Generacion: 0
17:25:31,807  INFO main:405 - Rechazados: 12
17:25:31,807  INFO main:417 - Individuo Solucion: {2,95,3,93,97,94,27,62,140,18,130,30,117,149,13,57,127,35,139,7,34,46,75,41,106,128,32,54,110,49,58,96,21,100,73,37,105,38,92,14,129,74,0,132,56,12,8,126,25,121,65,55,102,10,72,9,86,6,125,77,133,1,131,109,48,104,141,31,81,98,76,33,123,44,90,82,51,36,108,142,148,122,26,124,4,80,145,24,28,11,50,107,59,136,79,45,147,112,63,15,29,40,64,67,47,91,135,69,144,61,114,70,20,85,39,134,16,113,43,120,143,138,23,71,84,66,99,60,83,103,53,111,52,87,88,22,17,68,19,146,115,89,78,5,119,42,118,137,116,101}

17:25:31,808  INFO main:418 - *****************************************************
17:25:33,358  INFO main:401 - ****************Corrida 21 ************************
17:25:33,358  INFO main:402 - Fitness solucion: 42.0
17:25:33,358  INFO main:403 - Indice: 49
17:25:33,359  INFO main:404 - Generacion: 0
17:25:33,359  INFO main:405 - Rechazados: 10
17:25:33,359  INFO main:417 - Individuo Solucion: {121,8,7,4,137,143,108,111,18,142,33,88,80,15,27,106,132,55,20,30,11,3,131,28,102,85,29,35,40,134,97,113,89,128,95,51,38,59,19,2,52,149,94,0,144,75,22,81,139,12,65,6,147,63,1,34,133,57,17,96,73,146,86,24,45,9,148,120,69,72,46,14,83,74,79,13,135,53,78,92,58,84,21,103,44,68,70,48,50,91,109,118,93,99,101,64,141,129,71,77,56,140,32,23,76,138,60,54,130,117,61,105,100,37,98,43,25,90,112,16,104,26,110,107,47,62,10,119,39,125,49,126,123,66,41,127,36,116,31,87,67,145,122,5,115,42,124,114,82,136}

17:25:33,360  INFO main:418 - *****************************************************
17:25:34,871  INFO main:401 - ****************Corrida 22 ************************
17:25:34,872  INFO main:402 - Fitness solucion: 42.0
17:25:34,872  INFO main:403 - Indice: 49
17:25:34,872  INFO main:404 - Generacion: 2
17:25:34,872  INFO main:405 - Rechazados: 11
17:25:34,873  INFO main:417 - Individuo Solucion: {39,113,132,41,65,119,138,100,82,98,77,103,5,66,81,129,4,43,31,24,68,2,142,18,15,123,96,136,134,22,60,33,93,78,49,62,47,17,28,57,84,3,87,109,34,106,58,36,11,90,45,7,111,139,140,76,79,143,70,63,67,0,12,127,105,44,120,91,141,50,10,54,48,35,108,121,125,6,51,114,89,86,71,25,94,102,117,27,40,23,88,46,116,148,55,83,135,13,9,80,59,8,118,42,149,32,56,69,75,20,38,97,85,64,147,29,53,21,72,124,145,95,26,128,126,73,146,1,137,37,130,112,107,30,99,104,131,144,14,19,122,74,61,16,133,110,92,115,52,101}

17:25:34,873  INFO main:418 - *****************************************************
17:25:36,427  INFO main:401 - ****************Corrida 23 ************************
17:25:36,427  INFO main:402 - Fitness solucion: 43.0
17:25:36,428  INFO main:403 - Indice: 49
17:25:36,428  INFO main:404 - Generacion: 0
17:25:36,428  INFO main:405 - Rechazados: 13
17:25:36,429  INFO main:417 - Individuo Solucion: {20,3,49,121,86,1,115,88,143,17,31,30,116,78,36,29,11,136,10,42,0,87,48,79,133,54,18,23,45,51,57,28,66,98,80,59,135,44,95,119,129,72,35,109,73,74,69,122,56,76,70,26,145,21,132,12,60,50,32,138,118,144,16,91,106,108,71,4,128,64,77,25,123,22,9,148,100,127,101,39,103,24,83,102,131,41,99,120,97,46,6,104,8,13,94,55,96,85,89,112,137,2,53,68,67,111,82,62,93,75,58,139,14,19,84,105,124,125,81,33,38,107,92,90,140,27,110,65,47,43,149,61,117,113,126,130,34,52,141,146,142,15,40,5,63,114,7,37,147,134}

17:25:36,429  INFO main:418 - *****************************************************
17:25:38,275  INFO main:401 - ****************Corrida 24 ************************
17:25:38,276  INFO main:402 - Fitness solucion: 42.0
17:25:38,276  INFO main:403 - Indice: 49
17:25:38,276  INFO main:404 - Generacion: 4
17:25:38,277  INFO main:405 - Rechazados: 11
17:25:38,277  INFO main:417 - Individuo Solucion: {89,117,24,116,11,12,94,143,14,136,87,85,27,41,144,62,0,137,138,149,83,33,35,9,1,68,133,109,25,142,26,148,77,97,107,101,29,7,30,145,123,66,61,6,56,114,20,99,21,39,108,55,111,64,90,79,67,46,119,73,47,19,105,42,22,128,96,52,36,58,37,13,86,23,72,65,50,48,129,141,69,132,95,75,78,121,16,15,125,43,51,45,59,80,126,120,92,74,38,32,140,127,2,112,110,134,124,131,57,8,3,122,146,102,88,49,139,71,34,76,28,81,84,98,135,113,31,70,104,106,103,63,53,40,82,91,118,18,10,4,93,5,100,130,60,17,115,44,147,54}

17:25:38,277  INFO main:418 - *****************************************************
17:25:39,795  INFO main:401 - ****************Corrida 25 ************************
17:25:39,795  INFO main:402 - Fitness solucion: 42.0
17:25:39,796  INFO main:403 - Indice: 49
17:25:39,796  INFO main:404 - Generacion: 1
17:25:39,796  INFO main:405 - Rechazados: 6
17:25:39,796  INFO main:417 - Individuo Solucion: {70,130,4,16,67,54,7,24,11,32,132,60,26,0,149,20,10,57,134,38,87,53,140,146,100,9,133,110,30,27,135,66,139,71,91,118,47,58,19,73,36,25,81,33,8,147,136,109,13,61,98,49,115,14,120,68,34,123,56,62,41,113,80,69,77,75,112,44,89,84,79,125,116,82,96,78,124,148,51,50,15,5,64,86,22,128,95,117,65,126,137,42,103,17,99,94,39,31,97,59,114,46,29,76,72,104,101,105,2,119,106,52,102,6,107,83,111,131,1,3,63,108,143,12,21,122,129,43,121,127,144,37,88,55,28,45,18,90,85,141,23,92,48,142,74,145,93,40,35,138}

17:25:39,797  INFO main:418 - *****************************************************
17:25:41,139  INFO main:401 - ****************Corrida 26 ************************
17:25:41,139  INFO main:402 - Fitness solucion: 42.0
17:25:41,139  INFO main:403 - Indice: 49
17:25:41,139  INFO main:404 - Generacion: 0
17:25:41,140  INFO main:405 - Rechazados: 15
17:25:41,140  INFO main:417 - Individuo Solucion: {0,10,99,62,137,96,131,97,127,7,120,3,141,132,84,25,114,12,144,1,113,95,18,107,67,15,74,130,103,2,129,40,33,14,117,128,13,92,48,110,60,124,111,104,89,37,35,54,94,24,79,139,17,59,6,21,53,29,80,98,149,61,147,45,126,146,44,49,16,142,83,143,140,86,73,134,8,91,34,106,138,41,9,93,38,122,51,58,68,19,90,43,55,75,52,118,87,115,28,100,63,66,23,70,65,31,123,81,32,22,82,11,105,101,42,30,47,76,125,116,71,77,136,121,119,102,145,56,26,64,88,148,4,36,72,20,5,108,133,69,46,85,50,78,112,57,27,109,39,135}

17:25:41,140  INFO main:418 - *****************************************************
17:25:42,614  INFO main:401 - ****************Corrida 27 ************************
17:25:42,615  INFO main:402 - Fitness solucion: 42.0
17:25:42,615  INFO main:403 - Indice: 48
17:25:42,616  INFO main:404 - Generacion: 3
17:25:42,616  INFO main:405 - Rechazados: 12
17:25:42,616  INFO main:417 - Individuo Solucion: {84,4,119,7,131,14,116,43,30,8,25,72,125,146,88,99,1,20,147,83,118,100,39,65,40,21,67,29,62,18,107,124,0,127,32,117,12,49,81,133,34,75,144,71,130,82,23,115,121,86,103,143,93,87,136,51,55,50,13,126,149,38,2,42,78,80,123,28,98,134,45,109,112,27,91,97,139,92,63,101,69,122,6,70,102,76,22,36,79,58,56,57,44,46,128,61,19,104,95,77,94,48,26,35,64,24,113,142,5,16,68,148,3,15,110,60,141,105,114,17,41,66,33,145,108,9,138,37,52,59,74,89,129,73,132,11,31,85,54,120,96,10,135,111,47,140,137,90,53,106}

17:25:42,617  INFO main:418 - *****************************************************
17:25:44,155  INFO main:401 - ****************Corrida 28 ************************
17:25:44,156  INFO main:402 - Fitness solucion: 42.0
17:25:44,156  INFO main:403 - Indice: 49
17:25:44,157  INFO main:404 - Generacion: 2
17:25:44,157  INFO main:405 - Rechazados: 13
17:25:44,157  INFO main:417 - Individuo Solucion: {129,96,56,9,148,134,2,137,47,83,70,135,118,28,124,92,32,59,13,18,22,44,1,132,133,10,43,21,42,40,23,17,0,146,33,77,3,94,67,6,87,30,8,81,97,110,74,112,7,103,65,80,38,75,122,109,25,58,29,51,60,26,104,149,127,66,147,128,34,113,116,52,136,73,120,93,63,69,117,142,27,78,39,62,72,76,131,31,99,11,140,141,12,50,102,126,71,106,37,45,79,61,4,88,49,53,89,130,20,36,85,35,144,41,121,98,55,16,64,108,123,101,91,100,57,15,46,24,95,119,107,82,84,90,48,115,14,125,5,138,54,139,105,86,111,19,145,68,114,143}

17:25:44,158  INFO main:418 - *****************************************************
17:25:45,704  INFO main:401 - ****************Corrida 29 ************************
17:25:45,705  INFO main:402 - Fitness solucion: 42.0
17:25:45,705  INFO main:403 - Indice: 49
17:25:45,705  INFO main:404 - Generacion: 3
17:25:45,706  INFO main:405 - Rechazados: 9
17:25:45,706  INFO main:417 - Individuo Solucion: {45,4,103,7,141,8,51,91,132,11,40,41,0,97,148,147,44,38,9,1,57,108,71,117,65,104,3,68,66,6,144,53,145,54,39,26,112,128,140,120,30,42,82,31,21,25,72,17,76,32,55,130,12,138,94,28,121,106,29,89,111,59,131,79,58,88,95,60,24,36,115,35,64,27,18,2,14,48,23,83,78,63,43,96,10,52,5,125,33,56,74,70,136,67,86,19,127,113,47,105,134,34,87,13,61,84,133,16,20,100,118,99,107,123,139,119,73,143,129,75,98,49,22,149,46,69,93,114,81,15,101,85,135,116,146,50,122,109,80,137,102,37,62,77,124,92,90,126,110,142}

17:25:45,707  INFO main:418 - *****************************************************
17:25:45,707  INFO main:420 - Tiempo AGP: 1526
17:25:45,707  INFO main:422 - Promedio Final: 41
17:25:45,708  INFO main:424 - Promedio Generaciones: 0
17:25:45,708  INFO main:427 - Promedio Rechazos: 11
17:25:45,709  INFO main:430 - Promedio Defragmentacion: 1.7793333333333337
17:25:45,709  INFO main:432 - *****************Resultados********************
17:25:45,709  INFO main:434 - result: 42.0
17:25:45,710  INFO main:434 - result: 42.0
17:25:45,710  INFO main:434 - result: 42.0
17:25:45,710  INFO main:434 - result: 42.0
17:25:45,711  INFO main:434 - result: 42.0
17:25:45,711  INFO main:434 - result: 42.0
17:25:45,711  INFO main:434 - result: 42.0
17:25:45,712  INFO main:434 - result: 42.0
17:25:45,712  INFO main:434 - result: 41.0
17:25:45,712  INFO main:434 - result: 42.0
17:25:45,713  INFO main:434 - result: 42.0
17:25:45,713  INFO main:434 - result: 42.0
17:25:45,713  INFO main:434 - result: 42.0
17:25:45,714  INFO main:434 - result: 41.0
17:25:45,714  INFO main:434 - result: 42.0
17:25:45,714  INFO main:434 - result: 42.0
17:25:45,714  INFO main:434 - result: 42.0
17:25:45,715  INFO main:434 - result: 42.0
17:25:45,715  INFO main:434 - result: 42.0
17:25:45,715  INFO main:434 - result: 42.0
17:25:45,716  INFO main:434 - result: 42.0
17:25:45,716  INFO main:434 - result: 42.0
17:25:45,716  INFO main:434 - result: 42.0
17:25:45,716  INFO main:434 - result: 43.0
17:25:45,717  INFO main:434 - result: 42.0
17:25:45,717  INFO main:434 - result: 42.0
17:25:45,718  INFO main:434 - result: 42.0
17:25:45,718  INFO main:434 - result: 42.0
17:25:45,718  INFO main:434 - result: 42.0
17:25:45,718  INFO main:434 - result: 42.0
17:25:45,719  INFO main:436 - *****************Generaciones********************
17:25:45,720  INFO main:438 - Generacion: 0
17:25:45,720  INFO main:438 - Generacion: 0
17:25:45,720  INFO main:438 - Generacion: 0
17:25:45,721  INFO main:438 - Generacion: 0
17:25:45,721  INFO main:438 - Generacion: 0
17:25:45,721  INFO main:438 - Generacion: 0
17:25:45,722  INFO main:438 - Generacion: 0
17:25:45,722  INFO main:438 - Generacion: 0
17:25:45,722  INFO main:438 - Generacion: 0
17:25:45,723  INFO main:438 - Generacion: 0
17:25:45,723  INFO main:438 - Generacion: 0
17:25:45,723  INFO main:438 - Generacion: 0
17:25:45,723  INFO main:438 - Generacion: 0
17:25:45,724  INFO main:438 - Generacion: 0
17:25:45,724  INFO main:438 - Generacion: 0
17:25:45,724  INFO main:438 - Generacion: 0
17:25:45,725  INFO main:438 - Generacion: 0
17:25:45,725  INFO main:438 - Generacion: 0
17:25:45,725  INFO main:438 - Generacion: 0
17:25:45,726  INFO main:438 - Generacion: 0
17:25:45,726  INFO main:438 - Generacion: 0
17:25:45,726  INFO main:438 - Generacion: 0
17:25:45,727  INFO main:438 - Generacion: 0
17:25:45,727  INFO main:438 - Generacion: 0
17:25:45,727  INFO main:438 - Generacion: 0
17:25:45,727  INFO main:438 - Generacion: 0
17:25:45,728  INFO main:438 - Generacion: 0
17:25:45,728  INFO main:438 - Generacion: 0
17:25:45,728  INFO main:438 - Generacion: 0
17:25:45,728  INFO main:438 - Generacion: 0
