19:23:47,903  INFO main:168 - Logueando
19:27:47,968  INFO main:300 - Tiempo PreCalculo: 240062
19:27:47,969  INFO main:387 - ****************AG PERMUTACION****************
19:27:50,536  INFO main:401 - ****************Corrida 0 ************************
19:27:50,536  INFO main:402 - Fitness solucion: 44.0
19:27:50,536  INFO main:403 - Indice: 48
19:27:50,536  INFO main:404 - Generacion: 0
19:27:50,537  INFO main:405 - Rechazados: 16
19:27:50,537  INFO main:417 - Individuo Solucion: {10,130,70,120,128,1,134,112,148,142,44,24,133,22,8,42,67,143,35,137,124,17,109,95,30,110,140,38,29,53,138,83,85,68,20,50,51,56,144,16,28,113,88,36,52,103,126,82,61,40,129,9,90,76,0,146,11,127,119,105,62,72,59,27,122,41,18,74,100,19,48,136,4,2,71,147,33,5,25,58,89,45,80,6,54,108,87,43,81,149,111,60,49,46,32,65,106,91,63,21,101,135,47,7,78,13,93,92,123,115,107,73,15,86,97,96,84,118,77,31,64,117,99,139,23,116,37,121,98,57,79,26,75,12,14,94,34,141,125,3,132,104,114,39,145,55,102,131,66,69}

19:27:50,537  INFO main:418 - *****************************************************
19:27:51,444  INFO main:401 - ****************Corrida 1 ************************
19:27:51,444  INFO main:402 - Fitness solucion: 44.0
19:27:51,444  INFO main:403 - Indice: 49
19:27:51,445  INFO main:404 - Generacion: 3
19:27:51,445  INFO main:405 - Rechazados: 15
19:27:51,445  INFO main:417 - Individuo Solucion: {111,109,102,82,119,46,50,138,125,87,139,15,130,37,136,144,106,103,7,105,20,29,11,132,2,133,72,148,145,28,140,17,54,40,115,107,38,93,62,9,120,114,76,116,113,12,57,59,131,10,110,122,4,149,69,19,42,22,78,30,141,70,84,26,79,99,25,0,143,49,127,35,66,44,52,13,6,92,88,23,60,51,21,32,36,1,5,27,47,89,34,45,73,16,147,81,39,63,83,77,123,33,58,55,142,90,43,117,112,94,98,96,48,108,146,134,8,41,53,124,3,71,97,101,65,67,56,31,75,24,95,80,61,91,86,68,126,118,135,85,100,129,128,64,137,74,121,104,18,14}

19:27:51,446  INFO main:418 - *****************************************************
19:27:52,232  INFO main:401 - ****************Corrida 2 ************************
19:27:52,233  INFO main:402 - Fitness solucion: 44.0
19:27:52,233  INFO main:403 - Indice: 48
19:27:52,233  INFO main:404 - Generacion: 0
19:27:52,233  INFO main:405 - Rechazados: 14
19:27:52,234  INFO main:417 - Individuo Solucion: {1,16,142,67,97,4,108,83,12,72,70,11,17,19,144,52,8,92,81,54,140,25,37,40,41,6,124,21,55,56,138,35,110,3,26,9,145,44,23,32,43,147,38,39,129,79,128,111,18,46,90,78,113,30,59,36,60,80,136,117,149,57,49,2,27,50,139,20,143,88,58,75,141,89,63,68,15,0,33,48,148,61,86,105,91,93,106,94,45,74,42,66,29,115,104,77,13,64,69,22,133,62,71,65,14,100,98,116,107,137,47,87,76,127,84,134,7,10,53,118,24,120,146,132,34,82,31,85,130,96,112,121,102,114,125,123,119,131,126,103,109,5,95,99,122,51,135,28,73,101}

19:27:52,234  INFO main:418 - *****************************************************
19:27:53,015  INFO main:401 - ****************Corrida 3 ************************
19:27:53,015  INFO main:402 - Fitness solucion: 44.0
19:27:53,016  INFO main:403 - Indice: 48
19:27:53,016  INFO main:404 - Generacion: 0
19:27:53,017  INFO main:405 - Rechazados: 14
19:27:53,017  INFO main:417 - Individuo Solucion: {16,27,86,119,79,75,33,54,74,144,19,139,43,129,35,36,21,60,28,90,65,51,10,44,120,93,85,149,57,2,38,84,103,25,18,4,95,106,104,55,130,58,29,48,52,148,118,62,1,92,9,0,42,78,61,77,98,81,22,63,8,50,6,140,13,135,72,122,69,94,124,41,127,11,12,138,15,101,3,110,73,34,113,46,17,24,116,45,143,146,80,100,121,96,31,30,56,14,142,109,76,67,131,64,70,32,123,37,88,141,40,115,71,83,147,134,117,126,137,5,125,105,108,87,7,82,107,91,89,20,97,59,23,47,132,128,112,136,39,49,102,99,53,145,26,66,114,133,111,68}

19:27:53,018  INFO main:418 - *****************************************************
19:27:54,306  INFO main:401 - ****************Corrida 4 ************************
19:27:54,307  INFO main:402 - Fitness solucion: 43.0
19:27:54,307  INFO main:403 - Indice: 49
19:27:54,308  INFO main:404 - Generacion: 2
19:27:54,308  INFO main:405 - Rechazados: 18
19:27:54,309  INFO main:417 - Individuo Solucion: {133,119,0,2,8,3,4,139,19,22,49,47,52,27,10,40,30,16,65,34,134,90,138,28,67,17,66,89,61,56,33,78,100,29,74,62,141,83,107,137,36,96,104,135,132,142,88,143,124,55,118,136,112,54,145,108,68,25,115,105,73,31,76,69,70,101,123,63,122,24,82,48,79,147,97,13,94,15,58,71,38,99,59,35,57,11,39,84,146,148,64,95,144,14,9,77,130,75,6,140,129,111,103,127,5,116,80,20,18,41,53,26,21,72,106,87,120,92,128,93,86,12,109,117,7,114,46,131,1,50,51,45,98,126,85,32,125,43,149,42,37,23,102,91,60,121,81,44,110,113}

19:27:54,310  INFO main:418 - *****************************************************
19:27:55,624  INFO main:401 - ****************Corrida 5 ************************
19:27:55,624  INFO main:402 - Fitness solucion: 44.0
19:27:55,625  INFO main:403 - Indice: 48
19:27:55,625  INFO main:404 - Generacion: 6
19:27:55,625  INFO main:405 - Rechazados: 17
19:27:55,626  INFO main:417 - Individuo Solucion: {7,4,139,49,84,15,85,137,21,46,59,70,71,145,115,56,78,36,109,96,106,124,37,88,42,69,22,54,122,34,25,65,8,48,92,129,101,45,136,51,58,134,10,98,79,141,74,39,146,72,82,28,130,35,132,23,33,1,128,81,63,138,117,125,90,94,113,30,77,133,119,41,95,47,18,55,19,43,9,148,2,73,99,5,44,12,121,118,52,83,142,116,100,127,29,60,53,140,38,114,86,64,0,66,14,17,6,57,13,102,107,131,26,103,11,89,97,144,40,61,27,93,143,126,108,80,75,16,123,67,24,76,105,68,110,135,120,31,111,20,32,104,62,87,50,91,3,147,112,149}

19:27:55,627  INFO main:418 - *****************************************************
19:27:57,033  INFO main:401 - ****************Corrida 6 ************************
19:27:57,033  INFO main:402 - Fitness solucion: 41.0
19:27:57,034  INFO main:403 - Indice: 49
19:27:57,034  INFO main:404 - Generacion: 7
19:27:57,035  INFO main:405 - Rechazados: 13
19:27:57,043  INFO main:417 - Individuo Solucion: {0,148,56,140,50,4,111,70,57,12,77,125,5,126,108,123,6,42,122,100,54,26,74,29,63,75,36,37,132,120,65,101,79,118,41,138,39,31,103,27,110,21,76,119,130,94,139,115,135,25,127,19,58,104,9,72,11,93,112,146,51,20,53,3,18,82,7,145,124,144,73,15,62,30,24,17,143,114,2,43,88,84,141,10,78,96,92,28,49,8,48,128,22,33,67,69,14,46,64,71,55,60,44,95,34,116,129,147,47,59,52,102,142,38,117,149,13,113,106,90,45,98,16,86,1,68,121,32,89,35,99,97,136,87,66,61,81,109,131,23,91,133,85,40,80,134,105,107,83,137}

19:27:57,044  INFO main:418 - *****************************************************
19:27:58,097  INFO main:401 - ****************Corrida 7 ************************
19:27:58,098  INFO main:402 - Fitness solucion: 44.0
19:27:58,098  INFO main:403 - Indice: 48
19:27:58,099  INFO main:404 - Generacion: 4
19:27:58,099  INFO main:405 - Rechazados: 14
19:27:58,100  INFO main:417 - Individuo Solucion: {94,26,24,69,135,1,13,113,10,88,146,63,55,75,136,43,77,102,65,145,20,61,17,64,70,95,127,22,49,56,27,42,33,5,51,76,101,96,86,97,4,78,111,105,120,52,93,79,90,25,119,115,84,21,118,19,44,2,134,11,71,72,67,114,60,89,147,83,14,40,8,124,121,109,103,122,123,130,82,133,41,6,35,132,7,80,142,53,91,143,18,29,38,48,68,16,47,129,9,39,149,12,73,92,59,54,104,31,0,32,98,50,74,131,45,108,144,15,66,81,148,46,140,100,99,58,87,116,23,138,62,30,36,107,85,128,57,110,28,125,34,106,37,112,3,139,126,141,117,137}

19:27:58,100  INFO main:418 - *****************************************************
19:27:59,371  INFO main:401 - ****************Corrida 8 ************************
19:27:59,371  INFO main:402 - Fitness solucion: 44.0
19:27:59,371  INFO main:403 - Indice: 49
19:27:59,372  INFO main:404 - Generacion: 0
19:27:59,372  INFO main:405 - Rechazados: 17
19:27:59,373  INFO main:417 - Individuo Solucion: {45,1,11,148,113,127,22,66,71,119,24,0,4,92,144,43,19,73,117,31,2,77,39,58,118,53,94,29,143,82,63,20,96,128,10,91,48,68,9,129,62,69,25,100,126,36,15,59,5,35,51,6,74,122,72,140,21,110,64,16,137,121,120,112,28,56,13,42,7,134,44,149,88,40,30,3,75,17,114,93,18,103,61,111,34,52,90,102,98,65,109,83,104,139,37,116,14,57,27,79,32,8,142,54,107,26,95,70,147,60,101,133,132,138,86,87,49,135,50,38,123,84,85,46,136,124,78,47,33,99,67,55,41,106,145,23,105,12,80,146,130,108,141,89,97,81,76,115,125,131}

19:27:59,373  INFO main:418 - *****************************************************
19:28:00,646  INFO main:401 - ****************Corrida 9 ************************
19:28:00,646  INFO main:402 - Fitness solucion: 43.0
19:28:00,647  INFO main:403 - Indice: 48
19:28:00,647  INFO main:404 - Generacion: 0
19:28:00,647  INFO main:405 - Rechazados: 17
19:28:00,648  INFO main:417 - Individuo Solucion: {9,1,92,74,54,25,11,50,20,135,97,145,12,75,33,43,146,88,149,7,52,15,104,24,128,64,13,22,124,139,106,65,19,35,143,34,132,72,110,6,62,16,61,56,17,80,85,78,69,42,60,71,2,83,14,117,79,63,30,45,100,111,29,101,27,73,32,98,68,147,70,59,93,18,28,141,113,55,109,21,112,133,148,5,115,46,36,138,26,96,31,116,90,134,86,3,118,53,41,49,140,67,89,58,125,108,40,119,142,47,129,48,57,127,51,95,103,120,0,114,87,121,131,126,81,123,107,144,91,10,137,66,102,99,105,122,94,136,77,82,4,8,38,130,23,37,76,44,84,39}

19:28:00,649  INFO main:418 - *****************************************************
19:28:01,930  INFO main:401 - ****************Corrida 10 ************************
19:28:01,931  INFO main:402 - Fitness solucion: 43.0
19:28:01,931  INFO main:403 - Indice: 49
19:28:01,931  INFO main:404 - Generacion: 3
19:28:01,932  INFO main:405 - Rechazados: 13
19:28:01,932  INFO main:417 - Individuo Solucion: {22,134,24,110,124,25,102,111,63,39,148,16,135,101,36,34,146,11,128,57,5,8,129,136,26,139,30,49,40,109,21,54,13,145,47,107,43,132,120,62,69,15,17,61,100,67,119,37,53,118,31,87,51,41,123,73,58,1,141,42,60,27,65,96,33,80,35,99,9,140,106,77,3,18,144,122,72,97,121,74,133,94,98,114,90,84,83,113,89,10,48,85,66,20,75,147,32,88,14,78,55,52,50,44,6,125,86,115,46,82,93,29,71,0,105,103,56,4,92,28,142,59,138,79,95,127,117,108,76,149,126,38,81,137,2,23,130,116,68,7,45,91,70,64,104,143,112,19,131,12}

19:28:01,933  INFO main:418 - *****************************************************
19:28:03,242  INFO main:401 - ****************Corrida 11 ************************
19:28:03,242  INFO main:402 - Fitness solucion: 44.0
19:28:03,243  INFO main:403 - Indice: 49
19:28:03,243  INFO main:404 - Generacion: 0
19:28:03,243  INFO main:405 - Rechazados: 12
19:28:03,244  INFO main:417 - Individuo Solucion: {84,138,5,116,26,11,17,65,0,36,55,25,62,7,34,66,115,42,125,18,127,113,21,75,52,146,53,123,48,87,4,136,93,9,83,76,29,78,77,82,130,94,92,28,2,33,59,63,24,144,57,35,91,60,99,149,20,44,51,3,40,79,67,56,122,32,109,64,111,128,134,121,16,88,6,141,49,72,12,90,106,1,71,145,147,38,73,97,102,132,69,117,107,31,112,105,30,15,135,8,74,23,89,126,100,129,22,114,41,143,46,37,101,139,43,10,118,54,119,39,86,50,13,142,70,27,98,96,148,81,80,45,85,120,95,103,137,131,47,104,124,58,140,61,133,110,108,19,68,14}

19:28:03,244  INFO main:418 - *****************************************************
19:28:04,535  INFO main:401 - ****************Corrida 12 ************************
19:28:04,535  INFO main:402 - Fitness solucion: 44.0
19:28:04,536  INFO main:403 - Indice: 48
19:28:04,536  INFO main:404 - Generacion: 2
19:28:04,536  INFO main:405 - Rechazados: 14
19:28:04,537  INFO main:417 - Individuo Solucion: {0,15,112,19,92,29,46,141,134,57,77,93,129,114,60,65,66,91,1,51,23,127,2,10,43,68,31,116,59,75,5,21,17,7,34,122,38,138,13,137,58,87,147,33,89,64,11,12,74,6,125,131,24,135,144,39,36,84,130,48,123,95,80,96,102,55,25,126,73,101,103,85,105,115,61,76,120,139,18,67,16,117,27,26,71,136,72,40,3,42,9,81,56,69,86,49,35,52,90,37,50,109,148,28,44,32,111,22,41,124,78,54,53,119,107,110,98,14,70,133,121,140,63,132,47,113,94,146,128,8,99,142,97,106,62,108,4,45,149,82,79,118,83,104,143,100,20,145,88,30}

19:28:04,537  INFO main:418 - *****************************************************
19:28:05,799  INFO main:401 - ****************Corrida 13 ************************
19:28:05,799  INFO main:402 - Fitness solucion: 43.0
19:28:05,800  INFO main:403 - Indice: 49
19:28:05,800  INFO main:404 - Generacion: 8
19:28:05,800  INFO main:405 - Rechazados: 14
19:28:05,801  INFO main:417 - Individuo Solucion: {30,10,91,127,124,9,18,27,8,63,136,1,140,95,83,3,25,87,144,2,132,21,138,6,141,89,26,109,126,110,32,58,145,143,60,116,107,68,147,23,86,22,20,36,19,105,123,79,71,17,69,11,118,149,38,85,128,96,59,93,70,12,135,114,40,39,24,41,100,66,82,122,67,133,50,77,53,31,47,4,14,130,35,15,94,97,102,46,64,37,75,65,7,92,78,76,72,43,108,81,99,137,57,103,44,45,142,84,56,106,134,74,62,0,148,88,115,98,49,51,104,73,146,28,48,121,139,90,111,80,131,42,101,117,33,55,54,34,125,61,5,13,113,29,112,120,119,129,16,52}

19:28:05,801  INFO main:418 - *****************************************************
19:28:07,084  INFO main:401 - ****************Corrida 14 ************************
19:28:07,085  INFO main:402 - Fitness solucion: 44.0
19:28:07,085  INFO main:403 - Indice: 48
19:28:07,086  INFO main:404 - Generacion: 5
19:28:07,086  INFO main:405 - Rechazados: 14
19:28:07,087  INFO main:417 - Individuo Solucion: {94,40,1,138,19,29,142,33,20,55,111,18,125,22,6,12,63,7,42,127,38,78,32,147,66,62,131,11,93,57,145,46,141,128,124,2,121,31,113,34,49,95,30,143,118,90,104,56,148,67,136,144,86,140,109,117,8,112,26,126,72,92,137,24,45,60,15,52,39,28,9,87,120,73,122,81,108,0,130,133,115,54,71,69,82,48,99,41,106,21,101,132,17,80,139,3,10,61,105,98,89,58,5,50,107,96,116,83,35,75,70,74,123,51,43,13,85,14,134,27,65,53,103,44,36,129,77,64,47,68,59,135,91,97,149,84,25,119,88,79,114,23,76,146,102,37,100,16,4,110}

19:28:07,087  INFO main:418 - *****************************************************
19:28:08,352  INFO main:401 - ****************Corrida 15 ************************
19:28:08,353  INFO main:402 - Fitness solucion: 42.0
19:28:08,353  INFO main:403 - Indice: 48
19:28:08,354  INFO main:404 - Generacion: 9
19:28:08,354  INFO main:405 - Rechazados: 15
19:28:08,355  INFO main:417 - Individuo Solucion: {118,0,16,70,115,104,116,148,140,61,131,101,46,26,132,12,133,5,129,108,50,19,96,3,38,134,34,49,30,113,62,75,37,20,94,1,138,18,110,114,55,111,4,2,83,44,105,7,69,107,36,74,82,95,146,84,17,42,147,125,51,48,73,54,86,97,64,65,68,71,39,67,40,22,15,33,29,77,142,100,76,21,14,43,103,53,87,130,57,63,10,88,123,25,24,124,126,80,59,35,122,23,56,135,112,66,121,28,106,11,120,32,60,93,58,89,136,79,45,31,6,127,41,139,141,102,98,85,92,144,27,78,9,72,47,99,145,8,128,91,13,149,137,52,119,90,117,143,81,109}

19:28:08,355  INFO main:418 - *****************************************************
19:28:09,624  INFO main:401 - ****************Corrida 16 ************************
19:28:09,625  INFO main:402 - Fitness solucion: 44.0
19:28:09,625  INFO main:403 - Indice: 47
19:28:09,625  INFO main:404 - Generacion: 0
19:28:09,626  INFO main:405 - Rechazados: 16
19:28:09,626  INFO main:417 - Individuo Solucion: {120,6,126,32,0,130,105,134,27,96,9,7,5,1,63,10,24,29,129,21,117,19,59,122,128,94,13,48,34,15,41,16,127,43,46,3,36,28,119,140,54,51,109,40,31,147,108,69,125,113,90,67,68,42,37,91,138,4,142,60,53,145,103,52,133,136,61,78,26,58,116,95,83,86,64,92,50,38,88,89,93,73,17,8,45,112,65,141,121,79,100,44,62,57,20,87,49,77,70,84,99,30,55,11,85,110,104,115,71,81,12,143,33,80,111,139,14,18,72,74,56,118,149,146,23,107,148,98,25,35,97,106,66,2,137,102,124,76,22,75,135,123,132,114,144,39,131,101,82,47}

19:28:09,627  INFO main:418 - *****************************************************
19:28:10,908  INFO main:401 - ****************Corrida 17 ************************
19:28:10,909  INFO main:402 - Fitness solucion: 42.0
19:28:10,909  INFO main:403 - Indice: 49
19:28:10,909  INFO main:404 - Generacion: 5
19:28:10,910  INFO main:405 - Rechazados: 16
19:28:10,911  INFO main:417 - Individuo Solucion: {100,139,6,18,145,70,149,3,33,84,48,28,39,47,124,86,141,147,117,62,137,130,136,134,69,72,41,128,113,43,27,68,116,63,98,21,51,88,123,96,95,119,54,101,105,106,110,111,17,52,143,49,36,8,58,93,20,74,10,1,92,29,76,24,59,34,87,67,13,61,83,64,78,82,122,25,140,15,2,22,89,4,42,112,44,129,125,50,12,38,104,7,107,94,131,138,11,73,77,16,79,103,26,71,91,135,19,0,97,37,46,31,55,99,40,132,60,45,121,102,142,30,81,57,133,5,53,23,65,35,90,14,75,32,144,56,127,9,115,120,146,80,148,109,66,85,108,114,118,126}

19:28:10,911  INFO main:418 - *****************************************************
19:28:12,128  INFO main:401 - ****************Corrida 18 ************************
19:28:12,129  INFO main:402 - Fitness solucion: 43.0
19:28:12,129  INFO main:403 - Indice: 49
19:28:12,130  INFO main:404 - Generacion: 2
19:28:12,130  INFO main:405 - Rechazados: 14
19:28:12,130  INFO main:417 - Individuo Solucion: {144,24,126,112,80,26,17,22,136,2,134,119,62,105,59,55,67,11,70,30,69,49,142,12,8,102,88,48,71,106,38,58,1,25,73,140,52,15,90,40,91,13,89,87,130,78,47,97,109,20,100,93,14,77,27,75,37,39,133,94,83,7,65,19,33,110,149,74,131,141,35,42,5,111,85,50,72,145,43,147,3,32,86,53,10,41,146,44,103,0,34,46,29,66,56,125,18,51,23,21,138,127,57,4,117,113,108,45,132,129,96,124,107,99,143,64,36,6,120,76,63,28,118,60,135,137,16,61,121,54,81,79,9,104,84,31,92,116,82,148,139,68,98,114,128,95,123,122,115,101}

19:28:12,131  INFO main:418 - *****************************************************
19:28:13,432  INFO main:401 - ****************Corrida 19 ************************
19:28:13,432  INFO main:402 - Fitness solucion: 44.0
19:28:13,432  INFO main:403 - Indice: 47
19:28:13,433  INFO main:404 - Generacion: 2
19:28:13,433  INFO main:405 - Rechazados: 16
19:28:13,434  INFO main:417 - Individuo Solucion: {146,11,17,60,46,67,29,6,62,148,36,149,1,134,145,16,82,143,68,55,32,69,26,28,48,130,73,100,12,110,140,40,112,136,116,5,120,98,75,121,105,4,71,139,118,8,34,64,51,122,131,50,124,27,33,80,72,56,59,74,35,61,83,37,2,147,57,25,79,54,89,123,78,119,138,31,39,103,65,137,81,23,84,125,86,104,109,63,95,101,107,0,76,117,66,38,10,42,114,70,52,133,108,7,22,91,99,96,97,90,132,94,135,21,87,15,19,88,129,128,85,93,142,77,106,92,20,113,3,49,53,141,18,13,14,43,127,47,126,111,41,58,102,45,144,115,44,9,24,30}

19:28:13,434  INFO main:418 - *****************************************************
19:28:14,747  INFO main:401 - ****************Corrida 20 ************************
19:28:14,747  INFO main:402 - Fitness solucion: 44.0
19:28:14,748  INFO main:403 - Indice: 49
19:28:14,748  INFO main:404 - Generacion: 1
19:28:14,748  INFO main:405 - Rechazados: 15
19:28:14,749  INFO main:417 - Individuo Solucion: {43,4,69,7,24,12,25,33,11,20,134,142,106,129,0,112,10,51,63,32,52,9,53,61,99,143,119,29,42,15,65,66,59,37,78,144,80,3,147,74,135,57,83,58,110,82,40,22,6,44,5,54,56,67,73,137,133,111,88,21,113,36,68,123,136,84,79,141,89,126,86,45,41,138,1,95,35,98,19,90,39,94,14,146,100,85,60,8,140,103,34,17,71,70,46,81,49,114,28,104,23,101,50,122,93,96,72,18,31,48,127,117,120,97,64,92,91,107,55,75,145,121,125,13,116,16,102,108,128,62,2,124,115,131,130,47,26,149,38,132,139,76,30,148,27,109,87,118,77,105}

19:28:14,749  INFO main:418 - *****************************************************
19:28:16,018  INFO main:401 - ****************Corrida 21 ************************
19:28:16,019  INFO main:402 - Fitness solucion: 43.0
19:28:16,019  INFO main:403 - Indice: 49
19:28:16,019  INFO main:404 - Generacion: 3
19:28:16,019  INFO main:405 - Rechazados: 17
19:28:16,020  INFO main:417 - Individuo Solucion: {95,18,33,10,39,126,17,42,48,67,19,140,92,137,135,99,22,97,145,120,37,20,49,12,138,0,131,133,89,96,74,107,110,24,44,129,91,34,23,55,101,65,15,147,1,76,8,56,61,81,45,38,104,66,115,32,146,114,54,82,36,88,73,87,25,6,105,125,60,35,134,113,116,86,5,31,103,50,7,70,63,9,11,108,85,14,30,79,148,117,71,93,106,123,80,98,41,122,102,16,4,51,72,47,118,46,141,130,119,26,90,136,83,64,68,139,21,144,75,3,112,13,149,62,142,100,124,143,94,28,121,57,53,58,127,132,59,2,111,52,40,77,29,84,109,69,78,43,27,128}

19:28:16,020  INFO main:418 - *****************************************************
19:28:17,308  INFO main:401 - ****************Corrida 22 ************************
19:28:17,309  INFO main:402 - Fitness solucion: 44.0
19:28:17,309  INFO main:403 - Indice: 49
19:28:17,309  INFO main:404 - Generacion: 0
19:28:17,309  INFO main:405 - Rechazados: 15
19:28:17,310  INFO main:417 - Individuo Solucion: {48,139,8,100,21,10,18,22,103,27,117,12,5,2,132,49,130,11,71,45,26,38,115,108,74,92,34,55,133,4,80,56,20,15,43,73,91,145,137,60,72,111,35,135,144,66,102,75,54,63,9,58,32,120,83,141,84,68,134,96,126,33,37,79,42,50,89,138,98,69,41,39,28,104,148,6,88,113,116,57,64,59,29,40,65,77,101,140,107,19,31,16,70,106,81,143,0,82,121,149,97,127,85,142,44,78,94,122,87,99,46,110,93,7,24,62,95,13,124,129,36,53,47,14,125,128,123,67,51,1,86,3,25,136,131,118,105,30,112,61,146,90,52,76,23,147,17,114,119,109}

19:28:17,310  INFO main:418 - *****************************************************
19:28:18,595  INFO main:401 - ****************Corrida 23 ************************
19:28:18,595  INFO main:402 - Fitness solucion: 44.0
19:28:18,595  INFO main:403 - Indice: 48
19:28:18,596  INFO main:404 - Generacion: 3
19:28:18,596  INFO main:405 - Rechazados: 14
19:28:18,596  INFO main:417 - Individuo Solucion: {137,94,6,4,146,21,28,44,31,25,125,117,56,138,90,12,84,48,8,33,2,69,92,35,64,133,131,7,101,98,111,36,116,27,61,135,96,24,53,54,66,81,0,50,72,144,126,123,147,46,9,129,79,42,75,93,5,148,112,1,108,39,16,67,34,114,3,95,65,143,58,60,74,127,142,57,52,77,149,99,118,37,128,55,47,11,13,10,139,26,43,121,89,71,14,73,115,38,105,18,113,91,15,100,62,109,88,87,40,134,68,102,104,63,145,22,136,86,20,19,70,17,32,51,23,49,76,140,141,103,97,110,82,59,30,122,119,106,132,85,80,78,107,41,83,29,120,45,124,130}

19:28:18,597  INFO main:418 - *****************************************************
19:28:19,892  INFO main:401 - ****************Corrida 24 ************************
19:28:19,893  INFO main:402 - Fitness solucion: 43.0
19:28:19,893  INFO main:403 - Indice: 49
19:28:19,893  INFO main:404 - Generacion: 0
19:28:19,893  INFO main:405 - Rechazados: 16
19:28:19,894  INFO main:417 - Individuo Solucion: {137,124,136,141,0,96,26,49,24,131,147,144,15,140,25,30,145,125,103,118,18,40,37,22,134,28,35,66,72,69,20,111,77,109,102,4,13,56,19,36,104,68,60,76,71,16,21,70,94,38,11,7,119,10,27,9,91,53,51,73,65,23,86,43,61,3,41,74,139,115,87,55,143,88,122,8,1,79,113,67,5,78,32,34,50,54,126,46,39,133,99,92,142,14,97,83,29,127,108,52,114,112,148,82,149,117,2,128,84,47,17,146,120,107,101,64,89,110,132,59,45,116,75,93,105,63,85,44,90,100,80,57,123,48,12,135,130,6,106,31,129,81,95,33,121,42,58,62,98,138}

19:28:19,894  INFO main:418 - *****************************************************
19:28:21,195  INFO main:401 - ****************Corrida 25 ************************
19:28:21,196  INFO main:402 - Fitness solucion: 42.0
19:28:21,196  INFO main:403 - Indice: 49
19:28:21,196  INFO main:404 - Generacion: 8
19:28:21,197  INFO main:405 - Rechazados: 14
19:28:21,197  INFO main:417 - Individuo Solucion: {138,103,77,133,53,112,75,64,88,51,0,41,120,57,130,117,132,3,49,29,102,70,148,20,89,114,28,30,43,55,119,12,63,67,147,7,21,25,101,36,127,149,62,118,125,56,16,109,26,33,92,80,14,129,17,143,68,42,98,10,9,146,93,13,123,87,141,35,34,105,100,19,15,126,110,106,58,84,136,140,66,48,111,74,82,37,5,39,60,144,145,95,108,81,72,104,50,134,131,32,73,96,27,135,107,69,40,44,46,137,24,11,90,139,76,91,128,142,115,52,121,54,86,47,116,78,23,2,38,94,4,31,71,45,85,18,61,99,83,65,6,22,1,122,113,59,79,124,97,8}

19:28:21,197  INFO main:418 - *****************************************************
19:28:22,458  INFO main:401 - ****************Corrida 26 ************************
19:28:22,459  INFO main:402 - Fitness solucion: 44.0
19:28:22,459  INFO main:403 - Indice: 49
19:28:22,459  INFO main:404 - Generacion: 0
19:28:22,460  INFO main:405 - Rechazados: 13
19:28:22,460  INFO main:417 - Individuo Solucion: {36,0,1,98,93,131,141,19,78,15,55,113,20,71,2,24,79,69,120,25,41,21,8,68,29,125,86,11,7,22,27,39,46,136,52,70,32,112,18,30,17,97,82,56,119,95,42,118,84,66,34,76,130,3,50,121,16,116,14,64,35,114,65,140,110,143,44,13,88,45,6,149,111,77,38,148,142,109,94,128,51,104,73,96,137,31,63,103,99,102,108,23,87,57,127,85,139,74,48,123,92,145,115,28,12,40,105,101,10,80,72,60,106,75,89,81,124,62,134,49,37,147,126,100,43,135,59,83,133,26,146,54,5,67,122,132,33,117,91,90,144,9,138,129,58,61,53,47,4,107}

19:28:22,461  INFO main:418 - *****************************************************
19:28:23,644  INFO main:401 - ****************Corrida 27 ************************
19:28:23,644  INFO main:402 - Fitness solucion: 44.0
19:28:23,645  INFO main:403 - Indice: 49
19:28:23,645  INFO main:404 - Generacion: 0
19:28:23,645  INFO main:405 - Rechazados: 15
19:28:23,646  INFO main:417 - Individuo Solucion: {77,49,9,142,68,119,101,126,33,81,0,48,91,139,2,8,28,27,45,69,50,78,30,16,52,41,129,137,95,21,32,23,74,86,133,17,127,117,65,7,26,3,146,109,125,57,83,72,18,120,144,25,87,60,40,10,79,13,43,35,46,134,12,89,47,66,67,44,84,20,1,73,124,82,93,56,24,64,149,63,31,114,147,98,88,99,94,6,59,115,76,104,105,113,97,136,55,92,130,37,90,140,102,36,5,11,61,100,4,51,148,145,58,122,128,14,71,34,29,131,22,39,70,111,15,54,112,85,110,138,123,121,116,80,96,143,62,108,53,132,103,135,75,42,106,141,38,118,19,107}

19:28:23,646  INFO main:418 - *****************************************************
19:28:24,846  INFO main:401 - ****************Corrida 28 ************************
19:28:24,846  INFO main:402 - Fitness solucion: 44.0
19:28:24,847  INFO main:403 - Indice: 49
19:28:24,847  INFO main:404 - Generacion: 3
19:28:24,847  INFO main:405 - Rechazados: 15
19:28:24,848  INFO main:417 - Individuo Solucion: {119,134,127,139,43,113,99,18,148,146,93,140,92,10,28,39,83,126,40,66,38,128,42,144,67,58,94,33,138,31,50,34,48,64,120,69,82,90,116,125,46,4,1,44,6,131,23,145,29,109,129,103,112,27,135,14,100,136,76,55,72,141,101,7,149,15,0,52,26,9,45,122,54,30,73,65,75,117,115,5,132,16,84,85,105,78,8,21,62,97,110,59,133,25,35,41,124,104,108,98,51,102,2,19,20,80,32,11,22,57,49,13,3,86,68,81,56,36,88,60,89,147,63,74,142,121,143,96,77,61,123,107,71,114,24,17,95,130,47,70,91,37,137,111,12,87,106,118,79,53}

19:28:24,848  INFO main:418 - *****************************************************
19:28:26,070  INFO main:401 - ****************Corrida 29 ************************
19:28:26,071  INFO main:402 - Fitness solucion: 43.0
19:28:26,071  INFO main:403 - Indice: 47
19:28:26,071  INFO main:404 - Generacion: 2
19:28:26,072  INFO main:405 - Rechazados: 17
19:28:26,072  INFO main:417 - Individuo Solucion: {22,20,3,11,135,92,24,58,130,9,148,56,68,129,99,4,65,32,13,18,63,62,101,144,72,121,123,35,14,80,142,104,71,83,87,137,77,25,103,48,141,149,66,42,140,134,147,38,133,119,124,78,73,85,52,55,41,79,8,127,69,30,15,94,145,88,74,21,27,10,37,57,113,100,108,98,12,70,40,136,132,146,31,6,61,54,64,117,29,0,67,82,33,43,95,53,126,75,116,2,76,36,122,7,138,5,45,91,96,59,131,17,102,50,89,23,34,28,39,44,1,115,110,16,112,60,109,19,114,139,111,86,107,125,90,81,118,84,97,93,105,143,47,128,120,51,46,26,106,49}

19:28:26,072  INFO main:418 - *****************************************************
19:28:26,073  INFO main:420 - Tiempo AGP: 1266
19:28:26,073  INFO main:422 - Promedio Final: 43
19:28:26,073  INFO main:424 - Promedio Generaciones: 0
19:28:26,074  INFO main:427 - Promedio Rechazos: 15
19:28:26,074  INFO main:430 - Promedio Defragmentacion: 1.6264444444444444
19:28:26,074  INFO main:432 - *****************Resultados********************
19:28:26,075  INFO main:434 - result: 44.0
19:28:26,075  INFO main:434 - result: 44.0
19:28:26,075  INFO main:434 - result: 44.0
19:28:26,076  INFO main:434 - result: 44.0
19:28:26,076  INFO main:434 - result: 43.0
19:28:26,076  INFO main:434 - result: 44.0
19:28:26,076  INFO main:434 - result: 41.0
19:28:26,077  INFO main:434 - result: 44.0
19:28:26,077  INFO main:434 - result: 44.0
19:28:26,077  INFO main:434 - result: 43.0
19:28:26,078  INFO main:434 - result: 43.0
19:28:26,078  INFO main:434 - result: 44.0
19:28:26,078  INFO main:434 - result: 44.0
19:28:26,078  INFO main:434 - result: 43.0
19:28:26,079  INFO main:434 - result: 44.0
19:28:26,079  INFO main:434 - result: 42.0
19:28:26,079  INFO main:434 - result: 44.0
19:28:26,079  INFO main:434 - result: 42.0
19:28:26,080  INFO main:434 - result: 43.0
19:28:26,080  INFO main:434 - result: 44.0
19:28:26,080  INFO main:434 - result: 44.0
19:28:26,080  INFO main:434 - result: 43.0
19:28:26,081  INFO main:434 - result: 44.0
19:28:26,081  INFO main:434 - result: 44.0
19:28:26,081  INFO main:434 - result: 43.0
19:28:26,081  INFO main:434 - result: 42.0
19:28:26,082  INFO main:434 - result: 44.0
19:28:26,082  INFO main:434 - result: 44.0
19:28:26,082  INFO main:434 - result: 44.0
19:28:26,083  INFO main:434 - result: 43.0
19:28:26,083  INFO main:436 - *****************Generaciones********************
19:28:26,083  INFO main:438 - Generacion: 0
19:28:26,083  INFO main:438 - Generacion: 0
19:28:26,084  INFO main:438 - Generacion: 0
19:28:26,084  INFO main:438 - Generacion: 0
19:28:26,084  INFO main:438 - Generacion: 0
19:28:26,085  INFO main:438 - Generacion: 0
19:28:26,085  INFO main:438 - Generacion: 0
19:28:26,085  INFO main:438 - Generacion: 0
19:28:26,086  INFO main:438 - Generacion: 0
19:28:26,086  INFO main:438 - Generacion: 0
19:28:26,086  INFO main:438 - Generacion: 0
19:28:26,086  INFO main:438 - Generacion: 0
19:28:26,087  INFO main:438 - Generacion: 0
19:28:26,087  INFO main:438 - Generacion: 0
19:28:26,087  INFO main:438 - Generacion: 0
19:28:26,087  INFO main:438 - Generacion: 0
19:28:26,088  INFO main:438 - Generacion: 0
19:28:26,088  INFO main:438 - Generacion: 0
19:28:26,088  INFO main:438 - Generacion: 0
19:28:26,088  INFO main:438 - Generacion: 0
19:28:26,089  INFO main:438 - Generacion: 0
19:28:26,089  INFO main:438 - Generacion: 0
19:28:26,089  INFO main:438 - Generacion: 0
19:28:26,089  INFO main:438 - Generacion: 0
19:28:26,090  INFO main:438 - Generacion: 0
19:28:26,090  INFO main:438 - Generacion: 0
19:28:26,090  INFO main:438 - Generacion: 0
19:28:26,090  INFO main:438 - Generacion: 0
19:28:26,091  INFO main:438 - Generacion: 0
19:28:26,091  INFO main:438 - Generacion: 0
