22:29:07,133  INFO main:168 - Logueando
22:30:02,011  INFO main:361 - ****************Corrida 0 ************************
22:30:02,011  INFO main:362 - Fitness solucion: 18.0
22:30:02,012  INFO main:363 - Indice: 18
22:30:02,012  INFO main:364 - Generacion: 0
22:30:02,012  INFO main:374 - Individuo Solucion: {0,23,1,3,8,13,16,21,14,10,19,25,5,20,15,22,17,28,7,26,4,27,9,6,18,12,24,29,2,11}

22:30:02,012  INFO main:375 - *****************************************************
22:30:02,243  INFO main:361 - ****************Corrida 1 ************************
22:30:02,244  INFO main:362 - Fitness solucion: 18.0
22:30:02,244  INFO main:363 - Indice: 20
22:30:02,244  INFO main:364 - Generacion: 0
22:30:02,245  INFO main:374 - Individuo Solucion: {17,6,0,16,3,7,10,15,11,25,12,2,18,26,13,14,5,1,19,29,21,22,4,27,20,24,8,9,28,23}

22:30:02,245  INFO main:375 - *****************************************************
22:30:02,387  INFO main:361 - ****************Corrida 2 ************************
22:30:02,387  INFO main:362 - Fitness solucion: 18.0
22:30:02,387  INFO main:363 - Indice: 18
22:30:02,387  INFO main:364 - Generacion: 0
22:30:02,387  INFO main:374 - Individuo Solucion: {15,5,17,8,27,10,21,7,13,1,29,26,0,11,24,9,6,2,16,20,25,12,14,4,3,18,23,22,19,28}

22:30:02,387  INFO main:375 - *****************************************************
22:30:02,498  INFO main:361 - ****************Corrida 3 ************************
22:30:02,498  INFO main:362 - Fitness solucion: 18.0
22:30:02,499  INFO main:363 - Indice: 18
22:30:02,499  INFO main:364 - Generacion: 0
22:30:02,499  INFO main:374 - Individuo Solucion: {8,5,0,6,11,7,2,25,19,17,15,24,28,18,1,27,3,4,16,14,29,13,21,9,26,23,10,20,22,12}

22:30:02,499  INFO main:375 - *****************************************************
22:30:02,621  INFO main:361 - ****************Corrida 4 ************************
22:30:02,622  INFO main:362 - Fitness solucion: 18.0
22:30:02,622  INFO main:363 - Indice: 20
22:30:02,622  INFO main:364 - Generacion: 0
22:30:02,622  INFO main:374 - Individuo Solucion: {5,29,22,1,9,23,8,21,10,3,28,14,15,24,11,6,26,27,2,0,25,13,18,20,19,4,7,12,17,16}

22:30:02,622  INFO main:375 - *****************************************************
22:30:02,739  INFO main:361 - ****************Corrida 5 ************************
22:30:02,739  INFO main:362 - Fitness solucion: 18.0
22:30:02,739  INFO main:363 - Indice: 18
22:30:02,739  INFO main:364 - Generacion: 0
22:30:02,739  INFO main:374 - Individuo Solucion: {13,5,0,1,8,4,22,7,16,6,17,20,29,26,2,10,15,9,24,23,19,25,3,18,28,14,21,11,12,27}

22:30:02,739  INFO main:375 - *****************************************************
22:30:02,851  INFO main:361 - ****************Corrida 6 ************************
22:30:02,851  INFO main:362 - Fitness solucion: 18.0
22:30:02,851  INFO main:363 - Indice: 19
22:30:02,851  INFO main:364 - Generacion: 0
22:30:02,851  INFO main:374 - Individuo Solucion: {21,2,3,22,24,4,14,10,11,28,12,17,25,0,16,13,7,9,1,23,27,18,19,15,6,5,20,26,8,29}

22:30:02,851  INFO main:375 - *****************************************************
22:30:02,965  INFO main:361 - ****************Corrida 7 ************************
22:30:02,966  INFO main:362 - Fitness solucion: 18.0
22:30:02,966  INFO main:363 - Indice: 18
22:30:02,966  INFO main:364 - Generacion: 0
22:30:02,966  INFO main:374 - Individuo Solucion: {27,24,25,3,4,0,11,14,26,18,16,9,21,12,10,8,28,6,1,22,2,23,29,5,15,20,13,7,19,17}

22:30:02,966  INFO main:375 - *****************************************************
22:30:03,077  INFO main:361 - ****************Corrida 8 ************************
22:30:03,077  INFO main:362 - Fitness solucion: 18.0
22:30:03,077  INFO main:363 - Indice: 21
22:30:03,077  INFO main:364 - Generacion: 0
22:30:03,077  INFO main:374 - Individuo Solucion: {20,19,6,21,8,5,0,16,14,18,12,11,13,10,15,2,1,17,29,28,9,23,26,24,27,4,7,22,3,25}

22:30:03,077  INFO main:375 - *****************************************************
22:30:03,188  INFO main:361 - ****************Corrida 9 ************************
22:30:03,189  INFO main:362 - Fitness solucion: 18.0
22:30:03,189  INFO main:363 - Indice: 21
22:30:03,189  INFO main:364 - Generacion: 0
22:30:03,189  INFO main:374 - Individuo Solucion: {3,17,6,27,11,20,9,19,26,13,23,14,16,29,1,2,0,12,24,18,15,10,7,25,5,4,22,28,8,21}

22:30:03,189  INFO main:375 - *****************************************************
22:30:03,320  INFO main:361 - ****************Corrida 10 ************************
22:30:03,321  INFO main:362 - Fitness solucion: 18.0
22:30:03,321  INFO main:363 - Indice: 18
22:30:03,321  INFO main:364 - Generacion: 0
22:30:03,321  INFO main:374 - Individuo Solucion: {0,28,5,11,23,21,1,18,8,25,9,14,3,4,15,7,19,22,27,10,24,16,12,6,17,13,2,20,26,29}

22:30:03,321  INFO main:375 - *****************************************************
22:30:03,434  INFO main:361 - ****************Corrida 11 ************************
22:30:03,434  INFO main:362 - Fitness solucion: 18.0
22:30:03,434  INFO main:363 - Indice: 20
22:30:03,434  INFO main:364 - Generacion: 0
22:30:03,434  INFO main:374 - Individuo Solucion: {0,2,18,1,3,22,24,5,7,15,4,21,8,11,29,12,25,9,10,20,28,14,19,27,6,23,17,26,16,13}

22:30:03,434  INFO main:375 - *****************************************************
22:30:03,550  INFO main:361 - ****************Corrida 12 ************************
22:30:03,550  INFO main:362 - Fitness solucion: 18.0
22:30:03,551  INFO main:363 - Indice: 18
22:30:03,551  INFO main:364 - Generacion: 0
22:30:03,551  INFO main:374 - Individuo Solucion: {3,13,1,28,8,5,26,19,0,15,7,14,6,10,25,12,29,18,16,4,2,22,17,11,21,23,24,20,27,9}

22:30:03,551  INFO main:375 - *****************************************************
22:30:03,679  INFO main:361 - ****************Corrida 13 ************************
22:30:03,679  INFO main:362 - Fitness solucion: 18.0
22:30:03,679  INFO main:363 - Indice: 21
22:30:03,679  INFO main:364 - Generacion: 0
22:30:03,679  INFO main:374 - Individuo Solucion: {22,0,11,9,20,5,1,6,4,3,8,27,23,21,10,19,18,2,12,17,7,14,13,15,16,29,24,28,25,26}

22:30:03,679  INFO main:375 - *****************************************************
22:30:03,797  INFO main:361 - ****************Corrida 14 ************************
22:30:03,798  INFO main:362 - Fitness solucion: 18.0
22:30:03,798  INFO main:363 - Indice: 18
22:30:03,799  INFO main:364 - Generacion: 0
22:30:03,800  INFO main:374 - Individuo Solucion: {15,1,29,0,8,4,13,16,27,6,21,26,7,2,5,12,10,20,19,22,18,3,23,25,24,17,11,28,14,9}

22:30:03,800  INFO main:375 - *****************************************************
22:30:03,914  INFO main:361 - ****************Corrida 15 ************************
22:30:03,915  INFO main:362 - Fitness solucion: 18.0
22:30:03,915  INFO main:363 - Indice: 18
22:30:03,915  INFO main:364 - Generacion: 0
22:30:03,915  INFO main:374 - Individuo Solucion: {25,26,1,3,11,28,8,24,13,29,2,10,27,12,9,7,4,6,19,21,0,15,23,20,18,14,5,17,22,16}

22:30:03,915  INFO main:375 - *****************************************************
22:30:04,026  INFO main:361 - ****************Corrida 16 ************************
22:30:04,026  INFO main:362 - Fitness solucion: 18.0
22:30:04,027  INFO main:363 - Indice: 22
22:30:04,027  INFO main:364 - Generacion: 0
22:30:04,027  INFO main:374 - Individuo Solucion: {24,28,29,26,6,22,9,27,11,5,12,0,25,13,19,1,18,2,15,17,16,8,3,7,10,4,21,20,14,23}

22:30:04,027  INFO main:375 - *****************************************************
22:30:04,144  INFO main:361 - ****************Corrida 17 ************************
22:30:04,144  INFO main:362 - Fitness solucion: 18.0
22:30:04,144  INFO main:363 - Indice: 21
22:30:04,145  INFO main:364 - Generacion: 0
22:30:04,145  INFO main:374 - Individuo Solucion: {27,8,2,7,5,23,15,0,28,12,1,4,6,20,10,9,13,22,24,3,18,14,25,21,16,11,29,17,26,19}

22:30:04,145  INFO main:375 - *****************************************************
22:30:04,260  INFO main:361 - ****************Corrida 18 ************************
22:30:04,260  INFO main:362 - Fitness solucion: 18.0
22:30:04,261  INFO main:363 - Indice: 18
22:30:04,261  INFO main:364 - Generacion: 0
22:30:04,261  INFO main:374 - Individuo Solucion: {1,21,9,4,6,7,17,3,8,2,11,14,28,18,16,23,12,5,15,20,19,25,0,24,22,26,29,10,13,27}

22:30:04,261  INFO main:375 - *****************************************************
22:30:04,376  INFO main:361 - ****************Corrida 19 ************************
22:30:04,376  INFO main:362 - Fitness solucion: 18.0
22:30:04,376  INFO main:363 - Indice: 18
22:30:04,376  INFO main:364 - Generacion: 0
22:30:04,376  INFO main:374 - Individuo Solucion: {2,28,18,22,6,0,3,19,21,23,16,12,9,26,7,17,1,14,5,13,8,27,20,29,15,10,24,25,4,11}

22:30:04,376  INFO main:375 - *****************************************************
22:30:04,490  INFO main:361 - ****************Corrida 20 ************************
22:30:04,491  INFO main:362 - Fitness solucion: 18.0
22:30:04,491  INFO main:363 - Indice: 18
22:30:04,491  INFO main:364 - Generacion: 0
22:30:04,491  INFO main:374 - Individuo Solucion: {3,1,2,10,25,22,8,21,29,0,6,15,27,24,17,12,28,4,14,13,5,7,16,18,23,19,20,26,9,11}

22:30:04,491  INFO main:375 - *****************************************************
22:30:04,603  INFO main:361 - ****************Corrida 21 ************************
22:30:04,604  INFO main:362 - Fitness solucion: 18.0
22:30:04,604  INFO main:363 - Indice: 18
22:30:04,604  INFO main:364 - Generacion: 0
22:30:04,604  INFO main:374 - Individuo Solucion: {0,2,16,29,19,5,6,3,8,23,18,28,26,10,24,21,14,15,20,11,27,1,25,12,22,4,13,7,9,17}

22:30:04,604  INFO main:375 - *****************************************************
22:30:04,720  INFO main:361 - ****************Corrida 22 ************************
22:30:04,720  INFO main:362 - Fitness solucion: 18.0
22:30:04,720  INFO main:363 - Indice: 21
22:30:04,720  INFO main:364 - Generacion: 0
22:30:04,720  INFO main:374 - Individuo Solucion: {22,0,1,13,20,8,26,7,23,11,3,14,10,9,29,25,12,21,17,27,5,19,4,6,24,28,18,16,2,15}

22:30:04,721  INFO main:375 - *****************************************************
22:30:04,836  INFO main:361 - ****************Corrida 23 ************************
22:30:04,837  INFO main:362 - Fitness solucion: 18.0
22:30:04,837  INFO main:363 - Indice: 20
22:30:04,837  INFO main:364 - Generacion: 0
22:30:04,837  INFO main:374 - Individuo Solucion: {4,13,16,26,19,9,14,10,18,25,3,21,2,6,23,12,17,29,7,20,28,8,5,27,0,24,1,15,11,22}

22:30:04,837  INFO main:375 - *****************************************************
22:30:04,957  INFO main:361 - ****************Corrida 24 ************************
22:30:04,957  INFO main:362 - Fitness solucion: 18.0
22:30:04,957  INFO main:363 - Indice: 21
22:30:04,957  INFO main:364 - Generacion: 0
22:30:04,958  INFO main:374 - Individuo Solucion: {8,2,23,29,3,20,7,14,5,16,6,28,0,22,15,18,10,19,26,27,21,11,25,9,24,4,13,17,1,12}

22:30:04,958  INFO main:375 - *****************************************************
22:30:05,070  INFO main:361 - ****************Corrida 25 ************************
22:30:05,071  INFO main:362 - Fitness solucion: 18.0
22:30:05,071  INFO main:363 - Indice: 18
22:30:05,071  INFO main:364 - Generacion: 0
22:30:05,071  INFO main:374 - Individuo Solucion: {22,26,0,12,14,7,29,2,13,23,18,9,1,5,3,20,15,25,16,28,27,21,11,19,17,24,10,6,4,8}

22:30:05,071  INFO main:375 - *****************************************************
22:30:05,180  INFO main:361 - ****************Corrida 26 ************************
22:30:05,180  INFO main:362 - Fitness solucion: 18.0
22:30:05,180  INFO main:363 - Indice: 21
22:30:05,180  INFO main:364 - Generacion: 0
22:30:05,180  INFO main:374 - Individuo Solucion: {8,20,29,28,2,11,27,3,5,1,15,10,22,14,25,16,0,9,21,4,17,13,12,19,24,18,23,7,6,26}

22:30:05,181  INFO main:375 - *****************************************************
22:30:05,302  INFO main:361 - ****************Corrida 27 ************************
22:30:05,302  INFO main:362 - Fitness solucion: 18.0
22:30:05,302  INFO main:363 - Indice: 20
22:30:05,305  INFO main:364 - Generacion: 0
22:30:05,305  INFO main:374 - Individuo Solucion: {21,4,10,23,2,15,22,24,27,7,11,9,1,0,8,19,17,3,29,14,28,5,6,20,16,13,25,26,12,18}

22:30:05,306  INFO main:375 - *****************************************************
22:30:05,416  INFO main:361 - ****************Corrida 28 ************************
22:30:05,416  INFO main:362 - Fitness solucion: 18.0
22:30:05,417  INFO main:363 - Indice: 23
22:30:05,417  INFO main:364 - Generacion: 0
22:30:05,417  INFO main:374 - Individuo Solucion: {2,13,0,10,6,4,16,12,26,17,11,23,24,1,5,29,21,27,22,15,18,9,7,8,28,20,19,25,14,3}

22:30:05,417  INFO main:375 - *****************************************************
22:30:05,527  INFO main:361 - ****************Corrida 29 ************************
22:30:05,527  INFO main:362 - Fitness solucion: 18.0
22:30:05,527  INFO main:363 - Indice: 21
22:30:05,527  INFO main:364 - Generacion: 0
22:30:05,527  INFO main:374 - Individuo Solucion: {3,28,2,22,1,21,13,15,8,9,27,29,11,6,0,24,12,5,7,16,20,25,17,18,26,10,14,19,4,23}

22:30:05,527  INFO main:375 - *****************************************************
22:30:05,527  INFO main:377 - Tiempo AGP: 162
22:30:05,527  INFO main:378 - Promedio Final: 18
22:30:05,527  INFO main:379 - Promedio Generaciones: 0
22:30:05,528  INFO main:381 - *****************Resultados********************
22:30:05,528  INFO main:383 - result: 18.0
22:30:05,528  INFO main:383 - result: 18.0
22:30:05,528  INFO main:383 - result: 18.0
22:30:05,528  INFO main:383 - result: 18.0
22:30:05,528  INFO main:383 - result: 18.0
22:30:05,528  INFO main:383 - result: 18.0
22:30:05,528  INFO main:383 - result: 18.0
22:30:05,528  INFO main:383 - result: 18.0
22:30:05,528  INFO main:383 - result: 18.0
22:30:05,529  INFO main:383 - result: 18.0
22:30:05,529  INFO main:383 - result: 18.0
22:30:05,529  INFO main:383 - result: 18.0
22:30:05,529  INFO main:383 - result: 18.0
22:30:05,529  INFO main:383 - result: 18.0
22:30:05,529  INFO main:383 - result: 18.0
22:30:05,529  INFO main:383 - result: 18.0
22:30:05,529  INFO main:383 - result: 18.0
22:30:05,530  INFO main:383 - result: 18.0
22:30:05,530  INFO main:383 - result: 18.0
22:30:05,530  INFO main:383 - result: 18.0
22:30:05,530  INFO main:383 - result: 18.0
22:30:05,530  INFO main:383 - result: 18.0
22:30:05,530  INFO main:383 - result: 18.0
22:30:05,530  INFO main:383 - result: 18.0
22:30:05,530  INFO main:383 - result: 18.0
22:30:05,530  INFO main:383 - result: 18.0
22:30:05,530  INFO main:383 - result: 18.0
22:30:05,530  INFO main:383 - result: 18.0
22:30:05,531  INFO main:383 - result: 18.0
22:30:05,531  INFO main:383 - result: 18.0
22:30:05,531  INFO main:385 - *****************Generaciones********************
22:30:05,531  INFO main:387 - Generacion: 0
22:30:05,531  INFO main:387 - Generacion: 0
22:30:05,531  INFO main:387 - Generacion: 0
22:30:05,531  INFO main:387 - Generacion: 0
22:30:05,531  INFO main:387 - Generacion: 0
22:30:05,531  INFO main:387 - Generacion: 0
22:30:05,531  INFO main:387 - Generacion: 0
22:30:05,531  INFO main:387 - Generacion: 0
22:30:05,531  INFO main:387 - Generacion: 0
22:30:05,531  INFO main:387 - Generacion: 0
22:30:05,532  INFO main:387 - Generacion: 0
22:30:05,532  INFO main:387 - Generacion: 0
22:30:05,532  INFO main:387 - Generacion: 0
22:30:05,532  INFO main:387 - Generacion: 0
22:30:05,532  INFO main:387 - Generacion: 0
22:30:05,532  INFO main:387 - Generacion: 0
22:30:05,532  INFO main:387 - Generacion: 0
22:30:05,532  INFO main:387 - Generacion: 0
22:30:05,532  INFO main:387 - Generacion: 0
22:30:05,532  INFO main:387 - Generacion: 0
22:30:05,533  INFO main:387 - Generacion: 0
22:30:05,533  INFO main:387 - Generacion: 0
22:30:05,533  INFO main:387 - Generacion: 0
22:30:05,533  INFO main:387 - Generacion: 0
22:30:05,533  INFO main:387 - Generacion: 0
22:30:05,533  INFO main:387 - Generacion: 0
22:30:05,533  INFO main:387 - Generacion: 0
22:30:05,533  INFO main:387 - Generacion: 0
22:30:05,533  INFO main:387 - Generacion: 0
22:30:05,534  INFO main:387 - Generacion: 0
