11:57:38,315  INFO main:168 - Logueando
11:57:38,363  INFO main:387 - ****************AG PERMUTACION****************
11:57:38,759  INFO main:399 - ****************Corrida 0 ************************
11:57:38,759  INFO main:400 - Fitness solucion: 8.0
11:57:38,760  INFO main:401 - Indice: 8
11:57:38,760  INFO main:402 - Generacion: 0
11:57:38,760  INFO main:403 - Rechazados: 10
11:57:38,760  INFO main:413 - Individuo Solucion: {1,3,8,9,4,7,2,6,0,5}

11:57:38,760  INFO main:414 - *****************************************************
11:57:39,114  INFO main:399 - ****************Corrida 1 ************************
11:57:39,114  INFO main:400 - Fitness solucion: 8.0
11:57:39,114  INFO main:401 - Indice: 8
11:57:39,114  INFO main:402 - Generacion: 0
11:57:39,115  INFO main:403 - Rechazados: 10
11:57:39,115  INFO main:413 - Individuo Solucion: {6,2,1,4,9,8,3,5,0,7}

11:57:39,115  INFO main:414 - *****************************************************
11:57:39,263  INFO main:399 - ****************Corrida 2 ************************
11:57:39,264  INFO main:400 - Fitness solucion: 8.0
11:57:39,264  INFO main:401 - Indice: 9
11:57:39,264  INFO main:402 - Generacion: 0
11:57:39,264  INFO main:403 - Rechazados: 10
11:57:39,264  INFO main:413 - Individuo Solucion: {2,1,6,0,7,5,8,9,3,4}

11:57:39,264  INFO main:414 - *****************************************************
11:57:39,316  INFO main:399 - ****************Corrida 3 ************************
11:57:39,316  INFO main:400 - Fitness solucion: 8.0
11:57:39,316  INFO main:401 - Indice: 8
11:57:39,317  INFO main:402 - Generacion: 0
11:57:39,317  INFO main:403 - Rechazados: 10
11:57:39,317  INFO main:413 - Individuo Solucion: {0,5,6,8,2,1,3,9,4,7}

11:57:39,317  INFO main:414 - *****************************************************
11:57:39,364  INFO main:399 - ****************Corrida 4 ************************
11:57:39,364  INFO main:400 - Fitness solucion: 8.0
11:57:39,364  INFO main:401 - Indice: 9
11:57:39,364  INFO main:402 - Generacion: 0
11:57:39,364  INFO main:403 - Rechazados: 10
11:57:39,365  INFO main:413 - Individuo Solucion: {4,5,9,0,7,8,2,3,6,1}

11:57:39,365  INFO main:414 - *****************************************************
11:57:39,416  INFO main:399 - ****************Corrida 5 ************************
11:57:39,416  INFO main:400 - Fitness solucion: 8.0
11:57:39,417  INFO main:401 - Indice: 8
11:57:39,417  INFO main:402 - Generacion: 0
11:57:39,417  INFO main:403 - Rechazados: 10
11:57:39,417  INFO main:413 - Individuo Solucion: {1,0,3,6,2,7,8,9,4,5}

11:57:39,417  INFO main:414 - *****************************************************
11:57:39,458  INFO main:399 - ****************Corrida 6 ************************
11:57:39,458  INFO main:400 - Fitness solucion: 8.0
11:57:39,458  INFO main:401 - Indice: 8
11:57:39,458  INFO main:402 - Generacion: 0
11:57:39,458  INFO main:403 - Rechazados: 10
11:57:39,458  INFO main:413 - Individuo Solucion: {5,1,2,0,9,3,6,8,7,4}

11:57:39,458  INFO main:414 - *****************************************************
11:57:39,500  INFO main:399 - ****************Corrida 7 ************************
11:57:39,500  INFO main:400 - Fitness solucion: 8.0
11:57:39,500  INFO main:401 - Indice: 8
11:57:39,500  INFO main:402 - Generacion: 0
11:57:39,500  INFO main:403 - Rechazados: 10
11:57:39,501  INFO main:413 - Individuo Solucion: {6,1,4,5,0,8,3,9,7,2}

11:57:39,501  INFO main:414 - *****************************************************
11:57:39,540  INFO main:399 - ****************Corrida 8 ************************
11:57:39,540  INFO main:400 - Fitness solucion: 8.0
11:57:39,540  INFO main:401 - Indice: 8
11:57:39,540  INFO main:402 - Generacion: 0
11:57:39,540  INFO main:403 - Rechazados: 10
11:57:39,541  INFO main:413 - Individuo Solucion: {6,3,5,9,7,1,2,0,4,8}

11:57:39,541  INFO main:414 - *****************************************************
11:57:39,580  INFO main:399 - ****************Corrida 9 ************************
11:57:39,580  INFO main:400 - Fitness solucion: 8.0
11:57:39,580  INFO main:401 - Indice: 9
11:57:39,581  INFO main:402 - Generacion: 0
11:57:39,581  INFO main:403 - Rechazados: 10
11:57:39,581  INFO main:413 - Individuo Solucion: {2,5,8,4,7,1,6,3,0,9}

11:57:39,581  INFO main:414 - *****************************************************
11:57:39,620  INFO main:399 - ****************Corrida 10 ************************
11:57:39,620  INFO main:400 - Fitness solucion: 8.0
11:57:39,620  INFO main:401 - Indice: 8
11:57:39,620  INFO main:402 - Generacion: 0
11:57:39,620  INFO main:403 - Rechazados: 10
11:57:39,621  INFO main:413 - Individuo Solucion: {1,7,2,4,3,8,5,9,6,0}

11:57:39,621  INFO main:414 - *****************************************************
11:57:39,660  INFO main:399 - ****************Corrida 11 ************************
11:57:39,660  INFO main:400 - Fitness solucion: 8.0
11:57:39,660  INFO main:401 - Indice: 8
11:57:39,660  INFO main:402 - Generacion: 0
11:57:39,660  INFO main:403 - Rechazados: 10
11:57:39,660  INFO main:413 - Individuo Solucion: {5,8,0,6,2,7,3,1,9,4}

11:57:39,660  INFO main:414 - *****************************************************
11:57:39,699  INFO main:399 - ****************Corrida 12 ************************
11:57:39,700  INFO main:400 - Fitness solucion: 8.0
11:57:39,700  INFO main:401 - Indice: 8
11:57:39,700  INFO main:402 - Generacion: 0
11:57:39,700  INFO main:403 - Rechazados: 10
11:57:39,700  INFO main:413 - Individuo Solucion: {0,8,6,3,7,5,2,1,4,9}

11:57:39,700  INFO main:414 - *****************************************************
11:57:39,739  INFO main:399 - ****************Corrida 13 ************************
11:57:39,739  INFO main:400 - Fitness solucion: 8.0
11:57:39,740  INFO main:401 - Indice: 8
11:57:39,740  INFO main:402 - Generacion: 0
11:57:39,740  INFO main:403 - Rechazados: 10
11:57:39,740  INFO main:413 - Individuo Solucion: {0,3,9,7,1,2,5,4,6,8}

11:57:39,740  INFO main:414 - *****************************************************
11:57:39,780  INFO main:399 - ****************Corrida 14 ************************
11:57:39,780  INFO main:400 - Fitness solucion: 8.0
11:57:39,780  INFO main:401 - Indice: 8
11:57:39,781  INFO main:402 - Generacion: 0
11:57:39,781  INFO main:403 - Rechazados: 10
11:57:39,781  INFO main:413 - Individuo Solucion: {3,7,8,5,9,1,4,2,6,0}

11:57:39,781  INFO main:414 - *****************************************************
11:57:39,820  INFO main:399 - ****************Corrida 15 ************************
11:57:39,820  INFO main:400 - Fitness solucion: 8.0
11:57:39,820  INFO main:401 - Indice: 8
11:57:39,821  INFO main:402 - Generacion: 0
11:57:39,821  INFO main:403 - Rechazados: 10
11:57:39,821  INFO main:413 - Individuo Solucion: {8,0,5,1,2,9,3,7,6,4}

11:57:39,821  INFO main:414 - *****************************************************
11:57:39,860  INFO main:399 - ****************Corrida 16 ************************
11:57:39,860  INFO main:400 - Fitness solucion: 8.0
11:57:39,860  INFO main:401 - Indice: 8
11:57:39,860  INFO main:402 - Generacion: 0
11:57:39,860  INFO main:403 - Rechazados: 10
11:57:39,860  INFO main:413 - Individuo Solucion: {9,5,7,2,3,4,8,1,6,0}

11:57:39,860  INFO main:414 - *****************************************************
11:57:39,900  INFO main:399 - ****************Corrida 17 ************************
11:57:39,900  INFO main:400 - Fitness solucion: 8.0
11:57:39,900  INFO main:401 - Indice: 8
11:57:39,900  INFO main:402 - Generacion: 0
11:57:39,901  INFO main:403 - Rechazados: 10
11:57:39,901  INFO main:413 - Individuo Solucion: {1,8,3,4,6,5,0,9,2,7}

11:57:39,901  INFO main:414 - *****************************************************
11:57:39,940  INFO main:399 - ****************Corrida 18 ************************
11:57:39,940  INFO main:400 - Fitness solucion: 8.0
11:57:39,940  INFO main:401 - Indice: 8
11:57:39,940  INFO main:402 - Generacion: 0
11:57:39,940  INFO main:403 - Rechazados: 10
11:57:39,940  INFO main:413 - Individuo Solucion: {6,4,7,5,1,3,0,8,2,9}

11:57:39,940  INFO main:414 - *****************************************************
11:57:39,980  INFO main:399 - ****************Corrida 19 ************************
11:57:39,980  INFO main:400 - Fitness solucion: 8.0
11:57:39,980  INFO main:401 - Indice: 9
11:57:39,980  INFO main:402 - Generacion: 0
11:57:39,980  INFO main:403 - Rechazados: 10
11:57:39,980  INFO main:413 - Individuo Solucion: {9,2,0,1,5,4,6,8,3,7}

11:57:39,980  INFO main:414 - *****************************************************
11:57:40,019  INFO main:399 - ****************Corrida 20 ************************
11:57:40,019  INFO main:400 - Fitness solucion: 8.0
11:57:40,020  INFO main:401 - Indice: 9
11:57:40,020  INFO main:402 - Generacion: 0
11:57:40,020  INFO main:403 - Rechazados: 10
11:57:40,020  INFO main:413 - Individuo Solucion: {1,0,7,5,6,9,8,4,2,3}

11:57:40,020  INFO main:414 - *****************************************************
11:57:40,059  INFO main:399 - ****************Corrida 21 ************************
11:57:40,059  INFO main:400 - Fitness solucion: 8.0
11:57:40,059  INFO main:401 - Indice: 8
11:57:40,060  INFO main:402 - Generacion: 0
11:57:40,060  INFO main:403 - Rechazados: 10
11:57:40,060  INFO main:413 - Individuo Solucion: {7,2,1,9,0,3,6,4,5,8}

11:57:40,060  INFO main:414 - *****************************************************
11:57:40,099  INFO main:399 - ****************Corrida 22 ************************
11:57:40,099  INFO main:400 - Fitness solucion: 8.0
11:57:40,099  INFO main:401 - Indice: 8
11:57:40,099  INFO main:402 - Generacion: 0
11:57:40,100  INFO main:403 - Rechazados: 10
11:57:40,100  INFO main:413 - Individuo Solucion: {9,0,6,3,1,2,8,7,4,5}

11:57:40,100  INFO main:414 - *****************************************************
11:57:40,139  INFO main:399 - ****************Corrida 23 ************************
11:57:40,139  INFO main:400 - Fitness solucion: 8.0
11:57:40,139  INFO main:401 - Indice: 8
11:57:40,139  INFO main:402 - Generacion: 0
11:57:40,139  INFO main:403 - Rechazados: 10
11:57:40,139  INFO main:413 - Individuo Solucion: {4,3,0,1,5,9,6,8,7,2}

11:57:40,139  INFO main:414 - *****************************************************
11:57:40,178  INFO main:399 - ****************Corrida 24 ************************
11:57:40,178  INFO main:400 - Fitness solucion: 8.0
11:57:40,178  INFO main:401 - Indice: 9
11:57:40,178  INFO main:402 - Generacion: 0
11:57:40,179  INFO main:403 - Rechazados: 10
11:57:40,179  INFO main:413 - Individuo Solucion: {8,2,7,9,1,0,6,4,3,5}

11:57:40,179  INFO main:414 - *****************************************************
11:57:40,219  INFO main:399 - ****************Corrida 25 ************************
11:57:40,219  INFO main:400 - Fitness solucion: 8.0
11:57:40,219  INFO main:401 - Indice: 9
11:57:40,219  INFO main:402 - Generacion: 0
11:57:40,219  INFO main:403 - Rechazados: 10
11:57:40,219  INFO main:413 - Individuo Solucion: {0,8,7,4,9,1,5,6,3,2}

11:57:40,219  INFO main:414 - *****************************************************
11:57:40,259  INFO main:399 - ****************Corrida 26 ************************
11:57:40,259  INFO main:400 - Fitness solucion: 8.0
11:57:40,259  INFO main:401 - Indice: 9
11:57:40,260  INFO main:402 - Generacion: 0
11:57:40,260  INFO main:403 - Rechazados: 10
11:57:40,260  INFO main:413 - Individuo Solucion: {5,1,6,9,3,2,0,8,4,7}

11:57:40,260  INFO main:414 - *****************************************************
11:57:40,302  INFO main:399 - ****************Corrida 27 ************************
11:57:40,302  INFO main:400 - Fitness solucion: 8.0
11:57:40,302  INFO main:401 - Indice: 8
11:57:40,302  INFO main:402 - Generacion: 0
11:57:40,302  INFO main:403 - Rechazados: 10
11:57:40,302  INFO main:413 - Individuo Solucion: {2,5,3,9,0,1,4,8,6,7}

11:57:40,302  INFO main:414 - *****************************************************
11:57:40,345  INFO main:399 - ****************Corrida 28 ************************
11:57:40,345  INFO main:400 - Fitness solucion: 8.0
11:57:40,345  INFO main:401 - Indice: 9
11:57:40,345  INFO main:402 - Generacion: 0
11:57:40,345  INFO main:403 - Rechazados: 10
11:57:40,345  INFO main:413 - Individuo Solucion: {9,0,8,4,3,5,2,6,7,1}

11:57:40,345  INFO main:414 - *****************************************************
11:57:40,389  INFO main:399 - ****************Corrida 29 ************************
11:57:40,389  INFO main:400 - Fitness solucion: 8.0
11:57:40,389  INFO main:401 - Indice: 8
11:57:40,389  INFO main:402 - Generacion: 0
11:57:40,389  INFO main:403 - Rechazados: 10
11:57:40,389  INFO main:413 - Individuo Solucion: {9,8,0,3,5,1,7,2,4,6}

11:57:40,389  INFO main:414 - *****************************************************
11:57:40,390  INFO main:416 - Tiempo AGP: 66
11:57:40,390  INFO main:417 - Promedio Final: 8
11:57:40,390  INFO main:418 - Promedio Generaciones: 0
11:57:40,390  INFO main:420 - *****************Resultados********************
11:57:40,390  INFO main:422 - result: 8.0
11:57:40,390  INFO main:422 - result: 8.0
11:57:40,390  INFO main:422 - result: 8.0
11:57:40,390  INFO main:422 - result: 8.0
11:57:40,390  INFO main:422 - result: 8.0
11:57:40,390  INFO main:422 - result: 8.0
11:57:40,390  INFO main:422 - result: 8.0
11:57:40,390  INFO main:422 - result: 8.0
11:57:40,390  INFO main:422 - result: 8.0
11:57:40,391  INFO main:422 - result: 8.0
11:57:40,391  INFO main:422 - result: 8.0
11:57:40,391  INFO main:422 - result: 8.0
11:57:40,391  INFO main:422 - result: 8.0
11:57:40,391  INFO main:422 - result: 8.0
11:57:40,391  INFO main:422 - result: 8.0
11:57:40,391  INFO main:422 - result: 8.0
11:57:40,391  INFO main:422 - result: 8.0
11:57:40,391  INFO main:422 - result: 8.0
11:57:40,391  INFO main:422 - result: 8.0
11:57:40,391  INFO main:422 - result: 8.0
11:57:40,391  INFO main:422 - result: 8.0
11:57:40,391  INFO main:422 - result: 8.0
11:57:40,391  INFO main:422 - result: 8.0
11:57:40,392  INFO main:422 - result: 8.0
11:57:40,392  INFO main:422 - result: 8.0
11:57:40,392  INFO main:422 - result: 8.0
11:57:40,392  INFO main:422 - result: 8.0
11:57:40,392  INFO main:422 - result: 8.0
11:57:40,392  INFO main:422 - result: 8.0
11:57:40,392  INFO main:422 - result: 8.0
11:57:40,392  INFO main:424 - *****************Generaciones********************
11:57:40,392  INFO main:426 - Generacion: 0
11:57:40,392  INFO main:426 - Generacion: 0
11:57:40,392  INFO main:426 - Generacion: 0
11:57:40,392  INFO main:426 - Generacion: 0
11:57:40,392  INFO main:426 - Generacion: 0
11:57:40,392  INFO main:426 - Generacion: 0
11:57:40,393  INFO main:426 - Generacion: 0
11:57:40,393  INFO main:426 - Generacion: 0
11:57:40,393  INFO main:426 - Generacion: 0
11:57:40,393  INFO main:426 - Generacion: 0
11:57:40,393  INFO main:426 - Generacion: 0
11:57:40,393  INFO main:426 - Generacion: 0
11:57:40,393  INFO main:426 - Generacion: 0
11:57:40,393  INFO main:426 - Generacion: 0
11:57:40,393  INFO main:426 - Generacion: 0
11:57:40,393  INFO main:426 - Generacion: 0
11:57:40,393  INFO main:426 - Generacion: 0
11:57:40,393  INFO main:426 - Generacion: 0
11:57:40,393  INFO main:426 - Generacion: 0
11:57:40,393  INFO main:426 - Generacion: 0
11:57:40,394  INFO main:426 - Generacion: 0
11:57:40,394  INFO main:426 - Generacion: 0
11:57:40,394  INFO main:426 - Generacion: 0
11:57:40,394  INFO main:426 - Generacion: 0
11:57:40,394  INFO main:426 - Generacion: 0
11:57:40,394  INFO main:426 - Generacion: 0
11:57:40,394  INFO main:426 - Generacion: 0
11:57:40,394  INFO main:426 - Generacion: 0
11:57:40,394  INFO main:426 - Generacion: 0
11:57:40,394  INFO main:426 - Generacion: 0
