22:43:12,665  INFO main:168 - Logueando
22:44:07,691  INFO main:361 - ****************Corrida 0 ************************
22:44:07,692  INFO main:362 - Fitness solucion: 25.0
22:44:07,693  INFO main:363 - Indice: 32
22:44:07,693  INFO main:364 - Generacion: 0
22:44:07,693  INFO main:374 - Individuo Solucion: {42,3,6,40,12,31,55,16,36,32,49,22,29,24,5,39,53,58,17,41,27,57,33,35,8,2,11,10,19,13,30,45,9,4,0,46,20,23,59,56,48,38,43,1,7,52,18,37,50,54,47,25,14,34,44,15,21,26,28,51}

22:44:07,693  INFO main:375 - *****************************************************
22:44:08,054  INFO main:361 - ****************Corrida 1 ************************
22:44:08,054  INFO main:362 - Fitness solucion: 28.0
22:44:08,055  INFO main:363 - Indice: 31
22:44:08,055  INFO main:364 - Generacion: 0
22:44:08,055  INFO main:374 - Individuo Solucion: {30,35,52,58,27,55,39,18,5,8,0,10,17,57,2,19,46,26,13,45,29,6,20,53,38,31,24,37,15,28,54,42,41,21,14,16,56,40,44,12,59,3,33,32,23,4,7,51,48,49,47,25,11,22,43,50,34,9,1,36}

22:44:08,055  INFO main:375 - *****************************************************
22:44:08,417  INFO main:361 - ****************Corrida 2 ************************
22:44:08,417  INFO main:362 - Fitness solucion: 28.0
22:44:08,417  INFO main:363 - Indice: 30
22:44:08,417  INFO main:364 - Generacion: 0
22:44:08,417  INFO main:374 - Individuo Solucion: {28,19,50,57,59,9,0,4,42,16,14,8,56,30,46,1,15,33,55,12,51,29,54,52,7,58,18,23,43,32,20,2,27,17,45,11,48,22,36,26,47,41,39,49,3,10,6,53,13,37,35,25,34,38,5,31,44,21,24,40}

22:44:08,418  INFO main:375 - *****************************************************
22:44:08,771  INFO main:361 - ****************Corrida 3 ************************
22:44:08,771  INFO main:362 - Fitness solucion: 28.0
22:44:08,771  INFO main:363 - Indice: 28
22:44:08,771  INFO main:364 - Generacion: 0
22:44:08,771  INFO main:374 - Individuo Solucion: {57,2,8,58,35,4,40,14,26,30,56,19,37,23,5,10,55,38,29,3,18,46,22,32,39,15,17,9,34,54,12,50,36,25,20,24,31,0,45,48,27,47,53,42,21,49,16,59,6,13,52,7,43,1,11,41,28,44,33,51}

22:44:08,771  INFO main:375 - *****************************************************
22:44:09,122  INFO main:361 - ****************Corrida 4 ************************
22:44:09,123  INFO main:362 - Fitness solucion: 25.0
22:44:09,123  INFO main:363 - Indice: 29
22:44:09,123  INFO main:364 - Generacion: 0
22:44:09,123  INFO main:374 - Individuo Solucion: {13,21,12,2,26,1,38,10,20,16,14,29,50,3,19,7,36,31,33,48,23,11,24,40,18,39,41,58,51,27,35,59,15,43,47,32,30,49,45,17,25,34,42,28,9,46,4,52,22,55,6,0,8,37,53,54,44,56,5,57}

22:44:09,123  INFO main:375 - *****************************************************
22:44:09,472  INFO main:361 - ****************Corrida 5 ************************
22:44:09,472  INFO main:362 - Fitness solucion: 28.0
22:44:09,472  INFO main:363 - Indice: 30
22:44:09,472  INFO main:364 - Generacion: 0
22:44:09,472  INFO main:374 - Individuo Solucion: {22,59,3,9,7,49,5,2,52,14,53,12,26,58,17,4,55,18,1,37,19,43,11,57,13,51,0,10,40,41,54,38,25,46,29,20,32,36,28,24,23,35,33,42,31,50,34,15,47,44,48,6,30,45,27,8,39,21,56,16}

22:44:09,472  INFO main:375 - *****************************************************
22:44:09,818  INFO main:361 - ****************Corrida 6 ************************
22:44:09,818  INFO main:362 - Fitness solucion: 28.0
22:44:09,818  INFO main:363 - Indice: 32
22:44:09,818  INFO main:364 - Generacion: 0
22:44:09,818  INFO main:374 - Individuo Solucion: {9,30,13,35,8,58,31,7,19,33,11,5,2,17,25,0,18,10,20,1,36,24,23,15,55,6,41,48,27,38,45,14,16,12,51,22,3,34,46,52,39,29,44,43,37,54,40,42,57,4,21,47,26,56,28,50,53,32,59,49}

22:44:09,818  INFO main:375 - *****************************************************
22:44:10,163  INFO main:361 - ****************Corrida 7 ************************
22:44:10,164  INFO main:362 - Fitness solucion: 28.0
22:44:10,164  INFO main:363 - Indice: 30
22:44:10,164  INFO main:364 - Generacion: 0
22:44:10,164  INFO main:374 - Individuo Solucion: {34,1,3,11,18,58,15,57,42,17,8,13,23,41,4,27,16,56,7,19,53,0,14,22,25,37,29,44,5,12,35,47,2,20,10,33,52,40,43,38,28,36,31,9,30,24,39,32,6,46,21,55,48,49,26,51,54,45,50,59}

22:44:10,164  INFO main:375 - *****************************************************
22:44:10,515  INFO main:361 - ****************Corrida 8 ************************
22:44:10,515  INFO main:362 - Fitness solucion: 28.0
22:44:10,515  INFO main:363 - Indice: 33
22:44:10,516  INFO main:364 - Generacion: 0
22:44:10,516  INFO main:374 - Individuo Solucion: {0,45,1,21,34,43,27,25,48,42,53,59,58,20,8,35,29,36,18,51,23,19,7,55,38,26,9,33,11,10,49,14,5,37,39,17,47,24,3,15,54,6,2,56,40,52,22,31,46,30,16,28,41,44,12,32,4,13,57,50}

22:44:10,516  INFO main:375 - *****************************************************
22:44:10,869  INFO main:361 - ****************Corrida 9 ************************
22:44:10,869  INFO main:362 - Fitness solucion: 28.0
22:44:10,869  INFO main:363 - Indice: 29
22:44:10,869  INFO main:364 - Generacion: 0
22:44:10,869  INFO main:374 - Individuo Solucion: {44,0,15,5,40,49,46,14,4,33,12,9,56,23,59,18,57,17,41,48,7,13,16,19,10,54,31,24,28,58,43,47,2,32,27,3,22,25,6,55,42,26,29,53,30,21,11,8,1,50,35,37,34,52,38,39,45,36,51,20}

22:44:10,869  INFO main:375 - *****************************************************
22:44:11,220  INFO main:361 - ****************Corrida 10 ************************
22:44:11,220  INFO main:362 - Fitness solucion: 28.0
22:44:11,220  INFO main:363 - Indice: 34
22:44:11,220  INFO main:364 - Generacion: 0
22:44:11,220  INFO main:374 - Individuo Solucion: {30,56,54,49,16,50,7,6,33,38,12,32,15,3,37,25,55,35,46,5,27,22,52,11,58,59,53,18,20,19,28,45,0,36,23,40,4,44,43,57,14,48,47,34,17,9,10,39,42,24,2,8,51,29,13,31,21,1,26,41}

22:44:11,221  INFO main:375 - *****************************************************
22:44:11,570  INFO main:361 - ****************Corrida 11 ************************
22:44:11,570  INFO main:362 - Fitness solucion: 28.0
22:44:11,570  INFO main:363 - Indice: 34
22:44:11,573  INFO main:364 - Generacion: 0
22:44:11,573  INFO main:374 - Individuo Solucion: {30,45,20,28,8,0,6,57,9,29,55,13,18,59,36,16,24,2,11,12,34,46,58,52,5,17,48,23,27,19,56,37,54,26,41,3,10,15,44,35,14,22,51,4,38,25,33,43,31,40,21,53,39,50,1,47,7,49,32,42}

22:44:11,573  INFO main:375 - *****************************************************
22:44:11,932  INFO main:361 - ****************Corrida 12 ************************
22:44:11,932  INFO main:362 - Fitness solucion: 28.0
22:44:11,932  INFO main:363 - Indice: 29
22:44:11,932  INFO main:364 - Generacion: 0
22:44:11,932  INFO main:374 - Individuo Solucion: {9,11,41,56,28,7,15,33,4,16,40,17,46,8,12,19,25,52,48,27,22,1,13,20,57,35,59,10,42,24,5,14,2,3,31,29,44,49,58,55,47,23,43,54,18,45,51,32,0,39,26,38,34,21,37,53,50,30,36,6}

22:44:11,932  INFO main:375 - *****************************************************
22:44:12,281  INFO main:361 - ****************Corrida 13 ************************
22:44:12,281  INFO main:362 - Fitness solucion: 28.0
22:44:12,281  INFO main:363 - Indice: 32
22:44:12,281  INFO main:364 - Generacion: 0
22:44:12,281  INFO main:374 - Individuo Solucion: {11,19,14,54,51,57,15,1,12,56,32,5,0,50,8,38,18,2,55,52,42,28,27,30,23,25,29,7,9,53,37,20,26,45,3,24,22,33,48,40,47,17,41,39,36,58,43,21,13,31,49,34,46,16,6,44,4,10,35,59}

22:44:12,281  INFO main:375 - *****************************************************
22:44:12,630  INFO main:361 - ****************Corrida 14 ************************
22:44:12,630  INFO main:362 - Fitness solucion: 28.0
22:44:12,630  INFO main:363 - Indice: 29
22:44:12,630  INFO main:364 - Generacion: 0
22:44:12,631  INFO main:374 - Individuo Solucion: {0,1,58,14,18,19,33,4,41,27,12,21,16,2,17,29,8,59,40,54,35,10,20,32,7,56,34,26,39,5,22,37,23,48,52,57,13,46,28,30,36,47,55,25,51,38,42,3,44,50,49,53,15,43,6,9,31,45,24,11}

22:44:12,631  INFO main:375 - *****************************************************
22:44:12,983  INFO main:361 - ****************Corrida 15 ************************
22:44:12,983  INFO main:362 - Fitness solucion: 28.0
22:44:12,984  INFO main:363 - Indice: 29
22:44:12,984  INFO main:364 - Generacion: 0
22:44:12,984  INFO main:374 - Individuo Solucion: {52,3,12,10,53,24,26,1,15,18,29,46,39,57,59,8,19,30,48,20,50,11,5,51,45,32,0,56,41,33,14,4,55,22,43,37,27,16,42,38,23,34,44,58,36,31,40,9,35,25,17,47,21,49,54,13,2,28,6,7}

22:44:12,984  INFO main:375 - *****************************************************
22:44:13,504  INFO main:361 - ****************Corrida 16 ************************
22:44:13,504  INFO main:362 - Fitness solucion: 25.0
22:44:13,504  INFO main:363 - Indice: 32
22:44:13,504  INFO main:364 - Generacion: 4
22:44:13,504  INFO main:374 - Individuo Solucion: {11,57,31,22,58,0,9,33,3,19,25,54,34,27,17,46,12,50,2,5,14,39,15,51,20,18,28,7,47,13,37,38,44,21,52,45,53,36,56,43,35,26,23,24,8,10,42,41,16,30,48,55,29,1,59,4,40,32,49,6}

22:44:13,504  INFO main:375 - *****************************************************
22:44:13,852  INFO main:361 - ****************Corrida 17 ************************
22:44:13,852  INFO main:362 - Fitness solucion: 28.0
22:44:13,852  INFO main:363 - Indice: 31
22:44:13,852  INFO main:364 - Generacion: 0
22:44:13,852  INFO main:374 - Individuo Solucion: {3,48,13,15,7,19,0,58,52,41,43,2,11,25,44,1,21,59,5,22,57,28,17,12,30,34,10,31,24,8,14,18,23,51,27,49,16,45,47,6,33,38,40,35,9,56,20,46,26,29,39,55,4,53,32,50,37,42,36,54}

22:44:13,852  INFO main:375 - *****************************************************
22:44:14,203  INFO main:361 - ****************Corrida 18 ************************
22:44:14,203  INFO main:362 - Fitness solucion: 28.0
22:44:14,203  INFO main:363 - Indice: 28
22:44:14,203  INFO main:364 - Generacion: 0
22:44:14,203  INFO main:374 - Individuo Solucion: {4,3,15,17,48,38,35,43,10,5,13,8,31,32,16,22,53,56,19,30,21,33,57,36,39,54,28,29,11,55,24,58,47,9,7,25,23,1,49,12,14,18,59,41,27,46,45,20,2,42,40,0,52,44,50,37,34,51,26,6}

22:44:14,204  INFO main:375 - *****************************************************
22:44:14,551  INFO main:361 - ****************Corrida 19 ************************
22:44:14,552  INFO main:362 - Fitness solucion: 28.0
22:44:14,552  INFO main:363 - Indice: 32
22:44:14,552  INFO main:364 - Generacion: 0
22:44:14,552  INFO main:374 - Individuo Solucion: {43,7,14,2,13,1,18,3,57,20,56,38,11,41,6,42,45,52,10,24,5,30,27,4,25,36,16,21,50,55,23,17,9,15,31,22,12,32,35,40,28,34,39,59,8,53,19,37,54,58,48,29,33,0,46,49,44,47,26,51}

22:44:14,552  INFO main:375 - *****************************************************
22:44:14,915  INFO main:361 - ****************Corrida 20 ************************
22:44:14,915  INFO main:362 - Fitness solucion: 28.0
22:44:14,915  INFO main:363 - Indice: 28
22:44:14,915  INFO main:364 - Generacion: 0
22:44:14,916  INFO main:374 - Individuo Solucion: {55,2,40,0,35,54,25,48,57,10,53,20,39,18,27,37,11,42,31,33,15,14,9,30,7,21,17,43,3,58,22,12,32,29,8,47,59,45,46,44,28,24,56,4,49,13,41,50,51,5,34,1,52,26,16,6,23,38,36,19}

22:44:14,916  INFO main:375 - *****************************************************
22:44:15,270  INFO main:361 - ****************Corrida 21 ************************
22:44:15,271  INFO main:362 - Fitness solucion: 28.0
22:44:15,271  INFO main:363 - Indice: 29
22:44:15,271  INFO main:364 - Generacion: 0
22:44:15,271  INFO main:374 - Individuo Solucion: {28,1,37,45,13,21,49,33,58,0,10,32,9,17,57,8,59,12,24,41,15,20,11,18,7,30,19,44,52,29,31,14,42,47,23,40,39,50,26,36,25,16,51,35,48,4,34,53,2,6,43,55,22,3,38,27,46,54,5,56}

22:44:15,272  INFO main:375 - *****************************************************
22:44:15,628  INFO main:361 - ****************Corrida 22 ************************
22:44:15,628  INFO main:362 - Fitness solucion: 28.0
22:44:15,628  INFO main:363 - Indice: 32
22:44:15,628  INFO main:364 - Generacion: 0
22:44:15,628  INFO main:374 - Individuo Solucion: {49,39,34,58,8,56,50,25,9,26,40,7,6,0,19,3,18,22,20,38,42,45,28,33,10,41,36,24,59,23,53,54,5,21,4,43,15,14,27,17,31,2,29,13,30,46,32,12,37,11,48,16,52,1,57,51,35,44,47,55}

22:44:15,628  INFO main:375 - *****************************************************
22:44:15,985  INFO main:361 - ****************Corrida 23 ************************
22:44:15,985  INFO main:362 - Fitness solucion: 28.0
22:44:15,985  INFO main:363 - Indice: 30
22:44:15,986  INFO main:364 - Generacion: 0
22:44:15,986  INFO main:374 - Individuo Solucion: {54,48,57,42,5,16,23,26,59,30,9,12,52,18,15,50,53,58,34,24,21,35,56,25,36,45,10,40,37,17,39,31,4,3,29,13,28,1,33,11,41,14,0,46,49,20,22,44,27,7,55,47,51,43,19,2,32,38,8,6}

22:44:15,986  INFO main:375 - *****************************************************
22:44:16,343  INFO main:361 - ****************Corrida 24 ************************
22:44:16,343  INFO main:362 - Fitness solucion: 28.0
22:44:16,343  INFO main:363 - Indice: 29
22:44:16,344  INFO main:364 - Generacion: 0
22:44:16,344  INFO main:374 - Individuo Solucion: {2,11,19,32,46,4,14,58,12,39,27,34,13,36,3,23,17,20,44,49,53,10,28,29,1,43,51,57,40,7,42,0,16,59,50,8,31,18,48,22,9,37,35,30,24,38,47,25,26,5,52,54,56,15,55,41,6,33,21,45}

22:44:16,344  INFO main:375 - *****************************************************
22:44:16,691  INFO main:361 - ****************Corrida 25 ************************
22:44:16,691  INFO main:362 - Fitness solucion: 28.0
22:44:16,691  INFO main:363 - Indice: 35
22:44:16,691  INFO main:364 - Generacion: 0
22:44:16,691  INFO main:374 - Individuo Solucion: {4,35,48,24,45,6,52,13,0,39,9,7,37,21,19,5,14,44,10,41,57,20,16,15,55,11,2,3,46,49,1,8,56,12,17,27,36,32,59,23,53,29,34,43,40,50,47,25,22,42,28,31,58,26,51,33,18,54,38,30}

22:44:16,691  INFO main:375 - *****************************************************
22:44:17,073  INFO main:361 - ****************Corrida 26 ************************
22:44:17,074  INFO main:362 - Fitness solucion: 28.0
22:44:17,074  INFO main:363 - Indice: 32
22:44:17,074  INFO main:364 - Generacion: 0
22:44:17,074  INFO main:374 - Individuo Solucion: {50,8,4,59,2,36,51,6,0,14,16,10,35,11,21,27,19,26,12,15,18,52,25,9,41,32,31,55,34,3,57,40,33,48,49,42,29,22,17,39,28,23,7,37,45,20,1,47,56,30,38,46,44,54,5,58,24,13,43,53}

22:44:17,074  INFO main:375 - *****************************************************
22:44:17,466  INFO main:361 - ****************Corrida 27 ************************
22:44:17,466  INFO main:362 - Fitness solucion: 28.0
22:44:17,466  INFO main:363 - Indice: 32
22:44:17,466  INFO main:364 - Generacion: 0
22:44:17,466  INFO main:374 - Individuo Solucion: {50,30,55,17,0,7,34,45,28,35,42,8,19,49,38,1,2,13,40,20,29,27,32,52,56,54,46,4,44,22,41,57,16,14,39,3,12,11,33,25,18,23,10,5,37,36,59,47,24,58,48,6,9,15,21,31,26,53,51,43}

22:44:17,467  INFO main:375 - *****************************************************
22:44:17,900  INFO main:361 - ****************Corrida 28 ************************
22:44:17,900  INFO main:362 - Fitness solucion: 28.0
22:44:17,900  INFO main:363 - Indice: 30
22:44:17,900  INFO main:364 - Generacion: 0
22:44:17,901  INFO main:374 - Individuo Solucion: {0,2,51,48,40,8,33,12,9,18,30,53,16,17,27,6,4,28,25,58,20,42,3,15,29,45,24,13,26,34,19,14,44,31,1,55,56,23,38,54,39,52,57,7,43,47,32,41,37,36,21,22,5,46,59,35,10,50,49,11}

22:44:17,901  INFO main:375 - *****************************************************
22:44:18,273  INFO main:361 - ****************Corrida 29 ************************
22:44:18,273  INFO main:362 - Fitness solucion: 28.0
22:44:18,274  INFO main:363 - Indice: 31
22:44:18,274  INFO main:364 - Generacion: 0
22:44:18,274  INFO main:374 - Individuo Solucion: {1,58,3,44,14,19,10,29,7,24,13,8,57,0,12,31,32,53,48,40,26,18,49,9,56,52,21,41,30,23,25,11,15,22,2,20,17,51,50,47,6,46,34,38,35,4,37,45,39,28,42,59,33,36,16,5,43,54,27,55}

22:44:18,274  INFO main:375 - *****************************************************
22:44:18,274  INFO main:377 - Tiempo AGP: 409
22:44:18,274  INFO main:378 - Promedio Final: 27
22:44:18,274  INFO main:379 - Promedio Generaciones: 0
22:44:18,274  INFO main:381 - *****************Resultados********************
22:44:18,274  INFO main:383 - result: 25.0
22:44:18,275  INFO main:383 - result: 28.0
22:44:18,275  INFO main:383 - result: 28.0
22:44:18,275  INFO main:383 - result: 28.0
22:44:18,275  INFO main:383 - result: 25.0
22:44:18,275  INFO main:383 - result: 28.0
22:44:18,275  INFO main:383 - result: 28.0
22:44:18,276  INFO main:383 - result: 28.0
22:44:18,276  INFO main:383 - result: 28.0
22:44:18,276  INFO main:383 - result: 28.0
22:44:18,276  INFO main:383 - result: 28.0
22:44:18,276  INFO main:383 - result: 28.0
22:44:18,276  INFO main:383 - result: 28.0
22:44:18,276  INFO main:383 - result: 28.0
22:44:18,276  INFO main:383 - result: 28.0
22:44:18,276  INFO main:383 - result: 28.0
22:44:18,277  INFO main:383 - result: 25.0
22:44:18,277  INFO main:383 - result: 28.0
22:44:18,277  INFO main:383 - result: 28.0
22:44:18,277  INFO main:383 - result: 28.0
22:44:18,277  INFO main:383 - result: 28.0
22:44:18,277  INFO main:383 - result: 28.0
22:44:18,277  INFO main:383 - result: 28.0
22:44:18,278  INFO main:383 - result: 28.0
22:44:18,278  INFO main:383 - result: 28.0
22:44:18,278  INFO main:383 - result: 28.0
22:44:18,278  INFO main:383 - result: 28.0
22:44:18,278  INFO main:383 - result: 28.0
22:44:18,278  INFO main:383 - result: 28.0
22:44:18,278  INFO main:383 - result: 28.0
22:44:18,278  INFO main:385 - *****************Generaciones********************
22:44:18,278  INFO main:387 - Generacion: 0
22:44:18,278  INFO main:387 - Generacion: 0
22:44:18,278  INFO main:387 - Generacion: 0
22:44:18,278  INFO main:387 - Generacion: 0
22:44:18,279  INFO main:387 - Generacion: 0
22:44:18,279  INFO main:387 - Generacion: 0
22:44:18,279  INFO main:387 - Generacion: 0
22:44:18,279  INFO main:387 - Generacion: 0
22:44:18,279  INFO main:387 - Generacion: 0
22:44:18,279  INFO main:387 - Generacion: 0
22:44:18,279  INFO main:387 - Generacion: 0
22:44:18,279  INFO main:387 - Generacion: 0
22:44:18,279  INFO main:387 - Generacion: 0
22:44:18,280  INFO main:387 - Generacion: 0
22:44:18,280  INFO main:387 - Generacion: 0
22:44:18,280  INFO main:387 - Generacion: 0
22:44:18,280  INFO main:387 - Generacion: 0
22:44:18,280  INFO main:387 - Generacion: 0
22:44:18,280  INFO main:387 - Generacion: 0
22:44:18,280  INFO main:387 - Generacion: 0
22:44:18,280  INFO main:387 - Generacion: 0
22:44:18,281  INFO main:387 - Generacion: 0
22:44:18,281  INFO main:387 - Generacion: 0
22:44:18,281  INFO main:387 - Generacion: 0
22:44:18,281  INFO main:387 - Generacion: 0
22:44:18,281  INFO main:387 - Generacion: 0
22:44:18,281  INFO main:387 - Generacion: 0
22:44:18,281  INFO main:387 - Generacion: 0
22:44:18,281  INFO main:387 - Generacion: 0
22:44:18,282  INFO main:387 - Generacion: 0
