13:12:54,769  INFO main:168 - Logueando
13:12:54,815  INFO main:387 - ****************AG PERMUTACION****************
13:12:55,084  INFO main:399 - ****************Corrida 0 ************************
13:12:55,084  INFO main:400 - Fitness solucion: 5.0
13:12:55,084  INFO main:401 - Indice: 5
13:12:55,085  INFO main:402 - Generacion: 0
13:12:55,085  INFO main:403 - Rechazados: 5
13:12:55,085  INFO main:413 - Individuo Solucion: {1,4,2,3,0}

13:12:55,085  INFO main:414 - *****************************************************
13:12:55,309  INFO main:399 - ****************Corrida 1 ************************
13:12:55,309  INFO main:400 - Fitness solucion: 5.0
13:12:55,309  INFO main:401 - Indice: 5
13:12:55,309  INFO main:402 - Generacion: 0
13:12:55,309  INFO main:403 - Rechazados: 5
13:12:55,310  INFO main:413 - Individuo Solucion: {4,2,0,3,1}

13:12:55,310  INFO main:414 - *****************************************************
13:12:55,509  INFO main:399 - ****************Corrida 2 ************************
13:12:55,509  INFO main:400 - Fitness solucion: 5.0
13:12:55,509  INFO main:401 - Indice: 5
13:12:55,509  INFO main:402 - Generacion: 0
13:12:55,509  INFO main:403 - Rechazados: 5
13:12:55,509  INFO main:413 - Individuo Solucion: {2,1,4,0,3}

13:12:55,509  INFO main:414 - *****************************************************
13:12:55,731  INFO main:399 - ****************Corrida 3 ************************
13:12:55,731  INFO main:400 - Fitness solucion: 5.0
13:12:55,731  INFO main:401 - Indice: 5
13:12:55,731  INFO main:402 - Generacion: 0
13:12:55,731  INFO main:403 - Rechazados: 5
13:12:55,731  INFO main:413 - Individuo Solucion: {0,2,4,3,1}

13:12:55,731  INFO main:414 - *****************************************************
13:12:55,766  INFO main:399 - ****************Corrida 4 ************************
13:12:55,766  INFO main:400 - Fitness solucion: 5.0
13:12:55,766  INFO main:401 - Indice: 5
13:12:55,766  INFO main:402 - Generacion: 0
13:12:55,766  INFO main:403 - Rechazados: 5
13:12:55,766  INFO main:413 - Individuo Solucion: {3,0,1,4,2}

13:12:55,767  INFO main:414 - *****************************************************
13:12:55,792  INFO main:399 - ****************Corrida 5 ************************
13:12:55,792  INFO main:400 - Fitness solucion: 5.0
13:12:55,792  INFO main:401 - Indice: 5
13:12:55,792  INFO main:402 - Generacion: 0
13:12:55,793  INFO main:403 - Rechazados: 5
13:12:55,793  INFO main:413 - Individuo Solucion: {2,0,4,1,3}

13:12:55,793  INFO main:414 - *****************************************************
13:12:55,820  INFO main:399 - ****************Corrida 6 ************************
13:12:55,821  INFO main:400 - Fitness solucion: 5.0
13:12:55,821  INFO main:401 - Indice: 5
13:12:55,821  INFO main:402 - Generacion: 0
13:12:55,821  INFO main:403 - Rechazados: 5
13:12:55,821  INFO main:413 - Individuo Solucion: {4,0,3,2,1}

13:12:55,821  INFO main:414 - *****************************************************
13:12:55,848  INFO main:399 - ****************Corrida 7 ************************
13:12:55,848  INFO main:400 - Fitness solucion: 5.0
13:12:55,848  INFO main:401 - Indice: 5
13:12:55,848  INFO main:402 - Generacion: 0
13:12:55,848  INFO main:403 - Rechazados: 5
13:12:55,848  INFO main:413 - Individuo Solucion: {1,0,3,2,4}

13:12:55,848  INFO main:414 - *****************************************************
13:12:55,873  INFO main:399 - ****************Corrida 8 ************************
13:12:55,873  INFO main:400 - Fitness solucion: 5.0
13:12:55,873  INFO main:401 - Indice: 5
13:12:55,873  INFO main:402 - Generacion: 0
13:12:55,873  INFO main:403 - Rechazados: 5
13:12:55,873  INFO main:413 - Individuo Solucion: {4,1,2,0,3}

13:12:55,874  INFO main:414 - *****************************************************
13:12:55,898  INFO main:399 - ****************Corrida 9 ************************
13:12:55,898  INFO main:400 - Fitness solucion: 5.0
13:12:55,899  INFO main:401 - Indice: 5
13:12:55,899  INFO main:402 - Generacion: 0
13:12:55,899  INFO main:403 - Rechazados: 5
13:12:55,899  INFO main:413 - Individuo Solucion: {3,0,2,1,4}

13:12:55,899  INFO main:414 - *****************************************************
13:12:55,923  INFO main:399 - ****************Corrida 10 ************************
13:12:55,923  INFO main:400 - Fitness solucion: 5.0
13:12:55,923  INFO main:401 - Indice: 5
13:12:55,924  INFO main:402 - Generacion: 0
13:12:55,924  INFO main:403 - Rechazados: 5
13:12:55,924  INFO main:413 - Individuo Solucion: {0,3,4,1,2}

13:12:55,924  INFO main:414 - *****************************************************
13:12:55,948  INFO main:399 - ****************Corrida 11 ************************
13:12:55,949  INFO main:400 - Fitness solucion: 5.0
13:12:55,949  INFO main:401 - Indice: 5
13:12:55,949  INFO main:402 - Generacion: 0
13:12:55,949  INFO main:403 - Rechazados: 5
13:12:55,949  INFO main:413 - Individuo Solucion: {1,2,4,3,0}

13:12:55,949  INFO main:414 - *****************************************************
13:12:55,974  INFO main:399 - ****************Corrida 12 ************************
13:12:55,974  INFO main:400 - Fitness solucion: 5.0
13:12:55,974  INFO main:401 - Indice: 5
13:12:55,974  INFO main:402 - Generacion: 0
13:12:55,974  INFO main:403 - Rechazados: 5
13:12:55,974  INFO main:413 - Individuo Solucion: {0,4,1,2,3}

13:12:55,974  INFO main:414 - *****************************************************
13:12:55,999  INFO main:399 - ****************Corrida 13 ************************
13:12:56,000  INFO main:400 - Fitness solucion: 5.0
13:12:56,000  INFO main:401 - Indice: 5
13:12:56,000  INFO main:402 - Generacion: 0
13:12:56,000  INFO main:403 - Rechazados: 5
13:12:56,000  INFO main:413 - Individuo Solucion: {4,1,0,3,2}

13:12:56,000  INFO main:414 - *****************************************************
13:12:56,025  INFO main:399 - ****************Corrida 14 ************************
13:12:56,025  INFO main:400 - Fitness solucion: 5.0
13:12:56,026  INFO main:401 - Indice: 5
13:12:56,026  INFO main:402 - Generacion: 0
13:12:56,026  INFO main:403 - Rechazados: 5
13:12:56,026  INFO main:413 - Individuo Solucion: {0,4,2,1,3}

13:12:56,026  INFO main:414 - *****************************************************
13:12:56,051  INFO main:399 - ****************Corrida 15 ************************
13:12:56,051  INFO main:400 - Fitness solucion: 5.0
13:12:56,051  INFO main:401 - Indice: 5
13:12:56,051  INFO main:402 - Generacion: 0
13:12:56,051  INFO main:403 - Rechazados: 5
13:12:56,051  INFO main:413 - Individuo Solucion: {4,0,2,3,1}

13:12:56,051  INFO main:414 - *****************************************************
13:12:56,076  INFO main:399 - ****************Corrida 16 ************************
13:12:56,077  INFO main:400 - Fitness solucion: 5.0
13:12:56,077  INFO main:401 - Indice: 5
13:12:56,077  INFO main:402 - Generacion: 0
13:12:56,077  INFO main:403 - Rechazados: 5
13:12:56,077  INFO main:413 - Individuo Solucion: {1,4,0,3,2}

13:12:56,077  INFO main:414 - *****************************************************
13:12:56,102  INFO main:399 - ****************Corrida 17 ************************
13:12:56,102  INFO main:400 - Fitness solucion: 5.0
13:12:56,102  INFO main:401 - Indice: 5
13:12:56,102  INFO main:402 - Generacion: 0
13:12:56,102  INFO main:403 - Rechazados: 5
13:12:56,102  INFO main:413 - Individuo Solucion: {0,1,4,3,2}

13:12:56,102  INFO main:414 - *****************************************************
13:12:56,127  INFO main:399 - ****************Corrida 18 ************************
13:12:56,127  INFO main:400 - Fitness solucion: 5.0
13:12:56,127  INFO main:401 - Indice: 5
13:12:56,127  INFO main:402 - Generacion: 0
13:12:56,127  INFO main:403 - Rechazados: 5
13:12:56,127  INFO main:413 - Individuo Solucion: {3,0,2,4,1}

13:12:56,127  INFO main:414 - *****************************************************
13:12:56,152  INFO main:399 - ****************Corrida 19 ************************
13:12:56,152  INFO main:400 - Fitness solucion: 5.0
13:12:56,152  INFO main:401 - Indice: 5
13:12:56,152  INFO main:402 - Generacion: 0
13:12:56,152  INFO main:403 - Rechazados: 5
13:12:56,152  INFO main:413 - Individuo Solucion: {1,0,4,2,3}

13:12:56,152  INFO main:414 - *****************************************************
13:12:56,177  INFO main:399 - ****************Corrida 20 ************************
13:12:56,177  INFO main:400 - Fitness solucion: 5.0
13:12:56,178  INFO main:401 - Indice: 5
13:12:56,178  INFO main:402 - Generacion: 0
13:12:56,178  INFO main:403 - Rechazados: 5
13:12:56,178  INFO main:413 - Individuo Solucion: {4,1,3,2,0}

13:12:56,178  INFO main:414 - *****************************************************
13:12:56,202  INFO main:399 - ****************Corrida 21 ************************
13:12:56,203  INFO main:400 - Fitness solucion: 5.0
13:12:56,203  INFO main:401 - Indice: 5
13:12:56,203  INFO main:402 - Generacion: 0
13:12:56,203  INFO main:403 - Rechazados: 5
13:12:56,203  INFO main:413 - Individuo Solucion: {0,2,1,3,4}

13:12:56,203  INFO main:414 - *****************************************************
13:12:56,228  INFO main:399 - ****************Corrida 22 ************************
13:12:56,228  INFO main:400 - Fitness solucion: 5.0
13:12:56,228  INFO main:401 - Indice: 5
13:12:56,228  INFO main:402 - Generacion: 0
13:12:56,228  INFO main:403 - Rechazados: 5
13:12:56,228  INFO main:413 - Individuo Solucion: {2,3,1,4,0}

13:12:56,228  INFO main:414 - *****************************************************
13:12:56,253  INFO main:399 - ****************Corrida 23 ************************
13:12:56,253  INFO main:400 - Fitness solucion: 5.0
13:12:56,253  INFO main:401 - Indice: 5
13:12:56,253  INFO main:402 - Generacion: 0
13:12:56,253  INFO main:403 - Rechazados: 5
13:12:56,253  INFO main:413 - Individuo Solucion: {0,1,3,2,4}

13:12:56,253  INFO main:414 - *****************************************************
13:12:56,279  INFO main:399 - ****************Corrida 24 ************************
13:12:56,279  INFO main:400 - Fitness solucion: 5.0
13:12:56,279  INFO main:401 - Indice: 5
13:12:56,279  INFO main:402 - Generacion: 0
13:12:56,279  INFO main:403 - Rechazados: 5
13:12:56,279  INFO main:413 - Individuo Solucion: {3,0,2,1,4}

13:12:56,279  INFO main:414 - *****************************************************
13:12:56,304  INFO main:399 - ****************Corrida 25 ************************
13:12:56,304  INFO main:400 - Fitness solucion: 5.0
13:12:56,304  INFO main:401 - Indice: 5
13:12:56,304  INFO main:402 - Generacion: 0
13:12:56,304  INFO main:403 - Rechazados: 5
13:12:56,304  INFO main:413 - Individuo Solucion: {0,3,1,4,2}

13:12:56,304  INFO main:414 - *****************************************************
13:12:56,329  INFO main:399 - ****************Corrida 26 ************************
13:12:56,329  INFO main:400 - Fitness solucion: 5.0
13:12:56,330  INFO main:401 - Indice: 5
13:12:56,330  INFO main:402 - Generacion: 0
13:12:56,330  INFO main:403 - Rechazados: 5
13:12:56,330  INFO main:413 - Individuo Solucion: {3,1,4,2,0}

13:12:56,330  INFO main:414 - *****************************************************
13:12:56,358  INFO main:399 - ****************Corrida 27 ************************
13:12:56,358  INFO main:400 - Fitness solucion: 5.0
13:12:56,358  INFO main:401 - Indice: 5
13:12:56,358  INFO main:402 - Generacion: 0
13:12:56,358  INFO main:403 - Rechazados: 5
13:12:56,358  INFO main:413 - Individuo Solucion: {0,3,1,2,4}

13:12:56,358  INFO main:414 - *****************************************************
13:12:56,390  INFO main:399 - ****************Corrida 28 ************************
13:12:56,390  INFO main:400 - Fitness solucion: 5.0
13:12:56,390  INFO main:401 - Indice: 5
13:12:56,391  INFO main:402 - Generacion: 0
13:12:56,391  INFO main:403 - Rechazados: 5
13:12:56,391  INFO main:413 - Individuo Solucion: {2,0,1,4,3}

13:12:56,391  INFO main:414 - *****************************************************
13:12:56,420  INFO main:399 - ****************Corrida 29 ************************
13:12:56,421  INFO main:400 - Fitness solucion: 5.0
13:12:56,421  INFO main:401 - Indice: 5
13:12:56,421  INFO main:402 - Generacion: 0
13:12:56,421  INFO main:403 - Rechazados: 5
13:12:56,421  INFO main:413 - Individuo Solucion: {2,4,1,0,3}

13:12:56,421  INFO main:414 - *****************************************************
13:12:56,421  INFO main:416 - Tiempo AGP: 52
13:12:56,421  INFO main:417 - Promedio Final: 5
13:12:56,421  INFO main:418 - Promedio Generaciones: 0
13:12:56,422  INFO main:420 - *****************Resultados********************
13:12:56,422  INFO main:422 - result: 5.0
13:12:56,422  INFO main:422 - result: 5.0
13:12:56,422  INFO main:422 - result: 5.0
13:12:56,422  INFO main:422 - result: 5.0
13:12:56,422  INFO main:422 - result: 5.0
13:12:56,422  INFO main:422 - result: 5.0
13:12:56,422  INFO main:422 - result: 5.0
13:12:56,422  INFO main:422 - result: 5.0
13:12:56,422  INFO main:422 - result: 5.0
13:12:56,422  INFO main:422 - result: 5.0
13:12:56,423  INFO main:422 - result: 5.0
13:12:56,423  INFO main:422 - result: 5.0
13:12:56,423  INFO main:422 - result: 5.0
13:12:56,423  INFO main:422 - result: 5.0
13:12:56,423  INFO main:422 - result: 5.0
13:12:56,423  INFO main:422 - result: 5.0
13:12:56,423  INFO main:422 - result: 5.0
13:12:56,423  INFO main:422 - result: 5.0
13:12:56,423  INFO main:422 - result: 5.0
13:12:56,423  INFO main:422 - result: 5.0
13:12:56,423  INFO main:422 - result: 5.0
13:12:56,423  INFO main:422 - result: 5.0
13:12:56,424  INFO main:422 - result: 5.0
13:12:56,424  INFO main:422 - result: 5.0
13:12:56,424  INFO main:422 - result: 5.0
13:12:56,424  INFO main:422 - result: 5.0
13:12:56,424  INFO main:422 - result: 5.0
13:12:56,424  INFO main:422 - result: 5.0
13:12:56,424  INFO main:422 - result: 5.0
13:12:56,424  INFO main:422 - result: 5.0
13:12:56,424  INFO main:424 - *****************Generaciones********************
13:12:56,424  INFO main:426 - Generacion: 0
13:12:56,424  INFO main:426 - Generacion: 0
13:12:56,424  INFO main:426 - Generacion: 0
13:12:56,424  INFO main:426 - Generacion: 0
13:12:56,424  INFO main:426 - Generacion: 0
13:12:56,424  INFO main:426 - Generacion: 0
13:12:56,425  INFO main:426 - Generacion: 0
13:12:56,425  INFO main:426 - Generacion: 0
13:12:56,425  INFO main:426 - Generacion: 0
13:12:56,425  INFO main:426 - Generacion: 0
13:12:56,425  INFO main:426 - Generacion: 0
13:12:56,425  INFO main:426 - Generacion: 0
13:12:56,425  INFO main:426 - Generacion: 0
13:12:56,425  INFO main:426 - Generacion: 0
13:12:56,425  INFO main:426 - Generacion: 0
13:12:56,425  INFO main:426 - Generacion: 0
13:12:56,425  INFO main:426 - Generacion: 0
13:12:56,425  INFO main:426 - Generacion: 0
13:12:56,425  INFO main:426 - Generacion: 0
13:12:56,425  INFO main:426 - Generacion: 0
13:12:56,425  INFO main:426 - Generacion: 0
13:12:56,426  INFO main:426 - Generacion: 0
13:12:56,426  INFO main:426 - Generacion: 0
13:12:56,426  INFO main:426 - Generacion: 0
13:12:56,426  INFO main:426 - Generacion: 0
13:12:56,426  INFO main:426 - Generacion: 0
13:12:56,426  INFO main:426 - Generacion: 0
13:12:56,426  INFO main:426 - Generacion: 0
13:12:56,426  INFO main:426 - Generacion: 0
13:12:56,426  INFO main:426 - Generacion: 0
