22:08:42,974  INFO main:168 - Logueando
22:09:55,078  INFO main:300 - Tiempo PreCalculo: 72103
22:09:55,078  INFO main:387 - ****************AG PERMUTACION****************
22:09:56,513  INFO main:401 - ****************Corrida 0 ************************
22:09:56,513  INFO main:402 - Fitness solucion: 39.0
22:09:56,513  INFO main:403 - Indice: 43
22:09:56,513  INFO main:404 - Generacion: 5
22:09:56,513  INFO main:405 - Rechazados: 62
22:09:56,514  INFO main:417 - Individuo Solucion: {39,0,10,40,18,183,168,144,179,9,8,197,219,17,159,154,12,37,130,3,225,209,55,25,97,69,102,227,73,226,47,67,143,23,51,21,60,220,94,41,181,65,187,190,103,45,233,77,59,64,136,58,90,75,33,53,43,152,167,122,139,128,145,214,6,165,99,44,71,56,80,185,35,243,138,140,52,246,172,153,78,176,118,124,107,100,166,125,34,68,76,63,95,241,7,229,13,146,106,108,174,19,82,5,228,96,20,87,11,135,200,240,4,115,54,84,142,66,137,38,224,207,121,182,169,195,175,171,31,218,2,191,98,28,148,62,186,22,36,230,211,91,1,57,49,150,88,147,247,162,192,114,131,235,237,74,201,216,157,188,15,193,32,126,61,232,48,132,109,16,164,14,215,81,161,117,113,119,249,104,151,231,213,123,116,70,234,203,170,29,110,149,178,24,111,93,158,222,244,156,242,27,155,177,236,112,202,204,206,86,141,42,199,127,101,89,133,85,205,245,212,163,223,173,239,194,210,208,248,238,72,189,79,198,120,46,105,83,196,180,217,221,30,92,26,184,160,129,134,50}

22:09:56,514  INFO main:418 - *****************************************************
22:09:57,262  INFO main:401 - ****************Corrida 1 ************************
22:09:57,270  INFO main:402 - Fitness solucion: 39.0
22:09:57,270  INFO main:403 - Indice: 43
22:09:57,271  INFO main:404 - Generacion: 7
22:09:57,271  INFO main:405 - Rechazados: 63
22:09:57,271  INFO main:417 - Individuo Solucion: {191,9,28,200,46,63,104,177,203,234,84,123,198,11,58,19,209,86,184,6,143,1,76,44,100,50,248,10,168,7,13,112,159,241,34,0,65,222,61,216,229,107,181,26,122,105,224,72,135,21,97,118,39,49,40,48,38,111,43,113,185,55,101,176,14,116,139,242,16,213,245,183,82,199,223,119,47,96,27,114,4,24,83,235,188,32,180,33,42,204,225,79,109,170,20,41,175,187,64,182,137,144,81,219,215,128,120,186,173,228,115,147,17,161,71,201,166,57,214,60,37,75,45,169,29,22,247,66,51,239,162,165,68,88,92,78,178,131,190,74,233,196,12,192,95,73,80,69,106,163,52,193,130,54,99,102,237,36,18,217,249,132,153,3,125,164,210,171,206,218,179,167,136,110,108,221,238,87,212,56,117,62,31,5,158,138,121,129,156,240,157,148,140,154,207,146,246,89,151,77,142,149,70,35,195,2,243,205,126,85,226,141,172,208,59,94,227,98,93,231,8,236,152,53,145,134,124,232,160,30,127,189,103,220,230,90,150,133,194,91,174,67,23,211,155,244,25,15,197,202}

22:09:57,271  INFO main:418 - *****************************************************
22:09:57,918  INFO main:401 - ****************Corrida 2 ************************
22:09:57,918  INFO main:402 - Fitness solucion: 39.0
22:09:57,918  INFO main:403 - Indice: 43
22:09:57,919  INFO main:404 - Generacion: 1
22:09:57,919  INFO main:405 - Rechazados: 56
22:09:57,919  INFO main:417 - Individuo Solucion: {242,86,185,96,206,59,0,6,202,211,25,214,133,30,228,65,49,186,70,38,139,178,37,78,187,9,83,45,99,29,160,35,151,13,39,67,51,22,163,58,7,109,174,141,64,27,114,69,243,150,203,97,212,98,201,132,246,18,11,135,19,231,3,192,208,102,248,73,24,118,209,240,36,227,184,112,81,82,204,125,92,195,14,23,220,21,134,230,63,53,111,48,169,55,8,20,127,32,234,235,168,33,77,148,60,130,216,34,42,61,108,74,28,54,62,40,194,166,236,116,110,155,249,172,85,117,76,71,47,56,122,223,68,143,66,170,44,103,124,138,152,182,154,84,107,171,131,247,17,2,147,72,129,80,196,224,158,167,149,120,207,233,16,153,10,157,225,145,5,191,100,52,180,46,79,101,245,95,4,87,140,50,123,173,12,89,126,241,113,161,26,41,75,215,222,43,164,213,105,199,94,177,221,218,189,57,106,156,31,88,159,210,232,128,237,200,142,217,190,91,115,229,176,244,205,175,15,137,104,197,238,226,183,146,193,144,136,119,188,121,1,165,239,219,93,198,90,179,181,162}

22:09:57,919  INFO main:418 - *****************************************************
22:09:58,562  INFO main:401 - ****************Corrida 3 ************************
22:09:58,562  INFO main:402 - Fitness solucion: 39.0
22:09:58,562  INFO main:403 - Indice: 43
22:09:58,562  INFO main:404 - Generacion: 1
22:09:58,562  INFO main:405 - Rechazados: 63
22:09:58,563  INFO main:417 - Individuo Solucion: {72,244,206,11,3,4,12,241,40,134,31,60,1,233,25,55,174,16,135,68,51,122,175,59,246,43,76,231,73,78,35,198,56,30,177,32,119,80,36,223,160,86,114,34,154,15,57,153,219,58,64,19,132,100,70,101,189,140,133,243,98,203,47,228,82,6,163,79,216,237,39,232,123,194,49,171,202,190,116,209,17,50,88,112,87,46,185,93,21,131,7,170,90,97,61,229,54,129,224,249,108,111,124,242,102,27,138,155,103,33,48,37,44,85,137,96,199,28,179,147,67,222,141,84,94,148,24,89,81,145,77,110,210,167,126,234,149,91,184,8,20,66,26,211,186,221,157,143,136,239,161,201,120,168,220,204,9,105,29,62,0,162,52,121,207,104,117,144,182,106,146,142,92,65,197,127,187,247,128,208,196,71,150,172,10,83,118,240,183,45,226,109,107,166,180,218,195,95,14,188,236,125,38,217,173,130,152,13,230,225,193,151,22,165,245,75,213,191,115,205,176,214,169,5,192,23,53,235,41,227,113,69,159,63,215,2,181,158,212,18,200,238,164,74,156,248,139,42,99,178}

22:09:58,563  INFO main:418 - *****************************************************
22:09:59,335  INFO main:401 - ****************Corrida 4 ************************
22:09:59,335  INFO main:402 - Fitness solucion: 39.0
22:09:59,335  INFO main:403 - Indice: 43
22:09:59,335  INFO main:404 - Generacion: 1
22:09:59,335  INFO main:405 - Rechazados: 60
22:09:59,336  INFO main:417 - Individuo Solucion: {190,130,22,3,227,175,231,234,11,56,102,39,0,14,196,99,133,232,85,38,109,69,244,76,35,96,207,176,129,238,82,12,156,183,134,81,139,240,229,202,160,248,48,184,52,26,68,53,230,8,62,9,247,60,43,151,49,70,208,57,219,37,172,90,16,192,84,216,32,19,108,191,143,91,125,214,103,93,194,153,140,112,30,41,154,87,45,135,17,197,64,114,31,59,187,27,29,142,28,120,215,217,228,20,189,141,218,185,186,94,113,220,162,181,79,124,104,242,58,2,123,46,122,118,136,100,126,155,119,67,40,21,144,88,131,50,150,233,148,199,173,152,101,47,44,210,178,92,51,36,77,1,245,71,127,34,72,213,18,86,145,149,4,146,174,137,226,235,158,138,224,166,165,159,115,106,83,7,63,65,42,128,97,24,171,205,161,164,211,111,209,61,168,246,157,74,167,195,198,89,55,147,236,5,222,107,206,110,225,121,212,75,66,223,13,193,241,117,221,169,95,188,249,105,54,23,239,25,204,98,10,15,179,33,237,163,170,78,116,73,6,200,182,180,80,201,243,177,203,132}

22:09:59,336  INFO main:418 - *****************************************************
22:09:59,977  INFO main:401 - ****************Corrida 5 ************************
22:09:59,977  INFO main:402 - Fitness solucion: 39.0
22:09:59,977  INFO main:403 - Indice: 43
22:09:59,977  INFO main:404 - Generacion: 0
22:09:59,977  INFO main:405 - Rechazados: 48
22:09:59,978  INFO main:417 - Individuo Solucion: {193,5,11,15,32,243,7,122,39,36,48,33,35,149,190,207,28,50,99,53,145,247,151,63,212,93,13,172,68,180,8,94,69,79,51,34,95,67,78,107,110,58,228,55,198,219,44,161,174,239,10,62,57,137,114,64,241,121,169,103,77,85,20,72,184,143,96,40,83,42,66,29,185,167,73,102,170,218,176,164,131,43,23,208,127,81,101,192,65,242,106,18,88,92,112,47,142,0,56,178,105,54,100,21,227,163,27,111,156,61,171,234,141,98,80,70,49,187,177,152,71,1,89,14,225,22,119,150,206,148,197,189,214,132,104,84,46,124,146,52,41,173,134,12,86,9,249,136,236,226,37,74,115,97,181,126,244,162,165,196,90,237,87,30,191,38,19,153,2,91,31,205,188,166,203,232,160,108,224,135,16,26,118,139,120,223,138,213,183,147,186,211,133,3,168,45,216,195,220,217,140,215,130,6,82,199,229,248,25,221,246,144,75,202,159,210,201,76,158,60,59,109,155,113,154,129,182,24,230,231,117,240,194,175,235,116,128,4,123,179,204,157,222,200,17,209,238,125,245,233}

22:09:59,978  INFO main:418 - *****************************************************
22:10:00,811  INFO main:401 - ****************Corrida 6 ************************
22:10:00,811  INFO main:402 - Fitness solucion: 39.0
22:10:00,812  INFO main:403 - Indice: 43
22:10:00,812  INFO main:404 - Generacion: 2
22:10:00,812  INFO main:405 - Rechazados: 52
22:10:00,815  INFO main:417 - Individuo Solucion: {21,185,12,10,57,213,30,1,136,148,35,27,194,170,8,186,228,32,215,247,51,24,98,88,196,67,90,237,3,235,7,47,14,4,0,62,65,184,61,37,55,69,195,109,76,147,224,23,113,117,218,25,143,140,131,145,120,63,248,77,81,153,163,22,116,46,141,139,89,34,226,159,99,205,198,135,176,157,59,85,208,2,233,93,45,108,106,242,52,127,138,160,39,15,172,102,180,231,177,105,189,87,80,124,122,199,58,66,178,203,16,246,74,230,244,192,95,100,96,234,133,68,28,146,60,152,167,42,70,154,44,11,91,49,245,142,130,164,225,123,128,212,204,38,137,240,107,202,210,187,110,158,103,238,168,101,223,104,156,241,118,43,126,82,41,171,201,132,190,150,119,6,165,191,216,72,169,92,48,166,162,83,232,227,125,249,236,121,173,188,222,115,243,17,182,161,217,40,94,134,86,20,193,33,31,19,183,144,111,211,229,149,129,214,197,175,5,78,179,54,64,26,114,155,206,151,36,73,75,56,174,18,220,181,239,13,50,79,209,84,207,9,53,219,112,97,221,200,29,71}

22:10:00,815  INFO main:418 - *****************************************************
22:10:01,461  INFO main:401 - ****************Corrida 7 ************************
22:10:01,461  INFO main:402 - Fitness solucion: 39.0
22:10:01,461  INFO main:403 - Indice: 43
22:10:01,461  INFO main:404 - Generacion: 2
22:10:01,461  INFO main:405 - Rechazados: 50
22:10:01,462  INFO main:417 - Individuo Solucion: {3,76,116,54,60,71,156,26,89,199,243,134,99,65,52,41,216,246,123,100,18,240,73,49,79,23,2,7,241,81,201,208,244,205,213,82,192,64,10,30,22,224,190,106,234,104,237,29,188,120,87,168,119,110,33,231,63,31,39,238,131,242,34,117,62,93,48,107,96,249,239,105,78,187,133,51,207,5,127,32,46,162,222,152,83,194,61,196,204,115,108,113,95,170,47,165,6,4,150,58,97,36,122,128,154,172,225,88,147,21,235,228,233,68,139,220,75,66,37,248,148,1,198,223,125,155,149,142,112,136,80,85,19,159,212,132,35,14,210,130,197,195,221,90,232,92,140,215,24,214,42,158,181,180,141,129,124,175,146,38,137,86,200,55,160,186,103,118,191,151,72,11,16,202,144,84,98,17,135,0,8,77,69,45,203,177,176,218,94,44,182,161,43,13,126,174,121,226,184,74,145,157,111,185,138,143,171,91,173,167,50,230,25,153,189,70,102,20,245,164,40,169,217,67,15,28,101,219,109,206,183,57,179,9,56,193,227,178,59,27,236,211,247,53,163,166,12,114,209,229}

22:10:01,462  INFO main:418 - *****************************************************
22:10:02,103  INFO main:401 - ****************Corrida 8 ************************
22:10:02,103  INFO main:402 - Fitness solucion: 38.0
22:10:02,103  INFO main:403 - Indice: 43
22:10:02,103  INFO main:404 - Generacion: 7
22:10:02,103  INFO main:405 - Rechazados: 51
22:10:02,103  INFO main:417 - Individuo Solucion: {6,30,241,109,2,56,159,102,238,213,246,194,35,48,239,106,247,97,18,69,29,84,167,71,130,54,13,82,46,120,16,9,242,57,42,128,77,199,207,41,134,36,24,137,43,237,148,11,88,244,114,78,105,200,119,22,83,23,34,186,169,210,66,187,50,145,76,228,125,177,248,179,243,3,223,193,53,100,58,101,111,103,26,225,112,14,192,49,44,147,202,151,170,139,146,8,173,28,122,113,138,150,63,75,1,127,155,249,161,126,67,25,235,219,96,47,221,92,0,132,136,212,104,70,245,87,110,124,190,12,5,158,99,204,131,74,153,222,39,116,182,166,168,157,216,64,215,174,129,188,93,214,195,217,135,184,149,162,234,85,171,91,176,72,133,10,233,61,209,86,115,15,229,165,31,231,211,201,80,89,175,20,21,218,181,17,172,81,197,60,191,98,4,108,40,117,55,206,240,37,65,152,59,73,205,62,230,156,79,232,51,227,154,19,224,107,32,140,90,118,198,7,123,121,27,164,220,38,141,226,52,68,45,163,196,185,189,142,203,160,236,144,143,183,178,180,33,95,94,208}

22:10:02,104  INFO main:418 - *****************************************************
22:10:02,749  INFO main:401 - ****************Corrida 9 ************************
22:10:02,749  INFO main:402 - Fitness solucion: 39.0
22:10:02,749  INFO main:403 - Indice: 43
22:10:02,749  INFO main:404 - Generacion: 3
22:10:02,750  INFO main:405 - Rechazados: 59
22:10:02,750  INFO main:417 - Individuo Solucion: {51,16,18,78,40,6,37,223,118,8,28,52,54,243,65,75,22,238,110,244,103,27,36,205,248,59,17,21,169,66,231,225,81,211,164,179,90,70,19,215,192,71,114,185,245,140,126,89,161,162,172,127,216,201,190,119,219,39,233,62,176,175,34,128,218,150,210,194,73,191,61,48,0,92,45,32,4,76,141,166,174,98,167,143,204,1,68,12,57,186,77,144,82,85,235,24,112,214,237,69,74,46,182,227,38,207,84,101,53,129,20,49,199,55,247,120,80,50,43,130,60,236,240,15,246,67,63,133,177,79,96,3,160,195,88,137,42,173,184,125,135,122,139,58,123,138,206,158,154,226,14,115,91,72,95,93,202,113,64,159,5,147,183,86,109,203,94,116,117,148,87,156,41,229,241,33,124,106,153,193,97,145,209,228,197,189,168,107,208,198,234,224,111,104,100,178,102,146,249,220,239,232,212,11,23,196,121,29,31,165,155,83,152,56,35,26,131,142,221,181,10,180,44,188,30,163,132,157,47,7,134,99,242,13,187,25,151,108,105,2,149,170,213,230,222,136,200,217,171,9}

22:10:02,750  INFO main:418 - *****************************************************
22:10:03,390  INFO main:401 - ****************Corrida 10 ************************
22:10:03,390  INFO main:402 - Fitness solucion: 39.0
22:10:03,390  INFO main:403 - Indice: 43
22:10:03,390  INFO main:404 - Generacion: 3
22:10:03,391  INFO main:405 - Rechazados: 66
22:10:03,391  INFO main:417 - Individuo Solucion: {64,75,136,199,242,16,41,56,8,43,193,31,42,38,22,235,24,227,71,33,140,168,219,5,118,80,108,107,81,54,47,223,236,0,132,248,39,7,70,29,67,119,114,167,190,187,173,6,145,66,72,62,79,44,77,205,129,1,127,101,90,68,109,137,210,50,130,11,244,239,200,48,224,240,151,46,198,26,166,220,52,91,237,182,110,141,37,154,247,105,157,61,155,59,12,19,215,28,216,153,147,30,158,102,36,113,134,195,97,234,18,143,204,162,161,58,51,93,191,249,89,120,78,2,17,100,184,82,65,197,83,156,225,180,231,103,115,88,174,14,230,124,98,57,218,34,139,45,63,126,20,194,86,4,23,99,96,94,84,238,148,15,10,241,131,85,133,87,21,159,203,25,32,188,117,9,172,74,165,123,183,13,27,228,152,116,163,246,49,177,149,144,55,150,222,146,209,179,128,122,178,192,221,73,232,53,170,196,233,35,92,171,111,175,201,125,112,226,181,189,208,69,213,243,95,104,60,135,211,3,164,217,169,138,185,160,214,121,212,245,202,176,142,106,207,76,206,186,40,229}

22:10:03,391  INFO main:418 - *****************************************************
22:10:04,033  INFO main:401 - ****************Corrida 11 ************************
22:10:04,033  INFO main:402 - Fitness solucion: 39.0
22:10:04,034  INFO main:403 - Indice: 43
22:10:04,034  INFO main:404 - Generacion: 5
22:10:04,034  INFO main:405 - Rechazados: 59
22:10:04,034  INFO main:417 - Individuo Solucion: {74,200,34,78,179,143,210,247,73,58,175,244,0,225,12,208,242,212,77,120,163,50,161,82,167,134,122,86,196,26,30,40,197,22,243,47,25,193,43,214,231,70,202,141,186,199,6,174,23,130,71,236,61,119,168,45,126,2,204,140,21,68,164,81,235,41,194,190,198,176,165,203,169,206,218,95,229,60,221,48,245,192,123,189,46,191,36,35,152,87,63,88,238,232,118,19,99,20,178,173,147,151,136,216,224,228,114,158,101,249,65,183,57,17,146,18,64,76,223,132,15,116,220,144,42,112,56,31,85,69,16,33,246,187,67,124,137,241,72,160,89,37,111,52,79,185,11,103,239,108,184,166,182,142,94,66,226,209,13,113,150,215,217,128,170,105,75,125,148,157,159,29,32,3,54,39,155,115,171,227,233,97,195,234,230,53,149,27,10,106,213,211,139,162,1,135,14,109,90,98,248,38,84,172,127,177,117,154,93,133,145,181,104,207,100,188,92,110,51,180,138,44,9,80,91,59,5,96,107,153,102,201,156,219,4,62,83,240,24,121,129,131,222,7,28,55,237,205,49,8}

22:10:04,034  INFO main:418 - *****************************************************
22:10:04,676  INFO main:401 - ****************Corrida 12 ************************
22:10:04,676  INFO main:402 - Fitness solucion: 39.0
22:10:04,676  INFO main:403 - Indice: 43
22:10:04,676  INFO main:404 - Generacion: 8
22:10:04,677  INFO main:405 - Rechazados: 61
22:10:04,677  INFO main:417 - Individuo Solucion: {61,3,27,157,237,15,44,84,216,235,30,4,140,151,22,234,225,209,233,114,159,0,164,213,86,167,32,53,75,98,108,101,125,211,218,212,129,230,34,206,244,5,6,215,1,33,152,205,13,77,133,126,196,180,144,2,49,191,64,35,192,58,94,7,236,160,20,89,239,242,243,245,224,214,128,176,48,197,187,95,181,161,248,188,102,246,155,100,220,55,172,26,43,90,194,200,178,82,193,232,238,25,112,153,115,57,117,80,81,10,179,14,148,190,109,73,74,11,59,231,199,186,195,17,69,127,141,70,21,45,67,40,113,223,116,29,228,146,78,229,36,184,41,46,107,16,162,150,68,210,31,171,60,66,24,12,134,123,177,62,203,217,87,91,131,71,8,111,50,47,96,76,104,143,85,105,183,28,135,198,147,130,72,42,145,175,158,154,207,118,103,56,168,65,99,83,163,122,119,201,142,166,169,88,79,54,106,149,110,173,165,38,18,202,39,170,221,139,132,241,51,208,63,174,227,222,92,226,93,9,23,120,19,136,240,247,138,182,156,249,189,185,37,124,204,97,137,219,52,121}

22:10:04,677  INFO main:418 - *****************************************************
22:10:05,322  INFO main:401 - ****************Corrida 13 ************************
22:10:05,322  INFO main:402 - Fitness solucion: 39.0
22:10:05,322  INFO main:403 - Indice: 43
22:10:05,322  INFO main:404 - Generacion: 4
22:10:05,322  INFO main:405 - Rechazados: 60
22:10:05,322  INFO main:417 - Individuo Solucion: {49,42,244,0,65,128,235,121,93,89,6,87,1,103,63,30,99,105,236,150,132,218,66,112,100,88,68,74,24,130,197,214,54,113,168,53,96,62,201,174,231,245,7,138,223,116,181,210,160,90,124,47,31,56,196,115,208,146,29,13,77,109,61,43,232,79,71,187,83,12,158,166,15,45,227,229,131,35,73,221,59,123,213,118,11,98,18,19,135,155,200,147,242,107,119,33,60,152,75,170,140,36,23,9,176,161,205,37,162,70,58,246,224,114,204,28,4,111,17,76,52,97,27,199,198,183,216,50,101,241,51,126,186,195,40,141,92,48,239,55,225,169,14,22,125,57,145,3,39,243,41,215,46,177,194,8,34,192,178,151,104,122,247,230,137,164,219,149,220,142,110,237,139,171,209,188,190,156,5,127,211,185,69,159,133,38,106,207,108,102,94,81,67,234,144,248,163,2,148,26,191,217,20,84,202,95,143,182,172,212,240,78,117,85,206,129,180,173,82,44,72,64,203,136,153,154,165,167,25,228,32,189,80,10,184,157,91,249,134,120,21,233,193,86,16,179,226,222,238,175}

22:10:05,323  INFO main:418 - *****************************************************
22:10:05,967  INFO main:401 - ****************Corrida 14 ************************
22:10:05,967  INFO main:402 - Fitness solucion: 39.0
22:10:05,967  INFO main:403 - Indice: 43
22:10:05,967  INFO main:404 - Generacion: 1
22:10:05,968  INFO main:405 - Rechazados: 56
22:10:05,968  INFO main:417 - Individuo Solucion: {214,63,147,209,84,44,243,72,2,71,48,19,42,27,121,37,189,248,239,192,51,45,205,56,249,26,9,162,211,182,235,242,236,125,34,75,185,103,8,193,210,172,46,67,24,17,55,87,58,16,246,54,38,111,61,0,155,114,173,35,208,167,20,108,113,123,66,104,76,148,134,151,178,118,153,244,79,126,57,99,74,230,177,43,140,188,96,232,22,184,142,183,222,106,78,88,131,49,91,105,4,163,220,212,60,13,18,202,80,240,171,12,98,92,196,85,219,73,33,231,90,81,141,102,36,109,127,199,95,53,11,228,238,215,170,15,139,198,28,225,116,77,29,14,145,3,68,166,112,122,69,137,32,21,161,89,39,186,59,1,93,124,245,25,200,217,110,115,129,83,149,135,143,197,133,23,221,169,156,187,227,119,30,203,107,165,191,86,152,64,234,233,146,101,31,7,201,144,226,207,176,47,180,10,164,41,40,132,194,70,160,195,159,136,100,82,6,62,179,218,138,213,154,206,229,120,128,175,241,150,216,223,174,204,181,157,50,237,65,97,190,52,117,224,130,168,5,94,158,247}

22:10:05,968  INFO main:418 - *****************************************************
22:10:06,616  INFO main:401 - ****************Corrida 15 ************************
22:10:06,616  INFO main:402 - Fitness solucion: 38.0
22:10:06,616  INFO main:403 - Indice: 43
22:10:06,616  INFO main:404 - Generacion: 4
22:10:06,616  INFO main:405 - Rechazados: 52
22:10:06,617  INFO main:417 - Individuo Solucion: {125,21,26,75,243,43,45,175,33,9,11,232,69,60,10,196,173,202,17,158,71,197,226,29,3,80,41,81,140,93,210,148,66,84,105,178,135,20,64,205,119,27,95,101,4,186,214,78,36,231,131,124,167,161,132,8,212,187,224,244,126,13,206,221,141,58,152,51,145,40,59,5,225,98,68,109,15,82,65,174,1,57,96,138,47,149,144,53,55,83,227,67,103,207,137,19,37,162,217,139,92,180,61,116,89,70,143,219,147,241,74,157,128,62,28,121,63,85,247,208,170,22,44,191,6,163,0,168,185,94,169,142,14,242,133,150,39,171,237,112,42,201,118,183,160,56,176,199,115,239,97,136,194,99,188,213,52,233,54,184,91,114,151,130,30,79,249,111,72,164,2,198,209,25,102,48,166,240,222,87,12,46,159,200,90,16,236,216,245,106,177,34,117,154,100,31,122,179,189,153,86,77,107,110,182,146,193,76,134,73,32,223,18,88,165,23,192,172,120,235,24,123,238,195,155,129,113,204,38,127,211,190,50,156,49,181,234,248,104,203,215,220,228,7,218,35,108,246,230,229}

22:10:06,617  INFO main:418 - *****************************************************
22:10:07,269  INFO main:401 - ****************Corrida 16 ************************
22:10:07,269  INFO main:402 - Fitness solucion: 39.0
22:10:07,269  INFO main:403 - Indice: 43
22:10:07,269  INFO main:404 - Generacion: 0
22:10:07,269  INFO main:405 - Rechazados: 58
22:10:07,269  INFO main:417 - Individuo Solucion: {243,6,218,232,11,72,23,90,235,177,130,18,149,31,137,33,161,239,234,160,9,10,5,45,205,7,19,36,26,43,93,183,30,35,108,24,127,81,42,229,69,107,21,58,91,188,178,63,109,111,192,215,104,153,191,17,155,224,136,228,225,29,103,27,38,105,96,87,151,119,54,106,64,164,62,98,77,200,223,53,140,129,208,1,172,80,133,245,12,92,49,84,47,210,196,112,226,169,41,248,61,212,135,163,32,141,68,4,116,51,55,14,233,8,79,249,39,100,3,157,20,144,16,152,113,123,121,126,56,182,184,128,247,209,83,52,134,214,197,170,75,242,166,60,201,179,13,238,230,28,48,138,139,118,167,89,0,65,74,66,156,102,199,44,145,70,176,198,110,159,34,174,37,150,131,120,154,148,241,168,143,206,186,202,85,175,189,146,204,25,125,78,122,231,165,227,213,222,147,221,94,57,190,76,171,101,219,40,193,236,246,67,73,115,162,142,2,22,217,46,185,95,203,240,180,194,207,86,117,82,216,195,181,158,211,124,59,50,220,244,99,132,114,97,71,237,88,15,187,173}

22:10:07,269  INFO main:418 - *****************************************************
22:10:07,910  INFO main:401 - ****************Corrida 17 ************************
22:10:07,911  INFO main:402 - Fitness solucion: 39.0
22:10:07,911  INFO main:403 - Indice: 43
22:10:07,911  INFO main:404 - Generacion: 7
22:10:07,911  INFO main:405 - Rechazados: 53
22:10:07,911  INFO main:417 - Individuo Solucion: {172,8,10,229,232,81,103,9,24,32,22,217,130,220,18,73,63,43,2,30,234,44,25,143,219,7,17,56,197,216,41,29,242,83,194,20,19,118,95,38,23,35,218,79,104,62,53,140,227,48,70,69,204,163,57,46,47,42,50,122,49,181,243,74,72,87,93,211,59,127,64,26,28,51,222,85,187,78,128,215,76,213,239,182,16,245,37,61,158,151,33,192,223,198,36,153,5,189,226,159,102,129,170,97,13,138,224,115,121,99,240,58,200,169,88,12,77,101,175,203,0,108,111,80,206,123,248,45,90,94,142,237,91,89,160,68,113,136,190,166,141,246,162,230,34,117,228,71,236,75,84,195,146,107,116,52,144,105,135,21,110,150,161,40,27,155,119,100,11,86,176,112,147,152,98,202,31,82,149,209,139,106,65,96,196,235,238,225,3,114,131,249,156,193,199,6,60,67,124,177,157,231,164,210,165,244,168,125,55,212,178,214,184,207,188,4,14,15,145,1,247,183,120,39,109,233,154,126,92,167,132,137,221,201,185,241,133,173,180,148,174,191,66,179,54,134,208,171,186,205}

22:10:07,912  INFO main:418 - *****************************************************
22:10:08,549  INFO main:401 - ****************Corrida 18 ************************
22:10:08,549  INFO main:402 - Fitness solucion: 39.0
22:10:08,549  INFO main:403 - Indice: 43
22:10:08,549  INFO main:404 - Generacion: 3
22:10:08,549  INFO main:405 - Rechazados: 60
22:10:08,549  INFO main:417 - Individuo Solucion: {10,51,38,63,102,75,37,22,25,26,49,210,234,128,192,52,65,44,123,47,13,35,21,167,27,28,32,177,243,163,7,236,142,64,224,240,2,216,249,33,57,86,227,182,159,89,67,174,197,80,146,143,238,178,148,15,149,246,242,87,196,179,117,232,20,42,126,124,54,195,1,219,164,133,183,82,19,229,231,154,230,220,213,88,72,8,62,151,204,130,202,110,34,217,31,108,122,173,98,176,76,244,161,48,50,127,233,68,170,4,237,74,56,85,101,247,135,152,79,83,109,140,91,144,168,125,0,77,212,69,160,150,132,95,104,147,239,36,40,155,73,116,11,226,6,121,106,131,9,41,55,14,200,112,30,61,58,187,145,180,181,39,134,225,84,115,171,23,166,172,211,97,92,218,90,248,208,162,129,81,107,17,158,100,137,111,191,153,228,223,136,114,12,205,43,93,70,165,169,59,207,189,118,24,184,222,46,241,141,78,53,221,199,203,66,119,105,215,156,18,194,190,120,214,45,139,71,60,138,186,201,16,188,99,5,206,175,245,94,235,113,193,96,185,3,198,157,103,209,29}

22:10:08,549  INFO main:418 - *****************************************************
22:10:09,190  INFO main:401 - ****************Corrida 19 ************************
22:10:09,190  INFO main:402 - Fitness solucion: 39.0
22:10:09,191  INFO main:403 - Indice: 43
22:10:09,191  INFO main:404 - Generacion: 0
22:10:09,191  INFO main:405 - Rechazados: 61
22:10:09,191  INFO main:417 - Individuo Solucion: {176,9,181,210,11,22,20,229,23,40,2,87,162,29,112,212,245,144,7,26,120,190,18,158,0,230,49,180,46,69,28,145,198,247,236,33,248,60,155,58,17,159,80,226,168,27,117,134,21,13,77,36,71,231,249,6,202,213,19,200,122,35,48,74,4,97,174,44,102,61,42,179,24,110,53,189,41,78,54,68,149,152,66,91,94,201,114,100,127,205,129,105,92,64,32,25,51,119,84,218,217,96,206,88,178,207,115,137,62,72,39,12,107,86,73,238,67,59,104,233,116,37,15,147,82,173,246,136,90,151,45,191,131,126,141,89,150,169,243,154,165,70,227,47,76,132,235,30,166,1,187,8,225,143,95,31,142,109,121,128,3,183,85,224,241,219,185,135,43,203,170,101,153,167,242,146,177,65,160,113,56,221,140,138,194,106,156,52,195,244,55,199,16,108,14,192,193,209,99,111,5,123,161,204,215,196,98,130,63,57,184,139,220,239,214,81,182,197,133,237,208,223,148,186,38,50,216,125,124,232,93,10,171,188,157,103,234,83,240,175,164,118,34,79,211,172,75,222,163,228}

22:10:09,191  INFO main:418 - *****************************************************
22:10:09,833  INFO main:401 - ****************Corrida 20 ************************
22:10:09,833  INFO main:402 - Fitness solucion: 39.0
22:10:09,833  INFO main:403 - Indice: 42
22:10:09,834  INFO main:404 - Generacion: 2
22:10:09,834  INFO main:405 - Rechazados: 66
22:10:09,834  INFO main:417 - Individuo Solucion: {5,30,78,171,207,15,243,168,135,138,84,13,27,193,173,58,132,60,11,190,117,121,203,134,202,47,9,24,20,66,65,142,85,240,164,44,218,19,54,196,43,25,23,136,6,94,175,139,29,165,195,38,163,161,181,137,100,96,219,52,62,169,64,83,179,106,212,97,12,162,205,45,146,70,110,206,48,42,157,34,10,1,123,114,187,124,128,107,33,39,209,59,122,95,17,155,141,125,234,183,53,194,35,241,246,69,188,186,167,149,63,180,200,67,158,101,81,247,0,198,28,91,235,102,92,112,32,90,98,76,51,72,156,145,223,111,87,144,37,50,229,231,126,74,79,31,140,46,237,222,239,3,147,56,150,224,89,152,113,119,127,236,133,99,40,61,230,208,108,71,86,116,115,68,16,118,248,244,80,88,177,233,131,82,130,228,104,41,4,245,75,7,154,182,227,120,191,160,159,73,249,8,151,22,170,77,174,192,21,55,129,216,217,103,143,105,242,199,166,215,49,93,238,176,221,18,189,211,185,153,26,197,2,172,225,36,14,214,178,201,220,148,184,226,232,210,57,213,109,204}

22:10:09,834  INFO main:418 - *****************************************************
22:10:10,477  INFO main:401 - ****************Corrida 21 ************************
22:10:10,477  INFO main:402 - Fitness solucion: 39.0
22:10:10,477  INFO main:403 - Indice: 43
22:10:10,477  INFO main:404 - Generacion: 1
22:10:10,477  INFO main:405 - Rechazados: 63
22:10:10,478  INFO main:417 - Individuo Solucion: {8,248,30,244,211,189,110,82,12,204,41,185,187,64,61,22,152,75,42,192,74,72,84,60,199,9,89,7,242,87,6,59,225,237,93,27,105,134,122,116,131,108,62,39,177,16,151,232,172,55,5,178,98,23,56,142,66,73,136,26,170,36,119,231,129,194,96,43,111,188,86,53,217,239,97,228,109,149,63,186,209,25,154,158,107,236,70,238,120,213,29,99,202,81,90,141,241,45,183,91,17,113,69,10,21,243,77,1,92,112,219,130,180,153,132,245,146,191,37,95,88,160,212,32,156,214,168,0,117,31,80,78,135,38,121,71,65,235,51,249,76,223,215,206,164,35,2,240,174,94,159,115,50,226,57,157,150,229,126,127,200,176,52,103,218,125,15,101,179,222,161,34,54,11,118,207,124,166,143,19,114,140,28,205,18,102,24,123,165,216,182,190,197,137,14,230,83,227,46,48,147,100,155,139,104,13,44,234,167,4,162,33,196,138,175,58,67,3,171,193,233,145,163,184,173,128,208,20,47,210,148,224,169,181,144,221,106,195,203,220,79,40,201,133,85,68,49,247,246,198}

22:10:10,478  INFO main:418 - *****************************************************
22:10:11,120  INFO main:401 - ****************Corrida 22 ************************
22:10:11,121  INFO main:402 - Fitness solucion: 39.0
22:10:11,121  INFO main:403 - Indice: 43
22:10:11,121  INFO main:404 - Generacion: 5
22:10:11,121  INFO main:405 - Rechazados: 58
22:10:11,121  INFO main:417 - Individuo Solucion: {177,141,217,48,47,210,102,75,120,117,24,152,61,146,51,11,23,195,59,204,224,234,131,45,64,56,52,19,170,209,91,205,221,183,105,41,37,129,211,231,22,69,128,206,44,230,82,147,143,166,83,34,137,101,165,145,10,42,112,78,95,225,2,218,227,43,180,162,18,88,73,108,99,199,223,62,178,235,55,175,76,130,97,187,126,134,3,38,139,40,12,174,114,58,32,194,236,31,46,244,144,228,215,8,136,94,159,106,249,67,188,109,30,49,35,200,164,248,156,119,68,150,121,124,104,213,160,151,239,13,163,70,28,116,5,158,201,100,79,80,154,89,186,148,63,90,15,57,216,202,87,77,191,246,81,179,233,107,161,103,122,71,172,6,86,207,123,65,173,189,212,39,74,241,232,247,29,153,26,193,111,169,140,240,85,115,20,135,243,113,237,219,157,127,9,142,168,222,98,50,198,16,176,0,214,25,17,53,72,66,4,60,132,93,118,242,54,21,155,138,133,229,110,125,33,220,149,184,190,208,36,1,238,7,167,92,245,203,182,171,185,197,196,226,27,84,96,192,14,181}

22:10:11,121  INFO main:418 - *****************************************************
22:10:11,755  INFO main:401 - ****************Corrida 23 ************************
22:10:11,755  INFO main:402 - Fitness solucion: 39.0
22:10:11,755  INFO main:403 - Indice: 43
22:10:11,756  INFO main:404 - Generacion: 0
22:10:11,756  INFO main:405 - Rechazados: 56
22:10:11,756  INFO main:417 - Individuo Solucion: {19,9,175,10,174,18,156,25,20,0,155,76,8,242,61,100,234,35,182,152,122,28,244,237,153,69,150,49,40,178,116,30,190,55,3,202,230,181,180,6,164,198,108,29,59,240,241,213,84,73,197,247,82,38,13,103,67,186,66,31,51,99,203,23,196,27,89,238,168,54,111,94,191,101,81,46,4,44,112,102,79,133,218,5,93,22,85,91,41,80,87,65,134,132,245,184,109,47,147,52,161,98,171,125,26,146,39,235,50,121,131,106,11,185,183,36,123,104,170,211,34,206,187,166,110,160,63,221,154,137,151,72,239,135,86,138,167,212,139,140,90,148,188,249,107,228,17,32,115,158,179,74,232,246,117,145,189,24,92,144,149,226,215,105,16,172,71,45,7,192,88,128,130,43,163,12,207,165,57,219,136,118,159,114,173,233,14,229,120,141,201,199,222,177,204,21,60,223,42,96,77,162,119,194,124,48,195,15,58,176,1,53,210,37,97,193,227,248,113,142,205,70,200,2,231,126,62,95,216,224,75,143,225,217,83,68,78,127,169,209,243,56,129,208,236,33,64,214,157,220}

22:10:11,756  INFO main:418 - *****************************************************
22:10:12,398  INFO main:401 - ****************Corrida 24 ************************
22:10:12,398  INFO main:402 - Fitness solucion: 39.0
22:10:12,398  INFO main:403 - Indice: 43
22:10:12,398  INFO main:404 - Generacion: 8
22:10:12,399  INFO main:405 - Rechazados: 65
22:10:12,399  INFO main:417 - Individuo Solucion: {9,45,14,36,72,139,56,38,1,82,69,61,3,226,17,2,23,249,65,110,230,227,173,49,22,134,136,224,141,117,135,211,176,90,13,58,202,178,34,4,233,148,54,184,71,185,53,243,73,214,86,181,106,96,15,10,229,157,167,160,186,223,183,24,5,97,76,48,126,119,16,130,150,204,197,129,33,231,216,142,124,137,154,66,152,239,131,39,60,93,203,79,236,20,179,42,21,109,122,174,30,103,145,37,151,101,206,177,28,222,123,232,92,95,209,57,143,104,18,153,75,74,31,98,100,41,8,114,175,81,29,133,25,78,246,62,35,244,180,7,210,113,125,88,32,218,159,194,192,238,115,11,247,182,84,116,43,162,149,44,59,221,242,70,240,215,63,144,146,99,107,198,147,199,191,207,83,169,46,127,155,168,12,108,205,80,225,19,165,171,212,40,89,132,94,105,87,138,120,118,248,158,201,170,172,241,196,193,27,77,51,208,220,245,164,68,85,121,111,163,112,50,52,217,6,47,64,26,166,187,128,0,195,67,188,189,161,219,200,140,156,190,234,235,213,237,55,102,91,228}

22:10:12,399  INFO main:418 - *****************************************************
22:10:13,040  INFO main:401 - ****************Corrida 25 ************************
22:10:13,041  INFO main:402 - Fitness solucion: 39.0
22:10:13,041  INFO main:403 - Indice: 43
22:10:13,041  INFO main:404 - Generacion: 0
22:10:13,041  INFO main:405 - Rechazados: 67
22:10:13,041  INFO main:417 - Individuo Solucion: {0,13,176,178,65,164,109,6,8,184,9,38,52,234,191,130,42,12,154,54,188,216,230,70,68,183,240,229,199,77,63,248,100,41,72,59,201,45,157,91,33,222,242,239,120,211,123,174,206,117,246,66,170,43,245,76,192,17,112,18,173,34,125,138,25,21,238,10,39,23,96,137,87,167,50,101,147,1,228,84,111,144,132,107,24,213,62,3,73,56,209,182,90,103,46,99,69,221,110,124,129,122,55,152,78,207,141,79,64,243,53,126,161,97,202,133,108,86,37,75,48,31,223,74,81,194,95,134,127,160,225,163,92,247,231,15,143,145,203,196,2,115,40,220,80,171,85,121,14,11,102,148,155,146,140,236,26,82,119,235,27,105,7,162,5,58,177,205,179,189,210,116,186,67,98,168,158,249,16,218,175,29,187,30,204,44,215,139,150,136,32,180,195,151,57,71,28,36,172,217,89,169,219,20,49,104,208,185,135,181,212,19,128,88,165,60,83,200,149,113,47,156,93,118,22,166,224,193,227,214,94,190,237,114,244,4,51,226,153,106,159,232,142,241,61,197,233,35,198,131}

22:10:13,041  INFO main:418 - *****************************************************
22:10:13,684  INFO main:401 - ****************Corrida 26 ************************
22:10:13,685  INFO main:402 - Fitness solucion: 39.0
22:10:13,685  INFO main:403 - Indice: 43
22:10:13,685  INFO main:404 - Generacion: 1
22:10:13,685  INFO main:405 - Rechazados: 61
22:10:13,685  INFO main:417 - Individuo Solucion: {30,5,62,28,8,12,21,18,167,170,47,194,163,40,61,32,81,237,236,146,109,69,60,7,104,234,100,113,221,76,27,105,95,133,92,72,138,125,36,83,226,137,180,6,2,212,11,58,165,231,94,203,213,220,48,15,102,131,216,151,205,179,26,120,97,107,0,223,178,35,124,147,90,152,156,110,243,112,34,193,10,211,141,115,57,168,182,123,84,89,208,128,199,173,43,33,52,140,121,85,119,25,136,184,96,44,88,42,176,74,39,130,238,122,181,17,3,143,196,157,14,153,59,144,198,150,177,235,68,245,45,217,195,78,241,31,86,54,46,101,215,106,114,87,64,202,188,103,132,126,239,232,79,9,249,53,207,244,230,197,155,73,224,148,190,187,159,16,242,82,222,24,13,37,166,51,19,63,185,56,175,66,169,65,174,38,55,77,22,67,158,99,233,127,118,183,20,29,210,23,117,191,200,1,91,201,71,70,171,50,189,186,248,80,142,41,145,134,111,192,219,98,154,247,204,129,164,246,206,160,4,209,162,161,139,135,225,229,116,49,75,172,240,214,228,149,108,227,218,93}

22:10:13,685  INFO main:418 - *****************************************************
22:10:14,330  INFO main:401 - ****************Corrida 27 ************************
22:10:14,330  INFO main:402 - Fitness solucion: 39.0
22:10:14,330  INFO main:403 - Indice: 43
22:10:14,330  INFO main:404 - Generacion: 1
22:10:14,330  INFO main:405 - Rechazados: 63
22:10:14,330  INFO main:417 - Individuo Solucion: {1,188,30,110,238,167,4,6,41,65,210,203,21,249,5,77,59,63,86,2,228,197,67,93,26,239,87,17,74,0,121,201,94,54,82,16,22,245,80,199,174,138,213,62,202,227,130,128,218,70,116,237,23,196,232,92,79,84,38,85,11,156,102,104,45,142,68,51,64,44,217,117,137,13,95,114,147,225,122,99,31,75,96,177,113,234,119,106,76,37,111,97,166,242,248,112,126,27,241,244,158,107,90,39,211,226,78,144,140,25,60,24,89,198,161,88,58,98,152,105,66,157,145,52,191,139,55,19,29,101,200,10,40,133,180,136,20,165,83,178,148,34,204,118,32,108,247,193,153,208,154,9,149,181,120,233,81,56,131,163,71,219,164,186,168,160,185,53,15,73,91,236,129,205,115,141,183,151,169,155,175,176,72,170,8,49,207,222,243,173,187,159,35,182,47,28,123,240,36,103,146,223,171,230,43,229,12,221,48,179,135,184,214,3,18,224,194,109,195,46,50,132,100,7,143,14,172,231,215,134,162,150,246,127,42,124,220,69,216,206,57,33,61,209,125,190,235,212,189,192}

22:10:14,331  INFO main:418 - *****************************************************
22:10:14,974  INFO main:401 - ****************Corrida 28 ************************
22:10:14,974  INFO main:402 - Fitness solucion: 39.0
22:10:14,974  INFO main:403 - Indice: 43
22:10:14,974  INFO main:404 - Generacion: 4
22:10:14,974  INFO main:405 - Rechazados: 56
22:10:14,975  INFO main:417 - Individuo Solucion: {219,95,139,11,161,82,197,1,10,44,34,210,208,213,202,129,186,90,211,229,109,198,33,191,118,102,41,75,144,172,83,247,64,149,236,35,217,239,76,187,49,238,63,28,20,135,3,103,59,91,215,195,107,114,141,17,61,230,40,38,21,16,24,183,184,225,203,192,45,66,32,79,237,124,165,101,72,84,104,69,92,36,130,248,220,115,196,18,70,245,159,206,123,60,71,80,136,14,142,96,55,4,100,127,176,98,241,189,54,234,233,133,204,228,150,112,224,39,31,97,57,244,249,155,26,178,88,106,199,243,113,131,81,58,2,117,108,151,190,120,242,12,53,164,153,171,145,30,223,73,182,175,169,148,138,180,9,50,93,160,77,173,152,87,62,188,111,116,227,156,216,226,246,179,68,163,6,218,154,23,174,167,67,110,5,221,29,231,27,48,46,126,132,143,205,134,25,168,65,99,52,181,240,158,105,201,125,209,232,128,185,119,177,7,56,74,207,89,15,193,0,94,13,137,194,121,42,122,43,147,170,51,140,85,86,212,22,8,146,157,19,78,214,37,162,166,200,235,222,47}

22:10:14,975  INFO main:418 - *****************************************************
22:10:15,614  INFO main:401 - ****************Corrida 29 ************************
22:10:15,614  INFO main:402 - Fitness solucion: 39.0
22:10:15,614  INFO main:403 - Indice: 43
22:10:15,614  INFO main:404 - Generacion: 0
22:10:15,615  INFO main:405 - Rechazados: 54
22:10:15,615  INFO main:417 - Individuo Solucion: {181,200,15,173,81,14,124,103,31,33,144,234,214,35,2,205,135,245,5,104,180,108,40,19,240,143,159,88,7,43,23,44,47,78,59,66,224,221,83,61,150,37,27,76,229,196,68,87,132,233,171,125,185,6,213,38,92,54,228,63,9,97,186,206,74,248,42,237,82,242,95,106,244,208,69,93,145,131,72,96,65,34,85,1,101,60,18,86,49,139,238,133,100,24,129,128,29,193,220,114,119,107,25,211,166,62,168,111,136,230,99,249,164,127,153,77,32,170,137,151,4,227,58,10,117,246,241,187,126,8,0,167,21,225,102,226,235,123,110,80,73,222,17,141,147,89,190,212,116,243,94,48,122,199,201,26,53,149,113,162,12,155,112,46,90,239,52,13,30,118,67,223,189,115,236,182,198,161,218,79,109,138,28,84,192,191,157,154,56,232,16,219,55,158,172,11,98,57,36,184,91,156,231,175,3,179,163,217,105,215,20,22,216,210,204,195,194,134,39,146,247,51,177,160,209,142,188,140,148,202,174,121,165,71,130,75,176,64,152,207,45,197,50,178,169,203,120,41,70,183}

22:10:15,615  INFO main:418 - *****************************************************
22:10:15,615  INFO main:420 - Tiempo AGP: 683
22:10:15,615  INFO main:422 - Promedio Final: 38
22:10:15,615  INFO main:424 - Promedio Generaciones: 0
22:10:15,615  INFO main:427 - Promedio Rechazos: 58
22:10:15,616  INFO main:430 - Promedio Defragmentacion: 1.2898666666666665
22:10:15,616  INFO main:432 - *****************Resultados********************
22:10:15,616  INFO main:434 - result: 39.0
22:10:15,616  INFO main:434 - result: 39.0
22:10:15,616  INFO main:434 - result: 39.0
22:10:15,616  INFO main:434 - result: 39.0
22:10:15,616  INFO main:434 - result: 39.0
22:10:15,616  INFO main:434 - result: 39.0
22:10:15,616  INFO main:434 - result: 39.0
22:10:15,616  INFO main:434 - result: 39.0
22:10:15,616  INFO main:434 - result: 38.0
22:10:15,616  INFO main:434 - result: 39.0
22:10:15,617  INFO main:434 - result: 39.0
22:10:15,617  INFO main:434 - result: 39.0
22:10:15,617  INFO main:434 - result: 39.0
22:10:15,617  INFO main:434 - result: 39.0
22:10:15,617  INFO main:434 - result: 39.0
22:10:15,617  INFO main:434 - result: 38.0
22:10:15,617  INFO main:434 - result: 39.0
22:10:15,617  INFO main:434 - result: 39.0
22:10:15,617  INFO main:434 - result: 39.0
22:10:15,617  INFO main:434 - result: 39.0
22:10:15,617  INFO main:434 - result: 39.0
22:10:15,617  INFO main:434 - result: 39.0
22:10:15,617  INFO main:434 - result: 39.0
22:10:15,618  INFO main:434 - result: 39.0
22:10:15,618  INFO main:434 - result: 39.0
22:10:15,618  INFO main:434 - result: 39.0
22:10:15,618  INFO main:434 - result: 39.0
22:10:15,618  INFO main:434 - result: 39.0
22:10:15,618  INFO main:434 - result: 39.0
22:10:15,618  INFO main:434 - result: 39.0
22:10:15,618  INFO main:436 - *****************Generaciones********************
22:10:15,618  INFO main:438 - Generacion: 0
22:10:15,618  INFO main:438 - Generacion: 0
22:10:15,618  INFO main:438 - Generacion: 0
22:10:15,618  INFO main:438 - Generacion: 0
22:10:15,618  INFO main:438 - Generacion: 0
22:10:15,619  INFO main:438 - Generacion: 0
22:10:15,619  INFO main:438 - Generacion: 0
22:10:15,619  INFO main:438 - Generacion: 0
22:10:15,619  INFO main:438 - Generacion: 0
22:10:15,619  INFO main:438 - Generacion: 0
22:10:15,619  INFO main:438 - Generacion: 0
22:10:15,619  INFO main:438 - Generacion: 0
22:10:15,619  INFO main:438 - Generacion: 0
22:10:15,619  INFO main:438 - Generacion: 0
22:10:15,619  INFO main:438 - Generacion: 0
22:10:15,619  INFO main:438 - Generacion: 0
22:10:15,619  INFO main:438 - Generacion: 0
22:10:15,619  INFO main:438 - Generacion: 0
22:10:15,619  INFO main:438 - Generacion: 0
22:10:15,619  INFO main:438 - Generacion: 0
22:10:15,620  INFO main:438 - Generacion: 0
22:10:15,620  INFO main:438 - Generacion: 0
22:10:15,620  INFO main:438 - Generacion: 0
22:10:15,620  INFO main:438 - Generacion: 0
22:10:15,620  INFO main:438 - Generacion: 0
22:10:15,620  INFO main:438 - Generacion: 0
22:10:15,620  INFO main:438 - Generacion: 0
22:10:15,620  INFO main:438 - Generacion: 0
22:10:15,620  INFO main:438 - Generacion: 0
22:10:15,620  INFO main:438 - Generacion: 0
