19:04:23,134  INFO main:168 - Logueando
19:08:08,949  INFO main:300 - Tiempo PreCalculo: 225812
19:08:08,950  INFO main:387 - ****************AG PERMUTACION****************
19:08:11,684  INFO main:401 - ****************Corrida 0 ************************
19:08:11,684  INFO main:402 - Fitness solucion: 42.0
19:08:11,684  INFO main:403 - Indice: 48
19:08:11,684  INFO main:404 - Generacion: 8
19:08:11,685  INFO main:405 - Rechazados: 11
19:08:11,685  INFO main:417 - Individuo Solucion: {19,22,32,9,116,147,122,111,149,31,6,41,0,78,15,117,27,43,75,13,85,72,24,38,21,42,17,74,144,12,127,148,26,20,8,138,112,89,142,135,25,14,57,70,101,84,53,109,140,94,88,91,35,87,46,62,141,137,113,119,86,128,50,121,129,69,95,133,66,45,7,34,99,118,80,100,81,61,71,146,93,1,123,77,143,3,47,97,145,5,51,136,92,60,107,58,96,2,83,134,90,98,76,30,108,65,18,102,40,16,73,115,48,23,64,54,130,103,105,37,104,4,110,59,11,28,131,125,39,29,82,126,106,120,67,33,139,49,36,44,63,52,10,55,56,124,79,114,132,68}

19:08:11,685  INFO main:418 - *****************************************************
19:08:12,623  INFO main:401 - ****************Corrida 1 ************************
19:08:12,623  INFO main:402 - Fitness solucion: 41.0
19:08:12,623  INFO main:403 - Indice: 49
19:08:12,624  INFO main:404 - Generacion: 2
19:08:12,624  INFO main:405 - Rechazados: 10
19:08:12,624  INFO main:417 - Individuo Solucion: {123,22,15,139,108,131,147,21,95,67,27,87,41,55,84,138,10,6,12,40,49,73,57,149,134,79,105,148,59,33,11,135,112,43,80,65,121,129,118,23,1,28,54,56,8,7,0,17,3,86,111,96,130,85,58,115,69,104,125,81,46,133,146,113,145,30,32,68,92,53,122,13,94,107,38,71,34,74,89,64,136,98,144,72,116,119,77,117,102,63,140,2,75,50,29,60,109,26,143,36,48,142,9,42,88,97,18,99,51,62,90,4,25,52,120,44,127,78,31,93,101,137,82,103,70,47,24,124,132,20,45,14,19,66,106,83,100,141,16,5,128,37,61,110,91,39,126,76,114,35}

19:08:12,624  INFO main:418 - *****************************************************
19:08:13,794  INFO main:401 - ****************Corrida 2 ************************
19:08:13,795  INFO main:402 - Fitness solucion: 42.0
19:08:13,795  INFO main:403 - Indice: 49
19:08:13,795  INFO main:404 - Generacion: 2
19:08:13,796  INFO main:405 - Rechazados: 13
19:08:13,796  INFO main:417 - Individuo Solucion: {31,53,106,12,37,122,136,52,86,125,60,43,45,7,10,22,4,104,46,56,14,13,95,24,25,124,89,21,33,117,20,100,47,114,88,38,119,49,71,149,1,110,50,142,105,128,90,17,66,63,80,9,123,70,8,54,61,18,78,94,146,32,65,118,34,87,132,108,51,141,99,97,140,103,30,26,144,2,84,138,72,58,133,73,131,69,59,115,55,129,79,41,120,92,39,67,98,130,111,23,57,134,82,64,101,93,147,6,75,68,76,148,127,36,29,85,139,28,5,126,74,42,81,48,19,15,35,0,121,116,107,62,3,16,109,137,91,40,44,112,102,11,77,145,96,113,143,27,83,135}

19:08:13,797  INFO main:418 - *****************************************************
19:08:15,290  INFO main:401 - ****************Corrida 3 ************************
19:08:15,290  INFO main:402 - Fitness solucion: 42.0
19:08:15,291  INFO main:403 - Indice: 47
19:08:15,291  INFO main:404 - Generacion: 0
19:08:15,291  INFO main:405 - Rechazados: 14
19:08:15,292  INFO main:417 - Individuo Solucion: {29,2,74,32,103,144,89,69,11,136,14,8,143,13,92,38,87,7,37,109,132,147,45,41,77,104,47,82,0,148,66,120,118,85,4,24,34,79,42,68,97,65,62,40,23,99,122,43,105,59,86,83,95,1,70,115,12,140,94,10,52,25,121,58,18,17,137,21,101,56,129,80,3,135,96,117,36,75,90,27,98,93,71,26,106,116,63,119,145,19,91,44,72,54,30,78,76,107,84,126,55,50,64,6,28,123,51,31,111,125,130,114,48,61,124,33,53,131,108,60,128,134,112,73,39,146,139,142,57,16,127,113,49,102,15,35,22,88,9,138,141,5,100,46,67,20,133,110,81,149}

19:08:15,293  INFO main:418 - *****************************************************
19:08:16,722  INFO main:401 - ****************Corrida 4 ************************
19:08:16,722  INFO main:402 - Fitness solucion: 43.0
19:08:16,723  INFO main:403 - Indice: 49
19:08:16,723  INFO main:404 - Generacion: 1
19:08:16,723  INFO main:405 - Rechazados: 8
19:08:16,724  INFO main:417 - Individuo Solucion: {111,97,11,31,34,126,30,6,24,2,91,23,33,147,29,20,138,96,87,14,116,130,52,18,146,10,59,17,49,134,142,113,3,119,136,9,48,122,118,77,61,79,19,78,55,129,25,80,123,41,82,94,89,36,22,120,85,7,98,149,100,86,27,83,1,56,32,81,70,74,21,13,53,88,135,12,102,4,54,148,46,92,42,125,68,93,132,16,50,103,66,57,145,141,73,71,127,65,76,51,143,64,124,0,15,60,110,47,109,84,115,5,69,63,72,35,144,121,40,43,67,28,114,140,99,105,128,101,133,131,58,62,104,117,26,37,38,106,90,39,44,112,107,137,8,95,45,75,108,139}

19:08:16,725  INFO main:418 - *****************************************************
19:08:18,213  INFO main:401 - ****************Corrida 5 ************************
19:08:18,214  INFO main:402 - Fitness solucion: 42.0
19:08:18,214  INFO main:403 - Indice: 49
19:08:18,215  INFO main:404 - Generacion: 1
19:08:18,215  INFO main:405 - Rechazados: 13
19:08:18,216  INFO main:417 - Individuo Solucion: {17,90,96,82,21,52,18,23,39,27,58,28,38,104,122,79,10,97,48,123,60,11,51,65,143,24,109,29,133,102,76,55,46,66,67,53,86,14,83,100,129,125,33,1,115,9,22,88,124,73,106,98,95,142,126,134,57,145,72,49,16,128,40,25,63,68,71,0,30,45,85,34,148,69,94,56,146,5,59,64,74,20,36,2,127,3,87,62,41,42,113,77,19,6,31,8,103,80,47,84,139,35,116,130,61,32,110,78,75,118,144,140,107,12,114,149,131,138,44,43,54,119,112,70,7,26,105,108,121,136,92,13,147,93,81,137,135,117,141,111,91,99,89,15,101,4,50,132,37,120}

19:08:18,216  INFO main:418 - *****************************************************
19:08:19,539  INFO main:401 - ****************Corrida 6 ************************
19:08:19,539  INFO main:402 - Fitness solucion: 42.0
19:08:19,540  INFO main:403 - Indice: 48
19:08:19,540  INFO main:404 - Generacion: 4
19:08:19,550  INFO main:405 - Rechazados: 16
19:08:19,551  INFO main:417 - Individuo Solucion: {6,32,15,57,138,29,104,13,117,113,133,9,78,118,62,52,61,44,105,8,36,20,122,70,4,132,124,58,5,24,101,91,21,128,40,147,79,22,99,134,14,33,112,31,35,37,126,114,141,130,28,68,94,7,119,47,11,135,86,97,100,81,10,67,30,43,129,73,82,111,55,149,145,51,3,65,127,131,80,12,102,143,71,136,121,42,137,45,39,56,116,139,50,146,115,17,95,46,34,2,66,19,85,26,54,144,87,148,93,72,0,1,84,74,59,83,27,140,64,60,88,16,92,96,38,63,110,142,108,77,106,98,123,23,120,90,75,53,25,89,103,76,49,48,41,109,107,18,125,69}

19:08:19,551  INFO main:418 - *****************************************************
19:08:21,029  INFO main:401 - ****************Corrida 7 ************************
19:08:21,030  INFO main:402 - Fitness solucion: 42.0
19:08:21,030  INFO main:403 - Indice: 47
19:08:21,031  INFO main:404 - Generacion: 3
19:08:21,031  INFO main:405 - Rechazados: 12
19:08:21,031  INFO main:417 - Individuo Solucion: {146,106,136,44,8,49,29,129,116,143,7,12,1,138,96,107,27,33,10,102,141,88,117,80,28,21,121,31,74,0,22,35,145,45,99,57,9,41,52,149,108,111,63,62,66,51,50,100,104,2,3,85,38,23,18,68,4,25,110,98,17,56,132,112,42,26,65,86,32,128,34,131,6,46,69,58,40,54,114,119,70,92,113,134,47,48,55,59,30,84,130,137,126,97,91,118,67,124,101,75,13,39,90,87,95,14,144,43,93,78,61,79,64,142,19,16,77,20,140,123,120,60,94,147,105,115,11,5,83,135,36,82,37,53,72,24,103,133,122,76,73,125,15,81,139,89,109,127,71,148}

19:08:21,032  INFO main:418 - *****************************************************
19:08:22,504  INFO main:401 - ****************Corrida 8 ************************
19:08:22,505  INFO main:402 - Fitness solucion: 40.0
19:08:22,505  INFO main:403 - Indice: 48
19:08:22,506  INFO main:404 - Generacion: 8
19:08:22,506  INFO main:405 - Rechazados: 13
19:08:22,507  INFO main:417 - Individuo Solucion: {138,22,0,30,120,38,29,21,71,116,122,54,145,34,85,87,98,1,97,76,46,4,55,86,49,73,69,149,68,91,114,61,96,28,99,143,10,108,40,53,20,66,147,106,24,95,23,18,80,12,62,109,65,63,42,19,115,79,141,121,139,41,144,107,11,39,135,33,104,136,7,117,50,6,137,100,17,94,25,81,129,134,127,93,13,57,51,123,48,126,70,43,89,140,124,74,31,132,72,83,84,37,133,36,35,77,92,78,148,27,90,119,8,59,45,125,102,142,2,113,9,32,5,131,118,44,3,47,105,16,112,75,56,101,111,58,130,67,60,146,128,26,52,14,110,88,64,82,15,103}

19:08:22,507  INFO main:418 - *****************************************************
19:08:24,004  INFO main:401 - ****************Corrida 9 ************************
19:08:24,004  INFO main:402 - Fitness solucion: 42.0
19:08:24,005  INFO main:403 - Indice: 49
19:08:24,005  INFO main:404 - Generacion: 3
19:08:24,005  INFO main:405 - Rechazados: 10
19:08:24,006  INFO main:417 - Individuo Solucion: {4,142,32,79,26,44,20,147,101,134,55,6,122,97,27,21,100,15,131,22,114,128,77,48,84,3,120,60,93,5,71,50,94,91,46,129,58,148,12,124,13,104,125,145,9,70,137,57,133,85,41,38,28,80,107,45,74,138,52,35,103,88,123,24,73,126,117,149,127,121,76,10,18,0,8,66,19,29,39,112,86,68,7,108,143,47,130,49,51,82,36,40,92,31,106,67,144,75,61,78,102,42,81,65,54,2,136,1,69,87,11,98,141,146,25,83,63,16,59,23,135,33,109,37,56,43,99,105,110,140,64,17,119,95,53,96,89,118,90,132,116,139,72,62,30,111,34,14,115,113}

19:08:24,006  INFO main:418 - *****************************************************
19:08:25,484  INFO main:401 - ****************Corrida 10 ************************
19:08:25,484  INFO main:402 - Fitness solucion: 42.0
19:08:25,485  INFO main:403 - Indice: 49
19:08:25,485  INFO main:404 - Generacion: 3
19:08:25,485  INFO main:405 - Rechazados: 11
19:08:25,486  INFO main:417 - Individuo Solucion: {106,111,35,118,41,18,103,95,2,36,90,138,52,94,130,8,63,48,124,131,92,71,54,7,97,148,28,140,23,73,104,129,67,38,32,134,79,16,66,87,101,127,98,139,144,109,49,40,57,75,84,132,13,25,55,68,147,145,120,72,80,61,102,62,34,45,4,60,70,86,99,20,29,21,3,149,9,100,10,114,96,78,89,65,76,88,135,33,6,105,56,53,91,69,5,117,133,82,74,43,14,59,110,146,77,116,119,30,26,123,113,39,125,24,58,85,19,143,137,42,108,83,1,115,142,47,121,17,37,44,112,141,27,22,122,11,15,136,0,46,107,12,126,51,64,81,50,31,93,128}

19:08:25,486  INFO main:418 - *****************************************************
19:08:26,965  INFO main:401 - ****************Corrida 11 ************************
19:08:26,966  INFO main:402 - Fitness solucion: 42.0
19:08:26,966  INFO main:403 - Indice: 49
19:08:26,966  INFO main:404 - Generacion: 2
19:08:26,967  INFO main:405 - Rechazados: 12
19:08:26,967  INFO main:417 - Individuo Solucion: {10,148,31,133,144,6,141,30,36,92,11,2,21,130,27,139,88,17,42,138,33,53,9,12,64,23,93,114,84,149,4,55,112,14,122,117,28,51,48,62,104,24,89,26,143,145,65,38,34,73,116,47,22,77,49,5,115,127,41,136,81,75,57,98,71,80,82,60,107,20,90,45,108,69,128,95,50,35,91,1,46,70,74,134,19,54,32,87,44,72,15,85,7,146,120,97,52,94,83,29,18,39,58,37,147,113,99,8,118,86,109,100,3,105,135,61,106,132,111,123,126,119,43,78,76,59,110,56,142,40,137,102,140,125,129,13,67,25,121,103,124,131,16,66,101,96,0,63,79,68}

19:08:26,968  INFO main:418 - *****************************************************
19:08:28,443  INFO main:401 - ****************Corrida 12 ************************
19:08:28,444  INFO main:402 - Fitness solucion: 43.0
19:08:28,444  INFO main:403 - Indice: 49
19:08:28,444  INFO main:404 - Generacion: 4
19:08:28,445  INFO main:405 - Rechazados: 16
19:08:28,446  INFO main:417 - Individuo Solucion: {111,21,28,30,16,32,18,40,17,38,22,96,15,43,35,44,94,66,50,27,74,146,73,1,10,137,123,129,130,34,13,81,72,39,69,60,41,133,91,127,11,142,42,53,143,76,117,98,37,3,36,126,97,68,141,46,131,125,82,107,56,6,101,79,19,114,136,25,144,29,138,121,132,75,61,51,64,116,108,20,52,83,49,62,128,24,54,0,87,119,147,23,88,120,102,2,59,5,93,84,14,145,57,7,115,95,92,85,118,86,104,148,109,106,90,67,26,65,100,80,33,103,8,71,12,78,48,124,55,113,77,45,4,47,105,63,149,110,99,112,135,139,140,58,89,9,31,134,122,70}

19:08:28,446  INFO main:418 - *****************************************************
19:08:29,910  INFO main:401 - ****************Corrida 13 ************************
19:08:29,910  INFO main:402 - Fitness solucion: 43.0
19:08:29,910  INFO main:403 - Indice: 49
19:08:29,911  INFO main:404 - Generacion: 0
19:08:29,911  INFO main:405 - Rechazados: 11
19:08:29,912  INFO main:417 - Individuo Solucion: {0,1,14,23,7,139,9,6,58,60,49,111,17,34,28,122,123,147,18,125,44,75,68,25,81,37,24,138,3,88,31,38,136,143,8,39,132,83,76,95,20,54,41,55,22,65,45,146,53,94,141,15,77,21,70,142,35,120,48,40,61,89,50,47,118,51,130,66,133,90,87,149,144,92,63,57,79,46,5,2,27,113,106,86,67,11,85,42,107,109,121,30,148,126,91,10,98,69,137,43,19,80,135,128,74,140,115,64,12,145,119,110,52,84,112,124,29,73,134,13,96,116,97,131,102,127,129,82,72,114,105,93,26,100,56,101,103,62,32,78,108,59,16,33,4,99,36,104,117,71}

19:08:29,912  INFO main:418 - *****************************************************
19:08:31,407  INFO main:401 - ****************Corrida 14 ************************
19:08:31,408  INFO main:402 - Fitness solucion: 43.0
19:08:31,408  INFO main:403 - Indice: 49
19:08:31,409  INFO main:404 - Generacion: 2
19:08:31,409  INFO main:405 - Rechazados: 14
19:08:31,410  INFO main:417 - Individuo Solucion: {129,12,14,33,102,18,58,23,10,72,22,19,6,148,40,29,45,77,136,7,44,141,107,26,78,114,81,27,119,99,67,62,133,97,36,126,32,57,53,1,128,132,93,142,56,137,75,2,48,24,138,74,38,79,140,11,149,147,96,113,30,15,37,104,94,43,111,115,130,21,83,90,106,98,61,112,3,13,69,41,108,89,9,144,105,63,117,82,100,84,51,68,101,85,95,70,59,8,145,28,87,123,34,139,31,80,54,120,88,116,121,64,71,52,76,50,66,125,20,4,109,16,110,103,39,25,60,65,146,73,49,42,131,86,127,118,35,47,46,135,92,124,0,5,55,17,91,122,134,143}

19:08:31,410  INFO main:418 - *****************************************************
19:08:32,882  INFO main:401 - ****************Corrida 15 ************************
19:08:32,882  INFO main:402 - Fitness solucion: 42.0
19:08:32,883  INFO main:403 - Indice: 49
19:08:32,883  INFO main:404 - Generacion: 0
19:08:32,883  INFO main:405 - Rechazados: 10
19:08:32,884  INFO main:417 - Individuo Solucion: {147,6,115,122,14,11,112,22,73,30,38,148,139,75,12,21,118,99,42,144,131,33,130,17,54,129,89,53,124,85,117,55,137,142,9,146,50,63,60,51,68,1,44,87,8,74,41,107,27,4,79,132,145,67,128,81,125,25,32,59,120,66,47,103,65,143,113,93,94,80,0,72,91,20,134,82,121,61,86,49,62,36,57,16,58,76,88,70,15,127,111,46,135,140,84,26,149,19,106,98,28,31,114,24,48,71,83,92,2,136,126,95,123,119,7,34,23,90,110,45,43,138,64,52,101,100,40,69,104,97,39,78,133,35,18,3,56,13,109,105,108,77,116,29,5,96,10,141,37,102}

19:08:32,884  INFO main:418 - *****************************************************
19:08:34,374  INFO main:401 - ****************Corrida 16 ************************
19:08:34,375  INFO main:402 - Fitness solucion: 42.0
19:08:34,375  INFO main:403 - Indice: 48
19:08:34,375  INFO main:404 - Generacion: 4
19:08:34,376  INFO main:405 - Rechazados: 14
19:08:34,376  INFO main:417 - Individuo Solucion: {97,12,31,42,43,3,15,143,41,137,36,1,39,35,38,77,22,20,72,120,55,75,19,127,71,99,149,113,92,69,91,6,101,7,108,106,88,145,73,123,8,40,25,98,63,103,4,24,11,46,48,141,90,65,110,79,128,74,133,33,93,82,112,27,78,62,66,142,23,122,2,136,135,109,29,68,58,126,57,117,144,100,47,89,59,116,49,81,32,119,132,21,67,52,10,37,114,84,102,83,115,94,0,17,51,86,45,125,28,111,80,70,130,44,9,30,18,95,134,76,64,13,131,34,107,53,54,138,14,139,105,60,85,26,61,87,50,148,147,140,104,5,56,146,16,129,96,121,118,124}

19:08:34,376  INFO main:418 - *****************************************************
19:08:35,856  INFO main:401 - ****************Corrida 17 ************************
19:08:35,857  INFO main:402 - Fitness solucion: 43.0
19:08:35,857  INFO main:403 - Indice: 48
19:08:35,857  INFO main:404 - Generacion: 3
19:08:35,858  INFO main:405 - Rechazados: 12
19:08:35,858  INFO main:417 - Individuo Solucion: {148,9,111,141,120,35,3,14,33,129,19,54,122,133,60,64,127,41,145,47,113,78,11,143,139,58,25,140,137,66,46,147,29,109,0,96,62,37,146,39,51,27,128,8,20,135,44,70,15,100,97,28,43,134,36,117,49,61,99,53,4,73,12,18,138,55,123,79,93,40,32,106,6,87,94,69,121,10,34,142,74,31,50,83,77,131,68,110,116,23,132,88,24,76,72,22,92,30,21,13,105,38,45,81,149,71,52,1,63,91,115,7,65,2,118,144,125,102,126,82,108,136,130,103,56,26,90,85,16,98,42,84,101,57,112,17,119,48,75,5,104,124,95,59,80,107,114,67,86,89}

19:08:35,859  INFO main:418 - *****************************************************
19:08:37,317  INFO main:401 - ****************Corrida 18 ************************
19:08:37,317  INFO main:402 - Fitness solucion: 42.0
19:08:37,318  INFO main:403 - Indice: 49
19:08:37,318  INFO main:404 - Generacion: 2
19:08:37,318  INFO main:405 - Rechazados: 12
19:08:37,319  INFO main:417 - Individuo Solucion: {126,32,10,125,62,26,20,13,113,88,90,11,73,93,50,46,122,39,86,5,12,98,82,30,71,38,75,22,17,51,9,111,70,48,65,142,68,100,27,108,8,109,58,84,3,6,127,0,47,59,4,143,135,28,66,15,114,138,115,44,144,34,40,80,124,25,102,29,112,33,99,78,83,148,7,53,36,110,132,123,56,81,147,95,49,43,107,89,140,63,1,67,139,41,77,130,97,79,37,134,52,128,105,103,91,31,141,55,16,87,136,57,133,96,54,145,19,35,72,14,121,129,104,61,45,85,69,2,118,21,106,131,117,146,18,92,116,120,76,64,94,74,119,60,101,23,42,149,24,137}

19:08:37,319  INFO main:418 - *****************************************************
19:08:38,755  INFO main:401 - ****************Corrida 19 ************************
19:08:38,755  INFO main:402 - Fitness solucion: 42.0
19:08:38,756  INFO main:403 - Indice: 49
19:08:38,756  INFO main:404 - Generacion: 1
19:08:38,756  INFO main:405 - Rechazados: 15
19:08:38,757  INFO main:417 - Individuo Solucion: {114,149,41,118,62,1,22,4,30,14,46,93,65,67,145,135,28,23,51,54,70,140,125,15,37,43,29,24,75,97,95,11,34,132,6,50,12,61,84,108,121,143,88,27,137,106,32,57,131,113,9,19,124,10,42,129,68,59,133,99,86,31,110,127,47,71,89,128,80,40,48,100,120,126,148,82,17,122,77,134,72,21,115,147,79,7,104,136,38,123,101,98,111,73,96,16,63,66,60,142,85,58,78,49,26,81,103,92,119,146,55,25,13,20,52,102,117,36,112,83,64,33,116,87,107,94,0,130,141,76,45,53,3,91,109,90,8,74,56,144,69,18,139,138,5,2,35,39,105,44}

19:08:38,757  INFO main:418 - *****************************************************
19:08:40,219  INFO main:401 - ****************Corrida 20 ************************
19:08:40,220  INFO main:402 - Fitness solucion: 42.0
19:08:40,220  INFO main:403 - Indice: 49
19:08:40,220  INFO main:404 - Generacion: 4
19:08:40,221  INFO main:405 - Rechazados: 15
19:08:40,221  INFO main:417 - Individuo Solucion: {6,7,10,0,3,40,112,36,12,80,76,44,91,102,51,27,19,28,135,109,86,120,53,93,139,126,9,42,8,132,55,43,113,41,122,5,69,59,75,63,70,24,103,33,62,108,49,60,94,31,136,105,68,32,144,143,29,90,92,84,20,72,110,14,13,85,117,56,97,67,45,101,30,82,57,17,58,142,48,34,26,134,149,38,79,138,124,115,98,54,106,78,127,119,4,148,125,1,95,99,74,15,47,129,83,96,89,35,64,137,140,123,22,73,66,116,2,81,145,146,87,50,128,133,88,77,130,25,111,23,16,147,71,114,118,61,65,39,104,141,100,52,46,37,21,121,11,131,107,18}

19:08:40,222  INFO main:418 - *****************************************************
19:08:41,698  INFO main:401 - ****************Corrida 21 ************************
19:08:41,698  INFO main:402 - Fitness solucion: 42.0
19:08:41,699  INFO main:403 - Indice: 49
19:08:41,699  INFO main:404 - Generacion: 6
19:08:41,699  INFO main:405 - Rechazados: 8
19:08:41,700  INFO main:417 - Individuo Solucion: {72,30,35,137,42,1,91,59,27,21,3,110,54,62,61,23,84,136,26,25,131,95,51,47,139,66,73,119,9,70,107,133,98,142,81,58,135,120,106,19,48,0,32,34,24,67,41,97,40,115,87,138,56,36,55,121,11,85,44,144,148,28,102,76,63,50,93,69,123,143,100,78,124,149,6,114,14,68,39,77,15,83,8,128,96,53,129,57,20,89,31,132,130,2,140,116,141,33,17,37,10,146,74,105,45,7,88,4,113,101,79,46,86,90,147,12,145,127,60,122,16,118,43,5,82,117,22,13,29,109,80,112,125,108,134,94,38,111,75,64,65,49,18,99,104,71,103,52,92,126}

19:08:41,700  INFO main:418 - *****************************************************
19:08:43,154  INFO main:401 - ****************Corrida 22 ************************
19:08:43,155  INFO main:402 - Fitness solucion: 42.0
19:08:43,155  INFO main:403 - Indice: 48
19:08:43,155  INFO main:404 - Generacion: 0
19:08:43,156  INFO main:405 - Rechazados: 12
19:08:43,156  INFO main:417 - Individuo Solucion: {146,142,126,79,140,71,6,0,11,4,26,13,105,2,83,23,96,139,132,123,119,34,110,130,91,49,8,99,90,32,10,43,39,141,70,48,64,7,122,33,73,86,137,12,72,129,51,17,30,62,40,109,67,42,50,44,148,36,54,29,89,60,102,37,81,31,116,55,121,66,14,3,84,9,47,145,106,133,100,136,120,1,24,149,61,92,114,77,94,118,95,82,65,41,35,112,88,22,20,74,18,101,78,59,52,75,103,124,21,85,143,135,27,15,45,19,69,117,98,80,5,134,128,131,138,125,144,68,53,97,63,127,56,46,58,76,28,16,87,113,104,111,25,147,115,108,107,57,93,38}

19:08:43,156  INFO main:418 - *****************************************************
19:08:44,612  INFO main:401 - ****************Corrida 23 ************************
19:08:44,613  INFO main:402 - Fitness solucion: 43.0
19:08:44,613  INFO main:403 - Indice: 49
19:08:44,613  INFO main:404 - Generacion: 1
19:08:44,613  INFO main:405 - Rechazados: 10
19:08:44,614  INFO main:417 - Individuo Solucion: {7,134,129,81,12,55,24,80,27,26,11,68,61,120,113,138,70,14,39,45,145,79,105,140,50,1,104,118,89,10,56,119,142,16,92,74,65,33,132,106,41,15,76,90,0,48,141,137,72,116,121,78,38,97,147,107,22,85,58,60,143,77,102,93,19,8,86,96,37,42,46,18,126,149,69,20,25,29,112,91,35,124,67,117,3,139,87,17,75,54,6,47,63,21,125,52,49,111,146,110,44,95,53,57,84,83,73,99,94,100,101,40,136,103,122,109,148,9,64,59,82,31,30,115,28,32,13,51,66,5,127,71,128,135,131,43,34,144,123,130,108,23,88,98,114,4,2,62,36,133}

19:08:44,614  INFO main:418 - *****************************************************
19:08:46,073  INFO main:401 - ****************Corrida 24 ************************
19:08:46,097  INFO main:402 - Fitness solucion: 42.0
19:08:46,097  INFO main:403 - Indice: 49
19:08:46,097  INFO main:404 - Generacion: 5
19:08:46,098  INFO main:405 - Rechazados: 13
19:08:46,098  INFO main:417 - Individuo Solucion: {26,124,69,0,34,141,33,121,128,31,53,56,87,7,19,72,112,90,83,111,125,28,3,15,48,21,57,13,38,24,62,20,43,84,29,144,47,42,120,96,119,40,145,39,11,74,52,136,9,82,86,94,133,51,140,149,71,54,108,12,100,50,113,30,115,91,99,97,110,65,73,75,2,101,4,132,122,18,44,66,139,143,23,138,130,127,45,64,104,5,55,142,68,146,88,129,98,93,8,116,78,81,95,6,89,35,137,103,17,148,16,60,59,10,131,135,58,80,77,27,46,123,63,106,41,37,67,1,36,49,107,61,79,117,114,147,22,109,76,134,32,85,70,102,14,92,126,105,25,118}

19:08:46,098  INFO main:418 - *****************************************************
19:08:47,582  INFO main:401 - ****************Corrida 25 ************************
19:08:47,583  INFO main:402 - Fitness solucion: 42.0
19:08:47,583  INFO main:403 - Indice: 49
19:08:47,583  INFO main:404 - Generacion: 4
19:08:47,583  INFO main:405 - Rechazados: 11
19:08:47,584  INFO main:417 - Individuo Solucion: {65,117,44,133,37,38,101,110,7,4,97,43,85,120,136,130,42,57,8,121,1,61,70,3,6,13,49,24,51,60,76,131,68,26,90,19,2,64,95,137,82,149,54,135,21,59,71,17,141,139,73,10,143,9,39,66,14,29,25,78,108,81,92,127,20,33,94,106,93,88,58,118,89,40,62,48,116,80,35,23,72,28,12,142,111,22,18,145,91,103,125,96,112,53,84,67,140,83,63,129,5,69,45,34,87,107,105,122,74,32,146,46,98,50,77,16,134,114,56,144,79,36,104,52,132,27,138,75,47,55,109,100,113,41,11,124,119,123,128,30,99,148,31,102,147,86,115,0,15,126}

19:08:47,584  INFO main:418 - *****************************************************
19:08:49,057  INFO main:401 - ****************Corrida 26 ************************
19:08:49,058  INFO main:402 - Fitness solucion: 43.0
19:08:49,058  INFO main:403 - Indice: 49
19:08:49,059  INFO main:404 - Generacion: 0
19:08:49,059  INFO main:405 - Rechazados: 12
19:08:49,059  INFO main:417 - Individuo Solucion: {2,12,47,116,98,0,88,45,15,71,25,16,146,119,59,18,113,111,43,36,121,135,8,26,20,118,30,50,56,60,125,124,92,48,10,6,137,1,141,55,66,85,126,100,4,14,64,143,144,17,140,42,134,139,96,13,39,136,149,72,57,67,52,77,105,62,24,128,37,58,21,79,65,9,11,70,91,22,93,41,63,74,32,94,148,7,61,28,35,78,29,82,89,38,90,122,106,101,76,133,54,33,110,142,31,130,51,68,129,114,97,84,115,147,102,3,108,44,83,112,27,34,53,49,132,87,103,23,95,145,123,5,127,117,80,120,99,73,69,19,86,138,104,131,81,75,107,46,109,40}

19:08:49,060  INFO main:418 - *****************************************************
19:08:50,541  INFO main:401 - ****************Corrida 27 ************************
19:08:50,542  INFO main:402 - Fitness solucion: 42.0
19:08:50,542  INFO main:403 - Indice: 48
19:08:50,542  INFO main:404 - Generacion: 2
19:08:50,543  INFO main:405 - Rechazados: 15
19:08:50,543  INFO main:417 - Individuo Solucion: {5,121,62,98,134,58,54,19,50,8,21,53,118,56,15,49,42,68,27,10,28,63,25,119,126,40,18,35,81,39,124,133,3,114,4,105,33,109,23,112,12,142,26,122,146,69,90,2,141,138,96,97,37,89,149,43,61,99,92,85,34,31,55,60,77,116,1,106,88,91,32,72,30,36,71,130,83,76,73,14,100,84,24,57,135,102,117,140,86,22,38,70,45,120,132,52,0,79,47,113,80,82,64,29,20,41,111,103,127,107,104,78,101,131,66,11,139,144,59,7,75,125,67,87,9,115,148,44,74,16,48,51,137,95,143,65,46,136,128,17,94,13,147,93,110,123,129,145,6,108}

19:08:50,543  INFO main:418 - *****************************************************
19:08:51,956  INFO main:401 - ****************Corrida 28 ************************
19:08:51,956  INFO main:402 - Fitness solucion: 41.0
19:08:51,957  INFO main:403 - Indice: 49
19:08:51,957  INFO main:404 - Generacion: 6
19:08:51,957  INFO main:405 - Rechazados: 13
19:08:51,958  INFO main:417 - Individuo Solucion: {113,2,55,147,12,40,21,41,36,65,119,4,39,142,100,67,93,75,15,139,70,38,133,34,23,126,141,83,121,125,71,109,127,50,32,114,79,117,1,43,102,137,134,8,81,69,42,57,59,86,115,101,120,146,130,26,77,37,28,92,66,64,0,11,131,51,82,111,6,78,110,19,91,58,145,129,60,68,13,22,99,132,136,52,18,140,24,54,35,84,62,128,49,104,105,3,148,16,46,122,106,144,53,85,96,5,149,89,94,14,118,47,9,80,123,107,44,90,73,72,61,76,112,103,88,97,74,143,17,98,56,138,10,27,116,25,7,48,20,135,33,30,63,45,95,124,87,29,108,31}

19:08:51,958  INFO main:418 - *****************************************************
19:08:53,264  INFO main:401 - ****************Corrida 29 ************************
19:08:53,264  INFO main:402 - Fitness solucion: 42.0
19:08:53,264  INFO main:403 - Indice: 49
19:08:53,265  INFO main:404 - Generacion: 7
19:08:53,265  INFO main:405 - Rechazados: 9
19:08:53,266  INFO main:417 - Individuo Solucion: {8,130,15,20,141,89,146,17,47,21,41,43,82,13,54,113,2,132,68,96,67,97,107,90,91,80,128,124,59,78,51,127,119,70,114,33,138,104,126,49,25,74,135,144,24,19,71,77,27,22,37,4,42,105,92,60,123,64,62,83,109,28,38,143,30,40,69,87,136,75,63,108,61,115,14,52,46,88,121,148,23,76,6,29,125,18,120,66,12,3,93,147,26,45,95,149,58,79,72,86,44,106,112,10,35,39,145,103,99,50,134,101,9,65,84,1,53,129,122,48,131,81,31,102,140,73,100,5,7,16,98,0,55,32,142,36,137,117,56,110,34,57,116,133,118,11,94,85,139,111}

19:08:53,266  INFO main:418 - *****************************************************
19:08:53,266  INFO main:420 - Tiempo AGP: 1473
19:08:53,267  INFO main:422 - Promedio Final: 42
19:08:53,267  INFO main:424 - Promedio Generaciones: 0
19:08:53,267  INFO main:427 - Promedio Rechazos: 12
19:08:53,268  INFO main:430 - Promedio Defragmentacion: 1.7753333333333332
19:08:53,268  INFO main:432 - *****************Resultados********************
19:08:53,268  INFO main:434 - result: 42.0
19:08:53,268  INFO main:434 - result: 41.0
19:08:53,269  INFO main:434 - result: 42.0
19:08:53,269  INFO main:434 - result: 42.0
19:08:53,269  INFO main:434 - result: 43.0
19:08:53,270  INFO main:434 - result: 42.0
19:08:53,270  INFO main:434 - result: 42.0
19:08:53,270  INFO main:434 - result: 42.0
19:08:53,270  INFO main:434 - result: 40.0
19:08:53,271  INFO main:434 - result: 42.0
19:08:53,271  INFO main:434 - result: 42.0
19:08:53,271  INFO main:434 - result: 42.0
19:08:53,272  INFO main:434 - result: 43.0
19:08:53,272  INFO main:434 - result: 43.0
19:08:53,272  INFO main:434 - result: 43.0
19:08:53,273  INFO main:434 - result: 42.0
19:08:53,273  INFO main:434 - result: 42.0
19:08:53,273  INFO main:434 - result: 43.0
19:08:53,273  INFO main:434 - result: 42.0
19:08:53,274  INFO main:434 - result: 42.0
19:08:53,274  INFO main:434 - result: 42.0
19:08:53,274  INFO main:434 - result: 42.0
19:08:53,274  INFO main:434 - result: 42.0
19:08:53,275  INFO main:434 - result: 43.0
19:08:53,275  INFO main:434 - result: 42.0
19:08:53,275  INFO main:434 - result: 42.0
19:08:53,276  INFO main:434 - result: 43.0
19:08:53,276  INFO main:434 - result: 42.0
19:08:53,276  INFO main:434 - result: 41.0
19:08:53,277  INFO main:434 - result: 42.0
19:08:53,277  INFO main:436 - *****************Generaciones********************
19:08:53,277  INFO main:438 - Generacion: 0
19:08:53,278  INFO main:438 - Generacion: 0
19:08:53,278  INFO main:438 - Generacion: 0
19:08:53,278  INFO main:438 - Generacion: 0
19:08:53,278  INFO main:438 - Generacion: 0
19:08:53,279  INFO main:438 - Generacion: 0
19:08:53,279  INFO main:438 - Generacion: 0
19:08:53,279  INFO main:438 - Generacion: 0
19:08:53,280  INFO main:438 - Generacion: 0
19:08:53,280  INFO main:438 - Generacion: 0
19:08:53,280  INFO main:438 - Generacion: 0
19:08:53,280  INFO main:438 - Generacion: 0
19:08:53,281  INFO main:438 - Generacion: 0
19:08:53,281  INFO main:438 - Generacion: 0
19:08:53,281  INFO main:438 - Generacion: 0
19:08:53,282  INFO main:438 - Generacion: 0
19:08:53,282  INFO main:438 - Generacion: 0
19:08:53,282  INFO main:438 - Generacion: 0
19:08:53,282  INFO main:438 - Generacion: 0
19:08:53,283  INFO main:438 - Generacion: 0
19:08:53,283  INFO main:438 - Generacion: 0
19:08:53,283  INFO main:438 - Generacion: 0
19:08:53,283  INFO main:438 - Generacion: 0
19:08:53,284  INFO main:438 - Generacion: 0
19:08:53,284  INFO main:438 - Generacion: 0
19:08:53,284  INFO main:438 - Generacion: 0
19:08:53,284  INFO main:438 - Generacion: 0
19:08:53,285  INFO main:438 - Generacion: 0
19:08:53,285  INFO main:438 - Generacion: 0
19:08:53,285  INFO main:438 - Generacion: 0
