18:01:35,244  INFO main:168 - Logueando
18:02:50,781  INFO main:300 - Tiempo PreCalculo: 75535
18:02:50,782  INFO main:387 - ****************AG PERMUTACION****************
18:02:51,719  INFO main:399 - ****************Corrida 0 ************************
18:02:51,719  INFO main:400 - Fitness solucion: 57.0
18:02:51,720  INFO main:401 - Indice: 57
18:02:51,720  INFO main:402 - Generacion: 0
18:02:51,720  INFO main:403 - Rechazados: 0
18:02:51,720  INFO main:413 - Individuo Solucion: {13,43,28,18,40,3,15,7,22,33,5,4,6,49,38,41,36,21,12,47,30,16,9,17,1,0,27,11,29,45,26,34,31,37,35,32,42,44,25,20,48,23,10,14,39,19,8,24,2,46}

18:02:51,720  INFO main:414 - *****************************************************
18:02:51,953  INFO main:399 - ****************Corrida 1 ************************
18:02:51,954  INFO main:400 - Fitness solucion: 57.0
18:02:51,954  INFO main:401 - Indice: 58
18:02:51,954  INFO main:402 - Generacion: 0
18:02:51,954  INFO main:403 - Rechazados: 0
18:02:51,954  INFO main:413 - Individuo Solucion: {0,29,5,46,22,35,28,3,12,18,20,14,1,10,36,49,42,7,11,38,13,19,30,25,9,31,33,26,8,6,27,45,4,21,32,23,16,2,24,17,34,43,39,15,44,41,48,40,37,47}

18:02:51,954  INFO main:414 - *****************************************************
18:02:52,191  INFO main:399 - ****************Corrida 2 ************************
18:02:52,191  INFO main:400 - Fitness solucion: 57.0
18:02:52,191  INFO main:401 - Indice: 58
18:02:52,191  INFO main:402 - Generacion: 0
18:02:52,191  INFO main:403 - Rechazados: 0
18:02:52,191  INFO main:413 - Individuo Solucion: {5,4,12,3,7,29,44,18,10,14,25,24,36,30,15,11,26,28,47,42,8,43,19,31,1,33,16,46,34,32,41,6,21,38,0,39,45,22,35,37,23,40,48,13,9,2,17,49,20,27}

18:02:52,192  INFO main:414 - *****************************************************
18:02:52,416  INFO main:399 - ****************Corrida 3 ************************
18:02:52,417  INFO main:400 - Fitness solucion: 57.0
18:02:52,417  INFO main:401 - Indice: 61
18:02:52,417  INFO main:402 - Generacion: 0
18:02:52,417  INFO main:403 - Rechazados: 0
18:02:52,417  INFO main:413 - Individuo Solucion: {21,4,5,39,9,28,12,0,3,19,40,23,6,22,8,17,13,16,2,27,37,20,32,10,29,7,26,30,18,31,41,49,34,48,33,42,35,46,1,36,47,44,15,25,11,14,38,43,24,45}

18:02:52,417  INFO main:414 - *****************************************************
18:02:52,638  INFO main:399 - ****************Corrida 4 ************************
18:02:52,638  INFO main:400 - Fitness solucion: 57.0
18:02:52,638  INFO main:401 - Indice: 60
18:02:52,638  INFO main:402 - Generacion: 0
18:02:52,638  INFO main:403 - Rechazados: 0
18:02:52,638  INFO main:413 - Individuo Solucion: {34,28,1,9,15,12,31,46,8,44,20,25,42,0,10,17,2,49,11,22,5,30,24,7,47,21,4,35,43,45,18,39,37,13,38,41,23,48,33,26,16,19,29,14,6,32,27,3,40,36}

18:02:52,638  INFO main:414 - *****************************************************
18:02:52,859  INFO main:399 - ****************Corrida 5 ************************
18:02:52,859  INFO main:400 - Fitness solucion: 57.0
18:02:52,859  INFO main:401 - Indice: 57
18:02:52,859  INFO main:402 - Generacion: 0
18:02:52,859  INFO main:403 - Rechazados: 0
18:02:52,859  INFO main:413 - Individuo Solucion: {12,42,1,10,29,11,31,38,26,4,22,40,43,3,2,44,23,41,39,9,18,20,16,14,30,6,0,47,27,8,35,17,34,19,28,46,45,33,36,13,24,5,15,37,49,32,7,48,21,25}

18:02:52,859  INFO main:414 - *****************************************************
18:02:53,078  INFO main:399 - ****************Corrida 6 ************************
18:02:53,079  INFO main:400 - Fitness solucion: 57.0
18:02:53,079  INFO main:401 - Indice: 59
18:02:53,079  INFO main:402 - Generacion: 0
18:02:53,081  INFO main:403 - Rechazados: 0
18:02:53,082  INFO main:413 - Individuo Solucion: {29,0,7,26,28,49,5,13,1,11,6,21,35,46,20,22,32,41,9,10,4,12,31,36,17,34,2,38,27,48,16,33,25,3,44,15,47,8,37,43,19,23,24,18,14,45,39,40,42,30}

18:02:53,082  INFO main:414 - *****************************************************
18:02:53,301  INFO main:399 - ****************Corrida 7 ************************
18:02:53,301  INFO main:400 - Fitness solucion: 57.0
18:02:53,301  INFO main:401 - Indice: 58
18:02:53,301  INFO main:402 - Generacion: 0
18:02:53,301  INFO main:403 - Rechazados: 0
18:02:53,301  INFO main:413 - Individuo Solucion: {11,3,48,7,2,44,8,6,43,33,38,36,40,4,32,30,9,17,0,10,16,14,24,28,15,34,22,19,49,35,20,27,23,25,13,29,12,46,5,26,18,42,39,41,1,37,21,45,31,47}

18:02:53,301  INFO main:414 - *****************************************************
18:02:53,529  INFO main:399 - ****************Corrida 8 ************************
18:02:53,529  INFO main:400 - Fitness solucion: 57.0
18:02:53,529  INFO main:401 - Indice: 59
18:02:53,529  INFO main:402 - Generacion: 0
18:02:53,529  INFO main:403 - Rechazados: 0
18:02:53,530  INFO main:413 - Individuo Solucion: {16,2,7,11,47,20,15,17,44,13,24,18,38,26,22,39,30,0,27,1,4,34,25,9,36,32,19,31,6,49,21,10,5,40,12,35,42,28,43,48,46,45,33,29,23,8,37,14,3,41}

18:02:53,530  INFO main:414 - *****************************************************
18:02:53,750  INFO main:399 - ****************Corrida 9 ************************
18:02:53,750  INFO main:400 - Fitness solucion: 57.0
18:02:53,750  INFO main:401 - Indice: 61
18:02:53,750  INFO main:402 - Generacion: 0
18:02:53,750  INFO main:403 - Rechazados: 0
18:02:53,750  INFO main:413 - Individuo Solucion: {14,1,19,10,30,3,49,0,23,15,40,6,24,2,7,41,16,47,27,9,5,13,33,36,29,12,32,21,20,37,34,17,4,42,48,39,45,18,35,44,43,26,25,11,22,8,46,28,31,38}

18:02:53,751  INFO main:414 - *****************************************************
18:02:53,970  INFO main:399 - ****************Corrida 10 ************************
18:02:53,970  INFO main:400 - Fitness solucion: 57.0
18:02:53,970  INFO main:401 - Indice: 60
18:02:53,970  INFO main:402 - Generacion: 0
18:02:53,970  INFO main:403 - Rechazados: 0
18:02:53,970  INFO main:413 - Individuo Solucion: {32,30,1,27,8,2,39,3,21,37,0,47,12,6,22,10,46,35,36,29,49,7,19,4,33,20,45,18,9,16,26,15,28,25,24,38,5,17,11,31,41,13,44,14,42,34,43,40,23,48}

18:02:53,970  INFO main:414 - *****************************************************
18:02:54,188  INFO main:399 - ****************Corrida 11 ************************
18:02:54,188  INFO main:400 - Fitness solucion: 57.0
18:02:54,188  INFO main:401 - Indice: 58
18:02:54,188  INFO main:402 - Generacion: 0
18:02:54,188  INFO main:403 - Rechazados: 0
18:02:54,188  INFO main:413 - Individuo Solucion: {0,25,9,47,38,11,12,5,14,46,44,13,42,39,2,17,15,10,45,40,49,43,23,41,24,18,8,20,21,30,4,28,26,37,33,16,19,35,29,31,1,6,34,48,3,32,36,22,7,27}

18:02:54,188  INFO main:414 - *****************************************************
18:02:54,410  INFO main:399 - ****************Corrida 12 ************************
18:02:54,410  INFO main:400 - Fitness solucion: 57.0
18:02:54,410  INFO main:401 - Indice: 59
18:02:54,410  INFO main:402 - Generacion: 0
18:02:54,410  INFO main:403 - Rechazados: 0
18:02:54,410  INFO main:413 - Individuo Solucion: {43,15,2,6,24,29,47,33,1,13,21,23,26,28,3,20,42,36,37,44,17,4,12,49,27,48,41,25,32,5,10,22,11,30,16,35,0,9,7,38,34,40,14,45,31,19,18,8,46,39}

18:02:54,410  INFO main:414 - *****************************************************
18:02:54,627  INFO main:399 - ****************Corrida 13 ************************
18:02:54,627  INFO main:400 - Fitness solucion: 57.0
18:02:54,627  INFO main:401 - Indice: 57
18:02:54,628  INFO main:402 - Generacion: 0
18:02:54,628  INFO main:403 - Rechazados: 0
18:02:54,628  INFO main:413 - Individuo Solucion: {20,1,12,13,2,44,0,14,41,32,34,5,7,6,9,11,46,27,39,3,25,21,36,16,17,15,18,29,22,4,24,40,26,43,42,10,31,49,38,19,33,37,47,23,35,8,30,48,28,45}

18:02:54,628  INFO main:414 - *****************************************************
18:02:54,848  INFO main:399 - ****************Corrida 14 ************************
18:02:54,849  INFO main:400 - Fitness solucion: 57.0
18:02:54,849  INFO main:401 - Indice: 61
18:02:54,849  INFO main:402 - Generacion: 0
18:02:54,849  INFO main:403 - Rechazados: 0
18:02:54,849  INFO main:413 - Individuo Solucion: {2,32,0,38,10,35,47,4,39,40,49,15,37,36,12,21,16,19,17,45,20,8,33,43,18,5,48,31,34,1,25,44,11,9,3,13,29,41,30,6,46,22,7,27,24,42,23,26,14,28}

18:02:54,849  INFO main:414 - *****************************************************
18:02:55,074  INFO main:399 - ****************Corrida 15 ************************
18:02:55,074  INFO main:400 - Fitness solucion: 57.0
18:02:55,074  INFO main:401 - Indice: 60
18:02:55,074  INFO main:402 - Generacion: 0
18:02:55,074  INFO main:403 - Rechazados: 0
18:02:55,074  INFO main:413 - Individuo Solucion: {21,26,5,10,44,12,37,7,29,14,2,46,11,48,47,16,20,13,33,28,41,30,19,35,18,24,42,23,4,6,15,25,0,22,34,43,39,8,38,40,45,31,3,27,32,49,9,17,36,1}

18:02:55,074  INFO main:414 - *****************************************************
18:02:55,292  INFO main:399 - ****************Corrida 16 ************************
18:02:55,293  INFO main:400 - Fitness solucion: 57.0
18:02:55,293  INFO main:401 - Indice: 61
18:02:55,293  INFO main:402 - Generacion: 0
18:02:55,293  INFO main:403 - Rechazados: 0
18:02:55,293  INFO main:413 - Individuo Solucion: {45,35,6,15,3,21,38,16,40,37,13,47,5,19,7,2,48,36,23,46,18,49,4,43,25,24,1,28,44,34,14,31,26,39,12,20,11,32,33,17,0,30,41,22,42,9,10,8,29,27}

18:02:55,293  INFO main:414 - *****************************************************
18:02:55,513  INFO main:399 - ****************Corrida 17 ************************
18:02:55,513  INFO main:400 - Fitness solucion: 57.0
18:02:55,513  INFO main:401 - Indice: 57
18:02:55,513  INFO main:402 - Generacion: 0
18:02:55,513  INFO main:403 - Rechazados: 0
18:02:55,513  INFO main:413 - Individuo Solucion: {30,15,0,2,3,10,24,9,34,49,6,43,26,4,14,7,5,11,1,28,29,12,22,42,16,23,17,46,40,32,21,33,27,35,39,13,20,44,31,36,41,19,47,8,18,45,38,48,37,25}

18:02:55,514  INFO main:414 - *****************************************************
18:02:55,734  INFO main:399 - ****************Corrida 18 ************************
18:02:55,734  INFO main:400 - Fitness solucion: 57.0
18:02:55,734  INFO main:401 - Indice: 60
18:02:55,734  INFO main:402 - Generacion: 0
18:02:55,734  INFO main:403 - Rechazados: 0
18:02:55,734  INFO main:413 - Individuo Solucion: {6,8,2,22,49,47,15,1,18,16,19,25,35,31,0,38,5,20,21,24,11,23,26,14,27,32,13,36,41,4,46,44,9,48,42,45,30,39,7,17,3,28,34,43,10,40,29,12,37,33}

18:02:55,734  INFO main:414 - *****************************************************
18:02:55,953  INFO main:399 - ****************Corrida 19 ************************
18:02:55,954  INFO main:400 - Fitness solucion: 57.0
18:02:55,954  INFO main:401 - Indice: 60
18:02:55,954  INFO main:402 - Generacion: 0
18:02:55,954  INFO main:403 - Rechazados: 0
18:02:55,954  INFO main:413 - Individuo Solucion: {34,49,1,3,20,39,46,13,44,16,40,8,5,29,25,6,0,2,4,21,14,9,45,7,24,26,37,11,17,47,10,22,41,48,27,42,28,33,31,43,30,23,12,36,18,38,32,15,19,35}

18:02:55,954  INFO main:414 - *****************************************************
18:02:56,173  INFO main:399 - ****************Corrida 20 ************************
18:02:56,173  INFO main:400 - Fitness solucion: 57.0
18:02:56,173  INFO main:401 - Indice: 58
18:02:56,173  INFO main:402 - Generacion: 0
18:02:56,173  INFO main:403 - Rechazados: 0
18:02:56,173  INFO main:413 - Individuo Solucion: {43,13,15,47,21,31,3,25,30,42,38,8,6,0,2,19,22,33,4,24,16,18,29,49,11,17,28,41,5,45,36,7,23,10,35,9,48,37,26,20,27,44,39,32,12,34,40,1,14,46}

18:02:56,173  INFO main:414 - *****************************************************
18:02:56,393  INFO main:399 - ****************Corrida 21 ************************
18:02:56,393  INFO main:400 - Fitness solucion: 57.0
18:02:56,393  INFO main:401 - Indice: 57
18:02:56,393  INFO main:402 - Generacion: 0
18:02:56,393  INFO main:403 - Rechazados: 0
18:02:56,393  INFO main:413 - Individuo Solucion: {45,22,40,7,13,8,10,2,12,20,5,21,6,29,25,41,9,28,4,14,23,17,34,15,3,1,32,43,27,16,48,19,30,18,11,24,26,37,31,33,0,42,44,49,38,35,47,39,46,36}

18:02:56,393  INFO main:414 - *****************************************************
18:02:56,613  INFO main:399 - ****************Corrida 22 ************************
18:02:56,613  INFO main:400 - Fitness solucion: 57.0
18:02:56,613  INFO main:401 - Indice: 58
18:02:56,613  INFO main:402 - Generacion: 0
18:02:56,614  INFO main:403 - Rechazados: 0
18:02:56,614  INFO main:413 - Individuo Solucion: {14,23,30,3,48,11,29,15,35,4,26,43,8,36,0,20,27,47,28,9,37,18,40,34,25,24,49,38,19,10,32,13,22,21,16,5,46,2,17,7,45,31,6,1,33,44,39,42,12,41}

18:02:56,614  INFO main:414 - *****************************************************
18:02:56,836  INFO main:399 - ****************Corrida 23 ************************
18:02:56,836  INFO main:400 - Fitness solucion: 57.0
18:02:56,836  INFO main:401 - Indice: 58
18:02:56,836  INFO main:402 - Generacion: 0
18:02:56,837  INFO main:403 - Rechazados: 0
18:02:56,837  INFO main:413 - Individuo Solucion: {44,31,35,1,5,9,8,26,46,38,42,16,4,48,21,20,10,6,49,36,12,29,13,0,47,3,41,37,39,30,11,7,25,17,34,32,19,45,33,2,28,23,24,15,27,18,40,22,14,43}

18:02:56,837  INFO main:414 - *****************************************************
18:02:57,056  INFO main:399 - ****************Corrida 24 ************************
18:02:57,057  INFO main:400 - Fitness solucion: 57.0
18:02:57,057  INFO main:401 - Indice: 57
18:02:57,057  INFO main:402 - Generacion: 0
18:02:57,057  INFO main:403 - Rechazados: 0
18:02:57,057  INFO main:413 - Individuo Solucion: {32,35,6,7,47,3,26,8,34,12,16,42,17,43,11,41,37,23,21,36,28,4,9,33,18,39,0,40,46,2,31,19,20,38,49,10,45,15,1,5,27,14,13,44,24,25,29,22,30,48}

18:02:57,057  INFO main:414 - *****************************************************
18:02:57,276  INFO main:399 - ****************Corrida 25 ************************
18:02:57,277  INFO main:400 - Fitness solucion: 57.0
18:02:57,277  INFO main:401 - Indice: 59
18:02:57,277  INFO main:402 - Generacion: 0
18:02:57,277  INFO main:403 - Rechazados: 0
18:02:57,277  INFO main:413 - Individuo Solucion: {29,0,4,39,3,9,47,45,14,1,13,27,23,34,26,8,22,33,12,37,46,41,31,2,35,7,32,5,20,25,48,6,10,16,17,21,24,40,30,28,11,38,43,19,18,44,15,36,49,42}

18:02:57,277  INFO main:414 - *****************************************************
18:02:57,496  INFO main:399 - ****************Corrida 26 ************************
18:02:57,497  INFO main:400 - Fitness solucion: 57.0
18:02:57,497  INFO main:401 - Indice: 57
18:02:57,497  INFO main:402 - Generacion: 0
18:02:57,497  INFO main:403 - Rechazados: 0
18:02:57,497  INFO main:413 - Individuo Solucion: {28,49,42,40,12,10,4,15,23,18,22,1,44,9,29,38,47,26,13,19,24,11,3,43,33,0,45,32,2,8,27,25,16,7,37,6,14,5,17,30,34,21,39,20,35,41,31,36,46,48}

18:02:57,497  INFO main:414 - *****************************************************
18:02:57,718  INFO main:399 - ****************Corrida 27 ************************
18:02:57,718  INFO main:400 - Fitness solucion: 57.0
18:02:57,718  INFO main:401 - Indice: 61
18:02:57,718  INFO main:402 - Generacion: 0
18:02:57,718  INFO main:403 - Rechazados: 0
18:02:57,718  INFO main:413 - Individuo Solucion: {4,41,42,7,5,8,37,6,18,19,43,3,14,26,39,29,45,1,49,27,16,32,40,21,33,47,10,2,23,44,24,9,15,35,34,13,0,30,25,36,28,12,17,20,48,38,31,22,46,11}

18:02:57,718  INFO main:414 - *****************************************************
18:02:57,937  INFO main:399 - ****************Corrida 28 ************************
18:02:57,938  INFO main:400 - Fitness solucion: 57.0
18:02:57,938  INFO main:401 - Indice: 58
18:02:57,938  INFO main:402 - Generacion: 0
18:02:57,938  INFO main:403 - Rechazados: 0
18:02:57,938  INFO main:413 - Individuo Solucion: {29,47,3,38,2,16,13,7,39,11,8,37,42,26,33,18,36,40,20,10,44,25,9,15,21,48,19,5,27,46,22,0,43,34,12,30,24,4,6,32,23,35,28,31,17,45,49,1,41,14}

18:02:57,938  INFO main:414 - *****************************************************
18:02:58,159  INFO main:399 - ****************Corrida 29 ************************
18:02:58,159  INFO main:400 - Fitness solucion: 57.0
18:02:58,159  INFO main:401 - Indice: 58
18:02:58,159  INFO main:402 - Generacion: 0
18:02:58,159  INFO main:403 - Rechazados: 0
18:02:58,159  INFO main:413 - Individuo Solucion: {35,25,5,46,1,10,39,9,40,19,45,30,36,34,38,11,17,49,8,12,28,13,2,42,48,47,0,41,20,3,23,22,6,15,21,26,24,31,14,33,29,37,7,32,4,18,27,43,16,44}

18:02:58,159  INFO main:414 - *****************************************************
18:02:58,159  INFO main:416 - Tiempo AGP: 245
18:02:58,160  INFO main:418 - Promedio Final: 57
18:02:58,160  INFO main:420 - Promedio Generaciones: 0
18:02:58,160  INFO main:422 - *****************Resultados********************
18:02:58,160  INFO main:424 - result: 57.0
18:02:58,160  INFO main:424 - result: 57.0
18:02:58,160  INFO main:424 - result: 57.0
18:02:58,160  INFO main:424 - result: 57.0
18:02:58,160  INFO main:424 - result: 57.0
18:02:58,160  INFO main:424 - result: 57.0
18:02:58,160  INFO main:424 - result: 57.0
18:02:58,160  INFO main:424 - result: 57.0
18:02:58,160  INFO main:424 - result: 57.0
18:02:58,160  INFO main:424 - result: 57.0
18:02:58,161  INFO main:424 - result: 57.0
18:02:58,161  INFO main:424 - result: 57.0
18:02:58,161  INFO main:424 - result: 57.0
18:02:58,161  INFO main:424 - result: 57.0
18:02:58,161  INFO main:424 - result: 57.0
18:02:58,161  INFO main:424 - result: 57.0
18:02:58,161  INFO main:424 - result: 57.0
18:02:58,161  INFO main:424 - result: 57.0
18:02:58,161  INFO main:424 - result: 57.0
18:02:58,161  INFO main:424 - result: 57.0
18:02:58,161  INFO main:424 - result: 57.0
18:02:58,161  INFO main:424 - result: 57.0
18:02:58,161  INFO main:424 - result: 57.0
18:02:58,161  INFO main:424 - result: 57.0
18:02:58,162  INFO main:424 - result: 57.0
18:02:58,162  INFO main:424 - result: 57.0
18:02:58,162  INFO main:424 - result: 57.0
18:02:58,162  INFO main:424 - result: 57.0
18:02:58,162  INFO main:424 - result: 57.0
18:02:58,162  INFO main:424 - result: 57.0
18:02:58,162  INFO main:426 - *****************Generaciones********************
18:02:58,162  INFO main:428 - Generacion: 0
18:02:58,162  INFO main:428 - Generacion: 0
18:02:58,162  INFO main:428 - Generacion: 0
18:02:58,162  INFO main:428 - Generacion: 0
18:02:58,162  INFO main:428 - Generacion: 0
18:02:58,162  INFO main:428 - Generacion: 0
18:02:58,163  INFO main:428 - Generacion: 0
18:02:58,163  INFO main:428 - Generacion: 0
18:02:58,163  INFO main:428 - Generacion: 0
18:02:58,163  INFO main:428 - Generacion: 0
18:02:58,163  INFO main:428 - Generacion: 0
18:02:58,163  INFO main:428 - Generacion: 0
18:02:58,163  INFO main:428 - Generacion: 0
18:02:58,163  INFO main:428 - Generacion: 0
18:02:58,163  INFO main:428 - Generacion: 0
18:02:58,163  INFO main:428 - Generacion: 0
18:02:58,163  INFO main:428 - Generacion: 0
18:02:58,163  INFO main:428 - Generacion: 0
18:02:58,163  INFO main:428 - Generacion: 0
18:02:58,163  INFO main:428 - Generacion: 0
18:02:58,163  INFO main:428 - Generacion: 0
18:02:58,164  INFO main:428 - Generacion: 0
18:02:58,164  INFO main:428 - Generacion: 0
18:02:58,164  INFO main:428 - Generacion: 0
18:02:58,164  INFO main:428 - Generacion: 0
18:02:58,164  INFO main:428 - Generacion: 0
18:02:58,164  INFO main:428 - Generacion: 0
18:02:58,164  INFO main:428 - Generacion: 0
18:02:58,164  INFO main:428 - Generacion: 0
18:02:58,164  INFO main:428 - Generacion: 0
