19:34:41,170  INFO main:168 - Logueando
19:37:55,570  INFO main:300 - Tiempo PreCalculo: 194396
19:37:55,571  INFO main:387 - ****************AG PERMUTACION****************
19:37:58,027  INFO main:401 - ****************Corrida 0 ************************
19:37:58,028  INFO main:402 - Fitness solucion: 43.0
19:37:58,028  INFO main:403 - Indice: 48
19:37:58,028  INFO main:404 - Generacion: 0
19:37:58,029  INFO main:405 - Rechazados: 8
19:37:58,029  INFO main:417 - Individuo Solucion: {96,4,65,62,2,10,22,74,32,68,77,60,58,23,27,88,85,19,42,72,93,0,94,73,38,21,12,31,43,91,51,52,34,56,50,99,1,46,33,64,44,40,80,61,7,6,47,13,59,54,48,5,9,63,28,90,29,39,87,8,92,86,25,71,41,3,69,37,79,81,35,66,15,20,76,67,45,97,57,55,82,84,26,49,16,24,18,14,11,89,30,70,95,78,75,98,36,83,17,53}

19:37:58,029  INFO main:418 - *****************************************************
19:37:58,905  INFO main:401 - ****************Corrida 1 ************************
19:37:58,905  INFO main:402 - Fitness solucion: 42.0
19:37:58,906  INFO main:403 - Indice: 47
19:37:58,906  INFO main:404 - Generacion: 3
19:37:58,906  INFO main:405 - Rechazados: 8
19:37:58,907  INFO main:417 - Individuo Solucion: {77,21,44,4,24,66,7,79,16,73,19,11,42,0,22,25,34,5,86,55,72,20,8,62,48,39,67,82,81,10,94,51,68,61,41,64,18,32,88,37,2,65,43,6,59,29,1,28,90,49,36,71,69,56,26,95,78,87,3,98,17,45,38,99,30,80,93,12,33,85,15,75,60,76,27,52,84,57,9,97,58,47,13,96,92,23,50,31,83,53,46,89,54,40,70,91,63,35,74,14}

19:37:58,907  INFO main:418 - *****************************************************
19:37:59,664  INFO main:401 - ****************Corrida 2 ************************
19:37:59,664  INFO main:402 - Fitness solucion: 43.0
19:37:59,664  INFO main:403 - Indice: 49
19:37:59,664  INFO main:404 - Generacion: 1
19:37:59,665  INFO main:405 - Rechazados: 9
19:37:59,665  INFO main:417 - Individuo Solucion: {83,7,44,15,62,74,0,55,80,20,87,10,2,30,53,3,37,18,70,25,89,1,27,48,28,76,94,51,64,93,78,34,96,5,50,79,54,8,43,26,88,33,17,41,67,13,36,19,81,29,72,60,32,24,40,57,47,91,11,86,22,97,59,23,99,4,52,56,66,63,21,61,85,49,6,95,68,9,58,16,14,65,92,77,31,98,42,90,38,45,69,75,35,39,71,46,73,82,84,12}

19:37:59,665  INFO main:418 - *****************************************************
19:38:00,212  INFO main:401 - ****************Corrida 3 ************************
19:38:00,213  INFO main:402 - Fitness solucion: 42.0
19:38:00,213  INFO main:403 - Indice: 48
19:38:00,213  INFO main:404 - Generacion: 0
19:38:00,213  INFO main:405 - Rechazados: 9
19:38:00,213  INFO main:417 - Individuo Solucion: {0,34,7,27,23,92,81,97,2,10,72,61,21,36,89,26,76,56,70,3,42,83,9,31,59,33,49,88,90,64,51,86,52,14,30,20,99,15,12,98,91,29,39,37,35,43,85,44,38,1,57,82,6,80,87,69,93,22,79,63,74,17,62,45,4,75,54,8,19,25,71,66,78,53,41,77,94,46,16,48,58,24,95,84,18,67,40,5,60,50,11,13,47,68,73,96,55,28,32,65}

19:38:00,214  INFO main:418 - *****************************************************
19:38:00,693  INFO main:401 - ****************Corrida 4 ************************
19:38:00,694  INFO main:402 - Fitness solucion: 42.0
19:38:00,694  INFO main:403 - Indice: 48
19:38:00,695  INFO main:404 - Generacion: 1
19:38:00,695  INFO main:405 - Rechazados: 8
19:38:00,695  INFO main:417 - Individuo Solucion: {29,83,89,17,26,9,28,77,44,6,27,20,39,95,69,19,3,80,8,24,32,45,68,7,42,36,90,78,92,37,74,50,94,22,64,70,11,61,84,98,59,35,43,48,99,18,85,60,23,79,82,71,63,62,13,10,38,72,58,12,97,67,49,91,46,53,65,47,75,73,66,34,40,25,1,57,21,54,93,87,30,55,86,41,33,88,51,5,2,15,81,56,4,52,14,31,16,96,76,0}

19:38:00,696  INFO main:418 - *****************************************************
19:38:01,648  INFO main:401 - ****************Corrida 5 ************************
19:38:01,648  INFO main:402 - Fitness solucion: 42.0
19:38:01,649  INFO main:403 - Indice: 49
19:38:01,649  INFO main:404 - Generacion: 7
19:38:01,649  INFO main:405 - Rechazados: 8
19:38:01,650  INFO main:417 - Individuo Solucion: {7,15,36,0,6,83,51,34,61,72,29,31,42,40,96,12,19,25,77,32,35,11,22,55,3,56,76,46,87,90,33,9,8,73,41,39,45,95,2,91,71,1,64,81,58,74,93,4,60,13,69,82,26,88,17,79,38,75,24,43,50,44,62,48,99,85,28,21,52,10,14,70,57,68,18,97,53,63,92,86,94,66,65,47,23,30,78,20,37,59,49,98,27,5,67,16,89,84,54,80}

19:38:01,650  INFO main:418 - *****************************************************
19:38:02,646  INFO main:401 - ****************Corrida 6 ************************
19:38:02,647  INFO main:402 - Fitness solucion: 43.0
19:38:02,647  INFO main:403 - Indice: 48
19:38:02,647  INFO main:404 - Generacion: 0
19:38:02,655  INFO main:405 - Rechazados: 9
19:38:02,656  INFO main:417 - Individuo Solucion: {4,44,11,98,58,95,38,13,35,76,0,60,81,19,46,5,20,28,14,80,74,6,34,70,92,94,10,1,8,49,2,64,93,68,40,87,50,31,39,66,27,30,73,75,54,52,18,42,43,17,91,48,63,83,45,85,16,55,29,25,65,57,15,96,3,72,21,22,36,7,51,67,56,33,26,37,97,69,12,24,90,62,71,61,53,77,78,59,41,79,99,9,86,82,47,23,89,32,88,84}

19:38:02,656  INFO main:418 - *****************************************************
19:38:03,530  INFO main:401 - ****************Corrida 7 ************************
19:38:03,530  INFO main:402 - Fitness solucion: 43.0
19:38:03,531  INFO main:403 - Indice: 49
19:38:03,531  INFO main:404 - Generacion: 0
19:38:03,531  INFO main:405 - Rechazados: 7
19:38:03,532  INFO main:417 - Individuo Solucion: {38,95,66,35,72,78,18,21,77,16,14,32,27,76,2,91,13,12,44,11,10,99,9,25,68,33,17,70,50,3,59,80,22,43,0,5,40,64,94,57,8,96,83,45,15,54,71,97,86,82,88,61,29,63,69,79,55,1,7,67,42,90,62,52,19,60,81,75,26,93,73,41,87,48,6,49,23,65,47,98,53,56,4,31,36,37,46,20,92,51,89,74,34,58,85,39,30,84,24,28}

19:38:03,533  INFO main:418 - *****************************************************
19:38:04,446  INFO main:401 - ****************Corrida 8 ************************
19:38:04,446  INFO main:402 - Fitness solucion: 43.0
19:38:04,446  INFO main:403 - Indice: 48
19:38:04,447  INFO main:404 - Generacion: 0
19:38:04,447  INFO main:405 - Rechazados: 8
19:38:04,447  INFO main:417 - Individuo Solucion: {93,90,4,10,67,54,0,83,9,92,25,28,13,39,91,2,32,66,1,12,17,14,68,41,27,26,34,80,96,95,21,30,88,20,52,78,5,55,77,15,62,82,87,43,61,18,53,7,37,50,74,98,22,73,35,69,23,72,46,58,8,64,29,85,42,38,6,60,47,63,44,36,65,59,70,71,3,48,57,31,40,79,76,75,49,56,97,84,81,11,51,19,86,89,33,24,94,16,45,99}

19:38:04,448  INFO main:418 - *****************************************************
19:38:05,203  INFO main:401 - ****************Corrida 9 ************************
19:38:05,204  INFO main:402 - Fitness solucion: 43.0
19:38:05,204  INFO main:403 - Indice: 47
19:38:05,204  INFO main:404 - Generacion: 1
19:38:05,205  INFO main:405 - Rechazados: 9
19:38:05,205  INFO main:417 - Individuo Solucion: {84,74,23,3,11,89,73,80,18,15,8,2,43,88,47,0,58,10,87,9,63,99,65,62,70,29,91,90,5,32,85,54,19,95,76,41,56,52,75,77,45,50,72,69,25,82,28,30,61,48,97,40,49,55,93,39,33,67,13,38,66,92,6,17,7,94,12,96,59,53,64,60,78,68,22,83,4,71,21,44,79,27,16,81,57,51,42,31,37,35,46,20,34,1,24,98,26,36,14,86}

19:38:05,205  INFO main:418 - *****************************************************
19:38:05,961  INFO main:401 - ****************Corrida 10 ************************
19:38:05,961  INFO main:402 - Fitness solucion: 43.0
19:38:05,962  INFO main:403 - Indice: 49
19:38:05,962  INFO main:404 - Generacion: 1
19:38:05,962  INFO main:405 - Rechazados: 8
19:38:05,962  INFO main:417 - Individuo Solucion: {61,15,8,90,13,32,78,79,2,97,83,44,88,20,35,86,75,38,82,81,57,84,6,85,28,72,22,59,25,42,54,43,99,94,98,18,16,11,68,7,45,60,93,89,1,19,56,65,26,74,80,55,14,52,17,62,95,3,33,4,29,46,63,73,58,24,27,36,96,30,31,64,39,48,76,51,10,71,69,50,9,12,67,77,70,5,40,47,23,92,37,41,87,53,66,49,34,0,91,21}

19:38:05,963  INFO main:418 - *****************************************************
19:38:06,535  INFO main:401 - ****************Corrida 11 ************************
19:38:06,536  INFO main:402 - Fitness solucion: 42.0
19:38:06,536  INFO main:403 - Indice: 46
19:38:06,536  INFO main:404 - Generacion: 7
19:38:06,536  INFO main:405 - Rechazados: 8
19:38:06,537  INFO main:417 - Individuo Solucion: {90,18,31,63,13,92,83,93,72,65,81,60,25,85,71,61,50,89,86,15,8,49,74,68,67,59,84,20,94,30,45,37,48,22,95,0,5,4,26,11,53,79,52,54,41,75,69,2,28,9,39,97,24,56,43,3,29,51,77,32,17,40,58,73,33,14,7,21,80,23,82,76,19,78,44,96,38,57,64,42,27,34,16,88,62,66,35,47,10,99,91,12,98,36,70,87,46,1,55,6}

19:38:06,537  INFO main:418 - *****************************************************
19:38:07,091  INFO main:401 - ****************Corrida 12 ************************
19:38:07,092  INFO main:402 - Fitness solucion: 43.0
19:38:07,092  INFO main:403 - Indice: 48
19:38:07,092  INFO main:404 - Generacion: 1
19:38:07,092  INFO main:405 - Rechazados: 8
19:38:07,093  INFO main:417 - Individuo Solucion: {41,72,76,97,6,7,49,11,19,84,10,77,58,74,28,85,8,55,57,98,4,92,5,1,67,26,15,0,81,2,42,71,9,17,89,39,83,37,59,79,50,91,78,61,87,12,82,54,18,35,65,40,29,51,95,93,60,53,22,24,96,88,31,99,75,14,62,47,69,21,3,16,44,46,86,68,23,63,66,20,48,45,73,90,34,33,64,43,27,13,30,56,32,25,94,80,38,52,70,36}

19:38:07,093  INFO main:418 - *****************************************************
19:38:07,644  INFO main:401 - ****************Corrida 13 ************************
19:38:07,644  INFO main:402 - Fitness solucion: 42.0
19:38:07,644  INFO main:403 - Indice: 48
19:38:07,645  INFO main:404 - Generacion: 6
19:38:07,645  INFO main:405 - Rechazados: 8
19:38:07,645  INFO main:417 - Individuo Solucion: {72,24,76,44,99,30,49,70,19,68,87,91,4,84,32,3,90,54,85,27,46,78,20,50,62,86,34,0,57,16,21,96,95,8,22,38,1,28,67,75,53,58,35,31,18,82,15,83,40,41,94,55,73,10,2,25,45,39,43,11,60,81,47,64,48,51,66,52,79,74,77,88,93,26,56,13,6,69,92,89,97,42,9,23,12,36,14,59,65,63,37,7,61,29,80,71,33,5,98,17}

19:38:07,645  INFO main:418 - *****************************************************
19:38:08,308  INFO main:401 - ****************Corrida 14 ************************
19:38:08,309  INFO main:402 - Fitness solucion: 43.0
19:38:08,309  INFO main:403 - Indice: 48
19:38:08,309  INFO main:404 - Generacion: 0
19:38:08,310  INFO main:405 - Rechazados: 7
19:38:08,310  INFO main:417 - Individuo Solucion: {0,68,5,70,18,6,53,2,98,63,96,7,40,24,89,20,71,11,66,82,62,21,10,36,13,78,8,38,43,26,22,86,81,15,51,69,93,27,41,74,39,33,77,65,19,17,4,3,1,50,67,57,34,23,30,61,55,92,94,28,32,59,60,72,95,48,49,31,90,80,44,9,79,47,16,37,75,12,56,46,64,76,42,91,54,14,58,25,88,73,35,85,29,87,99,84,45,97,52,83}

19:38:08,311  INFO main:418 - *****************************************************
19:38:09,261  INFO main:401 - ****************Corrida 15 ************************
19:38:09,261  INFO main:402 - Fitness solucion: 43.0
19:38:09,262  INFO main:403 - Indice: 48
19:38:09,262  INFO main:404 - Generacion: 3
19:38:09,262  INFO main:405 - Rechazados: 11
19:38:09,263  INFO main:417 - Individuo Solucion: {83,52,2,7,30,50,40,78,20,84,32,38,41,99,55,28,57,82,71,15,59,81,17,3,21,5,22,76,6,98,87,26,27,4,42,68,43,47,49,24,73,44,45,48,11,31,90,93,23,19,65,66,88,39,95,9,13,12,54,80,94,75,91,25,34,96,36,8,56,79,37,92,62,58,85,33,10,70,74,63,64,53,16,51,89,97,35,29,67,18,61,0,1,86,72,14,46,60,69,77}

19:38:09,263  INFO main:418 - *****************************************************
19:38:10,142  INFO main:401 - ****************Corrida 16 ************************
19:38:10,143  INFO main:402 - Fitness solucion: 43.0
19:38:10,143  INFO main:403 - Indice: 49
19:38:10,144  INFO main:404 - Generacion: 1
19:38:10,144  INFO main:405 - Rechazados: 8
19:38:10,144  INFO main:417 - Individuo Solucion: {0,91,60,24,19,82,1,56,13,92,10,8,45,6,55,46,79,22,95,15,94,40,77,25,54,58,76,43,68,7,34,70,41,18,65,61,57,73,86,35,78,71,67,37,96,49,50,14,51,39,90,64,47,2,29,17,36,44,9,75,30,87,98,83,53,80,72,84,66,63,16,93,88,42,27,59,85,31,11,32,81,62,69,33,48,74,38,21,26,97,4,20,23,52,28,99,12,5,3,89}

19:38:10,145  INFO main:418 - *****************************************************
19:38:10,891  INFO main:401 - ****************Corrida 17 ************************
19:38:10,892  INFO main:402 - Fitness solucion: 42.0
19:38:10,892  INFO main:403 - Indice: 49
19:38:10,892  INFO main:404 - Generacion: 3
19:38:10,893  INFO main:405 - Rechazados: 7
19:38:10,893  INFO main:417 - Individuo Solucion: {95,0,25,94,57,78,86,37,31,69,98,66,34,40,1,10,19,58,17,9,32,63,82,87,77,62,93,71,21,46,22,56,72,4,38,42,27,15,68,41,2,96,79,13,61,30,67,52,24,20,90,29,16,59,84,50,47,26,83,6,54,51,35,92,11,76,99,97,43,75,70,18,65,7,81,45,74,12,33,36,28,85,14,8,49,3,53,44,55,80,39,60,91,88,64,23,5,48,89,73}

19:38:10,894  INFO main:418 - *****************************************************
19:38:11,811  INFO main:401 - ****************Corrida 18 ************************
19:38:11,812  INFO main:402 - Fitness solucion: 42.0
19:38:11,812  INFO main:403 - Indice: 49
19:38:11,812  INFO main:404 - Generacion: 1
19:38:11,813  INFO main:405 - Rechazados: 7
19:38:11,813  INFO main:417 - Individuo Solucion: {90,0,43,17,3,50,46,85,28,32,18,5,11,34,88,31,9,25,44,38,55,13,72,41,52,23,36,8,27,40,77,1,94,2,7,95,15,4,91,83,62,87,97,19,69,75,84,20,48,33,39,64,80,54,35,24,66,93,59,70,49,37,61,68,10,74,29,42,71,58,67,16,57,81,47,63,53,98,26,21,45,79,65,73,82,22,76,99,96,60,6,89,56,92,14,51,78,12,86,30}

19:38:11,813  INFO main:418 - *****************************************************
19:38:12,769  INFO main:401 - ****************Corrida 19 ************************
19:38:12,770  INFO main:402 - Fitness solucion: 42.0
19:38:12,770  INFO main:403 - Indice: 48
19:38:12,771  INFO main:404 - Generacion: 1
19:38:12,771  INFO main:405 - Rechazados: 8
19:38:12,772  INFO main:417 - Individuo Solucion: {17,40,81,98,95,45,11,24,13,28,42,60,75,49,62,87,35,65,18,15,85,39,5,2,99,67,94,63,31,82,83,27,93,12,32,6,3,1,97,48,10,46,33,58,50,25,19,91,80,23,96,76,21,64,84,72,61,36,52,30,70,47,68,66,57,55,22,38,59,56,43,53,4,74,90,88,34,79,89,51,69,14,20,73,37,92,54,71,0,77,16,26,41,44,8,86,9,78,29,7}

19:38:12,772  INFO main:418 - *****************************************************
19:38:13,793  INFO main:401 - ****************Corrida 20 ************************
19:38:13,793  INFO main:402 - Fitness solucion: 43.0
19:38:13,794  INFO main:403 - Indice: 48
19:38:13,794  INFO main:404 - Generacion: 1
19:38:13,795  INFO main:405 - Rechazados: 9
19:38:13,795  INFO main:417 - Individuo Solucion: {14,85,34,59,49,30,9,90,15,24,8,51,95,29,17,77,73,40,6,43,69,28,7,83,21,27,80,38,31,39,1,12,86,13,2,23,5,81,52,91,57,50,16,0,4,48,26,61,79,96,22,78,60,58,67,36,72,68,65,88,76,41,10,66,99,53,89,44,87,94,93,98,35,70,75,92,32,42,54,56,37,97,18,63,82,47,3,55,33,25,11,46,64,74,19,20,45,84,62,71}

19:38:13,796  INFO main:418 - *****************************************************
19:38:14,709  INFO main:401 - ****************Corrida 21 ************************
19:38:14,709  INFO main:402 - Fitness solucion: 43.0
19:38:14,710  INFO main:403 - Indice: 49
19:38:14,710  INFO main:404 - Generacion: 0
19:38:14,711  INFO main:405 - Rechazados: 8
19:38:14,711  INFO main:417 - Individuo Solucion: {2,10,69,56,0,79,32,1,67,89,17,5,24,22,74,91,27,7,57,11,66,36,6,31,41,39,98,87,50,23,64,37,15,59,13,9,34,94,81,18,35,33,99,70,68,52,90,48,25,26,14,44,76,3,65,21,60,62,95,47,80,20,78,51,96,85,16,63,73,72,42,92,84,53,45,61,28,71,40,83,4,12,55,49,82,38,86,58,77,30,29,97,8,75,43,88,46,54,93,19}

19:38:14,711  INFO main:418 - *****************************************************
19:38:15,496  INFO main:401 - ****************Corrida 22 ************************
19:38:15,497  INFO main:402 - Fitness solucion: 42.0
19:38:15,497  INFO main:403 - Indice: 48
19:38:15,497  INFO main:404 - Generacion: 1
19:38:15,497  INFO main:405 - Rechazados: 7
19:38:15,498  INFO main:417 - Individuo Solucion: {69,11,98,9,29,76,28,60,0,6,94,36,39,8,2,12,30,63,51,22,19,26,7,86,25,83,38,84,3,59,41,5,67,44,78,49,99,15,70,4,33,21,90,73,20,16,1,27,65,66,91,68,40,57,46,71,80,92,82,34,32,75,48,53,81,87,89,37,47,45,93,18,97,64,35,72,17,31,56,85,42,55,14,95,24,54,58,10,23,74,52,88,62,77,79,50,61,43,13,96}

19:38:15,498  INFO main:418 - *****************************************************
19:38:16,273  INFO main:401 - ****************Corrida 23 ************************
19:38:16,274  INFO main:402 - Fitness solucion: 43.0
19:38:16,274  INFO main:403 - Indice: 48
19:38:16,275  INFO main:404 - Generacion: 1
19:38:16,275  INFO main:405 - Rechazados: 6
19:38:16,276  INFO main:417 - Individuo Solucion: {89,21,23,9,3,87,53,62,43,55,57,20,96,17,4,59,31,32,44,79,78,37,10,82,65,68,0,85,73,93,88,34,51,83,7,81,66,15,28,71,40,38,33,13,80,5,61,39,27,18,56,22,26,84,2,86,24,41,1,99,67,35,12,98,74,30,19,45,91,64,60,50,49,69,52,16,92,6,70,97,29,72,48,58,46,76,47,14,94,77,11,63,75,54,90,25,95,36,42,8}

19:38:16,276  INFO main:418 - *****************************************************
19:38:17,050  INFO main:401 - ****************Corrida 24 ************************
19:38:17,050  INFO main:402 - Fitness solucion: 41.0
19:38:17,051  INFO main:403 - Indice: 49
19:38:17,051  INFO main:404 - Generacion: 1
19:38:17,051  INFO main:405 - Rechazados: 9
19:38:17,051  INFO main:417 - Individuo Solucion: {2,1,42,91,96,83,63,87,3,13,15,86,19,26,49,30,44,12,24,36,7,77,97,5,89,74,80,48,56,40,78,57,68,10,65,6,92,51,55,11,41,99,90,28,52,62,50,9,79,64,18,98,20,31,69,81,66,93,85,53,16,0,82,59,39,72,84,76,35,46,67,71,75,17,37,60,32,27,43,21,25,4,94,54,8,29,23,38,33,22,47,34,88,73,14,58,61,95,70,45}

19:38:17,052  INFO main:418 - *****************************************************
19:38:17,819  INFO main:401 - ****************Corrida 25 ************************
19:38:17,819  INFO main:402 - Fitness solucion: 42.0
19:38:17,820  INFO main:403 - Indice: 49
19:38:17,820  INFO main:404 - Generacion: 1
19:38:17,821  INFO main:405 - Rechazados: 8
19:38:17,821  INFO main:417 - Individuo Solucion: {7,60,11,0,9,73,55,80,16,18,39,93,22,87,2,24,31,8,5,94,76,44,35,71,20,66,70,25,58,78,84,52,79,3,28,1,17,90,30,6,98,33,41,34,59,45,56,72,57,54,29,21,67,92,91,63,37,42,13,68,36,74,27,65,23,95,4,49,50,32,48,46,83,53,47,75,12,62,10,14,96,64,82,86,19,61,77,99,40,97,69,26,43,88,51,89,81,38,15,85}

19:38:17,821  INFO main:418 - *****************************************************
19:38:18,611  INFO main:401 - ****************Corrida 26 ************************
19:38:18,612  INFO main:402 - Fitness solucion: 43.0
19:38:18,612  INFO main:403 - Indice: 49
19:38:18,612  INFO main:404 - Generacion: 0
19:38:18,613  INFO main:405 - Rechazados: 8
19:38:18,613  INFO main:417 - Individuo Solucion: {6,0,61,65,7,17,84,12,18,20,24,76,26,45,36,31,22,9,85,87,28,3,10,1,44,67,99,19,35,23,25,72,34,57,32,30,83,42,41,88,68,63,96,80,50,86,51,98,55,14,29,71,93,8,74,43,40,52,62,46,59,56,49,66,13,82,97,95,75,58,54,15,77,4,33,81,69,47,60,89,78,38,79,2,53,16,90,73,92,5,27,21,11,48,39,37,70,91,94,64}

19:38:18,613  INFO main:418 - *****************************************************
19:38:19,344  INFO main:401 - ****************Corrida 27 ************************
19:38:19,345  INFO main:402 - Fitness solucion: 43.0
19:38:19,345  INFO main:403 - Indice: 47
19:38:19,345  INFO main:404 - Generacion: 6
19:38:19,346  INFO main:405 - Rechazados: 9
19:38:19,346  INFO main:417 - Individuo Solucion: {91,92,72,26,45,50,32,47,9,15,12,64,30,2,88,34,78,8,31,18,17,61,3,11,69,38,76,77,94,1,43,87,86,81,85,73,60,5,65,52,44,20,83,24,28,74,21,13,99,84,57,42,22,51,48,4,29,71,56,46,79,14,89,54,23,39,97,37,35,33,53,82,96,58,55,95,49,75,27,40,66,68,41,25,10,67,62,6,70,63,59,19,93,98,80,0,36,7,16,90}

19:38:19,347  INFO main:418 - *****************************************************
19:38:20,127  INFO main:401 - ****************Corrida 28 ************************
19:38:20,127  INFO main:402 - Fitness solucion: 41.0
19:38:20,128  INFO main:403 - Indice: 47
19:38:20,128  INFO main:404 - Generacion: 0
19:38:20,128  INFO main:405 - Rechazados: 12
19:38:20,128  INFO main:417 - Individuo Solucion: {3,9,34,87,97,10,5,80,90,96,19,6,24,82,93,15,26,74,8,17,25,22,70,20,58,28,52,49,44,7,94,21,53,31,50,23,98,86,39,27,30,35,56,46,54,45,72,43,69,41,33,0,42,2,55,32,60,12,38,65,51,85,36,76,18,66,83,47,79,71,67,95,62,1,68,81,92,11,77,88,99,91,57,14,59,75,37,13,78,40,61,63,48,29,89,16,64,4,73,84}

19:38:20,129  INFO main:418 - *****************************************************
19:38:20,870  INFO main:401 - ****************Corrida 29 ************************
19:38:20,870  INFO main:402 - Fitness solucion: 43.0
19:38:20,871  INFO main:403 - Indice: 47
19:38:20,871  INFO main:404 - Generacion: 0
19:38:20,871  INFO main:405 - Rechazados: 9
19:38:20,871  INFO main:417 - Individuo Solucion: {3,8,5,9,20,13,23,71,99,26,17,72,30,14,91,84,35,4,66,29,34,25,21,90,50,33,74,18,7,40,39,57,82,32,97,42,55,43,36,0,56,60,49,62,51,24,6,41,96,48,31,61,11,98,27,78,86,83,19,10,65,38,70,22,88,77,63,54,69,68,52,2,85,53,67,46,44,93,47,73,80,79,87,64,45,89,59,58,75,94,28,1,92,81,76,15,12,16,95,37}

19:38:20,872  INFO main:418 - *****************************************************
19:38:20,872  INFO main:420 - Tiempo AGP: 840
19:38:20,872  INFO main:422 - Promedio Final: 42
19:38:20,872  INFO main:424 - Promedio Generaciones: 0
19:38:20,873  INFO main:427 - Promedio Rechazos: 8
19:38:20,873  INFO main:430 - Promedio Defragmentacion: 1.7383333333333335
19:38:20,873  INFO main:432 - *****************Resultados********************
19:38:20,874  INFO main:434 - result: 43.0
19:38:20,874  INFO main:434 - result: 42.0
19:38:20,874  INFO main:434 - result: 43.0
19:38:20,874  INFO main:434 - result: 42.0
19:38:20,875  INFO main:434 - result: 42.0
19:38:20,875  INFO main:434 - result: 42.0
19:38:20,875  INFO main:434 - result: 43.0
19:38:20,876  INFO main:434 - result: 43.0
19:38:20,876  INFO main:434 - result: 43.0
19:38:20,876  INFO main:434 - result: 43.0
19:38:20,877  INFO main:434 - result: 43.0
19:38:20,877  INFO main:434 - result: 42.0
19:38:20,878  INFO main:434 - result: 43.0
19:38:20,878  INFO main:434 - result: 42.0
19:38:20,878  INFO main:434 - result: 43.0
19:38:20,878  INFO main:434 - result: 43.0
19:38:20,879  INFO main:434 - result: 43.0
19:38:20,879  INFO main:434 - result: 42.0
19:38:20,880  INFO main:434 - result: 42.0
19:38:20,880  INFO main:434 - result: 42.0
19:38:20,880  INFO main:434 - result: 43.0
19:38:20,880  INFO main:434 - result: 43.0
19:38:20,881  INFO main:434 - result: 42.0
19:38:20,881  INFO main:434 - result: 43.0
19:38:20,881  INFO main:434 - result: 41.0
19:38:20,882  INFO main:434 - result: 42.0
19:38:20,882  INFO main:434 - result: 43.0
19:38:20,882  INFO main:434 - result: 43.0
19:38:20,882  INFO main:434 - result: 41.0
19:38:20,883  INFO main:434 - result: 43.0
19:38:20,883  INFO main:436 - *****************Generaciones********************
19:38:20,883  INFO main:438 - Generacion: 0
19:38:20,883  INFO main:438 - Generacion: 0
19:38:20,884  INFO main:438 - Generacion: 0
19:38:20,884  INFO main:438 - Generacion: 0
19:38:20,884  INFO main:438 - Generacion: 0
19:38:20,884  INFO main:438 - Generacion: 0
19:38:20,885  INFO main:438 - Generacion: 0
19:38:20,885  INFO main:438 - Generacion: 0
19:38:20,885  INFO main:438 - Generacion: 0
19:38:20,885  INFO main:438 - Generacion: 0
19:38:20,886  INFO main:438 - Generacion: 0
19:38:20,886  INFO main:438 - Generacion: 0
19:38:20,886  INFO main:438 - Generacion: 0
19:38:20,886  INFO main:438 - Generacion: 0
19:38:20,887  INFO main:438 - Generacion: 0
19:38:20,887  INFO main:438 - Generacion: 0
19:38:20,887  INFO main:438 - Generacion: 0
19:38:20,887  INFO main:438 - Generacion: 0
19:38:20,887  INFO main:438 - Generacion: 0
19:38:20,888  INFO main:438 - Generacion: 0
19:38:20,888  INFO main:438 - Generacion: 0
19:38:20,888  INFO main:438 - Generacion: 0
19:38:20,888  INFO main:438 - Generacion: 0
19:38:20,888  INFO main:438 - Generacion: 0
19:38:20,889  INFO main:438 - Generacion: 0
19:38:20,889  INFO main:438 - Generacion: 0
19:38:20,889  INFO main:438 - Generacion: 0
19:38:20,889  INFO main:438 - Generacion: 0
19:38:20,890  INFO main:438 - Generacion: 0
19:38:20,890  INFO main:438 - Generacion: 0
