17:43:04,893  INFO main:168 - Logueando
17:44:18,143  INFO main:300 - Tiempo PreCalculo: 73248
17:44:18,143  INFO main:387 - ****************AG PERMUTACION****************
17:44:20,064  INFO main:399 - ****************Corrida 0 ************************
17:44:20,064  INFO main:400 - Fitness solucion: 120.0
17:44:20,064  INFO main:401 - Indice: 129
17:44:20,064  INFO main:402 - Generacion: 0
17:44:20,064  INFO main:403 - Rechazados: 0
17:44:20,065  INFO main:413 - Individuo Solucion: {129,149,67,214,16,37,196,35,195,236,20,163,243,230,12,180,55,60,9,152,58,193,46,141,72,114,23,11,155,130,227,44,162,13,201,154,107,33,131,215,156,173,4,56,32,74,216,246,222,147,87,59,186,66,213,225,205,77,82,235,94,110,83,151,15,71,188,245,99,167,40,5,10,100,139,19,178,88,8,105,39,136,93,75,209,122,27,143,231,50,106,51,247,138,140,211,133,146,80,24,96,26,208,116,53,160,102,0,238,199,36,200,121,112,79,113,68,134,76,18,69,150,78,221,7,84,202,128,153,25,29,223,240,164,145,169,170,97,248,28,103,142,63,224,135,70,175,132,91,52,234,194,207,232,217,123,226,183,124,86,1,117,65,203,198,206,43,161,22,182,159,41,90,38,54,210,104,127,244,233,197,176,181,98,30,171,31,45,64,61,185,204,101,57,157,49,158,137,111,92,148,239,172,192,81,191,2,120,95,21,189,3,187,179,17,34,174,190,241,144,73,85,218,48,126,125,249,62,109,115,219,212,177,14,42,165,242,166,119,89,220,47,6,108,168,229,184,228,237,118}

17:44:20,065  INFO main:414 - *****************************************************
17:44:21,320  INFO main:399 - ****************Corrida 1 ************************
17:44:21,320  INFO main:400 - Fitness solucion: 120.0
17:44:21,321  INFO main:401 - Indice: 123
17:44:21,321  INFO main:402 - Generacion: 0
17:44:21,321  INFO main:403 - Rechazados: 0
17:44:21,321  INFO main:413 - Individuo Solucion: {211,142,15,217,120,19,13,205,245,210,14,123,24,44,34,52,92,208,48,62,246,1,49,136,5,162,53,223,225,21,140,57,63,202,31,40,138,157,229,198,64,247,197,118,242,178,218,109,6,23,146,151,188,8,234,193,187,99,227,54,56,66,42,47,27,143,22,46,181,240,28,132,84,69,59,200,70,174,2,179,134,71,4,222,73,100,30,51,117,78,102,41,7,119,165,128,110,206,79,81,89,243,50,214,103,194,101,161,38,130,139,170,111,220,80,150,65,184,93,86,87,116,83,113,43,232,189,235,153,148,133,125,97,182,168,37,20,104,96,190,141,10,201,249,61,112,94,164,121,72,152,91,149,0,17,233,12,137,215,127,169,82,192,9,212,68,124,16,60,186,95,228,207,18,85,39,55,129,90,98,155,88,159,196,33,156,177,114,204,135,32,185,26,180,158,241,172,216,167,105,175,126,107,154,11,219,237,171,3,122,173,160,106,25,221,224,29,199,239,238,144,244,131,75,36,45,145,191,74,226,76,248,183,108,209,147,231,35,195,203,213,230,58,77,166,67,163,236,115,176}

17:44:21,321  INFO main:414 - *****************************************************
17:44:22,548  INFO main:399 - ****************Corrida 2 ************************
17:44:22,549  INFO main:400 - Fitness solucion: 120.0
17:44:22,549  INFO main:401 - Indice: 130
17:44:22,549  INFO main:402 - Generacion: 0
17:44:22,549  INFO main:403 - Rechazados: 0
17:44:22,549  INFO main:413 - Individuo Solucion: {5,52,111,215,209,24,4,36,7,17,130,147,53,173,198,99,8,138,187,232,11,226,65,37,243,131,112,1,27,143,148,139,83,62,94,214,249,212,221,248,20,181,67,18,217,13,235,245,89,237,146,188,77,193,240,225,157,41,42,189,129,50,12,234,142,227,6,56,97,202,75,19,213,63,22,32,156,14,82,140,51,206,107,200,119,104,15,106,92,35,134,93,123,180,44,86,46,114,196,90,25,45,81,137,117,211,101,141,246,3,108,10,29,110,105,231,160,222,59,132,170,120,49,57,34,109,163,128,38,169,203,135,127,199,80,78,64,192,223,33,158,84,68,58,185,228,98,220,113,191,40,167,71,133,197,54,74,162,219,126,175,118,184,242,239,210,179,236,72,16,96,177,178,201,28,166,2,87,122,116,95,124,204,153,205,100,229,88,76,0,30,172,144,247,207,47,103,9,168,152,43,155,73,241,121,21,60,85,91,218,150,233,176,23,151,115,136,48,55,174,164,70,186,102,161,61,31,230,26,208,216,145,190,182,79,165,154,224,183,149,195,238,159,194,39,69,125,171,244,66}

17:44:22,549  INFO main:414 - *****************************************************
17:44:23,777  INFO main:399 - ****************Corrida 3 ************************
17:44:23,778  INFO main:400 - Fitness solucion: 120.0
17:44:23,778  INFO main:401 - Indice: 126
17:44:23,778  INFO main:402 - Generacion: 0
17:44:23,778  INFO main:403 - Rechazados: 0
17:44:23,778  INFO main:413 - Individuo Solucion: {144,188,7,182,170,244,34,219,161,123,216,213,247,17,33,13,25,100,1,39,239,125,249,48,88,9,59,94,86,35,38,19,31,98,6,52,226,231,187,4,8,23,67,207,24,92,172,84,191,204,115,55,30,21,165,16,2,51,133,180,81,227,176,126,36,220,201,196,66,218,95,47,37,32,101,22,79,40,20,102,248,192,72,166,27,169,168,238,229,208,62,63,223,83,157,186,195,46,12,200,124,215,60,234,90,127,177,68,99,106,58,14,153,158,128,235,225,121,148,108,143,18,174,75,103,224,150,139,5,171,43,156,193,159,178,154,56,203,73,82,243,190,42,233,45,116,119,54,230,69,110,211,77,109,145,135,114,134,175,112,151,240,189,210,194,97,50,152,117,107,122,197,236,155,71,132,199,179,228,136,87,53,29,141,130,111,49,245,184,74,142,93,15,118,120,41,173,160,232,137,91,198,64,11,105,3,206,131,70,181,246,57,85,65,149,162,138,164,113,237,80,28,212,10,44,147,163,214,129,241,140,242,78,89,183,0,104,61,76,185,167,26,146,96,209,202,221,222,217,205}

17:44:23,779  INFO main:414 - *****************************************************
17:44:25,012  INFO main:399 - ****************Corrida 4 ************************
17:44:25,012  INFO main:400 - Fitness solucion: 120.0
17:44:25,012  INFO main:401 - Indice: 124
17:44:25,013  INFO main:402 - Generacion: 0
17:44:25,013  INFO main:403 - Rechazados: 0
17:44:25,013  INFO main:413 - Individuo Solucion: {1,0,242,137,14,161,126,204,110,23,195,176,13,172,20,50,138,34,112,235,60,76,238,86,247,221,70,149,33,210,241,25,83,113,219,37,234,206,154,38,49,30,5,41,68,19,39,145,91,140,98,55,101,46,24,119,229,97,232,87,95,11,184,71,209,142,74,177,201,153,29,2,244,166,118,32,47,120,131,134,61,139,198,114,147,77,73,115,48,53,28,233,188,8,179,65,155,123,27,9,62,3,59,135,205,203,146,183,44,127,168,84,66,157,162,128,36,18,190,133,78,108,31,159,105,122,90,174,6,214,151,175,51,224,125,213,249,102,144,40,93,89,150,136,10,160,186,63,45,85,17,103,57,197,4,222,99,243,88,130,171,143,35,178,158,192,80,237,170,217,164,227,189,124,141,228,7,81,106,231,245,167,230,109,58,246,173,42,56,212,107,111,165,200,132,169,116,104,79,92,129,199,193,180,72,226,152,100,15,185,240,236,43,163,96,69,239,194,207,225,182,196,156,148,181,191,121,22,215,216,67,211,94,64,21,117,223,208,187,26,82,16,202,248,218,52,75,220,12,54}

17:44:25,013  INFO main:414 - *****************************************************
17:44:26,255  INFO main:399 - ****************Corrida 5 ************************
17:44:26,255  INFO main:400 - Fitness solucion: 120.0
17:44:26,255  INFO main:401 - Indice: 126
17:44:26,255  INFO main:402 - Generacion: 0
17:44:26,255  INFO main:403 - Rechazados: 0
17:44:26,256  INFO main:413 - Individuo Solucion: {23,33,199,201,50,245,198,3,37,176,160,6,226,57,7,18,49,45,61,242,189,228,184,233,197,39,11,25,28,86,107,204,153,27,13,235,247,26,43,56,145,76,111,17,158,177,55,182,22,40,63,58,105,124,35,104,146,48,60,44,62,246,24,231,101,223,234,243,237,171,156,1,97,96,116,66,73,32,200,143,67,126,137,129,10,157,136,19,38,46,21,236,54,59,84,185,110,75,16,216,119,230,80,98,181,79,249,53,20,89,162,215,109,212,214,0,4,122,190,128,169,149,113,141,140,52,51,139,68,41,8,147,102,108,5,206,134,77,95,154,72,193,163,2,9,30,132,91,83,179,65,195,225,130,168,207,93,144,92,165,161,47,69,87,213,78,15,238,121,34,131,172,120,100,241,155,187,196,159,194,42,210,135,222,167,208,151,192,175,99,94,229,71,188,82,186,227,125,170,203,209,191,224,183,148,70,138,173,232,114,164,180,123,202,90,244,127,64,220,133,152,85,81,166,178,31,142,239,106,88,36,211,219,150,112,217,14,115,240,29,248,103,12,174,218,118,74,117,205,221}

17:44:26,256  INFO main:414 - *****************************************************
17:44:27,473  INFO main:399 - ****************Corrida 6 ************************
17:44:27,474  INFO main:400 - Fitness solucion: 120.0
17:44:27,474  INFO main:401 - Indice: 121
17:44:27,474  INFO main:402 - Generacion: 0
17:44:27,476  INFO main:403 - Rechazados: 0
17:44:27,476  INFO main:413 - Individuo Solucion: {2,89,97,9,224,12,60,16,138,221,148,110,103,6,154,10,32,26,193,30,226,235,164,0,81,207,169,36,216,47,56,115,200,19,202,100,194,39,173,28,27,57,197,141,77,121,50,63,78,14,8,98,247,83,236,3,54,85,5,131,72,99,35,93,195,4,244,191,199,218,15,68,123,234,104,65,105,31,74,91,37,86,232,201,124,45,137,213,120,52,20,24,143,70,134,42,51,21,225,177,237,84,192,127,162,161,249,112,150,95,53,136,75,171,212,44,58,238,146,163,22,46,157,88,71,80,34,180,239,129,139,7,94,82,130,108,243,61,219,210,246,128,170,168,156,153,38,11,119,245,181,48,175,209,140,183,188,13,240,18,126,25,29,122,101,107,92,144,220,172,111,135,190,227,66,55,242,145,87,106,102,204,152,67,151,185,206,186,1,214,215,182,59,248,116,96,23,189,166,118,167,223,133,40,196,109,49,33,149,211,90,228,231,79,62,160,73,76,69,114,174,125,165,179,230,147,132,117,176,229,205,41,184,43,64,113,222,198,208,159,178,217,241,17,142,203,155,187,233,158}

17:44:27,477  INFO main:414 - *****************************************************
17:44:28,738  INFO main:399 - ****************Corrida 7 ************************
17:44:28,739  INFO main:400 - Fitness solucion: 120.0
17:44:28,739  INFO main:401 - Indice: 131
17:44:28,739  INFO main:402 - Generacion: 0
17:44:28,739  INFO main:403 - Rechazados: 0
17:44:28,739  INFO main:413 - Individuo Solucion: {194,11,196,105,2,15,39,86,17,25,27,36,9,138,16,171,237,30,154,64,170,69,72,150,140,220,88,209,82,38,174,141,142,76,70,13,7,84,108,20,230,199,55,160,211,107,100,212,42,101,114,145,176,54,240,78,187,197,41,99,195,87,45,18,40,173,1,121,3,169,125,243,66,102,52,222,206,228,29,35,73,123,112,239,28,148,241,81,115,124,46,156,37,132,91,218,214,80,85,135,89,155,147,126,93,224,50,110,48,79,21,249,130,60,136,151,120,61,5,49,97,223,104,63,109,215,103,225,180,10,137,131,188,193,179,245,47,75,34,232,208,246,33,158,143,161,98,58,94,62,233,122,172,24,71,77,186,134,129,165,168,157,178,0,210,117,53,118,113,44,242,201,198,57,133,96,191,74,4,244,153,111,14,164,177,190,163,144,202,235,26,31,207,8,67,162,182,68,149,106,236,127,217,205,192,59,226,189,139,185,221,227,119,247,213,234,83,22,166,6,181,184,92,32,128,248,116,19,65,200,23,204,238,229,175,146,216,159,51,203,152,231,219,167,90,183,12,43,95,56}

17:44:28,739  INFO main:414 - *****************************************************
17:44:29,963  INFO main:399 - ****************Corrida 8 ************************
17:44:29,964  INFO main:400 - Fitness solucion: 120.0
17:44:29,964  INFO main:401 - Indice: 124
17:44:29,964  INFO main:402 - Generacion: 0
17:44:29,964  INFO main:403 - Rechazados: 0
17:44:29,964  INFO main:413 - Individuo Solucion: {188,43,3,9,189,39,75,113,148,52,33,246,165,48,61,102,51,177,119,10,2,30,49,42,135,14,205,71,242,169,149,143,220,97,47,23,180,156,201,4,22,187,15,194,1,13,153,238,243,147,108,24,58,66,19,134,101,81,181,126,166,79,154,235,67,118,27,245,182,94,78,216,96,26,133,206,183,210,167,41,25,72,55,124,185,198,244,12,7,21,69,84,115,85,248,130,0,6,223,90,20,11,110,56,40,28,95,193,122,37,120,145,73,121,204,161,111,247,233,68,112,191,116,114,89,76,107,77,209,184,142,171,36,213,86,62,172,144,231,129,34,232,57,150,54,155,18,31,178,46,163,83,221,164,141,208,104,140,132,125,105,152,91,17,190,214,217,212,230,229,197,8,227,228,200,98,50,117,88,203,137,35,218,170,202,123,239,16,158,176,5,45,63,29,82,59,215,222,100,196,159,151,249,199,44,87,174,80,103,207,211,136,236,139,128,99,106,168,173,241,138,64,234,109,38,146,60,224,179,93,186,65,225,162,160,175,32,131,74,53,192,70,92,219,240,157,127,195,237,226}

17:44:29,964  INFO main:414 - *****************************************************
17:44:31,203  INFO main:399 - ****************Corrida 9 ************************
17:44:31,203  INFO main:400 - Fitness solucion: 120.0
17:44:31,204  INFO main:401 - Indice: 128
17:44:31,204  INFO main:402 - Generacion: 0
17:44:31,204  INFO main:403 - Rechazados: 0
17:44:31,204  INFO main:413 - Individuo Solucion: {227,2,187,177,145,147,18,58,12,9,244,182,117,20,158,192,17,237,39,38,104,126,240,185,44,140,37,218,155,48,246,55,29,125,98,49,78,85,72,235,74,173,132,249,53,76,151,3,23,225,243,86,221,31,242,11,36,230,215,196,10,188,164,89,122,46,88,200,13,165,107,238,210,41,130,172,66,212,120,91,106,191,59,21,45,14,233,247,115,180,50,19,43,206,54,35,239,30,52,231,5,60,1,7,84,116,65,168,128,93,57,181,148,154,26,189,133,190,103,47,167,134,245,161,136,67,142,8,33,42,80,75,114,71,144,146,70,156,149,135,129,97,138,32,113,99,241,68,82,166,179,0,213,228,159,234,195,175,178,64,118,131,77,6,220,62,34,229,186,152,199,95,226,121,73,224,22,69,87,162,96,119,183,170,110,25,150,143,198,109,123,176,157,16,214,203,61,174,111,204,222,94,102,28,27,141,63,205,219,137,124,56,51,83,15,153,171,105,100,90,201,163,209,169,108,193,139,208,160,40,4,81,216,194,112,217,211,101,184,24,232,248,127,223,207,79,236,197,202,92}

17:44:31,204  INFO main:414 - *****************************************************
17:44:32,430  INFO main:399 - ****************Corrida 10 ************************
17:44:32,431  INFO main:400 - Fitness solucion: 120.0
17:44:32,431  INFO main:401 - Indice: 123
17:44:32,431  INFO main:402 - Generacion: 0
17:44:32,431  INFO main:403 - Rechazados: 0
17:44:32,431  INFO main:413 - Individuo Solucion: {57,25,117,221,2,1,111,14,32,75,110,135,126,106,7,3,237,37,211,73,29,192,246,79,190,27,13,169,45,207,209,59,61,30,20,28,60,4,212,89,228,242,229,69,0,11,244,140,195,201,54,48,108,42,199,150,238,161,41,162,23,68,243,98,131,26,39,97,21,86,109,33,96,18,133,206,219,116,80,34,180,43,213,197,82,115,74,8,173,16,100,145,194,90,236,248,49,234,56,24,137,52,130,146,181,123,70,122,71,160,179,51,53,225,235,40,172,72,129,9,220,6,112,226,175,203,121,85,12,189,153,50,81,188,67,163,233,76,113,102,223,128,83,91,240,17,208,186,151,77,185,178,114,103,231,127,84,65,125,101,168,191,92,166,147,31,144,247,241,187,132,134,105,142,193,155,165,230,152,217,149,205,5,183,159,38,214,78,224,167,200,15,154,99,58,138,107,182,136,139,164,204,47,227,120,215,143,63,218,157,44,239,118,156,198,184,22,249,222,10,171,36,202,95,62,141,87,66,245,176,119,64,35,55,170,148,216,93,46,104,88,158,210,94,174,232,196,177,19,124}

17:44:32,431  INFO main:414 - *****************************************************
17:44:33,661  INFO main:399 - ****************Corrida 11 ************************
17:44:33,662  INFO main:400 - Fitness solucion: 120.0
17:44:33,662  INFO main:401 - Indice: 123
17:44:33,662  INFO main:402 - Generacion: 0
17:44:33,662  INFO main:403 - Rechazados: 0
17:44:33,662  INFO main:413 - Individuo Solucion: {181,210,108,17,239,105,0,30,118,45,237,5,152,184,187,49,7,134,191,67,6,242,39,75,23,54,222,91,249,154,65,223,199,48,56,44,72,31,43,143,13,129,178,74,53,25,159,10,64,52,185,47,162,77,95,33,41,234,11,58,84,166,150,40,93,233,232,175,12,87,35,20,229,215,32,190,167,179,171,70,50,225,109,92,188,55,155,62,97,165,204,37,1,122,119,170,100,79,115,36,94,128,82,113,110,2,207,138,213,145,22,219,203,216,164,198,211,214,241,8,4,120,76,101,140,217,235,3,99,127,28,212,130,141,73,24,247,18,236,15,104,200,135,69,248,146,14,240,81,78,42,85,111,169,245,231,57,238,137,176,160,88,136,125,46,27,192,9,139,158,156,98,112,174,21,34,173,124,71,133,66,123,29,180,221,103,116,224,186,80,220,149,63,161,195,117,132,107,206,68,208,38,163,157,197,114,246,193,16,189,183,153,147,26,51,243,230,106,59,89,177,126,201,168,196,148,142,102,228,182,86,209,121,226,172,83,131,205,218,96,90,194,227,151,61,60,144,202,244,19}

17:44:33,662  INFO main:414 - *****************************************************
17:44:34,883  INFO main:399 - ****************Corrida 12 ************************
17:44:34,883  INFO main:400 - Fitness solucion: 120.0
17:44:34,883  INFO main:401 - Indice: 124
17:44:34,883  INFO main:402 - Generacion: 0
17:44:34,884  INFO main:403 - Rechazados: 0
17:44:34,884  INFO main:413 - Individuo Solucion: {13,220,23,24,29,198,42,46,11,223,57,208,9,21,245,91,25,193,135,0,239,211,88,174,5,200,51,93,19,7,180,49,215,31,204,44,195,16,28,82,216,15,45,3,148,227,231,98,33,34,69,212,89,157,182,17,64,244,18,131,241,209,111,154,78,242,115,1,86,40,37,47,75,66,62,194,124,14,175,27,163,73,106,60,142,141,114,50,136,133,77,116,232,176,138,20,143,71,134,67,119,248,72,160,144,102,188,213,30,87,151,76,80,94,58,166,243,2,127,107,153,48,117,164,161,95,178,104,225,68,228,214,81,90,70,65,52,191,100,22,92,101,167,162,201,177,35,122,192,123,130,147,128,121,105,169,126,56,41,150,171,125,172,168,85,173,249,236,202,4,190,26,109,96,145,199,108,38,246,240,83,99,218,170,12,207,110,184,189,55,137,205,210,186,84,132,139,159,152,36,233,103,140,63,39,165,224,197,61,32,79,158,10,196,149,179,247,237,222,59,118,43,235,226,217,97,146,185,129,74,221,6,230,181,229,183,156,234,155,219,53,112,120,203,54,238,206,113,187,8}

17:44:34,884  INFO main:414 - *****************************************************
17:44:36,132  INFO main:399 - ****************Corrida 13 ************************
17:44:36,132  INFO main:400 - Fitness solucion: 120.0
17:44:36,132  INFO main:401 - Indice: 123
17:44:36,132  INFO main:402 - Generacion: 0
17:44:36,133  INFO main:403 - Rechazados: 0
17:44:36,133  INFO main:413 - Individuo Solucion: {4,16,239,197,12,240,235,175,99,128,31,217,22,167,57,38,48,115,5,40,15,76,180,207,60,222,221,51,37,7,122,47,142,14,182,244,53,143,215,11,170,86,225,234,190,194,105,148,140,0,21,146,59,159,245,19,42,139,18,209,24,192,97,32,98,219,242,230,10,77,3,231,226,23,202,189,54,73,95,89,243,203,206,20,91,138,145,84,94,110,70,74,85,66,8,171,34,44,121,30,107,131,195,134,81,63,124,191,116,55,101,75,166,49,92,184,196,199,212,111,56,186,109,45,108,248,35,33,216,27,46,188,211,117,246,125,185,72,114,177,78,82,228,90,9,205,150,88,58,178,93,13,169,181,104,39,80,130,164,174,112,25,6,155,168,17,62,118,213,129,136,220,41,158,43,144,126,193,160,50,249,218,201,183,237,64,241,71,26,149,247,100,161,152,232,61,29,87,123,65,214,67,96,223,198,187,135,1,163,162,208,141,154,156,147,120,227,176,106,229,165,224,204,173,210,102,236,36,157,233,79,133,83,179,119,113,137,52,172,132,238,69,127,153,2,200,28,103,151,68}

17:44:36,133  INFO main:414 - *****************************************************
17:44:37,400  INFO main:399 - ****************Corrida 14 ************************
17:44:37,400  INFO main:400 - Fitness solucion: 120.0
17:44:37,400  INFO main:401 - Indice: 126
17:44:37,400  INFO main:402 - Generacion: 0
17:44:37,400  INFO main:403 - Rechazados: 0
17:44:37,401  INFO main:413 - Individuo Solucion: {107,71,3,79,18,228,6,245,51,23,170,48,232,94,25,31,213,47,202,9,131,11,70,188,12,132,135,198,66,130,92,229,53,39,155,187,52,57,236,21,15,180,33,83,82,234,123,59,58,98,207,152,208,42,16,231,139,239,153,191,217,22,13,174,246,44,206,242,158,238,78,209,63,32,36,7,221,73,61,121,219,171,194,220,148,244,149,182,147,127,27,5,204,222,150,29,113,88,154,118,237,49,68,241,112,97,20,75,100,2,137,76,142,93,193,46,50,225,134,102,197,189,129,26,41,235,163,151,4,86,119,64,65,101,114,72,67,156,141,74,55,106,184,62,40,120,166,54,109,115,179,69,85,230,136,37,218,30,126,160,145,80,124,87,199,211,175,215,227,105,169,45,117,138,28,196,84,224,34,212,216,195,19,249,43,116,172,89,56,164,214,183,243,35,161,226,247,99,168,144,167,181,201,10,91,8,159,157,38,1,104,140,77,185,146,111,95,248,143,186,165,205,96,192,24,176,14,162,81,90,125,210,60,240,203,110,17,133,223,178,190,122,108,103,177,200,128,233,173,0}

17:44:37,401  INFO main:414 - *****************************************************
17:44:38,623  INFO main:399 - ****************Corrida 15 ************************
17:44:38,623  INFO main:400 - Fitness solucion: 120.0
17:44:38,623  INFO main:401 - Indice: 123
17:44:38,623  INFO main:402 - Generacion: 0
17:44:38,623  INFO main:403 - Rechazados: 0
17:44:38,624  INFO main:413 - Individuo Solucion: {112,4,246,23,2,217,47,46,180,44,249,20,236,68,22,21,214,15,77,25,62,123,129,192,124,144,208,29,75,242,175,186,7,237,19,199,83,174,11,43,38,14,30,155,45,39,211,94,164,245,85,198,63,121,206,191,200,8,84,18,96,37,207,106,170,52,99,173,78,151,72,57,190,34,66,95,86,79,9,81,12,26,226,202,230,189,220,58,101,248,67,49,82,138,118,114,108,53,150,117,111,238,234,87,3,122,65,178,159,232,107,28,149,90,185,132,244,50,33,216,140,147,130,212,135,193,41,61,172,141,16,218,100,139,195,194,131,204,126,177,88,91,188,64,69,17,102,97,168,31,181,127,71,74,209,235,137,171,113,80,145,35,13,116,219,231,6,42,165,154,120,233,142,92,76,89,201,105,158,134,1,205,247,24,203,152,183,73,104,241,32,56,169,166,176,243,70,5,125,48,240,133,40,215,55,153,197,143,223,156,136,196,182,210,184,93,229,161,115,167,227,110,213,222,225,98,239,54,51,221,109,160,162,59,60,0,103,128,187,228,146,157,36,119,148,163,179,10,27,224}

17:44:38,624  INFO main:414 - *****************************************************
17:44:39,847  INFO main:399 - ****************Corrida 16 ************************
17:44:39,847  INFO main:400 - Fitness solucion: 120.0
17:44:39,847  INFO main:401 - Indice: 123
17:44:39,847  INFO main:402 - Generacion: 0
17:44:39,847  INFO main:403 - Rechazados: 0
17:44:39,847  INFO main:413 - Individuo Solucion: {28,14,138,112,233,223,206,81,249,29,8,4,229,27,61,164,234,26,166,79,60,209,174,125,66,169,52,35,230,213,141,245,99,47,69,39,50,243,198,235,3,200,48,132,1,7,13,51,204,78,217,68,84,54,110,167,12,2,75,180,211,133,56,92,45,24,44,95,105,74,18,101,214,218,15,140,178,17,19,104,197,240,65,130,128,90,154,191,93,83,136,119,31,163,98,49,33,157,59,23,146,40,137,34,226,150,185,225,107,117,184,148,172,135,86,55,129,89,221,215,195,116,151,120,232,103,207,62,175,115,118,114,237,123,199,5,113,109,126,77,149,88,30,70,208,85,165,246,108,247,80,222,122,124,155,181,201,111,239,153,32,97,159,46,236,64,22,143,100,156,144,219,71,106,41,139,145,179,238,203,53,160,57,171,158,73,63,162,244,152,241,187,170,36,131,91,87,161,173,212,196,242,177,193,25,176,142,11,21,182,186,72,216,58,37,9,6,183,205,231,188,210,121,192,134,20,194,248,202,82,96,228,0,168,16,227,189,10,38,43,127,42,147,94,102,190,67,220,224,76}

17:44:39,847  INFO main:414 - *****************************************************
17:44:41,077  INFO main:399 - ****************Corrida 17 ************************
17:44:41,077  INFO main:400 - Fitness solucion: 120.0
17:44:41,077  INFO main:401 - Indice: 122
17:44:41,077  INFO main:402 - Generacion: 0
17:44:41,077  INFO main:403 - Rechazados: 0
17:44:41,077  INFO main:413 - Individuo Solucion: {0,73,41,229,143,146,177,173,2,21,32,19,169,8,31,16,26,212,234,48,33,238,132,53,34,11,64,213,163,38,152,37,119,5,84,46,86,159,123,4,193,55,130,221,67,74,126,60,185,20,56,129,61,79,35,226,200,189,80,90,54,140,164,227,106,148,40,9,36,51,141,88,30,83,135,14,150,42,113,39,75,138,121,247,108,230,131,28,222,99,17,87,205,167,117,128,115,24,44,242,50,181,78,224,100,118,153,85,178,195,13,127,190,217,145,25,23,89,134,96,10,29,218,112,142,188,158,52,219,170,62,120,246,93,45,151,109,49,168,175,207,174,98,18,237,102,47,184,6,203,165,179,105,160,154,187,155,157,172,68,58,72,82,147,101,15,149,243,245,70,176,216,223,111,215,65,27,66,186,206,69,183,133,124,244,161,180,1,192,191,214,241,63,197,171,114,59,210,116,240,248,92,201,204,122,7,239,43,162,211,97,107,236,137,22,95,198,249,225,199,110,91,232,104,57,209,156,136,202,12,235,228,125,81,103,194,77,220,71,94,166,139,231,208,3,233,144,182,196,76}

17:44:41,078  INFO main:414 - *****************************************************
17:44:42,309  INFO main:399 - ****************Corrida 18 ************************
17:44:42,309  INFO main:400 - Fitness solucion: 120.0
17:44:42,309  INFO main:401 - Indice: 129
17:44:42,309  INFO main:402 - Generacion: 0
17:44:42,309  INFO main:403 - Rechazados: 0
17:44:42,310  INFO main:413 - Individuo Solucion: {219,15,38,62,9,203,154,156,5,23,230,86,8,4,24,3,58,192,139,31,234,29,50,69,20,110,127,105,146,48,221,232,66,39,186,60,76,46,17,165,183,238,145,43,98,12,61,75,100,241,168,26,79,142,159,111,166,190,124,118,67,138,104,37,187,18,120,89,93,140,243,45,85,73,14,200,119,121,44,42,40,113,34,164,33,229,63,248,188,13,74,109,115,16,231,90,240,96,157,223,56,55,163,196,117,49,202,7,175,199,52,130,94,191,236,197,149,205,209,208,206,201,6,99,108,125,68,226,57,21,84,233,101,162,211,83,95,171,242,51,28,172,184,167,78,126,179,132,1,148,10,195,133,193,19,198,88,222,217,170,151,2,47,137,249,225,77,59,144,245,189,22,235,143,114,106,185,25,141,244,131,227,82,97,92,136,214,155,35,36,173,160,64,70,91,135,152,215,53,228,181,102,80,204,30,122,210,32,41,169,220,178,174,247,11,134,158,123,177,237,65,54,81,218,27,129,207,87,116,176,153,216,107,182,147,72,224,194,180,213,239,246,161,212,112,0,103,71,128,150}

17:44:42,310  INFO main:414 - *****************************************************
17:44:43,544  INFO main:399 - ****************Corrida 19 ************************
17:44:43,544  INFO main:400 - Fitness solucion: 120.0
17:44:43,544  INFO main:401 - Indice: 126
17:44:43,545  INFO main:402 - Generacion: 0
17:44:43,545  INFO main:403 - Rechazados: 0
17:44:43,545  INFO main:413 - Individuo Solucion: {10,176,69,220,239,166,12,83,7,162,149,21,134,47,142,196,61,217,206,62,131,137,49,110,25,43,79,46,147,248,183,119,33,29,17,104,92,23,38,195,91,101,31,67,136,109,68,141,22,111,20,139,9,229,234,30,6,100,54,167,13,50,63,133,244,98,123,117,153,129,128,216,247,151,81,5,8,26,48,112,71,90,127,40,215,86,95,211,11,132,66,52,96,103,16,125,28,87,140,124,160,18,230,60,116,205,2,77,78,107,15,161,0,238,175,55,179,169,44,122,94,108,198,204,102,152,165,121,182,145,106,146,143,39,189,97,219,226,154,188,231,181,163,224,27,197,185,158,246,171,70,14,51,36,209,57,138,199,135,24,194,3,187,172,45,157,212,155,4,93,232,241,243,208,120,118,184,76,99,113,237,221,200,88,34,144,218,32,170,105,192,235,213,190,115,82,84,174,89,193,19,180,191,73,37,72,148,202,1,65,41,223,58,210,186,164,227,245,177,130,64,240,207,222,178,156,228,42,159,114,59,150,35,249,85,80,56,74,173,242,75,53,214,203,201,126,233,225,236,168}

17:44:43,545  INFO main:414 - *****************************************************
17:44:44,768  INFO main:399 - ****************Corrida 20 ************************
17:44:44,769  INFO main:400 - Fitness solucion: 120.0
17:44:44,769  INFO main:401 - Indice: 126
17:44:44,769  INFO main:402 - Generacion: 0
17:44:44,769  INFO main:403 - Rechazados: 0
17:44:44,769  INFO main:413 - Individuo Solucion: {184,18,22,218,6,189,219,12,50,55,70,64,190,161,133,177,150,181,205,24,235,75,77,0,115,49,179,92,145,37,53,58,156,162,13,31,194,32,164,63,95,54,19,8,86,195,202,213,45,79,17,110,89,26,35,34,87,27,41,91,42,191,242,183,116,66,131,224,104,118,56,2,74,76,243,1,40,182,233,234,105,222,102,47,25,146,68,127,65,138,61,30,208,60,206,207,155,140,59,248,180,159,134,148,84,90,124,103,240,239,101,171,246,160,46,175,16,157,238,113,185,112,99,170,167,108,163,11,228,128,232,241,81,33,178,9,154,80,120,168,10,186,15,141,216,209,51,62,5,249,144,158,29,198,173,83,143,4,172,107,52,142,94,197,136,153,82,20,139,217,97,109,236,214,44,119,201,204,126,96,223,14,203,187,98,199,85,169,165,73,132,71,247,23,7,221,149,225,57,166,137,106,244,211,192,230,129,220,193,229,196,237,200,43,69,174,152,212,176,28,215,117,48,36,100,231,111,130,72,38,188,151,122,88,210,123,226,125,147,78,93,114,3,135,21,245,67,121,39,227}

17:44:44,769  INFO main:414 - *****************************************************
17:44:46,009  INFO main:399 - ****************Corrida 21 ************************
17:44:46,010  INFO main:400 - Fitness solucion: 120.0
17:44:46,010  INFO main:401 - Indice: 125
17:44:46,010  INFO main:402 - Generacion: 0
17:44:46,010  INFO main:403 - Rechazados: 0
17:44:46,010  INFO main:413 - Individuo Solucion: {212,82,6,2,229,101,1,0,152,141,12,249,14,175,222,61,41,94,34,9,179,122,5,11,36,243,214,8,56,51,53,19,71,125,191,55,4,35,172,215,224,45,111,97,42,90,200,28,60,25,76,39,38,145,10,151,235,50,132,219,87,44,59,72,168,30,147,20,58,78,203,77,109,105,225,232,57,130,115,247,104,165,128,49,24,43,140,54,112,15,47,64,75,126,73,174,176,23,239,241,208,134,80,156,197,91,113,83,139,213,171,108,245,29,92,124,52,138,85,166,70,167,164,131,37,99,169,127,40,183,248,86,184,135,154,81,74,173,192,158,22,119,161,33,136,196,17,218,240,102,227,62,7,150,79,234,170,118,18,69,32,137,66,181,16,68,106,116,233,182,178,194,107,123,67,211,160,246,205,117,190,238,100,198,26,163,187,98,48,159,84,185,228,162,195,189,210,221,144,201,65,220,177,149,216,157,193,209,217,155,146,188,180,13,103,199,207,121,204,202,31,63,46,206,133,120,88,237,223,114,226,153,186,231,110,142,230,3,93,89,244,95,236,242,148,21,27,143,129,96}

17:44:46,010  INFO main:414 - *****************************************************
17:44:47,235  INFO main:399 - ****************Corrida 22 ************************
17:44:47,235  INFO main:400 - Fitness solucion: 120.0
17:44:47,235  INFO main:401 - Indice: 129
17:44:47,235  INFO main:402 - Generacion: 0
17:44:47,235  INFO main:403 - Rechazados: 0
17:44:47,236  INFO main:413 - Individuo Solucion: {6,20,176,135,241,48,30,18,17,32,238,145,40,43,81,86,133,215,0,39,60,38,153,93,50,9,191,161,42,34,53,186,22,185,188,5,231,19,211,166,105,230,52,11,83,73,51,115,144,89,45,189,16,64,235,225,13,14,57,171,194,4,213,199,110,198,66,15,237,234,76,72,208,160,200,75,178,132,27,54,37,114,31,85,25,147,78,242,61,170,122,247,245,138,96,112,196,87,190,56,162,221,101,2,187,246,94,84,82,119,236,3,36,177,182,33,79,121,8,179,141,158,239,143,220,218,35,118,10,204,88,140,240,228,58,111,70,201,126,102,131,151,127,205,169,23,29,125,154,192,214,156,95,55,90,134,59,167,159,210,137,128,139,26,62,71,1,150,104,68,65,92,99,106,21,46,180,149,123,165,249,175,148,174,103,120,244,129,91,80,155,184,229,98,233,232,222,136,173,74,44,124,47,224,152,108,223,209,77,202,164,113,227,116,24,107,206,67,63,217,243,130,117,195,193,172,163,69,109,28,142,197,100,146,216,183,157,12,181,7,219,226,49,203,207,248,41,212,97,168}

17:44:47,236  INFO main:414 - *****************************************************
17:44:48,457  INFO main:399 - ****************Corrida 23 ************************
17:44:48,458  INFO main:400 - Fitness solucion: 120.0
17:44:48,458  INFO main:401 - Indice: 124
17:44:48,458  INFO main:402 - Generacion: 0
17:44:48,458  INFO main:403 - Rechazados: 0
17:44:48,458  INFO main:413 - Individuo Solucion: {19,2,73,1,7,4,246,206,6,119,192,11,241,69,197,53,29,56,12,173,64,201,219,181,208,65,25,128,187,58,51,238,61,70,79,144,199,81,145,93,10,42,37,95,200,28,234,27,184,134,101,146,84,107,24,232,98,110,113,47,89,225,82,108,34,41,8,243,154,80,54,214,86,210,57,118,22,111,176,189,168,138,91,247,235,66,117,182,170,123,125,15,185,143,33,135,169,121,133,5,39,198,32,222,178,3,97,160,230,0,127,147,188,220,193,152,155,40,165,156,59,174,153,14,96,204,87,106,48,71,216,102,16,44,30,158,115,215,74,224,13,52,38,196,45,94,72,60,85,104,151,124,9,105,183,103,83,242,140,75,67,163,36,49,120,223,136,46,248,43,21,78,114,229,77,177,122,137,203,171,159,166,209,20,218,62,99,129,150,139,231,233,195,190,23,213,161,112,130,63,212,202,237,90,226,100,17,207,194,167,175,92,141,180,221,249,149,35,76,162,227,142,68,18,228,26,240,116,131,205,211,164,179,172,31,245,236,157,50,132,55,88,186,244,217,126,109,191,239,148}

17:44:48,458  INFO main:414 - *****************************************************
17:44:49,683  INFO main:399 - ****************Corrida 24 ************************
17:44:49,684  INFO main:400 - Fitness solucion: 120.0
17:44:49,684  INFO main:401 - Indice: 121
17:44:49,684  INFO main:402 - Generacion: 0
17:44:49,684  INFO main:403 - Rechazados: 0
17:44:49,684  INFO main:413 - Individuo Solucion: {42,25,73,228,22,201,38,33,100,137,37,240,242,50,140,189,175,105,133,234,88,245,147,83,181,62,39,7,15,27,96,171,10,102,157,28,16,216,97,173,221,19,215,248,249,172,23,45,13,24,49,21,18,244,167,89,30,198,196,95,182,43,72,5,90,74,161,186,3,229,111,85,224,197,0,113,210,121,206,20,129,103,130,119,226,78,143,211,68,82,225,108,179,222,4,56,32,86,134,57,156,125,219,101,120,84,70,26,65,136,159,230,148,53,214,107,236,220,91,169,139,106,54,144,141,81,61,124,40,126,162,92,145,164,115,112,75,8,218,48,207,44,212,114,12,154,231,183,246,180,29,35,235,14,192,142,146,150,177,41,51,163,109,128,199,203,243,93,76,122,104,46,58,131,67,98,31,52,237,178,118,223,184,69,185,9,174,6,247,77,36,117,64,66,190,138,165,110,87,47,176,132,55,227,217,151,17,127,34,155,80,166,239,187,153,191,60,209,204,233,94,123,116,11,238,160,63,208,241,158,135,193,152,168,2,79,195,59,71,149,213,170,99,1,232,202,194,200,188,205}

17:44:49,684  INFO main:414 - *****************************************************
17:44:50,909  INFO main:399 - ****************Corrida 25 ************************
17:44:50,910  INFO main:400 - Fitness solucion: 120.0
17:44:50,910  INFO main:401 - Indice: 123
17:44:50,910  INFO main:402 - Generacion: 0
17:44:50,910  INFO main:403 - Rechazados: 0
17:44:50,910  INFO main:413 - Individuo Solucion: {4,226,5,19,102,30,181,8,76,28,146,16,206,124,29,41,47,133,54,163,227,61,48,70,142,0,249,82,72,224,32,188,246,117,27,55,217,176,12,63,164,39,241,53,13,106,183,87,233,212,71,65,185,242,154,35,101,51,100,93,75,228,52,202,179,248,58,130,104,84,105,31,92,24,129,213,85,11,116,56,147,127,69,190,237,205,80,135,125,215,207,62,158,74,128,161,149,138,155,78,122,137,88,119,91,232,60,50,211,160,218,112,17,170,3,42,18,97,157,86,235,23,144,219,204,182,166,96,1,36,152,64,90,171,83,131,120,99,94,143,9,199,178,14,40,45,230,79,114,243,187,37,43,150,244,109,223,231,115,148,22,173,121,141,110,236,159,222,240,33,107,177,132,95,140,194,7,172,67,108,203,73,209,2,15,156,169,195,201,216,145,165,192,118,168,200,21,49,184,229,153,175,193,25,139,180,6,103,38,98,10,34,239,44,113,134,234,26,191,247,162,245,59,225,111,210,221,123,167,66,57,196,174,81,198,151,214,68,89,238,77,46,20,126,220,197,208,189,186,136}

17:44:50,910  INFO main:414 - *****************************************************
17:44:52,140  INFO main:399 - ****************Corrida 26 ************************
17:44:52,140  INFO main:400 - Fitness solucion: 120.0
17:44:52,140  INFO main:401 - Indice: 129
17:44:52,140  INFO main:402 - Generacion: 0
17:44:52,140  INFO main:403 - Rechazados: 0
17:44:52,141  INFO main:413 - Individuo Solucion: {0,160,121,10,180,7,243,8,237,152,16,6,71,29,13,11,185,192,21,46,147,151,200,36,22,69,81,106,40,212,42,28,50,70,215,85,19,103,175,225,5,228,178,222,216,217,72,68,38,223,53,25,27,59,198,78,30,84,210,168,92,47,169,220,32,87,197,247,155,107,163,242,96,64,104,139,49,65,2,17,171,26,73,149,83,99,221,164,236,209,199,4,109,231,142,20,52,238,34,93,190,166,37,230,122,112,201,131,54,56,241,15,136,187,146,173,128,89,137,161,113,97,94,135,86,23,31,207,208,55,249,33,235,14,138,140,156,61,158,58,43,39,244,67,12,154,172,117,132,183,80,181,245,145,141,189,90,129,182,157,114,127,126,77,232,191,162,130,248,239,45,123,133,240,75,66,100,204,98,203,214,119,9,167,102,111,105,57,224,110,51,76,211,35,48,134,229,18,41,120,195,144,82,153,218,234,116,88,24,3,227,91,79,63,184,205,196,62,143,246,219,148,233,177,202,124,179,125,95,213,176,186,159,101,115,188,118,165,193,1,60,206,74,108,150,174,170,226,44,194}

17:44:52,141  INFO main:414 - *****************************************************
17:44:53,367  INFO main:399 - ****************Corrida 27 ************************
17:44:53,367  INFO main:400 - Fitness solucion: 120.0
17:44:53,367  INFO main:401 - Indice: 125
17:44:53,367  INFO main:402 - Generacion: 0
17:44:53,367  INFO main:403 - Rechazados: 0
17:44:53,368  INFO main:413 - Individuo Solucion: {221,159,5,200,185,4,11,21,116,27,86,2,212,148,110,36,154,31,45,7,38,6,39,68,145,230,156,28,211,177,66,67,24,49,94,225,248,231,9,247,186,10,32,91,56,35,241,90,151,126,103,219,118,135,93,237,197,3,64,227,16,104,1,84,175,62,220,52,41,236,223,13,22,59,183,29,216,82,72,112,101,171,161,33,119,226,138,65,222,174,181,15,95,89,19,143,208,187,178,140,63,8,53,98,133,55,121,125,217,48,51,44,249,141,164,142,207,34,79,58,235,61,47,42,149,87,80,26,12,102,210,246,99,113,50,163,191,30,157,203,57,0,147,176,18,131,189,165,169,128,162,14,100,83,127,132,60,172,229,25,155,243,209,194,139,160,184,74,215,190,206,153,43,107,182,144,122,196,199,244,238,97,214,205,168,20,92,70,130,40,173,195,76,152,136,179,78,240,198,124,245,117,188,73,75,201,85,111,77,37,228,23,146,134,129,202,108,170,192,232,158,242,115,204,167,96,137,54,218,150,180,69,166,234,106,239,81,123,193,17,105,120,46,71,109,213,88,224,233,114}

17:44:53,368  INFO main:414 - *****************************************************
17:44:54,598  INFO main:399 - ****************Corrida 28 ************************
17:44:54,598  INFO main:400 - Fitness solucion: 120.0
17:44:54,598  INFO main:401 - Indice: 123
17:44:54,598  INFO main:402 - Generacion: 0
17:44:54,598  INFO main:403 - Rechazados: 0
17:44:54,599  INFO main:413 - Individuo Solucion: {15,4,0,48,122,21,27,211,1,53,13,215,54,35,136,231,149,198,36,227,26,28,5,163,45,138,203,123,97,109,223,29,74,10,165,77,225,32,176,194,81,161,168,83,49,94,151,80,244,91,239,7,59,24,105,79,226,216,217,61,247,140,169,193,246,62,189,25,224,115,47,166,2,18,89,39,69,125,230,72,134,177,50,187,87,43,16,127,11,67,205,55,6,220,98,141,82,22,241,75,110,167,173,143,76,243,40,145,93,234,111,116,9,108,207,52,147,114,86,42,8,44,57,84,159,179,78,66,155,175,120,199,157,88,219,170,221,17,154,180,103,242,68,191,41,174,171,117,95,245,156,152,233,100,33,210,121,128,190,31,129,204,23,118,202,56,12,58,158,19,137,60,92,248,99,96,130,126,34,182,14,200,162,212,186,113,196,238,183,222,71,146,181,148,142,195,206,139,3,208,112,107,232,184,249,240,237,235,90,185,63,51,85,172,46,218,104,209,38,135,153,131,65,20,30,124,228,133,150,188,236,178,160,70,132,201,197,119,106,164,144,102,229,64,73,213,101,37,214,192}

17:44:54,599  INFO main:414 - *****************************************************
17:44:55,827  INFO main:399 - ****************Corrida 29 ************************
17:44:55,828  INFO main:400 - Fitness solucion: 120.0
17:44:55,828  INFO main:401 - Indice: 123
17:44:55,828  INFO main:402 - Generacion: 0
17:44:55,828  INFO main:403 - Rechazados: 0
17:44:55,828  INFO main:413 - Individuo Solucion: {3,249,17,224,235,22,21,23,37,79,42,132,234,51,149,96,216,62,64,20,121,243,66,189,208,202,78,125,38,68,7,10,53,27,1,18,180,215,8,85,154,173,45,13,4,117,11,46,169,164,48,35,58,28,87,90,227,161,26,204,239,32,77,186,109,81,43,228,56,231,120,16,92,185,54,72,159,134,73,128,135,95,136,52,210,194,112,69,127,137,197,172,214,115,245,25,44,141,191,158,221,218,151,84,65,40,139,76,176,147,19,63,9,80,223,100,225,150,205,177,12,246,57,203,232,193,138,171,167,88,91,99,29,144,184,160,102,126,146,168,108,119,242,129,30,188,14,107,140,133,174,179,195,157,55,201,163,187,162,241,34,24,97,143,103,238,113,196,248,131,230,122,199,93,226,98,82,71,6,111,244,2,229,61,89,70,15,165,74,207,148,106,211,59,130,49,155,181,31,33,198,75,101,222,220,182,206,212,178,86,152,219,192,213,50,233,118,156,5,39,83,247,36,124,47,116,236,67,123,60,240,166,183,94,142,200,110,104,153,0,105,114,209,175,41,145,190,170,237,217}

17:44:55,828  INFO main:414 - *****************************************************
17:44:55,828  INFO main:416 - Tiempo AGP: 1254
17:44:55,828  INFO main:418 - Promedio Final: 120
17:44:55,829  INFO main:420 - Promedio Generaciones: 0
17:44:55,829  INFO main:422 - *****************Resultados********************
17:44:55,829  INFO main:424 - result: 120.0
17:44:55,829  INFO main:424 - result: 120.0
17:44:55,829  INFO main:424 - result: 120.0
17:44:55,829  INFO main:424 - result: 120.0
17:44:55,829  INFO main:424 - result: 120.0
17:44:55,829  INFO main:424 - result: 120.0
17:44:55,829  INFO main:424 - result: 120.0
17:44:55,829  INFO main:424 - result: 120.0
17:44:55,829  INFO main:424 - result: 120.0
17:44:55,829  INFO main:424 - result: 120.0
17:44:55,830  INFO main:424 - result: 120.0
17:44:55,830  INFO main:424 - result: 120.0
17:44:55,830  INFO main:424 - result: 120.0
17:44:55,830  INFO main:424 - result: 120.0
17:44:55,830  INFO main:424 - result: 120.0
17:44:55,830  INFO main:424 - result: 120.0
17:44:55,830  INFO main:424 - result: 120.0
17:44:55,830  INFO main:424 - result: 120.0
17:44:55,830  INFO main:424 - result: 120.0
17:44:55,830  INFO main:424 - result: 120.0
17:44:55,830  INFO main:424 - result: 120.0
17:44:55,830  INFO main:424 - result: 120.0
17:44:55,831  INFO main:424 - result: 120.0
17:44:55,831  INFO main:424 - result: 120.0
17:44:55,831  INFO main:424 - result: 120.0
17:44:55,831  INFO main:424 - result: 120.0
17:44:55,831  INFO main:424 - result: 120.0
17:44:55,831  INFO main:424 - result: 120.0
17:44:55,831  INFO main:424 - result: 120.0
17:44:55,831  INFO main:424 - result: 120.0
17:44:55,831  INFO main:426 - *****************Generaciones********************
17:44:55,831  INFO main:428 - Generacion: 0
17:44:55,831  INFO main:428 - Generacion: 0
17:44:55,831  INFO main:428 - Generacion: 0
17:44:55,831  INFO main:428 - Generacion: 0
17:44:55,832  INFO main:428 - Generacion: 0
17:44:55,832  INFO main:428 - Generacion: 0
17:44:55,832  INFO main:428 - Generacion: 0
17:44:55,832  INFO main:428 - Generacion: 0
17:44:55,832  INFO main:428 - Generacion: 0
17:44:55,832  INFO main:428 - Generacion: 0
17:44:55,832  INFO main:428 - Generacion: 0
17:44:55,832  INFO main:428 - Generacion: 0
17:44:55,832  INFO main:428 - Generacion: 0
17:44:55,832  INFO main:428 - Generacion: 0
17:44:55,832  INFO main:428 - Generacion: 0
17:44:55,832  INFO main:428 - Generacion: 0
17:44:55,832  INFO main:428 - Generacion: 0
17:44:55,832  INFO main:428 - Generacion: 0
17:44:55,833  INFO main:428 - Generacion: 0
17:44:55,833  INFO main:428 - Generacion: 0
17:44:55,833  INFO main:428 - Generacion: 0
17:44:55,833  INFO main:428 - Generacion: 0
17:44:55,833  INFO main:428 - Generacion: 0
17:44:55,833  INFO main:428 - Generacion: 0
17:44:55,833  INFO main:428 - Generacion: 0
17:44:55,833  INFO main:428 - Generacion: 0
17:44:55,833  INFO main:428 - Generacion: 0
17:44:55,833  INFO main:428 - Generacion: 0
17:44:55,833  INFO main:428 - Generacion: 0
17:44:55,833  INFO main:428 - Generacion: 0
