22:00:43,100  INFO main:168 - Logueando
22:01:54,244  INFO main:300 - Tiempo PreCalculo: 71142
22:01:54,245  INFO main:387 - ****************AG PERMUTACION****************
22:01:55,063  INFO main:401 - ****************Corrida 0 ************************
22:01:55,063  INFO main:402 - Fitness solucion: 25.0
22:01:55,063  INFO main:403 - Indice: 27
22:01:55,063  INFO main:404 - Generacion: 4
22:01:55,063  INFO main:405 - Rechazados: 41
22:01:55,064  INFO main:417 - Individuo Solucion: {5,11,46,98,116,139,25,13,18,70,21,119,81,33,80,123,43,51,32,40,31,130,22,49,143,4,9,28,88,99,2,83,0,29,115,59,61,114,121,38,63,113,17,118,14,124,104,71,127,84,37,73,147,10,131,141,117,87,101,67,1,20,42,92,100,128,55,90,39,7,144,66,106,138,86,23,26,93,82,102,110,16,107,146,35,47,74,125,108,149,96,135,148,109,8,140,52,56,36,44,60,132,142,89,112,58,94,120,3,50,85,54,15,111,122,95,57,137,129,65,69,79,126,136,6,91,105,77,78,12,24,103,48,53,27,72,62,76,145,45,19,41,75,97,30,68,34,64,134,133}

22:01:55,064  INFO main:418 - *****************************************************
22:01:55,380  INFO main:401 - ****************Corrida 1 ************************
22:01:55,380  INFO main:402 - Fitness solucion: 25.0
22:01:55,381  INFO main:403 - Indice: 27
22:01:55,381  INFO main:404 - Generacion: 1
22:01:55,381  INFO main:405 - Rechazados: 43
22:01:55,381  INFO main:417 - Individuo Solucion: {102,4,6,10,19,13,49,29,14,130,3,33,42,37,104,45,135,41,26,35,36,7,8,2,9,22,60,80,138,81,79,97,70,144,137,82,115,0,24,142,50,68,140,52,38,30,131,83,23,85,27,57,122,121,90,123,92,59,71,39,74,18,56,147,54,47,31,98,95,146,111,53,100,75,25,44,136,69,106,86,94,107,114,46,34,148,5,43,99,17,66,78,149,76,103,55,84,93,64,62,91,12,120,134,117,105,110,67,72,96,116,48,61,145,113,63,141,87,127,118,77,28,20,109,40,112,119,143,132,139,65,88,101,51,73,128,89,32,58,125,124,21,11,126,16,129,1,15,108,133}

22:01:55,381  INFO main:418 - *****************************************************
22:01:55,638  INFO main:401 - ****************Corrida 2 ************************
22:01:55,638  INFO main:402 - Fitness solucion: 25.0
22:01:55,639  INFO main:403 - Indice: 27
22:01:55,639  INFO main:404 - Generacion: 0
22:01:55,639  INFO main:405 - Rechazados: 45
22:01:55,639  INFO main:417 - Individuo Solucion: {4,10,0,13,143,20,138,113,84,17,19,97,72,38,18,23,3,42,90,24,7,37,134,121,1,91,55,98,16,2,35,76,11,120,43,89,41,22,34,100,67,93,128,111,66,79,85,48,5,6,145,70,99,133,106,30,126,26,60,25,9,54,53,104,59,80,119,12,86,139,65,77,8,110,27,56,132,31,62,21,57,39,83,92,148,129,33,112,94,78,108,61,149,147,137,107,50,51,102,63,123,127,52,64,103,114,118,45,130,136,144,124,101,141,122,73,96,81,117,87,58,47,116,75,15,49,115,109,40,140,32,44,135,71,28,88,146,14,131,36,105,74,29,95,68,69,46,125,82,142}

22:01:55,639  INFO main:418 - *****************************************************
22:01:55,895  INFO main:401 - ****************Corrida 3 ************************
22:01:55,896  INFO main:402 - Fitness solucion: 25.0
22:01:55,896  INFO main:403 - Indice: 27
22:01:55,896  INFO main:404 - Generacion: 0
22:01:55,896  INFO main:405 - Rechazados: 44
22:01:55,896  INFO main:417 - Individuo Solucion: {27,111,2,83,86,32,31,147,48,30,143,102,25,144,120,43,106,6,53,77,41,62,60,129,107,3,57,4,97,10,96,45,99,127,68,39,85,134,15,67,36,82,46,19,12,5,113,130,26,87,29,35,124,145,78,80,141,75,123,126,64,17,136,84,73,142,140,116,40,58,148,9,137,0,16,89,55,22,7,24,90,13,50,93,92,108,44,95,119,47,98,54,101,42,91,14,94,118,71,115,70,122,21,135,117,65,8,72,11,139,34,76,37,105,110,88,121,56,79,125,38,128,63,49,112,61,28,132,131,74,20,104,59,23,69,51,133,138,33,103,18,1,109,114,146,81,100,149,66,52}

22:01:55,896  INFO main:418 - *****************************************************
22:01:56,150  INFO main:401 - ****************Corrida 4 ************************
22:01:56,150  INFO main:402 - Fitness solucion: 24.0
22:01:56,151  INFO main:403 - Indice: 27
22:01:56,151  INFO main:404 - Generacion: 4
22:01:56,151  INFO main:405 - Rechazados: 46
22:01:56,151  INFO main:417 - Individuo Solucion: {17,33,41,36,116,47,1,6,133,130,137,43,0,105,134,108,80,11,42,139,93,62,129,76,30,55,53,100,45,4,2,29,117,94,95,149,86,148,51,125,142,12,115,67,120,107,37,106,25,145,5,20,10,50,14,54,60,59,71,104,98,110,21,111,102,144,13,9,122,83,49,90,48,112,52,140,123,35,75,66,16,40,74,114,56,63,26,91,46,72,7,28,84,121,85,27,127,57,97,68,89,78,58,99,18,8,34,88,79,113,32,31,146,131,77,70,128,69,119,19,15,87,82,132,61,126,73,65,64,124,39,96,92,136,23,44,143,147,118,141,103,22,138,109,101,24,81,3,38,135}

22:01:56,151  INFO main:418 - *****************************************************
22:01:56,407  INFO main:401 - ****************Corrida 5 ************************
22:01:56,407  INFO main:402 - Fitness solucion: 25.0
22:01:56,408  INFO main:403 - Indice: 27
22:01:56,408  INFO main:404 - Generacion: 0
22:01:56,408  INFO main:405 - Rechazados: 48
22:01:56,408  INFO main:417 - Individuo Solucion: {74,12,2,13,24,136,14,1,142,120,100,40,141,0,119,7,45,147,21,11,35,128,105,32,92,56,87,81,29,66,26,38,64,88,37,96,60,116,65,19,33,36,9,5,107,101,82,55,78,122,148,42,50,27,8,97,73,143,61,39,44,129,94,89,62,20,79,71,133,110,3,125,57,131,23,99,63,139,75,138,22,17,34,130,72,59,135,18,145,109,16,126,77,43,85,114,106,28,149,124,115,48,84,4,102,123,69,53,25,137,121,76,30,93,134,83,140,51,68,67,144,70,91,54,46,132,98,41,47,104,112,49,86,108,90,15,80,146,95,58,103,10,127,52,118,111,31,113,117,6}

22:01:56,408  INFO main:418 - *****************************************************
22:01:56,662  INFO main:401 - ****************Corrida 6 ************************
22:01:56,663  INFO main:402 - Fitness solucion: 25.0
22:01:56,663  INFO main:403 - Indice: 27
22:01:56,663  INFO main:404 - Generacion: 1
22:01:56,665  INFO main:405 - Rechazados: 50
22:01:56,666  INFO main:417 - Individuo Solucion: {2,1,41,31,92,11,116,34,44,114,112,39,86,15,6,124,21,125,9,127,20,79,97,8,3,54,58,144,47,120,108,136,71,106,30,26,88,4,13,51,60,37,49,53,143,64,32,17,117,98,138,75,52,29,103,131,99,85,142,148,18,126,25,59,22,57,83,56,82,149,147,74,77,90,115,43,55,94,7,33,102,69,111,28,110,48,50,91,129,80,67,113,19,27,109,14,135,66,46,72,23,132,128,118,81,134,0,16,42,101,89,76,123,24,45,141,96,70,40,119,5,73,12,78,38,87,107,140,68,62,63,84,10,100,36,121,122,130,133,61,93,105,95,145,35,146,139,65,137,104}

22:01:56,666  INFO main:418 - *****************************************************
22:01:56,922  INFO main:401 - ****************Corrida 7 ************************
22:01:56,922  INFO main:402 - Fitness solucion: 25.0
22:01:56,922  INFO main:403 - Indice: 27
22:01:56,922  INFO main:404 - Generacion: 3
22:01:56,922  INFO main:405 - Rechazados: 47
22:01:56,922  INFO main:417 - Individuo Solucion: {29,96,142,21,133,60,94,117,42,71,85,65,52,56,102,1,93,128,113,28,34,22,63,95,99,37,149,26,31,101,129,123,144,125,49,135,32,73,45,38,36,66,24,136,62,27,137,107,67,16,147,91,39,57,13,64,40,84,51,77,55,126,6,69,59,114,78,35,97,81,70,140,105,74,75,92,138,7,145,30,98,79,130,5,11,43,15,118,86,82,48,124,9,18,112,80,143,148,3,90,87,121,116,47,104,33,41,115,122,110,19,12,109,0,72,141,146,8,50,131,76,44,100,68,17,120,4,53,132,88,54,127,25,46,23,58,20,108,139,111,10,119,14,83,89,134,61,103,106,2}

22:01:56,923  INFO main:418 - *****************************************************
22:01:57,179  INFO main:401 - ****************Corrida 8 ************************
22:01:57,179  INFO main:402 - Fitness solucion: 25.0
22:01:57,179  INFO main:403 - Indice: 27
22:01:57,179  INFO main:404 - Generacion: 1
22:01:57,180  INFO main:405 - Rechazados: 45
22:01:57,180  INFO main:417 - Individuo Solucion: {113,7,126,81,19,1,17,33,115,3,28,71,94,130,143,69,20,121,63,133,61,65,125,15,146,99,139,11,76,141,38,57,88,46,32,29,66,53,134,110,30,31,112,131,73,18,8,136,109,34,37,142,93,54,149,59,83,103,105,85,55,98,48,10,78,60,22,4,140,84,137,86,95,72,116,47,100,24,56,0,91,2,124,80,13,127,87,21,90,117,49,52,26,79,89,135,36,12,45,41,148,64,77,43,25,97,107,9,118,92,14,138,108,42,70,39,104,106,51,16,145,27,35,120,129,74,147,96,101,102,44,58,67,132,5,114,40,6,68,82,50,62,119,111,122,128,123,144,75,23}

22:01:57,180  INFO main:418 - *****************************************************
22:01:57,437  INFO main:401 - ****************Corrida 9 ************************
22:01:57,437  INFO main:402 - Fitness solucion: 25.0
22:01:57,437  INFO main:403 - Indice: 26
22:01:57,437  INFO main:404 - Generacion: 0
22:01:57,438  INFO main:405 - Rechazados: 46
22:01:57,438  INFO main:417 - Individuo Solucion: {133,5,123,70,128,13,31,23,29,142,64,10,28,39,35,85,90,89,47,3,60,97,42,0,7,44,43,125,21,104,50,15,19,76,67,147,24,146,4,96,54,137,145,26,114,139,116,118,144,106,33,49,9,37,132,51,108,69,79,134,84,45,100,83,17,72,41,103,88,75,36,1,73,107,25,105,32,65,12,127,11,81,58,122,55,46,22,102,87,111,6,74,18,93,113,117,48,38,120,77,112,66,59,71,56,57,92,30,110,68,82,91,121,27,98,62,95,52,99,61,101,119,80,2,109,63,16,129,136,40,135,131,138,124,130,8,94,53,148,143,86,34,126,141,140,14,78,115,20,149}

22:01:57,438  INFO main:418 - *****************************************************
22:01:57,693  INFO main:401 - ****************Corrida 10 ************************
22:01:57,693  INFO main:402 - Fitness solucion: 25.0
22:01:57,693  INFO main:403 - Indice: 27
22:01:57,693  INFO main:404 - Generacion: 0
22:01:57,693  INFO main:405 - Rechazados: 46
22:01:57,693  INFO main:417 - Individuo Solucion: {77,11,29,99,126,149,106,93,85,129,22,14,16,75,1,31,105,60,138,39,2,139,12,50,92,128,94,36,17,117,96,44,64,147,76,20,58,112,10,135,61,48,0,146,102,87,133,5,45,25,111,52,101,91,120,13,136,127,19,63,34,65,109,59,70,54,100,26,124,33,88,3,38,32,62,130,28,79,119,84,74,114,95,4,118,37,86,15,43,71,145,57,51,27,110,73,104,23,18,67,141,142,78,108,143,121,89,115,24,122,46,81,90,148,103,72,66,49,21,35,8,116,42,107,47,137,83,41,40,134,97,132,53,144,68,55,6,82,69,123,140,30,80,131,98,113,125,56,9,7}

22:01:57,694  INFO main:418 - *****************************************************
22:01:57,950  INFO main:401 - ****************Corrida 11 ************************
22:01:57,951  INFO main:402 - Fitness solucion: 25.0
22:01:57,951  INFO main:403 - Indice: 27
22:01:57,951  INFO main:404 - Generacion: 0
22:01:57,951  INFO main:405 - Rechazados: 47
22:01:57,951  INFO main:417 - Individuo Solucion: {1,129,12,7,16,8,29,34,19,6,52,95,53,14,56,23,63,98,128,122,77,30,27,55,46,121,147,108,65,5,41,44,141,72,60,73,20,51,107,87,127,47,64,50,43,10,2,116,62,82,130,123,115,35,13,85,100,111,92,134,24,57,126,119,83,86,133,140,94,81,25,18,49,66,61,131,144,0,99,138,59,117,137,145,149,70,71,96,136,33,37,68,26,9,15,31,88,146,109,54,76,79,36,102,42,118,75,113,74,104,32,90,69,114,106,58,125,97,143,105,4,110,40,93,103,11,21,67,48,17,148,139,112,89,78,142,120,91,84,28,38,124,101,45,22,132,135,39,3,80}

22:01:57,951  INFO main:418 - *****************************************************
22:01:58,207  INFO main:401 - ****************Corrida 12 ************************
22:01:58,208  INFO main:402 - Fitness solucion: 25.0
22:01:58,208  INFO main:403 - Indice: 27
22:01:58,208  INFO main:404 - Generacion: 0
22:01:58,208  INFO main:405 - Rechazados: 44
22:01:58,208  INFO main:417 - Individuo Solucion: {6,136,56,70,5,20,140,33,19,69,62,144,11,106,103,94,60,7,25,148,31,143,3,14,66,47,26,41,45,1,2,120,10,131,12,80,64,137,99,30,63,71,125,122,112,55,18,108,141,110,34,16,100,146,58,105,92,23,73,145,74,77,109,21,24,107,135,52,0,83,76,89,75,65,86,78,96,134,13,38,48,121,51,59,95,101,93,79,54,127,129,53,102,115,27,42,88,28,113,37,91,117,57,149,82,124,35,98,15,9,39,50,72,68,138,87,114,46,126,133,118,84,90,97,130,119,29,142,22,44,104,111,61,123,8,32,17,85,49,43,4,36,67,116,139,81,40,128,132,147}

22:01:58,208  INFO main:418 - *****************************************************
22:01:58,465  INFO main:401 - ****************Corrida 13 ************************
22:01:58,465  INFO main:402 - Fitness solucion: 25.0
22:01:58,465  INFO main:403 - Indice: 27
22:01:58,465  INFO main:404 - Generacion: 0
22:01:58,465  INFO main:405 - Rechazados: 44
22:01:58,465  INFO main:417 - Individuo Solucion: {94,99,144,120,12,48,97,18,11,30,116,47,4,149,143,36,60,0,140,50,141,84,115,43,38,32,19,109,41,93,21,128,44,96,51,54,106,33,3,55,46,6,122,86,134,72,58,107,24,40,138,69,148,62,13,63,2,23,15,113,110,125,70,5,112,35,67,27,31,25,8,1,42,52,88,137,64,10,68,79,16,98,45,71,17,26,59,7,104,81,78,103,91,34,118,87,22,76,90,65,56,145,61,129,142,29,57,75,74,133,66,102,108,123,130,121,89,20,28,92,132,49,114,95,131,135,111,53,127,147,85,117,73,124,146,9,101,136,80,14,83,139,126,119,82,37,39,105,77,100}

22:01:58,465  INFO main:418 - *****************************************************
22:01:58,722  INFO main:401 - ****************Corrida 14 ************************
22:01:58,722  INFO main:402 - Fitness solucion: 25.0
22:01:58,723  INFO main:403 - Indice: 27
22:01:58,723  INFO main:404 - Generacion: 3
22:01:58,723  INFO main:405 - Rechazados: 49
22:01:58,723  INFO main:417 - Individuo Solucion: {143,77,20,133,40,23,19,107,4,68,14,21,66,141,60,81,52,140,24,76,100,136,34,12,26,0,46,135,114,5,37,147,16,9,57,53,71,106,33,113,25,61,7,134,78,96,101,28,145,1,36,22,130,102,10,142,58,30,56,122,51,17,63,67,82,49,6,108,99,104,80,59,148,39,48,90,92,47,42,137,121,35,109,132,125,29,84,126,75,2,120,144,88,11,138,94,127,97,117,65,95,38,45,70,31,18,44,32,93,73,123,110,86,69,79,118,83,62,87,50,15,105,103,13,124,55,131,54,146,3,74,128,8,41,111,98,139,27,112,89,129,72,149,43,116,64,119,115,91,85}

22:01:58,723  INFO main:418 - *****************************************************
22:01:58,978  INFO main:401 - ****************Corrida 15 ************************
22:01:58,978  INFO main:402 - Fitness solucion: 25.0
22:01:58,978  INFO main:403 - Indice: 27
22:01:58,978  INFO main:404 - Generacion: 1
22:01:58,978  INFO main:405 - Rechazados: 48
22:01:58,978  INFO main:417 - Individuo Solucion: {89,30,65,8,22,106,36,148,26,54,0,145,78,21,122,23,107,143,128,1,41,146,118,40,139,94,19,56,59,52,111,72,5,101,35,71,68,115,24,130,42,70,13,10,37,38,135,3,147,76,109,99,73,112,62,131,18,6,123,58,67,48,47,27,83,119,81,90,125,16,134,7,64,69,96,32,100,9,28,113,110,74,60,66,97,142,31,34,105,63,12,53,82,79,149,114,124,102,144,93,121,85,103,43,2,49,86,117,57,91,120,50,11,4,104,29,126,33,88,15,17,77,129,44,46,45,136,39,140,138,95,20,80,133,141,51,14,55,84,108,75,87,137,116,25,98,92,61,127,132}

22:01:58,979  INFO main:418 - *****************************************************
22:01:59,233  INFO main:401 - ****************Corrida 16 ************************
22:01:59,234  INFO main:402 - Fitness solucion: 24.0
22:01:59,234  INFO main:403 - Indice: 27
22:01:59,234  INFO main:404 - Generacion: 7
22:01:59,234  INFO main:405 - Rechazados: 36
22:01:59,234  INFO main:417 - Individuo Solucion: {1,144,18,38,91,34,50,11,126,86,4,127,73,10,28,46,75,49,130,13,132,12,123,124,31,23,7,65,35,96,117,55,30,51,104,95,106,6,139,137,77,24,70,42,60,140,110,116,26,44,40,17,93,112,122,58,87,25,113,61,76,54,146,92,84,45,29,136,14,47,36,125,5,2,48,128,32,94,141,107,52,118,138,101,41,148,19,114,15,80,57,109,62,67,8,98,83,27,63,0,120,20,90,145,85,143,64,69,21,115,134,121,81,149,9,100,133,103,79,142,129,111,88,71,33,37,72,53,97,99,105,108,68,43,22,74,82,119,16,131,56,78,39,89,147,3,66,59,102,135}

22:01:59,234  INFO main:418 - *****************************************************
22:01:59,490  INFO main:401 - ****************Corrida 17 ************************
22:01:59,491  INFO main:402 - Fitness solucion: 25.0
22:01:59,491  INFO main:403 - Indice: 27
22:01:59,491  INFO main:404 - Generacion: 1
22:01:59,491  INFO main:405 - Rechazados: 39
22:01:59,491  INFO main:417 - Individuo Solucion: {6,144,81,5,23,67,33,3,34,17,78,73,39,12,65,51,30,2,4,37,40,28,41,57,97,111,42,58,79,62,136,7,59,61,146,113,52,60,44,16,68,96,118,71,128,69,87,109,119,19,143,127,35,54,133,36,122,56,11,149,85,45,25,66,129,82,88,108,131,91,75,1,20,99,53,43,50,112,102,74,63,125,0,116,14,93,76,10,94,106,84,47,55,9,139,8,130,18,145,90,147,13,31,29,89,49,48,134,86,115,77,135,24,100,117,137,92,110,101,15,114,103,70,27,72,132,38,124,98,83,46,107,21,148,105,121,141,120,95,140,80,142,126,138,22,123,104,32,64,26}

22:01:59,491  INFO main:418 - *****************************************************
22:01:59,750  INFO main:401 - ****************Corrida 18 ************************
22:01:59,750  INFO main:402 - Fitness solucion: 25.0
22:01:59,751  INFO main:403 - Indice: 27
22:01:59,751  INFO main:404 - Generacion: 0
22:01:59,751  INFO main:405 - Rechazados: 48
22:01:59,751  INFO main:417 - Individuo Solucion: {17,12,31,56,103,21,146,129,119,68,121,37,10,57,122,43,25,15,27,93,99,46,59,26,76,23,36,148,70,47,9,7,3,97,53,24,60,41,16,14,44,79,2,51,55,67,45,50,6,87,127,19,110,114,69,96,101,106,138,147,117,83,141,92,149,38,107,32,145,35,77,135,134,40,118,140,124,1,136,116,5,90,123,108,89,115,84,20,86,58,128,100,82,18,33,65,0,126,29,144,133,30,75,88,74,11,91,132,112,34,81,78,52,95,80,85,64,105,120,94,104,22,71,143,130,98,61,109,139,28,102,66,111,39,13,125,73,42,54,137,131,4,49,142,48,8,63,113,62,72}

22:01:59,751  INFO main:418 - *****************************************************
22:02:00,007  INFO main:401 - ****************Corrida 19 ************************
22:02:00,007  INFO main:402 - Fitness solucion: 25.0
22:02:00,007  INFO main:403 - Indice: 27
22:02:00,007  INFO main:404 - Generacion: 0
22:02:00,007  INFO main:405 - Rechazados: 44
22:02:00,007  INFO main:417 - Individuo Solucion: {111,8,9,11,15,29,139,54,116,142,24,13,32,129,114,73,5,121,30,39,19,99,4,134,84,140,67,63,89,126,46,25,33,130,44,16,17,135,37,2,20,22,82,144,83,47,21,51,31,149,53,101,6,87,1,27,0,60,100,57,61,112,97,102,26,103,78,72,143,92,138,75,36,90,125,7,120,42,68,147,81,95,12,77,23,124,115,49,123,35,98,50,148,91,41,18,80,55,131,145,107,106,117,136,93,128,69,62,118,110,43,79,66,38,52,76,58,94,56,137,40,88,133,113,71,105,109,48,65,104,146,122,141,132,127,10,108,28,59,96,70,74,119,14,45,64,86,34,85,3}

22:02:00,007  INFO main:418 - *****************************************************
22:02:00,263  INFO main:401 - ****************Corrida 20 ************************
22:02:00,263  INFO main:402 - Fitness solucion: 25.0
22:02:00,263  INFO main:403 - Indice: 27
22:02:00,263  INFO main:404 - Generacion: 0
22:02:00,263  INFO main:405 - Rechazados: 50
22:02:00,263  INFO main:417 - Individuo Solucion: {25,113,23,11,20,18,63,41,45,139,104,101,39,107,65,106,114,17,28,9,34,30,1,42,112,118,88,87,61,66,57,92,49,109,37,54,116,55,70,8,77,95,99,38,75,140,102,46,22,12,68,126,35,47,6,82,40,50,51,59,81,13,79,3,71,136,115,93,86,111,19,105,15,145,24,74,16,36,85,122,100,89,91,96,103,148,84,21,128,64,98,52,43,137,48,143,31,144,117,73,97,131,26,142,5,4,67,44,125,134,80,27,62,120,121,78,129,110,135,90,53,149,76,138,0,29,56,14,60,141,94,108,7,72,58,123,132,69,124,127,146,130,133,119,10,33,83,147,2,32}

22:02:00,263  INFO main:418 - *****************************************************
22:02:00,522  INFO main:401 - ****************Corrida 21 ************************
22:02:00,522  INFO main:402 - Fitness solucion: 25.0
22:02:00,522  INFO main:403 - Indice: 27
22:02:00,522  INFO main:404 - Generacion: 2
22:02:00,522  INFO main:405 - Rechazados: 46
22:02:00,522  INFO main:417 - Individuo Solucion: {2,22,147,109,28,148,63,62,81,23,13,6,41,68,55,97,98,133,10,127,39,5,59,106,30,48,122,37,116,64,16,144,47,103,102,73,142,40,130,139,32,7,4,58,76,42,119,132,18,3,21,31,146,138,45,95,82,60,83,135,70,25,57,78,100,56,35,9,79,33,121,36,96,115,110,72,145,46,120,93,29,80,126,66,44,69,87,113,136,52,117,85,112,111,67,17,51,49,124,114,27,134,77,104,8,94,65,26,75,90,105,54,89,141,92,50,99,24,14,149,107,108,34,71,118,125,53,38,15,0,88,131,19,143,128,84,12,140,11,101,123,61,86,137,20,74,91,1,43,129}

22:02:00,522  INFO main:418 - *****************************************************
22:02:00,773  INFO main:401 - ****************Corrida 22 ************************
22:02:00,774  INFO main:402 - Fitness solucion: 24.0
22:02:00,774  INFO main:403 - Indice: 27
22:02:00,774  INFO main:404 - Generacion: 0
22:02:00,774  INFO main:405 - Rechazados: 47
22:02:00,774  INFO main:417 - Individuo Solucion: {140,58,8,12,22,98,33,149,51,32,14,121,97,128,90,107,13,106,115,105,42,127,80,10,3,88,19,54,0,135,122,9,70,100,82,73,126,53,123,110,119,72,79,117,137,4,11,21,74,76,83,7,23,25,29,52,61,143,55,142,125,15,68,47,71,67,87,41,75,81,45,101,57,36,104,50,37,31,102,94,48,28,136,66,92,69,20,24,65,112,44,16,114,17,103,144,34,78,5,26,59,62,64,139,60,108,129,111,147,116,96,138,145,56,1,84,86,63,93,113,148,18,130,120,124,131,27,134,99,43,146,77,118,91,132,95,38,39,141,89,2,6,133,40,30,49,35,46,109,85}

22:02:00,774  INFO main:418 - *****************************************************
22:02:01,029  INFO main:401 - ****************Corrida 23 ************************
22:02:01,029  INFO main:402 - Fitness solucion: 25.0
22:02:01,030  INFO main:403 - Indice: 26
22:02:01,030  INFO main:404 - Generacion: 1
22:02:01,030  INFO main:405 - Rechazados: 52
22:02:01,030  INFO main:417 - Individuo Solucion: {44,3,18,21,146,149,66,6,128,139,59,147,29,143,15,133,32,13,54,24,67,47,27,105,129,99,7,34,8,56,88,89,51,112,19,28,65,42,144,119,48,46,115,93,73,55,107,81,74,76,33,101,142,9,53,138,141,126,123,57,96,86,11,69,80,134,45,77,70,35,40,79,36,39,113,16,135,61,2,92,50,58,136,83,117,22,111,114,91,131,75,5,0,43,17,23,10,64,130,37,90,1,25,140,116,98,60,127,49,102,72,108,109,132,82,38,52,26,87,120,94,4,62,20,85,137,95,106,110,100,122,104,124,125,145,71,148,31,68,121,63,97,78,118,12,14,84,30,41,103}

22:02:01,030  INFO main:418 - *****************************************************
22:02:01,286  INFO main:401 - ****************Corrida 24 ************************
22:02:01,286  INFO main:402 - Fitness solucion: 25.0
22:02:01,286  INFO main:403 - Indice: 27
22:02:01,286  INFO main:404 - Generacion: 0
22:02:01,286  INFO main:405 - Rechazados: 36
22:02:01,286  INFO main:417 - Individuo Solucion: {32,25,63,34,79,2,22,17,6,3,112,44,127,35,99,1,37,123,10,84,29,107,40,56,67,7,113,100,59,148,95,26,132,15,45,27,73,78,75,18,139,85,120,116,30,12,140,4,141,128,125,145,69,137,39,81,8,114,54,86,36,130,52,61,72,53,42,138,142,118,55,0,98,64,41,51,146,23,87,68,47,92,57,90,110,49,102,129,70,80,5,136,93,143,101,46,83,147,65,97,89,50,24,109,117,134,43,108,13,74,28,121,9,21,115,126,76,58,103,88,71,106,131,122,20,96,14,62,149,19,144,11,133,77,94,16,33,91,119,111,38,82,60,135,31,105,48,66,104,124}

22:02:01,286  INFO main:418 - *****************************************************
22:02:01,542  INFO main:401 - ****************Corrida 25 ************************
22:02:01,542  INFO main:402 - Fitness solucion: 25.0
22:02:01,542  INFO main:403 - Indice: 27
22:02:01,542  INFO main:404 - Generacion: 5
22:02:01,543  INFO main:405 - Rechazados: 39
22:02:01,543  INFO main:417 - Individuo Solucion: {5,125,39,21,20,127,27,117,11,132,145,60,119,137,34,24,50,30,8,147,35,108,103,118,69,17,28,139,92,72,110,18,59,84,15,54,141,44,102,124,23,62,126,13,91,37,41,134,66,112,93,111,68,100,96,77,38,71,83,140,47,22,61,26,104,131,48,43,133,107,64,99,86,53,25,10,143,65,58,33,42,4,63,7,82,74,123,106,78,94,0,36,1,40,51,90,148,52,88,16,87,130,73,6,29,9,57,55,128,113,19,146,67,142,109,46,56,95,135,85,76,97,3,136,70,75,138,89,144,105,49,121,45,120,2,80,122,98,31,114,116,81,12,115,129,101,14,79,32,149}

22:02:01,543  INFO main:418 - *****************************************************
22:02:01,795  INFO main:401 - ****************Corrida 26 ************************
22:02:01,795  INFO main:402 - Fitness solucion: 25.0
22:02:01,796  INFO main:403 - Indice: 27
22:02:01,796  INFO main:404 - Generacion: 3
22:02:01,796  INFO main:405 - Rechazados: 47
22:02:01,796  INFO main:417 - Individuo Solucion: {126,14,35,27,23,15,47,58,136,1,101,16,133,26,32,148,132,13,119,68,42,3,61,145,111,140,147,142,40,24,124,8,11,99,6,81,36,92,12,134,69,74,83,73,57,56,98,141,65,45,20,28,135,46,138,116,97,96,33,139,82,43,87,112,85,77,21,117,9,72,34,29,89,121,59,60,114,54,80,76,79,106,108,144,102,5,30,104,25,67,137,18,115,75,100,146,48,38,41,10,62,103,128,130,149,53,64,91,70,31,71,0,49,120,44,2,113,86,4,88,123,39,94,122,37,78,7,17,22,95,118,52,63,55,125,84,105,50,90,131,19,66,51,93,110,107,127,143,129,109}

22:02:01,796  INFO main:418 - *****************************************************
22:02:02,050  INFO main:401 - ****************Corrida 27 ************************
22:02:02,050  INFO main:402 - Fitness solucion: 25.0
22:02:02,051  INFO main:403 - Indice: 27
22:02:02,051  INFO main:404 - Generacion: 0
22:02:02,051  INFO main:405 - Rechazados: 40
22:02:02,051  INFO main:417 - Individuo Solucion: {113,141,144,6,16,48,55,11,8,136,62,26,32,36,118,30,4,58,5,41,64,33,12,52,137,135,106,114,14,88,27,40,76,84,132,80,38,70,68,91,131,146,72,93,143,117,24,105,15,102,63,3,23,34,9,130,67,121,25,47,21,85,37,78,19,138,2,107,119,95,54,0,46,79,17,53,35,39,66,28,110,147,120,126,69,7,115,61,74,122,1,73,29,103,75,134,92,97,56,87,18,139,13,111,71,45,124,101,149,57,43,89,42,44,86,104,51,94,123,49,128,90,96,50,98,112,22,10,127,129,116,81,109,145,108,65,100,77,148,60,82,31,59,142,20,140,83,99,125,133}

22:02:02,051  INFO main:418 - *****************************************************
22:02:02,308  INFO main:401 - ****************Corrida 28 ************************
22:02:02,308  INFO main:402 - Fitness solucion: 25.0
22:02:02,308  INFO main:403 - Indice: 27
22:02:02,308  INFO main:404 - Generacion: 0
22:02:02,308  INFO main:405 - Rechazados: 43
22:02:02,308  INFO main:417 - Individuo Solucion: {65,18,19,108,57,9,23,61,31,97,132,34,96,33,126,37,133,6,25,40,10,120,146,71,2,137,30,36,59,51,46,145,20,38,89,48,121,87,11,88,27,7,21,5,44,8,107,42,60,135,118,134,29,128,138,81,74,3,148,1,0,53,142,94,35,80,122,17,22,117,86,39,139,15,99,90,149,110,58,50,67,143,69,104,52,68,26,24,113,41,101,103,13,116,112,70,136,63,56,82,62,4,93,66,91,147,98,54,72,144,73,64,119,32,125,141,111,78,102,75,109,100,79,115,43,114,49,129,77,130,14,124,76,83,84,105,127,45,85,16,131,123,12,106,92,55,95,47,140,28}

22:02:02,308  INFO main:418 - *****************************************************
22:02:02,564  INFO main:401 - ****************Corrida 29 ************************
22:02:02,564  INFO main:402 - Fitness solucion: 25.0
22:02:02,565  INFO main:403 - Indice: 27
22:02:02,565  INFO main:404 - Generacion: 1
22:02:02,565  INFO main:405 - Rechazados: 48
22:02:02,565  INFO main:417 - Individuo Solucion: {1,7,18,59,81,28,29,5,83,22,30,32,48,101,17,63,73,3,148,16,19,136,68,6,142,60,21,52,113,40,109,2,126,84,70,64,114,145,94,55,108,124,57,112,36,103,50,43,105,75,65,147,77,56,123,131,97,138,33,121,143,149,13,54,85,4,42,140,44,137,115,76,67,80,91,98,61,26,120,20,119,25,86,8,53,14,92,117,89,51,0,27,39,71,66,24,78,135,106,146,58,10,116,74,37,141,100,47,34,104,79,90,128,45,62,139,130,9,38,110,96,132,127,107,111,11,69,88,87,41,95,129,82,23,35,102,118,125,46,99,49,133,31,72,93,122,15,144,134,12}

22:02:02,565  INFO main:418 - *****************************************************
22:02:02,565  INFO main:420 - Tiempo AGP: 276
22:02:02,565  INFO main:422 - Promedio Final: 24
22:02:02,565  INFO main:424 - Promedio Generaciones: 0
22:02:02,565  INFO main:427 - Promedio Rechazos: 44
22:02:02,565  INFO main:430 - Promedio Defragmentacion: 1.1424444444444446
22:02:02,566  INFO main:432 - *****************Resultados********************
22:02:02,566  INFO main:434 - result: 25.0
22:02:02,566  INFO main:434 - result: 25.0
22:02:02,566  INFO main:434 - result: 25.0
22:02:02,566  INFO main:434 - result: 25.0
22:02:02,566  INFO main:434 - result: 24.0
22:02:02,566  INFO main:434 - result: 25.0
22:02:02,566  INFO main:434 - result: 25.0
22:02:02,566  INFO main:434 - result: 25.0
22:02:02,566  INFO main:434 - result: 25.0
22:02:02,566  INFO main:434 - result: 25.0
22:02:02,566  INFO main:434 - result: 25.0
22:02:02,566  INFO main:434 - result: 25.0
22:02:02,567  INFO main:434 - result: 25.0
22:02:02,567  INFO main:434 - result: 25.0
22:02:02,567  INFO main:434 - result: 25.0
22:02:02,567  INFO main:434 - result: 25.0
22:02:02,567  INFO main:434 - result: 24.0
22:02:02,567  INFO main:434 - result: 25.0
22:02:02,567  INFO main:434 - result: 25.0
22:02:02,567  INFO main:434 - result: 25.0
22:02:02,567  INFO main:434 - result: 25.0
22:02:02,567  INFO main:434 - result: 25.0
22:02:02,567  INFO main:434 - result: 24.0
22:02:02,567  INFO main:434 - result: 25.0
22:02:02,567  INFO main:434 - result: 25.0
22:02:02,568  INFO main:434 - result: 25.0
22:02:02,568  INFO main:434 - result: 25.0
22:02:02,568  INFO main:434 - result: 25.0
22:02:02,568  INFO main:434 - result: 25.0
22:02:02,568  INFO main:434 - result: 25.0
22:02:02,568  INFO main:436 - *****************Generaciones********************
22:02:02,568  INFO main:438 - Generacion: 0
22:02:02,568  INFO main:438 - Generacion: 0
22:02:02,568  INFO main:438 - Generacion: 0
22:02:02,568  INFO main:438 - Generacion: 0
22:02:02,568  INFO main:438 - Generacion: 0
22:02:02,568  INFO main:438 - Generacion: 0
22:02:02,568  INFO main:438 - Generacion: 0
22:02:02,569  INFO main:438 - Generacion: 0
22:02:02,569  INFO main:438 - Generacion: 0
22:02:02,569  INFO main:438 - Generacion: 0
22:02:02,569  INFO main:438 - Generacion: 0
22:02:02,569  INFO main:438 - Generacion: 0
22:02:02,569  INFO main:438 - Generacion: 0
22:02:02,569  INFO main:438 - Generacion: 0
22:02:02,569  INFO main:438 - Generacion: 0
22:02:02,569  INFO main:438 - Generacion: 0
22:02:02,569  INFO main:438 - Generacion: 0
22:02:02,569  INFO main:438 - Generacion: 0
22:02:02,569  INFO main:438 - Generacion: 0
22:02:02,569  INFO main:438 - Generacion: 0
22:02:02,570  INFO main:438 - Generacion: 0
22:02:02,570  INFO main:438 - Generacion: 0
22:02:02,570  INFO main:438 - Generacion: 0
22:02:02,570  INFO main:438 - Generacion: 0
22:02:02,570  INFO main:438 - Generacion: 0
22:02:02,570  INFO main:438 - Generacion: 0
22:02:02,570  INFO main:438 - Generacion: 0
22:02:02,570  INFO main:438 - Generacion: 0
22:02:02,570  INFO main:438 - Generacion: 0
22:02:02,570  INFO main:438 - Generacion: 0
