22:15:43,290  INFO main:168 - Logueando
22:16:54,945  INFO main:300 - Tiempo PreCalculo: 71654
22:16:54,946  INFO main:387 - ****************AG PERMUTACION****************
22:16:55,632  INFO main:401 - ****************Corrida 0 ************************
22:16:55,632  INFO main:402 - Fitness solucion: 25.0
22:16:55,632  INFO main:403 - Indice: 27
22:16:55,632  INFO main:404 - Generacion: 0
22:16:55,632  INFO main:405 - Rechazados: 34
22:16:55,633  INFO main:417 - Individuo Solucion: {1,31,20,40,72,17,37,73,77,94,23,27,4,38,18,82,9,61,13,45,24,7,76,71,28,50,33,60,95,8,69,84,98,14,3,57,0,46,11,2,93,85,19,88,25,41,49,52,89,6,86,42,64,83,12,79,78,29,10,63,59,80,68,47,87,48,16,97,53,54,55,92,56,67,35,58,26,39,74,30,34,65,90,62,22,32,99,43,36,75,91,15,81,51,70,5,96,66,44,21}

22:16:55,633  INFO main:418 - *****************************************************
22:16:55,944  INFO main:401 - ****************Corrida 1 ************************
22:16:55,944  INFO main:402 - Fitness solucion: 25.0
22:16:55,945  INFO main:403 - Indice: 27
22:16:55,945  INFO main:404 - Generacion: 0
22:16:55,945  INFO main:405 - Rechazados: 27
22:16:55,945  INFO main:417 - Individuo Solucion: {81,7,6,10,21,5,78,14,8,39,59,13,19,30,28,95,15,87,57,23,33,53,71,43,42,12,18,38,37,40,29,49,56,90,36,86,51,20,25,44,16,11,41,32,98,2,4,64,73,83,48,34,93,52,63,72,54,69,60,46,26,88,68,24,94,65,61,97,79,1,66,47,67,77,17,84,91,9,85,31,89,80,70,76,50,27,35,22,58,0,75,99,96,74,55,82,92,45,3,62}

22:16:55,945  INFO main:418 - *****************************************************
22:16:56,153  INFO main:401 - ****************Corrida 2 ************************
22:16:56,153  INFO main:402 - Fitness solucion: 25.0
22:16:56,154  INFO main:403 - Indice: 27
22:16:56,154  INFO main:404 - Generacion: 0
22:16:56,154  INFO main:405 - Rechazados: 30
22:16:56,154  INFO main:417 - Individuo Solucion: {73,0,10,18,74,52,19,94,88,99,62,9,14,97,76,75,80,1,29,23,50,44,5,28,53,91,71,46,17,15,38,54,79,58,21,32,36,47,31,89,6,22,72,27,64,68,24,84,2,45,93,70,61,20,55,42,57,26,4,87,7,60,65,16,3,90,63,8,39,12,34,35,66,69,86,82,48,96,43,78,30,85,13,98,25,41,40,33,67,49,59,11,51,37,56,77,92,83,81,95}

22:16:56,154  INFO main:418 - *****************************************************
22:16:56,355  INFO main:401 - ****************Corrida 3 ************************
22:16:56,355  INFO main:402 - Fitness solucion: 25.0
22:16:56,355  INFO main:403 - Indice: 27
22:16:56,355  INFO main:404 - Generacion: 0
22:16:56,355  INFO main:405 - Rechazados: 29
22:16:56,355  INFO main:417 - Individuo Solucion: {8,53,17,15,9,29,4,32,69,31,16,28,13,14,5,64,74,0,34,22,72,73,51,57,38,39,60,30,23,54,48,56,88,61,42,85,66,19,36,41,6,63,7,62,65,91,84,58,2,44,68,25,78,50,37,83,26,96,35,12,47,90,80,71,18,27,3,70,21,46,43,77,86,20,97,59,52,24,82,81,89,49,55,10,87,40,67,33,99,76,45,79,95,94,75,93,1,92,98,11}

22:16:56,356  INFO main:418 - *****************************************************
22:16:56,554  INFO main:401 - ****************Corrida 4 ************************
22:16:56,555  INFO main:402 - Fitness solucion: 24.0
22:16:56,555  INFO main:403 - Indice: 27
22:16:56,555  INFO main:404 - Generacion: 2
22:16:56,555  INFO main:405 - Rechazados: 30
22:16:56,555  INFO main:417 - Individuo Solucion: {20,67,29,1,89,4,85,3,9,74,86,46,36,84,21,11,39,14,7,54,27,79,68,43,72,2,26,57,33,32,80,99,13,69,40,88,53,42,28,64,47,5,18,77,35,82,95,73,16,25,22,81,61,96,92,24,62,87,41,63,48,94,58,30,19,51,15,50,83,38,6,10,71,52,31,65,12,17,70,60,0,8,44,55,37,78,75,49,76,23,90,97,98,34,66,45,59,56,93,91}

22:16:56,555  INFO main:418 - *****************************************************
22:16:56,772  INFO main:401 - ****************Corrida 5 ************************
22:16:56,772  INFO main:402 - Fitness solucion: 24.0
22:16:56,773  INFO main:403 - Indice: 27
22:16:56,773  INFO main:404 - Generacion: 7
22:16:56,773  INFO main:405 - Rechazados: 31
22:16:56,773  INFO main:417 - Individuo Solucion: {6,8,19,5,10,4,1,15,36,61,0,11,74,25,75,83,34,17,94,3,84,65,48,2,76,73,37,47,42,59,39,16,87,13,62,80,53,67,29,57,22,41,23,95,55,7,45,54,32,30,96,72,85,50,38,40,58,92,49,93,12,51,64,88,31,35,46,63,79,99,56,18,66,68,27,89,97,24,82,70,52,60,44,71,77,81,28,33,21,78,43,26,69,14,20,91,86,98,90,9}

22:16:56,773  INFO main:418 - *****************************************************
22:16:56,961  INFO main:401 - ****************Corrida 6 ************************
22:16:56,962  INFO main:402 - Fitness solucion: 25.0
22:16:56,962  INFO main:403 - Indice: 27
22:16:56,962  INFO main:404 - Generacion: 0
22:16:56,962  INFO main:405 - Rechazados: 23
22:16:56,964  INFO main:417 - Individuo Solucion: {2,20,40,90,17,18,81,97,82,0,7,14,67,96,23,51,4,89,10,87,50,27,21,71,24,84,38,30,41,16,43,36,26,37,12,68,42,8,19,57,5,48,63,13,32,53,92,44,49,15,47,86,88,76,45,28,25,73,79,22,64,70,35,78,33,93,85,55,6,59,60,61,9,39,58,46,95,62,99,75,69,80,34,31,1,83,52,74,29,54,94,3,66,77,65,56,72,98,11,91}

22:16:56,965  INFO main:418 - *****************************************************
22:16:57,169  INFO main:401 - ****************Corrida 7 ************************
22:16:57,169  INFO main:402 - Fitness solucion: 25.0
22:16:57,169  INFO main:403 - Indice: 27
22:16:57,169  INFO main:404 - Generacion: 1
22:16:57,170  INFO main:405 - Rechazados: 23
22:16:57,170  INFO main:417 - Individuo Solucion: {7,26,2,99,14,82,37,59,48,1,46,53,16,19,30,72,86,33,65,98,8,80,68,83,17,43,39,41,5,94,21,93,29,10,79,34,28,90,69,85,0,64,55,38,18,58,13,44,15,56,12,3,20,35,97,95,51,57,67,77,25,78,42,73,91,61,22,63,96,23,45,62,92,87,31,54,71,24,88,74,36,4,66,60,49,76,50,75,9,52,32,89,84,27,47,70,6,40,11,81}

22:16:57,170  INFO main:418 - *****************************************************
22:16:57,359  INFO main:401 - ****************Corrida 8 ************************
22:16:57,360  INFO main:402 - Fitness solucion: 24.0
22:16:57,360  INFO main:403 - Indice: 27
22:16:57,360  INFO main:404 - Generacion: 5
22:16:57,360  INFO main:405 - Rechazados: 36
22:16:57,360  INFO main:417 - Individuo Solucion: {6,1,66,81,4,32,35,79,16,37,41,90,91,68,95,15,9,3,29,80,19,31,45,17,30,86,24,78,72,59,33,7,82,96,57,23,75,53,13,34,60,36,84,76,71,18,44,42,99,43,88,67,97,40,63,2,94,5,12,52,47,62,50,92,46,26,56,51,48,27,87,69,39,0,77,73,74,22,83,54,61,38,98,11,49,70,85,93,58,89,10,65,21,28,8,14,20,55,64,25}

22:16:57,360  INFO main:418 - *****************************************************
22:16:57,546  INFO main:401 - ****************Corrida 9 ************************
22:16:57,546  INFO main:402 - Fitness solucion: 25.0
22:16:57,547  INFO main:403 - Indice: 27
22:16:57,547  INFO main:404 - Generacion: 0
22:16:57,547  INFO main:405 - Rechazados: 30
22:16:57,547  INFO main:417 - Individuo Solucion: {51,85,25,7,5,83,1,12,2,40,61,75,13,21,34,41,91,88,92,14,39,48,42,20,81,77,73,97,58,59,80,0,33,10,6,27,45,38,71,89,55,65,95,44,9,68,79,64,94,98,29,43,28,8,17,16,63,3,24,84,4,18,47,15,69,56,86,37,66,60,67,46,99,93,74,36,57,96,23,52,26,76,31,70,72,82,22,49,62,50,90,19,54,35,32,78,11,53,30,87}

22:16:57,547  INFO main:418 - *****************************************************
22:16:57,733  INFO main:401 - ****************Corrida 10 ************************
22:16:57,733  INFO main:402 - Fitness solucion: 24.0
22:16:57,733  INFO main:403 - Indice: 27
22:16:57,733  INFO main:404 - Generacion: 0
22:16:57,733  INFO main:405 - Rechazados: 24
22:16:57,733  INFO main:417 - Individuo Solucion: {61,53,33,10,72,92,9,20,59,97,90,23,94,88,65,84,74,41,6,8,2,11,66,68,25,48,89,50,91,36,18,39,43,34,37,73,85,30,24,42,38,46,17,4,7,70,49,51,1,29,95,56,75,77,27,5,21,14,83,44,19,54,52,64,79,47,3,69,31,71,78,15,87,96,67,12,86,22,62,35,82,81,16,60,76,80,55,26,57,0,98,99,28,63,32,58,45,40,13,93}

22:16:57,733  INFO main:418 - *****************************************************
22:16:57,919  INFO main:401 - ****************Corrida 11 ************************
22:16:57,919  INFO main:402 - Fitness solucion: 25.0
22:16:57,919  INFO main:403 - Indice: 27
22:16:57,919  INFO main:404 - Generacion: 0
22:16:57,919  INFO main:405 - Rechazados: 31
22:16:57,919  INFO main:417 - Individuo Solucion: {74,57,1,84,41,88,29,15,40,11,18,87,80,31,28,86,19,39,20,16,23,22,38,92,77,71,10,6,9,66,78,35,91,81,61,47,64,99,98,3,51,25,49,24,93,89,58,13,45,60,55,33,37,21,63,5,27,83,7,76,30,12,94,67,59,82,42,17,48,62,0,65,26,14,52,32,43,34,85,36,54,8,75,2,95,4,79,97,90,70,44,73,53,50,68,56,46,69,72,96}

22:16:57,919  INFO main:418 - *****************************************************
22:16:58,105  INFO main:401 - ****************Corrida 12 ************************
22:16:58,105  INFO main:402 - Fitness solucion: 24.0
22:16:58,105  INFO main:403 - Indice: 27
22:16:58,105  INFO main:404 - Generacion: 0
22:16:58,105  INFO main:405 - Rechazados: 30
22:16:58,106  INFO main:417 - Individuo Solucion: {65,11,9,89,7,41,19,92,3,30,8,4,71,99,39,84,33,69,42,26,2,93,90,37,29,20,34,68,10,66,97,46,13,31,22,78,1,24,94,17,23,61,51,49,88,45,59,12,48,57,74,27,21,56,43,81,58,63,80,85,62,18,87,67,32,5,6,16,76,75,82,55,40,73,72,91,15,98,70,96,0,83,47,77,44,52,36,28,38,35,64,86,54,95,53,14,79,50,25,60}

22:16:58,106  INFO main:418 - *****************************************************
22:16:58,289  INFO main:401 - ****************Corrida 13 ************************
22:16:58,289  INFO main:402 - Fitness solucion: 24.0
22:16:58,289  INFO main:403 - Indice: 27
22:16:58,289  INFO main:404 - Generacion: 6
22:16:58,289  INFO main:405 - Rechazados: 32
22:16:58,290  INFO main:417 - Individuo Solucion: {97,42,45,19,4,86,28,53,18,25,8,32,69,35,31,39,94,85,14,44,37,6,84,72,64,83,2,63,73,91,46,27,21,68,59,40,78,5,71,90,3,96,80,52,22,57,75,36,88,98,89,54,92,33,9,15,20,99,95,34,23,65,66,1,47,13,55,62,81,17,16,77,60,48,10,87,56,61,70,93,74,79,29,82,49,30,24,67,41,50,76,26,38,11,7,43,58,51,12,0}

22:16:58,290  INFO main:418 - *****************************************************
22:16:58,477  INFO main:401 - ****************Corrida 14 ************************
22:16:58,477  INFO main:402 - Fitness solucion: 25.0
22:16:58,477  INFO main:403 - Indice: 27
22:16:58,477  INFO main:404 - Generacion: 0
22:16:58,477  INFO main:405 - Rechazados: 24
22:16:58,477  INFO main:417 - Individuo Solucion: {51,69,4,28,10,5,20,74,84,76,99,89,11,96,94,95,64,57,61,8,80,60,29,87,46,39,53,1,72,34,67,2,48,18,86,0,41,38,6,40,3,9,52,50,27,33,56,75,30,82,92,19,43,42,81,22,83,36,55,97,49,23,35,25,63,21,31,98,58,62,44,37,45,71,65,68,12,73,54,88,70,79,59,14,15,77,47,26,16,13,17,24,32,85,78,66,7,93,90,91}

22:16:58,478  INFO main:418 - *****************************************************
22:16:58,662  INFO main:401 - ****************Corrida 15 ************************
22:16:58,662  INFO main:402 - Fitness solucion: 24.0
22:16:58,662  INFO main:403 - Indice: 26
22:16:58,662  INFO main:404 - Generacion: 2
22:16:58,662  INFO main:405 - Rechazados: 30
22:16:58,662  INFO main:417 - Individuo Solucion: {33,4,17,63,19,6,32,31,25,49,48,18,96,22,91,77,27,29,35,7,78,5,62,24,93,99,36,37,8,95,84,61,39,43,2,28,80,83,81,64,92,65,20,60,54,71,55,0,42,86,59,1,87,21,34,58,41,30,66,57,88,51,53,97,16,52,14,45,11,76,15,75,56,85,3,10,68,23,13,98,90,46,74,70,44,89,38,40,47,94,67,82,50,69,9,73,72,12,26,79}

22:16:58,662  INFO main:418 - *****************************************************
22:16:58,848  INFO main:401 - ****************Corrida 16 ************************
22:16:58,849  INFO main:402 - Fitness solucion: 25.0
22:16:58,849  INFO main:403 - Indice: 27
22:16:58,849  INFO main:404 - Generacion: 0
22:16:58,849  INFO main:405 - Rechazados: 31
22:16:58,849  INFO main:417 - Individuo Solucion: {68,14,37,81,7,82,39,72,73,91,24,88,90,0,12,93,3,5,25,34,2,99,60,10,87,9,98,8,32,1,62,48,26,97,11,83,18,53,28,49,35,57,41,27,36,84,52,43,31,13,16,19,42,47,71,77,22,55,56,23,85,63,33,58,74,54,69,80,75,66,61,45,78,51,95,70,76,15,65,59,89,40,64,30,44,94,17,86,20,46,38,92,29,21,67,96,4,50,6,79}

22:16:58,849  INFO main:418 - *****************************************************
22:16:59,033  INFO main:401 - ****************Corrida 17 ************************
22:16:59,033  INFO main:402 - Fitness solucion: 25.0
22:16:59,033  INFO main:403 - Indice: 27
22:16:59,033  INFO main:404 - Generacion: 0
22:16:59,033  INFO main:405 - Rechazados: 25
22:16:59,034  INFO main:417 - Individuo Solucion: {13,8,60,85,92,66,9,28,0,58,2,21,74,70,90,51,12,34,81,7,5,46,71,82,25,29,89,24,38,50,36,11,52,84,22,88,99,26,47,20,33,94,39,49,35,53,18,17,45,54,86,63,72,30,97,57,14,44,98,6,19,59,64,15,48,41,68,65,27,69,95,76,42,10,37,1,91,32,31,75,56,55,96,16,40,4,87,93,67,43,61,62,77,80,78,73,83,3,79,23}

22:16:59,034  INFO main:418 - *****************************************************
22:16:59,217  INFO main:401 - ****************Corrida 18 ************************
22:16:59,218  INFO main:402 - Fitness solucion: 24.0
22:16:59,218  INFO main:403 - Indice: 26
22:16:59,218  INFO main:404 - Generacion: 1
22:16:59,218  INFO main:405 - Rechazados: 29
22:16:59,218  INFO main:417 - Individuo Solucion: {93,78,18,99,12,72,9,27,74,34,35,89,45,22,60,7,98,40,62,81,30,13,19,59,80,70,36,90,11,29,6,66,43,8,0,2,61,39,86,49,38,5,96,1,64,37,48,88,69,33,94,15,68,32,77,16,73,14,50,17,85,54,47,95,63,46,55,75,53,10,84,28,4,31,25,41,23,57,65,87,58,82,24,71,21,97,79,44,52,20,83,76,51,42,56,26,67,91,92,3}

22:16:59,218  INFO main:418 - *****************************************************
22:16:59,405  INFO main:401 - ****************Corrida 19 ************************
22:16:59,405  INFO main:402 - Fitness solucion: 25.0
22:16:59,405  INFO main:403 - Indice: 27
22:16:59,406  INFO main:404 - Generacion: 0
22:16:59,406  INFO main:405 - Rechazados: 26
22:16:59,406  INFO main:417 - Individuo Solucion: {6,4,21,9,16,45,40,66,10,3,76,17,90,8,58,28,24,34,72,41,7,81,36,27,15,20,87,26,89,32,62,12,61,2,99,59,33,51,39,44,49,96,48,69,57,5,30,73,52,1,95,98,70,22,47,80,91,53,31,0,60,64,79,18,29,83,25,56,46,84,23,85,50,55,65,63,75,77,71,13,54,74,11,19,43,38,78,35,67,82,93,14,97,88,68,86,92,94,42,37}

22:16:59,406  INFO main:418 - *****************************************************
22:16:59,590  INFO main:401 - ****************Corrida 20 ************************
22:16:59,590  INFO main:402 - Fitness solucion: 24.0
22:16:59,590  INFO main:403 - Indice: 27
22:16:59,590  INFO main:404 - Generacion: 9
22:16:59,590  INFO main:405 - Rechazados: 30
22:16:59,591  INFO main:417 - Individuo Solucion: {7,92,60,77,71,22,30,11,15,76,97,95,51,19,90,52,89,14,87,2,18,36,50,61,69,20,17,1,9,62,49,67,5,4,37,35,8,66,29,93,41,79,59,70,81,96,28,57,0,46,88,21,78,74,73,34,48,39,25,31,99,72,94,23,43,45,53,3,56,24,6,84,63,10,38,58,80,12,33,27,47,40,54,64,32,86,82,68,44,26,13,55,16,75,83,85,91,65,42,98}

22:16:59,591  INFO main:418 - *****************************************************
22:16:59,776  INFO main:401 - ****************Corrida 21 ************************
22:16:59,776  INFO main:402 - Fitness solucion: 25.0
22:16:59,776  INFO main:403 - Indice: 27
22:16:59,776  INFO main:404 - Generacion: 1
22:16:59,776  INFO main:405 - Rechazados: 36
22:16:59,777  INFO main:417 - Individuo Solucion: {45,41,15,7,62,3,83,4,28,91,60,0,14,23,26,66,38,8,13,82,69,34,46,39,68,22,30,57,29,53,85,59,89,63,95,84,32,99,55,33,61,17,58,11,27,54,79,47,96,9,77,88,65,16,93,48,72,42,50,74,5,71,81,70,40,37,25,35,90,19,18,24,20,97,49,10,21,94,44,43,86,87,52,80,76,67,64,6,98,56,1,36,92,2,51,78,31,75,73,12}

22:16:59,777  INFO main:418 - *****************************************************
22:16:59,963  INFO main:401 - ****************Corrida 22 ************************
22:16:59,963  INFO main:402 - Fitness solucion: 25.0
22:16:59,963  INFO main:403 - Indice: 27
22:16:59,963  INFO main:404 - Generacion: 0
22:16:59,963  INFO main:405 - Rechazados: 31
22:16:59,963  INFO main:417 - Individuo Solucion: {3,86,50,7,12,6,33,71,19,22,20,88,4,53,72,55,74,28,79,94,16,99,21,83,49,75,0,44,18,40,26,38,98,37,24,23,39,43,76,14,2,90,13,48,11,54,25,59,92,32,42,41,60,45,57,64,63,82,97,91,66,58,30,95,46,29,61,17,56,67,70,35,73,65,69,85,68,34,1,81,84,96,5,80,87,9,8,52,51,27,93,15,62,78,47,10,31,89,77,36}

22:16:59,963  INFO main:418 - *****************************************************
22:17:00,149  INFO main:401 - ****************Corrida 23 ************************
22:17:00,149  INFO main:402 - Fitness solucion: 25.0
22:17:00,149  INFO main:403 - Indice: 27
22:17:00,150  INFO main:404 - Generacion: 0
22:17:00,150  INFO main:405 - Rechazados: 25
22:17:00,150  INFO main:417 - Individuo Solucion: {21,86,44,0,12,60,67,19,17,73,29,47,80,24,25,3,14,89,85,27,37,46,96,38,10,9,34,61,28,91,13,87,35,2,11,15,62,7,82,49,23,36,72,20,30,55,51,52,50,4,68,71,56,48,1,69,16,99,66,53,39,70,63,57,6,43,45,32,31,94,77,54,98,75,74,58,83,97,84,42,41,18,88,81,22,8,59,64,92,79,40,93,33,26,65,78,5,95,90,76}

22:17:00,150  INFO main:418 - *****************************************************
22:17:00,336  INFO main:401 - ****************Corrida 24 ************************
22:17:00,336  INFO main:402 - Fitness solucion: 25.0
22:17:00,337  INFO main:403 - Indice: 27
22:17:00,337  INFO main:404 - Generacion: 0
22:17:00,337  INFO main:405 - Rechazados: 30
22:17:00,337  INFO main:417 - Individuo Solucion: {17,5,99,35,13,31,29,55,66,69,25,89,81,54,75,64,58,23,85,0,92,97,3,45,1,65,59,18,51,67,46,22,86,98,56,43,12,48,32,74,94,36,68,8,72,34,63,40,21,60,19,91,6,14,11,2,61,28,84,10,50,49,38,90,42,47,9,77,83,41,33,53,79,78,44,96,4,7,30,26,76,27,57,62,16,80,82,73,15,71,20,24,70,95,93,52,87,39,37,88}

22:17:00,337  INFO main:418 - *****************************************************
22:17:00,524  INFO main:401 - ****************Corrida 25 ************************
22:17:00,524  INFO main:402 - Fitness solucion: 24.0
22:17:00,524  INFO main:403 - Indice: 27
22:17:00,524  INFO main:404 - Generacion: 0
22:17:00,524  INFO main:405 - Rechazados: 30
22:17:00,524  INFO main:417 - Individuo Solucion: {74,7,17,1,5,51,32,26,29,40,61,33,80,90,16,85,6,68,91,42,41,23,37,99,83,77,50,57,54,8,22,86,46,39,92,11,70,34,35,79,73,0,52,31,62,28,81,84,97,48,9,4,10,2,3,18,96,53,89,65,72,14,36,78,76,64,93,30,43,24,69,55,19,21,58,98,67,25,27,38,20,15,88,59,71,63,13,12,66,95,82,94,47,60,75,87,45,56,49,44}

22:17:00,524  INFO main:418 - *****************************************************
22:17:00,708  INFO main:401 - ****************Corrida 26 ************************
22:17:00,708  INFO main:402 - Fitness solucion: 25.0
22:17:00,708  INFO main:403 - Indice: 27
22:17:00,708  INFO main:404 - Generacion: 0
22:17:00,708  INFO main:405 - Rechazados: 25
22:17:00,708  INFO main:417 - Individuo Solucion: {71,9,12,7,6,44,24,33,98,18,95,66,26,77,51,90,92,15,1,32,97,22,68,10,4,5,14,21,3,31,36,79,89,40,96,85,43,35,55,23,64,16,28,29,82,0,41,8,80,99,56,88,70,78,19,34,84,48,53,59,46,47,91,42,72,63,86,62,2,45,30,69,50,67,54,81,87,37,74,57,13,73,76,49,38,17,94,25,65,52,39,75,60,27,93,20,83,11,61,58}

22:17:00,708  INFO main:418 - *****************************************************
22:17:00,894  INFO main:401 - ****************Corrida 27 ************************
22:17:00,895  INFO main:402 - Fitness solucion: 25.0
22:17:00,895  INFO main:403 - Indice: 27
22:17:00,895  INFO main:404 - Generacion: 0
22:17:00,895  INFO main:405 - Rechazados: 26
22:17:00,895  INFO main:417 - Individuo Solucion: {66,23,88,0,11,92,95,13,6,36,80,96,93,97,62,38,17,12,25,31,30,24,41,34,1,22,70,27,84,99,76,58,63,10,77,45,51,42,28,26,55,32,64,50,91,94,8,29,54,61,85,82,39,40,57,72,73,21,49,83,90,5,15,86,60,75,87,74,44,33,16,52,89,18,48,78,46,43,35,7,98,19,59,81,79,67,71,37,20,3,69,56,65,53,68,9,4,14,47,2}

22:17:00,895  INFO main:418 - *****************************************************
22:17:01,080  INFO main:401 - ****************Corrida 28 ************************
22:17:01,081  INFO main:402 - Fitness solucion: 24.0
22:17:01,081  INFO main:403 - Indice: 26
22:17:01,081  INFO main:404 - Generacion: 2
22:17:01,081  INFO main:405 - Rechazados: 29
22:17:01,081  INFO main:417 - Individuo Solucion: {53,86,19,76,2,7,1,79,21,40,90,6,26,4,92,39,5,22,41,96,98,43,58,63,0,94,82,87,78,18,12,34,27,81,28,99,29,70,51,91,52,62,45,31,13,16,50,84,24,44,66,15,88,77,60,48,35,3,67,47,32,9,69,46,73,80,42,38,61,68,85,54,56,17,25,36,59,89,57,8,11,93,97,37,75,10,20,64,30,83,71,72,49,65,14,55,23,33,74,95}

22:17:01,081  INFO main:418 - *****************************************************
22:17:01,269  INFO main:401 - ****************Corrida 29 ************************
22:17:01,269  INFO main:402 - Fitness solucion: 25.0
22:17:01,269  INFO main:403 - Indice: 26
22:17:01,269  INFO main:404 - Generacion: 0
22:17:01,269  INFO main:405 - Rechazados: 34
22:17:01,269  INFO main:417 - Individuo Solucion: {2,83,15,28,3,33,74,4,78,0,9,25,40,42,14,18,39,77,86,49,17,37,80,98,59,71,11,6,79,41,31,22,7,1,44,63,35,90,50,60,61,20,27,91,58,87,16,68,81,57,67,75,84,62,29,54,43,45,23,56,51,89,48,36,69,76,66,64,82,93,12,46,47,73,24,99,65,26,8,52,32,5,21,10,92,13,88,53,38,19,96,94,30,85,97,95,72,70,34,55}

22:17:01,270  INFO main:418 - *****************************************************
22:17:01,270  INFO main:420 - Tiempo AGP: 209
22:17:01,270  INFO main:422 - Promedio Final: 24
22:17:01,270  INFO main:424 - Promedio Generaciones: 0
22:17:01,270  INFO main:427 - Promedio Rechazos: 29
22:17:01,270  INFO main:430 - Promedio Defragmentacion: 1.250666666666667
22:17:01,270  INFO main:432 - *****************Resultados********************
22:17:01,270  INFO main:434 - result: 25.0
22:17:01,270  INFO main:434 - result: 25.0
22:17:01,270  INFO main:434 - result: 25.0
22:17:01,270  INFO main:434 - result: 25.0
22:17:01,271  INFO main:434 - result: 24.0
22:17:01,271  INFO main:434 - result: 24.0
22:17:01,271  INFO main:434 - result: 25.0
22:17:01,271  INFO main:434 - result: 25.0
22:17:01,271  INFO main:434 - result: 24.0
22:17:01,271  INFO main:434 - result: 25.0
22:17:01,271  INFO main:434 - result: 24.0
22:17:01,271  INFO main:434 - result: 25.0
22:17:01,271  INFO main:434 - result: 24.0
22:17:01,271  INFO main:434 - result: 24.0
22:17:01,271  INFO main:434 - result: 25.0
22:17:01,271  INFO main:434 - result: 24.0
22:17:01,272  INFO main:434 - result: 25.0
22:17:01,272  INFO main:434 - result: 25.0
22:17:01,272  INFO main:434 - result: 24.0
22:17:01,272  INFO main:434 - result: 25.0
22:17:01,272  INFO main:434 - result: 24.0
22:17:01,272  INFO main:434 - result: 25.0
22:17:01,272  INFO main:434 - result: 25.0
22:17:01,272  INFO main:434 - result: 25.0
22:17:01,272  INFO main:434 - result: 25.0
22:17:01,272  INFO main:434 - result: 24.0
22:17:01,272  INFO main:434 - result: 25.0
22:17:01,272  INFO main:434 - result: 25.0
22:17:01,272  INFO main:434 - result: 24.0
22:17:01,273  INFO main:434 - result: 25.0
22:17:01,273  INFO main:436 - *****************Generaciones********************
22:17:01,273  INFO main:438 - Generacion: 0
22:17:01,273  INFO main:438 - Generacion: 0
22:17:01,273  INFO main:438 - Generacion: 0
22:17:01,273  INFO main:438 - Generacion: 0
22:17:01,273  INFO main:438 - Generacion: 0
22:17:01,273  INFO main:438 - Generacion: 0
22:17:01,273  INFO main:438 - Generacion: 0
22:17:01,273  INFO main:438 - Generacion: 0
22:17:01,273  INFO main:438 - Generacion: 0
22:17:01,273  INFO main:438 - Generacion: 0
22:17:01,273  INFO main:438 - Generacion: 0
22:17:01,274  INFO main:438 - Generacion: 0
22:17:01,274  INFO main:438 - Generacion: 0
22:17:01,274  INFO main:438 - Generacion: 0
22:17:01,274  INFO main:438 - Generacion: 0
22:17:01,274  INFO main:438 - Generacion: 0
22:17:01,274  INFO main:438 - Generacion: 0
22:17:01,274  INFO main:438 - Generacion: 0
22:17:01,274  INFO main:438 - Generacion: 0
22:17:01,274  INFO main:438 - Generacion: 0
22:17:01,274  INFO main:438 - Generacion: 0
22:17:01,274  INFO main:438 - Generacion: 0
22:17:01,274  INFO main:438 - Generacion: 0
22:17:01,274  INFO main:438 - Generacion: 0
22:17:01,274  INFO main:438 - Generacion: 0
22:17:01,274  INFO main:438 - Generacion: 0
22:17:01,274  INFO main:438 - Generacion: 0
22:17:01,274  INFO main:438 - Generacion: 0
22:17:01,275  INFO main:438 - Generacion: 0
22:17:01,275  INFO main:438 - Generacion: 0
