17:09:24,819  INFO main:168 - Logueando
17:09:25,339  INFO main:387 - ****************AG PERMUTACION****************
17:09:26,728  INFO main:399 - ****************Corrida 0 ************************
17:09:26,729  INFO main:400 - Fitness solucion: 31.0
17:09:26,730  INFO main:401 - Indice: 31
17:09:26,730  INFO main:402 - Generacion: 0
17:09:26,730  INFO main:403 - Rechazados: 30
17:09:26,731  INFO main:413 - Individuo Solucion: {1,22,2,8,29,3,16,23,17,0,12,10,27,18,13,6,20,7,9,4,15,21,14,19,26,28,25,5,24,11}

17:09:26,731  INFO main:414 - *****************************************************
17:09:26,904  INFO main:399 - ****************Corrida 1 ************************
17:09:26,905  INFO main:400 - Fitness solucion: 31.0
17:09:26,905  INFO main:401 - Indice: 31
17:09:26,905  INFO main:402 - Generacion: 0
17:09:26,905  INFO main:403 - Rechazados: 30
17:09:26,905  INFO main:413 - Individuo Solucion: {2,25,10,6,24,17,0,16,26,1,28,21,9,15,18,12,8,5,22,19,4,7,29,11,3,27,14,23,20,13}

17:09:26,905  INFO main:414 - *****************************************************
17:09:27,044  INFO main:399 - ****************Corrida 2 ************************
17:09:27,045  INFO main:400 - Fitness solucion: 31.0
17:09:27,045  INFO main:401 - Indice: 31
17:09:27,045  INFO main:402 - Generacion: 0
17:09:27,046  INFO main:403 - Rechazados: 30
17:09:27,046  INFO main:413 - Individuo Solucion: {1,21,13,7,10,23,12,25,4,8,9,2,17,24,14,5,6,20,11,15,18,22,27,16,28,26,0,3,19,29}

17:09:27,046  INFO main:414 - *****************************************************
17:09:27,169  INFO main:399 - ****************Corrida 3 ************************
17:09:27,169  INFO main:400 - Fitness solucion: 31.0
17:09:27,169  INFO main:401 - Indice: 31
17:09:27,169  INFO main:402 - Generacion: 0
17:09:27,169  INFO main:403 - Rechazados: 30
17:09:27,170  INFO main:413 - Individuo Solucion: {5,18,27,1,8,4,11,24,9,3,29,10,16,21,20,14,28,13,2,26,17,22,7,19,23,25,15,0,6,12}

17:09:27,170  INFO main:414 - *****************************************************
17:09:27,286  INFO main:399 - ****************Corrida 4 ************************
17:09:27,286  INFO main:400 - Fitness solucion: 31.0
17:09:27,286  INFO main:401 - Indice: 31
17:09:27,286  INFO main:402 - Generacion: 0
17:09:27,287  INFO main:403 - Rechazados: 30
17:09:27,287  INFO main:413 - Individuo Solucion: {0,17,10,3,1,7,29,28,9,8,12,13,5,6,19,14,18,4,21,20,26,11,25,16,2,15,23,22,24,27}

17:09:27,287  INFO main:414 - *****************************************************
17:09:27,405  INFO main:399 - ****************Corrida 5 ************************
17:09:27,405  INFO main:400 - Fitness solucion: 31.0
17:09:27,405  INFO main:401 - Indice: 31
17:09:27,405  INFO main:402 - Generacion: 0
17:09:27,405  INFO main:403 - Rechazados: 30
17:09:27,406  INFO main:413 - Individuo Solucion: {25,6,27,28,19,8,0,17,13,26,12,18,3,24,21,4,29,20,11,7,5,2,16,14,9,1,22,15,23,10}

17:09:27,406  INFO main:414 - *****************************************************
17:09:27,522  INFO main:399 - ****************Corrida 6 ************************
17:09:27,523  INFO main:400 - Fitness solucion: 31.0
17:09:27,523  INFO main:401 - Indice: 31
17:09:27,523  INFO main:402 - Generacion: 0
17:09:27,523  INFO main:403 - Rechazados: 30
17:09:27,523  INFO main:413 - Individuo Solucion: {17,3,10,26,12,2,20,6,14,16,27,22,9,15,19,29,24,7,1,4,13,5,8,28,11,25,23,21,18,0}

17:09:27,523  INFO main:414 - *****************************************************
17:09:27,698  INFO main:399 - ****************Corrida 7 ************************
17:09:27,698  INFO main:400 - Fitness solucion: 31.0
17:09:27,698  INFO main:401 - Indice: 31
17:09:27,698  INFO main:402 - Generacion: 0
17:09:27,699  INFO main:403 - Rechazados: 30
17:09:27,699  INFO main:413 - Individuo Solucion: {8,1,3,0,7,10,26,22,11,12,9,29,2,27,21,5,20,13,15,18,6,4,16,23,28,24,17,14,19,25}

17:09:27,699  INFO main:414 - *****************************************************
17:09:27,839  INFO main:399 - ****************Corrida 8 ************************
17:09:27,840  INFO main:400 - Fitness solucion: 31.0
17:09:27,840  INFO main:401 - Indice: 31
17:09:27,840  INFO main:402 - Generacion: 0
17:09:27,840  INFO main:403 - Rechazados: 30
17:09:27,840  INFO main:413 - Individuo Solucion: {7,5,1,18,0,14,27,20,6,15,17,29,16,11,8,2,28,26,4,22,9,12,21,13,19,3,25,23,10,24}

17:09:27,840  INFO main:414 - *****************************************************
17:09:28,018  INFO main:399 - ****************Corrida 9 ************************
17:09:28,018  INFO main:400 - Fitness solucion: 31.0
17:09:28,018  INFO main:401 - Indice: 31
17:09:28,018  INFO main:402 - Generacion: 0
17:09:28,018  INFO main:403 - Rechazados: 30
17:09:28,019  INFO main:413 - Individuo Solucion: {25,3,22,6,12,24,5,0,8,7,27,9,29,28,23,18,2,21,20,13,17,19,26,16,11,14,4,10,1,15}

17:09:28,019  INFO main:414 - *****************************************************
17:09:28,151  INFO main:399 - ****************Corrida 10 ************************
17:09:28,151  INFO main:400 - Fitness solucion: 31.0
17:09:28,151  INFO main:401 - Indice: 31
17:09:28,151  INFO main:402 - Generacion: 0
17:09:28,152  INFO main:403 - Rechazados: 30
17:09:28,152  INFO main:413 - Individuo Solucion: {14,4,26,18,7,1,22,25,9,12,28,21,10,20,3,11,8,27,0,2,29,19,13,24,17,23,5,15,16,6}

17:09:28,152  INFO main:414 - *****************************************************
17:09:28,278  INFO main:399 - ****************Corrida 11 ************************
17:09:28,278  INFO main:400 - Fitness solucion: 31.0
17:09:28,278  INFO main:401 - Indice: 31
17:09:28,278  INFO main:402 - Generacion: 0
17:09:28,278  INFO main:403 - Rechazados: 30
17:09:28,278  INFO main:413 - Individuo Solucion: {0,4,11,26,13,1,23,22,16,2,8,27,17,6,24,5,3,19,9,14,29,15,21,25,18,10,20,7,12,28}

17:09:28,278  INFO main:414 - *****************************************************
17:09:28,406  INFO main:399 - ****************Corrida 12 ************************
17:09:28,407  INFO main:400 - Fitness solucion: 31.0
17:09:28,407  INFO main:401 - Indice: 31
17:09:28,407  INFO main:402 - Generacion: 0
17:09:28,407  INFO main:403 - Rechazados: 30
17:09:28,407  INFO main:413 - Individuo Solucion: {2,4,25,23,1,29,0,12,3,11,17,15,21,13,20,18,6,7,16,5,10,9,26,8,22,28,14,24,27,19}

17:09:28,407  INFO main:414 - *****************************************************
17:09:28,535  INFO main:399 - ****************Corrida 13 ************************
17:09:28,535  INFO main:400 - Fitness solucion: 31.0
17:09:28,535  INFO main:401 - Indice: 31
17:09:28,535  INFO main:402 - Generacion: 0
17:09:28,535  INFO main:403 - Rechazados: 30
17:09:28,535  INFO main:413 - Individuo Solucion: {13,1,16,29,20,27,0,5,6,26,3,8,19,17,9,2,21,22,12,24,7,10,23,4,28,25,18,14,15,11}

17:09:28,536  INFO main:414 - *****************************************************
17:09:28,667  INFO main:399 - ****************Corrida 14 ************************
17:09:28,668  INFO main:400 - Fitness solucion: 31.0
17:09:28,668  INFO main:401 - Indice: 31
17:09:28,668  INFO main:402 - Generacion: 0
17:09:28,668  INFO main:403 - Rechazados: 30
17:09:28,668  INFO main:413 - Individuo Solucion: {6,3,29,4,5,12,21,28,11,0,27,8,20,22,16,26,9,13,7,24,15,10,2,18,14,23,1,19,17,25}

17:09:28,668  INFO main:414 - *****************************************************
17:09:28,790  INFO main:399 - ****************Corrida 15 ************************
17:09:28,790  INFO main:400 - Fitness solucion: 31.0
17:09:28,790  INFO main:401 - Indice: 31
17:09:28,790  INFO main:402 - Generacion: 0
17:09:28,790  INFO main:403 - Rechazados: 30
17:09:28,791  INFO main:413 - Individuo Solucion: {9,11,0,22,24,20,6,7,15,14,2,8,17,4,10,21,3,12,13,27,29,19,28,26,16,23,18,1,5,25}

17:09:28,791  INFO main:414 - *****************************************************
17:09:28,934  INFO main:399 - ****************Corrida 16 ************************
17:09:28,934  INFO main:400 - Fitness solucion: 31.0
17:09:28,934  INFO main:401 - Indice: 31
17:09:28,934  INFO main:402 - Generacion: 0
17:09:28,934  INFO main:403 - Rechazados: 30
17:09:28,934  INFO main:413 - Individuo Solucion: {10,6,27,4,7,25,20,8,5,15,11,2,16,21,1,12,29,19,9,23,28,14,18,13,3,24,22,17,26,0}

17:09:28,935  INFO main:414 - *****************************************************
17:09:29,054  INFO main:399 - ****************Corrida 17 ************************
17:09:29,055  INFO main:400 - Fitness solucion: 31.0
17:09:29,055  INFO main:401 - Indice: 31
17:09:29,055  INFO main:402 - Generacion: 0
17:09:29,055  INFO main:403 - Rechazados: 30
17:09:29,055  INFO main:413 - Individuo Solucion: {8,4,1,9,6,25,14,5,20,12,22,28,11,10,7,29,21,26,17,27,23,3,24,15,19,0,18,13,2,16}

17:09:29,055  INFO main:414 - *****************************************************
17:09:29,204  INFO main:399 - ****************Corrida 18 ************************
17:09:29,205  INFO main:400 - Fitness solucion: 31.0
17:09:29,205  INFO main:401 - Indice: 31
17:09:29,205  INFO main:402 - Generacion: 0
17:09:29,205  INFO main:403 - Rechazados: 30
17:09:29,205  INFO main:413 - Individuo Solucion: {2,14,1,13,21,4,11,19,12,15,3,9,24,22,25,23,27,5,17,0,20,10,8,18,6,26,16,28,29,7}

17:09:29,205  INFO main:414 - *****************************************************
17:09:29,358  INFO main:399 - ****************Corrida 19 ************************
17:09:29,358  INFO main:400 - Fitness solucion: 31.0
17:09:29,358  INFO main:401 - Indice: 31
17:09:29,358  INFO main:402 - Generacion: 0
17:09:29,359  INFO main:403 - Rechazados: 30
17:09:29,359  INFO main:413 - Individuo Solucion: {16,19,9,1,24,0,25,17,10,3,6,26,2,22,8,5,13,28,4,29,14,23,7,18,15,27,11,12,20,21}

17:09:29,359  INFO main:414 - *****************************************************
17:09:29,477  INFO main:399 - ****************Corrida 20 ************************
17:09:29,477  INFO main:400 - Fitness solucion: 31.0
17:09:29,477  INFO main:401 - Indice: 31
17:09:29,477  INFO main:402 - Generacion: 0
17:09:29,478  INFO main:403 - Rechazados: 30
17:09:29,478  INFO main:413 - Individuo Solucion: {4,12,7,23,5,2,11,1,3,14,15,18,29,21,16,6,8,9,10,27,20,19,17,24,25,13,0,22,28,26}

17:09:29,478  INFO main:414 - *****************************************************
17:09:29,594  INFO main:399 - ****************Corrida 21 ************************
17:09:29,594  INFO main:400 - Fitness solucion: 31.0
17:09:29,594  INFO main:401 - Indice: 31
17:09:29,594  INFO main:402 - Generacion: 0
17:09:29,595  INFO main:403 - Rechazados: 30
17:09:29,595  INFO main:413 - Individuo Solucion: {12,10,28,29,0,9,6,11,15,13,20,21,17,25,14,27,22,24,19,5,1,2,26,18,7,23,8,4,3,16}

17:09:29,595  INFO main:414 - *****************************************************
17:09:29,726  INFO main:399 - ****************Corrida 22 ************************
17:09:29,727  INFO main:400 - Fitness solucion: 31.0
17:09:29,727  INFO main:401 - Indice: 31
17:09:29,727  INFO main:402 - Generacion: 0
17:09:29,727  INFO main:403 - Rechazados: 30
17:09:29,727  INFO main:413 - Individuo Solucion: {1,21,29,9,14,5,6,2,24,19,8,15,7,20,25,10,11,3,22,28,26,18,27,23,16,0,12,4,17,13}

17:09:29,727  INFO main:414 - *****************************************************
17:09:29,875  INFO main:399 - ****************Corrida 23 ************************
17:09:29,876  INFO main:400 - Fitness solucion: 31.0
17:09:29,876  INFO main:401 - Indice: 31
17:09:29,876  INFO main:402 - Generacion: 0
17:09:29,876  INFO main:403 - Rechazados: 30
17:09:29,876  INFO main:413 - Individuo Solucion: {16,3,6,14,26,27,24,1,10,7,21,12,0,25,4,15,2,28,11,13,20,8,23,17,22,9,19,5,18,29}

17:09:29,876  INFO main:414 - *****************************************************
17:09:30,001  INFO main:399 - ****************Corrida 24 ************************
17:09:30,002  INFO main:400 - Fitness solucion: 31.0
17:09:30,002  INFO main:401 - Indice: 31
17:09:30,002  INFO main:402 - Generacion: 0
17:09:30,002  INFO main:403 - Rechazados: 30
17:09:30,002  INFO main:413 - Individuo Solucion: {3,4,27,7,25,10,17,19,16,29,18,26,13,6,15,21,1,8,20,14,5,23,11,24,12,9,0,22,28,2}

17:09:30,002  INFO main:414 - *****************************************************
17:09:30,116  INFO main:399 - ****************Corrida 25 ************************
17:09:30,116  INFO main:400 - Fitness solucion: 31.0
17:09:30,116  INFO main:401 - Indice: 31
17:09:30,116  INFO main:402 - Generacion: 0
17:09:30,116  INFO main:403 - Rechazados: 30
17:09:30,116  INFO main:413 - Individuo Solucion: {3,2,5,6,27,19,0,14,16,24,8,28,4,23,9,15,18,13,10,29,1,20,7,12,21,11,17,25,26,22}

17:09:30,116  INFO main:414 - *****************************************************
17:09:30,249  INFO main:399 - ****************Corrida 26 ************************
17:09:30,250  INFO main:400 - Fitness solucion: 31.0
17:09:30,250  INFO main:401 - Indice: 31
17:09:30,250  INFO main:402 - Generacion: 0
17:09:30,250  INFO main:403 - Rechazados: 30
17:09:30,250  INFO main:413 - Individuo Solucion: {6,0,1,12,13,2,8,23,21,26,10,29,14,7,3,9,27,20,15,19,28,16,22,5,17,11,25,4,18,24}

17:09:30,250  INFO main:414 - *****************************************************
17:09:30,361  INFO main:399 - ****************Corrida 27 ************************
17:09:30,362  INFO main:400 - Fitness solucion: 31.0
17:09:30,362  INFO main:401 - Indice: 31
17:09:30,362  INFO main:402 - Generacion: 0
17:09:30,362  INFO main:403 - Rechazados: 30
17:09:30,362  INFO main:413 - Individuo Solucion: {21,3,26,2,9,7,10,5,6,12,23,0,11,24,15,27,18,29,14,25,8,1,4,19,22,28,17,16,20,13}

17:09:30,362  INFO main:414 - *****************************************************
17:09:30,476  INFO main:399 - ****************Corrida 28 ************************
17:09:30,476  INFO main:400 - Fitness solucion: 31.0
17:09:30,476  INFO main:401 - Indice: 31
17:09:30,476  INFO main:402 - Generacion: 0
17:09:30,477  INFO main:403 - Rechazados: 30
17:09:30,477  INFO main:413 - Individuo Solucion: {27,3,29,2,12,6,10,25,19,16,4,0,26,5,7,11,18,28,17,9,8,14,23,15,1,20,24,22,21,13}

17:09:30,477  INFO main:414 - *****************************************************
17:09:30,590  INFO main:399 - ****************Corrida 29 ************************
17:09:30,590  INFO main:400 - Fitness solucion: 31.0
17:09:30,590  INFO main:401 - Indice: 31
17:09:30,590  INFO main:402 - Generacion: 0
17:09:30,590  INFO main:403 - Rechazados: 30
17:09:30,590  INFO main:413 - Individuo Solucion: {9,0,19,24,22,28,20,2,3,1,18,14,16,5,25,8,15,12,6,4,26,29,17,27,13,11,10,21,7,23}

17:09:30,590  INFO main:414 - *****************************************************
17:09:30,590  INFO main:416 - Tiempo AGP: 173
17:09:30,591  INFO main:417 - Promedio Final: 31
17:09:30,591  INFO main:418 - Promedio Generaciones: 0
17:09:30,591  INFO main:420 - *****************Resultados********************
17:09:30,591  INFO main:422 - result: 31.0
17:09:30,591  INFO main:422 - result: 31.0
17:09:30,591  INFO main:422 - result: 31.0
17:09:30,591  INFO main:422 - result: 31.0
17:09:30,591  INFO main:422 - result: 31.0
17:09:30,591  INFO main:422 - result: 31.0
17:09:30,591  INFO main:422 - result: 31.0
17:09:30,591  INFO main:422 - result: 31.0
17:09:30,591  INFO main:422 - result: 31.0
17:09:30,591  INFO main:422 - result: 31.0
17:09:30,592  INFO main:422 - result: 31.0
17:09:30,592  INFO main:422 - result: 31.0
17:09:30,592  INFO main:422 - result: 31.0
17:09:30,592  INFO main:422 - result: 31.0
17:09:30,592  INFO main:422 - result: 31.0
17:09:30,592  INFO main:422 - result: 31.0
17:09:30,592  INFO main:422 - result: 31.0
17:09:30,592  INFO main:422 - result: 31.0
17:09:30,592  INFO main:422 - result: 31.0
17:09:30,592  INFO main:422 - result: 31.0
17:09:30,592  INFO main:422 - result: 31.0
17:09:30,592  INFO main:422 - result: 31.0
17:09:30,592  INFO main:422 - result: 31.0
17:09:30,593  INFO main:422 - result: 31.0
17:09:30,593  INFO main:422 - result: 31.0
17:09:30,593  INFO main:422 - result: 31.0
17:09:30,593  INFO main:422 - result: 31.0
17:09:30,593  INFO main:422 - result: 31.0
17:09:30,593  INFO main:422 - result: 31.0
17:09:30,593  INFO main:422 - result: 31.0
17:09:30,593  INFO main:424 - *****************Generaciones********************
17:09:30,593  INFO main:426 - Generacion: 0
17:09:30,593  INFO main:426 - Generacion: 0
17:09:30,593  INFO main:426 - Generacion: 0
17:09:30,593  INFO main:426 - Generacion: 0
17:09:30,593  INFO main:426 - Generacion: 0
17:09:30,593  INFO main:426 - Generacion: 0
17:09:30,594  INFO main:426 - Generacion: 0
17:09:30,594  INFO main:426 - Generacion: 0
17:09:30,594  INFO main:426 - Generacion: 0
17:09:30,594  INFO main:426 - Generacion: 0
17:09:30,594  INFO main:426 - Generacion: 0
17:09:30,594  INFO main:426 - Generacion: 0
17:09:30,594  INFO main:426 - Generacion: 0
17:09:30,594  INFO main:426 - Generacion: 0
17:09:30,594  INFO main:426 - Generacion: 0
17:09:30,594  INFO main:426 - Generacion: 0
17:09:30,594  INFO main:426 - Generacion: 0
17:09:30,594  INFO main:426 - Generacion: 0
17:09:30,595  INFO main:426 - Generacion: 0
17:09:30,595  INFO main:426 - Generacion: 0
17:09:30,595  INFO main:426 - Generacion: 0
17:09:30,595  INFO main:426 - Generacion: 0
17:09:30,595  INFO main:426 - Generacion: 0
17:09:30,595  INFO main:426 - Generacion: 0
17:09:30,595  INFO main:426 - Generacion: 0
17:09:30,595  INFO main:426 - Generacion: 0
17:09:30,595  INFO main:426 - Generacion: 0
17:09:30,595  INFO main:426 - Generacion: 0
17:09:30,595  INFO main:426 - Generacion: 0
17:09:30,595  INFO main:426 - Generacion: 0
