22:03:20,675  INFO main:168 - Logueando
22:04:31,277  INFO main:300 - Tiempo PreCalculo: 70601
22:04:31,278  INFO main:387 - ****************AG PERMUTACION****************
22:04:32,690  INFO main:401 - ****************Corrida 0 ************************
22:04:32,691  INFO main:402 - Fitness solucion: 40.0
22:04:32,691  INFO main:403 - Indice: 45
22:04:32,691  INFO main:404 - Generacion: 3
22:04:32,691  INFO main:405 - Rechazados: 53
22:04:32,691  INFO main:417 - Individuo Solucion: {3,76,4,239,14,231,237,22,152,91,227,59,244,48,49,179,120,148,10,119,122,157,78,196,70,16,170,96,105,246,190,245,247,134,85,142,68,133,28,37,98,0,248,235,62,73,156,164,146,60,67,29,57,41,150,118,175,42,204,191,193,198,114,169,195,18,144,100,241,87,187,86,167,112,35,27,44,226,82,40,79,113,99,104,17,103,177,106,242,34,189,209,23,238,51,116,47,93,110,174,220,24,166,46,74,127,194,39,125,197,94,218,101,123,21,155,140,63,88,135,5,9,182,117,31,54,71,80,137,77,159,61,1,84,132,136,206,55,89,173,171,154,102,215,212,186,83,81,69,56,25,13,32,124,138,97,64,200,149,202,19,222,230,236,2,65,205,162,178,109,219,95,15,115,229,30,126,168,165,158,130,20,184,141,208,92,192,147,72,128,107,223,111,185,121,8,131,163,234,143,139,160,176,232,217,216,211,151,90,145,199,180,210,243,188,213,26,228,33,240,172,58,224,52,43,153,207,225,249,38,181,203,201,161,129,53,108,6,12,7,45,233,183,36,221,214,11,66,50,75}

22:04:32,691  INFO main:418 - *****************************************************
22:04:33,407  INFO main:401 - ****************Corrida 1 ************************
22:04:33,407  INFO main:402 - Fitness solucion: 40.0
22:04:33,407  INFO main:403 - Indice: 45
22:04:33,407  INFO main:404 - Generacion: 6
22:04:33,407  INFO main:405 - Rechazados: 62
22:04:33,408  INFO main:417 - Individuo Solucion: {157,39,0,175,76,139,205,73,28,91,197,83,143,24,129,131,51,237,9,30,95,146,101,75,25,121,126,184,100,195,214,84,111,105,42,4,148,52,67,2,58,136,104,228,41,15,3,62,188,185,231,120,125,21,153,8,222,113,93,246,32,247,122,209,48,207,226,217,155,162,248,240,200,65,173,114,14,164,210,220,221,74,124,85,10,99,227,229,26,166,116,145,88,137,80,47,103,123,115,92,241,224,12,70,156,13,40,190,140,179,29,20,176,64,242,236,55,38,36,159,19,230,97,223,5,71,110,118,151,238,132,211,144,233,69,234,232,44,225,249,182,59,183,243,96,117,152,134,43,107,141,201,180,218,130,181,50,37,239,169,150,235,45,160,17,147,163,6,16,244,194,135,161,23,66,106,192,202,77,61,187,35,149,53,18,142,27,89,56,196,168,11,68,82,112,94,79,208,167,189,128,72,212,22,78,102,1,33,178,203,49,127,46,54,172,7,191,193,204,198,199,186,154,133,109,98,177,90,171,60,219,216,245,119,215,86,158,81,206,138,34,213,31,165,57,63,170,108,87,174}

22:04:33,408  INFO main:418 - *****************************************************
22:04:34,027  INFO main:401 - ****************Corrida 2 ************************
22:04:34,027  INFO main:402 - Fitness solucion: 40.0
22:04:34,027  INFO main:403 - Indice: 45
22:04:34,027  INFO main:404 - Generacion: 6
22:04:34,027  INFO main:405 - Rechazados: 50
22:04:34,028  INFO main:417 - Individuo Solucion: {4,249,7,217,29,28,47,179,167,229,5,202,31,240,12,192,50,242,96,214,186,69,176,3,37,88,137,238,89,170,181,132,97,116,65,246,149,165,27,54,35,19,219,163,162,248,235,177,68,218,206,41,234,189,74,243,62,215,95,136,228,79,18,239,43,185,158,216,14,107,106,84,20,34,11,53,139,174,71,90,100,120,86,113,118,134,237,208,81,145,178,212,221,213,117,24,115,126,39,45,46,207,193,44,76,91,146,58,175,147,232,127,0,152,142,135,38,13,236,125,123,225,94,141,49,108,223,36,245,15,194,26,226,203,222,75,77,42,231,124,63,57,22,164,87,78,199,23,10,67,138,1,110,73,109,129,201,140,151,32,210,17,182,200,56,131,247,21,119,99,114,121,8,103,205,227,60,40,52,173,166,197,82,183,128,72,180,92,30,150,98,156,85,59,6,105,169,70,244,172,9,64,102,233,122,159,196,143,224,195,191,241,188,198,48,51,153,204,55,187,66,112,155,61,133,157,93,190,130,16,230,211,144,148,209,161,154,184,83,80,33,111,2,25,160,220,101,168,104,171}

22:04:34,028  INFO main:418 - *****************************************************
22:04:34,638  INFO main:401 - ****************Corrida 3 ************************
22:04:34,639  INFO main:402 - Fitness solucion: 40.0
22:04:34,639  INFO main:403 - Indice: 45
22:04:34,639  INFO main:404 - Generacion: 0
22:04:34,639  INFO main:405 - Rechazados: 57
22:04:34,639  INFO main:417 - Individuo Solucion: {27,20,138,3,32,19,187,151,103,230,244,8,42,39,38,118,17,5,210,165,225,56,65,232,109,135,45,48,1,148,155,60,73,179,167,235,123,169,208,10,96,212,21,198,245,61,41,189,186,239,36,90,30,43,101,69,4,223,81,231,53,29,220,178,16,129,182,126,31,83,184,200,131,193,70,217,18,248,236,7,108,133,124,143,47,63,132,115,141,195,204,113,227,173,249,100,92,183,49,77,175,14,199,168,158,242,194,9,102,35,64,247,128,89,116,188,23,122,191,98,93,119,142,74,134,107,106,211,243,213,201,197,33,241,80,0,180,164,150,229,97,120,91,40,110,75,224,67,12,58,139,114,105,127,66,24,54,71,161,137,174,145,218,22,85,146,203,55,140,156,207,44,72,94,181,112,237,152,104,166,163,26,76,57,238,25,15,28,234,87,59,130,228,190,171,62,78,170,162,37,176,111,233,68,206,202,95,196,159,51,34,154,219,50,222,177,2,13,192,136,82,6,216,52,117,84,185,215,149,11,214,88,209,147,86,221,99,125,157,153,79,144,160,46,246,240,121,226,172,205}

22:04:34,639  INFO main:418 - *****************************************************
22:04:35,255  INFO main:401 - ****************Corrida 4 ************************
22:04:35,255  INFO main:402 - Fitness solucion: 41.0
22:04:35,255  INFO main:403 - Indice: 45
22:04:35,255  INFO main:404 - Generacion: 1
22:04:35,255  INFO main:405 - Rechazados: 55
22:04:35,255  INFO main:417 - Individuo Solucion: {165,145,19,240,99,217,8,192,155,60,197,3,16,18,71,139,239,131,225,43,53,9,59,112,107,48,209,7,138,1,85,177,140,130,222,58,10,57,234,183,111,244,17,0,246,88,120,100,191,6,34,2,75,98,231,49,28,12,147,206,110,78,230,181,104,176,241,23,207,136,179,106,119,74,93,101,114,169,182,132,95,5,116,202,45,27,235,25,208,69,92,51,166,109,113,188,21,94,237,223,219,146,124,215,167,153,14,203,40,41,152,108,70,168,76,187,37,29,73,89,47,103,143,227,200,62,144,198,15,180,24,186,121,218,67,205,22,184,158,90,115,220,171,159,162,72,128,66,216,50,79,126,33,80,61,173,11,64,84,55,122,157,243,102,174,63,54,233,105,30,148,195,129,172,46,117,127,178,161,213,135,163,97,133,149,199,68,96,137,36,156,35,32,204,226,39,91,82,77,228,118,134,86,160,245,42,236,190,81,125,142,189,229,224,242,210,175,65,123,31,193,38,185,56,248,154,20,83,201,141,170,44,196,212,194,26,52,221,249,87,164,150,214,4,247,238,232,151,13,211}

22:04:35,256  INFO main:418 - *****************************************************
22:04:35,927  INFO main:401 - ****************Corrida 5 ************************
22:04:35,927  INFO main:402 - Fitness solucion: 40.0
22:04:35,927  INFO main:403 - Indice: 45
22:04:35,928  INFO main:404 - Generacion: 5
22:04:35,928  INFO main:405 - Rechazados: 54
22:04:35,928  INFO main:417 - Individuo Solucion: {55,226,212,96,249,204,24,69,50,19,13,208,54,51,223,86,7,83,58,121,65,213,117,218,100,165,176,192,198,22,99,233,62,108,216,149,128,85,112,181,36,64,2,139,3,102,200,191,147,14,240,234,78,232,220,141,67,221,215,183,231,122,37,160,132,227,41,95,27,113,34,137,134,194,172,235,120,72,243,154,196,187,205,18,201,207,31,163,217,219,0,230,114,73,79,214,104,185,59,38,90,152,35,42,33,210,209,97,155,237,189,203,60,20,10,94,153,75,156,168,248,12,238,229,98,92,150,40,199,5,127,157,167,53,110,1,145,136,87,46,88,118,195,119,107,29,130,70,57,164,81,16,111,151,56,135,74,224,222,30,32,66,48,225,129,25,170,166,61,105,142,173,84,177,125,228,186,11,246,43,9,178,175,116,133,180,101,140,171,71,45,124,109,182,242,93,138,82,68,15,158,26,63,159,236,184,247,206,239,190,28,106,8,115,146,193,44,144,161,89,126,148,245,49,131,123,23,76,197,143,174,241,17,162,21,6,103,244,211,91,179,202,47,52,169,188,80,77,39,4}

22:04:35,928  INFO main:418 - *****************************************************
22:04:36,538  INFO main:401 - ****************Corrida 6 ************************
22:04:36,539  INFO main:402 - Fitness solucion: 41.0
22:04:36,539  INFO main:403 - Indice: 45
22:04:36,539  INFO main:404 - Generacion: 0
22:04:36,539  INFO main:405 - Rechazados: 57
22:04:36,542  INFO main:417 - Individuo Solucion: {19,9,99,3,6,58,16,90,41,0,201,244,50,193,55,167,140,63,144,151,74,31,229,33,18,135,91,182,232,49,20,191,40,34,239,72,12,110,79,51,206,227,170,185,59,65,134,21,198,13,186,126,233,179,62,196,1,130,53,114,94,236,84,57,175,204,222,64,83,223,228,153,101,184,205,242,125,208,169,142,46,98,78,113,123,192,154,243,25,81,45,107,82,52,247,39,127,128,237,131,104,116,73,76,89,183,92,10,14,221,28,240,88,148,71,139,122,132,171,103,217,95,80,38,56,29,187,212,5,54,181,102,106,35,163,133,17,174,22,8,26,32,86,157,220,178,235,105,93,238,60,109,118,67,164,4,230,149,190,124,42,15,112,224,120,70,87,129,96,245,231,195,172,75,211,225,173,160,111,241,85,161,11,44,97,119,36,61,138,248,2,69,48,100,176,150,143,189,155,197,207,145,216,249,146,7,168,203,37,30,121,218,194,115,27,210,199,188,226,159,117,66,234,180,43,152,23,24,158,77,47,202,219,166,162,156,136,177,137,68,200,215,214,246,209,141,147,108,165,213}

22:04:36,542  INFO main:418 - *****************************************************
22:04:37,159  INFO main:401 - ****************Corrida 7 ************************
22:04:37,160  INFO main:402 - Fitness solucion: 41.0
22:04:37,160  INFO main:403 - Indice: 45
22:04:37,160  INFO main:404 - Generacion: 0
22:04:37,160  INFO main:405 - Rechazados: 62
22:04:37,160  INFO main:417 - Individuo Solucion: {10,31,99,7,25,32,65,29,235,234,170,30,75,223,178,211,248,153,28,42,0,52,104,5,157,192,244,3,138,146,26,58,131,48,19,200,181,20,15,12,24,232,179,88,46,169,107,219,216,147,91,1,160,17,198,110,83,111,59,61,62,84,183,37,215,54,76,227,189,95,93,23,77,98,60,245,207,41,67,79,172,13,66,122,184,239,50,103,69,199,68,133,176,194,45,166,78,210,238,185,241,226,228,9,186,86,8,87,206,11,155,222,109,218,14,94,116,202,135,136,162,55,173,27,36,89,161,119,51,114,39,143,80,18,112,130,220,171,118,126,74,97,249,33,159,182,96,180,224,236,197,129,177,117,237,120,4,168,148,203,125,49,191,165,102,56,229,121,142,156,201,243,124,92,174,195,151,144,90,53,132,16,128,150,231,6,205,100,101,204,209,105,34,137,72,85,35,113,123,63,247,2,190,134,43,230,242,167,187,163,47,240,40,214,73,221,208,212,22,152,64,127,108,149,217,139,164,71,196,175,233,158,154,140,106,145,225,188,141,213,115,38,82,70,21,246,44,81,193,57}

22:04:37,160  INFO main:418 - *****************************************************
22:04:37,775  INFO main:401 - ****************Corrida 8 ************************
22:04:37,776  INFO main:402 - Fitness solucion: 41.0
22:04:37,776  INFO main:403 - Indice: 45
22:04:37,776  INFO main:404 - Generacion: 0
22:04:37,776  INFO main:405 - Rechazados: 51
22:04:37,776  INFO main:417 - Individuo Solucion: {148,7,115,229,20,2,178,167,181,160,89,22,38,24,82,42,25,232,1,57,132,189,66,41,159,23,60,214,81,16,56,64,216,30,75,137,0,77,201,18,205,149,226,61,94,230,14,100,84,31,126,101,68,76,59,21,208,4,26,223,52,138,36,39,166,196,55,197,217,128,150,88,121,141,224,122,235,207,54,170,108,3,244,99,5,180,40,165,19,183,127,130,72,194,153,134,233,106,220,8,85,169,158,227,80,124,219,135,62,17,151,95,91,192,240,162,79,43,182,139,239,187,47,45,28,146,11,35,209,199,142,119,58,125,190,63,237,117,65,210,97,13,71,9,202,200,247,44,145,6,107,51,34,186,46,104,111,53,204,175,69,114,103,116,191,163,37,12,147,171,172,15,49,245,179,48,109,225,86,131,215,110,155,144,176,195,248,168,249,212,164,74,143,236,96,113,50,27,154,98,118,112,73,174,120,188,213,93,140,243,157,29,123,218,90,221,211,185,33,136,129,92,83,87,102,206,152,156,228,222,78,177,246,242,184,238,32,198,161,234,133,193,203,70,10,67,173,231,241,105}

22:04:37,776  INFO main:418 - *****************************************************
22:04:38,393  INFO main:401 - ****************Corrida 9 ************************
22:04:38,393  INFO main:402 - Fitness solucion: 40.0
22:04:38,393  INFO main:403 - Indice: 45
22:04:38,394  INFO main:404 - Generacion: 9
22:04:38,394  INFO main:405 - Rechazados: 54
22:04:38,394  INFO main:417 - Individuo Solucion: {237,3,1,28,242,106,56,97,184,235,134,177,44,40,161,64,48,79,212,236,225,55,178,65,96,100,227,167,186,54,86,37,155,33,246,175,105,117,122,81,221,120,238,36,165,13,49,103,89,104,226,17,38,80,188,87,34,144,74,249,75,27,99,92,135,131,91,82,94,128,126,5,123,231,8,248,145,146,93,58,61,101,11,152,124,53,244,141,137,16,214,18,108,41,182,151,57,195,35,228,162,12,109,68,14,208,113,63,194,72,90,181,206,169,136,233,147,47,125,111,133,121,69,245,230,173,31,46,76,160,32,60,156,62,7,88,209,77,216,24,174,168,95,43,203,219,213,150,205,143,85,45,0,51,140,192,119,102,114,234,110,210,224,223,185,19,21,112,115,164,198,66,172,73,26,4,20,189,67,98,15,191,204,39,239,29,176,71,240,139,116,166,118,232,84,157,207,218,179,163,190,193,200,25,241,23,247,107,222,215,197,202,217,52,229,220,129,59,149,10,2,22,187,30,83,196,6,9,201,243,78,127,50,154,70,142,170,158,132,138,183,171,159,180,211,199,130,148,42,153}

22:04:38,394  INFO main:418 - *****************************************************
22:04:39,011  INFO main:401 - ****************Corrida 10 ************************
22:04:39,012  INFO main:402 - Fitness solucion: 41.0
22:04:39,012  INFO main:403 - Indice: 45
22:04:39,012  INFO main:404 - Generacion: 0
22:04:39,012  INFO main:405 - Rechazados: 55
22:04:39,012  INFO main:417 - Individuo Solucion: {0,55,216,146,164,10,12,8,16,149,199,237,33,214,49,192,120,43,88,229,47,220,9,217,246,209,18,162,61,67,36,25,147,185,32,94,34,26,232,144,59,48,249,157,24,39,80,37,203,179,140,82,29,42,196,172,85,35,188,20,171,161,7,205,113,40,106,231,111,121,89,65,226,137,239,71,46,4,70,233,5,68,81,52,38,126,99,116,110,244,228,142,230,227,3,76,83,123,93,19,122,69,51,204,159,79,115,44,103,66,200,151,22,95,54,195,187,23,102,173,118,236,92,136,78,130,73,150,153,160,242,184,58,114,74,201,154,180,169,167,206,240,128,56,132,222,107,13,57,221,101,177,148,190,155,139,108,17,41,138,156,50,119,91,224,243,104,63,175,165,143,213,186,194,145,163,124,27,53,6,45,166,170,248,30,87,14,189,152,21,191,218,208,15,62,11,129,235,133,183,100,174,125,77,127,181,86,207,135,96,117,64,219,202,182,2,158,241,75,215,28,109,97,90,210,212,247,211,98,84,176,178,112,131,141,134,225,234,245,193,198,197,238,31,72,60,1,168,105,223}

22:04:39,013  INFO main:418 - *****************************************************
22:04:39,630  INFO main:401 - ****************Corrida 11 ************************
22:04:39,630  INFO main:402 - Fitness solucion: 40.0
22:04:39,630  INFO main:403 - Indice: 45
22:04:39,630  INFO main:404 - Generacion: 3
22:04:39,630  INFO main:405 - Rechazados: 58
22:04:39,631  INFO main:417 - Individuo Solucion: {0,162,117,29,35,38,175,84,27,51,61,43,40,215,58,172,70,21,247,69,236,7,104,1,10,76,92,37,241,207,50,235,5,99,20,190,206,45,156,143,47,228,204,33,97,111,155,86,187,94,121,244,63,6,4,116,223,14,217,68,193,147,194,119,221,103,2,19,72,91,65,55,109,79,107,234,82,24,139,224,17,32,212,11,163,203,243,216,89,141,73,80,75,132,149,42,220,248,124,225,127,52,226,126,100,18,66,146,245,28,238,239,158,90,36,233,87,56,78,57,161,115,48,174,133,134,181,169,83,242,230,13,189,22,202,136,62,150,153,67,129,197,16,105,159,195,93,177,144,81,8,15,185,171,152,183,168,170,120,71,222,211,157,200,74,237,95,209,85,137,214,231,192,138,34,101,218,198,23,77,12,54,164,178,210,227,213,165,232,114,30,122,59,249,88,182,113,208,46,44,64,188,112,96,130,110,41,173,154,229,180,106,98,140,201,145,176,160,196,191,25,142,31,49,3,125,205,186,128,246,179,167,53,118,151,123,199,102,9,148,184,166,240,219,39,60,26,135,108,131}

22:04:39,631  INFO main:418 - *****************************************************
22:04:40,247  INFO main:401 - ****************Corrida 12 ************************
22:04:40,247  INFO main:402 - Fitness solucion: 41.0
22:04:40,248  INFO main:403 - Indice: 45
22:04:40,248  INFO main:404 - Generacion: 1
22:04:40,248  INFO main:405 - Rechazados: 44
22:04:40,248  INFO main:417 - Individuo Solucion: {201,241,197,10,39,45,76,46,215,38,35,166,60,24,94,105,180,163,210,65,1,164,67,55,7,68,98,31,63,79,21,178,87,226,192,0,58,84,59,247,75,118,167,99,23,93,66,106,20,111,85,238,57,217,129,124,213,72,37,116,33,86,179,235,185,133,212,62,17,248,27,83,112,246,132,229,139,236,50,8,101,245,234,113,12,176,214,13,233,69,134,130,100,142,169,152,174,2,109,9,5,97,26,156,242,3,40,102,151,222,32,74,15,249,244,90,232,221,220,108,243,149,206,107,103,49,110,117,115,25,171,22,140,125,223,16,173,159,43,41,96,81,237,153,56,42,231,91,51,216,239,189,64,89,144,88,184,121,70,191,71,47,225,6,126,227,36,11,30,200,141,172,198,204,77,202,4,14,196,158,170,147,175,52,209,230,123,82,205,177,240,104,95,183,54,29,53,61,78,145,160,148,73,48,224,119,135,120,186,80,193,181,146,155,137,122,18,131,150,128,92,28,190,211,138,44,143,228,136,157,114,182,127,199,195,154,168,194,207,187,19,161,208,203,188,165,34,219,218,162}

22:04:40,248  INFO main:418 - *****************************************************
22:04:40,857  INFO main:401 - ****************Corrida 13 ************************
22:04:40,858  INFO main:402 - Fitness solucion: 41.0
22:04:40,858  INFO main:403 - Indice: 45
22:04:40,858  INFO main:404 - Generacion: 1
22:04:40,858  INFO main:405 - Rechazados: 61
22:04:40,858  INFO main:417 - Individuo Solucion: {6,5,48,188,113,106,171,4,236,24,20,34,15,203,46,68,74,7,51,67,59,249,12,107,214,101,83,92,166,124,233,129,183,235,56,97,55,211,229,33,160,71,157,164,95,138,61,144,127,122,90,189,37,3,208,128,53,72,96,2,98,231,62,79,139,165,49,17,215,66,146,47,225,30,202,137,119,1,16,18,42,239,50,8,222,192,217,247,200,102,111,114,94,174,246,88,11,13,132,35,210,40,168,108,77,241,173,244,196,219,135,54,156,91,103,227,63,134,10,99,181,21,153,60,121,212,57,213,201,221,176,154,117,133,220,93,147,9,31,109,104,39,167,162,245,141,115,126,142,145,38,41,169,84,85,120,177,43,70,184,123,224,87,226,32,14,45,179,175,159,86,155,110,100,69,58,140,78,29,130,81,64,136,242,23,82,65,194,143,187,172,118,193,131,22,178,223,26,125,209,158,27,216,0,186,80,190,44,148,206,76,75,191,238,36,116,105,195,237,199,232,28,230,52,228,151,149,19,170,25,243,163,185,197,207,204,240,89,161,234,150,218,112,180,205,248,198,73,152,182}

22:04:40,858  INFO main:418 - *****************************************************
22:04:41,470  INFO main:401 - ****************Corrida 14 ************************
22:04:41,470  INFO main:402 - Fitness solucion: 40.0
22:04:41,470  INFO main:403 - Indice: 45
22:04:41,471  INFO main:404 - Generacion: 1
22:04:41,471  INFO main:405 - Rechazados: 51
22:04:41,471  INFO main:417 - Individuo Solucion: {219,128,10,197,213,0,38,210,168,178,248,1,135,86,43,31,161,20,41,105,194,73,100,21,18,65,236,60,34,56,48,12,50,8,144,179,26,55,188,181,224,93,22,81,9,95,209,141,37,241,42,46,98,186,68,245,2,154,134,85,208,35,167,137,146,122,108,239,101,51,28,24,195,64,67,231,44,228,23,117,40,220,74,62,240,216,184,176,97,49,243,133,149,185,112,99,77,123,211,3,116,198,111,139,103,66,192,88,158,78,33,156,121,127,45,226,148,124,13,206,190,145,214,80,159,89,204,61,54,63,59,57,169,177,200,249,150,140,84,90,32,205,182,102,215,118,196,212,227,130,30,246,242,162,235,5,166,183,174,17,143,157,225,170,114,203,238,109,136,52,76,115,126,230,15,75,247,193,72,223,113,69,107,106,129,189,58,96,207,119,229,165,36,217,29,147,221,138,25,153,110,94,234,131,4,79,175,163,164,172,16,152,27,180,47,92,6,237,87,232,39,70,14,199,155,19,11,222,53,202,82,173,104,132,201,187,71,125,160,7,191,83,142,120,151,171,244,233,91,218}

22:04:41,471  INFO main:418 - *****************************************************
22:04:42,087  INFO main:401 - ****************Corrida 15 ************************
22:04:42,087  INFO main:402 - Fitness solucion: 39.0
22:04:42,087  INFO main:403 - Indice: 45
22:04:42,087  INFO main:404 - Generacion: 4
22:04:42,087  INFO main:405 - Rechazados: 57
22:04:42,088  INFO main:417 - Individuo Solucion: {237,135,81,114,40,194,51,3,214,95,74,84,15,218,65,225,155,117,106,1,61,41,202,229,36,28,49,226,123,193,125,12,11,188,46,68,118,228,191,122,233,98,143,241,245,10,9,71,43,58,72,70,101,0,78,39,211,44,119,6,80,134,239,111,17,153,208,216,31,230,163,91,99,94,240,198,22,141,96,176,168,199,13,85,8,83,248,159,196,157,184,19,142,2,234,105,210,165,147,205,47,76,221,35,146,152,133,38,124,223,53,63,79,89,203,64,175,100,177,116,60,179,185,37,140,219,158,18,66,16,145,170,207,148,249,139,82,137,138,130,52,120,164,235,131,189,86,75,231,132,112,77,238,48,108,126,169,42,73,160,50,90,215,57,102,181,88,242,34,161,195,201,127,104,173,244,24,222,136,213,162,192,167,33,59,26,204,29,154,236,62,129,23,5,45,180,4,212,56,128,149,20,7,55,109,103,14,27,246,186,87,209,206,93,182,227,190,67,151,54,25,32,224,174,156,144,197,187,166,200,92,113,220,121,171,21,150,30,115,110,107,97,69,232,247,172,178,217,243,183}

22:04:42,088  INFO main:418 - *****************************************************
22:04:42,699  INFO main:401 - ****************Corrida 16 ************************
22:04:42,699  INFO main:402 - Fitness solucion: 40.0
22:04:42,699  INFO main:403 - Indice: 45
22:04:42,699  INFO main:404 - Generacion: 4
22:04:42,699  INFO main:405 - Rechazados: 59
22:04:42,700  INFO main:417 - Individuo Solucion: {35,199,137,2,27,121,136,159,141,202,189,197,224,92,71,0,80,15,103,13,56,117,91,53,83,24,58,175,32,176,242,210,243,170,21,74,184,225,50,34,227,37,46,229,180,77,81,165,154,52,168,19,38,246,209,160,30,119,7,110,98,3,88,234,191,183,49,217,218,69,42,237,94,125,196,18,23,95,82,72,120,142,84,55,101,249,112,129,68,127,115,57,216,122,239,40,155,171,102,108,106,9,157,133,208,43,26,200,114,4,61,201,167,73,90,123,195,207,100,147,164,87,238,230,107,31,134,135,41,148,140,75,11,150,16,78,247,124,104,194,152,139,60,126,138,228,235,211,193,240,221,190,158,241,215,54,64,166,89,79,93,97,226,203,173,187,118,149,39,212,192,36,206,143,131,17,220,62,25,70,45,63,105,51,248,128,113,219,6,214,244,47,48,1,5,130,44,20,96,76,198,156,59,116,67,99,10,179,213,162,146,161,245,233,144,132,14,185,232,29,163,169,28,181,177,174,22,204,188,145,8,151,178,33,182,109,111,153,85,231,86,66,65,222,205,12,186,172,236,223}

22:04:42,700  INFO main:418 - *****************************************************
22:04:43,314  INFO main:401 - ****************Corrida 17 ************************
22:04:43,314  INFO main:402 - Fitness solucion: 41.0
22:04:43,314  INFO main:403 - Indice: 45
22:04:43,314  INFO main:404 - Generacion: 5
22:04:43,314  INFO main:405 - Rechazados: 67
22:04:43,314  INFO main:417 - Individuo Solucion: {224,179,19,26,169,9,118,43,243,3,60,153,143,117,247,87,155,115,186,232,176,92,76,111,220,2,95,205,189,159,7,208,14,185,180,138,231,41,187,100,21,228,105,178,145,139,129,24,237,62,37,216,123,52,246,66,23,50,48,71,31,82,119,53,218,239,149,104,146,89,35,51,201,108,98,172,77,244,137,96,29,113,190,44,134,197,193,99,32,157,219,90,127,49,154,69,241,64,74,121,78,164,122,235,94,203,206,42,148,38,151,56,110,165,130,199,0,83,12,158,67,1,213,174,214,17,249,184,171,167,191,85,84,58,55,107,47,65,25,248,204,142,80,227,242,70,81,72,245,88,103,150,223,101,10,192,236,210,126,6,34,120,221,194,109,222,173,202,238,79,144,4,233,225,133,156,131,68,57,61,125,217,140,106,73,97,86,166,13,22,8,75,181,152,234,39,162,182,175,198,177,59,91,28,136,147,209,33,132,102,240,128,196,112,93,163,27,229,160,18,195,207,183,212,188,46,215,36,63,226,40,168,161,141,11,114,15,230,135,30,124,20,211,54,170,45,200,16,5,116}

22:04:43,315  INFO main:418 - *****************************************************
22:04:43,921  INFO main:401 - ****************Corrida 18 ************************
22:04:43,921  INFO main:402 - Fitness solucion: 40.0
22:04:43,921  INFO main:403 - Indice: 45
22:04:43,921  INFO main:404 - Generacion: 0
22:04:43,922  INFO main:405 - Rechazados: 56
22:04:43,922  INFO main:417 - Individuo Solucion: {54,137,1,246,217,21,98,106,172,52,44,22,42,218,10,197,141,12,184,2,31,28,45,103,47,38,170,88,39,118,8,222,210,64,238,169,61,86,26,234,215,182,68,37,34,150,25,249,123,140,33,92,4,236,224,48,16,192,178,49,177,74,66,7,102,29,91,223,77,72,149,11,151,27,58,201,90,35,212,193,112,62,36,69,70,135,79,237,133,41,216,32,59,196,119,206,114,205,63,107,6,65,243,158,208,191,87,76,165,127,155,189,239,211,188,200,94,97,53,23,121,240,30,113,153,139,226,17,15,131,43,56,242,159,228,104,174,214,202,89,128,168,230,81,50,101,167,225,160,46,120,166,73,55,51,24,105,144,176,5,130,60,122,84,9,199,78,13,235,179,83,85,110,134,227,248,20,40,152,161,136,198,129,93,207,171,173,111,163,162,156,19,75,203,241,82,0,157,80,183,67,115,100,146,220,209,18,147,125,143,126,194,142,116,245,108,71,186,109,132,185,213,57,145,229,219,3,195,14,175,96,244,187,233,247,154,124,99,117,95,138,204,148,181,190,221,231,164,180,232}

22:04:43,922  INFO main:418 - *****************************************************
22:04:44,532  INFO main:401 - ****************Corrida 19 ************************
22:04:44,533  INFO main:402 - Fitness solucion: 41.0
22:04:44,533  INFO main:403 - Indice: 45
22:04:44,533  INFO main:404 - Generacion: 2
22:04:44,533  INFO main:405 - Rechazados: 55
22:04:44,533  INFO main:417 - Individuo Solucion: {29,18,66,19,197,35,115,139,228,153,107,34,86,51,89,84,21,216,40,141,95,11,54,15,244,48,14,25,13,123,72,170,118,30,204,114,138,98,24,37,52,215,240,59,194,36,62,26,149,161,165,49,76,111,50,9,28,67,6,20,150,116,162,16,109,195,147,80,189,91,222,238,10,131,241,198,178,201,229,1,151,188,243,60,102,193,47,148,92,144,99,234,73,236,41,159,104,0,171,58,74,158,184,166,113,55,39,164,65,61,156,3,88,64,122,79,223,44,175,93,213,226,31,137,168,96,27,32,235,154,57,97,242,23,157,155,70,45,121,186,100,143,77,75,163,106,220,46,179,78,108,169,7,105,117,176,38,173,133,140,225,211,132,210,185,127,167,245,124,202,196,87,172,249,112,146,53,82,142,183,212,12,206,200,8,17,187,2,214,174,42,199,209,81,180,207,33,230,101,227,71,152,203,182,110,63,181,129,126,69,90,135,43,190,160,191,246,221,145,224,248,208,119,219,56,205,233,120,94,130,247,5,22,177,134,125,218,68,237,4,128,83,136,85,217,103,192,231,239,232}

22:04:44,533  INFO main:418 - *****************************************************
22:04:45,138  INFO main:401 - ****************Corrida 20 ************************
22:04:45,138  INFO main:402 - Fitness solucion: 40.0
22:04:45,138  INFO main:403 - Indice: 45
22:04:45,138  INFO main:404 - Generacion: 1
22:04:45,138  INFO main:405 - Rechazados: 53
22:04:45,139  INFO main:417 - Individuo Solucion: {3,148,6,225,175,208,2,183,0,133,159,12,26,90,95,88,16,31,22,25,43,33,40,103,76,247,8,35,128,140,49,79,83,77,91,107,201,65,56,62,73,115,51,120,105,150,92,188,195,172,9,249,192,96,19,173,84,82,191,206,123,228,18,167,46,196,248,57,245,60,168,113,130,144,94,100,131,219,4,48,221,41,54,106,203,37,10,215,102,5,14,98,240,112,242,11,135,222,20,179,81,71,85,21,241,17,180,149,156,29,32,34,27,117,129,142,122,177,124,160,158,189,176,200,36,58,143,212,137,165,211,42,237,213,166,74,163,75,69,218,199,153,147,66,78,205,97,194,234,243,68,7,136,93,59,15,86,233,232,111,138,104,244,72,110,162,178,28,23,80,238,121,38,108,246,239,139,186,126,99,164,109,193,1,198,63,204,70,157,125,132,227,13,210,118,181,44,229,230,45,114,182,101,197,24,151,184,53,169,141,89,64,116,217,216,52,119,67,50,220,202,223,174,236,187,161,207,152,134,61,209,127,231,47,171,226,55,185,190,30,145,87,170,235,154,155,39,224,214,146}

22:04:45,139  INFO main:418 - *****************************************************
22:04:45,750  INFO main:401 - ****************Corrida 21 ************************
22:04:45,750  INFO main:402 - Fitness solucion: 41.0
22:04:45,750  INFO main:403 - Indice: 45
22:04:45,750  INFO main:404 - Generacion: 0
22:04:45,750  INFO main:405 - Rechazados: 49
22:04:45,751  INFO main:417 - Individuo Solucion: {175,18,239,7,163,244,237,24,20,233,26,101,218,142,156,23,134,89,6,41,38,39,2,60,12,62,179,213,29,224,43,37,94,86,130,58,159,85,67,147,131,79,177,53,187,215,63,209,46,77,73,66,241,8,110,164,181,82,65,188,106,180,144,206,123,91,219,191,217,36,10,47,207,108,49,247,42,50,216,4,55,245,238,114,16,229,115,1,76,117,161,70,93,78,107,221,190,136,133,165,183,105,74,68,162,122,52,192,88,95,196,193,17,119,235,140,232,178,72,200,149,32,155,33,90,197,185,135,87,71,132,189,168,51,214,152,111,96,13,205,182,14,54,153,11,154,173,174,44,57,129,97,83,143,186,64,138,34,166,195,81,139,240,176,104,59,30,158,124,112,128,125,5,231,242,157,0,151,48,226,148,56,40,184,249,61,194,127,210,141,208,145,201,98,203,246,69,243,19,223,99,103,169,150,248,27,137,211,80,120,45,25,222,113,75,212,118,31,92,116,126,109,102,172,220,171,84,170,121,22,160,100,9,167,15,35,204,236,234,199,198,146,3,228,225,230,28,227,202,21}

22:04:45,751  INFO main:418 - *****************************************************
22:04:46,362  INFO main:401 - ****************Corrida 22 ************************
22:04:46,362  INFO main:402 - Fitness solucion: 41.0
22:04:46,362  INFO main:403 - Indice: 45
22:04:46,362  INFO main:404 - Generacion: 0
22:04:46,363  INFO main:405 - Rechazados: 60
22:04:46,363  INFO main:417 - Individuo Solucion: {229,122,225,5,157,127,145,25,186,248,222,96,120,247,138,100,37,234,21,61,7,158,245,230,238,173,11,167,185,14,0,34,187,125,213,29,155,33,160,164,50,88,161,82,54,207,133,4,15,1,13,17,49,175,68,232,62,12,126,72,66,40,244,3,231,162,79,203,47,93,181,28,42,235,116,202,95,215,165,170,78,219,6,104,163,90,168,183,111,106,233,177,67,89,159,197,76,154,92,223,200,242,150,236,30,156,26,84,77,249,135,134,166,220,71,112,16,246,18,69,148,208,10,32,118,218,41,39,23,22,217,224,44,144,109,57,188,117,201,108,102,73,48,36,149,129,141,182,46,128,75,140,2,20,8,192,27,55,176,205,107,240,193,152,35,52,241,151,194,171,56,214,83,101,91,114,65,228,139,147,143,85,226,169,142,211,86,123,221,178,121,196,216,190,131,239,153,103,81,110,63,53,45,115,105,43,99,80,184,98,195,60,136,132,137,9,210,130,87,189,146,58,31,24,59,191,51,209,198,174,113,180,19,179,199,243,119,172,227,70,97,204,38,74,237,124,64,206,94,212}

22:04:46,363  INFO main:418 - *****************************************************
22:04:46,976  INFO main:401 - ****************Corrida 23 ************************
22:04:46,976  INFO main:402 - Fitness solucion: 40.0
22:04:46,976  INFO main:403 - Indice: 44
22:04:46,976  INFO main:404 - Generacion: 5
22:04:46,976  INFO main:405 - Rechazados: 62
22:04:46,977  INFO main:417 - Individuo Solucion: {1,81,5,205,114,80,0,55,29,113,30,38,239,246,67,53,27,78,57,31,220,216,193,44,96,85,229,166,225,60,179,88,110,23,58,76,203,28,115,50,87,6,176,103,69,228,13,102,72,16,99,41,138,168,66,190,242,185,222,186,79,48,43,101,17,46,56,83,98,194,136,181,154,187,45,18,71,248,177,233,11,200,100,172,169,68,34,108,197,84,21,224,129,63,97,118,62,24,232,211,61,164,121,165,207,116,157,82,236,160,238,155,213,109,47,59,184,139,243,208,149,14,182,201,112,127,37,4,141,173,126,247,156,199,89,117,2,7,175,119,195,202,94,123,40,134,144,159,189,218,244,75,226,125,249,163,145,20,64,245,12,234,178,137,196,130,198,151,174,235,19,124,91,52,36,73,54,153,93,8,209,9,104,191,237,25,161,122,231,162,90,180,105,215,35,51,167,22,142,188,92,65,32,42,219,10,70,192,3,26,131,221,39,227,95,15,133,147,111,152,135,150,120,212,49,217,74,206,230,223,214,183,210,107,140,128,240,148,77,170,86,143,158,106,241,204,132,146,33,171}

22:04:46,977  INFO main:418 - *****************************************************
22:04:47,585  INFO main:401 - ****************Corrida 24 ************************
22:04:47,585  INFO main:402 - Fitness solucion: 40.0
22:04:47,585  INFO main:403 - Indice: 45
22:04:47,585  INFO main:404 - Generacion: 3
22:04:47,585  INFO main:405 - Rechazados: 54
22:04:47,585  INFO main:417 - Individuo Solucion: {158,10,187,202,102,175,15,72,30,248,232,165,113,190,230,8,20,14,1,46,167,31,84,197,24,205,246,234,49,27,19,188,164,28,119,62,105,204,9,18,63,58,108,144,242,173,95,159,162,22,52,196,225,152,29,5,6,177,227,32,189,21,115,12,137,51,61,26,36,94,79,17,64,75,166,183,125,107,11,57,3,120,193,211,127,77,231,217,96,130,91,171,161,132,68,154,65,208,180,186,59,85,78,86,34,153,203,214,53,111,98,244,121,42,126,71,233,16,124,176,247,101,224,194,89,207,209,35,106,116,109,243,45,142,133,70,55,54,43,112,191,118,141,241,160,97,117,99,148,222,147,138,47,128,82,134,239,80,131,81,178,83,73,37,201,168,0,149,172,44,135,67,200,100,192,237,184,40,169,181,199,93,4,163,249,41,185,221,216,2,156,123,179,50,174,60,48,66,39,146,74,226,103,219,143,13,136,235,56,140,223,236,151,240,170,220,245,23,110,139,155,87,195,38,145,218,198,206,215,210,92,150,212,129,69,76,228,182,213,122,157,229,25,7,88,104,90,114,33,238}

22:04:47,585  INFO main:418 - *****************************************************
22:04:48,200  INFO main:401 - ****************Corrida 25 ************************
22:04:48,200  INFO main:402 - Fitness solucion: 41.0
22:04:48,200  INFO main:403 - Indice: 45
22:04:48,200  INFO main:404 - Generacion: 1
22:04:48,200  INFO main:405 - Rechazados: 57
22:04:48,200  INFO main:417 - Individuo Solucion: {70,1,49,105,62,22,73,53,78,247,4,65,59,199,60,226,28,56,228,240,97,216,90,10,29,218,43,211,104,36,48,26,21,25,86,134,227,88,95,182,37,101,41,27,183,234,138,248,212,31,20,96,142,120,222,32,220,172,15,14,18,136,64,45,3,164,205,224,124,9,175,133,193,6,82,187,145,77,58,61,143,19,100,166,184,201,230,80,111,123,169,121,92,16,176,94,87,54,85,127,7,44,236,156,200,131,47,42,89,115,69,239,116,71,229,198,129,197,117,128,24,159,75,168,233,221,8,244,153,67,237,40,130,189,219,55,170,246,74,171,204,79,217,0,137,173,179,46,140,162,125,144,91,23,83,103,99,165,35,126,235,109,195,158,102,2,185,161,243,146,132,149,245,141,113,17,167,72,13,107,188,106,223,174,157,50,63,119,208,76,150,207,196,57,152,34,30,191,81,52,114,242,118,206,192,112,147,210,139,68,148,122,33,38,154,214,163,241,155,203,110,209,213,11,39,190,84,51,98,231,5,181,194,93,225,177,12,178,151,135,232,180,238,66,108,160,202,249,186,215}

22:04:48,200  INFO main:418 - *****************************************************
22:04:48,812  INFO main:401 - ****************Corrida 26 ************************
22:04:48,812  INFO main:402 - Fitness solucion: 41.0
22:04:48,812  INFO main:403 - Indice: 45
22:04:48,812  INFO main:404 - Generacion: 0
22:04:48,812  INFO main:405 - Rechazados: 56
22:04:48,812  INFO main:417 - Individuo Solucion: {9,138,24,238,19,57,38,209,34,43,39,16,226,215,60,94,232,66,2,50,115,85,112,49,117,82,21,100,213,177,240,74,192,35,130,109,190,68,102,3,7,42,151,119,25,149,6,110,61,120,13,52,116,98,91,182,58,162,220,193,122,95,155,51,44,207,99,96,83,86,205,56,23,77,48,31,148,69,179,59,14,107,93,104,33,118,72,81,29,26,129,101,40,248,30,113,194,84,173,108,185,27,187,114,164,146,247,202,165,28,181,111,54,131,195,143,211,210,208,225,92,241,154,139,180,75,53,97,87,219,244,80,156,32,229,217,233,8,121,137,45,103,46,172,123,37,242,236,79,41,246,78,63,234,228,168,136,5,176,90,55,147,141,76,239,223,10,183,221,71,0,36,188,124,17,216,15,132,150,125,204,189,184,18,12,218,186,159,171,201,11,158,161,169,245,224,199,106,237,142,70,73,196,200,4,174,243,135,62,160,127,20,212,67,145,230,170,47,166,157,206,144,64,191,152,203,88,126,89,222,214,167,128,249,178,140,22,175,235,153,134,198,105,163,65,133,227,231,197,1}

22:04:48,812  INFO main:418 - *****************************************************
22:04:49,427  INFO main:401 - ****************Corrida 27 ************************
22:04:49,428  INFO main:402 - Fitness solucion: 41.0
22:04:49,428  INFO main:403 - Indice: 45
22:04:49,428  INFO main:404 - Generacion: 0
22:04:49,428  INFO main:405 - Rechazados: 50
22:04:49,428  INFO main:417 - Individuo Solucion: {1,198,237,15,23,229,158,188,21,41,7,49,208,55,38,81,84,24,233,0,39,52,104,235,43,205,28,9,20,18,221,34,180,31,74,57,70,83,94,114,185,193,175,46,224,223,51,59,61,96,165,220,58,118,214,125,166,242,91,110,172,243,69,12,192,26,112,248,90,228,78,111,5,130,210,17,106,123,121,132,72,178,117,16,238,33,227,115,137,87,109,93,60,244,2,19,77,174,108,176,201,236,218,105,128,66,102,135,183,3,209,200,75,103,168,199,219,155,134,131,173,48,246,30,204,150,73,207,113,196,99,100,10,232,67,145,97,189,53,231,89,116,147,181,160,151,163,36,177,190,63,245,11,82,29,6,148,239,202,50,241,195,133,179,45,149,171,187,92,154,88,169,141,32,119,124,47,144,79,127,186,85,146,206,222,129,234,122,126,62,182,240,161,98,143,213,170,40,156,152,203,71,140,138,107,8,139,35,153,44,249,4,142,212,247,197,80,95,217,226,184,164,14,120,86,216,42,64,191,37,22,167,162,65,54,68,225,157,101,76,215,194,136,211,230,27,13,25,56,159}

22:04:49,428  INFO main:418 - *****************************************************
22:04:50,035  INFO main:401 - ****************Corrida 28 ************************
22:04:50,035  INFO main:402 - Fitness solucion: 40.0
22:04:50,035  INFO main:403 - Indice: 45
22:04:50,035  INFO main:404 - Generacion: 5
22:04:50,036  INFO main:405 - Rechazados: 55
22:04:50,036  INFO main:417 - Individuo Solucion: {20,19,164,9,75,37,231,224,87,55,42,124,138,72,225,70,197,23,17,142,135,97,53,104,147,214,63,106,6,227,234,240,187,7,127,91,203,78,163,173,25,170,56,43,15,161,121,24,51,199,178,244,186,22,174,10,81,96,26,211,83,146,249,210,230,1,117,140,107,89,176,162,175,47,200,122,243,57,99,115,62,59,238,4,90,60,38,39,153,185,65,160,114,18,247,32,77,217,119,64,167,233,52,8,109,204,226,191,189,215,239,68,150,158,118,177,95,194,144,205,128,120,232,79,180,222,85,112,125,131,132,69,101,137,157,188,49,45,241,29,236,30,212,219,129,110,149,71,46,155,12,242,102,80,111,21,235,126,151,116,54,130,213,192,93,184,245,208,94,0,92,16,13,216,105,40,228,123,237,58,86,2,41,182,3,229,5,248,27,136,172,193,103,44,48,66,98,202,61,88,145,171,156,209,165,76,220,218,28,82,67,36,100,84,113,143,166,33,73,223,198,108,139,148,31,181,190,141,134,168,154,133,159,246,50,11,196,179,183,195,152,169,14,221,35,201,207,34,74,206}

22:04:50,036  INFO main:418 - *****************************************************
22:04:50,645  INFO main:401 - ****************Corrida 29 ************************
22:04:50,645  INFO main:402 - Fitness solucion: 41.0
22:04:50,645  INFO main:403 - Indice: 45
22:04:50,645  INFO main:404 - Generacion: 1
22:04:50,645  INFO main:405 - Rechazados: 61
22:04:50,646  INFO main:417 - Individuo Solucion: {27,248,176,15,139,34,42,111,187,249,220,40,49,81,28,247,84,205,22,235,75,44,37,17,86,2,32,43,39,72,89,103,173,83,25,88,82,121,1,99,231,91,127,202,64,38,156,180,118,105,71,153,232,79,31,70,219,41,95,195,45,19,67,197,36,0,179,115,230,155,21,200,33,204,117,148,181,62,76,96,206,245,229,48,207,191,198,239,160,80,77,23,135,201,178,216,4,112,137,214,192,170,18,223,87,10,151,227,16,132,66,241,159,172,11,3,51,7,149,171,60,12,243,101,29,100,158,65,98,128,150,211,93,9,146,133,168,210,136,109,194,53,175,52,97,125,233,123,102,186,55,61,56,85,212,50,144,114,138,185,234,226,189,237,113,130,104,131,208,162,68,145,129,110,238,157,167,143,126,24,20,203,213,215,78,152,69,46,163,222,13,209,193,182,8,26,174,244,94,59,196,124,74,242,73,147,177,120,108,107,30,218,106,35,57,188,14,161,154,47,184,236,90,119,122,166,224,228,92,217,63,240,116,199,54,134,58,183,6,246,190,140,141,169,5,165,221,142,225,164}

22:04:50,646  INFO main:418 - *****************************************************
22:04:50,646  INFO main:420 - Tiempo AGP: 644
22:04:50,646  INFO main:422 - Promedio Final: 40
22:04:50,646  INFO main:424 - Promedio Generaciones: 0
22:04:50,646  INFO main:427 - Promedio Rechazos: 55
22:04:50,646  INFO main:430 - Promedio Defragmentacion: 1.302266666666667
22:04:50,646  INFO main:432 - *****************Resultados********************
22:04:50,646  INFO main:434 - result: 40.0
22:04:50,646  INFO main:434 - result: 40.0
22:04:50,647  INFO main:434 - result: 40.0
22:04:50,647  INFO main:434 - result: 40.0
22:04:50,647  INFO main:434 - result: 41.0
22:04:50,647  INFO main:434 - result: 40.0
22:04:50,647  INFO main:434 - result: 41.0
22:04:50,647  INFO main:434 - result: 41.0
22:04:50,647  INFO main:434 - result: 41.0
22:04:50,647  INFO main:434 - result: 40.0
22:04:50,647  INFO main:434 - result: 41.0
22:04:50,647  INFO main:434 - result: 40.0
22:04:50,647  INFO main:434 - result: 41.0
22:04:50,648  INFO main:434 - result: 41.0
22:04:50,648  INFO main:434 - result: 40.0
22:04:50,648  INFO main:434 - result: 39.0
22:04:50,648  INFO main:434 - result: 40.0
22:04:50,648  INFO main:434 - result: 41.0
22:04:50,648  INFO main:434 - result: 40.0
22:04:50,648  INFO main:434 - result: 41.0
22:04:50,648  INFO main:434 - result: 40.0
22:04:50,648  INFO main:434 - result: 41.0
22:04:50,648  INFO main:434 - result: 41.0
22:04:50,648  INFO main:434 - result: 40.0
22:04:50,648  INFO main:434 - result: 40.0
22:04:50,648  INFO main:434 - result: 41.0
22:04:50,649  INFO main:434 - result: 41.0
22:04:50,649  INFO main:434 - result: 41.0
22:04:50,649  INFO main:434 - result: 40.0
22:04:50,649  INFO main:434 - result: 41.0
22:04:50,649  INFO main:436 - *****************Generaciones********************
22:04:50,649  INFO main:438 - Generacion: 0
22:04:50,649  INFO main:438 - Generacion: 0
22:04:50,649  INFO main:438 - Generacion: 0
22:04:50,649  INFO main:438 - Generacion: 0
22:04:50,649  INFO main:438 - Generacion: 0
22:04:50,649  INFO main:438 - Generacion: 0
22:04:50,649  INFO main:438 - Generacion: 0
22:04:50,649  INFO main:438 - Generacion: 0
22:04:50,650  INFO main:438 - Generacion: 0
22:04:50,650  INFO main:438 - Generacion: 0
22:04:50,650  INFO main:438 - Generacion: 0
22:04:50,650  INFO main:438 - Generacion: 0
22:04:50,650  INFO main:438 - Generacion: 0
22:04:50,650  INFO main:438 - Generacion: 0
22:04:50,650  INFO main:438 - Generacion: 0
22:04:50,650  INFO main:438 - Generacion: 0
22:04:50,650  INFO main:438 - Generacion: 0
22:04:50,650  INFO main:438 - Generacion: 0
22:04:50,650  INFO main:438 - Generacion: 0
22:04:50,650  INFO main:438 - Generacion: 0
22:04:50,650  INFO main:438 - Generacion: 0
22:04:50,650  INFO main:438 - Generacion: 0
22:04:50,650  INFO main:438 - Generacion: 0
22:04:50,651  INFO main:438 - Generacion: 0
22:04:50,651  INFO main:438 - Generacion: 0
22:04:50,651  INFO main:438 - Generacion: 0
22:04:50,651  INFO main:438 - Generacion: 0
22:04:50,651  INFO main:438 - Generacion: 0
22:04:50,651  INFO main:438 - Generacion: 0
22:04:50,651  INFO main:438 - Generacion: 0
