23:01:34,265  INFO main:168 - Logueando
23:02:29,540  INFO main:361 - ****************Corrida 0 ************************
23:02:29,542  INFO main:362 - Fitness solucion: 26.0
23:02:29,542  INFO main:363 - Indice: 26
23:02:29,542  INFO main:364 - Generacion: 0
23:02:29,542  INFO main:374 - Individuo Solucion: {73,1,56,36,75,66,51,23,22,15,2,72,4,37,52,17,39,14,25,18,78,76,11,65,20,8,31,16,24,35,7,74,5,21,34,43,87,48,3,12,19,58,10,46,60,33,41,62,42,13,67,53,29,82,61,77,27,63,71,44,83,28,47,50,88,32,89,84,49,85,79,68,59,86,80,30,40,26,55,54,38,0,9,45,6,70,57,81,69,64}

23:02:29,542  INFO main:375 - *****************************************************
23:02:29,896  INFO main:361 - ****************Corrida 1 ************************
23:02:29,897  INFO main:362 - Fitness solucion: 26.0
23:02:29,897  INFO main:363 - Indice: 26
23:02:29,897  INFO main:364 - Generacion: 0
23:02:29,897  INFO main:374 - Individuo Solucion: {57,81,83,7,65,49,0,23,58,8,27,11,16,5,34,22,42,39,31,78,71,24,40,9,2,73,50,63,30,20,85,35,26,28,77,46,56,19,79,36,12,64,44,18,80,74,53,48,45,21,62,52,41,4,55,47,38,69,43,76,72,37,66,32,89,14,84,70,68,1,60,33,87,61,54,82,6,15,75,29,51,13,88,59,17,25,67,10,86,3}

23:02:29,898  INFO main:375 - *****************************************************
23:02:30,242  INFO main:361 - ****************Corrida 2 ************************
23:02:30,243  INFO main:362 - Fitness solucion: 26.0
23:02:30,243  INFO main:363 - Indice: 26
23:02:30,243  INFO main:364 - Generacion: 0
23:02:30,243  INFO main:374 - Individuo Solucion: {37,87,79,1,43,35,65,3,77,41,84,10,51,20,68,15,85,73,28,21,34,70,55,64,19,38,26,45,9,47,29,89,14,2,6,36,13,5,32,52,59,4,81,57,61,82,0,30,7,69,48,27,83,17,25,16,62,56,54,12,75,76,88,67,22,33,86,58,60,74,31,40,66,18,78,11,46,63,80,71,72,39,53,44,23,42,24,8,50,49}

23:02:30,243  INFO main:375 - *****************************************************
23:02:30,583  INFO main:361 - ****************Corrida 3 ************************
23:02:30,583  INFO main:362 - Fitness solucion: 26.0
23:02:30,583  INFO main:363 - Indice: 26
23:02:30,583  INFO main:364 - Generacion: 0
23:02:30,584  INFO main:374 - Individuo Solucion: {50,38,9,46,3,2,64,88,4,8,66,34,74,37,15,61,16,43,45,62,70,85,33,60,14,28,42,29,83,13,27,21,20,87,76,22,40,17,18,79,23,10,54,6,47,55,53,35,39,56,24,58,89,31,52,59,11,80,81,63,75,78,73,7,32,36,86,68,19,5,41,77,82,51,57,0,30,71,26,69,1,84,48,65,44,72,12,67,25,49}

23:02:30,584  INFO main:375 - *****************************************************
23:02:30,930  INFO main:361 - ****************Corrida 4 ************************
23:02:30,930  INFO main:362 - Fitness solucion: 26.0
23:02:30,930  INFO main:363 - Indice: 26
23:02:30,930  INFO main:364 - Generacion: 0
23:02:30,930  INFO main:374 - Individuo Solucion: {4,70,77,2,83,12,59,25,5,64,72,34,78,9,37,16,33,39,17,66,1,40,55,50,71,21,11,45,67,19,29,61,52,88,3,86,75,27,57,7,73,38,87,35,10,53,65,32,62,84,20,6,63,85,89,47,0,68,30,18,56,74,15,28,26,42,31,36,80,41,14,8,76,51,81,46,13,69,48,58,43,44,79,82,22,49,60,24,23,54}

23:02:30,931  INFO main:375 - *****************************************************
23:02:31,277  INFO main:361 - ****************Corrida 5 ************************
23:02:31,277  INFO main:362 - Fitness solucion: 26.0
23:02:31,277  INFO main:363 - Indice: 27
23:02:31,278  INFO main:364 - Generacion: 0
23:02:31,278  INFO main:374 - Individuo Solucion: {4,31,6,11,35,2,13,80,34,48,19,77,67,21,18,84,17,68,51,25,23,15,8,66,36,10,16,70,40,49,89,14,37,46,44,5,7,28,45,32,38,12,79,83,65,53,57,29,20,58,1,86,30,42,88,41,22,55,63,64,81,76,43,59,33,39,62,0,27,50,87,60,47,3,72,75,71,56,69,24,74,78,54,52,73,85,26,9,82,61}

23:02:31,279  INFO main:375 - *****************************************************
23:02:31,617  INFO main:361 - ****************Corrida 6 ************************
23:02:31,617  INFO main:362 - Fitness solucion: 26.0
23:02:31,617  INFO main:363 - Indice: 30
23:02:31,617  INFO main:364 - Generacion: 0
23:02:31,618  INFO main:374 - Individuo Solucion: {9,87,53,8,70,80,58,16,37,83,12,5,88,1,84,48,4,11,30,36,72,66,18,14,60,85,28,25,19,39,22,3,20,31,50,76,15,35,74,27,6,38,86,17,0,59,43,49,73,57,79,51,65,40,46,56,45,10,21,42,26,78,68,2,23,32,55,44,81,67,71,77,64,33,75,69,62,63,61,47,13,29,24,41,7,54,52,82,89,34}

23:02:31,618  INFO main:375 - *****************************************************
23:02:31,953  INFO main:361 - ****************Corrida 7 ************************
23:02:31,954  INFO main:362 - Fitness solucion: 26.0
23:02:31,954  INFO main:363 - Indice: 26
23:02:31,954  INFO main:364 - Generacion: 0
23:02:31,954  INFO main:374 - Individuo Solucion: {36,54,1,23,8,28,48,2,57,14,59,60,17,89,4,73,25,19,12,67,11,66,5,79,53,82,81,6,74,31,37,45,18,38,50,0,85,61,32,40,42,34,39,63,24,62,16,72,41,3,30,46,75,70,78,52,56,84,20,76,13,58,47,44,21,22,64,7,69,55,65,49,29,43,80,83,9,35,51,26,87,71,86,10,88,77,15,33,68,27}

23:02:31,954  INFO main:375 - *****************************************************
23:02:32,293  INFO main:361 - ****************Corrida 8 ************************
23:02:32,293  INFO main:362 - Fitness solucion: 26.0
23:02:32,293  INFO main:363 - Indice: 27
23:02:32,294  INFO main:364 - Generacion: 0
23:02:32,294  INFO main:374 - Individuo Solucion: {36,31,8,30,88,6,7,82,0,49,1,76,23,29,64,61,62,78,14,71,81,25,86,85,28,19,15,10,24,9,21,58,51,79,13,26,2,50,20,80,38,53,43,56,72,77,66,89,68,59,46,40,52,5,18,35,87,3,60,34,75,47,37,22,16,65,54,70,11,44,4,27,74,32,69,12,41,73,63,84,33,67,83,45,39,57,42,48,17,55}

23:02:32,294  INFO main:375 - *****************************************************
23:02:32,642  INFO main:361 - ****************Corrida 9 ************************
23:02:32,642  INFO main:362 - Fitness solucion: 26.0
23:02:32,642  INFO main:363 - Indice: 26
23:02:32,643  INFO main:364 - Generacion: 0
23:02:32,643  INFO main:374 - Individuo Solucion: {36,0,3,72,8,5,50,12,26,42,74,9,76,21,37,15,28,53,47,68,16,65,24,56,33,1,88,89,27,11,59,77,70,60,62,46,23,40,43,86,20,13,67,61,2,83,63,14,54,82,79,17,84,10,71,48,66,69,7,51,41,25,64,32,34,45,58,44,22,49,6,81,55,39,52,73,57,87,35,38,18,29,75,19,30,31,85,80,78,4}

23:02:32,643  INFO main:375 - *****************************************************
23:02:32,983  INFO main:361 - ****************Corrida 10 ************************
23:02:32,983  INFO main:362 - Fitness solucion: 26.0
23:02:32,983  INFO main:363 - Indice: 29
23:02:32,984  INFO main:364 - Generacion: 0
23:02:32,984  INFO main:374 - Individuo Solucion: {5,28,8,46,69,51,7,1,61,20,17,13,19,4,24,88,25,0,38,42,3,82,18,34,12,70,2,10,35,85,56,43,26,86,52,53,37,27,63,6,45,29,33,39,14,65,54,31,9,76,49,66,57,36,89,41,16,60,68,71,67,74,72,83,32,73,44,58,64,59,22,40,15,77,30,81,78,84,48,47,62,23,50,80,21,87,75,79,55,11}

23:02:32,984  INFO main:375 - *****************************************************
23:02:33,322  INFO main:361 - ****************Corrida 11 ************************
23:02:33,322  INFO main:362 - Fitness solucion: 26.0
23:02:33,323  INFO main:363 - Indice: 27
23:02:33,325  INFO main:364 - Generacion: 0
23:02:33,326  INFO main:374 - Individuo Solucion: {72,53,62,5,15,9,1,63,60,80,54,10,69,66,38,0,79,18,8,26,81,22,74,45,85,86,47,70,76,75,48,37,32,87,27,88,7,84,31,89,71,73,13,34,3,49,2,44,17,4,36,25,29,78,14,58,30,24,59,83,35,40,39,64,65,21,82,51,67,61,43,12,55,46,6,19,56,28,41,20,23,50,11,33,77,52,68,42,57,16}

23:02:33,326  INFO main:375 - *****************************************************
23:02:33,677  INFO main:361 - ****************Corrida 12 ************************
23:02:33,677  INFO main:362 - Fitness solucion: 26.0
23:02:33,677  INFO main:363 - Indice: 27
23:02:33,677  INFO main:364 - Generacion: 0
23:02:33,677  INFO main:374 - Individuo Solucion: {1,8,37,10,23,59,4,7,13,28,87,27,74,36,16,31,20,5,32,60,79,29,51,0,53,44,88,69,26,25,6,2,18,40,11,3,38,43,24,19,33,68,54,61,77,15,58,22,55,34,12,62,85,67,42,39,49,21,70,63,14,50,64,41,56,82,45,89,17,80,72,65,52,46,30,48,78,9,35,75,47,71,83,84,66,73,81,86,57,76}

23:02:33,677  INFO main:375 - *****************************************************
23:02:34,026  INFO main:361 - ****************Corrida 13 ************************
23:02:34,027  INFO main:362 - Fitness solucion: 26.0
23:02:34,027  INFO main:363 - Indice: 29
23:02:34,027  INFO main:364 - Generacion: 0
23:02:34,027  INFO main:374 - Individuo Solucion: {51,43,34,70,2,61,55,52,66,5,0,16,84,3,4,45,50,88,23,49,8,31,11,27,30,24,22,10,77,80,42,28,89,35,46,25,38,20,53,15,56,9,17,69,67,83,73,58,14,29,32,75,57,81,85,19,59,63,21,54,44,72,62,26,18,7,65,37,78,74,6,68,82,47,33,39,48,76,12,40,1,60,71,87,79,36,41,13,86,64}

23:02:34,027  INFO main:375 - *****************************************************
23:02:34,377  INFO main:361 - ****************Corrida 14 ************************
23:02:34,377  INFO main:362 - Fitness solucion: 26.0
23:02:34,377  INFO main:363 - Indice: 27
23:02:34,377  INFO main:364 - Generacion: 0
23:02:34,378  INFO main:374 - Individuo Solucion: {64,76,2,48,6,8,12,59,25,26,74,85,14,10,75,32,1,21,38,47,62,31,5,63,18,28,79,46,7,15,84,39,34,30,13,50,45,80,36,23,37,57,86,58,27,83,0,17,71,56,81,40,9,88,20,3,42,89,43,11,52,4,16,55,73,65,69,24,41,68,77,49,19,51,60,54,35,29,53,33,61,82,72,87,70,78,22,66,67,44}

23:02:34,378  INFO main:375 - *****************************************************
23:02:34,714  INFO main:361 - ****************Corrida 15 ************************
23:02:34,714  INFO main:362 - Fitness solucion: 26.0
23:02:34,714  INFO main:363 - Indice: 27
23:02:34,714  INFO main:364 - Generacion: 0
23:02:34,714  INFO main:374 - Individuo Solucion: {15,68,11,12,5,44,64,49,16,43,33,55,0,10,21,36,81,60,73,23,67,14,47,83,24,30,34,17,19,88,4,20,7,13,59,41,51,25,27,63,54,1,22,65,8,57,39,52,75,58,62,50,86,18,28,69,85,45,32,42,84,89,70,40,56,72,31,80,76,74,6,37,53,61,78,38,29,48,2,26,82,77,35,9,79,71,46,66,3,87}

23:02:34,715  INFO main:375 - *****************************************************
23:02:35,053  INFO main:361 - ****************Corrida 16 ************************
23:02:35,053  INFO main:362 - Fitness solucion: 26.0
23:02:35,053  INFO main:363 - Indice: 30
23:02:35,053  INFO main:364 - Generacion: 0
23:02:35,053  INFO main:374 - Individuo Solucion: {15,25,5,20,85,79,52,84,1,10,13,9,45,69,8,11,0,78,24,83,19,2,3,31,59,68,6,21,22,36,58,26,32,55,39,54,46,87,62,17,48,47,29,23,63,76,44,82,14,12,70,57,66,49,33,75,64,77,41,50,37,71,89,34,30,81,88,42,53,65,27,35,51,74,72,86,61,28,60,16,73,40,38,7,56,67,4,43,18,80}

23:02:35,053  INFO main:375 - *****************************************************
23:02:35,389  INFO main:361 - ****************Corrida 17 ************************
23:02:35,390  INFO main:362 - Fitness solucion: 26.0
23:02:35,390  INFO main:363 - Indice: 28
23:02:35,390  INFO main:364 - Generacion: 0
23:02:35,390  INFO main:374 - Individuo Solucion: {4,7,9,24,3,1,61,26,32,82,74,10,83,38,76,56,46,81,60,33,71,2,18,21,52,47,70,37,27,20,55,63,14,35,84,85,44,39,89,12,62,50,6,25,66,57,78,69,58,30,34,15,0,75,72,5,43,64,11,53,48,19,77,51,36,8,16,59,13,49,54,79,22,29,67,31,42,23,28,73,65,80,41,45,17,86,88,40,87,68}

23:02:35,390  INFO main:375 - *****************************************************
23:02:35,728  INFO main:361 - ****************Corrida 18 ************************
23:02:35,728  INFO main:362 - Fitness solucion: 26.0
23:02:35,728  INFO main:363 - Indice: 26
23:02:35,728  INFO main:364 - Generacion: 0
23:02:35,729  INFO main:374 - Individuo Solucion: {6,4,7,5,86,78,64,63,3,1,16,15,20,83,12,23,11,77,27,0,30,29,85,24,44,10,13,60,82,81,74,14,61,47,18,45,28,51,38,39,2,59,31,88,84,71,57,48,87,8,54,32,33,36,34,68,26,80,55,56,35,89,72,22,21,53,66,37,73,65,52,70,69,43,17,62,58,50,40,46,9,41,25,19,76,67,42,79,75,49}

23:02:35,729  INFO main:375 - *****************************************************
23:02:36,077  INFO main:361 - ****************Corrida 19 ************************
23:02:36,077  INFO main:362 - Fitness solucion: 26.0
23:02:36,077  INFO main:363 - Indice: 27
23:02:36,077  INFO main:364 - Generacion: 0
23:02:36,077  INFO main:374 - Individuo Solucion: {72,7,29,2,82,26,35,1,6,16,54,41,22,71,28,5,55,89,60,61,0,4,20,21,32,40,17,63,76,13,47,15,23,78,77,27,31,46,36,18,85,14,43,19,62,84,25,39,38,30,53,69,24,58,9,52,65,57,10,8,74,45,50,66,49,51,86,88,68,67,11,37,44,48,33,64,75,56,79,87,34,80,70,12,3,42,83,73,81,59}

23:02:36,078  INFO main:375 - *****************************************************
23:02:36,454  INFO main:361 - ****************Corrida 20 ************************
23:02:36,454  INFO main:362 - Fitness solucion: 26.0
23:02:36,455  INFO main:363 - Indice: 26
23:02:36,455  INFO main:364 - Generacion: 0
23:02:36,455  INFO main:374 - Individuo Solucion: {13,62,12,6,24,10,79,20,5,30,2,3,66,87,9,68,57,26,29,37,8,25,11,46,52,33,75,43,72,54,36,7,40,74,80,14,60,81,76,19,21,55,49,73,85,89,22,86,18,61,34,65,48,69,58,59,84,38,56,63,45,4,27,82,50,53,15,42,17,35,44,51,64,1,41,23,39,88,31,0,70,71,83,78,47,67,32,16,28,77}

23:02:36,455  INFO main:375 - *****************************************************
23:02:36,792  INFO main:361 - ****************Corrida 21 ************************
23:02:36,792  INFO main:362 - Fitness solucion: 26.0
23:02:36,792  INFO main:363 - Indice: 28
23:02:36,793  INFO main:364 - Generacion: 0
23:02:36,793  INFO main:374 - Individuo Solucion: {84,4,75,72,6,25,22,70,83,2,11,78,77,3,16,89,18,51,88,61,28,49,52,17,71,74,50,44,63,42,64,33,46,32,76,37,48,8,86,80,43,79,23,38,5,53,29,57,56,45,41,7,10,15,65,85,19,87,36,9,40,20,82,67,60,30,24,21,31,1,27,39,35,73,12,62,0,59,34,58,47,14,81,69,26,54,68,13,66,55}

23:02:36,793  INFO main:375 - *****************************************************
23:02:37,128  INFO main:361 - ****************Corrida 22 ************************
23:02:37,128  INFO main:362 - Fitness solucion: 26.0
23:02:37,128  INFO main:363 - Indice: 26
23:02:37,128  INFO main:364 - Generacion: 0
23:02:37,128  INFO main:374 - Individuo Solucion: {9,7,2,13,24,59,83,15,16,42,31,12,35,5,46,14,62,26,4,33,81,27,28,45,10,6,54,82,65,11,25,50,79,8,49,89,22,29,58,38,3,66,40,63,17,88,20,34,47,41,36,70,1,72,64,73,85,80,69,51,52,67,55,43,48,32,44,23,60,56,30,18,86,57,39,0,19,77,74,61,76,78,68,37,75,53,21,71,84,87}

23:02:37,129  INFO main:375 - *****************************************************
23:02:37,464  INFO main:361 - ****************Corrida 23 ************************
23:02:37,464  INFO main:362 - Fitness solucion: 26.0
23:02:37,464  INFO main:363 - Indice: 28
23:02:37,465  INFO main:364 - Generacion: 0
23:02:37,465  INFO main:374 - Individuo Solucion: {85,5,20,74,2,41,8,50,70,10,33,12,84,27,68,11,82,0,55,6,16,88,7,63,39,58,28,23,24,13,30,15,38,1,69,57,34,60,48,22,3,89,78,49,51,9,73,75,80,43,45,19,54,35,18,79,53,25,77,65,37,87,81,40,29,26,31,4,52,72,62,47,66,67,42,36,61,44,76,86,17,59,71,21,56,14,83,32,46,64}

23:02:37,465  INFO main:375 - *****************************************************
23:02:37,800  INFO main:361 - ****************Corrida 24 ************************
23:02:37,800  INFO main:362 - Fitness solucion: 26.0
23:02:37,800  INFO main:363 - Indice: 29
23:02:37,800  INFO main:364 - Generacion: 0
23:02:37,801  INFO main:374 - Individuo Solucion: {6,82,87,3,40,34,24,7,12,8,28,22,9,69,31,10,2,59,61,60,33,41,44,54,66,76,27,62,35,47,48,4,0,26,36,84,77,72,43,20,25,19,57,81,63,86,42,58,68,46,30,16,45,13,39,29,73,38,75,18,49,11,1,51,17,83,70,52,89,64,85,67,79,65,74,53,32,78,50,14,55,80,23,37,5,56,15,21,88,71}

23:02:37,801  INFO main:375 - *****************************************************
23:02:38,135  INFO main:361 - ****************Corrida 25 ************************
23:02:38,135  INFO main:362 - Fitness solucion: 26.0
23:02:38,136  INFO main:363 - Indice: 27
23:02:38,136  INFO main:364 - Generacion: 0
23:02:38,136  INFO main:374 - Individuo Solucion: {79,3,37,42,60,21,72,77,0,6,5,33,39,24,12,38,10,35,80,36,59,61,70,84,69,86,40,56,41,89,30,15,71,4,85,49,81,78,23,11,52,1,51,58,25,43,29,14,54,57,67,31,75,32,46,87,28,34,47,2,83,65,27,9,16,18,62,82,66,50,76,74,45,8,63,19,13,48,68,55,20,88,22,44,73,53,17,64,26,7}

23:02:38,136  INFO main:375 - *****************************************************
23:02:38,478  INFO main:361 - ****************Corrida 26 ************************
23:02:38,478  INFO main:362 - Fitness solucion: 26.0
23:02:38,478  INFO main:363 - Indice: 26
23:02:38,478  INFO main:364 - Generacion: 0
23:02:38,479  INFO main:374 - Individuo Solucion: {38,71,44,25,11,72,12,4,77,70,22,23,31,3,83,56,40,57,18,21,55,35,68,36,26,48,64,58,1,17,28,15,9,54,33,34,50,6,52,47,42,27,59,20,32,89,5,84,13,69,49,14,2,53,8,16,88,39,60,24,45,43,67,63,87,10,74,76,19,30,0,79,80,51,78,73,66,41,46,37,75,7,61,65,29,86,81,62,82,85}

23:02:38,479  INFO main:375 - *****************************************************
23:02:38,818  INFO main:361 - ****************Corrida 27 ************************
23:02:38,818  INFO main:362 - Fitness solucion: 26.0
23:02:38,818  INFO main:363 - Indice: 26
23:02:38,818  INFO main:364 - Generacion: 0
23:02:38,818  INFO main:374 - Individuo Solucion: {72,46,44,3,5,35,25,48,70,9,12,17,13,87,7,0,77,22,66,28,24,38,34,65,15,83,27,26,69,31,45,29,78,33,42,85,37,76,11,80,36,64,55,54,71,19,73,14,41,2,79,53,32,49,18,61,89,58,16,52,74,30,8,56,88,20,62,68,75,57,63,47,43,81,6,50,51,10,1,82,21,4,23,60,59,39,84,67,40,86}

23:02:38,818  INFO main:375 - *****************************************************
23:02:39,160  INFO main:361 - ****************Corrida 28 ************************
23:02:39,160  INFO main:362 - Fitness solucion: 26.0
23:02:39,160  INFO main:363 - Indice: 26
23:02:39,161  INFO main:364 - Generacion: 0
23:02:39,161  INFO main:374 - Individuo Solucion: {0,6,13,11,59,52,15,43,22,23,86,25,36,32,78,60,89,33,10,2,79,66,1,31,5,9,21,50,14,81,47,39,8,69,18,54,24,45,20,51,57,75,48,84,64,42,65,72,87,56,40,29,82,88,55,30,37,19,67,71,74,70,4,27,77,68,12,26,76,3,44,73,16,35,61,28,53,46,17,80,85,63,58,83,38,7,41,34,49,62}

23:02:39,161  INFO main:375 - *****************************************************
23:02:39,498  INFO main:361 - ****************Corrida 29 ************************
23:02:39,498  INFO main:362 - Fitness solucion: 26.0
23:02:39,498  INFO main:363 - Indice: 27
23:02:39,498  INFO main:364 - Generacion: 0
23:02:39,499  INFO main:374 - Individuo Solucion: {15,0,4,16,62,81,19,68,26,18,64,60,39,8,52,74,28,6,89,7,1,69,46,20,29,73,13,17,11,54,76,86,61,51,47,10,49,44,75,72,87,71,35,43,32,27,22,21,56,67,25,3,5,66,85,48,88,65,23,77,9,45,37,14,34,59,82,38,31,33,36,42,41,55,2,50,40,80,79,53,84,83,70,12,24,58,57,78,63,30}

23:02:39,499  INFO main:375 - *****************************************************
23:02:39,499  INFO main:377 - Tiempo AGP: 396
23:02:39,499  INFO main:378 - Promedio Final: 26
23:02:39,499  INFO main:379 - Promedio Generaciones: 0
23:02:39,499  INFO main:381 - *****************Resultados********************
23:02:39,499  INFO main:383 - result: 26.0
23:02:39,499  INFO main:383 - result: 26.0
23:02:39,499  INFO main:383 - result: 26.0
23:02:39,499  INFO main:383 - result: 26.0
23:02:39,500  INFO main:383 - result: 26.0
23:02:39,500  INFO main:383 - result: 26.0
23:02:39,500  INFO main:383 - result: 26.0
23:02:39,500  INFO main:383 - result: 26.0
23:02:39,500  INFO main:383 - result: 26.0
23:02:39,500  INFO main:383 - result: 26.0
23:02:39,501  INFO main:383 - result: 26.0
23:02:39,501  INFO main:383 - result: 26.0
23:02:39,501  INFO main:383 - result: 26.0
23:02:39,501  INFO main:383 - result: 26.0
23:02:39,501  INFO main:383 - result: 26.0
23:02:39,501  INFO main:383 - result: 26.0
23:02:39,501  INFO main:383 - result: 26.0
23:02:39,501  INFO main:383 - result: 26.0
23:02:39,501  INFO main:383 - result: 26.0
23:02:39,501  INFO main:383 - result: 26.0
23:02:39,501  INFO main:383 - result: 26.0
23:02:39,502  INFO main:383 - result: 26.0
23:02:39,502  INFO main:383 - result: 26.0
23:02:39,502  INFO main:383 - result: 26.0
23:02:39,502  INFO main:383 - result: 26.0
23:02:39,502  INFO main:383 - result: 26.0
23:02:39,502  INFO main:383 - result: 26.0
23:02:39,502  INFO main:383 - result: 26.0
23:02:39,502  INFO main:383 - result: 26.0
23:02:39,502  INFO main:383 - result: 26.0
23:02:39,502  INFO main:385 - *****************Generaciones********************
23:02:39,502  INFO main:387 - Generacion: 0
23:02:39,503  INFO main:387 - Generacion: 0
23:02:39,503  INFO main:387 - Generacion: 0
23:02:39,503  INFO main:387 - Generacion: 0
23:02:39,503  INFO main:387 - Generacion: 0
23:02:39,503  INFO main:387 - Generacion: 0
23:02:39,503  INFO main:387 - Generacion: 0
23:02:39,503  INFO main:387 - Generacion: 0
23:02:39,503  INFO main:387 - Generacion: 0
23:02:39,503  INFO main:387 - Generacion: 0
23:02:39,503  INFO main:387 - Generacion: 0
23:02:39,503  INFO main:387 - Generacion: 0
23:02:39,503  INFO main:387 - Generacion: 0
23:02:39,504  INFO main:387 - Generacion: 0
23:02:39,504  INFO main:387 - Generacion: 0
23:02:39,504  INFO main:387 - Generacion: 0
23:02:39,504  INFO main:387 - Generacion: 0
23:02:39,504  INFO main:387 - Generacion: 0
23:02:39,504  INFO main:387 - Generacion: 0
23:02:39,504  INFO main:387 - Generacion: 0
23:02:39,505  INFO main:387 - Generacion: 0
23:02:39,505  INFO main:387 - Generacion: 0
23:02:39,505  INFO main:387 - Generacion: 0
23:02:39,505  INFO main:387 - Generacion: 0
23:02:39,505  INFO main:387 - Generacion: 0
23:02:39,505  INFO main:387 - Generacion: 0
23:02:39,505  INFO main:387 - Generacion: 0
23:02:39,505  INFO main:387 - Generacion: 0
23:02:39,505  INFO main:387 - Generacion: 0
23:02:39,505  INFO main:387 - Generacion: 0
