22:48:36,563  INFO main:168 - Logueando
22:49:43,745  INFO main:361 - ****************Corrida 0 ************************
22:49:43,747  INFO main:362 - Fitness solucion: 16.0
22:49:43,747  INFO main:363 - Indice: 20
22:49:43,747  INFO main:364 - Generacion: 0
22:49:43,747  INFO main:374 - Individuo Solucion: {27,5,11,1,2,15,3,6,23,21,12,28,10,7,24,8,9,25,26,0,13,29,4,14,16,18,22,19,17,20}

22:49:43,748  INFO main:375 - *****************************************************
22:49:44,022  INFO main:361 - ****************Corrida 1 ************************
22:49:44,022  INFO main:362 - Fitness solucion: 16.0
22:49:44,022  INFO main:363 - Indice: 19
22:49:44,022  INFO main:364 - Generacion: 0
22:49:44,022  INFO main:374 - Individuo Solucion: {22,18,7,5,9,16,1,6,13,20,8,10,26,15,17,24,19,28,4,0,12,11,2,29,27,25,23,21,14,3}

22:49:44,023  INFO main:375 - *****************************************************
22:49:44,454  INFO main:361 - ****************Corrida 2 ************************
22:49:44,455  INFO main:362 - Fitness solucion: 16.0
22:49:44,455  INFO main:363 - Indice: 16
22:49:44,455  INFO main:364 - Generacion: 0
22:49:44,455  INFO main:374 - Individuo Solucion: {13,5,16,29,23,3,17,0,15,2,20,1,28,10,14,26,4,19,11,18,6,27,12,7,25,8,21,22,9,24}

22:49:44,455  INFO main:375 - *****************************************************
22:49:44,812  INFO main:361 - ****************Corrida 3 ************************
22:49:44,812  INFO main:362 - Fitness solucion: 16.0
22:49:44,812  INFO main:363 - Indice: 20
22:49:44,812  INFO main:364 - Generacion: 0
22:49:44,812  INFO main:374 - Individuo Solucion: {25,6,9,14,2,5,20,15,4,16,8,21,23,0,13,26,1,12,19,11,27,29,10,28,3,17,7,24,18,22}

22:49:44,813  INFO main:375 - *****************************************************
22:49:45,116  INFO main:361 - ****************Corrida 4 ************************
22:49:45,116  INFO main:362 - Fitness solucion: 16.0
22:49:45,117  INFO main:363 - Indice: 18
22:49:45,117  INFO main:364 - Generacion: 0
22:49:45,117  INFO main:374 - Individuo Solucion: {7,23,18,27,21,26,3,29,2,0,12,17,24,11,1,20,15,22,28,19,9,25,5,6,8,14,10,13,4,16}

22:49:45,117  INFO main:375 - *****************************************************
22:49:45,424  INFO main:361 - ****************Corrida 5 ************************
22:49:45,425  INFO main:362 - Fitness solucion: 16.0
22:49:45,425  INFO main:363 - Indice: 22
22:49:45,425  INFO main:364 - Generacion: 0
22:49:45,425  INFO main:374 - Individuo Solucion: {5,22,0,14,6,13,7,24,4,12,18,27,10,28,8,29,3,17,11,20,23,25,15,2,19,1,26,21,9,16}

22:49:45,425  INFO main:375 - *****************************************************
22:49:45,692  INFO main:361 - ****************Corrida 6 ************************
22:49:45,692  INFO main:362 - Fitness solucion: 16.0
22:49:45,692  INFO main:363 - Indice: 19
22:49:45,692  INFO main:364 - Generacion: 0
22:49:45,693  INFO main:374 - Individuo Solucion: {4,3,5,10,15,2,12,1,7,8,6,22,18,29,13,19,27,16,11,9,17,28,20,24,25,14,23,0,26,21}

22:49:45,693  INFO main:375 - *****************************************************
22:49:45,970  INFO main:361 - ****************Corrida 7 ************************
22:49:45,970  INFO main:362 - Fitness solucion: 16.0
22:49:45,970  INFO main:363 - Indice: 17
22:49:45,970  INFO main:364 - Generacion: 0
22:49:45,970  INFO main:374 - Individuo Solucion: {28,4,2,5,7,15,0,13,11,18,10,20,25,14,29,1,9,19,12,24,26,6,27,8,22,16,21,23,17,3}

22:49:45,971  INFO main:375 - *****************************************************
22:49:46,232  INFO main:361 - ****************Corrida 8 ************************
22:49:46,233  INFO main:362 - Fitness solucion: 16.0
22:49:46,233  INFO main:363 - Indice: 22
22:49:46,233  INFO main:364 - Generacion: 0
22:49:46,233  INFO main:374 - Individuo Solucion: {0,28,25,8,18,4,3,11,14,6,24,10,5,1,19,20,27,16,12,29,9,7,13,2,17,15,23,26,22,21}

22:49:46,233  INFO main:375 - *****************************************************
22:49:46,490  INFO main:361 - ****************Corrida 9 ************************
22:49:46,491  INFO main:362 - Fitness solucion: 16.0
22:49:46,491  INFO main:363 - Indice: 19
22:49:46,491  INFO main:364 - Generacion: 0
22:49:46,491  INFO main:374 - Individuo Solucion: {18,21,4,19,14,2,0,3,10,5,12,13,9,25,1,27,20,22,11,17,23,16,6,7,15,8,29,28,24,26}

22:49:46,491  INFO main:375 - *****************************************************
22:49:46,749  INFO main:361 - ****************Corrida 10 ************************
22:49:46,749  INFO main:362 - Fitness solucion: 16.0
22:49:46,749  INFO main:363 - Indice: 19
22:49:46,749  INFO main:364 - Generacion: 0
22:49:46,750  INFO main:374 - Individuo Solucion: {0,28,2,21,16,18,3,26,23,11,7,13,6,8,9,10,12,5,19,22,24,15,27,29,25,20,1,4,14,17}

22:49:46,750  INFO main:375 - *****************************************************
22:49:47,013  INFO main:361 - ****************Corrida 11 ************************
22:49:47,013  INFO main:362 - Fitness solucion: 16.0
22:49:47,013  INFO main:363 - Indice: 20
22:49:47,016  INFO main:364 - Generacion: 0
22:49:47,016  INFO main:374 - Individuo Solucion: {5,1,9,0,2,4,10,3,25,14,15,26,24,27,19,6,16,13,28,29,11,23,17,18,22,8,21,12,7,20}

22:49:47,017  INFO main:375 - *****************************************************
22:49:47,295  INFO main:361 - ****************Corrida 12 ************************
22:49:47,295  INFO main:362 - Fitness solucion: 16.0
22:49:47,296  INFO main:363 - Indice: 19
22:49:47,296  INFO main:364 - Generacion: 0
22:49:47,296  INFO main:374 - Individuo Solucion: {4,16,18,5,6,21,2,13,19,25,12,7,11,1,14,0,17,15,23,27,3,26,20,10,28,24,22,29,9,8}

22:49:47,296  INFO main:375 - *****************************************************
22:49:47,570  INFO main:361 - ****************Corrida 13 ************************
22:49:47,570  INFO main:362 - Fitness solucion: 16.0
22:49:47,570  INFO main:363 - Indice: 19
22:49:47,571  INFO main:364 - Generacion: 0
22:49:47,571  INFO main:374 - Individuo Solucion: {1,2,7,0,6,10,28,23,9,24,3,8,13,19,4,21,17,5,11,12,16,15,25,22,18,14,29,26,27,20}

22:49:47,571  INFO main:375 - *****************************************************
22:49:47,907  INFO main:361 - ****************Corrida 14 ************************
22:49:47,907  INFO main:362 - Fitness solucion: 16.0
22:49:47,908  INFO main:363 - Indice: 19
22:49:47,908  INFO main:364 - Generacion: 0
22:49:47,908  INFO main:374 - Individuo Solucion: {26,11,3,25,18,22,5,27,21,10,13,20,14,15,0,16,19,17,4,7,8,28,1,12,9,6,24,2,29,23}

22:49:47,908  INFO main:375 - *****************************************************
22:49:48,178  INFO main:361 - ****************Corrida 15 ************************
22:49:48,178  INFO main:362 - Fitness solucion: 16.0
22:49:48,178  INFO main:363 - Indice: 21
22:49:48,179  INFO main:364 - Generacion: 0
22:49:48,179  INFO main:374 - Individuo Solucion: {21,27,25,6,0,29,2,28,24,5,1,15,8,7,10,22,11,17,4,13,16,3,23,14,12,19,18,26,9,20}

22:49:48,179  INFO main:375 - *****************************************************
22:49:48,435  INFO main:361 - ****************Corrida 16 ************************
22:49:48,436  INFO main:362 - Fitness solucion: 16.0
22:49:48,436  INFO main:363 - Indice: 21
22:49:48,436  INFO main:364 - Generacion: 0
22:49:48,436  INFO main:374 - Individuo Solucion: {26,17,23,6,11,29,9,10,13,7,0,28,20,18,3,15,21,24,4,1,16,12,2,14,25,27,8,5,19,22}

22:49:48,436  INFO main:375 - *****************************************************
22:49:48,690  INFO main:361 - ****************Corrida 17 ************************
22:49:48,690  INFO main:362 - Fitness solucion: 16.0
22:49:48,691  INFO main:363 - Indice: 17
22:49:48,691  INFO main:364 - Generacion: 0
22:49:48,691  INFO main:374 - Individuo Solucion: {16,23,22,2,11,7,8,18,12,0,29,9,1,6,19,26,27,3,10,28,17,5,21,25,24,13,4,14,15,20}

22:49:48,691  INFO main:375 - *****************************************************
22:49:48,947  INFO main:361 - ****************Corrida 18 ************************
22:49:48,947  INFO main:362 - Fitness solucion: 16.0
22:49:48,947  INFO main:363 - Indice: 16
22:49:48,947  INFO main:364 - Generacion: 0
22:49:48,947  INFO main:374 - Individuo Solucion: {18,1,3,5,26,16,28,25,21,11,14,9,15,8,19,29,27,23,20,10,0,22,24,17,7,13,6,2,4,12}

22:49:48,947  INFO main:375 - *****************************************************
22:49:49,203  INFO main:361 - ****************Corrida 19 ************************
22:49:49,203  INFO main:362 - Fitness solucion: 16.0
22:49:49,203  INFO main:363 - Indice: 17
22:49:49,203  INFO main:364 - Generacion: 0
22:49:49,204  INFO main:374 - Individuo Solucion: {18,29,14,0,2,3,9,4,27,7,17,21,23,13,25,11,8,10,12,20,19,16,6,24,15,28,26,22,5,1}

22:49:49,204  INFO main:375 - *****************************************************
22:49:49,507  INFO main:361 - ****************Corrida 20 ************************
22:49:49,508  INFO main:362 - Fitness solucion: 16.0
22:49:49,508  INFO main:363 - Indice: 18
22:49:49,508  INFO main:364 - Generacion: 0
22:49:49,508  INFO main:374 - Individuo Solucion: {0,12,6,5,9,29,19,17,18,27,4,10,1,11,28,25,7,20,2,16,15,3,22,21,24,8,14,13,23,26}

22:49:49,508  INFO main:375 - *****************************************************
22:49:49,846  INFO main:361 - ****************Corrida 21 ************************
22:49:49,847  INFO main:362 - Fitness solucion: 16.0
22:49:49,847  INFO main:363 - Indice: 22
22:49:49,847  INFO main:364 - Generacion: 0
22:49:49,847  INFO main:374 - Individuo Solucion: {4,20,7,3,0,13,16,10,6,14,21,23,12,8,22,2,26,24,1,17,18,15,19,28,9,11,25,5,27,29}

22:49:49,847  INFO main:375 - *****************************************************
22:49:50,101  INFO main:361 - ****************Corrida 22 ************************
22:49:50,101  INFO main:362 - Fitness solucion: 16.0
22:49:50,101  INFO main:363 - Indice: 18
22:49:50,101  INFO main:364 - Generacion: 0
22:49:50,101  INFO main:374 - Individuo Solucion: {2,7,20,6,29,11,9,19,14,1,16,24,12,3,13,26,0,17,25,28,27,10,23,8,5,21,18,15,4,22}

22:49:50,101  INFO main:375 - *****************************************************
22:49:50,432  INFO main:361 - ****************Corrida 23 ************************
22:49:50,432  INFO main:362 - Fitness solucion: 16.0
22:49:50,432  INFO main:363 - Indice: 16
22:49:50,432  INFO main:364 - Generacion: 0
22:49:50,432  INFO main:374 - Individuo Solucion: {28,15,18,24,20,2,7,5,26,29,25,9,27,13,8,6,22,12,1,16,0,4,21,11,17,14,19,10,23,3}

22:49:50,433  INFO main:375 - *****************************************************
22:49:50,692  INFO main:361 - ****************Corrida 24 ************************
22:49:50,692  INFO main:362 - Fitness solucion: 16.0
22:49:50,692  INFO main:363 - Indice: 18
22:49:50,692  INFO main:364 - Generacion: 0
22:49:50,692  INFO main:374 - Individuo Solucion: {26,9,21,27,6,29,0,23,8,2,17,14,7,4,15,16,13,12,28,19,22,20,1,5,3,11,24,10,18,25}

22:49:50,692  INFO main:375 - *****************************************************
22:49:51,030  INFO main:361 - ****************Corrida 25 ************************
22:49:51,031  INFO main:362 - Fitness solucion: 16.0
22:49:51,031  INFO main:363 - Indice: 19
22:49:51,031  INFO main:364 - Generacion: 0
22:49:51,031  INFO main:374 - Individuo Solucion: {1,4,6,27,9,5,12,17,7,25,8,3,13,21,0,2,18,19,15,24,28,29,26,20,11,16,10,22,23,14}

22:49:51,032  INFO main:375 - *****************************************************
22:49:51,445  INFO main:361 - ****************Corrida 26 ************************
22:49:51,445  INFO main:362 - Fitness solucion: 16.0
22:49:51,445  INFO main:363 - Indice: 19
22:49:51,445  INFO main:364 - Generacion: 0
22:49:51,445  INFO main:374 - Individuo Solucion: {14,26,24,23,18,5,16,6,27,0,10,25,2,9,3,13,28,12,15,7,21,17,4,1,20,29,8,22,11,19}

22:49:51,446  INFO main:375 - *****************************************************
22:49:51,776  INFO main:361 - ****************Corrida 27 ************************
22:49:51,776  INFO main:362 - Fitness solucion: 16.0
22:49:51,776  INFO main:363 - Indice: 17
22:49:51,776  INFO main:364 - Generacion: 0
22:49:51,777  INFO main:374 - Individuo Solucion: {19,0,1,3,27,21,18,8,23,14,11,28,4,5,6,12,29,2,22,15,26,17,20,9,13,16,10,7,25,24}

22:49:51,777  INFO main:375 - *****************************************************
22:49:52,136  INFO main:361 - ****************Corrida 28 ************************
22:49:52,136  INFO main:362 - Fitness solucion: 16.0
22:49:52,136  INFO main:363 - Indice: 17
22:49:52,136  INFO main:364 - Generacion: 0
22:49:52,136  INFO main:374 - Individuo Solucion: {1,3,7,0,18,27,14,25,6,11,23,26,15,5,16,10,2,28,4,21,12,9,13,8,29,17,20,22,19,24}

22:49:52,137  INFO main:375 - *****************************************************
22:49:52,446  INFO main:361 - ****************Corrida 29 ************************
22:49:52,447  INFO main:362 - Fitness solucion: 16.0
22:49:52,447  INFO main:363 - Indice: 16
22:49:52,447  INFO main:364 - Generacion: 0
22:49:52,447  INFO main:374 - Individuo Solucion: {8,1,3,10,4,13,2,17,29,20,16,22,9,0,21,15,23,25,7,6,19,12,5,26,14,24,28,18,11,27}

22:49:52,447  INFO main:375 - *****************************************************
22:49:52,448  INFO main:377 - Tiempo AGP: 359
22:49:52,448  INFO main:378 - Promedio Final: 16
22:49:52,448  INFO main:379 - Promedio Generaciones: 0
22:49:52,448  INFO main:381 - *****************Resultados********************
22:49:52,448  INFO main:383 - result: 16.0
22:49:52,448  INFO main:383 - result: 16.0
22:49:52,449  INFO main:383 - result: 16.0
22:49:52,449  INFO main:383 - result: 16.0
22:49:52,449  INFO main:383 - result: 16.0
22:49:52,449  INFO main:383 - result: 16.0
22:49:52,450  INFO main:383 - result: 16.0
22:49:52,450  INFO main:383 - result: 16.0
22:49:52,450  INFO main:383 - result: 16.0
22:49:52,450  INFO main:383 - result: 16.0
22:49:52,451  INFO main:383 - result: 16.0
22:49:52,451  INFO main:383 - result: 16.0
22:49:52,451  INFO main:383 - result: 16.0
22:49:52,451  INFO main:383 - result: 16.0
22:49:52,452  INFO main:383 - result: 16.0
22:49:52,452  INFO main:383 - result: 16.0
22:49:52,452  INFO main:383 - result: 16.0
22:49:52,453  INFO main:383 - result: 16.0
22:49:52,453  INFO main:383 - result: 16.0
22:49:52,453  INFO main:383 - result: 16.0
22:49:52,453  INFO main:383 - result: 16.0
22:49:52,454  INFO main:383 - result: 16.0
22:49:52,454  INFO main:383 - result: 16.0
22:49:52,454  INFO main:383 - result: 16.0
22:49:52,454  INFO main:383 - result: 16.0
22:49:52,455  INFO main:383 - result: 16.0
22:49:52,455  INFO main:383 - result: 16.0
22:49:52,455  INFO main:383 - result: 16.0
22:49:52,455  INFO main:383 - result: 16.0
22:49:52,455  INFO main:383 - result: 16.0
22:49:52,456  INFO main:385 - *****************Generaciones********************
22:49:52,456  INFO main:387 - Generacion: 0
22:49:52,456  INFO main:387 - Generacion: 0
22:49:52,456  INFO main:387 - Generacion: 0
22:49:52,456  INFO main:387 - Generacion: 0
22:49:52,457  INFO main:387 - Generacion: 0
22:49:52,457  INFO main:387 - Generacion: 0
22:49:52,457  INFO main:387 - Generacion: 0
22:49:52,457  INFO main:387 - Generacion: 0
22:49:52,457  INFO main:387 - Generacion: 0
22:49:52,458  INFO main:387 - Generacion: 0
22:49:52,458  INFO main:387 - Generacion: 0
22:49:52,458  INFO main:387 - Generacion: 0
22:49:52,458  INFO main:387 - Generacion: 0
22:49:52,459  INFO main:387 - Generacion: 0
22:49:52,459  INFO main:387 - Generacion: 0
22:49:52,459  INFO main:387 - Generacion: 0
22:49:52,460  INFO main:387 - Generacion: 0
22:49:52,460  INFO main:387 - Generacion: 0
22:49:52,460  INFO main:387 - Generacion: 0
22:49:52,461  INFO main:387 - Generacion: 0
22:49:52,461  INFO main:387 - Generacion: 0
22:49:52,461  INFO main:387 - Generacion: 0
22:49:52,462  INFO main:387 - Generacion: 0
22:49:52,462  INFO main:387 - Generacion: 0
22:49:52,462  INFO main:387 - Generacion: 0
22:49:52,462  INFO main:387 - Generacion: 0
22:49:52,462  INFO main:387 - Generacion: 0
22:49:52,463  INFO main:387 - Generacion: 0
22:49:52,463  INFO main:387 - Generacion: 0
22:49:52,463  INFO main:387 - Generacion: 0
