17:24:17,413  INFO main:168 - Logueando
17:25:41,928  INFO main:300 - Tiempo PreCalculo: 84512
17:25:41,928  INFO main:387 - ****************AG PERMUTACION****************
17:25:43,087  INFO main:399 - ****************Corrida 0 ************************
17:25:43,087  INFO main:400 - Fitness solucion: 56.0
17:25:43,087  INFO main:401 - Indice: 56
17:25:43,087  INFO main:402 - Generacion: 0
17:25:43,088  INFO main:403 - Rechazados: 0
17:25:43,088  INFO main:413 - Individuo Solucion: {7,1,14,28,0,4,48,30,15,21,18,10,23,31,25,2,38,6,5,12,37,35,32,45,43,22,47,39,11,33,16,42,29,17,20,49,34,19,40,3,9,41,27,13,36,8,44,26,24,46}

17:25:43,088  INFO main:414 - *****************************************************
17:25:43,420  INFO main:399 - ****************Corrida 1 ************************
17:25:43,420  INFO main:400 - Fitness solucion: 56.0
17:25:43,420  INFO main:401 - Indice: 56
17:25:43,420  INFO main:402 - Generacion: 0
17:25:43,421  INFO main:403 - Rechazados: 0
17:25:43,421  INFO main:413 - Individuo Solucion: {6,3,47,36,26,9,15,37,5,23,42,8,12,11,10,1,2,17,0,21,20,41,27,18,24,14,22,49,19,25,29,16,34,13,28,30,33,35,40,32,44,45,46,31,48,7,39,38,43,4}

17:25:43,421  INFO main:414 - *****************************************************
17:25:43,766  INFO main:399 - ****************Corrida 2 ************************
17:25:43,766  INFO main:400 - Fitness solucion: 56.0
17:25:43,766  INFO main:401 - Indice: 56
17:25:43,766  INFO main:402 - Generacion: 0
17:25:43,766  INFO main:403 - Rechazados: 0
17:25:43,767  INFO main:413 - Individuo Solucion: {38,14,45,15,6,25,10,42,11,17,35,3,12,28,43,13,21,48,0,46,1,26,37,20,4,36,29,7,24,9,41,23,34,27,30,16,40,33,5,31,18,39,8,47,19,22,32,44,2,49}

17:25:43,767  INFO main:414 - *****************************************************
17:25:44,106  INFO main:399 - ****************Corrida 3 ************************
17:25:44,107  INFO main:400 - Fitness solucion: 56.0
17:25:44,107  INFO main:401 - Indice: 56
17:25:44,107  INFO main:402 - Generacion: 0
17:25:44,107  INFO main:403 - Rechazados: 0
17:25:44,107  INFO main:413 - Individuo Solucion: {41,2,12,27,48,4,33,14,21,5,10,43,32,36,35,31,29,18,17,3,49,37,40,39,19,16,28,42,15,45,30,8,23,0,22,25,24,47,11,13,9,20,34,26,38,46,6,7,1,44}

17:25:44,107  INFO main:414 - *****************************************************
17:25:44,425  INFO main:399 - ****************Corrida 4 ************************
17:25:44,426  INFO main:400 - Fitness solucion: 56.0
17:25:44,426  INFO main:401 - Indice: 56
17:25:44,426  INFO main:402 - Generacion: 0
17:25:44,426  INFO main:403 - Rechazados: 0
17:25:44,426  INFO main:413 - Individuo Solucion: {28,4,1,10,21,47,3,12,32,0,19,18,38,6,31,22,37,29,33,5,8,15,48,27,41,36,30,17,34,24,49,40,2,35,39,11,14,13,43,42,46,16,26,44,45,20,9,25,23,7}

17:25:44,426  INFO main:414 - *****************************************************
17:25:44,747  INFO main:399 - ****************Corrida 5 ************************
17:25:44,747  INFO main:400 - Fitness solucion: 56.0
17:25:44,747  INFO main:401 - Indice: 56
17:25:44,747  INFO main:402 - Generacion: 0
17:25:44,747  INFO main:403 - Rechazados: 0
17:25:44,748  INFO main:413 - Individuo Solucion: {49,38,37,48,18,29,15,3,17,11,10,39,14,19,47,46,4,35,5,41,24,45,13,26,42,36,32,28,40,16,12,43,1,31,7,33,6,21,44,34,27,20,23,25,8,0,9,30,2,22}

17:25:44,748  INFO main:414 - *****************************************************
17:25:45,072  INFO main:399 - ****************Corrida 6 ************************
17:25:45,072  INFO main:400 - Fitness solucion: 56.0
17:25:45,072  INFO main:401 - Indice: 56
17:25:45,072  INFO main:402 - Generacion: 0
17:25:45,075  INFO main:403 - Rechazados: 0
17:25:45,075  INFO main:413 - Individuo Solucion: {0,26,29,2,41,4,43,21,38,14,7,34,16,30,47,42,5,1,3,11,22,9,45,20,10,6,40,37,8,19,31,36,33,17,12,18,39,25,32,13,48,24,27,49,44,35,46,23,28,15}

17:25:45,075  INFO main:414 - *****************************************************
17:25:45,395  INFO main:399 - ****************Corrida 7 ************************
17:25:45,395  INFO main:400 - Fitness solucion: 56.0
17:25:45,396  INFO main:401 - Indice: 56
17:25:45,396  INFO main:402 - Generacion: 0
17:25:45,396  INFO main:403 - Rechazados: 0
17:25:45,396  INFO main:413 - Individuo Solucion: {9,47,6,42,2,25,37,3,7,21,46,16,19,0,33,27,14,24,5,20,18,23,36,17,15,1,39,22,10,31,4,43,35,8,44,29,30,12,48,13,28,26,11,32,40,41,38,49,45,34}

17:25:45,396  INFO main:414 - *****************************************************
17:25:45,713  INFO main:399 - ****************Corrida 8 ************************
17:25:45,714  INFO main:400 - Fitness solucion: 56.0
17:25:45,714  INFO main:401 - Indice: 58
17:25:45,714  INFO main:402 - Generacion: 0
17:25:45,714  INFO main:403 - Rechazados: 0
17:25:45,714  INFO main:413 - Individuo Solucion: {4,8,17,33,47,49,35,30,10,7,28,39,9,21,14,22,45,43,27,0,29,41,11,2,16,24,20,19,46,5,36,23,13,31,3,1,25,34,15,42,40,48,32,38,12,37,18,44,26,6}

17:25:45,714  INFO main:414 - *****************************************************
17:25:46,030  INFO main:399 - ****************Corrida 9 ************************
17:25:46,030  INFO main:400 - Fitness solucion: 56.0
17:25:46,031  INFO main:401 - Indice: 56
17:25:46,031  INFO main:402 - Generacion: 0
17:25:46,031  INFO main:403 - Rechazados: 0
17:25:46,031  INFO main:413 - Individuo Solucion: {4,28,27,22,5,11,31,2,7,18,10,37,1,6,9,14,25,23,12,15,21,3,40,26,30,49,48,32,47,42,13,16,29,46,38,43,0,36,17,19,33,44,41,8,20,45,35,39,24,34}

17:25:46,032  INFO main:414 - *****************************************************
17:25:46,401  INFO main:399 - ****************Corrida 10 ************************
17:25:46,402  INFO main:400 - Fitness solucion: 56.0
17:25:46,402  INFO main:401 - Indice: 56
17:25:46,403  INFO main:402 - Generacion: 0
17:25:46,403  INFO main:403 - Rechazados: 0
17:25:46,403  INFO main:413 - Individuo Solucion: {1,49,20,13,45,33,27,9,36,39,5,17,31,8,22,19,21,18,2,28,40,35,42,30,4,48,10,16,47,32,14,38,29,12,37,11,0,34,23,25,41,6,44,3,46,15,24,43,26,7}

17:25:46,403  INFO main:414 - *****************************************************
17:25:46,740  INFO main:399 - ****************Corrida 11 ************************
17:25:46,740  INFO main:400 - Fitness solucion: 56.0
17:25:46,740  INFO main:401 - Indice: 57
17:25:46,740  INFO main:402 - Generacion: 0
17:25:46,740  INFO main:403 - Rechazados: 0
17:25:46,740  INFO main:413 - Individuo Solucion: {45,2,28,4,21,7,34,30,6,31,8,9,13,20,27,12,1,25,3,15,17,22,18,33,36,14,32,5,29,0,26,19,39,37,46,41,24,42,44,49,43,11,10,47,35,16,38,48,40,23}

17:25:46,740  INFO main:414 - *****************************************************
17:25:47,074  INFO main:399 - ****************Corrida 12 ************************
17:25:47,074  INFO main:400 - Fitness solucion: 56.0
17:25:47,074  INFO main:401 - Indice: 56
17:25:47,074  INFO main:402 - Generacion: 0
17:25:47,074  INFO main:403 - Rechazados: 0
17:25:47,074  INFO main:413 - Individuo Solucion: {31,6,9,14,46,11,8,10,48,19,35,16,3,13,7,5,26,12,27,47,24,38,21,15,25,17,18,39,1,0,49,33,41,34,32,29,30,22,37,43,28,45,20,36,42,2,44,23,40,4}

17:25:47,074  INFO main:414 - *****************************************************
17:25:47,396  INFO main:399 - ****************Corrida 13 ************************
17:25:47,396  INFO main:400 - Fitness solucion: 56.0
17:25:47,396  INFO main:401 - Indice: 56
17:25:47,396  INFO main:402 - Generacion: 0
17:25:47,396  INFO main:403 - Rechazados: 0
17:25:47,397  INFO main:413 - Individuo Solucion: {39,4,14,3,27,28,49,45,20,2,47,33,6,21,22,34,5,36,38,44,12,1,10,24,0,11,48,7,16,23,25,43,18,40,42,8,19,37,31,35,29,32,26,46,15,17,13,9,30,41}

17:25:47,397  INFO main:414 - *****************************************************
17:25:47,710  INFO main:399 - ****************Corrida 14 ************************
17:25:47,710  INFO main:400 - Fitness solucion: 56.0
17:25:47,710  INFO main:401 - Indice: 56
17:25:47,710  INFO main:402 - Generacion: 0
17:25:47,710  INFO main:403 - Rechazados: 0
17:25:47,711  INFO main:413 - Individuo Solucion: {9,32,7,6,44,35,8,45,14,36,47,4,18,20,0,38,24,26,31,43,49,39,33,1,28,46,34,2,11,29,22,37,27,25,15,17,40,12,5,16,3,42,10,30,23,13,19,41,48,21}

17:25:47,711  INFO main:414 - *****************************************************
17:25:48,037  INFO main:399 - ****************Corrida 15 ************************
17:25:48,037  INFO main:400 - Fitness solucion: 56.0
17:25:48,037  INFO main:401 - Indice: 56
17:25:48,037  INFO main:402 - Generacion: 0
17:25:48,037  INFO main:403 - Rechazados: 0
17:25:48,037  INFO main:413 - Individuo Solucion: {0,48,16,7,37,33,18,4,41,12,30,19,2,47,22,9,8,40,1,5,31,11,20,45,23,13,39,28,35,46,21,24,49,32,14,3,6,42,10,26,36,27,34,17,38,43,15,25,29,44}

17:25:48,037  INFO main:414 - *****************************************************
17:25:48,364  INFO main:399 - ****************Corrida 16 ************************
17:25:48,365  INFO main:400 - Fitness solucion: 56.0
17:25:48,365  INFO main:401 - Indice: 56
17:25:48,365  INFO main:402 - Generacion: 0
17:25:48,365  INFO main:403 - Rechazados: 0
17:25:48,365  INFO main:413 - Individuo Solucion: {37,3,13,25,40,46,23,43,4,2,7,12,22,33,45,42,5,47,30,48,31,15,9,38,21,20,28,11,8,24,36,32,29,27,44,16,34,14,39,1,6,35,17,19,10,49,0,18,41,26}

17:25:48,365  INFO main:414 - *****************************************************
17:25:48,689  INFO main:399 - ****************Corrida 17 ************************
17:25:48,689  INFO main:400 - Fitness solucion: 56.0
17:25:48,689  INFO main:401 - Indice: 56
17:25:48,689  INFO main:402 - Generacion: 0
17:25:48,689  INFO main:403 - Rechazados: 0
17:25:48,689  INFO main:413 - Individuo Solucion: {6,2,35,3,42,28,16,7,9,45,4,40,18,21,27,0,14,5,29,10,43,34,32,47,11,49,24,1,31,30,46,36,44,41,48,38,26,12,8,15,25,23,37,20,13,22,19,33,39,17}

17:25:48,690  INFO main:414 - *****************************************************
17:25:49,022  INFO main:399 - ****************Corrida 18 ************************
17:25:49,022  INFO main:400 - Fitness solucion: 56.0
17:25:49,022  INFO main:401 - Indice: 56
17:25:49,022  INFO main:402 - Generacion: 0
17:25:49,022  INFO main:403 - Rechazados: 0
17:25:49,022  INFO main:413 - Individuo Solucion: {37,6,4,28,47,45,7,25,48,31,44,39,29,17,43,5,38,0,22,30,20,13,27,49,10,23,2,19,12,14,1,3,8,32,24,9,15,35,40,26,46,41,42,36,21,11,33,34,18,16}

17:25:49,022  INFO main:414 - *****************************************************
17:25:49,384  INFO main:399 - ****************Corrida 19 ************************
17:25:49,384  INFO main:400 - Fitness solucion: 56.0
17:25:49,384  INFO main:401 - Indice: 56
17:25:49,385  INFO main:402 - Generacion: 0
17:25:49,385  INFO main:403 - Rechazados: 0
17:25:49,385  INFO main:413 - Individuo Solucion: {7,47,9,10,19,17,45,39,0,43,48,28,3,42,30,41,6,13,8,16,5,44,38,49,20,18,4,24,25,29,11,23,2,1,22,21,33,46,32,35,14,12,15,27,40,26,37,31,34,36}

17:25:49,385  INFO main:414 - *****************************************************
17:25:49,699  INFO main:399 - ****************Corrida 20 ************************
17:25:49,699  INFO main:400 - Fitness solucion: 56.0
17:25:49,699  INFO main:401 - Indice: 56
17:25:49,699  INFO main:402 - Generacion: 0
17:25:49,699  INFO main:403 - Rechazados: 0
17:25:49,700  INFO main:413 - Individuo Solucion: {11,18,41,48,7,21,31,6,3,9,12,27,17,40,13,20,4,30,42,23,44,2,15,34,0,37,28,43,1,45,46,39,5,8,26,38,32,10,47,33,49,36,19,22,16,35,25,14,29,24}

17:25:49,700  INFO main:414 - *****************************************************
17:25:50,020  INFO main:399 - ****************Corrida 21 ************************
17:25:50,020  INFO main:400 - Fitness solucion: 56.0
17:25:50,020  INFO main:401 - Indice: 56
17:25:50,020  INFO main:402 - Generacion: 0
17:25:50,021  INFO main:403 - Rechazados: 0
17:25:50,021  INFO main:413 - Individuo Solucion: {36,47,0,44,27,48,23,45,14,32,30,43,24,4,49,12,26,19,22,21,7,10,29,11,5,8,34,40,2,16,46,15,3,9,28,6,35,38,39,31,42,20,1,41,17,33,13,18,25,37}

17:25:50,021  INFO main:414 - *****************************************************
17:25:50,335  INFO main:399 - ****************Corrida 22 ************************
17:25:50,335  INFO main:400 - Fitness solucion: 56.0
17:25:50,335  INFO main:401 - Indice: 56
17:25:50,335  INFO main:402 - Generacion: 0
17:25:50,335  INFO main:403 - Rechazados: 0
17:25:50,335  INFO main:413 - Individuo Solucion: {18,2,8,0,9,7,38,35,23,26,14,4,24,32,25,47,37,5,48,6,17,44,19,20,1,36,34,22,12,21,43,16,33,46,30,31,3,13,41,29,11,39,40,10,27,42,28,15,45,49}

17:25:50,336  INFO main:414 - *****************************************************
17:25:50,660  INFO main:399 - ****************Corrida 23 ************************
17:25:50,660  INFO main:400 - Fitness solucion: 56.0
17:25:50,660  INFO main:401 - Indice: 56
17:25:50,660  INFO main:402 - Generacion: 0
17:25:50,660  INFO main:403 - Rechazados: 0
17:25:50,660  INFO main:413 - Individuo Solucion: {31,36,34,38,30,44,26,2,48,6,43,0,11,37,18,7,35,5,15,9,12,45,28,24,23,27,47,32,33,4,10,1,39,13,17,25,16,29,20,22,42,46,40,21,3,14,49,8,41,19}

17:25:50,660  INFO main:414 - *****************************************************
17:25:50,977  INFO main:399 - ****************Corrida 24 ************************
17:25:50,977  INFO main:400 - Fitness solucion: 56.0
17:25:50,977  INFO main:401 - Indice: 56
17:25:50,977  INFO main:402 - Generacion: 0
17:25:50,977  INFO main:403 - Rechazados: 0
17:25:50,977  INFO main:413 - Individuo Solucion: {36,11,47,1,44,48,9,25,5,46,17,31,40,39,7,13,14,4,6,43,49,15,45,20,22,30,38,41,34,26,29,10,0,27,37,35,8,23,12,33,19,24,3,18,32,16,21,42,2,28}

17:25:50,977  INFO main:414 - *****************************************************
17:25:51,295  INFO main:399 - ****************Corrida 25 ************************
17:25:51,295  INFO main:400 - Fitness solucion: 56.0
17:25:51,295  INFO main:401 - Indice: 56
17:25:51,295  INFO main:402 - Generacion: 0
17:25:51,295  INFO main:403 - Rechazados: 0
17:25:51,296  INFO main:413 - Individuo Solucion: {2,45,8,5,42,0,34,13,25,21,39,22,24,36,11,35,4,37,26,29,32,28,15,19,41,48,46,40,12,16,31,43,17,9,23,20,44,7,10,14,6,38,33,49,18,30,3,27,1,47}

17:25:51,296  INFO main:414 - *****************************************************
17:25:51,614  INFO main:399 - ****************Corrida 26 ************************
17:25:51,614  INFO main:400 - Fitness solucion: 56.0
17:25:51,614  INFO main:401 - Indice: 56
17:25:51,614  INFO main:402 - Generacion: 0
17:25:51,614  INFO main:403 - Rechazados: 0
17:25:51,614  INFO main:413 - Individuo Solucion: {17,35,32,37,3,5,27,6,19,15,23,13,22,11,7,42,4,9,45,21,36,16,29,14,44,18,39,2,8,48,41,12,49,24,10,28,30,1,0,34,31,20,43,40,47,26,46,33,25,38}

17:25:51,614  INFO main:414 - *****************************************************
17:25:51,950  INFO main:399 - ****************Corrida 27 ************************
17:25:51,950  INFO main:400 - Fitness solucion: 56.0
17:25:51,951  INFO main:401 - Indice: 56
17:25:51,951  INFO main:402 - Generacion: 0
17:25:51,951  INFO main:403 - Rechazados: 0
17:25:51,951  INFO main:413 - Individuo Solucion: {33,28,36,1,19,18,35,47,8,6,17,23,16,34,42,4,2,14,13,0,3,5,10,9,30,39,25,7,15,45,22,12,26,38,20,46,32,24,21,11,44,43,40,27,48,37,49,31,41,29}

17:25:51,951  INFO main:414 - *****************************************************
17:25:52,299  INFO main:399 - ****************Corrida 28 ************************
17:25:52,299  INFO main:400 - Fitness solucion: 56.0
17:25:52,299  INFO main:401 - Indice: 56
17:25:52,300  INFO main:402 - Generacion: 0
17:25:52,300  INFO main:403 - Rechazados: 0
17:25:52,300  INFO main:413 - Individuo Solucion: {24,39,31,43,4,7,1,5,2,12,25,16,28,38,45,37,3,32,22,49,0,18,6,13,14,47,20,35,23,40,30,8,17,34,9,48,15,21,19,44,42,36,27,10,29,11,46,26,33,41}

17:25:52,300  INFO main:414 - *****************************************************
17:25:52,672  INFO main:399 - ****************Corrida 29 ************************
17:25:52,672  INFO main:400 - Fitness solucion: 56.0
17:25:52,672  INFO main:401 - Indice: 56
17:25:52,672  INFO main:402 - Generacion: 0
17:25:52,672  INFO main:403 - Rechazados: 0
17:25:52,672  INFO main:413 - Individuo Solucion: {21,2,36,4,16,18,8,1,33,37,48,17,35,5,23,27,47,26,28,12,29,7,10,41,45,24,39,9,22,25,6,43,0,20,46,30,34,40,14,42,11,32,19,15,49,31,38,44,3,13}

17:25:52,673  INFO main:414 - *****************************************************
17:25:52,673  INFO main:416 - Tiempo AGP: 357
17:25:52,673  INFO main:418 - Promedio Final: 56
17:25:52,673  INFO main:420 - Promedio Generaciones: 0
17:25:52,673  INFO main:422 - *****************Resultados********************
17:25:52,673  INFO main:424 - result: 56.0
17:25:52,673  INFO main:424 - result: 56.0
17:25:52,673  INFO main:424 - result: 56.0
17:25:52,673  INFO main:424 - result: 56.0
17:25:52,674  INFO main:424 - result: 56.0
17:25:52,674  INFO main:424 - result: 56.0
17:25:52,674  INFO main:424 - result: 56.0
17:25:52,674  INFO main:424 - result: 56.0
17:25:52,674  INFO main:424 - result: 56.0
17:25:52,674  INFO main:424 - result: 56.0
17:25:52,674  INFO main:424 - result: 56.0
17:25:52,674  INFO main:424 - result: 56.0
17:25:52,674  INFO main:424 - result: 56.0
17:25:52,674  INFO main:424 - result: 56.0
17:25:52,674  INFO main:424 - result: 56.0
17:25:52,674  INFO main:424 - result: 56.0
17:25:52,674  INFO main:424 - result: 56.0
17:25:52,675  INFO main:424 - result: 56.0
17:25:52,675  INFO main:424 - result: 56.0
17:25:52,675  INFO main:424 - result: 56.0
17:25:52,675  INFO main:424 - result: 56.0
17:25:52,675  INFO main:424 - result: 56.0
17:25:52,675  INFO main:424 - result: 56.0
17:25:52,675  INFO main:424 - result: 56.0
17:25:52,675  INFO main:424 - result: 56.0
17:25:52,675  INFO main:424 - result: 56.0
17:25:52,675  INFO main:424 - result: 56.0
17:25:52,675  INFO main:424 - result: 56.0
17:25:52,675  INFO main:424 - result: 56.0
17:25:52,675  INFO main:424 - result: 56.0
17:25:52,675  INFO main:426 - *****************Generaciones********************
17:25:52,676  INFO main:428 - Generacion: 0
17:25:52,676  INFO main:428 - Generacion: 0
17:25:52,676  INFO main:428 - Generacion: 0
17:25:52,676  INFO main:428 - Generacion: 0
17:25:52,676  INFO main:428 - Generacion: 0
17:25:52,676  INFO main:428 - Generacion: 0
17:25:52,676  INFO main:428 - Generacion: 0
17:25:52,676  INFO main:428 - Generacion: 0
17:25:52,676  INFO main:428 - Generacion: 0
17:25:52,676  INFO main:428 - Generacion: 0
17:25:52,676  INFO main:428 - Generacion: 0
17:25:52,676  INFO main:428 - Generacion: 0
17:25:52,676  INFO main:428 - Generacion: 0
17:25:52,676  INFO main:428 - Generacion: 0
17:25:52,676  INFO main:428 - Generacion: 0
17:25:52,677  INFO main:428 - Generacion: 0
17:25:52,677  INFO main:428 - Generacion: 0
17:25:52,677  INFO main:428 - Generacion: 0
17:25:52,677  INFO main:428 - Generacion: 0
17:25:52,677  INFO main:428 - Generacion: 0
17:25:52,677  INFO main:428 - Generacion: 0
17:25:52,677  INFO main:428 - Generacion: 0
17:25:52,677  INFO main:428 - Generacion: 0
17:25:52,677  INFO main:428 - Generacion: 0
17:25:52,677  INFO main:428 - Generacion: 0
17:25:52,677  INFO main:428 - Generacion: 0
17:25:52,677  INFO main:428 - Generacion: 0
17:25:52,677  INFO main:428 - Generacion: 0
17:25:52,677  INFO main:428 - Generacion: 0
17:25:52,678  INFO main:428 - Generacion: 0
