17:58:55,203  INFO main:168 - Logueando
18:00:10,451  INFO main:300 - Tiempo PreCalculo: 75247
18:00:10,451  INFO main:387 - ****************AG PERMUTACION****************
18:00:11,602  INFO main:399 - ****************Corrida 0 ************************
18:00:11,602  INFO main:400 - Fitness solucion: 69.0
18:00:11,602  INFO main:401 - Indice: 69
18:00:11,602  INFO main:402 - Generacion: 0
18:00:11,602  INFO main:403 - Rechazados: 0
18:00:11,602  INFO main:413 - Individuo Solucion: {56,28,45,5,3,93,0,13,63,1,77,17,79,82,54,14,51,16,50,87,98,6,70,8,84,19,67,53,66,88,92,71,31,90,27,39,76,7,52,94,33,2,73,60,83,4,96,15,29,34,10,21,11,9,68,32,59,44,24,80,48,25,64,43,65,23,58,78,89,81,49,30,20,55,46,38,22,36,91,69,40,18,74,97,35,12,26,47,61,37,42,72,99,41,57,75,62,95,86,85}

18:00:11,602  INFO main:414 - *****************************************************
18:00:12,091  INFO main:399 - ****************Corrida 1 ************************
18:00:12,091  INFO main:400 - Fitness solucion: 69.0
18:00:12,091  INFO main:401 - Indice: 71
18:00:12,092  INFO main:402 - Generacion: 0
18:00:12,092  INFO main:403 - Rechazados: 0
18:00:12,092  INFO main:413 - Individuo Solucion: {29,97,0,98,43,70,44,65,94,88,40,63,4,13,10,72,73,93,22,5,11,46,34,33,54,30,17,52,99,37,32,3,86,1,9,28,26,25,21,90,87,8,2,75,47,18,49,80,6,85,45,36,89,20,7,31,95,64,53,55,35,42,67,51,91,66,50,12,71,57,96,92,48,24,62,74,77,61,16,59,58,81,15,23,19,76,68,79,69,84,60,41,83,27,38,56,82,78,39,14}

18:00:12,092  INFO main:414 - *****************************************************
18:00:12,565  INFO main:399 - ****************Corrida 2 ************************
18:00:12,565  INFO main:400 - Fitness solucion: 69.0
18:00:12,565  INFO main:401 - Indice: 70
18:00:12,566  INFO main:402 - Generacion: 0
18:00:12,566  INFO main:403 - Rechazados: 0
18:00:12,566  INFO main:413 - Individuo Solucion: {70,87,1,90,9,16,18,61,5,62,26,6,74,21,32,0,8,65,37,36,49,45,99,13,76,29,50,7,46,85,11,58,34,83,84,79,48,97,14,33,39,10,66,24,72,40,57,3,17,52,56,30,67,22,27,71,41,54,91,4,89,78,38,15,55,28,53,81,59,75,23,44,68,2,25,47,12,80,73,82,19,43,69,86,98,42,64,20,51,88,35,93,60,31,77,63,94,95,96,92}

18:00:12,566  INFO main:414 - *****************************************************
18:00:13,017  INFO main:399 - ****************Corrida 3 ************************
18:00:13,017  INFO main:400 - Fitness solucion: 69.0
18:00:13,017  INFO main:401 - Indice: 74
18:00:13,017  INFO main:402 - Generacion: 0
18:00:13,017  INFO main:403 - Rechazados: 0
18:00:13,018  INFO main:413 - Individuo Solucion: {10,98,88,46,69,39,43,87,26,6,9,68,94,65,17,45,93,16,70,8,13,22,29,23,35,97,32,59,36,44,18,11,0,80,89,24,62,5,41,15,28,27,72,54,21,90,37,61,58,34,42,78,14,4,60,73,52,12,49,31,57,96,2,67,75,1,85,77,20,55,50,48,66,63,40,30,51,7,19,82,76,83,92,25,91,64,3,53,86,99,71,33,38,56,47,95,84,79,74,81}

18:00:13,018  INFO main:414 - *****************************************************
18:00:13,468  INFO main:399 - ****************Corrida 4 ************************
18:00:13,468  INFO main:400 - Fitness solucion: 69.0
18:00:13,468  INFO main:401 - Indice: 72
18:00:13,468  INFO main:402 - Generacion: 0
18:00:13,468  INFO main:403 - Rechazados: 0
18:00:13,468  INFO main:413 - Individuo Solucion: {22,61,40,13,57,87,3,12,0,4,21,98,6,5,25,49,77,94,27,74,20,8,66,18,26,16,34,10,89,29,76,7,23,43,70,15,69,88,17,97,45,80,19,51,95,65,81,58,82,28,59,1,41,67,52,53,96,64,44,36,32,42,24,60,50,78,55,92,38,99,71,48,90,35,91,9,84,39,72,37,68,47,86,31,83,30,56,14,54,75,79,63,85,73,62,11,93,33,2,46}

18:00:13,468  INFO main:414 - *****************************************************
18:00:13,927  INFO main:399 - ****************Corrida 5 ************************
18:00:13,927  INFO main:400 - Fitness solucion: 69.0
18:00:13,927  INFO main:401 - Indice: 79
18:00:13,928  INFO main:402 - Generacion: 0
18:00:13,928  INFO main:403 - Rechazados: 0
18:00:13,928  INFO main:413 - Individuo Solucion: {32,77,21,93,18,64,23,61,12,16,25,78,8,24,54,50,27,36,44,20,70,6,0,51,45,71,31,17,29,2,33,34,94,10,22,89,3,66,38,81,56,43,35,72,99,62,58,26,85,67,14,59,40,63,7,92,79,47,69,28,90,19,42,68,57,75,80,5,55,52,97,84,9,86,73,87,82,83,30,46,49,96,76,88,53,4,98,41,11,37,74,91,15,1,13,60,65,95,48,39}

18:00:13,928  INFO main:414 - *****************************************************
18:00:14,376  INFO main:399 - ****************Corrida 6 ************************
18:00:14,376  INFO main:400 - Fitness solucion: 69.0
18:00:14,376  INFO main:401 - Indice: 71
18:00:14,376  INFO main:402 - Generacion: 0
18:00:14,379  INFO main:403 - Rechazados: 0
18:00:14,379  INFO main:413 - Individuo Solucion: {82,69,8,20,49,95,21,4,23,30,5,15,90,10,80,42,6,35,26,71,98,14,93,36,37,43,88,0,56,96,81,89,13,1,46,92,44,78,3,39,11,19,52,40,2,73,66,67,64,86,60,34,47,25,79,51,97,85,27,17,63,77,31,59,53,9,38,24,99,76,18,55,58,41,33,48,50,72,70,57,29,54,84,62,91,32,94,45,75,65,68,74,83,16,61,12,87,28,7,22}

18:00:14,379  INFO main:414 - *****************************************************
18:00:14,832  INFO main:399 - ****************Corrida 7 ************************
18:00:14,832  INFO main:400 - Fitness solucion: 69.0
18:00:14,833  INFO main:401 - Indice: 71
18:00:14,833  INFO main:402 - Generacion: 0
18:00:14,833  INFO main:403 - Rechazados: 0
18:00:14,833  INFO main:413 - Individuo Solucion: {59,4,7,64,11,18,17,25,84,93,99,55,88,86,27,8,53,79,6,68,61,73,95,54,20,67,21,48,23,60,28,90,46,16,83,92,38,39,29,31,0,35,49,63,33,78,80,58,15,70,41,66,62,9,3,13,40,44,71,52,75,19,57,10,30,47,76,89,85,37,24,96,87,98,14,72,81,69,50,36,1,97,32,51,5,2,56,42,77,45,43,34,65,74,26,91,94,82,12,22}

18:00:14,833  INFO main:414 - *****************************************************
18:00:15,294  INFO main:399 - ****************Corrida 8 ************************
18:00:15,294  INFO main:400 - Fitness solucion: 69.0
18:00:15,294  INFO main:401 - Indice: 69
18:00:15,294  INFO main:402 - Generacion: 0
18:00:15,294  INFO main:403 - Rechazados: 0
18:00:15,295  INFO main:413 - Individuo Solucion: {62,97,26,0,3,2,92,65,7,14,5,20,21,24,13,29,87,12,6,50,98,8,19,66,42,52,89,49,84,76,56,46,16,15,27,88,37,64,38,60,17,40,41,55,83,79,67,57,54,22,68,31,43,48,63,77,25,36,90,58,33,18,28,45,47,23,53,10,80,82,75,93,34,32,78,30,91,96,99,94,95,74,61,86,59,1,51,81,9,85,11,39,4,71,70,44,73,72,35,69}

18:00:15,295  INFO main:414 - *****************************************************
18:00:15,741  INFO main:399 - ****************Corrida 9 ************************
18:00:15,741  INFO main:400 - Fitness solucion: 69.0
18:00:15,741  INFO main:401 - Indice: 70
18:00:15,741  INFO main:402 - Generacion: 0
18:00:15,741  INFO main:403 - Rechazados: 0
18:00:15,741  INFO main:413 - Individuo Solucion: {8,74,99,72,71,66,2,1,6,17,18,19,69,73,11,94,54,37,36,4,68,25,51,53,34,43,64,44,27,96,26,40,21,95,38,50,92,39,86,20,5,80,57,97,49,35,7,30,10,70,63,9,60,33,15,23,67,41,13,58,42,31,14,77,52,59,82,32,12,24,98,76,84,48,75,61,55,46,45,65,78,85,88,56,89,62,93,28,0,83,16,47,22,90,79,91,3,29,81,87}

18:00:15,741  INFO main:414 - *****************************************************
18:00:16,189  INFO main:399 - ****************Corrida 10 ************************
18:00:16,189  INFO main:400 - Fitness solucion: 69.0
18:00:16,189  INFO main:401 - Indice: 72
18:00:16,189  INFO main:402 - Generacion: 0
18:00:16,189  INFO main:403 - Rechazados: 0
18:00:16,190  INFO main:413 - Individuo Solucion: {39,42,6,52,5,10,20,15,55,4,3,30,57,26,87,0,37,31,92,12,66,16,19,76,32,33,68,21,25,22,96,69,54,91,24,38,59,60,61,74,45,81,63,18,46,65,98,2,71,86,85,58,56,36,51,43,82,78,72,80,79,97,44,8,75,95,53,7,28,11,1,34,49,40,17,90,70,77,29,23,62,48,14,50,9,27,73,83,47,99,41,64,89,93,67,84,94,35,88,13}

18:00:16,190  INFO main:414 - *****************************************************
18:00:16,639  INFO main:399 - ****************Corrida 11 ************************
18:00:16,640  INFO main:400 - Fitness solucion: 69.0
18:00:16,640  INFO main:401 - Indice: 72
18:00:16,640  INFO main:402 - Generacion: 0
18:00:16,640  INFO main:403 - Rechazados: 0
18:00:16,640  INFO main:413 - Individuo Solucion: {46,56,34,93,90,66,12,54,8,5,17,0,94,16,92,22,24,18,7,87,20,33,75,26,14,45,73,19,41,9,6,11,57,32,50,47,23,86,21,79,78,37,10,36,52,89,99,42,69,2,25,72,63,27,13,31,67,76,74,59,53,58,84,96,91,88,39,38,61,29,48,85,4,30,65,55,83,43,49,44,82,77,68,15,64,71,98,95,97,51,62,3,80,40,35,70,60,1,81,28}

18:00:16,640  INFO main:414 - *****************************************************
18:00:17,090  INFO main:399 - ****************Corrida 12 ************************
18:00:17,090  INFO main:400 - Fitness solucion: 69.0
18:00:17,091  INFO main:401 - Indice: 74
18:00:17,091  INFO main:402 - Generacion: 0
18:00:17,091  INFO main:403 - Rechazados: 0
18:00:17,091  INFO main:413 - Individuo Solucion: {0,67,61,86,25,88,99,12,32,31,3,5,24,75,76,36,13,6,93,39,57,23,11,10,22,79,55,40,42,45,14,34,7,26,74,94,73,1,4,44,28,53,15,17,97,33,80,8,69,81,60,49,54,66,92,48,51,18,96,78,41,77,64,19,72,71,90,50,62,87,58,21,27,63,95,89,98,84,85,43,70,83,30,16,46,37,2,56,47,35,68,59,91,52,38,82,65,29,20,9}

18:00:17,091  INFO main:414 - *****************************************************
18:00:17,540  INFO main:399 - ****************Corrida 13 ************************
18:00:17,541  INFO main:400 - Fitness solucion: 69.0
18:00:17,541  INFO main:401 - Indice: 75
18:00:17,541  INFO main:402 - Generacion: 0
18:00:17,541  INFO main:403 - Rechazados: 0
18:00:17,541  INFO main:413 - Individuo Solucion: {51,76,92,33,6,13,61,89,10,25,12,35,7,42,45,18,30,3,39,46,36,14,41,28,0,27,68,74,9,2,37,67,75,34,84,91,29,86,32,49,26,71,17,70,83,5,48,21,58,38,47,11,85,79,50,44,80,93,64,77,62,24,57,69,87,73,95,90,81,60,20,56,65,99,52,96,40,43,55,31,72,88,4,63,22,1,97,53,19,66,23,15,78,16,8,94,98,54,59,82}

18:00:17,541  INFO main:414 - *****************************************************
18:00:17,997  INFO main:399 - ****************Corrida 14 ************************
18:00:17,998  INFO main:400 - Fitness solucion: 69.0
18:00:17,998  INFO main:401 - Indice: 69
18:00:17,998  INFO main:402 - Generacion: 0
18:00:17,998  INFO main:403 - Rechazados: 0
18:00:17,998  INFO main:413 - Individuo Solucion: {29,20,6,4,90,7,10,2,57,31,75,58,23,50,17,13,84,38,30,98,40,47,15,33,45,63,73,19,78,55,36,9,1,32,12,49,5,99,21,24,54,83,65,16,59,52,51,37,34,89,39,77,72,97,68,70,8,79,62,74,66,0,60,48,92,67,86,56,18,11,94,61,41,85,3,26,82,53,43,93,76,80,25,35,42,71,81,96,46,87,44,95,14,64,91,27,88,69,22,28}

18:00:17,998  INFO main:414 - *****************************************************
18:00:18,446  INFO main:399 - ****************Corrida 15 ************************
18:00:18,446  INFO main:400 - Fitness solucion: 69.0
18:00:18,446  INFO main:401 - Indice: 70
18:00:18,446  INFO main:402 - Generacion: 0
18:00:18,446  INFO main:403 - Rechazados: 0
18:00:18,446  INFO main:413 - Individuo Solucion: {69,92,4,2,6,24,20,5,82,25,77,27,18,38,65,91,19,26,9,66,70,28,22,23,86,52,64,43,10,89,50,21,90,85,3,53,0,12,54,59,60,61,55,47,44,78,98,34,1,29,32,93,81,87,42,31,33,14,88,49,56,62,16,17,7,41,67,68,71,11,15,51,73,96,83,63,99,58,84,13,75,37,95,48,57,40,45,79,39,72,46,94,76,36,97,80,74,30,35,8}

18:00:18,447  INFO main:414 - *****************************************************
18:00:18,896  INFO main:399 - ****************Corrida 16 ************************
18:00:18,896  INFO main:400 - Fitness solucion: 69.0
18:00:18,896  INFO main:401 - Indice: 71
18:00:18,896  INFO main:402 - Generacion: 0
18:00:18,896  INFO main:403 - Rechazados: 0
18:00:18,896  INFO main:413 - Individuo Solucion: {1,61,4,71,12,65,99,19,0,97,23,25,92,32,24,80,35,62,9,16,18,30,95,73,14,28,88,10,91,8,11,33,7,3,44,69,6,13,51,43,84,27,21,26,86,46,79,90,48,42,47,55,38,57,98,94,39,78,37,82,20,83,96,31,15,22,36,81,34,63,49,52,67,66,45,5,93,77,58,85,64,70,87,40,89,76,41,53,59,2,74,72,56,60,50,75,54,29,17,68}

18:00:18,896  INFO main:414 - *****************************************************
18:00:19,345  INFO main:399 - ****************Corrida 17 ************************
18:00:19,345  INFO main:400 - Fitness solucion: 69.0
18:00:19,345  INFO main:401 - Indice: 70
18:00:19,345  INFO main:402 - Generacion: 0
18:00:19,345  INFO main:403 - Rechazados: 0
18:00:19,345  INFO main:413 - Individuo Solucion: {6,7,13,20,98,23,2,18,28,85,27,88,41,80,11,22,60,44,84,40,97,37,42,50,17,16,54,83,39,73,47,64,53,96,57,56,69,62,1,35,79,10,72,12,36,34,31,26,65,21,95,74,55,67,82,43,58,99,70,33,32,25,92,14,87,9,24,75,59,5,48,78,81,63,89,8,86,4,15,52,68,76,90,29,51,0,49,77,66,3,94,61,71,91,45,93,30,46,38,19}

18:00:19,345  INFO main:414 - *****************************************************
18:00:19,815  INFO main:399 - ****************Corrida 18 ************************
18:00:19,815  INFO main:400 - Fitness solucion: 69.0
18:00:19,815  INFO main:401 - Indice: 75
18:00:19,816  INFO main:402 - Generacion: 0
18:00:19,816  INFO main:403 - Rechazados: 0
18:00:19,816  INFO main:413 - Individuo Solucion: {4,11,87,0,96,6,2,16,43,20,22,86,92,85,52,31,95,15,25,40,10,23,90,74,36,5,30,41,66,35,18,94,77,7,13,73,55,71,19,17,56,32,59,91,61,57,76,50,65,44,63,3,14,75,47,46,28,58,53,98,33,39,54,42,21,93,29,99,69,51,82,68,78,12,24,83,84,62,26,81,49,64,80,45,79,60,48,97,67,8,89,34,1,88,72,9,27,70,37,38}

18:00:19,816  INFO main:414 - *****************************************************
18:00:20,266  INFO main:399 - ****************Corrida 19 ************************
18:00:20,266  INFO main:400 - Fitness solucion: 69.0
18:00:20,266  INFO main:401 - Indice: 71
18:00:20,266  INFO main:402 - Generacion: 0
18:00:20,266  INFO main:403 - Rechazados: 0
18:00:20,266  INFO main:413 - Individuo Solucion: {15,90,67,59,3,4,38,12,25,89,41,28,14,92,27,54,24,11,36,40,48,8,71,55,37,75,5,49,97,45,44,72,35,79,16,93,6,10,94,65,76,50,32,0,33,29,98,31,58,46,95,22,69,7,39,43,60,68,26,62,70,30,77,57,87,74,21,78,53,66,96,84,23,51,83,20,73,91,80,52,2,99,86,64,63,19,17,1,9,42,18,13,34,82,88,61,85,47,81,56}

18:00:20,266  INFO main:414 - *****************************************************
18:00:20,727  INFO main:399 - ****************Corrida 20 ************************
18:00:20,728  INFO main:400 - Fitness solucion: 69.0
18:00:20,728  INFO main:401 - Indice: 71
18:00:20,728  INFO main:402 - Generacion: 0
18:00:20,728  INFO main:403 - Rechazados: 0
18:00:20,728  INFO main:413 - Individuo Solucion: {92,52,4,79,71,19,74,8,69,72,28,97,88,67,36,12,89,18,20,27,3,17,7,48,23,47,99,40,32,24,34,82,21,51,46,14,55,9,94,86,80,58,68,73,26,91,44,75,84,96,43,83,11,57,77,66,64,81,22,30,45,5,98,70,85,54,87,50,65,38,42,61,60,10,16,41,37,2,31,25,95,0,35,39,76,59,63,62,15,29,6,56,1,93,49,90,53,78,33,13}

18:00:20,728  INFO main:414 - *****************************************************
18:00:21,180  INFO main:399 - ****************Corrida 21 ************************
18:00:21,180  INFO main:400 - Fitness solucion: 69.0
18:00:21,180  INFO main:401 - Indice: 72
18:00:21,180  INFO main:402 - Generacion: 0
18:00:21,180  INFO main:403 - Rechazados: 0
18:00:21,180  INFO main:413 - Individuo Solucion: {53,69,90,9,1,30,6,83,87,42,0,78,12,86,7,22,21,24,17,98,67,45,48,37,91,16,26,23,18,63,2,52,77,10,71,44,92,46,75,73,36,97,58,94,5,89,61,4,74,29,47,28,49,25,35,54,93,95,31,65,85,11,62,99,33,34,72,68,55,8,51,88,50,20,66,14,59,3,57,81,60,76,64,41,43,82,96,79,19,84,56,27,13,38,32,15,40,70,39,80}

18:00:21,181  INFO main:414 - *****************************************************
18:00:21,634  INFO main:399 - ****************Corrida 22 ************************
18:00:21,634  INFO main:400 - Fitness solucion: 69.0
18:00:21,634  INFO main:401 - Indice: 72
18:00:21,634  INFO main:402 - Generacion: 0
18:00:21,634  INFO main:403 - Rechazados: 0
18:00:21,635  INFO main:413 - Individuo Solucion: {2,43,7,4,8,16,1,97,17,13,19,21,25,83,6,35,46,39,81,92,18,60,31,67,66,73,94,14,5,65,9,37,12,22,28,33,27,88,20,99,42,10,0,82,89,51,15,29,59,64,55,95,48,69,54,34,96,72,56,30,32,86,40,58,68,85,41,57,93,84,38,80,87,61,36,24,50,11,79,26,98,74,63,62,75,52,91,78,3,53,77,76,71,44,23,49,45,70,90,47}

18:00:21,635  INFO main:414 - *****************************************************
18:00:22,090  INFO main:399 - ****************Corrida 23 ************************
18:00:22,090  INFO main:400 - Fitness solucion: 69.0
18:00:22,090  INFO main:401 - Indice: 70
18:00:22,090  INFO main:402 - Generacion: 0
18:00:22,090  INFO main:403 - Rechazados: 0
18:00:22,091  INFO main:413 - Individuo Solucion: {6,4,29,99,23,18,3,61,56,27,2,72,20,92,87,55,60,37,74,89,93,78,94,80,64,95,25,31,14,5,34,68,48,53,33,81,22,52,97,50,8,41,46,42,24,12,67,15,59,26,63,28,45,98,66,62,39,0,96,77,90,19,88,47,79,11,73,86,70,83,44,69,10,40,13,84,54,85,43,75,58,57,38,16,35,21,7,36,91,30,51,32,82,9,1,49,71,65,17,76}

18:00:22,091  INFO main:414 - *****************************************************
18:00:22,540  INFO main:399 - ****************Corrida 24 ************************
18:00:22,540  INFO main:400 - Fitness solucion: 69.0
18:00:22,540  INFO main:401 - Indice: 72
18:00:22,540  INFO main:402 - Generacion: 0
18:00:22,540  INFO main:403 - Rechazados: 0
18:00:22,541  INFO main:413 - Individuo Solucion: {32,0,99,3,73,60,9,65,1,23,56,5,35,90,19,7,28,79,10,6,89,63,39,31,27,87,14,94,16,62,88,69,4,72,97,64,25,38,29,83,53,44,92,95,47,71,48,26,18,52,21,74,58,17,98,54,30,59,11,68,42,49,80,70,36,66,61,85,93,43,45,81,67,55,40,13,41,15,8,22,82,33,51,12,76,78,57,46,2,75,24,91,37,34,20,86,77,96,84,50}

18:00:22,541  INFO main:414 - *****************************************************
18:00:22,993  INFO main:399 - ****************Corrida 25 ************************
18:00:22,993  INFO main:400 - Fitness solucion: 69.0
18:00:22,993  INFO main:401 - Indice: 70
18:00:22,993  INFO main:402 - Generacion: 0
18:00:22,993  INFO main:403 - Rechazados: 0
18:00:22,993  INFO main:413 - Individuo Solucion: {1,42,16,47,6,12,99,82,51,19,80,14,10,94,57,26,92,43,18,22,20,15,33,2,97,7,41,45,37,28,44,75,40,35,24,39,85,3,34,55,53,88,56,50,60,23,98,49,31,61,70,30,48,36,76,71,86,63,66,54,46,73,96,13,72,9,8,27,69,90,67,89,5,17,62,29,95,38,79,4,68,83,32,58,11,64,0,74,25,52,84,91,59,78,93,87,21,81,65,77}

18:00:22,993  INFO main:414 - *****************************************************
18:00:23,448  INFO main:399 - ****************Corrida 26 ************************
18:00:23,448  INFO main:400 - Fitness solucion: 69.0
18:00:23,448  INFO main:401 - Indice: 71
18:00:23,448  INFO main:402 - Generacion: 0
18:00:23,448  INFO main:403 - Rechazados: 0
18:00:23,448  INFO main:413 - Individuo Solucion: {97,14,87,6,61,8,4,11,71,24,93,46,85,36,38,30,5,60,54,12,17,55,84,43,41,65,89,31,27,10,39,9,49,62,95,25,48,40,18,99,94,15,77,1,3,66,37,45,28,69,23,7,0,42,34,33,59,78,88,53,13,91,76,63,26,56,73,2,21,90,81,52,29,83,75,72,47,44,74,57,96,70,92,79,67,51,22,86,35,20,16,58,80,19,68,64,50,32,98,82}

18:00:23,448  INFO main:414 - *****************************************************
18:00:23,904  INFO main:399 - ****************Corrida 27 ************************
18:00:23,904  INFO main:400 - Fitness solucion: 69.0
18:00:23,904  INFO main:401 - Indice: 72
18:00:23,905  INFO main:402 - Generacion: 0
18:00:23,905  INFO main:403 - Rechazados: 0
18:00:23,905  INFO main:413 - Individuo Solucion: {87,60,16,89,14,22,21,12,91,57,98,0,7,45,28,23,82,24,15,29,42,1,39,79,84,90,62,50,27,5,2,20,69,53,19,38,58,49,52,73,43,75,51,81,34,66,94,30,72,85,96,70,3,17,74,36,88,71,9,8,44,46,76,6,68,41,4,10,54,95,93,25,40,77,35,26,48,83,65,32,13,18,67,56,11,99,47,92,33,59,61,86,37,97,55,31,80,78,63,64}

18:00:23,905  INFO main:414 - *****************************************************
18:00:24,352  INFO main:399 - ****************Corrida 28 ************************
18:00:24,352  INFO main:400 - Fitness solucion: 69.0
18:00:24,352  INFO main:401 - Indice: 71
18:00:24,352  INFO main:402 - Generacion: 0
18:00:24,352  INFO main:403 - Rechazados: 0
18:00:24,353  INFO main:413 - Individuo Solucion: {51,41,72,2,15,6,78,16,93,77,28,84,23,61,36,95,25,14,69,1,0,82,45,13,86,40,57,80,90,34,43,44,92,94,46,50,76,29,3,60,67,89,56,52,39,7,17,27,73,20,65,21,74,4,24,12,37,8,68,70,97,81,87,47,75,30,59,79,31,58,63,53,55,26,5,42,19,32,83,71,38,35,62,10,48,66,99,91,11,49,54,22,33,88,64,85,96,9,98,18}

18:00:24,353  INFO main:414 - *****************************************************
18:00:24,800  INFO main:399 - ****************Corrida 29 ************************
18:00:24,800  INFO main:400 - Fitness solucion: 69.0
18:00:24,800  INFO main:401 - Indice: 72
18:00:24,800  INFO main:402 - Generacion: 0
18:00:24,800  INFO main:403 - Rechazados: 0
18:00:24,800  INFO main:413 - Individuo Solucion: {5,55,12,70,79,36,47,83,37,43,15,96,9,1,57,86,17,28,11,32,59,95,20,39,98,21,99,19,41,42,33,14,46,6,77,58,10,92,16,2,30,22,78,31,63,80,49,44,88,66,40,25,61,52,45,69,34,38,50,4,23,29,26,62,85,53,8,91,82,18,3,24,68,64,56,65,73,72,93,27,81,67,60,89,75,76,0,71,35,74,7,48,94,90,84,54,13,87,97,51}

18:00:24,801  INFO main:414 - *****************************************************
18:00:24,801  INFO main:416 - Tiempo AGP: 477
18:00:24,801  INFO main:418 - Promedio Final: 69
18:00:24,801  INFO main:420 - Promedio Generaciones: 0
18:00:24,801  INFO main:422 - *****************Resultados********************
18:00:24,801  INFO main:424 - result: 69.0
18:00:24,801  INFO main:424 - result: 69.0
18:00:24,801  INFO main:424 - result: 69.0
18:00:24,801  INFO main:424 - result: 69.0
18:00:24,801  INFO main:424 - result: 69.0
18:00:24,801  INFO main:424 - result: 69.0
18:00:24,802  INFO main:424 - result: 69.0
18:00:24,802  INFO main:424 - result: 69.0
18:00:24,802  INFO main:424 - result: 69.0
18:00:24,802  INFO main:424 - result: 69.0
18:00:24,802  INFO main:424 - result: 69.0
18:00:24,802  INFO main:424 - result: 69.0
18:00:24,802  INFO main:424 - result: 69.0
18:00:24,802  INFO main:424 - result: 69.0
18:00:24,802  INFO main:424 - result: 69.0
18:00:24,802  INFO main:424 - result: 69.0
18:00:24,803  INFO main:424 - result: 69.0
18:00:24,803  INFO main:424 - result: 69.0
18:00:24,803  INFO main:424 - result: 69.0
18:00:24,803  INFO main:424 - result: 69.0
18:00:24,803  INFO main:424 - result: 69.0
18:00:24,803  INFO main:424 - result: 69.0
18:00:24,803  INFO main:424 - result: 69.0
18:00:24,803  INFO main:424 - result: 69.0
18:00:24,803  INFO main:424 - result: 69.0
18:00:24,803  INFO main:424 - result: 69.0
18:00:24,803  INFO main:424 - result: 69.0
18:00:24,804  INFO main:424 - result: 69.0
18:00:24,804  INFO main:424 - result: 69.0
18:00:24,804  INFO main:424 - result: 69.0
18:00:24,804  INFO main:426 - *****************Generaciones********************
18:00:24,804  INFO main:428 - Generacion: 0
18:00:24,804  INFO main:428 - Generacion: 0
18:00:24,804  INFO main:428 - Generacion: 0
18:00:24,804  INFO main:428 - Generacion: 0
18:00:24,804  INFO main:428 - Generacion: 0
18:00:24,804  INFO main:428 - Generacion: 0
18:00:24,804  INFO main:428 - Generacion: 0
18:00:24,805  INFO main:428 - Generacion: 0
18:00:24,805  INFO main:428 - Generacion: 0
18:00:24,805  INFO main:428 - Generacion: 0
18:00:24,805  INFO main:428 - Generacion: 0
18:00:24,805  INFO main:428 - Generacion: 0
18:00:24,805  INFO main:428 - Generacion: 0
18:00:24,805  INFO main:428 - Generacion: 0
18:00:24,805  INFO main:428 - Generacion: 0
18:00:24,805  INFO main:428 - Generacion: 0
18:00:24,805  INFO main:428 - Generacion: 0
18:00:24,805  INFO main:428 - Generacion: 0
18:00:24,805  INFO main:428 - Generacion: 0
18:00:24,805  INFO main:428 - Generacion: 0
18:00:24,806  INFO main:428 - Generacion: 0
18:00:24,806  INFO main:428 - Generacion: 0
18:00:24,806  INFO main:428 - Generacion: 0
18:00:24,806  INFO main:428 - Generacion: 0
18:00:24,806  INFO main:428 - Generacion: 0
18:00:24,806  INFO main:428 - Generacion: 0
18:00:24,806  INFO main:428 - Generacion: 0
18:00:24,806  INFO main:428 - Generacion: 0
18:00:24,806  INFO main:428 - Generacion: 0
18:00:24,806  INFO main:428 - Generacion: 0
