23:32:02,701  INFO main:168 - Logueando
23:32:02,746  INFO main:348 - ****************AG RUTAS****************
23:32:28,504  INFO main:362 - *******************Solucion: 0*******************
23:32:28,504  INFO main:363 - Solucion: 0
23:32:28,504  INFO main:364 - 
Solucion numero: 99
23:32:28,504  INFO main:365 - 
Cantidad de bloqueados: 0
23:32:28,504  INFO main:366 - 
Costo: 56400.0
23:32:28,504  INFO main:367 - 
Distancia: 13800.0
23:32:28,504  INFO main:368 - 
Espectro Mayor: 13.0
23:32:28,505  INFO main:369 - 
Fitness: 13.0
23:32:28,505  INFO main:372 - *****************************************************
23:32:53,906  INFO main:362 - *******************Solucion: 1*******************
23:32:53,906  INFO main:363 - Solucion: 1
23:32:53,906  INFO main:364 - 
Solucion numero: 99
23:32:53,906  INFO main:365 - 
Cantidad de bloqueados: 0
23:32:53,906  INFO main:366 - 
Costo: 55800.0
23:32:53,907  INFO main:367 - 
Distancia: 13600.0
23:32:53,907  INFO main:368 - 
Espectro Mayor: 13.0
23:32:53,907  INFO main:369 - 
Fitness: 13.0
23:32:53,907  INFO main:372 - *****************************************************
23:33:19,098  INFO main:362 - *******************Solucion: 2*******************
23:33:19,098  INFO main:363 - Solucion: 2
23:33:19,098  INFO main:364 - 
Solucion numero: 99
23:33:19,098  INFO main:365 - 
Cantidad de bloqueados: 0
23:33:19,099  INFO main:366 - 
Costo: 56400.0
23:33:19,099  INFO main:367 - 
Distancia: 13800.0
23:33:19,099  INFO main:368 - 
Espectro Mayor: 13.0
23:33:19,099  INFO main:369 - 
Fitness: 13.0
23:33:19,099  INFO main:372 - *****************************************************
23:33:44,367  INFO main:362 - *******************Solucion: 3*******************
23:33:44,367  INFO main:363 - Solucion: 3
23:33:44,368  INFO main:364 - 
Solucion numero: 99
23:33:44,368  INFO main:365 - 
Cantidad de bloqueados: 0
23:33:44,368  INFO main:366 - 
Costo: 55800.0
23:33:44,368  INFO main:367 - 
Distancia: 13600.0
23:33:44,368  INFO main:368 - 
Espectro Mayor: 13.0
23:33:44,368  INFO main:369 - 
Fitness: 13.0
23:33:44,368  INFO main:372 - *****************************************************
23:34:09,604  INFO main:362 - *******************Solucion: 4*******************
23:34:09,605  INFO main:363 - Solucion: 4
23:34:09,605  INFO main:364 - 
Solucion numero: 99
23:34:09,605  INFO main:365 - 
Cantidad de bloqueados: 0
23:34:09,605  INFO main:366 - 
Costo: 55800.0
23:34:09,605  INFO main:367 - 
Distancia: 13600.0
23:34:09,605  INFO main:368 - 
Espectro Mayor: 13.0
23:34:09,605  INFO main:369 - 
Fitness: 13.0
23:34:09,605  INFO main:372 - *****************************************************
23:34:34,851  INFO main:362 - *******************Solucion: 5*******************
23:34:34,851  INFO main:363 - Solucion: 5
23:34:34,851  INFO main:364 - 
Solucion numero: 99
23:34:34,851  INFO main:365 - 
Cantidad de bloqueados: 0
23:34:34,852  INFO main:366 - 
Costo: 55800.0
23:34:34,852  INFO main:367 - 
Distancia: 13600.0
23:34:34,852  INFO main:368 - 
Espectro Mayor: 13.0
23:34:34,852  INFO main:369 - 
Fitness: 13.0
23:34:34,852  INFO main:372 - *****************************************************
23:35:00,262  INFO main:362 - *******************Solucion: 6*******************
23:35:00,262  INFO main:363 - Solucion: 6
23:35:00,262  INFO main:364 - 
Solucion numero: 99
23:35:00,263  INFO main:365 - 
Cantidad de bloqueados: 0
23:35:00,263  INFO main:366 - 
Costo: 55800.0
23:35:00,263  INFO main:367 - 
Distancia: 13600.0
23:35:00,263  INFO main:368 - 
Espectro Mayor: 13.0
23:35:00,263  INFO main:369 - 
Fitness: 13.0
23:35:00,263  INFO main:372 - *****************************************************
23:35:25,443  INFO main:362 - *******************Solucion: 7*******************
23:35:25,443  INFO main:363 - Solucion: 7
23:35:25,443  INFO main:364 - 
Solucion numero: 99
23:35:25,444  INFO main:365 - 
Cantidad de bloqueados: 0
23:35:25,444  INFO main:366 - 
Costo: 55800.0
23:35:25,444  INFO main:367 - 
Distancia: 13600.0
23:35:25,444  INFO main:368 - 
Espectro Mayor: 13.0
23:35:25,444  INFO main:369 - 
Fitness: 13.0
23:35:25,444  INFO main:372 - *****************************************************
23:35:50,712  INFO main:362 - *******************Solucion: 8*******************
23:35:50,713  INFO main:363 - Solucion: 8
23:35:50,713  INFO main:364 - 
Solucion numero: 99
23:35:50,713  INFO main:365 - 
Cantidad de bloqueados: 0
23:35:50,713  INFO main:366 - 
Costo: 55800.0
23:35:50,713  INFO main:367 - 
Distancia: 13600.0
23:35:50,713  INFO main:368 - 
Espectro Mayor: 13.0
23:35:50,713  INFO main:369 - 
Fitness: 13.0
23:35:50,713  INFO main:372 - *****************************************************
23:36:15,863  INFO main:362 - *******************Solucion: 9*******************
23:36:15,864  INFO main:363 - Solucion: 9
23:36:15,864  INFO main:364 - 
Solucion numero: 99
23:36:15,864  INFO main:365 - 
Cantidad de bloqueados: 0
23:36:15,864  INFO main:366 - 
Costo: 56400.0
23:36:15,864  INFO main:367 - 
Distancia: 13800.0
23:36:15,864  INFO main:368 - 
Espectro Mayor: 13.0
23:36:15,864  INFO main:369 - 
Fitness: 13.0
23:36:15,864  INFO main:372 - *****************************************************
23:36:41,086  INFO main:362 - *******************Solucion: 10*******************
23:36:41,086  INFO main:363 - Solucion: 10
23:36:41,086  INFO main:364 - 
Solucion numero: 99
23:36:41,086  INFO main:365 - 
Cantidad de bloqueados: 0
23:36:41,086  INFO main:366 - 
Costo: 55800.0
23:36:41,086  INFO main:367 - 
Distancia: 13600.0
23:36:41,087  INFO main:368 - 
Espectro Mayor: 13.0
23:36:41,087  INFO main:369 - 
Fitness: 13.0
23:36:41,087  INFO main:372 - *****************************************************
23:37:06,336  INFO main:362 - *******************Solucion: 11*******************
23:37:06,336  INFO main:363 - Solucion: 11
23:37:06,336  INFO main:364 - 
Solucion numero: 99
23:37:06,336  INFO main:365 - 
Cantidad de bloqueados: 0
23:37:06,336  INFO main:366 - 
Costo: 55800.0
23:37:06,336  INFO main:367 - 
Distancia: 13600.0
23:37:06,336  INFO main:368 - 
Espectro Mayor: 13.0
23:37:06,336  INFO main:369 - 
Fitness: 13.0
23:37:06,336  INFO main:372 - *****************************************************
23:37:31,529  INFO main:362 - *******************Solucion: 12*******************
23:37:31,529  INFO main:363 - Solucion: 12
23:37:31,529  INFO main:364 - 
Solucion numero: 99
23:37:31,529  INFO main:365 - 
Cantidad de bloqueados: 0
23:37:31,529  INFO main:366 - 
Costo: 56400.0
23:37:31,529  INFO main:367 - 
Distancia: 13800.0
23:37:31,529  INFO main:368 - 
Espectro Mayor: 13.0
23:37:31,529  INFO main:369 - 
Fitness: 13.0
23:37:31,529  INFO main:372 - *****************************************************
23:37:57,425  INFO main:362 - *******************Solucion: 13*******************
23:37:57,426  INFO main:363 - Solucion: 13
23:37:57,426  INFO main:364 - 
Solucion numero: 99
23:37:57,426  INFO main:365 - 
Cantidad de bloqueados: 0
23:37:57,426  INFO main:366 - 
Costo: 55800.0
23:37:57,426  INFO main:367 - 
Distancia: 13600.0
23:37:57,426  INFO main:368 - 
Espectro Mayor: 13.0
23:37:57,426  INFO main:369 - 
Fitness: 13.0
23:37:57,426  INFO main:372 - *****************************************************
23:38:22,914  INFO main:362 - *******************Solucion: 14*******************
23:38:22,915  INFO main:363 - Solucion: 14
23:38:22,915  INFO main:364 - 
Solucion numero: 99
23:38:22,915  INFO main:365 - 
Cantidad de bloqueados: 0
23:38:22,915  INFO main:366 - 
Costo: 55800.0
23:38:22,916  INFO main:367 - 
Distancia: 13600.0
23:38:22,916  INFO main:368 - 
Espectro Mayor: 13.0
23:38:22,916  INFO main:369 - 
Fitness: 13.0
23:38:22,916  INFO main:372 - *****************************************************
23:38:48,662  INFO main:362 - *******************Solucion: 15*******************
23:38:48,662  INFO main:363 - Solucion: 15
23:38:48,662  INFO main:364 - 
Solucion numero: 99
23:38:48,662  INFO main:365 - 
Cantidad de bloqueados: 0
23:38:48,662  INFO main:366 - 
Costo: 55800.0
23:38:48,662  INFO main:367 - 
Distancia: 13600.0
23:38:48,662  INFO main:368 - 
Espectro Mayor: 13.0
23:38:48,663  INFO main:369 - 
Fitness: 13.0
23:38:48,663  INFO main:372 - *****************************************************
23:39:15,715  INFO main:362 - *******************Solucion: 16*******************
23:39:15,716  INFO main:363 - Solucion: 16
23:39:15,716  INFO main:364 - 
Solucion numero: 99
23:39:15,716  INFO main:365 - 
Cantidad de bloqueados: 0
23:39:15,716  INFO main:366 - 
Costo: 55800.0
23:39:15,716  INFO main:367 - 
Distancia: 13600.0
23:39:15,716  INFO main:368 - 
Espectro Mayor: 13.0
23:39:15,716  INFO main:369 - 
Fitness: 13.0
23:39:15,716  INFO main:372 - *****************************************************
23:39:41,634  INFO main:362 - *******************Solucion: 17*******************
23:39:41,634  INFO main:363 - Solucion: 17
23:39:41,634  INFO main:364 - 
Solucion numero: 99
23:39:41,634  INFO main:365 - 
Cantidad de bloqueados: 0
23:39:41,634  INFO main:366 - 
Costo: 55800.0
23:39:41,635  INFO main:367 - 
Distancia: 13600.0
23:39:41,635  INFO main:368 - 
Espectro Mayor: 13.0
23:39:41,635  INFO main:369 - 
Fitness: 13.0
23:39:41,635  INFO main:372 - *****************************************************
23:40:07,120  INFO main:362 - *******************Solucion: 18*******************
23:40:07,120  INFO main:363 - Solucion: 18
23:40:07,121  INFO main:364 - 
Solucion numero: 99
23:40:07,121  INFO main:365 - 
Cantidad de bloqueados: 0
23:40:07,121  INFO main:366 - 
Costo: 55800.0
23:40:07,121  INFO main:367 - 
Distancia: 13600.0
23:40:07,121  INFO main:368 - 
Espectro Mayor: 13.0
23:40:07,121  INFO main:369 - 
Fitness: 13.0
23:40:07,121  INFO main:372 - *****************************************************
23:40:32,392  INFO main:362 - *******************Solucion: 19*******************
23:40:32,392  INFO main:363 - Solucion: 19
23:40:32,392  INFO main:364 - 
Solucion numero: 99
23:40:32,393  INFO main:365 - 
Cantidad de bloqueados: 0
23:40:32,393  INFO main:366 - 
Costo: 56400.0
23:40:32,393  INFO main:367 - 
Distancia: 13800.0
23:40:32,393  INFO main:368 - 
Espectro Mayor: 13.0
23:40:32,393  INFO main:369 - 
Fitness: 13.0
23:40:32,393  INFO main:372 - *****************************************************
23:40:57,744  INFO main:362 - *******************Solucion: 20*******************
23:40:57,744  INFO main:363 - Solucion: 20
23:40:57,744  INFO main:364 - 
Solucion numero: 99
23:40:57,744  INFO main:365 - 
Cantidad de bloqueados: 0
23:40:57,744  INFO main:366 - 
Costo: 55800.0
23:40:57,744  INFO main:367 - 
Distancia: 13600.0
23:40:57,745  INFO main:368 - 
Espectro Mayor: 13.0
23:40:57,745  INFO main:369 - 
Fitness: 13.0
23:40:57,745  INFO main:372 - *****************************************************
23:41:22,948  INFO main:362 - *******************Solucion: 21*******************
23:41:22,949  INFO main:363 - Solucion: 21
23:41:22,949  INFO main:364 - 
Solucion numero: 99
23:41:22,949  INFO main:365 - 
Cantidad de bloqueados: 0
23:41:22,949  INFO main:366 - 
Costo: 55800.0
23:41:22,949  INFO main:367 - 
Distancia: 13600.0
23:41:22,949  INFO main:368 - 
Espectro Mayor: 13.0
23:41:22,949  INFO main:369 - 
Fitness: 13.0
23:41:22,949  INFO main:372 - *****************************************************
23:41:48,203  INFO main:362 - *******************Solucion: 22*******************
23:41:48,203  INFO main:363 - Solucion: 22
23:41:48,203  INFO main:364 - 
Solucion numero: 99
23:41:48,203  INFO main:365 - 
Cantidad de bloqueados: 0
23:41:48,203  INFO main:366 - 
Costo: 55800.0
23:41:48,203  INFO main:367 - 
Distancia: 13600.0
23:41:48,203  INFO main:368 - 
Espectro Mayor: 13.0
23:41:48,203  INFO main:369 - 
Fitness: 13.0
23:41:48,203  INFO main:372 - *****************************************************
23:42:13,533  INFO main:362 - *******************Solucion: 23*******************
23:42:13,533  INFO main:363 - Solucion: 23
23:42:13,533  INFO main:364 - 
Solucion numero: 99
23:42:13,533  INFO main:365 - 
Cantidad de bloqueados: 0
23:42:13,533  INFO main:366 - 
Costo: 55800.0
23:42:13,533  INFO main:367 - 
Distancia: 13600.0
23:42:13,533  INFO main:368 - 
Espectro Mayor: 13.0
23:42:13,533  INFO main:369 - 
Fitness: 13.0
23:42:13,533  INFO main:372 - *****************************************************
23:42:38,778  INFO main:362 - *******************Solucion: 24*******************
23:42:38,778  INFO main:363 - Solucion: 24
23:42:38,778  INFO main:364 - 
Solucion numero: 99
23:42:38,778  INFO main:365 - 
Cantidad de bloqueados: 0
23:42:38,779  INFO main:366 - 
Costo: 55800.0
23:42:38,779  INFO main:367 - 
Distancia: 13600.0
23:42:38,779  INFO main:368 - 
Espectro Mayor: 13.0
23:42:38,779  INFO main:369 - 
Fitness: 13.0
23:42:38,779  INFO main:372 - *****************************************************
23:43:04,054  INFO main:362 - *******************Solucion: 25*******************
23:43:04,054  INFO main:363 - Solucion: 25
23:43:04,054  INFO main:364 - 
Solucion numero: 99
23:43:04,054  INFO main:365 - 
Cantidad de bloqueados: 0
23:43:04,054  INFO main:366 - 
Costo: 55800.0
23:43:04,054  INFO main:367 - 
Distancia: 13600.0
23:43:04,054  INFO main:368 - 
Espectro Mayor: 13.0
23:43:04,054  INFO main:369 - 
Fitness: 13.0
23:43:04,055  INFO main:372 - *****************************************************
23:43:29,659  INFO main:362 - *******************Solucion: 26*******************
23:43:29,659  INFO main:363 - Solucion: 26
23:43:29,659  INFO main:364 - 
Solucion numero: 99
23:43:29,659  INFO main:365 - 
Cantidad de bloqueados: 0
23:43:29,660  INFO main:366 - 
Costo: 55800.0
23:43:29,660  INFO main:367 - 
Distancia: 13600.0
23:43:29,660  INFO main:368 - 
Espectro Mayor: 13.0
23:43:29,660  INFO main:369 - 
Fitness: 13.0
23:43:29,660  INFO main:372 - *****************************************************
23:43:54,909  INFO main:362 - *******************Solucion: 27*******************
23:43:54,909  INFO main:363 - Solucion: 27
23:43:54,910  INFO main:364 - 
Solucion numero: 99
23:43:54,910  INFO main:365 - 
Cantidad de bloqueados: 0
23:43:54,910  INFO main:366 - 
Costo: 55800.0
23:43:54,910  INFO main:367 - 
Distancia: 13600.0
23:43:54,910  INFO main:368 - 
Espectro Mayor: 13.0
23:43:54,910  INFO main:369 - 
Fitness: 13.0
23:43:54,910  INFO main:372 - *****************************************************
23:44:20,899  INFO main:362 - *******************Solucion: 28*******************
23:44:20,900  INFO main:363 - Solucion: 28
23:44:20,900  INFO main:364 - 
Solucion numero: 99
23:44:20,900  INFO main:365 - 
Cantidad de bloqueados: 0
23:44:20,900  INFO main:366 - 
Costo: 55800.0
23:44:20,900  INFO main:367 - 
Distancia: 13600.0
23:44:20,900  INFO main:368 - 
Espectro Mayor: 13.0
23:44:20,900  INFO main:369 - 
Fitness: 13.0
23:44:20,900  INFO main:372 - *****************************************************
23:44:46,117  INFO main:362 - *******************Solucion: 29*******************
23:44:46,117  INFO main:363 - Solucion: 29
23:44:46,117  INFO main:364 - 
Solucion numero: 99
23:44:46,117  INFO main:365 - 
Cantidad de bloqueados: 0
23:44:46,117  INFO main:366 - 
Costo: 55800.0
23:44:46,117  INFO main:367 - 
Distancia: 13600.0
23:44:46,118  INFO main:368 - 
Espectro Mayor: 13.0
23:44:46,118  INFO main:369 - 
Fitness: 13.0
23:44:46,118  INFO main:372 - *****************************************************
23:44:46,118  INFO main:375 - Tiempo AGY: 25444.7
23:44:46,118  INFO main:377 - Promedio Final AGY: 13.0
