23:03:15,061  INFO main:168 - Logueando
23:04:08,919  INFO main:361 - ****************Corrida 0 ************************
23:04:08,919  INFO main:362 - Fitness solucion: 27.0
23:04:08,919  INFO main:363 - Indice: 29
23:04:08,919  INFO main:364 - Generacion: 0
23:04:08,919  INFO main:374 - Individuo Solucion: {9,5,10,78,68,19,11,7,31,15,83,67,28,1,27,81,17,16,29,76,25,79,38,46,54,32,47,20,39,0,36,21,8,77,26,6,86,34,49,51,89,82,24,88,35,41,85,61,57,43,53,65,3,59,75,70,87,73,50,62,69,72,23,84,13,30,64,14,12,48,74,2,60,45,33,4,56,22,37,40,80,55,42,66,52,18,71,44,58,63}

23:04:08,920  INFO main:375 - *****************************************************
23:04:09,476  INFO main:361 - ****************Corrida 1 ************************
23:04:09,476  INFO main:362 - Fitness solucion: 27.0
23:04:09,476  INFO main:363 - Indice: 30
23:04:09,476  INFO main:364 - Generacion: 0
23:04:09,477  INFO main:374 - Individuo Solucion: {1,70,46,7,11,22,54,84,14,12,0,8,71,67,65,3,83,15,73,29,52,31,23,82,26,78,39,19,79,16,61,27,41,47,58,40,48,50,32,43,25,4,37,9,20,64,76,38,35,63,17,49,13,51,53,36,68,57,34,66,5,87,10,28,86,2,69,56,6,85,44,88,30,59,60,62,75,55,74,21,77,24,81,33,89,45,72,42,18,80}

23:04:09,477  INFO main:375 - *****************************************************
23:04:10,015  INFO main:361 - ****************Corrida 2 ************************
23:04:10,015  INFO main:362 - Fitness solucion: 27.0
23:04:10,015  INFO main:363 - Indice: 27
23:04:10,015  INFO main:364 - Generacion: 1
23:04:10,015  INFO main:374 - Individuo Solucion: {88,75,13,67,16,72,47,80,41,70,2,52,57,65,12,36,0,20,9,6,86,38,18,17,21,40,37,34,10,25,60,87,26,27,77,39,46,23,81,5,15,49,29,83,43,61,85,31,50,3,32,82,30,69,62,66,4,22,8,64,89,54,45,79,35,55,84,19,1,42,68,7,76,74,59,63,53,58,33,51,56,14,28,48,24,11,44,71,73,78}

23:04:10,015  INFO main:375 - *****************************************************
23:04:10,558  INFO main:361 - ****************Corrida 3 ************************
23:04:10,559  INFO main:362 - Fitness solucion: 25.0
23:04:10,559  INFO main:363 - Indice: 29
23:04:10,559  INFO main:364 - Generacion: 0
23:04:10,559  INFO main:374 - Individuo Solucion: {86,16,74,20,5,6,7,40,17,76,66,15,65,67,23,29,19,24,37,34,43,75,50,31,10,8,51,30,26,3,44,32,89,0,83,82,18,35,48,80,42,11,49,57,69,58,12,88,79,14,13,38,61,72,59,33,71,68,28,47,87,54,27,62,36,56,52,4,25,46,55,63,9,70,1,2,39,78,81,45,84,53,64,21,73,60,41,85,77,22}

23:04:10,559  INFO main:375 - *****************************************************
23:04:11,107  INFO main:361 - ****************Corrida 4 ************************
23:04:11,107  INFO main:362 - Fitness solucion: 27.0
23:04:11,107  INFO main:363 - Indice: 29
23:04:11,107  INFO main:364 - Generacion: 0
23:04:11,107  INFO main:374 - Individuo Solucion: {87,2,84,39,6,4,5,25,8,30,24,26,49,44,78,35,61,60,9,51,74,62,33,47,12,54,68,38,75,70,37,76,19,34,41,86,48,29,17,7,23,50,79,14,73,82,31,36,3,0,55,53,22,58,20,63,66,32,88,59,57,27,10,83,28,64,67,77,42,11,69,71,81,45,46,65,13,16,43,21,52,56,72,18,15,85,80,40,1,89}

23:04:11,108  INFO main:375 - *****************************************************
23:04:11,661  INFO main:361 - ****************Corrida 5 ************************
23:04:11,661  INFO main:362 - Fitness solucion: 27.0
23:04:11,661  INFO main:363 - Indice: 34
23:04:11,661  INFO main:364 - Generacion: 0
23:04:11,661  INFO main:374 - Individuo Solucion: {60,9,25,55,84,5,81,23,22,50,17,8,70,56,79,46,31,12,13,63,24,20,0,53,21,32,28,82,26,35,76,83,87,6,86,27,49,74,88,47,19,80,43,78,38,57,89,10,85,33,67,62,37,48,42,75,65,11,18,3,68,34,52,1,66,14,40,41,54,58,16,72,4,45,61,77,59,73,44,39,15,2,71,30,29,69,51,7,64,36}

23:04:11,662  INFO main:375 - *****************************************************
23:04:12,219  INFO main:361 - ****************Corrida 6 ************************
23:04:12,220  INFO main:362 - Fitness solucion: 27.0
23:04:12,220  INFO main:363 - Indice: 29
23:04:12,220  INFO main:364 - Generacion: 0
23:04:12,220  INFO main:374 - Individuo Solucion: {12,14,11,1,8,39,18,28,5,10,38,21,13,57,6,23,82,43,66,29,37,75,34,25,74,72,78,32,67,7,30,51,27,47,77,45,73,48,15,89,61,53,19,31,16,76,4,65,24,64,20,41,71,84,80,55,33,86,22,17,52,50,46,70,54,3,35,62,88,9,69,36,59,58,26,81,83,68,60,87,49,79,56,0,2,63,44,40,85,42}

23:04:12,220  INFO main:375 - *****************************************************
23:04:12,774  INFO main:361 - ****************Corrida 7 ************************
23:04:12,774  INFO main:362 - Fitness solucion: 27.0
23:04:12,774  INFO main:363 - Indice: 30
23:04:12,774  INFO main:364 - Generacion: 0
23:04:12,774  INFO main:374 - Individuo Solucion: {64,89,0,43,65,60,86,71,49,66,1,2,41,75,3,85,14,15,48,20,87,9,22,4,36,30,35,10,25,40,18,44,21,74,55,19,5,11,88,67,24,39,63,8,46,31,16,84,12,82,70,81,37,45,7,42,28,76,83,61,78,32,33,47,57,34,17,51,29,59,53,69,68,56,52,6,62,38,77,58,80,27,73,72,50,23,79,26,13,54}

23:04:12,775  INFO main:375 - *****************************************************
23:04:13,330  INFO main:361 - ****************Corrida 8 ************************
23:04:13,330  INFO main:362 - Fitness solucion: 27.0
23:04:13,330  INFO main:363 - Indice: 30
23:04:13,330  INFO main:364 - Generacion: 0
23:04:13,331  INFO main:374 - Individuo Solucion: {46,15,61,8,29,3,13,12,17,62,10,78,65,6,2,57,19,31,40,34,24,63,23,20,85,47,35,14,81,33,22,44,66,73,50,0,75,21,59,18,72,80,26,68,88,54,42,86,9,30,37,39,4,5,27,71,53,43,49,38,64,41,1,89,32,70,36,7,60,76,52,87,55,77,11,83,74,28,58,82,67,25,79,16,48,84,69,51,56,45}

23:04:13,331  INFO main:375 - *****************************************************
23:04:13,881  INFO main:361 - ****************Corrida 9 ************************
23:04:13,881  INFO main:362 - Fitness solucion: 27.0
23:04:13,881  INFO main:363 - Indice: 27
23:04:13,881  INFO main:364 - Generacion: 0
23:04:13,881  INFO main:374 - Individuo Solucion: {3,5,6,4,87,71,1,75,12,74,78,13,82,9,22,53,43,8,73,31,37,88,70,60,0,24,79,29,14,17,72,34,19,86,39,16,63,15,83,21,35,10,18,44,11,85,66,64,32,61,7,45,55,58,46,65,2,50,28,84,62,54,23,48,59,81,47,56,52,40,33,80,67,38,25,41,57,26,76,68,51,77,30,49,27,20,69,42,36,89}

23:04:13,881  INFO main:375 - *****************************************************
23:04:14,434  INFO main:361 - ****************Corrida 10 ************************
23:04:14,434  INFO main:362 - Fitness solucion: 25.0
23:04:14,434  INFO main:363 - Indice: 28
23:04:14,435  INFO main:364 - Generacion: 0
23:04:14,435  INFO main:374 - Individuo Solucion: {36,18,84,78,3,2,66,7,76,51,47,11,12,88,30,64,37,87,60,59,70,67,86,21,80,8,28,81,68,24,55,6,74,53,89,15,42,48,82,57,73,27,61,9,65,0,4,35,41,85,54,39,44,5,29,32,31,10,83,25,75,69,63,46,77,33,56,52,26,38,34,43,50,14,1,58,71,62,17,13,22,40,20,19,79,72,49,16,45,23}

23:04:14,435  INFO main:375 - *****************************************************
23:04:14,989  INFO main:361 - ****************Corrida 11 ************************
23:04:14,989  INFO main:362 - Fitness solucion: 27.0
23:04:14,989  INFO main:363 - Indice: 31
23:04:14,992  INFO main:364 - Generacion: 0
23:04:14,993  INFO main:374 - Individuo Solucion: {59,31,16,23,33,84,1,68,76,64,12,28,11,46,14,44,82,6,45,4,13,21,32,8,27,29,70,88,36,9,37,55,65,38,34,89,25,52,2,83,20,0,43,42,18,3,79,78,17,39,19,50,5,54,77,41,67,53,66,30,69,24,7,49,75,48,40,60,62,81,86,58,57,56,80,26,22,51,15,47,71,35,63,87,72,10,73,61,85,74}

23:04:14,993  INFO main:375 - *****************************************************
23:04:15,547  INFO main:361 - ****************Corrida 12 ************************
23:04:15,547  INFO main:362 - Fitness solucion: 27.0
23:04:15,548  INFO main:363 - Indice: 32
23:04:15,548  INFO main:364 - Generacion: 0
23:04:15,548  INFO main:374 - Individuo Solucion: {74,26,0,53,76,48,30,7,75,80,86,10,20,4,8,1,89,16,84,44,9,88,32,27,73,62,72,82,78,25,29,19,40,34,43,33,13,22,14,68,39,46,63,61,17,81,52,41,54,64,50,11,45,31,69,23,24,58,2,49,36,87,65,42,70,37,51,3,28,79,66,18,6,47,60,15,56,21,85,5,83,12,35,55,71,57,38,59,77,67}

23:04:15,548  INFO main:375 - *****************************************************
23:04:16,101  INFO main:361 - ****************Corrida 13 ************************
23:04:16,101  INFO main:362 - Fitness solucion: 25.0
23:04:16,101  INFO main:363 - Indice: 33
23:04:16,101  INFO main:364 - Generacion: 1
23:04:16,102  INFO main:374 - Individuo Solucion: {65,2,77,53,16,22,70,14,39,23,61,7,82,29,35,37,86,48,66,54,26,40,11,13,41,80,32,59,25,76,47,72,63,45,33,49,9,24,34,8,27,43,20,28,12,68,10,84,83,21,6,15,19,18,50,69,0,73,87,42,51,3,75,1,30,38,55,64,60,88,46,36,5,31,74,4,78,52,17,89,71,58,85,62,44,81,67,56,57,79}

23:04:16,102  INFO main:375 - *****************************************************
23:04:16,650  INFO main:361 - ****************Corrida 14 ************************
23:04:16,650  INFO main:362 - Fitness solucion: 27.0
23:04:16,651  INFO main:363 - Indice: 27
23:04:16,651  INFO main:364 - Generacion: 0
23:04:16,651  INFO main:374 - Individuo Solucion: {13,0,4,16,61,2,47,7,6,15,45,20,22,14,28,19,5,65,8,76,52,37,86,51,24,64,48,89,21,40,87,31,38,60,3,79,29,74,73,1,55,46,27,80,81,49,30,41,59,56,10,58,67,78,82,57,42,39,88,77,85,43,33,12,84,50,11,23,54,53,68,25,83,66,36,18,70,26,71,35,75,72,63,34,17,9,44,62,32,69}

23:04:16,651  INFO main:375 - *****************************************************
23:04:17,203  INFO main:361 - ****************Corrida 15 ************************
23:04:17,203  INFO main:362 - Fitness solucion: 25.0
23:04:17,203  INFO main:363 - Indice: 30
23:04:17,203  INFO main:364 - Generacion: 6
23:04:17,203  INFO main:374 - Individuo Solucion: {0,22,78,87,61,51,2,20,43,6,52,41,50,24,59,64,14,23,65,5,12,73,34,10,32,4,35,15,30,46,83,77,36,11,7,66,81,16,86,68,8,55,76,82,80,29,37,19,69,45,49,47,89,27,48,84,17,67,39,44,85,18,13,26,58,63,56,72,31,42,28,88,9,3,53,74,70,25,57,38,21,79,54,60,33,62,1,40,71,75}

23:04:17,203  INFO main:375 - *****************************************************
23:04:17,754  INFO main:361 - ****************Corrida 16 ************************
23:04:17,754  INFO main:362 - Fitness solucion: 25.0
23:04:17,755  INFO main:363 - Indice: 29
23:04:17,755  INFO main:364 - Generacion: 0
23:04:17,755  INFO main:374 - Individuo Solucion: {6,63,71,28,7,11,10,31,52,50,5,73,8,9,17,30,24,83,12,59,32,3,48,86,85,36,68,4,49,80,88,15,19,89,62,65,84,37,1,78,27,54,79,20,40,64,0,45,2,46,41,55,21,13,66,34,25,82,61,53,87,26,44,14,29,23,22,47,74,43,72,67,76,42,69,51,81,70,39,60,18,58,35,33,56,16,57,77,38,75}

23:04:17,755  INFO main:375 - *****************************************************
23:04:18,318  INFO main:361 - ****************Corrida 17 ************************
23:04:18,318  INFO main:362 - Fitness solucion: 25.0
23:04:18,318  INFO main:363 - Indice: 28
23:04:18,319  INFO main:364 - Generacion: 1
23:04:18,319  INFO main:374 - Individuo Solucion: {2,28,35,74,25,12,8,57,73,86,62,78,40,20,18,15,85,72,39,60,23,1,51,42,19,26,33,50,43,11,3,87,24,84,13,21,37,52,54,45,46,32,41,34,55,71,10,14,16,38,59,6,83,64,27,70,66,53,89,58,30,17,67,88,77,29,82,68,44,22,4,69,0,79,47,7,48,36,9,81,61,65,56,80,75,5,76,63,31,49}

23:04:18,319  INFO main:375 - *****************************************************
23:04:18,891  INFO main:361 - ****************Corrida 18 ************************
23:04:18,891  INFO main:362 - Fitness solucion: 27.0
23:04:18,891  INFO main:363 - Indice: 31
23:04:18,892  INFO main:364 - Generacion: 0
23:04:18,892  INFO main:374 - Individuo Solucion: {2,71,62,8,60,5,82,61,1,14,24,43,81,64,85,23,22,4,6,57,78,9,65,17,16,37,63,73,12,46,36,44,88,48,15,86,19,58,45,51,29,41,87,3,42,66,31,39,10,27,35,77,18,68,34,7,49,0,38,79,59,53,32,55,26,20,80,89,30,13,40,50,52,25,21,74,72,67,69,28,76,11,75,33,84,56,47,54,83,70}

23:04:18,892  INFO main:375 - *****************************************************
23:04:19,452  INFO main:361 - ****************Corrida 19 ************************
23:04:19,452  INFO main:362 - Fitness solucion: 27.0
23:04:19,452  INFO main:363 - Indice: 30
23:04:19,452  INFO main:364 - Generacion: 0
23:04:19,452  INFO main:374 - Individuo Solucion: {61,8,9,18,74,20,55,45,16,84,27,1,10,3,25,35,30,22,28,13,57,78,12,4,48,71,37,23,11,7,5,43,53,41,2,88,72,81,70,24,60,77,67,87,75,80,63,51,86,21,32,66,85,83,0,50,33,40,89,6,59,19,39,38,15,69,54,79,34,26,31,62,49,17,64,73,42,76,56,36,52,44,47,14,46,82,29,58,68,65}

23:04:19,453  INFO main:375 - *****************************************************
23:04:20,055  INFO main:361 - ****************Corrida 20 ************************
23:04:20,055  INFO main:362 - Fitness solucion: 27.0
23:04:20,056  INFO main:363 - Indice: 30
23:04:20,056  INFO main:364 - Generacion: 0
23:04:20,056  INFO main:374 - Individuo Solucion: {1,4,57,14,3,81,8,9,13,19,7,6,20,21,46,56,27,32,76,24,84,11,67,48,68,23,0,79,39,71,29,72,78,85,86,49,65,52,87,25,41,80,70,66,73,26,61,33,60,45,62,43,10,22,17,18,82,59,12,15,58,89,53,83,2,54,50,75,42,30,74,38,55,44,51,35,47,34,31,16,77,5,88,64,28,40,69,36,37,63}

23:04:20,056  INFO main:375 - *****************************************************
23:04:20,621  INFO main:361 - ****************Corrida 21 ************************
23:04:20,621  INFO main:362 - Fitness solucion: 25.0
23:04:20,621  INFO main:363 - Indice: 29
23:04:20,621  INFO main:364 - Generacion: 2
23:04:20,621  INFO main:374 - Individuo Solucion: {58,5,54,15,79,21,61,70,13,32,67,44,77,39,14,40,78,12,23,55,33,52,20,2,30,11,0,28,87,36,60,7,85,51,73,16,34,50,25,80,47,3,41,76,24,84,31,65,66,89,59,71,38,26,72,29,22,64,45,9,19,35,42,83,82,63,62,46,18,81,43,86,75,69,49,88,6,56,8,68,53,27,10,4,1,17,48,74,57,37}

23:04:20,621  INFO main:375 - *****************************************************
23:04:21,173  INFO main:361 - ****************Corrida 22 ************************
23:04:21,173  INFO main:362 - Fitness solucion: 27.0
23:04:21,173  INFO main:363 - Indice: 27
23:04:21,173  INFO main:364 - Generacion: 0
23:04:21,173  INFO main:374 - Individuo Solucion: {8,86,5,78,19,80,6,1,14,17,77,11,18,25,4,12,27,39,16,40,36,29,43,45,72,84,83,73,26,34,7,21,89,28,48,46,31,55,35,88,71,68,52,38,58,2,37,63,59,50,74,33,9,22,70,57,30,67,82,41,42,20,13,64,61,81,47,10,62,66,60,69,56,15,54,3,44,0,87,65,49,79,23,24,85,76,32,53,51,75}

23:04:21,173  INFO main:375 - *****************************************************
23:04:21,736  INFO main:361 - ****************Corrida 23 ************************
23:04:21,736  INFO main:362 - Fitness solucion: 27.0
23:04:21,736  INFO main:363 - Indice: 27
23:04:21,736  INFO main:364 - Generacion: 0
23:04:21,736  INFO main:374 - Individuo Solucion: {14,1,55,38,44,2,26,70,45,50,0,89,82,52,3,9,16,75,4,48,77,20,11,63,58,29,72,5,83,21,17,31,39,53,6,57,66,41,28,88,7,33,12,64,25,71,36,80,22,68,47,10,76,74,86,23,46,8,87,40,27,78,24,15,34,61,84,69,35,49,65,59,56,42,81,19,67,60,62,85,30,43,79,37,18,51,32,73,13,54}

23:04:21,736  INFO main:375 - *****************************************************
23:04:22,296  INFO main:361 - ****************Corrida 24 ************************
23:04:22,296  INFO main:362 - Fitness solucion: 27.0
23:04:22,297  INFO main:363 - Indice: 30
23:04:22,297  INFO main:364 - Generacion: 1
23:04:22,297  INFO main:374 - Individuo Solucion: {6,11,29,34,10,41,5,1,20,22,31,72,39,15,23,45,46,67,78,66,86,57,7,9,80,4,27,25,47,14,42,26,52,43,85,37,60,8,73,81,87,48,89,50,83,18,53,16,19,55,61,44,65,35,40,59,30,3,82,36,54,24,58,69,0,38,70,71,17,64,88,49,63,32,21,28,56,68,84,33,62,2,75,51,74,76,77,12,13,79}

23:04:22,297  INFO main:375 - *****************************************************
23:04:22,863  INFO main:361 - ****************Corrida 25 ************************
23:04:22,863  INFO main:362 - Fitness solucion: 25.0
23:04:22,863  INFO main:363 - Indice: 28
23:04:22,863  INFO main:364 - Generacion: 8
23:04:22,863  INFO main:374 - Individuo Solucion: {21,51,81,41,26,47,43,46,9,84,54,24,22,31,33,87,17,86,76,0,80,18,45,4,20,83,10,16,1,55,29,78,42,40,52,82,89,27,32,19,65,85,53,6,66,8,34,3,28,62,63,30,74,50,5,2,15,23,37,70,25,72,11,57,67,73,64,77,7,58,36,71,88,44,61,60,75,79,69,35,56,49,14,12,39,13,59,48,68,38}

23:04:22,864  INFO main:375 - *****************************************************
23:04:23,439  INFO main:361 - ****************Corrida 26 ************************
23:04:23,440  INFO main:362 - Fitness solucion: 27.0
23:04:23,440  INFO main:363 - Indice: 29
23:04:23,440  INFO main:364 - Generacion: 0
23:04:23,440  INFO main:374 - Individuo Solucion: {13,2,0,65,7,63,22,24,33,44,1,5,64,86,29,10,14,35,36,85,87,47,12,25,51,71,8,39,41,40,46,34,23,16,88,26,6,9,80,11,15,52,49,79,66,81,76,18,37,55,83,3,58,32,48,75,53,50,20,59,45,38,27,82,72,70,84,43,73,61,19,69,4,21,30,56,68,42,60,78,17,28,54,74,89,62,67,77,57,31}

23:04:23,440  INFO main:375 - *****************************************************
23:04:23,993  INFO main:361 - ****************Corrida 27 ************************
23:04:23,993  INFO main:362 - Fitness solucion: 27.0
23:04:23,993  INFO main:363 - Indice: 29
23:04:23,993  INFO main:364 - Generacion: 0
23:04:23,993  INFO main:374 - Individuo Solucion: {0,4,15,7,53,84,10,11,40,74,60,49,12,64,44,30,17,25,46,43,14,34,18,5,89,51,52,37,54,71,62,24,26,33,55,32,20,21,41,82,61,58,42,48,1,16,39,3,50,27,68,85,67,87,9,69,72,28,83,73,45,66,76,79,13,23,8,63,29,35,31,78,86,59,2,70,81,65,6,80,36,38,56,77,47,88,57,22,75,19}

23:04:23,994  INFO main:375 - *****************************************************
23:04:24,541  INFO main:361 - ****************Corrida 28 ************************
23:04:24,541  INFO main:362 - Fitness solucion: 27.0
23:04:24,541  INFO main:363 - Indice: 27
23:04:24,541  INFO main:364 - Generacion: 1
23:04:24,541  INFO main:374 - Individuo Solucion: {23,2,0,5,3,37,25,9,47,74,22,56,1,75,21,81,16,31,58,26,14,87,30,82,71,79,20,54,12,34,32,89,72,15,29,43,77,85,28,52,11,45,76,18,8,57,44,64,63,42,86,41,49,84,24,13,55,62,6,39,60,27,35,88,65,68,7,50,53,59,66,17,61,51,48,38,73,46,19,83,33,10,69,36,70,4,80,67,78,40}

23:04:24,541  INFO main:375 - *****************************************************
23:04:25,096  INFO main:361 - ****************Corrida 29 ************************
23:04:25,098  INFO main:362 - Fitness solucion: 27.0
23:04:25,098  INFO main:363 - Indice: 32
23:04:25,099  INFO main:364 - Generacion: 0
23:04:25,099  INFO main:374 - Individuo Solucion: {87,59,50,31,42,19,62,11,72,0,22,89,78,6,7,16,43,4,55,14,80,32,84,29,54,21,79,53,25,26,3,24,8,2,48,33,28,75,61,46,47,45,39,68,56,40,64,41,74,27,58,65,1,17,60,67,10,37,86,81,82,66,51,36,35,44,5,71,73,9,38,63,88,83,57,23,34,12,69,49,18,13,30,76,15,70,85,52,77,20}

23:04:25,099  INFO main:375 - *****************************************************
23:04:25,099  INFO main:377 - Tiempo AGP: 603
23:04:25,099  INFO main:378 - Promedio Final: 26
23:04:25,100  INFO main:379 - Promedio Generaciones: 0
23:04:25,100  INFO main:381 - *****************Resultados********************
23:04:25,100  INFO main:383 - result: 27.0
23:04:25,100  INFO main:383 - result: 27.0
23:04:25,100  INFO main:383 - result: 27.0
23:04:25,100  INFO main:383 - result: 25.0
23:04:25,100  INFO main:383 - result: 27.0
23:04:25,100  INFO main:383 - result: 27.0
23:04:25,100  INFO main:383 - result: 27.0
23:04:25,100  INFO main:383 - result: 27.0
23:04:25,101  INFO main:383 - result: 27.0
23:04:25,101  INFO main:383 - result: 27.0
23:04:25,101  INFO main:383 - result: 25.0
23:04:25,101  INFO main:383 - result: 27.0
23:04:25,101  INFO main:383 - result: 27.0
23:04:25,101  INFO main:383 - result: 25.0
23:04:25,101  INFO main:383 - result: 27.0
23:04:25,101  INFO main:383 - result: 25.0
23:04:25,101  INFO main:383 - result: 25.0
23:04:25,101  INFO main:383 - result: 25.0
23:04:25,101  INFO main:383 - result: 27.0
23:04:25,102  INFO main:383 - result: 27.0
23:04:25,102  INFO main:383 - result: 27.0
23:04:25,102  INFO main:383 - result: 25.0
23:04:25,102  INFO main:383 - result: 27.0
23:04:25,102  INFO main:383 - result: 27.0
23:04:25,102  INFO main:383 - result: 27.0
23:04:25,102  INFO main:383 - result: 25.0
23:04:25,102  INFO main:383 - result: 27.0
23:04:25,102  INFO main:383 - result: 27.0
23:04:25,102  INFO main:383 - result: 27.0
23:04:25,102  INFO main:383 - result: 27.0
23:04:25,102  INFO main:385 - *****************Generaciones********************
23:04:25,103  INFO main:387 - Generacion: 0
23:04:25,103  INFO main:387 - Generacion: 0
23:04:25,103  INFO main:387 - Generacion: 0
23:04:25,103  INFO main:387 - Generacion: 0
23:04:25,103  INFO main:387 - Generacion: 0
23:04:25,103  INFO main:387 - Generacion: 0
23:04:25,103  INFO main:387 - Generacion: 0
23:04:25,103  INFO main:387 - Generacion: 0
23:04:25,103  INFO main:387 - Generacion: 0
23:04:25,103  INFO main:387 - Generacion: 0
23:04:25,104  INFO main:387 - Generacion: 0
23:04:25,104  INFO main:387 - Generacion: 0
23:04:25,104  INFO main:387 - Generacion: 0
23:04:25,104  INFO main:387 - Generacion: 0
23:04:25,104  INFO main:387 - Generacion: 0
23:04:25,104  INFO main:387 - Generacion: 0
23:04:25,104  INFO main:387 - Generacion: 0
23:04:25,104  INFO main:387 - Generacion: 0
23:04:25,104  INFO main:387 - Generacion: 0
23:04:25,105  INFO main:387 - Generacion: 0
23:04:25,105  INFO main:387 - Generacion: 0
23:04:25,105  INFO main:387 - Generacion: 0
23:04:25,105  INFO main:387 - Generacion: 0
23:04:25,105  INFO main:387 - Generacion: 0
23:04:25,105  INFO main:387 - Generacion: 0
23:04:25,105  INFO main:387 - Generacion: 0
23:04:25,105  INFO main:387 - Generacion: 0
23:04:25,105  INFO main:387 - Generacion: 0
23:04:25,105  INFO main:387 - Generacion: 0
23:04:25,105  INFO main:387 - Generacion: 0
