00:47:17,320  INFO main:168 - Logueando
00:47:17,364  INFO main:348 - ****************AG RUTAS****************
00:47:18,090  INFO main:362 - *******************Solucion: 0*******************
00:47:18,090  INFO main:363 - Solucion: 0
00:47:18,090  INFO main:364 - 
Solucion numero: 99
00:47:18,090  INFO main:365 - 
Cantidad de bloqueados: 0
00:47:18,090  INFO main:366 - 
Costo: 69900.0
00:47:18,090  INFO main:367 - 
Distancia: 18900.0
00:47:18,091  INFO main:368 - 
Espectro Mayor: 31.0
00:47:18,091  INFO main:369 - 
Fitness: 31.0
00:47:18,091  INFO main:372 - *****************************************************
00:47:18,586  INFO main:362 - *******************Solucion: 1*******************
00:47:18,586  INFO main:363 - Solucion: 1
00:47:18,586  INFO main:364 - 
Solucion numero: 99
00:47:18,586  INFO main:365 - 
Cantidad de bloqueados: 0
00:47:18,587  INFO main:366 - 
Costo: 69900.0
00:47:18,587  INFO main:367 - 
Distancia: 18900.0
00:47:18,587  INFO main:368 - 
Espectro Mayor: 31.0
00:47:18,587  INFO main:369 - 
Fitness: 31.0
00:47:18,587  INFO main:372 - *****************************************************
00:47:19,025  INFO main:362 - *******************Solucion: 2*******************
00:47:19,025  INFO main:363 - Solucion: 2
00:47:19,025  INFO main:364 - 
Solucion numero: 99
00:47:19,026  INFO main:365 - 
Cantidad de bloqueados: 0
00:47:19,026  INFO main:366 - 
Costo: 69900.0
00:47:19,026  INFO main:367 - 
Distancia: 18900.0
00:47:19,026  INFO main:368 - 
Espectro Mayor: 31.0
00:47:19,026  INFO main:369 - 
Fitness: 31.0
00:47:19,026  INFO main:372 - *****************************************************
00:47:19,457  INFO main:362 - *******************Solucion: 3*******************
00:47:19,457  INFO main:363 - Solucion: 3
00:47:19,457  INFO main:364 - 
Solucion numero: 99
00:47:19,457  INFO main:365 - 
Cantidad de bloqueados: 0
00:47:19,457  INFO main:366 - 
Costo: 69900.0
00:47:19,457  INFO main:367 - 
Distancia: 18900.0
00:47:19,457  INFO main:368 - 
Espectro Mayor: 31.0
00:47:19,457  INFO main:369 - 
Fitness: 31.0
00:47:19,457  INFO main:372 - *****************************************************
00:47:20,066  INFO main:362 - *******************Solucion: 4*******************
00:47:20,067  INFO main:363 - Solucion: 4
00:47:20,067  INFO main:364 - 
Solucion numero: 99
00:47:20,067  INFO main:365 - 
Cantidad de bloqueados: 0
00:47:20,067  INFO main:366 - 
Costo: 69900.0
00:47:20,067  INFO main:367 - 
Distancia: 18900.0
00:47:20,067  INFO main:368 - 
Espectro Mayor: 31.0
00:47:20,067  INFO main:369 - 
Fitness: 31.0
00:47:20,067  INFO main:372 - *****************************************************
00:47:20,477  INFO main:362 - *******************Solucion: 5*******************
00:47:20,477  INFO main:363 - Solucion: 5
00:47:20,477  INFO main:364 - 
Solucion numero: 99
00:47:20,477  INFO main:365 - 
Cantidad de bloqueados: 0
00:47:20,477  INFO main:366 - 
Costo: 69900.0
00:47:20,477  INFO main:367 - 
Distancia: 18900.0
00:47:20,478  INFO main:368 - 
Espectro Mayor: 31.0
00:47:20,478  INFO main:369 - 
Fitness: 31.0
00:47:20,478  INFO main:372 - *****************************************************
00:47:21,000  INFO main:362 - *******************Solucion: 6*******************
00:47:21,000  INFO main:363 - Solucion: 6
00:47:21,000  INFO main:364 - 
Solucion numero: 99
00:47:21,001  INFO main:365 - 
Cantidad de bloqueados: 0
00:47:21,001  INFO main:366 - 
Costo: 69900.0
00:47:21,001  INFO main:367 - 
Distancia: 18900.0
00:47:21,001  INFO main:368 - 
Espectro Mayor: 31.0
00:47:21,001  INFO main:369 - 
Fitness: 31.0
00:47:21,001  INFO main:372 - *****************************************************
00:47:21,397  INFO main:362 - *******************Solucion: 7*******************
00:47:21,398  INFO main:363 - Solucion: 7
00:47:21,398  INFO main:364 - 
Solucion numero: 99
00:47:21,398  INFO main:365 - 
Cantidad de bloqueados: 0
00:47:21,398  INFO main:366 - 
Costo: 69900.0
00:47:21,398  INFO main:367 - 
Distancia: 18900.0
00:47:21,398  INFO main:368 - 
Espectro Mayor: 31.0
00:47:21,398  INFO main:369 - 
Fitness: 31.0
00:47:21,398  INFO main:372 - *****************************************************
00:47:21,788  INFO main:362 - *******************Solucion: 8*******************
00:47:21,788  INFO main:363 - Solucion: 8
00:47:21,788  INFO main:364 - 
Solucion numero: 99
00:47:21,789  INFO main:365 - 
Cantidad de bloqueados: 0
00:47:21,789  INFO main:366 - 
Costo: 69900.0
00:47:21,789  INFO main:367 - 
Distancia: 18900.0
00:47:21,789  INFO main:368 - 
Espectro Mayor: 31.0
00:47:21,789  INFO main:369 - 
Fitness: 31.0
00:47:21,789  INFO main:372 - *****************************************************
00:47:22,172  INFO main:362 - *******************Solucion: 9*******************
00:47:22,173  INFO main:363 - Solucion: 9
00:47:22,173  INFO main:364 - 
Solucion numero: 99
00:47:22,173  INFO main:365 - 
Cantidad de bloqueados: 0
00:47:22,173  INFO main:366 - 
Costo: 69900.0
00:47:22,173  INFO main:367 - 
Distancia: 18900.0
00:47:22,173  INFO main:368 - 
Espectro Mayor: 31.0
00:47:22,173  INFO main:369 - 
Fitness: 31.0
00:47:22,173  INFO main:372 - *****************************************************
00:47:22,564  INFO main:362 - *******************Solucion: 10*******************
00:47:22,564  INFO main:363 - Solucion: 10
00:47:22,564  INFO main:364 - 
Solucion numero: 99
00:47:22,565  INFO main:365 - 
Cantidad de bloqueados: 0
00:47:22,565  INFO main:366 - 
Costo: 69900.0
00:47:22,565  INFO main:367 - 
Distancia: 18900.0
00:47:22,565  INFO main:368 - 
Espectro Mayor: 31.0
00:47:22,565  INFO main:369 - 
Fitness: 31.0
00:47:22,565  INFO main:372 - *****************************************************
00:47:22,955  INFO main:362 - *******************Solucion: 11*******************
00:47:22,956  INFO main:363 - Solucion: 11
00:47:22,956  INFO main:364 - 
Solucion numero: 99
00:47:22,956  INFO main:365 - 
Cantidad de bloqueados: 0
00:47:22,956  INFO main:366 - 
Costo: 69900.0
00:47:22,956  INFO main:367 - 
Distancia: 18900.0
00:47:22,956  INFO main:368 - 
Espectro Mayor: 31.0
00:47:22,956  INFO main:369 - 
Fitness: 31.0
00:47:22,956  INFO main:372 - *****************************************************
00:47:23,348  INFO main:362 - *******************Solucion: 12*******************
00:47:23,348  INFO main:363 - Solucion: 12
00:47:23,348  INFO main:364 - 
Solucion numero: 99
00:47:23,348  INFO main:365 - 
Cantidad de bloqueados: 0
00:47:23,349  INFO main:366 - 
Costo: 69900.0
00:47:23,349  INFO main:367 - 
Distancia: 18900.0
00:47:23,349  INFO main:368 - 
Espectro Mayor: 31.0
00:47:23,349  INFO main:369 - 
Fitness: 31.0
00:47:23,349  INFO main:372 - *****************************************************
00:47:23,746  INFO main:362 - *******************Solucion: 13*******************
00:47:23,747  INFO main:363 - Solucion: 13
00:47:23,747  INFO main:364 - 
Solucion numero: 99
00:47:23,747  INFO main:365 - 
Cantidad de bloqueados: 0
00:47:23,747  INFO main:366 - 
Costo: 69900.0
00:47:23,747  INFO main:367 - 
Distancia: 18900.0
00:47:23,747  INFO main:368 - 
Espectro Mayor: 31.0
00:47:23,747  INFO main:369 - 
Fitness: 31.0
00:47:23,747  INFO main:372 - *****************************************************
00:47:24,188  INFO main:362 - *******************Solucion: 14*******************
00:47:24,189  INFO main:363 - Solucion: 14
00:47:24,189  INFO main:364 - 
Solucion numero: 99
00:47:24,189  INFO main:365 - 
Cantidad de bloqueados: 0
00:47:24,189  INFO main:366 - 
Costo: 69900.0
00:47:24,189  INFO main:367 - 
Distancia: 18900.0
00:47:24,189  INFO main:368 - 
Espectro Mayor: 31.0
00:47:24,189  INFO main:369 - 
Fitness: 31.0
00:47:24,189  INFO main:372 - *****************************************************
00:47:24,593  INFO main:362 - *******************Solucion: 15*******************
00:47:24,593  INFO main:363 - Solucion: 15
00:47:24,593  INFO main:364 - 
Solucion numero: 99
00:47:24,593  INFO main:365 - 
Cantidad de bloqueados: 0
00:47:24,593  INFO main:366 - 
Costo: 69900.0
00:47:24,593  INFO main:367 - 
Distancia: 18900.0
00:47:24,593  INFO main:368 - 
Espectro Mayor: 31.0
00:47:24,593  INFO main:369 - 
Fitness: 31.0
00:47:24,594  INFO main:372 - *****************************************************
00:47:24,985  INFO main:362 - *******************Solucion: 16*******************
00:47:24,985  INFO main:363 - Solucion: 16
00:47:24,985  INFO main:364 - 
Solucion numero: 99
00:47:24,985  INFO main:365 - 
Cantidad de bloqueados: 0
00:47:24,986  INFO main:366 - 
Costo: 69900.0
00:47:24,986  INFO main:367 - 
Distancia: 18900.0
00:47:24,986  INFO main:368 - 
Espectro Mayor: 31.0
00:47:24,986  INFO main:369 - 
Fitness: 31.0
00:47:24,986  INFO main:372 - *****************************************************
00:47:25,373  INFO main:362 - *******************Solucion: 17*******************
00:47:25,373  INFO main:363 - Solucion: 17
00:47:25,373  INFO main:364 - 
Solucion numero: 99
00:47:25,373  INFO main:365 - 
Cantidad de bloqueados: 0
00:47:25,373  INFO main:366 - 
Costo: 69900.0
00:47:25,373  INFO main:367 - 
Distancia: 18900.0
00:47:25,373  INFO main:368 - 
Espectro Mayor: 31.0
00:47:25,374  INFO main:369 - 
Fitness: 31.0
00:47:25,374  INFO main:372 - *****************************************************
00:47:25,772  INFO main:362 - *******************Solucion: 18*******************
00:47:25,772  INFO main:363 - Solucion: 18
00:47:25,772  INFO main:364 - 
Solucion numero: 99
00:47:25,772  INFO main:365 - 
Cantidad de bloqueados: 0
00:47:25,772  INFO main:366 - 
Costo: 69900.0
00:47:25,772  INFO main:367 - 
Distancia: 18900.0
00:47:25,773  INFO main:368 - 
Espectro Mayor: 31.0
00:47:25,773  INFO main:369 - 
Fitness: 31.0
00:47:25,773  INFO main:372 - *****************************************************
00:47:26,170  INFO main:362 - *******************Solucion: 19*******************
00:47:26,170  INFO main:363 - Solucion: 19
00:47:26,170  INFO main:364 - 
Solucion numero: 99
00:47:26,170  INFO main:365 - 
Cantidad de bloqueados: 0
00:47:26,170  INFO main:366 - 
Costo: 69900.0
00:47:26,170  INFO main:367 - 
Distancia: 18900.0
00:47:26,170  INFO main:368 - 
Espectro Mayor: 31.0
00:47:26,170  INFO main:369 - 
Fitness: 31.0
00:47:26,171  INFO main:372 - *****************************************************
00:47:26,568  INFO main:362 - *******************Solucion: 20*******************
00:47:26,568  INFO main:363 - Solucion: 20
00:47:26,569  INFO main:364 - 
Solucion numero: 99
00:47:26,569  INFO main:365 - 
Cantidad de bloqueados: 0
00:47:26,569  INFO main:366 - 
Costo: 69900.0
00:47:26,569  INFO main:367 - 
Distancia: 18900.0
00:47:26,569  INFO main:368 - 
Espectro Mayor: 31.0
00:47:26,569  INFO main:369 - 
Fitness: 31.0
00:47:26,569  INFO main:372 - *****************************************************
00:47:26,971  INFO main:362 - *******************Solucion: 21*******************
00:47:26,972  INFO main:363 - Solucion: 21
00:47:26,972  INFO main:364 - 
Solucion numero: 99
00:47:26,972  INFO main:365 - 
Cantidad de bloqueados: 0
00:47:26,972  INFO main:366 - 
Costo: 69900.0
00:47:26,972  INFO main:367 - 
Distancia: 18900.0
00:47:26,972  INFO main:368 - 
Espectro Mayor: 31.0
00:47:26,972  INFO main:369 - 
Fitness: 31.0
00:47:26,972  INFO main:372 - *****************************************************
00:47:27,370  INFO main:362 - *******************Solucion: 22*******************
00:47:27,370  INFO main:363 - Solucion: 22
00:47:27,370  INFO main:364 - 
Solucion numero: 99
00:47:27,370  INFO main:365 - 
Cantidad de bloqueados: 0
00:47:27,370  INFO main:366 - 
Costo: 69900.0
00:47:27,370  INFO main:367 - 
Distancia: 18900.0
00:47:27,370  INFO main:368 - 
Espectro Mayor: 31.0
00:47:27,370  INFO main:369 - 
Fitness: 31.0
00:47:27,371  INFO main:372 - *****************************************************
00:47:27,802  INFO main:362 - *******************Solucion: 23*******************
00:47:27,802  INFO main:363 - Solucion: 23
00:47:27,803  INFO main:364 - 
Solucion numero: 99
00:47:27,803  INFO main:365 - 
Cantidad de bloqueados: 0
00:47:27,803  INFO main:366 - 
Costo: 69900.0
00:47:27,803  INFO main:367 - 
Distancia: 18900.0
00:47:27,803  INFO main:368 - 
Espectro Mayor: 31.0
00:47:27,803  INFO main:369 - 
Fitness: 31.0
00:47:27,803  INFO main:372 - *****************************************************
00:47:28,195  INFO main:362 - *******************Solucion: 24*******************
00:47:28,195  INFO main:363 - Solucion: 24
00:47:28,195  INFO main:364 - 
Solucion numero: 99
00:47:28,195  INFO main:365 - 
Cantidad de bloqueados: 0
00:47:28,195  INFO main:366 - 
Costo: 69900.0
00:47:28,195  INFO main:367 - 
Distancia: 18900.0
00:47:28,195  INFO main:368 - 
Espectro Mayor: 31.0
00:47:28,195  INFO main:369 - 
Fitness: 31.0
00:47:28,196  INFO main:372 - *****************************************************
00:47:28,581  INFO main:362 - *******************Solucion: 25*******************
00:47:28,581  INFO main:363 - Solucion: 25
00:47:28,581  INFO main:364 - 
Solucion numero: 99
00:47:28,582  INFO main:365 - 
Cantidad de bloqueados: 0
00:47:28,582  INFO main:366 - 
Costo: 69900.0
00:47:28,582  INFO main:367 - 
Distancia: 18900.0
00:47:28,582  INFO main:368 - 
Espectro Mayor: 31.0
00:47:28,582  INFO main:369 - 
Fitness: 31.0
00:47:28,582  INFO main:372 - *****************************************************
00:47:28,985  INFO main:362 - *******************Solucion: 26*******************
00:47:28,986  INFO main:363 - Solucion: 26
00:47:28,986  INFO main:364 - 
Solucion numero: 99
00:47:28,986  INFO main:365 - 
Cantidad de bloqueados: 0
00:47:28,986  INFO main:366 - 
Costo: 69900.0
00:47:28,986  INFO main:367 - 
Distancia: 18900.0
00:47:28,986  INFO main:368 - 
Espectro Mayor: 31.0
00:47:28,986  INFO main:369 - 
Fitness: 31.0
00:47:28,986  INFO main:372 - *****************************************************
00:47:29,397  INFO main:362 - *******************Solucion: 27*******************
00:47:29,397  INFO main:363 - Solucion: 27
00:47:29,398  INFO main:364 - 
Solucion numero: 99
00:47:29,398  INFO main:365 - 
Cantidad de bloqueados: 0
00:47:29,398  INFO main:366 - 
Costo: 69900.0
00:47:29,398  INFO main:367 - 
Distancia: 18900.0
00:47:29,398  INFO main:368 - 
Espectro Mayor: 31.0
00:47:29,398  INFO main:369 - 
Fitness: 31.0
00:47:29,398  INFO main:372 - *****************************************************
00:47:29,830  INFO main:362 - *******************Solucion: 28*******************
00:47:29,830  INFO main:363 - Solucion: 28
00:47:29,830  INFO main:364 - 
Solucion numero: 99
00:47:29,830  INFO main:365 - 
Cantidad de bloqueados: 0
00:47:29,830  INFO main:366 - 
Costo: 69900.0
00:47:29,830  INFO main:367 - 
Distancia: 18900.0
00:47:29,831  INFO main:368 - 
Espectro Mayor: 31.0
00:47:29,831  INFO main:369 - 
Fitness: 31.0
00:47:29,831  INFO main:372 - *****************************************************
00:47:30,221  INFO main:362 - *******************Solucion: 29*******************
00:47:30,221  INFO main:363 - Solucion: 29
00:47:30,221  INFO main:364 - 
Solucion numero: 99
00:47:30,221  INFO main:365 - 
Cantidad de bloqueados: 0
00:47:30,221  INFO main:366 - 
Costo: 69900.0
00:47:30,221  INFO main:367 - 
Distancia: 18900.0
00:47:30,221  INFO main:368 - 
Espectro Mayor: 31.0
00:47:30,221  INFO main:369 - 
Fitness: 31.0
00:47:30,221  INFO main:372 - *****************************************************
00:47:30,222  INFO main:375 - Tiempo AGY: 427.53333333333336
00:47:30,222  INFO main:377 - Promedio Final AGY: 31.0
