17:31:07,726  INFO main:168 - Logueando
17:35:01,042  INFO main:300 - Tiempo PreCalculo: 233314
17:35:01,043  INFO main:387 - ****************AG PERMUTACION****************
17:35:04,513  INFO main:401 - ****************Corrida 0 ************************
17:35:04,513  INFO main:402 - Fitness solucion: 44.0
17:35:04,514  INFO main:403 - Indice: 49
17:35:04,514  INFO main:404 - Generacion: 3
17:35:04,514  INFO main:405 - Rechazados: 45
17:35:04,514  INFO main:417 - Individuo Solucion: {87,27,38,213,41,46,245,177,29,235,1,120,161,97,3,122,48,166,45,111,84,2,158,169,172,69,242,148,62,241,47,77,224,128,101,175,55,221,114,107,176,42,28,24,68,188,18,26,132,138,35,108,163,113,214,149,136,186,66,12,10,193,194,65,58,71,205,117,150,90,39,183,131,116,223,23,83,64,106,51,130,85,9,16,72,139,59,21,37,249,197,74,20,154,8,54,109,70,212,93,44,81,115,121,105,78,57,36,129,91,0,126,247,208,165,53,92,11,231,211,98,225,75,76,202,152,61,79,89,238,73,164,100,187,195,204,82,234,229,5,182,63,7,43,133,127,137,155,30,80,156,196,198,201,167,239,170,219,181,140,6,151,19,189,230,248,237,243,174,226,49,222,22,143,199,15,123,184,246,162,233,144,112,110,145,190,95,168,50,244,25,99,200,88,203,141,147,192,134,86,119,52,171,210,179,146,240,142,220,218,4,14,207,178,227,135,216,32,180,104,232,157,17,191,236,153,56,159,33,60,160,13,40,206,185,118,103,228,102,31,67,215,173,209,34,94,125,124,217,96}

17:35:04,515  INFO main:418 - *****************************************************
17:35:06,572  INFO main:401 - ****************Corrida 1 ************************
17:35:06,572  INFO main:402 - Fitness solucion: 44.0
17:35:06,572  INFO main:403 - Indice: 49
17:35:06,573  INFO main:404 - Generacion: 1
17:35:06,573  INFO main:405 - Rechazados: 47
17:35:06,574  INFO main:417 - Individuo Solucion: {14,1,30,24,34,63,223,154,21,60,191,55,225,16,93,12,50,64,43,133,216,131,35,141,124,65,22,80,84,132,175,108,147,49,0,135,111,218,53,62,31,173,71,241,105,219,212,210,155,142,52,42,165,2,40,190,167,10,204,79,183,104,33,70,26,144,224,158,139,39,85,157,134,97,88,27,56,102,11,13,127,125,25,237,129,4,149,61,77,123,113,160,87,78,214,81,54,171,150,19,38,232,180,7,23,67,177,146,115,230,6,153,48,164,231,36,92,143,20,197,199,209,37,181,151,46,103,138,82,137,112,126,114,5,208,176,101,172,76,58,240,118,75,170,185,45,243,44,9,109,202,195,3,162,163,148,239,73,83,196,86,179,94,120,28,220,72,166,99,229,207,169,234,140,200,15,182,68,244,193,188,187,91,122,211,18,156,249,174,194,17,245,246,32,89,47,69,145,238,242,106,59,100,205,159,96,198,228,66,107,222,213,51,226,136,161,29,192,201,74,236,117,95,119,41,233,235,152,130,206,217,110,227,186,248,221,203,128,98,116,8,178,247,57,184,121,215,168,189,90}

17:35:06,574  INFO main:418 - *****************************************************
17:35:09,164  INFO main:401 - ****************Corrida 2 ************************
17:35:09,165  INFO main:402 - Fitness solucion: 44.0
17:35:09,165  INFO main:403 - Indice: 49
17:35:09,165  INFO main:404 - Generacion: 0
17:35:09,166  INFO main:405 - Rechazados: 42
17:35:09,166  INFO main:417 - Individuo Solucion: {2,20,23,10,198,121,28,76,179,86,34,13,139,46,0,201,124,247,44,38,18,151,248,74,178,19,171,98,29,69,224,235,173,244,48,110,100,49,26,22,215,216,163,7,107,238,167,191,89,95,33,30,228,81,31,4,75,134,66,52,212,150,249,149,145,246,32,157,183,222,71,50,65,234,243,188,80,142,37,83,230,131,72,141,35,105,3,129,45,245,68,118,225,41,169,27,138,185,87,159,236,240,51,112,9,8,196,43,14,67,39,205,229,206,220,237,84,55,90,187,133,136,70,106,194,161,101,108,104,24,97,170,153,36,199,132,218,214,25,195,135,47,21,186,162,158,103,140,232,155,91,219,168,147,54,17,15,57,231,61,1,128,204,156,102,12,203,42,113,189,63,88,154,73,6,85,60,111,82,126,137,79,130,5,127,166,184,16,176,242,172,109,122,99,125,200,152,193,92,174,64,148,181,56,143,192,62,241,120,116,144,197,93,202,115,123,211,96,11,223,190,213,208,180,53,146,226,164,209,165,182,94,59,40,77,207,210,117,221,217,177,175,160,227,119,78,58,239,114,233}

17:35:09,167  INFO main:418 - *****************************************************
17:35:11,327  INFO main:401 - ****************Corrida 3 ************************
17:35:11,327  INFO main:402 - Fitness solucion: 44.0
17:35:11,327  INFO main:403 - Indice: 49
17:35:11,328  INFO main:404 - Generacion: 0
17:35:11,328  INFO main:405 - Rechazados: 48
17:35:11,328  INFO main:417 - Individuo Solucion: {4,16,227,24,112,22,152,30,159,235,41,6,208,156,34,94,51,37,48,7,54,168,167,87,118,64,5,200,53,176,166,61,243,244,17,15,163,114,29,52,74,42,47,9,65,122,228,210,3,191,68,89,39,58,108,57,40,33,105,245,62,120,149,185,225,82,43,219,102,221,119,27,8,69,35,103,138,211,135,66,76,197,10,140,50,202,189,111,218,106,38,154,214,83,90,209,73,25,77,98,63,187,81,162,158,36,12,130,86,139,78,224,182,178,2,56,134,88,31,117,18,80,21,109,242,101,70,32,160,212,144,142,148,199,239,147,171,44,96,169,49,179,124,92,170,145,247,143,216,11,46,241,1,229,183,174,13,23,115,173,129,207,161,198,230,217,72,175,85,151,14,181,188,128,157,121,28,246,153,205,137,177,59,67,91,190,201,233,75,238,71,127,133,165,172,126,20,231,141,240,100,146,136,155,194,248,192,223,113,195,55,204,110,95,196,249,131,150,19,206,116,220,215,213,99,132,107,93,184,164,232,97,203,236,45,186,226,84,180,123,222,0,104,234,193,79,125,60,237,26}

17:35:11,329  INFO main:418 - *****************************************************
17:35:13,101  INFO main:401 - ****************Corrida 4 ************************
17:35:13,102  INFO main:402 - Fitness solucion: 44.0
17:35:13,102  INFO main:403 - Indice: 49
17:35:13,102  INFO main:404 - Generacion: 1
17:35:13,103  INFO main:405 - Rechazados: 56
17:35:13,104  INFO main:417 - Individuo Solucion: {1,12,11,66,239,169,243,39,111,20,167,178,208,17,105,100,143,242,33,3,10,103,113,87,89,23,200,0,25,69,80,6,142,47,162,122,68,28,49,217,216,21,93,195,124,44,134,84,92,58,211,95,27,209,73,104,51,189,14,166,237,215,54,153,83,38,164,223,185,59,176,232,192,231,74,22,110,183,97,91,85,7,159,182,78,109,72,229,117,26,35,201,108,227,56,240,63,234,94,190,224,140,222,57,60,220,46,76,147,221,248,67,203,24,235,202,128,19,139,107,77,90,99,144,129,13,204,18,131,191,196,206,106,32,160,154,193,174,62,79,150,75,212,50,16,145,219,112,197,179,149,218,198,133,48,42,138,130,82,156,52,228,119,114,158,207,126,141,45,70,165,86,65,163,244,148,184,64,181,43,61,146,151,88,205,5,115,9,245,101,233,31,41,120,40,188,236,123,172,213,157,55,247,161,230,180,2,187,136,4,155,241,194,127,238,186,102,135,8,175,173,53,96,170,171,36,168,116,34,81,132,225,121,152,137,29,71,246,125,98,226,210,30,177,249,37,15,199,118,214}

17:35:13,104  INFO main:418 - *****************************************************
17:35:15,714  INFO main:401 - ****************Corrida 5 ************************
17:35:15,715  INFO main:402 - Fitness solucion: 44.0
17:35:15,716  INFO main:403 - Indice: 49
17:35:15,716  INFO main:404 - Generacion: 0
17:35:15,716  INFO main:405 - Rechazados: 50
17:35:15,717  INFO main:417 - Individuo Solucion: {3,25,125,35,194,40,88,126,20,178,243,11,47,153,238,130,211,184,102,98,24,5,9,233,155,217,61,12,30,42,144,37,43,17,187,45,26,166,49,16,239,76,33,29,0,215,80,54,249,13,19,78,99,21,224,32,50,247,199,203,75,148,96,58,59,46,205,228,95,214,200,195,10,56,6,213,134,227,52,179,34,103,108,109,55,69,57,168,175,97,209,167,236,120,133,118,189,147,127,107,28,66,116,244,27,149,169,87,222,62,208,22,123,2,110,72,67,94,170,113,146,7,82,152,206,85,221,142,183,105,18,145,93,173,84,223,114,60,36,143,63,196,151,100,65,129,73,237,31,242,106,140,202,216,112,164,15,121,230,210,150,197,172,81,64,23,159,245,4,79,165,135,89,83,177,90,248,161,229,38,160,235,185,241,176,162,204,44,212,91,1,124,39,137,218,226,191,138,190,174,111,192,41,51,231,128,8,141,193,198,154,182,158,157,186,163,225,74,240,136,104,115,70,181,207,131,232,156,117,77,119,219,201,220,14,132,92,71,86,101,139,122,246,188,234,180,171,48,53,68}

17:35:15,718  INFO main:418 - *****************************************************
17:35:18,345  INFO main:401 - ****************Corrida 6 ************************
17:35:18,345  INFO main:402 - Fitness solucion: 44.0
17:35:18,345  INFO main:403 - Indice: 49
17:35:18,346  INFO main:404 - Generacion: 9
17:35:18,346  INFO main:405 - Rechazados: 57
17:35:18,356  INFO main:417 - Individuo Solucion: {36,29,82,91,13,3,14,208,44,239,178,8,210,85,64,189,125,207,16,10,28,88,22,152,206,155,237,181,69,209,59,200,99,173,97,201,133,1,89,120,113,162,194,41,51,35,20,192,240,242,220,245,211,84,30,58,79,37,235,118,68,48,219,102,130,62,90,52,76,122,57,49,166,7,172,145,5,81,160,74,138,135,116,45,146,191,77,202,190,53,221,185,61,215,229,31,171,157,34,109,216,144,121,167,40,111,11,96,186,123,149,205,27,224,249,24,83,93,92,147,198,39,168,238,140,212,150,43,112,67,234,9,6,103,179,156,163,63,153,21,100,233,75,94,73,241,169,4,33,18,231,106,213,165,139,148,46,107,154,193,161,184,131,50,80,137,142,124,158,151,12,232,248,164,86,170,95,143,217,42,114,66,196,56,228,204,71,195,47,105,222,25,225,236,32,110,134,17,132,101,244,227,128,119,23,230,129,19,218,0,199,38,65,78,159,187,136,117,54,87,115,182,175,177,188,108,247,2,26,15,60,226,180,127,183,126,214,203,70,104,55,141,197,98,72,243,223,176,174,246}

17:35:18,357  INFO main:418 - *****************************************************
17:35:20,893  INFO main:401 - ****************Corrida 7 ************************
17:35:20,893  INFO main:402 - Fitness solucion: 44.0
17:35:20,894  INFO main:403 - Indice: 49
17:35:20,894  INFO main:404 - Generacion: 0
17:35:20,894  INFO main:405 - Rechazados: 44
17:35:20,895  INFO main:417 - Individuo Solucion: {184,6,208,27,241,22,32,10,26,50,77,38,197,92,159,63,106,218,181,199,88,100,0,17,15,137,12,19,25,20,242,61,48,195,7,42,166,113,46,110,68,84,86,167,13,73,79,220,33,126,135,24,71,72,57,168,98,47,31,213,101,81,4,54,235,62,221,56,187,16,53,124,215,200,74,162,206,108,125,123,212,78,67,91,9,66,226,205,8,236,154,112,89,214,21,36,118,157,119,115,201,120,227,196,122,142,111,198,59,249,109,96,192,64,190,229,169,248,228,234,182,191,45,3,153,85,177,114,146,139,39,156,75,173,244,14,233,11,2,145,155,170,151,44,107,133,164,179,1,172,37,245,217,80,28,150,18,148,41,219,165,203,176,51,141,129,224,103,34,117,188,189,76,69,247,116,183,23,160,175,207,127,149,95,185,132,158,93,136,180,193,161,194,52,211,143,225,174,58,128,144,94,30,97,60,138,65,130,246,29,43,171,237,131,35,223,147,163,87,70,232,55,231,102,240,230,204,121,178,210,82,239,243,49,105,186,238,5,152,99,83,104,202,209,140,134,222,40,90,216}

17:35:20,896  INFO main:418 - *****************************************************
17:35:23,542  INFO main:401 - ****************Corrida 8 ************************
17:35:23,542  INFO main:402 - Fitness solucion: 44.0
17:35:23,543  INFO main:403 - Indice: 49
17:35:23,543  INFO main:404 - Generacion: 0
17:35:23,543  INFO main:405 - Rechazados: 50
17:35:23,545  INFO main:417 - Individuo Solucion: {4,65,112,217,249,185,2,9,22,29,32,41,37,245,213,118,168,26,173,101,243,237,210,20,230,60,119,5,7,125,156,171,143,64,148,16,219,13,102,57,63,89,94,31,15,121,27,238,194,78,10,62,24,44,138,86,14,67,49,50,228,85,131,72,93,189,174,212,1,87,108,51,68,165,99,33,104,135,28,30,52,129,178,83,161,69,70,167,73,35,110,116,248,84,88,66,96,103,25,160,38,81,98,134,235,17,166,239,47,132,196,106,150,142,209,233,172,56,139,159,76,82,95,53,175,224,97,236,177,225,133,11,182,144,179,122,184,43,74,145,105,226,170,176,140,71,123,54,90,154,205,215,193,190,58,21,8,141,163,34,218,61,155,136,247,46,19,55,117,187,214,23,79,152,36,107,80,207,115,220,39,201,75,216,77,151,191,111,242,221,114,192,222,113,244,188,246,241,48,126,208,91,203,164,149,186,181,206,200,3,229,158,240,204,197,223,169,18,232,12,92,40,180,195,198,0,231,227,100,153,157,127,124,128,162,120,109,183,137,147,146,42,130,6,202,234,211,199,45,59}

17:35:23,545  INFO main:418 - *****************************************************
17:35:26,220  INFO main:401 - ****************Corrida 9 ************************
17:35:26,221  INFO main:402 - Fitness solucion: 44.0
17:35:26,221  INFO main:403 - Indice: 49
17:35:26,221  INFO main:404 - Generacion: 7
17:35:26,222  INFO main:405 - Rechazados: 41
17:35:26,223  INFO main:417 - Individuo Solucion: {27,185,19,183,88,215,41,1,24,6,42,32,5,89,82,247,3,186,113,240,70,83,112,100,189,55,177,95,200,187,68,219,161,197,36,125,53,201,175,101,180,223,28,107,249,49,38,236,174,229,222,188,105,184,244,158,172,120,39,74,139,52,26,237,245,58,127,46,98,134,202,214,182,136,246,20,138,146,4,31,166,85,224,149,7,225,156,194,0,116,132,25,80,108,241,29,220,168,2,48,57,193,248,178,63,22,210,64,54,81,78,162,99,160,60,192,40,133,235,56,66,179,111,118,17,164,227,163,33,212,128,59,208,13,103,93,204,84,129,142,191,165,198,154,65,86,213,94,97,243,87,30,45,15,181,150,169,217,12,9,159,135,114,216,50,109,140,242,23,176,11,123,205,96,117,126,10,130,119,145,8,67,34,106,79,16,190,153,167,72,151,171,232,206,76,91,218,110,69,143,115,35,121,61,104,51,170,221,47,195,234,141,44,21,239,131,73,144,157,102,122,75,207,71,230,148,137,124,226,155,152,173,90,77,18,231,203,211,37,233,199,62,228,147,196,14,209,92,43,238}

17:35:26,223  INFO main:418 - *****************************************************
17:35:28,708  INFO main:401 - ****************Corrida 10 ************************
17:35:28,709  INFO main:402 - Fitness solucion: 44.0
17:35:28,709  INFO main:403 - Indice: 49
17:35:28,710  INFO main:404 - Generacion: 3
17:35:28,710  INFO main:405 - Rechazados: 42
17:35:28,710  INFO main:417 - Individuo Solucion: {84,53,60,35,17,25,69,52,93,6,90,162,80,234,207,249,96,184,238,44,102,38,108,236,164,154,79,110,123,51,130,34,59,197,55,46,49,185,72,27,63,104,66,220,141,214,221,173,109,24,89,183,29,106,216,166,195,131,212,160,31,205,244,232,227,120,16,145,57,112,36,175,217,18,107,15,219,159,3,87,188,92,187,225,56,237,61,28,23,127,156,228,74,223,101,193,198,64,122,157,170,243,42,152,163,21,135,176,2,224,239,85,218,181,128,140,151,133,161,10,86,48,169,121,231,91,99,47,33,95,12,206,179,94,149,230,146,139,11,105,58,115,209,13,4,204,189,143,78,77,138,213,178,132,54,7,148,75,68,203,117,134,202,83,82,247,43,37,97,22,100,124,199,144,98,9,142,40,32,118,177,235,5,137,211,190,76,153,248,147,246,167,240,67,20,180,65,45,158,182,172,171,114,62,88,174,129,113,0,215,191,103,200,14,8,194,116,155,245,70,119,201,192,226,210,73,186,229,150,196,81,241,39,50,41,233,136,111,165,26,125,208,71,126,1,30,19,168,242,222}

17:35:28,711  INFO main:418 - *****************************************************
17:35:31,480  INFO main:401 - ****************Corrida 11 ************************
17:35:31,481  INFO main:402 - Fitness solucion: 44.0
17:35:31,481  INFO main:403 - Indice: 49
17:35:31,481  INFO main:404 - Generacion: 5
17:35:31,481  INFO main:405 - Rechazados: 44
17:35:31,482  INFO main:417 - Individuo Solucion: {176,213,169,168,220,216,4,54,8,39,1,210,211,15,205,16,82,56,37,30,197,43,70,206,9,212,33,23,241,11,40,0,34,114,166,67,177,36,247,17,72,136,164,87,225,137,139,132,230,96,171,58,128,22,209,134,217,121,222,2,66,195,88,35,50,95,6,173,135,242,79,85,180,237,188,5,218,248,201,170,63,192,31,153,182,224,233,151,48,49,123,193,84,130,29,234,60,26,92,156,249,245,3,204,183,226,194,227,133,120,100,94,90,119,240,51,7,78,65,243,116,38,98,83,46,73,104,167,61,223,42,68,57,229,172,141,19,108,113,127,159,62,69,138,158,18,143,179,161,231,101,202,163,140,14,186,189,25,185,175,181,146,236,117,45,215,219,89,232,239,13,97,107,86,152,32,244,198,110,155,64,126,203,52,103,10,154,235,59,157,109,27,41,200,228,144,28,21,53,162,44,76,149,77,20,145,93,187,111,55,106,131,199,165,148,174,81,178,105,112,115,184,208,99,150,238,12,147,129,75,221,246,122,160,24,91,118,142,124,47,196,74,71,214,191,207,125,80,190,102}

17:35:31,483  INFO main:418 - *****************************************************
17:35:34,261  INFO main:401 - ****************Corrida 12 ************************
17:35:34,262  INFO main:402 - Fitness solucion: 44.0
17:35:34,262  INFO main:403 - Indice: 49
17:35:34,262  INFO main:404 - Generacion: 0
17:35:34,263  INFO main:405 - Rechazados: 43
17:35:34,263  INFO main:417 - Individuo Solucion: {47,152,231,224,116,10,120,17,22,136,145,229,2,139,23,178,168,249,211,29,60,57,161,52,54,93,184,32,189,170,24,42,204,109,18,20,201,181,8,83,64,59,193,97,14,49,26,148,58,46,110,94,75,175,19,43,11,169,195,90,248,53,0,115,172,107,125,74,166,21,25,140,6,106,104,131,103,216,34,61,187,55,1,27,81,118,147,219,246,227,205,13,138,238,156,239,182,70,144,37,77,122,134,45,245,7,199,100,86,48,67,135,44,56,198,96,35,98,39,3,234,191,240,9,33,143,51,153,209,171,62,126,128,165,192,159,92,4,200,164,221,177,214,73,91,188,162,38,99,89,183,129,190,179,127,186,218,113,30,194,105,206,133,213,78,114,141,243,173,119,12,31,241,208,174,226,36,111,158,150,66,68,41,80,223,79,16,242,112,72,232,207,28,101,146,215,142,82,203,197,230,15,157,121,225,180,88,176,137,196,160,63,76,102,84,117,247,132,108,123,130,151,237,154,185,65,210,149,50,236,85,95,222,155,69,233,5,71,40,235,124,167,228,220,163,244,202,87,212,217}

17:35:34,264  INFO main:418 - *****************************************************
17:35:36,463  INFO main:401 - ****************Corrida 13 ************************
17:35:36,463  INFO main:402 - Fitness solucion: 44.0
17:35:36,464  INFO main:403 - Indice: 49
17:35:36,464  INFO main:404 - Generacion: 0
17:35:36,464  INFO main:405 - Rechazados: 39
17:35:36,465  INFO main:417 - Individuo Solucion: {5,194,245,21,17,33,7,16,54,188,9,98,34,152,10,226,161,67,143,93,198,52,103,130,6,183,45,23,154,184,4,40,228,76,65,78,96,94,132,64,95,89,146,30,168,73,72,63,227,221,106,248,11,56,242,216,122,79,44,138,237,116,75,212,42,139,8,134,211,229,114,112,104,57,121,27,13,100,241,125,91,181,22,53,140,28,231,124,62,141,249,24,215,87,2,166,90,108,160,247,59,190,145,175,19,82,84,178,50,111,126,3,158,233,74,135,240,133,118,148,32,97,246,105,150,172,113,136,144,180,223,156,142,235,131,225,48,55,69,68,14,60,47,155,238,18,171,102,186,207,204,15,232,176,218,1,115,222,123,12,206,214,157,244,219,70,58,230,189,88,128,35,179,191,193,46,177,80,147,77,38,120,239,66,101,110,26,187,151,185,159,173,170,213,109,71,164,208,81,85,117,0,165,31,167,83,234,51,29,99,202,137,195,192,217,196,86,107,39,25,43,199,92,209,127,210,20,153,119,203,41,149,61,243,201,37,163,182,174,36,162,220,200,205,224,169,197,236,129,49}

17:35:36,466  INFO main:418 - *****************************************************
17:35:39,264  INFO main:401 - ****************Corrida 14 ************************
17:35:39,265  INFO main:402 - Fitness solucion: 43.0
17:35:39,265  INFO main:403 - Indice: 49
17:35:39,266  INFO main:404 - Generacion: 6
17:35:39,266  INFO main:405 - Rechazados: 51
17:35:39,267  INFO main:417 - Individuo Solucion: {7,11,212,189,26,150,231,214,88,24,227,40,20,216,134,6,193,141,22,168,114,173,234,188,236,239,127,197,229,118,97,74,96,151,71,224,67,199,15,237,131,59,182,86,223,94,77,61,242,192,207,136,0,132,65,32,196,160,95,66,53,75,80,209,47,115,238,45,195,110,125,69,181,203,175,107,187,105,155,142,117,99,178,1,154,180,57,183,17,54,113,121,56,232,213,46,122,52,23,27,143,85,245,33,111,230,174,233,41,204,220,177,37,246,55,221,76,159,108,179,240,90,247,12,58,34,130,87,103,211,149,139,200,170,91,93,135,106,13,68,112,78,62,126,81,5,169,190,164,225,123,156,79,84,198,28,43,60,2,16,172,145,226,210,215,228,3,36,202,241,29,100,140,35,133,120,176,44,218,144,205,18,72,167,166,124,152,244,128,10,146,102,119,48,39,208,171,191,70,89,185,184,42,138,206,163,162,92,235,148,165,217,98,4,194,104,249,9,8,243,201,222,147,83,63,157,19,21,38,64,49,30,248,101,219,158,25,161,14,153,186,51,82,137,129,109,50,73,116,31}

17:35:39,267  INFO main:418 - *****************************************************
17:35:42,084  INFO main:401 - ****************Corrida 15 ************************
17:35:42,085  INFO main:402 - Fitness solucion: 44.0
17:35:42,085  INFO main:403 - Indice: 49
17:35:42,086  INFO main:404 - Generacion: 0
17:35:42,086  INFO main:405 - Rechazados: 43
17:35:42,087  INFO main:417 - Individuo Solucion: {18,20,185,122,26,23,184,112,34,165,39,100,187,229,25,160,146,139,207,4,13,65,10,14,32,42,210,68,196,15,156,216,16,157,249,233,126,12,228,227,33,192,62,80,167,67,60,37,64,71,148,28,213,91,63,199,69,183,50,97,0,180,74,212,77,200,105,86,58,22,117,56,9,29,61,6,175,31,46,59,19,194,219,236,43,150,40,208,52,130,51,125,75,246,131,73,191,239,140,92,241,147,93,133,159,8,247,99,3,141,90,204,66,82,109,89,149,201,144,115,27,177,176,142,101,145,226,38,44,113,225,222,2,55,186,158,17,174,198,78,136,85,103,163,170,155,173,235,193,132,41,7,21,79,202,123,223,47,81,102,245,70,232,95,205,195,129,94,104,137,153,124,218,168,118,5,106,162,220,171,221,54,164,172,120,238,169,11,231,143,49,108,30,110,181,116,96,234,151,152,48,178,190,224,188,138,128,206,189,121,88,45,127,154,36,215,240,243,179,84,72,182,107,161,209,135,217,214,166,203,76,24,35,248,134,230,111,244,53,197,1,237,98,83,119,211,242,114,87,57}

17:35:42,087  INFO main:418 - *****************************************************
17:35:44,587  INFO main:401 - ****************Corrida 16 ************************
17:35:44,588  INFO main:402 - Fitness solucion: 43.0
17:35:44,588  INFO main:403 - Indice: 49
17:35:44,588  INFO main:404 - Generacion: 3
17:35:44,589  INFO main:405 - Rechazados: 41
17:35:44,589  INFO main:417 - Individuo Solucion: {12,181,198,77,249,175,246,3,204,59,121,21,34,97,150,27,112,163,18,230,69,178,157,1,28,2,171,36,24,76,129,17,113,193,30,94,41,160,73,122,35,186,159,61,37,64,247,89,144,202,147,214,232,200,184,234,228,93,242,16,81,111,140,68,99,50,177,237,49,11,165,8,96,195,10,208,53,66,32,207,85,244,20,132,123,210,185,120,42,220,154,152,63,26,201,79,114,98,215,104,118,0,125,243,216,40,103,115,55,238,133,196,31,128,180,83,44,224,19,245,9,33,48,91,4,7,191,139,137,110,168,45,5,15,39,25,29,62,88,47,169,86,75,71,106,95,56,136,233,23,14,190,92,117,116,148,235,84,38,231,155,52,6,142,126,58,80,108,217,236,149,131,162,164,105,153,78,218,199,170,67,101,156,197,109,240,229,176,134,60,51,167,203,194,90,221,182,151,174,219,100,43,70,145,22,57,239,183,54,87,72,124,166,74,135,206,223,141,130,211,65,143,188,212,146,248,226,82,192,138,173,46,227,102,225,179,222,187,161,158,241,205,209,119,172,213,107,13,189,127}

17:35:44,590  INFO main:418 - *****************************************************
17:35:47,142  INFO main:401 - ****************Corrida 17 ************************
17:35:47,143  INFO main:402 - Fitness solucion: 44.0
17:35:47,143  INFO main:403 - Indice: 49
17:35:47,143  INFO main:404 - Generacion: 0
17:35:47,143  INFO main:405 - Rechazados: 45
17:35:47,144  INFO main:417 - Individuo Solucion: {13,243,16,103,8,37,189,128,246,212,180,0,40,20,1,6,32,22,219,29,56,36,148,245,39,41,21,64,67,28,94,130,140,191,30,179,145,88,38,135,71,237,31,223,205,3,123,12,47,147,90,33,15,78,42,111,74,102,105,206,24,106,132,249,85,48,112,165,155,5,202,75,238,93,114,86,7,50,65,4,77,81,236,221,61,113,120,83,49,170,192,176,110,60,100,215,107,187,242,234,101,82,141,122,133,119,216,150,162,57,184,224,152,190,127,160,137,197,116,167,91,193,136,84,143,89,11,55,157,211,174,146,244,138,208,53,54,185,154,51,177,134,196,159,52,124,34,214,19,156,2,129,222,169,151,173,96,14,17,126,25,240,10,218,68,73,233,175,27,46,247,188,43,142,226,121,125,9,186,178,69,44,209,200,63,92,183,166,109,35,172,80,217,72,97,220,210,118,198,182,195,231,99,144,58,62,104,228,213,153,161,241,66,201,95,232,230,225,70,204,158,239,194,199,115,203,235,181,164,87,79,207,227,18,108,23,168,26,59,76,171,163,131,45,229,149,248,98,117,139}

17:35:47,145  INFO main:418 - *****************************************************
17:35:49,383  INFO main:401 - ****************Corrida 18 ************************
17:35:49,383  INFO main:402 - Fitness solucion: 45.0
17:35:49,383  INFO main:403 - Indice: 49
17:35:49,384  INFO main:404 - Generacion: 0
17:35:49,384  INFO main:405 - Rechazados: 46
17:35:49,384  INFO main:417 - Individuo Solucion: {180,0,121,1,16,117,45,218,32,213,2,235,147,197,178,25,9,41,28,29,56,237,65,49,83,8,104,10,35,19,64,24,14,72,38,116,107,216,70,66,78,44,71,59,89,109,39,164,241,54,81,33,50,88,150,210,74,122,103,227,34,199,184,173,217,68,84,123,225,135,51,112,62,43,231,100,226,187,11,242,18,181,228,247,248,211,144,239,63,13,3,113,96,146,75,105,5,191,42,155,119,244,176,6,93,27,21,214,47,91,171,128,20,149,52,148,31,126,102,15,220,161,200,48,97,95,87,243,76,36,157,4,201,159,162,17,160,183,73,79,143,55,168,118,77,129,232,234,90,203,101,154,233,189,132,172,46,80,151,196,26,165,145,194,67,136,245,195,174,94,134,236,219,139,120,169,7,58,111,163,37,206,186,202,229,179,12,57,92,193,152,142,130,224,131,198,185,212,153,82,137,108,110,223,22,86,205,221,188,53,166,133,207,99,209,222,141,190,61,204,98,238,85,167,125,127,40,106,240,208,158,182,138,140,60,115,170,246,175,114,215,30,156,23,177,192,124,69,230,249}

17:35:49,384  INFO main:418 - *****************************************************
17:35:51,879  INFO main:401 - ****************Corrida 19 ************************
17:35:51,879  INFO main:402 - Fitness solucion: 44.0
17:35:51,880  INFO main:403 - Indice: 49
17:35:51,880  INFO main:404 - Generacion: 0
17:35:51,880  INFO main:405 - Rechazados: 40
17:35:51,881  INFO main:417 - Individuo Solucion: {124,13,212,28,86,211,26,42,76,168,152,9,165,244,25,241,218,247,131,161,43,50,105,122,51,249,198,24,125,196,54,213,214,18,3,143,82,233,194,79,29,6,61,186,7,205,21,127,174,192,193,73,27,90,15,129,106,134,169,94,108,217,84,102,59,200,137,55,99,160,227,118,234,187,162,140,246,22,37,87,30,96,208,207,184,23,97,153,209,224,36,235,225,206,49,31,78,72,237,223,65,150,62,157,93,243,204,32,232,117,66,220,19,14,111,64,69,148,229,166,8,113,47,120,180,245,40,34,11,16,48,145,167,139,238,110,231,5,95,71,1,89,195,210,101,109,151,154,188,39,63,52,35,176,41,182,130,228,46,230,121,144,156,116,77,57,236,44,149,115,202,159,128,70,239,103,142,126,114,178,163,190,20,146,104,17,197,83,133,189,185,175,203,85,138,56,10,147,141,172,179,226,216,191,219,201,91,60,92,173,80,75,164,155,38,222,123,158,0,45,215,119,199,177,67,12,183,81,4,132,33,107,100,2,242,74,98,248,181,240,88,58,171,170,135,68,221,136,112,53}

17:35:51,881  INFO main:418 - *****************************************************
17:35:54,432  INFO main:401 - ****************Corrida 20 ************************
17:35:54,433  INFO main:402 - Fitness solucion: 44.0
17:35:54,433  INFO main:403 - Indice: 49
17:35:54,434  INFO main:404 - Generacion: 0
17:35:54,434  INFO main:405 - Rechazados: 49
17:35:54,435  INFO main:417 - Individuo Solucion: {0,132,226,239,71,200,112,210,86,14,12,23,22,8,214,108,47,166,33,219,3,141,205,5,218,158,10,184,9,161,235,66,1,50,70,59,139,83,213,67,25,119,74,37,4,227,121,215,78,64,216,249,140,126,191,26,146,51,36,65,69,82,145,32,61,123,55,173,21,7,175,72,217,246,42,128,244,180,206,34,88,115,142,24,237,129,18,38,168,143,109,242,134,225,93,75,194,19,169,6,192,56,43,39,91,44,223,211,195,58,63,103,163,114,120,164,40,107,77,130,11,135,151,238,46,101,98,196,116,30,174,104,41,62,87,73,52,165,111,233,230,187,136,147,90,92,105,207,20,178,156,209,127,60,49,79,13,133,53,188,190,170,148,84,155,203,248,202,45,176,171,247,186,149,94,89,16,243,81,212,113,185,222,2,204,54,122,240,232,31,179,17,153,167,131,198,172,102,183,220,160,97,57,245,27,197,110,125,99,138,162,177,182,48,150,229,124,117,228,157,35,231,224,208,241,236,181,199,154,137,96,76,28,159,15,234,221,118,85,193,201,152,144,80,95,29,106,189,100,68}

17:35:54,435  INFO main:418 - *****************************************************
17:35:56,809  INFO main:401 - ****************Corrida 21 ************************
17:35:56,809  INFO main:402 - Fitness solucion: 43.0
17:35:56,809  INFO main:403 - Indice: 49
17:35:56,809  INFO main:404 - Generacion: 0
17:35:56,810  INFO main:405 - Rechazados: 49
17:35:56,810  INFO main:417 - Individuo Solucion: {223,8,188,193,0,15,27,249,232,51,7,1,57,245,76,110,21,38,70,149,24,2,198,132,197,18,139,11,79,103,63,14,13,208,26,62,10,30,205,85,96,54,44,20,19,4,72,227,104,224,190,108,80,141,65,58,95,111,131,106,37,53,60,28,230,91,238,9,164,201,235,101,87,212,55,77,35,210,200,244,167,75,109,233,12,159,100,69,156,172,211,52,74,98,48,128,88,136,160,34,147,45,144,3,142,120,213,46,215,92,221,93,165,39,127,219,40,143,240,84,59,22,23,112,199,152,49,226,123,163,130,125,187,218,168,61,196,241,121,229,118,102,41,31,134,105,129,135,82,194,236,162,78,166,124,133,161,183,153,158,43,71,179,177,157,6,191,116,47,148,25,239,50,16,155,151,176,181,206,137,73,145,113,29,32,228,169,86,126,81,173,36,182,67,64,175,195,174,171,97,209,117,17,140,138,154,202,146,150,246,185,180,119,222,107,217,94,56,89,33,192,189,203,115,216,99,170,247,237,184,122,248,114,214,66,220,178,234,186,225,242,231,204,243,83,5,90,42,207,68}

17:35:56,810  INFO main:418 - *****************************************************
17:35:58,973  INFO main:401 - ****************Corrida 22 ************************
17:35:58,973  INFO main:402 - Fitness solucion: 43.0
17:35:58,973  INFO main:403 - Indice: 49
17:35:58,974  INFO main:404 - Generacion: 1
17:35:58,974  INFO main:405 - Rechazados: 44
17:35:58,975  INFO main:417 - Individuo Solucion: {20,234,2,108,137,35,27,201,19,198,17,105,26,93,72,167,81,42,0,18,136,231,245,217,193,69,1,207,71,237,147,40,76,244,49,178,213,80,115,15,122,70,61,160,86,39,155,82,103,187,104,4,174,227,181,47,154,107,66,138,142,239,211,96,67,62,112,205,246,33,133,175,168,23,121,247,84,151,41,95,128,75,77,83,236,14,22,179,12,210,134,64,126,248,119,165,29,92,123,6,5,87,25,143,223,68,78,129,232,106,74,52,184,43,7,131,117,173,226,48,60,54,110,195,235,102,249,146,157,222,111,21,91,216,114,37,144,149,172,90,169,45,28,176,240,189,36,63,116,159,186,220,209,218,65,162,188,141,215,225,132,11,192,99,85,24,79,200,94,140,113,190,170,238,202,183,242,101,224,44,153,139,118,194,219,212,57,163,58,230,97,3,38,180,127,98,130,243,8,164,152,148,9,109,182,32,185,34,73,59,171,46,55,221,100,158,199,228,125,31,177,150,197,53,16,206,120,56,50,214,51,233,10,88,161,124,241,145,229,208,135,166,191,203,196,13,204,30,156,89}

17:35:58,975  INFO main:418 - *****************************************************
17:36:01,668  INFO main:401 - ****************Corrida 23 ************************
17:36:01,668  INFO main:402 - Fitness solucion: 44.0
17:36:01,668  INFO main:403 - Indice: 49
17:36:01,669  INFO main:404 - Generacion: 1
17:36:01,669  INFO main:405 - Rechazados: 51
17:36:01,669  INFO main:417 - Individuo Solucion: {227,5,213,92,40,201,131,223,231,221,51,17,30,239,76,32,38,58,130,218,33,229,75,90,129,4,166,39,81,0,199,237,176,110,238,136,15,8,91,123,10,115,50,14,225,86,99,220,57,77,56,234,52,53,19,116,244,165,27,150,182,94,22,9,67,103,44,48,141,248,241,216,69,228,95,24,212,124,217,151,155,202,84,36,64,113,180,89,230,13,139,145,157,249,198,178,200,147,35,16,108,137,83,45,112,226,97,128,133,55,177,47,46,59,242,184,236,135,138,117,111,118,247,194,185,127,21,71,207,181,42,85,154,18,156,167,66,140,65,235,209,60,120,134,246,102,152,72,49,162,28,37,93,245,79,168,43,106,26,3,187,98,23,243,73,132,173,104,197,163,189,191,2,109,224,121,169,192,222,70,195,143,12,20,161,114,205,125,179,7,144,196,190,88,142,87,148,6,68,78,219,101,232,233,170,11,208,100,164,158,82,174,96,240,183,172,149,62,25,34,80,122,159,105,186,171,153,210,146,160,204,31,107,119,193,126,63,188,29,215,214,206,54,175,61,74,41,203,1,211}

17:36:01,670  INFO main:418 - *****************************************************
17:36:04,224  INFO main:401 - ****************Corrida 24 ************************
17:36:04,224  INFO main:402 - Fitness solucion: 44.0
17:36:04,224  INFO main:403 - Indice: 49
17:36:04,224  INFO main:404 - Generacion: 1
17:36:04,225  INFO main:405 - Rechazados: 48
17:36:04,225  INFO main:417 - Individuo Solucion: {210,243,145,70,3,28,16,35,242,53,249,214,223,4,66,231,76,182,97,32,220,34,238,18,217,109,209,108,181,192,73,12,96,84,114,89,137,232,101,60,62,9,212,200,54,91,224,112,80,168,36,21,7,5,68,213,235,6,78,162,111,45,136,237,176,133,188,50,174,215,165,40,86,191,56,147,65,85,171,240,124,110,87,41,121,75,43,179,154,19,104,82,142,98,55,141,31,37,88,245,106,155,153,131,156,116,27,107,44,26,180,17,206,119,236,64,149,61,39,47,94,51,225,0,71,23,146,169,248,229,189,30,230,1,207,234,143,63,160,69,177,95,49,157,113,13,148,33,58,15,127,199,46,175,102,239,186,140,77,120,74,132,11,103,24,196,100,92,193,173,167,93,247,197,190,170,20,158,219,42,205,81,184,57,38,246,126,125,201,185,8,25,151,178,166,208,117,161,105,128,221,198,159,2,90,72,150,135,204,138,241,22,123,29,172,144,152,222,195,202,203,59,139,130,218,227,233,187,79,183,244,99,228,194,115,211,67,134,10,52,216,129,122,164,163,226,14,48,118,83}

17:36:04,226  INFO main:418 - *****************************************************
17:36:06,595  INFO main:401 - ****************Corrida 25 ************************
17:36:06,595  INFO main:402 - Fitness solucion: 44.0
17:36:06,596  INFO main:403 - Indice: 48
17:36:06,596  INFO main:404 - Generacion: 1
17:36:06,596  INFO main:405 - Rechazados: 58
17:36:06,597  INFO main:417 - Individuo Solucion: {8,92,29,57,238,207,21,0,115,176,56,13,246,229,188,217,14,28,169,40,54,47,249,5,67,216,23,242,199,227,45,3,48,109,192,95,85,120,37,78,168,122,185,53,97,91,130,10,215,222,88,12,166,129,20,80,155,32,6,100,205,96,18,156,9,127,76,90,153,196,139,152,34,148,82,58,74,159,210,226,171,69,232,35,49,157,89,22,65,31,245,41,102,220,117,38,128,133,103,134,174,194,61,110,191,142,105,195,202,150,123,2,68,151,107,200,36,235,113,240,4,125,162,46,173,181,212,81,25,172,197,71,112,11,224,230,158,55,126,52,26,147,163,233,50,44,160,108,241,24,75,170,184,106,83,43,39,221,131,165,179,203,243,27,101,161,66,143,198,138,59,204,177,239,201,228,154,87,73,186,146,193,19,149,64,178,231,141,62,175,218,211,189,144,99,86,7,167,30,140,237,1,244,190,84,214,72,136,234,63,187,164,180,98,223,247,132,93,209,33,124,111,104,70,114,17,94,77,225,182,60,15,219,137,79,135,236,248,42,51,145,118,213,183,119,16,116,121,208,206}

17:36:06,597  INFO main:418 - *****************************************************
17:36:09,311  INFO main:401 - ****************Corrida 26 ************************
17:36:09,312  INFO main:402 - Fitness solucion: 44.0
17:36:09,312  INFO main:403 - Indice: 49
17:36:09,312  INFO main:404 - Generacion: 1
17:36:09,312  INFO main:405 - Rechazados: 45
17:36:09,313  INFO main:417 - Individuo Solucion: {160,142,101,7,34,17,244,126,188,20,144,233,40,123,184,49,143,36,234,185,43,10,173,4,159,224,247,155,64,191,48,114,51,82,80,186,35,85,97,187,93,33,72,53,145,26,73,220,31,76,63,156,8,131,95,246,28,52,124,238,3,69,180,242,147,148,84,239,128,113,77,110,13,209,179,81,249,218,139,12,68,75,146,37,1,24,248,204,208,66,99,25,217,115,92,151,197,6,175,189,57,245,230,91,30,112,223,122,58,152,55,137,119,202,190,9,241,15,214,0,118,86,120,225,11,56,181,32,89,193,177,2,183,16,201,70,107,215,65,116,54,59,243,87,221,132,71,153,231,22,79,129,46,141,211,41,121,109,102,127,229,78,172,194,200,62,227,5,106,21,158,219,45,104,108,168,157,216,164,39,149,38,47,23,150,167,240,98,111,138,14,195,192,134,237,130,176,42,100,117,136,169,182,18,60,196,198,135,203,162,133,61,166,236,210,199,105,161,178,90,74,19,44,50,27,174,205,125,171,29,94,88,228,213,206,140,212,226,154,232,67,163,235,96,103,83,170,222,207,165}

17:36:09,314  INFO main:418 - *****************************************************
17:36:11,972  INFO main:401 - ****************Corrida 27 ************************
17:36:11,972  INFO main:402 - Fitness solucion: 44.0
17:36:11,973  INFO main:403 - Indice: 49
17:36:11,973  INFO main:404 - Generacion: 0
17:36:11,973  INFO main:405 - Rechazados: 57
17:36:11,974  INFO main:417 - Individuo Solucion: {234,5,6,20,40,46,217,120,49,1,26,146,212,110,175,42,222,245,51,41,172,84,29,119,227,64,57,17,31,77,132,16,208,4,179,160,150,209,25,202,221,8,38,117,93,75,0,19,113,56,34,191,155,36,130,163,194,7,122,237,223,238,229,224,176,12,161,185,167,116,126,190,100,68,87,211,80,62,226,201,243,44,218,162,18,188,99,228,47,78,10,27,183,65,103,147,104,21,91,124,118,9,151,121,248,94,73,53,67,111,32,92,154,102,135,22,106,30,232,37,137,140,131,195,71,89,244,200,215,142,173,213,158,144,108,50,2,181,66,240,15,13,169,98,153,136,69,133,96,3,165,35,52,127,107,28,145,249,112,230,203,184,114,199,115,216,187,157,105,239,139,247,86,33,189,152,225,178,43,148,48,109,129,156,166,79,241,233,219,88,198,141,85,182,164,90,180,83,72,159,168,81,193,125,134,143,206,82,138,61,207,128,205,24,14,39,74,210,123,177,76,97,60,196,149,186,45,204,192,55,63,171,23,235,246,70,214,242,231,54,95,220,11,58,170,174,197,59,101,236}

17:36:11,974  INFO main:418 - *****************************************************
17:36:14,640  INFO main:401 - ****************Corrida 28 ************************
17:36:14,641  INFO main:402 - Fitness solucion: 44.0
17:36:14,641  INFO main:403 - Indice: 47
17:36:14,641  INFO main:404 - Generacion: 0
17:36:14,641  INFO main:405 - Rechazados: 52
17:36:14,642  INFO main:417 - Individuo Solucion: {142,214,159,7,203,135,17,80,193,227,246,33,32,93,100,248,21,147,207,164,35,27,16,11,81,31,151,0,210,26,53,77,10,47,117,191,112,70,78,39,234,185,177,49,20,125,30,198,66,73,52,179,99,102,48,57,74,244,29,108,215,124,75,181,64,161,201,172,14,212,34,171,116,45,91,120,38,4,8,188,111,13,204,84,197,43,89,71,140,19,85,60,216,18,126,123,59,72,128,113,200,109,189,50,56,88,118,236,150,163,139,68,211,143,186,114,79,129,131,69,141,36,166,28,1,133,233,24,44,170,132,63,180,83,160,95,103,224,104,243,165,174,178,195,96,23,101,86,249,184,168,110,239,194,156,122,202,6,229,40,162,134,187,42,157,144,182,247,199,127,54,208,55,97,176,12,175,138,213,152,22,15,217,119,76,2,115,106,67,158,3,219,183,121,190,61,94,130,98,46,228,226,37,222,136,25,51,240,5,232,90,192,237,65,205,145,220,242,235,58,107,146,173,167,230,206,209,153,154,87,155,41,148,245,149,223,241,231,221,225,62,218,137,82,105,9,238,196,169,92}

17:36:14,642  INFO main:418 - *****************************************************
17:36:17,404  INFO main:401 - ****************Corrida 29 ************************
17:36:17,405  INFO main:402 - Fitness solucion: 43.0
17:36:17,405  INFO main:403 - Indice: 49
17:36:17,405  INFO main:404 - Generacion: 8
17:36:17,406  INFO main:405 - Rechazados: 47
17:36:17,406  INFO main:417 - Individuo Solucion: {208,88,38,99,210,217,243,155,55,127,24,8,34,27,70,20,249,248,198,58,117,5,132,13,31,175,78,100,32,94,23,219,44,214,21,52,84,54,97,71,64,193,245,226,163,65,238,25,80,142,186,174,167,105,232,218,42,130,233,211,126,205,56,4,26,129,37,173,150,153,185,180,63,166,121,86,1,87,98,53,11,168,118,40,111,33,237,227,77,109,135,50,158,192,190,95,48,235,170,73,152,90,221,246,49,125,43,191,115,225,200,122,182,203,124,62,206,28,177,47,159,7,230,223,164,224,81,85,104,114,112,2,66,228,154,113,242,110,106,169,212,156,74,119,143,101,15,57,133,14,108,69,197,220,19,16,136,41,91,179,134,216,231,82,83,207,187,137,204,12,172,157,229,196,215,146,116,141,36,145,189,18,120,148,209,45,195,46,247,30,79,240,93,178,151,123,234,96,72,181,183,22,138,139,128,144,239,61,236,92,202,241,107,6,244,60,39,149,89,165,29,68,184,222,201,103,176,0,10,131,17,76,59,171,188,67,3,162,161,140,51,147,102,213,199,35,194,75,9,160}

17:36:17,407  INFO main:418 - *****************************************************
17:36:17,407  INFO main:420 - Tiempo AGP: 2542
17:36:17,408  INFO main:422 - Promedio Final: 43
17:36:17,408  INFO main:424 - Promedio Generaciones: 0
17:36:17,408  INFO main:427 - Promedio Rechazos: 47
17:36:17,409  INFO main:430 - Promedio Defragmentacion: 1.4262666666666663
17:36:17,409  INFO main:432 - *****************Resultados********************
17:36:17,409  INFO main:434 - result: 44.0
17:36:17,410  INFO main:434 - result: 44.0
17:36:17,410  INFO main:434 - result: 44.0
17:36:17,410  INFO main:434 - result: 44.0
17:36:17,411  INFO main:434 - result: 44.0
17:36:17,411  INFO main:434 - result: 44.0
17:36:17,411  INFO main:434 - result: 44.0
17:36:17,411  INFO main:434 - result: 44.0
17:36:17,412  INFO main:434 - result: 44.0
17:36:17,412  INFO main:434 - result: 44.0
17:36:17,412  INFO main:434 - result: 44.0
17:36:17,413  INFO main:434 - result: 44.0
17:36:17,413  INFO main:434 - result: 44.0
17:36:17,413  INFO main:434 - result: 44.0
17:36:17,414  INFO main:434 - result: 43.0
17:36:17,414  INFO main:434 - result: 44.0
17:36:17,414  INFO main:434 - result: 43.0
17:36:17,414  INFO main:434 - result: 44.0
17:36:17,415  INFO main:434 - result: 45.0
17:36:17,415  INFO main:434 - result: 44.0
17:36:17,416  INFO main:434 - result: 44.0
17:36:17,416  INFO main:434 - result: 43.0
17:36:17,416  INFO main:434 - result: 43.0
17:36:17,416  INFO main:434 - result: 44.0
17:36:17,417  INFO main:434 - result: 44.0
17:36:17,417  INFO main:434 - result: 44.0
17:36:17,417  INFO main:434 - result: 44.0
17:36:17,418  INFO main:434 - result: 44.0
17:36:17,418  INFO main:434 - result: 44.0
17:36:17,418  INFO main:434 - result: 43.0
17:36:17,419  INFO main:436 - *****************Generaciones********************
17:36:17,419  INFO main:438 - Generacion: 0
17:36:17,419  INFO main:438 - Generacion: 0
17:36:17,419  INFO main:438 - Generacion: 0
17:36:17,420  INFO main:438 - Generacion: 0
17:36:17,420  INFO main:438 - Generacion: 0
17:36:17,420  INFO main:438 - Generacion: 0
17:36:17,421  INFO main:438 - Generacion: 0
17:36:17,421  INFO main:438 - Generacion: 0
17:36:17,421  INFO main:438 - Generacion: 0
17:36:17,421  INFO main:438 - Generacion: 0
17:36:17,422  INFO main:438 - Generacion: 0
17:36:17,422  INFO main:438 - Generacion: 0
17:36:17,422  INFO main:438 - Generacion: 0
17:36:17,423  INFO main:438 - Generacion: 0
17:36:17,423  INFO main:438 - Generacion: 0
17:36:17,423  INFO main:438 - Generacion: 0
17:36:17,423  INFO main:438 - Generacion: 0
17:36:17,424  INFO main:438 - Generacion: 0
17:36:17,424  INFO main:438 - Generacion: 0
17:36:17,424  INFO main:438 - Generacion: 0
17:36:17,424  INFO main:438 - Generacion: 0
17:36:17,425  INFO main:438 - Generacion: 0
17:36:17,425  INFO main:438 - Generacion: 0
17:36:17,425  INFO main:438 - Generacion: 0
17:36:17,425  INFO main:438 - Generacion: 0
17:36:17,426  INFO main:438 - Generacion: 0
17:36:17,426  INFO main:438 - Generacion: 0
17:36:17,426  INFO main:438 - Generacion: 0
17:36:17,426  INFO main:438 - Generacion: 0
17:36:17,427  INFO main:438 - Generacion: 0
