19:20:04,477  INFO main:168 - Logueando
19:21:06,908  INFO main:361 - ****************Corrida 0 ************************
19:21:06,909  INFO main:362 - Fitness solucion: 24.0
19:21:06,910  INFO main:363 - Indice: 27
19:21:06,910  INFO main:364 - Generacion: 0
19:21:06,910  INFO main:374 - Individuo Solucion: {14,0,7,8,4,13,3,29,6,28,2,11,15,19,18,22,9,25,17,10,1,20,12,5,16,24,21,23,27,26}

19:21:06,910  INFO main:375 - *****************************************************
19:21:07,220  INFO main:361 - ****************Corrida 1 ************************
19:21:07,220  INFO main:362 - Fitness solucion: 24.0
19:21:07,220  INFO main:363 - Indice: 24
19:21:07,220  INFO main:364 - Generacion: 0
19:21:07,220  INFO main:374 - Individuo Solucion: {7,18,1,2,24,22,9,27,0,6,25,8,20,23,15,16,4,10,5,21,14,13,19,26,12,29,11,28,17,3}

19:21:07,221  INFO main:375 - *****************************************************
19:21:07,497  INFO main:361 - ****************Corrida 2 ************************
19:21:07,497  INFO main:362 - Fitness solucion: 24.0
19:21:07,497  INFO main:363 - Indice: 27
19:21:07,497  INFO main:364 - Generacion: 0
19:21:07,497  INFO main:374 - Individuo Solucion: {19,4,13,10,8,5,12,21,11,15,14,6,24,9,27,16,23,29,20,18,28,2,26,7,0,25,3,1,22,17}

19:21:07,497  INFO main:375 - *****************************************************
19:21:07,764  INFO main:361 - ****************Corrida 3 ************************
19:21:07,765  INFO main:362 - Fitness solucion: 24.0
19:21:07,765  INFO main:363 - Indice: 27
19:21:07,765  INFO main:364 - Generacion: 0
19:21:07,765  INFO main:374 - Individuo Solucion: {26,1,29,6,9,16,7,10,13,4,3,27,28,21,15,0,8,18,23,14,2,5,11,17,24,25,12,20,19,22}

19:21:07,765  INFO main:375 - *****************************************************
19:21:08,022  INFO main:361 - ****************Corrida 4 ************************
19:21:08,022  INFO main:362 - Fitness solucion: 24.0
19:21:08,022  INFO main:363 - Indice: 27
19:21:08,022  INFO main:364 - Generacion: 0
19:21:08,022  INFO main:374 - Individuo Solucion: {11,23,8,10,6,5,2,18,13,14,26,12,24,22,16,19,15,9,3,0,20,29,25,7,17,4,21,28,1,27}

19:21:08,023  INFO main:375 - *****************************************************
19:21:08,294  INFO main:361 - ****************Corrida 5 ************************
19:21:08,294  INFO main:362 - Fitness solucion: 24.0
19:21:08,294  INFO main:363 - Indice: 24
19:21:08,294  INFO main:364 - Generacion: 0
19:21:08,294  INFO main:374 - Individuo Solucion: {0,27,1,24,12,2,7,3,26,8,17,5,11,19,15,18,4,10,20,23,28,21,14,22,29,6,25,16,13,9}

19:21:08,295  INFO main:375 - *****************************************************
19:21:08,567  INFO main:361 - ****************Corrida 6 ************************
19:21:08,568  INFO main:362 - Fitness solucion: 24.0
19:21:08,568  INFO main:363 - Indice: 24
19:21:08,568  INFO main:364 - Generacion: 0
19:21:08,568  INFO main:374 - Individuo Solucion: {28,0,2,1,26,5,15,12,9,8,10,23,7,14,27,11,6,16,25,19,22,29,17,4,18,20,3,13,21,24}

19:21:08,568  INFO main:375 - *****************************************************
19:21:08,829  INFO main:361 - ****************Corrida 7 ************************
19:21:08,829  INFO main:362 - Fitness solucion: 24.0
19:21:08,829  INFO main:363 - Indice: 24
19:21:08,830  INFO main:364 - Generacion: 0
19:21:08,830  INFO main:374 - Individuo Solucion: {3,6,0,1,16,25,15,14,2,4,24,10,7,23,26,11,28,18,12,19,20,8,29,5,27,17,21,13,9,22}

19:21:08,830  INFO main:375 - *****************************************************
19:21:09,091  INFO main:361 - ****************Corrida 8 ************************
19:21:09,092  INFO main:362 - Fitness solucion: 21.0
19:21:09,092  INFO main:363 - Indice: 24
19:21:09,092  INFO main:364 - Generacion: 7
19:21:09,092  INFO main:374 - Individuo Solucion: {29,19,4,12,0,17,28,2,14,18,5,15,21,1,22,8,13,26,25,7,11,10,23,27,24,16,3,6,20,9}

19:21:09,092  INFO main:375 - *****************************************************
19:21:09,366  INFO main:361 - ****************Corrida 9 ************************
19:21:09,367  INFO main:362 - Fitness solucion: 24.0
19:21:09,367  INFO main:363 - Indice: 24
19:21:09,367  INFO main:364 - Generacion: 0
19:21:09,367  INFO main:374 - Individuo Solucion: {4,18,19,0,27,7,6,25,9,11,23,29,13,3,14,26,1,8,10,17,24,20,21,22,5,28,2,15,12,16}

19:21:09,367  INFO main:375 - *****************************************************
19:21:09,628  INFO main:361 - ****************Corrida 10 ************************
19:21:09,628  INFO main:362 - Fitness solucion: 24.0
19:21:09,628  INFO main:363 - Indice: 27
19:21:09,629  INFO main:364 - Generacion: 0
19:21:09,629  INFO main:374 - Individuo Solucion: {13,10,26,1,4,27,7,22,0,5,16,21,11,6,29,18,23,20,28,8,9,14,19,3,15,24,2,17,25,12}

19:21:09,629  INFO main:375 - *****************************************************
19:21:09,883  INFO main:361 - ****************Corrida 11 ************************
19:21:09,883  INFO main:362 - Fitness solucion: 24.0
19:21:09,883  INFO main:363 - Indice: 26
19:21:09,886  INFO main:364 - Generacion: 0
19:21:09,886  INFO main:374 - Individuo Solucion: {26,14,2,0,25,24,1,5,19,29,8,6,7,12,4,3,11,28,27,15,9,20,10,16,21,13,17,18,23,22}

19:21:09,886  INFO main:375 - *****************************************************
19:21:10,138  INFO main:361 - ****************Corrida 12 ************************
19:21:10,139  INFO main:362 - Fitness solucion: 24.0
19:21:10,139  INFO main:363 - Indice: 26
19:21:10,139  INFO main:364 - Generacion: 0
19:21:10,139  INFO main:374 - Individuo Solucion: {2,11,23,22,1,8,18,10,0,6,28,16,25,26,3,15,27,7,12,4,29,9,19,21,17,24,13,14,5,20}

19:21:10,140  INFO main:375 - *****************************************************
19:21:10,410  INFO main:361 - ****************Corrida 13 ************************
19:21:10,411  INFO main:362 - Fitness solucion: 24.0
19:21:10,411  INFO main:363 - Indice: 24
19:21:10,411  INFO main:364 - Generacion: 0
19:21:10,411  INFO main:374 - Individuo Solucion: {1,27,3,13,26,21,5,17,20,28,19,24,0,6,16,22,14,8,7,11,29,12,10,18,4,9,2,25,23,15}

19:21:10,411  INFO main:375 - *****************************************************
19:21:10,691  INFO main:361 - ****************Corrida 14 ************************
19:21:10,691  INFO main:362 - Fitness solucion: 24.0
19:21:10,691  INFO main:363 - Indice: 24
19:21:10,691  INFO main:364 - Generacion: 0
19:21:10,691  INFO main:374 - Individuo Solucion: {22,18,6,1,24,28,27,2,8,7,4,29,15,19,9,26,5,23,3,16,25,0,13,14,11,10,12,20,21,17}

19:21:10,692  INFO main:375 - *****************************************************
19:21:10,970  INFO main:361 - ****************Corrida 15 ************************
19:21:10,970  INFO main:362 - Fitness solucion: 24.0
19:21:10,970  INFO main:363 - Indice: 26
19:21:10,971  INFO main:364 - Generacion: 0
19:21:10,971  INFO main:374 - Individuo Solucion: {3,0,12,25,7,29,16,20,17,26,13,24,18,11,22,19,5,28,27,10,8,21,15,1,2,6,4,9,14,23}

19:21:10,971  INFO main:375 - *****************************************************
19:21:11,241  INFO main:361 - ****************Corrida 16 ************************
19:21:11,242  INFO main:362 - Fitness solucion: 24.0
19:21:11,242  INFO main:363 - Indice: 27
19:21:11,242  INFO main:364 - Generacion: 0
19:21:11,242  INFO main:374 - Individuo Solucion: {4,6,2,22,16,10,25,13,24,18,28,7,29,20,26,12,21,17,19,0,5,15,3,23,27,8,11,1,14,9}

19:21:11,242  INFO main:375 - *****************************************************
19:21:11,514  INFO main:361 - ****************Corrida 17 ************************
19:21:11,514  INFO main:362 - Fitness solucion: 24.0
19:21:11,514  INFO main:363 - Indice: 27
19:21:11,514  INFO main:364 - Generacion: 0
19:21:11,514  INFO main:374 - Individuo Solucion: {4,27,7,2,26,6,5,15,1,11,12,17,19,29,13,16,22,28,18,25,10,9,8,14,20,24,23,3,21,0}

19:21:11,514  INFO main:375 - *****************************************************
19:21:11,794  INFO main:361 - ****************Corrida 18 ************************
19:21:11,794  INFO main:362 - Fitness solucion: 24.0
19:21:11,794  INFO main:363 - Indice: 24
19:21:11,794  INFO main:364 - Generacion: 0
19:21:11,794  INFO main:374 - Individuo Solucion: {5,9,15,24,29,3,4,8,22,19,12,28,7,11,13,2,1,17,20,0,10,6,14,21,18,25,23,27,16,26}

19:21:11,795  INFO main:375 - *****************************************************
19:21:12,057  INFO main:361 - ****************Corrida 19 ************************
19:21:12,057  INFO main:362 - Fitness solucion: 24.0
19:21:12,058  INFO main:363 - Indice: 24
19:21:12,058  INFO main:364 - Generacion: 0
19:21:12,058  INFO main:374 - Individuo Solucion: {24,21,28,0,16,1,2,10,14,25,26,15,9,17,6,8,13,11,23,4,19,5,3,18,20,27,29,22,12,7}

19:21:12,058  INFO main:375 - *****************************************************
19:21:12,326  INFO main:361 - ****************Corrida 20 ************************
19:21:12,326  INFO main:362 - Fitness solucion: 24.0
19:21:12,326  INFO main:363 - Indice: 27
19:21:12,326  INFO main:364 - Generacion: 0
19:21:12,327  INFO main:374 - Individuo Solucion: {0,14,8,23,24,6,7,21,10,1,11,20,16,13,26,5,17,25,12,22,2,3,18,9,28,19,15,4,29,27}

19:21:12,327  INFO main:375 - *****************************************************
19:21:12,613  INFO main:361 - ****************Corrida 21 ************************
19:21:12,613  INFO main:362 - Fitness solucion: 24.0
19:21:12,613  INFO main:363 - Indice: 24
19:21:12,613  INFO main:364 - Generacion: 0
19:21:12,613  INFO main:374 - Individuo Solucion: {2,8,19,25,6,22,10,3,4,18,15,27,11,16,1,17,20,29,23,9,26,13,12,14,28,24,7,21,0,5}

19:21:12,614  INFO main:375 - *****************************************************
19:21:12,882  INFO main:361 - ****************Corrida 22 ************************
19:21:12,882  INFO main:362 - Fitness solucion: 24.0
19:21:12,882  INFO main:363 - Indice: 24
19:21:12,882  INFO main:364 - Generacion: 0
19:21:12,882  INFO main:374 - Individuo Solucion: {3,6,19,16,18,27,2,8,14,5,17,1,9,23,24,13,22,25,12,21,7,15,20,26,11,4,28,0,10,29}

19:21:12,882  INFO main:375 - *****************************************************
19:21:13,137  INFO main:361 - ****************Corrida 23 ************************
19:21:13,137  INFO main:362 - Fitness solucion: 24.0
19:21:13,138  INFO main:363 - Indice: 24
19:21:13,138  INFO main:364 - Generacion: 0
19:21:13,138  INFO main:374 - Individuo Solucion: {7,16,1,22,5,8,11,29,12,17,6,18,21,24,14,2,19,27,15,0,3,4,20,23,28,13,25,9,26,10}

19:21:13,138  INFO main:375 - *****************************************************
19:21:13,413  INFO main:361 - ****************Corrida 24 ************************
19:21:13,414  INFO main:362 - Fitness solucion: 24.0
19:21:13,414  INFO main:363 - Indice: 26
19:21:13,414  INFO main:364 - Generacion: 0
19:21:13,414  INFO main:374 - Individuo Solucion: {13,25,10,11,0,15,27,24,1,18,21,3,5,28,20,4,12,6,29,2,19,16,7,23,14,22,9,17,26,8}

19:21:13,414  INFO main:375 - *****************************************************
19:21:13,679  INFO main:361 - ****************Corrida 25 ************************
19:21:13,679  INFO main:362 - Fitness solucion: 24.0
19:21:13,680  INFO main:363 - Indice: 24
19:21:13,680  INFO main:364 - Generacion: 0
19:21:13,680  INFO main:374 - Individuo Solucion: {9,0,29,27,3,10,6,5,8,15,23,11,16,26,2,28,12,13,14,25,19,7,21,24,17,18,4,20,1,22}

19:21:13,680  INFO main:375 - *****************************************************
19:21:13,941  INFO main:361 - ****************Corrida 26 ************************
19:21:13,941  INFO main:362 - Fitness solucion: 24.0
19:21:13,941  INFO main:363 - Indice: 24
19:21:13,941  INFO main:364 - Generacion: 0
19:21:13,941  INFO main:374 - Individuo Solucion: {0,29,20,6,2,10,24,5,28,19,23,17,14,21,15,3,7,9,1,8,16,25,4,27,18,22,26,13,11,12}

19:21:13,941  INFO main:375 - *****************************************************
19:21:14,203  INFO main:361 - ****************Corrida 27 ************************
19:21:14,203  INFO main:362 - Fitness solucion: 24.0
19:21:14,203  INFO main:363 - Indice: 24
19:21:14,203  INFO main:364 - Generacion: 0
19:21:14,203  INFO main:374 - Individuo Solucion: {2,1,19,4,8,12,13,16,0,29,21,23,17,9,24,10,5,15,3,14,18,22,7,28,20,25,11,27,6,26}

19:21:14,204  INFO main:375 - *****************************************************
19:21:14,459  INFO main:361 - ****************Corrida 28 ************************
19:21:14,459  INFO main:362 - Fitness solucion: 24.0
19:21:14,459  INFO main:363 - Indice: 27
19:21:14,459  INFO main:364 - Generacion: 0
19:21:14,459  INFO main:374 - Individuo Solucion: {0,2,4,10,5,12,23,9,15,24,26,22,21,14,3,8,11,7,18,19,20,28,17,29,6,25,27,13,1,16}

19:21:14,459  INFO main:375 - *****************************************************
19:21:14,720  INFO main:361 - ****************Corrida 29 ************************
19:21:14,720  INFO main:362 - Fitness solucion: 24.0
19:21:14,720  INFO main:363 - Indice: 27
19:21:14,720  INFO main:364 - Generacion: 0
19:21:14,720  INFO main:374 - Individuo Solucion: {4,2,11,15,27,29,25,22,28,17,8,24,13,23,16,26,5,14,21,1,19,0,9,3,18,12,10,20,7,6}

19:21:14,721  INFO main:375 - *****************************************************
19:21:14,721  INFO main:377 - Tiempo AGP: 325
19:21:14,721  INFO main:378 - Promedio Final: 23
19:21:14,721  INFO main:379 - Promedio Generaciones: 0
19:21:14,721  INFO main:381 - *****************Resultados********************
19:21:14,721  INFO main:383 - result: 24.0
19:21:14,721  INFO main:383 - result: 24.0
19:21:14,721  INFO main:383 - result: 24.0
19:21:14,721  INFO main:383 - result: 24.0
19:21:14,721  INFO main:383 - result: 24.0
19:21:14,722  INFO main:383 - result: 24.0
19:21:14,722  INFO main:383 - result: 24.0
19:21:14,722  INFO main:383 - result: 24.0
19:21:14,722  INFO main:383 - result: 21.0
19:21:14,723  INFO main:383 - result: 24.0
19:21:14,723  INFO main:383 - result: 24.0
19:21:14,723  INFO main:383 - result: 24.0
19:21:14,724  INFO main:383 - result: 24.0
19:21:14,724  INFO main:383 - result: 24.0
19:21:14,724  INFO main:383 - result: 24.0
19:21:14,724  INFO main:383 - result: 24.0
19:21:14,724  INFO main:383 - result: 24.0
19:21:14,724  INFO main:383 - result: 24.0
19:21:14,724  INFO main:383 - result: 24.0
19:21:14,724  INFO main:383 - result: 24.0
19:21:14,725  INFO main:383 - result: 24.0
19:21:14,725  INFO main:383 - result: 24.0
19:21:14,725  INFO main:383 - result: 24.0
19:21:14,725  INFO main:383 - result: 24.0
19:21:14,725  INFO main:383 - result: 24.0
19:21:14,725  INFO main:383 - result: 24.0
19:21:14,725  INFO main:383 - result: 24.0
19:21:14,725  INFO main:383 - result: 24.0
19:21:14,725  INFO main:383 - result: 24.0
19:21:14,725  INFO main:383 - result: 24.0
19:21:14,725  INFO main:385 - *****************Generaciones********************
19:21:14,726  INFO main:387 - Generacion: 0
19:21:14,726  INFO main:387 - Generacion: 0
19:21:14,726  INFO main:387 - Generacion: 0
19:21:14,726  INFO main:387 - Generacion: 0
19:21:14,726  INFO main:387 - Generacion: 0
19:21:14,726  INFO main:387 - Generacion: 0
19:21:14,726  INFO main:387 - Generacion: 0
19:21:14,726  INFO main:387 - Generacion: 0
19:21:14,726  INFO main:387 - Generacion: 0
19:21:14,726  INFO main:387 - Generacion: 0
19:21:14,727  INFO main:387 - Generacion: 0
19:21:14,727  INFO main:387 - Generacion: 0
19:21:14,727  INFO main:387 - Generacion: 0
19:21:14,727  INFO main:387 - Generacion: 0
19:21:14,727  INFO main:387 - Generacion: 0
19:21:14,727  INFO main:387 - Generacion: 0
19:21:14,727  INFO main:387 - Generacion: 0
19:21:14,727  INFO main:387 - Generacion: 0
19:21:14,728  INFO main:387 - Generacion: 0
19:21:14,729  INFO main:387 - Generacion: 0
19:21:14,729  INFO main:387 - Generacion: 0
19:21:14,729  INFO main:387 - Generacion: 0
19:21:14,729  INFO main:387 - Generacion: 0
19:21:14,729  INFO main:387 - Generacion: 0
19:21:14,729  INFO main:387 - Generacion: 0
19:21:14,730  INFO main:387 - Generacion: 0
19:21:14,730  INFO main:387 - Generacion: 0
19:21:14,730  INFO main:387 - Generacion: 0
19:21:14,730  INFO main:387 - Generacion: 0
19:21:14,730  INFO main:387 - Generacion: 0
