17:34:14,245  INFO main:168 - Logueando
17:35:35,324  INFO main:300 - Tiempo PreCalculo: 81078
17:35:35,325  INFO main:387 - ****************AG PERMUTACION****************
17:35:37,389  INFO main:399 - ****************Corrida 0 ************************
17:35:37,389  INFO main:400 - Fitness solucion: 56.0
17:35:37,389  INFO main:401 - Indice: 67
17:35:37,389  INFO main:402 - Generacion: 0
17:35:37,389  INFO main:403 - Rechazados: 0
17:35:37,389  INFO main:413 - Individuo Solucion: {9,132,5,141,119,8,22,14,55,87,85,97,30,124,123,20,113,6,10,44,52,127,23,91,56,12,120,38,4,49,29,60,135,7,139,92,128,82,11,140,94,107,42,59,86,24,47,37,36,96,54,17,67,3,143,100,78,32,1,130,21,27,16,108,90,146,83,57,106,28,125,2,26,133,136,25,53,18,15,63,84,33,39,103,13,112,102,98,65,111,142,41,40,145,69,134,148,76,99,72,35,88,144,126,95,117,109,0,81,19,118,101,34,116,115,138,73,58,89,51,121,114,105,149,131,48,104,79,122,62,129,31,61,147,74,71,46,77,110,50,45,70,80,75,93,68,43,66,137,64}

17:35:37,390  INFO main:414 - *****************************************************
17:35:38,485  INFO main:399 - ****************Corrida 1 ************************
17:35:38,485  INFO main:400 - Fitness solucion: 56.0
17:35:38,486  INFO main:401 - Indice: 64
17:35:38,486  INFO main:402 - Generacion: 0
17:35:38,486  INFO main:403 - Rechazados: 0
17:35:38,486  INFO main:413 - Individuo Solucion: {107,2,95,54,7,105,5,140,59,144,120,1,143,19,99,0,21,74,18,24,9,115,22,15,56,66,62,39,111,17,124,31,36,32,27,68,16,48,26,37,119,13,34,41,70,8,108,145,146,29,84,135,71,35,79,88,131,122,40,6,80,121,46,142,83,133,23,113,69,136,109,42,43,57,103,92,137,86,12,4,73,90,10,20,76,87,149,64,104,141,65,125,93,89,44,50,25,82,61,132,14,130,38,96,60,147,118,75,129,58,52,45,139,85,106,128,112,148,127,30,78,55,47,94,100,126,97,67,51,53,81,63,77,116,49,101,3,98,114,91,11,123,72,138,102,28,33,134,110,117}

17:35:38,486  INFO main:414 - *****************************************************
17:35:39,511  INFO main:399 - ****************Corrida 2 ************************
17:35:39,511  INFO main:400 - Fitness solucion: 56.0
17:35:39,511  INFO main:401 - Indice: 72
17:35:39,511  INFO main:402 - Generacion: 0
17:35:39,512  INFO main:403 - Rechazados: 0
17:35:39,512  INFO main:413 - Individuo Solucion: {0,121,125,138,51,56,25,8,5,1,6,30,77,34,87,21,146,73,89,105,23,108,47,11,9,68,42,20,142,16,35,40,18,46,3,31,19,93,50,53,43,54,115,44,45,143,62,112,117,86,102,76,24,55,75,69,107,17,59,106,92,71,58,83,100,111,94,65,124,13,104,28,132,113,37,33,147,90,74,14,133,134,110,116,49,82,26,91,139,61,141,85,41,67,81,119,84,122,39,99,130,63,129,88,36,52,145,7,80,101,2,149,114,72,140,123,128,97,109,96,57,38,48,135,64,98,144,103,148,95,118,66,126,4,120,22,15,78,60,127,131,27,137,136,32,12,29,79,10,70}

17:35:39,512  INFO main:414 - *****************************************************
17:35:40,486  INFO main:399 - ****************Corrida 3 ************************
17:35:40,486  INFO main:400 - Fitness solucion: 56.0
17:35:40,486  INFO main:401 - Indice: 66
17:35:40,486  INFO main:402 - Generacion: 0
17:35:40,486  INFO main:403 - Rechazados: 0
17:35:40,486  INFO main:413 - Individuo Solucion: {136,120,139,138,14,134,16,116,122,20,13,132,83,32,50,95,29,36,12,61,119,15,98,9,133,60,121,58,33,84,80,124,4,45,5,82,125,2,59,0,111,7,40,131,117,63,137,54,108,41,34,71,28,47,94,70,76,64,79,93,24,62,90,55,145,142,77,123,106,105,92,53,26,149,146,52,73,65,44,127,118,21,126,87,88,27,75,114,6,107,112,100,128,38,3,10,51,17,30,46,143,74,19,109,89,85,103,148,68,43,18,31,35,8,39,129,97,91,1,22,67,72,66,135,25,130,96,37,48,23,115,42,147,86,56,113,49,81,104,110,140,102,101,69,57,11,141,99,78,144}

17:35:40,487  INFO main:414 - *****************************************************
17:35:41,459  INFO main:399 - ****************Corrida 4 ************************
17:35:41,459  INFO main:400 - Fitness solucion: 56.0
17:35:41,459  INFO main:401 - Indice: 59
17:35:41,460  INFO main:402 - Generacion: 0
17:35:41,460  INFO main:403 - Rechazados: 0
17:35:41,460  INFO main:413 - Individuo Solucion: {14,15,18,137,144,32,22,50,23,29,26,6,24,11,111,38,119,60,73,63,92,27,44,33,57,7,83,97,108,17,46,9,110,30,78,62,47,31,56,66,70,74,149,109,5,53,59,68,4,13,28,0,49,120,12,54,2,106,105,82,124,84,100,64,93,3,52,136,91,16,85,146,121,131,25,10,133,94,58,117,102,61,148,147,113,114,89,96,81,51,69,75,77,143,112,138,98,128,21,36,19,116,87,67,1,37,65,35,95,122,72,140,55,125,71,107,20,142,34,126,8,43,41,115,99,39,101,76,48,118,86,40,45,129,90,88,132,123,103,134,130,141,127,104,79,42,139,80,135,145}

17:35:41,460  INFO main:414 - *****************************************************
17:35:42,444  INFO main:399 - ****************Corrida 5 ************************
17:35:42,445  INFO main:400 - Fitness solucion: 56.0
17:35:42,445  INFO main:401 - Indice: 62
17:35:42,445  INFO main:402 - Generacion: 0
17:35:42,445  INFO main:403 - Rechazados: 0
17:35:42,445  INFO main:413 - Individuo Solucion: {7,0,128,123,21,29,63,147,61,27,39,138,72,3,38,13,142,33,90,69,28,14,121,51,36,66,115,146,131,133,59,35,55,120,58,129,92,132,98,73,60,149,2,25,134,62,10,114,15,71,47,24,40,137,5,97,65,82,117,16,139,6,111,8,127,50,86,70,78,52,18,49,22,143,57,45,68,11,20,77,79,53,30,42,108,48,81,89,9,37,23,54,84,122,4,113,130,46,26,102,106,75,31,96,100,56,87,88,101,12,145,105,135,64,19,103,104,141,83,118,85,95,124,1,109,44,112,41,94,107,80,119,136,43,116,76,144,99,74,140,126,34,93,17,91,67,148,125,32,110}

17:35:42,445  INFO main:414 - *****************************************************
17:35:43,492  INFO main:399 - ****************Corrida 6 ************************
17:35:43,492  INFO main:400 - Fitness solucion: 56.0
17:35:43,492  INFO main:401 - Indice: 62
17:35:43,493  INFO main:402 - Generacion: 0
17:35:43,493  INFO main:403 - Rechazados: 0
17:35:43,495  INFO main:413 - Individuo Solucion: {32,37,6,0,141,100,24,147,136,97,65,83,78,75,70,19,5,16,109,33,82,105,25,29,71,145,73,23,138,50,56,1,10,49,58,26,43,42,85,38,113,21,72,34,119,103,14,144,51,7,12,132,137,52,66,134,62,63,11,31,149,60,2,77,53,140,59,112,3,110,111,89,61,41,57,92,121,44,86,4,146,106,76,94,91,68,46,55,135,28,48,39,93,22,40,88,35,127,27,143,45,117,101,95,139,129,102,81,115,98,114,64,84,17,148,108,80,120,13,47,54,20,15,122,74,90,79,69,133,123,124,118,130,67,126,8,36,116,142,96,30,99,107,125,9,131,87,18,104,128}

17:35:43,495  INFO main:414 - *****************************************************
17:35:44,493  INFO main:399 - ****************Corrida 7 ************************
17:35:44,494  INFO main:400 - Fitness solucion: 56.0
17:35:44,494  INFO main:401 - Indice: 62
17:35:44,494  INFO main:402 - Generacion: 0
17:35:44,494  INFO main:403 - Rechazados: 0
17:35:44,494  INFO main:413 - Individuo Solucion: {125,28,117,100,103,2,7,146,10,26,35,123,84,46,44,112,23,113,22,30,48,21,13,147,95,74,49,107,45,56,14,3,141,69,8,130,73,57,19,124,116,50,51,54,18,33,143,77,149,66,115,81,61,52,31,1,29,128,92,106,131,91,40,39,32,129,72,145,63,133,88,82,85,144,38,134,94,64,118,42,104,16,102,5,148,140,75,43,138,89,96,99,17,98,60,24,11,62,76,12,6,25,105,114,34,20,120,86,126,79,70,108,78,15,119,139,109,68,110,83,136,71,121,65,132,67,47,111,90,97,41,53,27,87,137,93,4,122,58,80,37,55,9,135,142,0,59,36,127,101}

17:35:44,494  INFO main:414 - *****************************************************
17:35:45,481  INFO main:399 - ****************Corrida 8 ************************
17:35:45,481  INFO main:400 - Fitness solucion: 56.0
17:35:45,481  INFO main:401 - Indice: 63
17:35:45,481  INFO main:402 - Generacion: 0
17:35:45,481  INFO main:403 - Rechazados: 0
17:35:45,482  INFO main:413 - Individuo Solucion: {83,101,9,24,75,149,147,106,130,120,92,36,6,1,145,90,110,137,86,98,89,124,71,16,45,60,123,49,10,0,108,22,66,140,37,72,11,104,142,134,146,52,95,35,115,5,33,56,46,107,63,59,18,114,13,68,143,82,43,77,139,117,91,84,21,30,136,97,57,3,78,67,26,65,12,17,121,38,23,144,27,70,100,94,28,62,40,125,32,64,96,141,47,85,138,39,50,19,29,127,69,102,118,76,55,44,48,103,53,99,73,25,42,34,129,105,119,54,128,79,113,111,112,131,41,148,8,7,80,61,116,58,51,133,2,4,87,15,122,126,88,74,14,20,132,93,31,81,109,135}

17:35:45,482  INFO main:414 - *****************************************************
17:35:46,508  INFO main:399 - ****************Corrida 9 ************************
17:35:46,508  INFO main:400 - Fitness solucion: 56.0
17:35:46,509  INFO main:401 - Indice: 65
17:35:46,509  INFO main:402 - Generacion: 0
17:35:46,509  INFO main:403 - Rechazados: 0
17:35:46,509  INFO main:413 - Individuo Solucion: {73,74,67,40,88,97,93,128,14,15,135,7,28,80,19,3,37,139,131,47,4,95,9,143,50,41,124,34,33,120,107,10,46,59,29,44,98,1,129,147,137,130,61,51,23,60,2,132,85,101,12,64,48,52,63,26,140,94,141,55,89,17,53,49,109,87,100,21,70,71,112,35,136,38,91,11,36,106,31,125,145,99,148,24,108,133,122,123,68,56,83,118,104,45,78,32,111,54,20,6,13,43,30,77,8,96,102,69,75,22,114,113,27,116,16,72,110,121,105,42,119,86,90,127,25,79,62,115,138,18,117,82,84,57,65,39,142,149,103,81,134,126,92,76,144,5,58,66,0,146}

17:35:46,509  INFO main:414 - *****************************************************
17:35:47,510  INFO main:399 - ****************Corrida 10 ************************
17:35:47,511  INFO main:400 - Fitness solucion: 56.0
17:35:47,511  INFO main:401 - Indice: 64
17:35:47,511  INFO main:402 - Generacion: 0
17:35:47,511  INFO main:403 - Rechazados: 0
17:35:47,511  INFO main:413 - Individuo Solucion: {20,93,2,129,108,1,114,5,42,147,107,37,69,111,76,123,117,87,79,109,80,31,4,30,48,41,68,116,25,47,65,138,21,112,26,118,46,102,88,27,70,133,82,139,57,49,54,58,142,86,15,6,81,73,9,103,10,104,137,115,56,36,67,14,29,0,8,23,71,32,38,131,17,130,101,34,39,22,52,145,149,28,122,78,121,3,35,12,144,61,92,100,64,43,84,91,89,135,55,51,140,97,83,143,127,110,50,75,62,136,66,74,113,148,19,85,11,40,63,124,94,44,99,98,45,134,33,125,141,7,13,146,53,60,119,77,96,132,128,120,24,16,90,72,126,105,59,18,106,95}

17:35:47,511  INFO main:414 - *****************************************************
17:35:48,499  INFO main:399 - ****************Corrida 11 ************************
17:35:48,500  INFO main:400 - Fitness solucion: 56.0
17:35:48,500  INFO main:401 - Indice: 62
17:35:48,500  INFO main:402 - Generacion: 0
17:35:48,500  INFO main:403 - Rechazados: 0
17:35:48,500  INFO main:413 - Individuo Solucion: {133,4,62,122,108,112,120,8,127,45,85,125,134,118,28,110,115,23,11,21,42,140,12,113,35,15,137,25,54,41,95,53,16,31,89,141,20,92,114,81,56,18,46,2,100,44,143,68,147,9,57,60,30,83,136,40,73,38,96,91,26,0,77,90,84,24,64,58,145,102,37,34,88,103,76,94,129,149,10,65,107,70,104,124,52,36,75,51,6,146,99,3,43,132,138,80,116,79,111,101,142,126,19,29,144,78,109,59,135,39,66,13,32,72,14,119,86,5,74,106,17,98,82,7,47,69,22,1,123,33,139,87,105,117,128,27,121,67,97,148,63,50,71,55,131,49,61,130,48,93}

17:35:48,500  INFO main:414 - *****************************************************
17:35:49,508  INFO main:399 - ****************Corrida 12 ************************
17:35:49,508  INFO main:400 - Fitness solucion: 56.0
17:35:49,508  INFO main:401 - Indice: 67
17:35:49,508  INFO main:402 - Generacion: 0
17:35:49,508  INFO main:403 - Rechazados: 0
17:35:49,509  INFO main:413 - Individuo Solucion: {135,2,75,53,70,9,13,104,78,69,6,116,130,45,77,15,30,11,132,133,27,33,32,81,68,16,98,103,105,94,121,63,82,125,41,107,37,71,49,145,1,5,143,28,88,35,18,38,62,80,110,64,51,95,57,12,111,31,108,149,40,21,8,127,112,58,137,50,93,123,106,24,90,120,43,140,54,122,59,85,39,87,128,148,138,56,10,65,47,17,48,74,73,67,139,89,124,99,7,114,129,92,97,141,34,76,46,29,86,3,19,83,109,142,4,115,42,117,55,118,84,91,131,36,14,113,20,52,101,126,25,96,136,66,100,119,44,147,144,146,60,22,0,61,23,26,102,134,72,79}

17:35:49,509  INFO main:414 - *****************************************************
17:35:50,589  INFO main:399 - ****************Corrida 13 ************************
17:35:50,590  INFO main:400 - Fitness solucion: 56.0
17:35:50,590  INFO main:401 - Indice: 74
17:35:50,590  INFO main:402 - Generacion: 0
17:35:50,590  INFO main:403 - Rechazados: 0
17:35:50,591  INFO main:413 - Individuo Solucion: {2,13,112,68,21,60,129,91,17,90,24,108,18,34,31,26,14,36,22,137,0,30,54,52,41,105,66,125,56,74,123,63,44,81,48,19,114,55,46,85,80,37,134,141,73,45,100,47,16,135,120,78,65,28,67,121,111,143,27,88,146,8,136,94,103,76,38,59,142,23,69,95,71,6,84,116,77,4,97,7,35,64,104,106,93,118,9,144,147,131,42,40,62,15,75,3,139,110,140,57,92,53,87,83,138,50,39,148,130,86,70,128,145,72,79,58,122,102,5,133,101,82,107,61,149,1,115,49,10,113,98,126,119,12,43,89,132,117,33,11,124,99,51,20,32,127,29,25,96,109}

17:35:50,591  INFO main:414 - *****************************************************
17:35:51,576  INFO main:399 - ****************Corrida 14 ************************
17:35:51,576  INFO main:400 - Fitness solucion: 56.0
17:35:51,576  INFO main:401 - Indice: 61
17:35:51,577  INFO main:402 - Generacion: 0
17:35:51,577  INFO main:403 - Rechazados: 0
17:35:51,577  INFO main:413 - Individuo Solucion: {0,1,63,87,14,32,2,21,31,95,5,134,7,102,65,122,105,17,67,46,124,3,69,26,145,49,11,4,6,100,114,110,29,8,52,130,47,107,139,131,121,56,22,43,61,112,57,41,143,126,116,146,28,27,48,115,136,38,64,85,133,13,58,15,80,149,50,39,20,12,24,59,91,70,84,54,72,106,25,140,37,44,82,34,45,86,98,76,103,9,33,92,148,74,77,88,53,51,109,96,62,137,99,55,101,19,135,125,73,78,129,123,42,111,79,10,60,147,128,93,97,108,113,127,16,75,144,94,40,66,119,23,81,132,30,138,142,35,68,89,18,104,90,71,36,83,118,117,141,120}

17:35:51,577  INFO main:414 - *****************************************************
17:35:52,528  INFO main:399 - ****************Corrida 15 ************************
17:35:52,528  INFO main:400 - Fitness solucion: 56.0
17:35:52,528  INFO main:401 - Indice: 65
17:35:52,528  INFO main:402 - Generacion: 0
17:35:52,528  INFO main:403 - Rechazados: 0
17:35:52,529  INFO main:413 - Individuo Solucion: {112,12,88,57,92,76,6,28,15,71,91,134,34,74,135,23,80,32,124,43,19,140,41,51,118,101,52,78,9,53,121,31,44,0,70,108,4,26,35,99,37,139,55,67,38,60,49,86,147,111,87,131,2,130,119,69,83,106,5,82,141,142,149,95,133,20,54,21,75,127,107,120,17,137,1,136,117,66,125,3,81,64,10,93,146,77,13,36,105,103,126,62,8,94,58,33,90,128,24,40,122,109,59,85,96,104,11,116,89,115,14,72,46,68,7,39,65,102,25,145,45,73,47,100,18,143,123,50,129,42,97,84,22,138,61,63,110,16,114,30,56,132,98,144,48,113,148,27,79,29}

17:35:52,529  INFO main:414 - *****************************************************
17:35:53,456  INFO main:399 - ****************Corrida 16 ************************
17:35:53,456  INFO main:400 - Fitness solucion: 56.0
17:35:53,456  INFO main:401 - Indice: 66
17:35:53,456  INFO main:402 - Generacion: 0
17:35:53,457  INFO main:403 - Rechazados: 0
17:35:53,457  INFO main:413 - Individuo Solucion: {5,147,26,145,31,120,130,12,146,29,136,4,18,111,88,7,19,17,86,82,141,140,14,23,9,138,62,108,27,53,34,144,37,119,65,78,105,45,137,60,24,21,55,75,106,15,28,61,77,6,128,73,127,44,131,47,95,22,85,66,121,118,35,50,11,67,93,89,133,48,46,36,0,51,110,97,33,100,129,20,42,91,92,56,3,68,52,32,74,98,64,83,104,142,80,79,58,101,49,69,13,149,57,112,81,103,123,114,102,63,16,99,43,113,84,40,96,76,134,125,126,122,39,10,132,71,70,30,59,2,139,135,124,116,38,87,72,90,1,117,107,148,25,115,109,143,94,8,54,41}

17:35:53,457  INFO main:414 - *****************************************************
17:35:54,387  INFO main:399 - ****************Corrida 17 ************************
17:35:54,387  INFO main:400 - Fitness solucion: 56.0
17:35:54,387  INFO main:401 - Indice: 66
17:35:54,387  INFO main:402 - Generacion: 0
17:35:54,387  INFO main:403 - Rechazados: 0
17:35:54,387  INFO main:413 - Individuo Solucion: {15,25,26,37,133,4,62,131,21,112,43,30,98,11,137,44,139,42,3,8,54,45,53,22,97,129,127,36,120,28,134,102,113,88,135,59,35,60,40,124,13,121,68,19,6,56,48,14,39,64,89,94,130,58,12,99,145,5,119,148,20,74,65,101,96,125,82,144,49,87,57,73,75,66,84,142,52,85,31,80,1,33,34,9,143,126,141,103,78,51,46,123,0,104,7,136,55,117,10,81,41,110,132,23,118,149,93,18,17,111,24,32,115,71,47,100,91,140,16,109,38,83,76,138,27,67,63,146,77,128,107,108,122,105,90,92,61,106,86,95,79,29,114,116,50,70,2,72,147,69}

17:35:54,387  INFO main:414 - *****************************************************
17:35:55,317  INFO main:399 - ****************Corrida 18 ************************
17:35:55,317  INFO main:400 - Fitness solucion: 56.0
17:35:55,318  INFO main:401 - Indice: 65
17:35:55,318  INFO main:402 - Generacion: 0
17:35:55,318  INFO main:403 - Rechazados: 0
17:35:55,318  INFO main:413 - Individuo Solucion: {5,119,21,20,137,24,133,16,34,40,112,8,29,11,89,7,12,126,4,18,56,139,61,23,113,66,100,148,47,1,0,132,6,26,124,91,143,19,106,79,111,122,14,46,10,2,115,71,99,118,69,72,138,107,41,45,39,97,127,131,116,146,44,32,129,92,13,63,31,25,80,27,77,9,123,135,51,22,109,84,65,96,36,94,102,37,93,75,144,141,52,136,62,98,54,117,114,90,104,134,110,68,42,86,95,15,3,78,82,30,121,120,128,43,38,74,70,49,103,17,85,53,88,33,55,142,149,105,57,59,87,35,81,58,50,125,83,108,140,28,130,145,147,48,73,101,64,76,60,67}

17:35:55,318  INFO main:414 - *****************************************************
17:35:56,249  INFO main:399 - ****************Corrida 19 ************************
17:35:56,249  INFO main:400 - Fitness solucion: 56.0
17:35:56,249  INFO main:401 - Indice: 61
17:35:56,249  INFO main:402 - Generacion: 0
17:35:56,249  INFO main:403 - Rechazados: 0
17:35:56,249  INFO main:413 - Individuo Solucion: {125,59,50,66,147,149,0,19,131,142,113,1,3,11,100,16,103,25,71,108,109,67,104,28,13,96,116,58,145,88,30,136,74,37,69,12,23,32,14,9,21,6,121,60,51,133,57,134,22,82,106,38,129,20,56,48,137,141,24,75,144,120,77,139,91,46,123,130,112,10,72,87,119,7,73,36,127,47,76,81,55,110,86,44,63,122,78,143,2,107,102,65,54,34,43,62,135,83,15,35,117,17,80,70,52,18,27,42,68,101,33,5,140,61,79,111,118,39,41,4,124,26,105,49,94,85,8,31,45,40,29,93,64,95,132,89,148,115,146,53,128,126,92,97,99,84,90,114,138,98}

17:35:56,250  INFO main:414 - *****************************************************
17:35:57,201  INFO main:399 - ****************Corrida 20 ************************
17:35:57,201  INFO main:400 - Fitness solucion: 56.0
17:35:57,202  INFO main:401 - Indice: 68
17:35:57,202  INFO main:402 - Generacion: 0
17:35:57,202  INFO main:403 - Rechazados: 0
17:35:57,202  INFO main:413 - Individuo Solucion: {24,22,141,32,1,4,148,34,40,31,122,0,23,114,127,17,136,12,124,16,6,92,11,7,57,139,28,98,59,95,143,111,51,36,61,47,149,133,27,97,129,3,41,75,76,13,44,39,113,54,147,78,132,37,42,82,56,62,102,131,88,14,8,9,26,87,72,130,106,146,91,5,118,145,60,73,55,2,83,35,142,71,70,108,38,128,119,15,85,120,10,66,101,68,99,109,21,96,125,138,63,67,25,43,81,33,107,64,20,112,94,115,103,121,58,84,134,80,110,93,90,46,89,48,50,45,86,135,123,144,116,69,65,77,49,79,29,137,126,52,100,117,18,140,105,53,19,104,30,74}

17:35:57,202  INFO main:414 - *****************************************************
17:35:58,182  INFO main:399 - ****************Corrida 21 ************************
17:35:58,183  INFO main:400 - Fitness solucion: 56.0
17:35:58,183  INFO main:401 - Indice: 64
17:35:58,183  INFO main:402 - Generacion: 0
17:35:58,183  INFO main:403 - Rechazados: 0
17:35:58,184  INFO main:413 - Individuo Solucion: {29,8,141,21,5,31,0,40,1,140,25,12,83,131,122,53,16,116,69,6,4,98,89,125,39,9,51,2,58,72,136,32,33,20,56,76,68,55,67,50,42,108,65,43,34,26,132,99,134,121,109,149,41,105,143,79,38,130,59,80,107,18,102,54,46,60,90,62,144,45,81,11,87,103,73,17,114,104,10,13,84,74,19,124,61,94,23,148,96,113,92,93,86,44,49,82,133,77,52,138,14,112,100,139,146,24,64,85,15,71,106,127,110,115,7,75,129,145,35,22,27,30,119,48,97,147,95,117,70,47,66,3,126,111,63,135,78,37,28,142,123,137,118,57,120,128,91,88,101,36}

17:35:58,184  INFO main:414 - *****************************************************
17:35:59,175  INFO main:399 - ****************Corrida 22 ************************
17:35:59,175  INFO main:400 - Fitness solucion: 56.0
17:35:59,175  INFO main:401 - Indice: 64
17:35:59,175  INFO main:402 - Generacion: 0
17:35:59,175  INFO main:403 - Rechazados: 0
17:35:59,175  INFO main:413 - Individuo Solucion: {104,6,128,106,8,52,1,142,18,136,143,132,15,81,2,137,13,16,32,21,7,20,31,93,70,22,66,12,67,102,86,130,144,120,53,29,43,96,101,100,149,88,95,50,48,92,84,41,4,113,133,61,45,46,14,138,23,33,126,42,49,85,35,121,57,141,134,24,79,91,71,148,28,39,0,10,51,60,78,38,140,73,40,63,114,75,117,80,99,69,129,125,47,68,54,17,87,74,109,131,30,111,135,44,19,9,123,94,55,83,119,82,27,34,65,103,146,58,90,127,26,118,37,107,116,112,139,145,5,76,72,36,124,77,115,59,122,110,89,108,56,64,97,147,105,62,98,3,11,25}

17:35:59,175  INFO main:414 - *****************************************************
17:36:00,150  INFO main:399 - ****************Corrida 23 ************************
17:36:00,150  INFO main:400 - Fitness solucion: 56.0
17:36:00,150  INFO main:401 - Indice: 66
17:36:00,151  INFO main:402 - Generacion: 0
17:36:00,151  INFO main:403 - Rechazados: 0
17:36:00,151  INFO main:413 - Individuo Solucion: {90,2,0,106,143,138,144,30,148,69,112,27,24,122,82,31,94,129,42,25,113,38,19,15,28,11,39,73,124,62,74,130,133,146,58,103,65,149,17,55,1,68,128,140,66,135,131,115,5,72,95,53,35,141,57,116,97,20,88,13,80,56,33,46,45,84,34,67,78,3,93,54,22,119,108,36,104,92,37,59,86,100,109,127,85,63,16,76,126,14,32,91,96,147,64,60,101,77,75,18,102,123,29,7,26,79,107,98,8,47,87,23,50,142,114,40,21,120,121,12,61,10,83,6,41,70,136,81,43,4,105,49,118,52,44,71,99,9,89,134,132,48,117,139,137,125,51,110,145,111}

17:36:00,151  INFO main:414 - *****************************************************
17:36:01,161  INFO main:399 - ****************Corrida 24 ************************
17:36:01,161  INFO main:400 - Fitness solucion: 56.0
17:36:01,161  INFO main:401 - Indice: 67
17:36:01,161  INFO main:402 - Generacion: 0
17:36:01,162  INFO main:403 - Rechazados: 0
17:36:01,162  INFO main:413 - Individuo Solucion: {17,59,145,49,21,4,2,5,54,73,147,144,65,146,35,101,77,86,98,132,149,38,6,112,115,66,138,148,1,134,133,41,26,111,14,16,23,92,55,52,74,3,70,39,12,37,118,135,116,72,43,46,18,143,19,15,64,119,109,58,106,24,8,0,50,142,29,32,30,9,83,22,61,100,91,68,122,131,124,110,117,53,97,89,129,40,20,128,31,107,71,44,34,85,33,57,94,69,108,62,81,27,11,78,113,10,130,87,121,67,120,60,51,56,105,42,90,80,93,47,48,127,82,25,7,103,126,99,137,28,95,45,88,75,102,141,13,123,139,79,76,114,125,84,36,96,140,104,63,136}

17:36:01,162  INFO main:414 - *****************************************************
17:36:02,085  INFO main:399 - ****************Corrida 25 ************************
17:36:02,086  INFO main:400 - Fitness solucion: 56.0
17:36:02,086  INFO main:401 - Indice: 70
17:36:02,086  INFO main:402 - Generacion: 0
17:36:02,086  INFO main:403 - Rechazados: 0
17:36:02,086  INFO main:413 - Individuo Solucion: {132,0,8,63,26,27,55,131,124,91,21,17,139,74,24,1,144,25,33,149,119,20,51,30,60,10,103,22,120,28,135,16,42,29,3,12,53,39,7,34,50,145,67,6,48,142,110,58,138,73,41,23,111,69,134,43,112,14,80,46,105,57,143,81,117,2,126,147,116,56,94,18,62,90,104,32,11,113,127,31,93,140,9,109,102,13,4,44,36,47,137,118,108,114,89,99,83,71,5,123,82,66,95,72,85,79,96,35,37,84,52,61,136,92,77,106,130,122,40,86,78,148,129,59,45,15,65,19,97,146,64,49,100,133,115,121,76,75,128,88,101,125,68,98,141,87,107,38,54,70}

17:36:02,086  INFO main:414 - *****************************************************
17:36:03,014  INFO main:399 - ****************Corrida 26 ************************
17:36:03,014  INFO main:400 - Fitness solucion: 56.0
17:36:03,014  INFO main:401 - Indice: 67
17:36:03,014  INFO main:402 - Generacion: 0
17:36:03,014  INFO main:403 - Rechazados: 0
17:36:03,014  INFO main:413 - Individuo Solucion: {19,20,6,2,121,133,3,118,147,138,83,16,73,148,18,27,15,134,43,32,105,82,81,65,8,71,11,41,31,12,35,67,45,13,125,108,1,96,63,66,113,74,92,130,101,115,28,137,4,58,53,110,68,33,60,37,80,70,116,72,123,109,112,128,40,24,56,34,76,119,139,136,77,54,0,129,93,14,47,95,135,42,122,25,52,51,90,107,104,55,99,86,30,17,5,57,44,88,97,26,49,38,106,23,10,100,124,149,140,61,143,78,79,103,50,9,91,29,94,62,87,98,126,64,127,85,46,59,141,142,69,36,117,114,21,7,22,131,111,146,75,102,84,89,132,145,120,39,144,48}

17:36:03,014  INFO main:414 - *****************************************************
17:36:03,942  INFO main:399 - ****************Corrida 27 ************************
17:36:03,942  INFO main:400 - Fitness solucion: 56.0
17:36:03,942  INFO main:401 - Indice: 62
17:36:03,942  INFO main:402 - Generacion: 0
17:36:03,943  INFO main:403 - Rechazados: 0
17:36:03,943  INFO main:413 - Individuo Solucion: {7,29,36,31,87,33,85,99,40,41,18,133,141,14,54,19,135,134,143,96,30,50,27,17,3,47,101,43,0,65,10,72,51,6,146,38,12,45,23,13,75,113,35,119,24,56,49,84,57,46,2,71,61,105,42,25,94,74,81,55,80,66,109,115,82,123,131,98,142,79,53,140,93,21,145,107,9,97,70,92,149,90,112,28,91,110,95,138,15,89,147,139,22,68,4,100,52,121,126,34,118,111,129,106,8,136,62,67,64,63,69,32,144,76,122,120,11,102,130,60,58,128,20,148,78,127,1,104,114,39,116,77,103,44,26,132,59,124,5,83,16,125,48,117,86,73,88,108,37,137}

17:36:03,943  INFO main:414 - *****************************************************
17:36:04,864  INFO main:399 - ****************Corrida 28 ************************
17:36:04,864  INFO main:400 - Fitness solucion: 56.0
17:36:04,864  INFO main:401 - Indice: 66
17:36:04,864  INFO main:402 - Generacion: 0
17:36:04,864  INFO main:403 - Rechazados: 0
17:36:04,865  INFO main:413 - Individuo Solucion: {112,78,4,36,146,1,83,35,25,57,133,76,110,34,74,85,113,21,98,5,141,139,11,101,136,46,123,17,22,9,6,93,55,27,130,45,2,148,143,145,20,58,24,30,77,62,33,73,41,75,144,96,63,44,99,118,90,53,28,140,43,84,97,0,19,91,3,79,66,135,116,50,7,127,105,40,131,8,71,26,10,125,60,37,56,88,81,54,87,52,65,108,51,59,13,95,134,128,70,42,149,138,111,147,117,48,47,124,64,142,126,129,39,104,80,32,82,115,103,67,15,102,38,120,49,18,14,121,122,23,100,92,106,72,132,114,31,86,119,94,12,68,61,137,29,107,109,69,16,89}

17:36:04,865  INFO main:414 - *****************************************************
17:36:05,793  INFO main:399 - ****************Corrida 29 ************************
17:36:05,794  INFO main:400 - Fitness solucion: 56.0
17:36:05,794  INFO main:401 - Indice: 68
17:36:05,794  INFO main:402 - Generacion: 0
17:36:05,794  INFO main:403 - Rechazados: 0
17:36:05,794  INFO main:413 - Individuo Solucion: {110,10,17,77,67,139,9,33,124,29,30,18,73,131,4,15,113,48,126,96,46,6,63,142,107,41,104,60,34,72,27,66,26,111,38,32,78,23,12,59,37,2,0,22,7,52,117,68,95,3,123,44,21,13,83,141,147,43,5,71,47,49,53,105,81,11,39,28,75,93,55,129,145,120,99,146,127,35,88,103,64,54,76,114,118,51,102,112,70,91,136,130,24,25,92,94,132,58,65,90,122,85,89,119,42,16,50,62,84,101,69,61,115,80,106,87,133,74,128,97,40,45,86,108,109,98,19,138,121,56,8,143,149,148,116,31,140,79,135,82,125,100,20,57,134,137,144,14,36,1}

17:36:05,794  INFO main:414 - *****************************************************
17:36:05,794  INFO main:416 - Tiempo AGP: 1014
17:36:05,794  INFO main:418 - Promedio Final: 56
17:36:05,794  INFO main:420 - Promedio Generaciones: 0
17:36:05,794  INFO main:422 - *****************Resultados********************
17:36:05,794  INFO main:424 - result: 56.0
17:36:05,795  INFO main:424 - result: 56.0
17:36:05,795  INFO main:424 - result: 56.0
17:36:05,795  INFO main:424 - result: 56.0
17:36:05,795  INFO main:424 - result: 56.0
17:36:05,795  INFO main:424 - result: 56.0
17:36:05,795  INFO main:424 - result: 56.0
17:36:05,795  INFO main:424 - result: 56.0
17:36:05,795  INFO main:424 - result: 56.0
17:36:05,795  INFO main:424 - result: 56.0
17:36:05,795  INFO main:424 - result: 56.0
17:36:05,795  INFO main:424 - result: 56.0
17:36:05,795  INFO main:424 - result: 56.0
17:36:05,795  INFO main:424 - result: 56.0
17:36:05,796  INFO main:424 - result: 56.0
17:36:05,796  INFO main:424 - result: 56.0
17:36:05,796  INFO main:424 - result: 56.0
17:36:05,796  INFO main:424 - result: 56.0
17:36:05,796  INFO main:424 - result: 56.0
17:36:05,796  INFO main:424 - result: 56.0
17:36:05,796  INFO main:424 - result: 56.0
17:36:05,796  INFO main:424 - result: 56.0
17:36:05,796  INFO main:424 - result: 56.0
17:36:05,796  INFO main:424 - result: 56.0
17:36:05,796  INFO main:424 - result: 56.0
17:36:05,796  INFO main:424 - result: 56.0
17:36:05,796  INFO main:424 - result: 56.0
17:36:05,796  INFO main:424 - result: 56.0
17:36:05,797  INFO main:424 - result: 56.0
17:36:05,797  INFO main:424 - result: 56.0
17:36:05,797  INFO main:426 - *****************Generaciones********************
17:36:05,797  INFO main:428 - Generacion: 0
17:36:05,797  INFO main:428 - Generacion: 0
17:36:05,797  INFO main:428 - Generacion: 0
17:36:05,797  INFO main:428 - Generacion: 0
17:36:05,797  INFO main:428 - Generacion: 0
17:36:05,797  INFO main:428 - Generacion: 0
17:36:05,797  INFO main:428 - Generacion: 0
17:36:05,797  INFO main:428 - Generacion: 0
17:36:05,797  INFO main:428 - Generacion: 0
17:36:05,798  INFO main:428 - Generacion: 0
17:36:05,798  INFO main:428 - Generacion: 0
17:36:05,798  INFO main:428 - Generacion: 0
17:36:05,798  INFO main:428 - Generacion: 0
17:36:05,798  INFO main:428 - Generacion: 0
17:36:05,798  INFO main:428 - Generacion: 0
17:36:05,798  INFO main:428 - Generacion: 0
17:36:05,798  INFO main:428 - Generacion: 0
17:36:05,798  INFO main:428 - Generacion: 0
17:36:05,798  INFO main:428 - Generacion: 0
17:36:05,798  INFO main:428 - Generacion: 0
17:36:05,798  INFO main:428 - Generacion: 0
17:36:05,798  INFO main:428 - Generacion: 0
17:36:05,798  INFO main:428 - Generacion: 0
17:36:05,798  INFO main:428 - Generacion: 0
17:36:05,799  INFO main:428 - Generacion: 0
17:36:05,799  INFO main:428 - Generacion: 0
17:36:05,799  INFO main:428 - Generacion: 0
17:36:05,799  INFO main:428 - Generacion: 0
17:36:05,799  INFO main:428 - Generacion: 0
17:36:05,799  INFO main:428 - Generacion: 0
