17:19:55,659  INFO main:168 - Logueando
17:21:07,584  INFO main:300 - Tiempo PreCalculo: 71924
17:21:07,585  INFO main:387 - ****************AG PERMUTACION****************
17:21:08,591  INFO main:399 - ****************Corrida 0 ************************
17:21:08,591  INFO main:400 - Fitness solucion: 56.0
17:21:08,591  INFO main:401 - Indice: 56
17:21:08,591  INFO main:402 - Generacion: 0
17:21:08,592  INFO main:403 - Rechazados: 0
17:21:08,592  INFO main:413 - Individuo Solucion: {36,26,48,25,10,3,8,13,46,39,17,1,18,23,7,9,4,24,42,20,27,28,19,16,49,21,6,29,38,44,0,40,5,12,31,35,37,32,41,43,30,15,22,33,14,11,47,34,45,2}

17:21:08,592  INFO main:414 - *****************************************************
17:21:08,900  INFO main:399 - ****************Corrida 1 ************************
17:21:08,900  INFO main:400 - Fitness solucion: 56.0
17:21:08,900  INFO main:401 - Indice: 56
17:21:08,900  INFO main:402 - Generacion: 0
17:21:08,900  INFO main:403 - Rechazados: 0
17:21:08,900  INFO main:413 - Individuo Solucion: {25,28,49,14,13,6,1,45,17,21,31,24,16,48,29,4,18,10,46,39,37,47,15,35,19,38,3,33,8,22,26,2,5,34,42,23,0,40,44,32,20,43,27,11,36,41,12,9,7,30}

17:21:08,901  INFO main:414 - *****************************************************
17:21:09,213  INFO main:399 - ****************Corrida 2 ************************
17:21:09,213  INFO main:400 - Fitness solucion: 56.0
17:21:09,213  INFO main:401 - Indice: 56
17:21:09,213  INFO main:402 - Generacion: 0
17:21:09,213  INFO main:403 - Rechazados: 0
17:21:09,214  INFO main:413 - Individuo Solucion: {0,4,17,38,31,46,33,39,9,14,36,15,11,6,12,20,47,25,34,3,43,48,21,19,24,30,22,10,13,18,27,23,5,45,2,29,35,42,28,32,8,26,7,37,1,44,41,40,16,49}

17:21:09,214  INFO main:414 - *****************************************************
17:21:09,505  INFO main:399 - ****************Corrida 3 ************************
17:21:09,505  INFO main:400 - Fitness solucion: 56.0
17:21:09,505  INFO main:401 - Indice: 56
17:21:09,505  INFO main:402 - Generacion: 0
17:21:09,505  INFO main:403 - Rechazados: 0
17:21:09,505  INFO main:413 - Individuo Solucion: {5,8,4,9,37,1,10,20,12,34,0,24,27,15,45,11,23,39,40,33,25,19,42,17,29,13,48,26,31,30,16,41,6,21,2,28,22,3,43,35,44,36,7,46,18,32,47,14,49,38}

17:21:09,506  INFO main:414 - *****************************************************
17:21:09,789  INFO main:399 - ****************Corrida 4 ************************
17:21:09,790  INFO main:400 - Fitness solucion: 56.0
17:21:09,790  INFO main:401 - Indice: 56
17:21:09,790  INFO main:402 - Generacion: 0
17:21:09,790  INFO main:403 - Rechazados: 0
17:21:09,790  INFO main:413 - Individuo Solucion: {28,6,24,43,2,4,9,0,3,11,48,13,36,14,47,37,15,17,34,42,46,12,20,35,7,44,16,1,29,25,41,10,21,31,18,26,45,49,22,30,33,23,5,19,40,27,38,8,32,39}

17:21:09,790  INFO main:414 - *****************************************************
17:21:10,076  INFO main:399 - ****************Corrida 5 ************************
17:21:10,076  INFO main:400 - Fitness solucion: 56.0
17:21:10,076  INFO main:401 - Indice: 56
17:21:10,076  INFO main:402 - Generacion: 0
17:21:10,076  INFO main:403 - Rechazados: 0
17:21:10,076  INFO main:413 - Individuo Solucion: {5,46,43,1,7,49,16,32,2,24,21,41,10,0,45,3,19,6,37,34,29,25,18,36,22,23,9,44,17,11,27,20,14,26,31,15,30,38,40,39,35,13,42,8,4,33,12,28,47,48}

17:21:10,076  INFO main:414 - *****************************************************
17:21:10,360  INFO main:399 - ****************Corrida 6 ************************
17:21:10,360  INFO main:400 - Fitness solucion: 56.0
17:21:10,360  INFO main:401 - Indice: 57
17:21:10,360  INFO main:402 - Generacion: 0
17:21:10,363  INFO main:403 - Rechazados: 0
17:21:10,363  INFO main:413 - Individuo Solucion: {5,14,7,9,41,11,0,13,45,43,31,16,8,34,15,25,28,27,12,49,19,1,6,3,48,46,29,42,30,2,47,33,20,35,24,44,4,37,36,26,40,22,32,18,21,38,23,10,39,17}

17:21:10,363  INFO main:414 - *****************************************************
17:21:10,646  INFO main:399 - ****************Corrida 7 ************************
17:21:10,646  INFO main:400 - Fitness solucion: 56.0
17:21:10,646  INFO main:401 - Indice: 56
17:21:10,646  INFO main:402 - Generacion: 0
17:21:10,647  INFO main:403 - Rechazados: 0
17:21:10,647  INFO main:413 - Individuo Solucion: {13,8,33,3,40,10,37,7,46,6,18,0,45,14,19,16,29,44,20,30,4,38,42,31,47,39,27,28,2,12,1,49,24,41,34,26,17,43,23,25,15,21,9,5,32,22,48,11,36,35}

17:21:10,647  INFO main:414 - *****************************************************
17:21:10,929  INFO main:399 - ****************Corrida 8 ************************
17:21:10,929  INFO main:400 - Fitness solucion: 56.0
17:21:10,929  INFO main:401 - Indice: 58
17:21:10,929  INFO main:402 - Generacion: 0
17:21:10,929  INFO main:403 - Rechazados: 0
17:21:10,929  INFO main:413 - Individuo Solucion: {19,7,37,16,40,5,13,34,46,35,11,43,0,9,3,39,6,22,32,25,28,47,27,12,26,49,31,24,4,41,30,8,17,10,38,23,36,48,1,18,21,33,29,14,42,45,2,44,15,20}

17:21:10,929  INFO main:414 - *****************************************************
17:21:11,217  INFO main:399 - ****************Corrida 9 ************************
17:21:11,217  INFO main:400 - Fitness solucion: 56.0
17:21:11,217  INFO main:401 - Indice: 56
17:21:11,218  INFO main:402 - Generacion: 0
17:21:11,218  INFO main:403 - Rechazados: 0
17:21:11,218  INFO main:413 - Individuo Solucion: {30,37,1,36,46,2,8,13,41,15,39,5,20,14,23,47,6,35,28,27,24,4,31,32,16,22,42,7,44,11,9,21,45,10,43,26,49,12,29,0,19,48,17,25,40,33,18,38,34,3}

17:21:11,218  INFO main:414 - *****************************************************
17:21:11,501  INFO main:399 - ****************Corrida 10 ************************
17:21:11,501  INFO main:400 - Fitness solucion: 56.0
17:21:11,501  INFO main:401 - Indice: 56
17:21:11,501  INFO main:402 - Generacion: 0
17:21:11,502  INFO main:403 - Rechazados: 0
17:21:11,502  INFO main:413 - Individuo Solucion: {0,6,13,34,4,2,36,8,9,48,11,16,47,44,25,35,28,27,15,21,3,32,7,29,49,18,37,20,5,17,46,12,26,39,30,10,19,38,14,33,22,31,41,43,40,24,42,23,45,1}

17:21:11,502  INFO main:414 - *****************************************************
17:21:11,785  INFO main:399 - ****************Corrida 11 ************************
17:21:11,785  INFO main:400 - Fitness solucion: 56.0
17:21:11,785  INFO main:401 - Indice: 56
17:21:11,785  INFO main:402 - Generacion: 0
17:21:11,786  INFO main:403 - Rechazados: 0
17:21:11,786  INFO main:413 - Individuo Solucion: {44,42,1,7,43,15,39,41,16,4,0,31,21,11,17,5,18,33,6,24,34,40,32,13,49,14,46,48,35,2,22,27,23,36,19,26,47,10,8,45,3,28,9,12,29,20,25,30,38,37}

17:21:11,786  INFO main:414 - *****************************************************
17:21:12,071  INFO main:399 - ****************Corrida 12 ************************
17:21:12,071  INFO main:400 - Fitness solucion: 56.0
17:21:12,071  INFO main:401 - Indice: 56
17:21:12,071  INFO main:402 - Generacion: 0
17:21:12,072  INFO main:403 - Rechazados: 0
17:21:12,072  INFO main:413 - Individuo Solucion: {40,33,27,35,16,4,26,7,31,5,41,32,13,43,36,2,3,18,25,19,29,23,9,20,38,12,46,24,42,15,8,17,49,11,28,0,22,14,47,34,1,21,48,6,45,39,44,37,30,10}

17:21:12,072  INFO main:414 - *****************************************************
17:21:12,354  INFO main:399 - ****************Corrida 13 ************************
17:21:12,354  INFO main:400 - Fitness solucion: 56.0
17:21:12,354  INFO main:401 - Indice: 56
17:21:12,354  INFO main:402 - Generacion: 0
17:21:12,355  INFO main:403 - Rechazados: 0
17:21:12,355  INFO main:413 - Individuo Solucion: {15,48,43,2,7,1,25,9,0,26,10,35,34,33,19,5,37,11,18,49,46,41,3,27,30,42,44,21,13,20,29,36,45,24,39,47,38,28,32,23,14,40,22,6,17,8,12,31,16,4}

17:21:12,355  INFO main:414 - *****************************************************
17:21:12,637  INFO main:399 - ****************Corrida 14 ************************
17:21:12,638  INFO main:400 - Fitness solucion: 56.0
17:21:12,638  INFO main:401 - Indice: 56
17:21:12,638  INFO main:402 - Generacion: 0
17:21:12,638  INFO main:403 - Rechazados: 0
17:21:12,638  INFO main:413 - Individuo Solucion: {12,15,46,10,5,33,8,29,23,17,7,22,9,35,16,14,0,6,34,27,24,31,20,38,26,43,28,30,44,2,40,32,47,39,4,13,49,37,25,36,41,18,21,45,11,42,19,48,1,3}

17:21:12,638  INFO main:414 - *****************************************************
17:21:12,921  INFO main:399 - ****************Corrida 15 ************************
17:21:12,921  INFO main:400 - Fitness solucion: 56.0
17:21:12,921  INFO main:401 - Indice: 56
17:21:12,921  INFO main:402 - Generacion: 0
17:21:12,921  INFO main:403 - Rechazados: 0
17:21:12,921  INFO main:413 - Individuo Solucion: {30,4,5,45,46,17,36,35,2,12,7,43,16,9,13,25,0,11,47,29,8,19,10,21,39,40,24,38,6,15,14,48,23,42,31,27,18,3,32,37,33,34,44,49,20,41,26,22,28,1}

17:21:12,921  INFO main:414 - *****************************************************
17:21:13,206  INFO main:399 - ****************Corrida 16 ************************
17:21:13,207  INFO main:400 - Fitness solucion: 56.0
17:21:13,207  INFO main:401 - Indice: 56
17:21:13,207  INFO main:402 - Generacion: 0
17:21:13,207  INFO main:403 - Rechazados: 0
17:21:13,207  INFO main:413 - Individuo Solucion: {3,14,8,7,12,0,4,39,1,16,47,20,32,19,46,11,6,42,15,24,45,28,13,23,31,9,26,34,5,33,49,22,17,48,21,10,18,30,38,37,29,2,36,40,25,43,27,44,35,41}

17:21:13,207  INFO main:414 - *****************************************************
17:21:13,489  INFO main:399 - ****************Corrida 17 ************************
17:21:13,490  INFO main:400 - Fitness solucion: 56.0
17:21:13,490  INFO main:401 - Indice: 56
17:21:13,490  INFO main:402 - Generacion: 0
17:21:13,490  INFO main:403 - Rechazados: 0
17:21:13,490  INFO main:413 - Individuo Solucion: {23,22,3,34,0,38,1,48,7,49,21,24,26,16,30,8,14,17,29,31,45,2,19,15,37,28,11,40,6,44,5,18,35,4,12,27,42,36,47,43,46,9,41,25,32,13,20,39,10,33}

17:21:13,490  INFO main:414 - *****************************************************
17:21:13,773  INFO main:399 - ****************Corrida 18 ************************
17:21:13,773  INFO main:400 - Fitness solucion: 56.0
17:21:13,774  INFO main:401 - Indice: 56
17:21:13,774  INFO main:402 - Generacion: 0
17:21:13,774  INFO main:403 - Rechazados: 0
17:21:13,774  INFO main:413 - Individuo Solucion: {41,43,0,29,4,33,8,22,25,47,28,30,14,10,23,24,7,9,3,5,1,20,16,36,6,27,2,48,11,12,31,32,49,15,44,40,21,18,34,42,38,46,19,37,17,13,39,35,45,26}

17:21:13,774  INFO main:414 - *****************************************************
17:21:14,057  INFO main:399 - ****************Corrida 19 ************************
17:21:14,057  INFO main:400 - Fitness solucion: 56.0
17:21:14,057  INFO main:401 - Indice: 56
17:21:14,057  INFO main:402 - Generacion: 0
17:21:14,057  INFO main:403 - Rechazados: 0
17:21:14,057  INFO main:413 - Individuo Solucion: {8,13,1,5,18,38,28,46,12,48,3,47,2,24,21,23,22,15,16,49,0,17,31,26,14,25,7,20,42,44,39,4,11,29,36,32,40,34,45,6,30,41,35,9,43,19,37,10,27,33}

17:21:14,057  INFO main:414 - *****************************************************
17:21:14,340  INFO main:399 - ****************Corrida 20 ************************
17:21:14,340  INFO main:400 - Fitness solucion: 56.0
17:21:14,340  INFO main:401 - Indice: 59
17:21:14,340  INFO main:402 - Generacion: 0
17:21:14,340  INFO main:403 - Rechazados: 0
17:21:14,340  INFO main:413 - Individuo Solucion: {17,9,26,34,49,48,0,13,6,46,45,40,39,12,15,8,23,3,16,11,33,4,2,18,20,43,44,36,30,32,24,5,31,27,1,28,25,41,35,42,14,10,21,7,22,38,29,37,47,19}

17:21:14,340  INFO main:414 - *****************************************************
17:21:14,626  INFO main:399 - ****************Corrida 21 ************************
17:21:14,626  INFO main:400 - Fitness solucion: 56.0
17:21:14,626  INFO main:401 - Indice: 58
17:21:14,626  INFO main:402 - Generacion: 0
17:21:14,626  INFO main:403 - Rechazados: 0
17:21:14,626  INFO main:413 - Individuo Solucion: {17,22,14,15,49,44,26,3,10,24,8,28,13,6,40,9,41,36,19,21,1,18,38,39,12,23,4,5,35,29,42,32,46,11,7,20,30,48,16,47,2,37,34,33,45,25,0,27,31,43}

17:21:14,626  INFO main:414 - *****************************************************
17:21:14,911  INFO main:399 - ****************Corrida 22 ************************
17:21:14,911  INFO main:400 - Fitness solucion: 56.0
17:21:14,911  INFO main:401 - Indice: 56
17:21:14,912  INFO main:402 - Generacion: 0
17:21:14,912  INFO main:403 - Rechazados: 0
17:21:14,912  INFO main:413 - Individuo Solucion: {24,9,2,0,48,44,1,26,13,8,12,4,32,42,17,16,27,10,20,30,34,19,15,14,33,38,41,36,46,3,23,37,11,45,31,18,39,47,6,25,43,49,40,21,7,5,28,29,35,22}

17:21:14,912  INFO main:414 - *****************************************************
17:21:15,199  INFO main:399 - ****************Corrida 23 ************************
17:21:15,199  INFO main:400 - Fitness solucion: 56.0
17:21:15,200  INFO main:401 - Indice: 56
17:21:15,200  INFO main:402 - Generacion: 0
17:21:15,200  INFO main:403 - Rechazados: 0
17:21:15,200  INFO main:413 - Individuo Solucion: {43,6,41,3,32,49,46,12,9,28,42,19,5,17,7,8,31,37,14,16,25,21,1,33,44,15,11,2,18,38,4,48,24,23,39,22,27,30,45,36,10,13,34,40,35,20,29,26,0,47}

17:21:15,200  INFO main:414 - *****************************************************
17:21:15,483  INFO main:399 - ****************Corrida 24 ************************
17:21:15,483  INFO main:400 - Fitness solucion: 56.0
17:21:15,484  INFO main:401 - Indice: 56
17:21:15,484  INFO main:402 - Generacion: 0
17:21:15,484  INFO main:403 - Rechazados: 0
17:21:15,484  INFO main:413 - Individuo Solucion: {36,42,16,4,41,23,43,21,13,28,40,1,0,2,14,3,6,17,5,12,9,15,11,24,7,30,29,38,19,10,22,49,35,26,25,31,27,48,39,18,37,33,46,32,47,8,45,44,20,34}

17:21:15,484  INFO main:414 - *****************************************************
17:21:15,768  INFO main:399 - ****************Corrida 25 ************************
17:21:15,768  INFO main:400 - Fitness solucion: 56.0
17:21:15,768  INFO main:401 - Indice: 56
17:21:15,768  INFO main:402 - Generacion: 0
17:21:15,768  INFO main:403 - Rechazados: 0
17:21:15,768  INFO main:413 - Individuo Solucion: {37,2,14,7,33,10,36,31,6,16,17,44,23,39,13,38,25,11,15,4,26,45,29,21,18,19,43,41,42,34,3,49,30,9,8,1,20,0,24,5,28,22,40,47,46,12,48,35,32,27}

17:21:15,769  INFO main:414 - *****************************************************
17:21:16,053  INFO main:399 - ****************Corrida 26 ************************
17:21:16,054  INFO main:400 - Fitness solucion: 56.0
17:21:16,054  INFO main:401 - Indice: 56
17:21:16,054  INFO main:402 - Generacion: 0
17:21:16,054  INFO main:403 - Rechazados: 0
17:21:16,054  INFO main:413 - Individuo Solucion: {10,9,15,38,1,24,21,30,0,2,44,49,39,33,12,34,43,8,45,16,29,3,5,40,13,37,6,14,11,18,26,25,23,27,20,28,41,48,7,4,36,19,42,31,17,22,46,35,47,32}

17:21:16,054  INFO main:414 - *****************************************************
17:21:16,338  INFO main:399 - ****************Corrida 27 ************************
17:21:16,338  INFO main:400 - Fitness solucion: 56.0
17:21:16,338  INFO main:401 - Indice: 56
17:21:16,338  INFO main:402 - Generacion: 0
17:21:16,338  INFO main:403 - Rechazados: 0
17:21:16,339  INFO main:413 - Individuo Solucion: {23,45,40,26,2,5,8,48,10,41,13,15,0,39,35,7,18,3,16,1,14,49,33,22,17,28,29,31,25,47,12,44,20,9,32,4,21,27,43,34,6,42,19,30,36,46,38,37,11,24}

17:21:16,339  INFO main:414 - *****************************************************
17:21:16,621  INFO main:399 - ****************Corrida 28 ************************
17:21:16,621  INFO main:400 - Fitness solucion: 56.0
17:21:16,621  INFO main:401 - Indice: 56
17:21:16,621  INFO main:402 - Generacion: 0
17:21:16,621  INFO main:403 - Rechazados: 0
17:21:16,621  INFO main:413 - Individuo Solucion: {49,17,6,40,20,16,48,21,47,1,36,28,43,11,24,41,34,8,18,42,19,39,15,12,2,30,33,7,14,26,46,45,32,29,25,44,3,5,27,38,9,23,37,13,10,0,4,31,22,35}

17:21:16,621  INFO main:414 - *****************************************************
17:21:16,904  INFO main:399 - ****************Corrida 29 ************************
17:21:16,904  INFO main:400 - Fitness solucion: 56.0
17:21:16,904  INFO main:401 - Indice: 56
17:21:16,904  INFO main:402 - Generacion: 0
17:21:16,904  INFO main:403 - Rechazados: 0
17:21:16,904  INFO main:413 - Individuo Solucion: {6,24,0,11,4,7,47,5,10,44,16,48,29,15,14,39,30,37,18,46,8,23,26,17,49,9,19,20,1,25,22,35,32,3,45,28,34,41,38,33,36,43,42,27,12,13,31,2,21,40}

17:21:16,905  INFO main:414 - *****************************************************
17:21:16,905  INFO main:416 - Tiempo AGP: 309
17:21:16,905  INFO main:418 - Promedio Final: 56
17:21:16,905  INFO main:420 - Promedio Generaciones: 0
17:21:16,905  INFO main:422 - *****************Resultados********************
17:21:16,905  INFO main:424 - result: 56.0
17:21:16,905  INFO main:424 - result: 56.0
17:21:16,905  INFO main:424 - result: 56.0
17:21:16,905  INFO main:424 - result: 56.0
17:21:16,905  INFO main:424 - result: 56.0
17:21:16,905  INFO main:424 - result: 56.0
17:21:16,906  INFO main:424 - result: 56.0
17:21:16,906  INFO main:424 - result: 56.0
17:21:16,906  INFO main:424 - result: 56.0
17:21:16,906  INFO main:424 - result: 56.0
17:21:16,906  INFO main:424 - result: 56.0
17:21:16,906  INFO main:424 - result: 56.0
17:21:16,906  INFO main:424 - result: 56.0
17:21:16,906  INFO main:424 - result: 56.0
17:21:16,906  INFO main:424 - result: 56.0
17:21:16,906  INFO main:424 - result: 56.0
17:21:16,906  INFO main:424 - result: 56.0
17:21:16,906  INFO main:424 - result: 56.0
17:21:16,907  INFO main:424 - result: 56.0
17:21:16,907  INFO main:424 - result: 56.0
17:21:16,907  INFO main:424 - result: 56.0
17:21:16,907  INFO main:424 - result: 56.0
17:21:16,907  INFO main:424 - result: 56.0
17:21:16,907  INFO main:424 - result: 56.0
17:21:16,907  INFO main:424 - result: 56.0
17:21:16,907  INFO main:424 - result: 56.0
17:21:16,907  INFO main:424 - result: 56.0
17:21:16,907  INFO main:424 - result: 56.0
17:21:16,907  INFO main:424 - result: 56.0
17:21:16,907  INFO main:424 - result: 56.0
17:21:16,907  INFO main:426 - *****************Generaciones********************
17:21:16,908  INFO main:428 - Generacion: 0
17:21:16,908  INFO main:428 - Generacion: 0
17:21:16,908  INFO main:428 - Generacion: 0
17:21:16,908  INFO main:428 - Generacion: 0
17:21:16,908  INFO main:428 - Generacion: 0
17:21:16,908  INFO main:428 - Generacion: 0
17:21:16,908  INFO main:428 - Generacion: 0
17:21:16,908  INFO main:428 - Generacion: 0
17:21:16,908  INFO main:428 - Generacion: 0
17:21:16,908  INFO main:428 - Generacion: 0
17:21:16,908  INFO main:428 - Generacion: 0
17:21:16,908  INFO main:428 - Generacion: 0
17:21:16,908  INFO main:428 - Generacion: 0
17:21:16,908  INFO main:428 - Generacion: 0
17:21:16,908  INFO main:428 - Generacion: 0
17:21:16,909  INFO main:428 - Generacion: 0
17:21:16,909  INFO main:428 - Generacion: 0
17:21:16,909  INFO main:428 - Generacion: 0
17:21:16,909  INFO main:428 - Generacion: 0
17:21:16,909  INFO main:428 - Generacion: 0
17:21:16,909  INFO main:428 - Generacion: 0
17:21:16,909  INFO main:428 - Generacion: 0
17:21:16,909  INFO main:428 - Generacion: 0
17:21:16,909  INFO main:428 - Generacion: 0
17:21:16,909  INFO main:428 - Generacion: 0
17:21:16,909  INFO main:428 - Generacion: 0
17:21:16,909  INFO main:428 - Generacion: 0
17:21:16,909  INFO main:428 - Generacion: 0
17:21:16,909  INFO main:428 - Generacion: 0
17:21:16,909  INFO main:428 - Generacion: 0
