21:31:18,266  INFO main:168 - Logueando
21:32:29,415  INFO main:300 - Tiempo PreCalculo: 71147
21:32:29,416  INFO main:387 - ****************AG PERMUTACION****************
21:32:29,748  INFO main:401 - ****************Corrida 0 ************************
21:32:29,748  INFO main:402 - Fitness solucion: 24.0
21:32:29,748  INFO main:403 - Indice: 27
21:32:29,749  INFO main:404 - Generacion: 4
21:32:29,749  INFO main:405 - Rechazados: 13
21:32:29,749  INFO main:417 - Individuo Solucion: {10,44,36,49,30,2,35,25,42,11,28,1,23,48,13,4,46,29,19,6,33,9,43,16,37,47,12,3,22,18,27,45,41,0,17,26,31,40,20,38,24,5,21,8,32,7,14,15,34,39}

21:32:29,749  INFO main:418 - *****************************************************
21:32:29,980  INFO main:401 - ****************Corrida 1 ************************
21:32:29,980  INFO main:402 - Fitness solucion: 24.0
21:32:29,980  INFO main:403 - Indice: 27
21:32:29,980  INFO main:404 - Generacion: 0
21:32:29,981  INFO main:405 - Rechazados: 12
21:32:29,981  INFO main:417 - Individuo Solucion: {34,28,0,2,43,3,5,1,10,45,40,42,9,6,11,48,41,36,4,47,21,27,18,14,7,25,26,38,33,20,29,35,30,8,24,39,37,19,16,23,31,17,13,49,46,15,12,44,32,22}

21:32:29,981  INFO main:418 - *****************************************************
21:32:30,163  INFO main:401 - ****************Corrida 2 ************************
21:32:30,163  INFO main:402 - Fitness solucion: 24.0
21:32:30,164  INFO main:403 - Indice: 26
21:32:30,164  INFO main:404 - Generacion: 1
21:32:30,164  INFO main:405 - Rechazados: 15
21:32:30,164  INFO main:417 - Individuo Solucion: {29,42,48,10,49,5,28,40,13,14,17,46,1,18,27,4,33,16,0,23,22,45,19,37,25,43,9,2,6,41,11,7,34,15,44,31,26,35,12,24,30,8,20,36,32,47,38,21,39,3}

21:32:30,164  INFO main:418 - *****************************************************
21:32:30,297  INFO main:401 - ****************Corrida 3 ************************
21:32:30,297  INFO main:402 - Fitness solucion: 24.0
21:32:30,298  INFO main:403 - Indice: 25
21:32:30,298  INFO main:404 - Generacion: 0
21:32:30,298  INFO main:405 - Rechazados: 15
21:32:30,298  INFO main:417 - Individuo Solucion: {7,8,35,32,37,21,40,45,0,29,17,11,16,19,31,3,10,24,9,23,5,39,48,25,28,13,33,15,43,12,30,34,27,18,38,20,1,49,14,47,44,4,22,42,26,6,41,46,36,2}

21:32:30,298  INFO main:418 - *****************************************************
21:32:30,380  INFO main:401 - ****************Corrida 4 ************************
21:32:30,380  INFO main:402 - Fitness solucion: 24.0
21:32:30,380  INFO main:403 - Indice: 26
21:32:30,380  INFO main:404 - Generacion: 1
21:32:30,380  INFO main:405 - Rechazados: 12
21:32:30,381  INFO main:417 - Individuo Solucion: {46,3,49,22,12,6,2,40,10,8,43,20,27,17,1,36,4,35,7,34,38,15,44,11,13,31,9,21,19,48,42,28,30,18,16,23,5,33,26,39,24,14,29,41,0,47,32,45,25,37}

21:32:30,381  INFO main:418 - *****************************************************
21:32:30,463  INFO main:401 - ****************Corrida 5 ************************
21:32:30,463  INFO main:402 - Fitness solucion: 24.0
21:32:30,464  INFO main:403 - Indice: 27
21:32:30,464  INFO main:404 - Generacion: 0
21:32:30,464  INFO main:405 - Rechazados: 12
21:32:30,464  INFO main:417 - Individuo Solucion: {2,8,38,6,13,29,7,39,9,21,17,11,28,12,48,4,10,34,24,18,16,1,5,49,25,20,40,19,3,37,47,30,33,14,46,27,31,22,42,32,44,43,35,36,41,23,15,0,45,26}

21:32:30,464  INFO main:418 - *****************************************************
21:32:30,541  INFO main:401 - ****************Corrida 6 ************************
21:32:30,541  INFO main:402 - Fitness solucion: 23.0
21:32:30,541  INFO main:403 - Indice: 24
21:32:30,541  INFO main:404 - Generacion: 2
21:32:30,541  INFO main:405 - Rechazados: 12
21:32:30,544  INFO main:417 - Individuo Solucion: {2,11,29,6,28,10,30,43,8,1,44,36,27,25,12,19,31,21,45,20,34,14,9,7,24,13,35,41,0,22,38,3,40,33,39,17,4,18,48,32,15,49,37,47,26,23,16,5,46,42}

21:32:30,544  INFO main:418 - *****************************************************
21:32:30,616  INFO main:401 - ****************Corrida 7 ************************
21:32:30,616  INFO main:402 - Fitness solucion: 23.0
21:32:30,617  INFO main:403 - Indice: 27
21:32:30,617  INFO main:404 - Generacion: 1
21:32:30,617  INFO main:405 - Rechazados: 12
21:32:30,617  INFO main:417 - Individuo Solucion: {44,31,43,21,2,0,9,6,28,22,3,32,17,40,27,1,13,41,7,5,4,42,12,10,45,23,47,18,8,20,24,49,26,33,19,30,29,38,16,39,34,37,48,15,36,25,35,11,46,14}

21:32:30,617  INFO main:418 - *****************************************************
21:32:30,688  INFO main:401 - ****************Corrida 8 ************************
21:32:30,688  INFO main:402 - Fitness solucion: 23.0
21:32:30,688  INFO main:403 - Indice: 24
21:32:30,688  INFO main:404 - Generacion: 8
21:32:30,688  INFO main:405 - Rechazados: 13
21:32:30,689  INFO main:417 - Individuo Solucion: {3,2,19,29,43,28,42,13,6,44,22,20,49,40,11,34,24,33,25,36,1,45,15,9,18,39,37,21,4,10,31,7,5,16,12,0,14,48,8,30,27,32,26,46,47,17,38,23,35,41}

21:32:30,689  INFO main:418 - *****************************************************
21:32:30,759  INFO main:401 - ****************Corrida 9 ************************
21:32:30,759  INFO main:402 - Fitness solucion: 23.0
21:32:30,759  INFO main:403 - Indice: 27
21:32:30,759  INFO main:404 - Generacion: 3
21:32:30,759  INFO main:405 - Rechazados: 13
21:32:30,759  INFO main:417 - Individuo Solucion: {42,40,36,11,44,7,8,32,4,17,10,49,46,15,19,21,2,5,29,1,33,22,30,34,48,47,23,43,27,6,20,12,28,25,24,38,37,39,3,18,16,41,31,35,0,45,14,13,26,9}

21:32:30,759  INFO main:418 - *****************************************************
21:32:30,829  INFO main:401 - ****************Corrida 10 ************************
21:32:30,829  INFO main:402 - Fitness solucion: 24.0
21:32:30,829  INFO main:403 - Indice: 25
21:32:30,830  INFO main:404 - Generacion: 0
21:32:30,830  INFO main:405 - Rechazados: 14
21:32:30,830  INFO main:417 - Individuo Solucion: {11,33,0,1,12,9,5,26,48,15,41,36,49,13,37,45,8,34,2,23,39,25,18,20,4,24,17,46,35,43,21,44,42,10,28,7,22,27,3,32,30,14,31,38,16,47,19,40,6,29}

21:32:30,830  INFO main:418 - *****************************************************
21:32:30,901  INFO main:401 - ****************Corrida 11 ************************
21:32:30,901  INFO main:402 - Fitness solucion: 24.0
21:32:30,901  INFO main:403 - Indice: 26
21:32:30,901  INFO main:404 - Generacion: 2
21:32:30,901  INFO main:405 - Rechazados: 12
21:32:30,901  INFO main:417 - Individuo Solucion: {13,43,19,49,1,22,26,36,6,10,33,21,4,7,18,25,48,34,2,3,8,38,11,46,14,31,30,40,39,45,9,32,5,44,16,27,28,35,20,42,37,15,0,12,24,47,29,23,41,17}

21:32:30,901  INFO main:418 - *****************************************************
21:32:30,973  INFO main:401 - ****************Corrida 12 ************************
21:32:30,973  INFO main:402 - Fitness solucion: 24.0
21:32:30,973  INFO main:403 - Indice: 27
21:32:30,973  INFO main:404 - Generacion: 0
21:32:30,973  INFO main:405 - Rechazados: 12
21:32:30,973  INFO main:417 - Individuo Solucion: {40,31,4,49,33,2,10,7,8,1,28,11,36,43,6,34,12,32,26,22,0,41,42,44,48,25,14,19,17,15,27,37,5,35,3,39,24,16,21,13,38,29,23,18,46,45,9,47,20,30}

21:32:30,973  INFO main:418 - *****************************************************
21:32:31,045  INFO main:401 - ****************Corrida 13 ************************
21:32:31,045  INFO main:402 - Fitness solucion: 24.0
21:32:31,046  INFO main:403 - Indice: 27
21:32:31,046  INFO main:404 - Generacion: 1
21:32:31,046  INFO main:405 - Rechazados: 12
21:32:31,046  INFO main:417 - Individuo Solucion: {49,3,10,42,5,0,38,4,37,45,2,16,32,25,14,30,21,1,43,48,22,33,9,7,34,26,8,18,20,19,23,12,15,17,6,47,41,40,31,27,36,11,35,13,29,39,24,28,46,44}

21:32:31,046  INFO main:418 - *****************************************************
21:32:31,117  INFO main:401 - ****************Corrida 14 ************************
21:32:31,117  INFO main:402 - Fitness solucion: 24.0
21:32:31,118  INFO main:403 - Indice: 26
21:32:31,118  INFO main:404 - Generacion: 3
21:32:31,118  INFO main:405 - Rechazados: 14
21:32:31,118  INFO main:417 - Individuo Solucion: {44,38,40,0,48,25,24,31,39,5,18,8,15,1,21,49,13,9,36,42,11,37,29,17,7,3,27,46,10,28,41,32,16,47,20,6,12,4,22,23,14,45,30,34,33,19,43,2,35,26}

21:32:31,118  INFO main:418 - *****************************************************
21:32:31,188  INFO main:401 - ****************Corrida 15 ************************
21:32:31,189  INFO main:402 - Fitness solucion: 23.0
21:32:31,189  INFO main:403 - Indice: 25
21:32:31,189  INFO main:404 - Generacion: 5
21:32:31,189  INFO main:405 - Rechazados: 13
21:32:31,189  INFO main:417 - Individuo Solucion: {7,3,31,1,43,15,35,10,11,28,6,18,12,49,37,40,39,22,17,20,16,0,13,42,25,2,4,30,27,8,24,46,44,5,41,33,9,29,45,14,48,23,36,47,21,34,32,38,19,26}

21:32:31,189  INFO main:418 - *****************************************************
21:32:31,260  INFO main:401 - ****************Corrida 16 ************************
21:32:31,261  INFO main:402 - Fitness solucion: 24.0
21:32:31,261  INFO main:403 - Indice: 26
21:32:31,261  INFO main:404 - Generacion: 0
21:32:31,261  INFO main:405 - Rechazados: 13
21:32:31,261  INFO main:417 - Individuo Solucion: {42,40,0,4,49,35,8,10,6,31,29,7,3,39,36,18,48,33,44,20,12,47,28,1,9,25,15,22,24,17,2,11,19,32,30,37,26,21,5,38,14,34,41,13,27,16,45,43,46,23}

21:32:31,261  INFO main:418 - *****************************************************
21:32:31,332  INFO main:401 - ****************Corrida 17 ************************
21:32:31,333  INFO main:402 - Fitness solucion: 24.0
21:32:31,333  INFO main:403 - Indice: 25
21:32:31,333  INFO main:404 - Generacion: 1
21:32:31,333  INFO main:405 - Rechazados: 15
21:32:31,333  INFO main:417 - Individuo Solucion: {1,18,6,5,9,37,3,2,13,36,38,12,20,49,43,8,16,21,45,11,23,34,7,19,40,15,26,0,14,10,25,46,4,22,32,42,33,39,35,17,44,30,27,48,47,24,31,29,28,41}

21:32:31,333  INFO main:418 - *****************************************************
21:32:31,403  INFO main:401 - ****************Corrida 18 ************************
21:32:31,403  INFO main:402 - Fitness solucion: 23.0
21:32:31,403  INFO main:403 - Indice: 25
21:32:31,403  INFO main:404 - Generacion: 0
21:32:31,403  INFO main:405 - Rechazados: 11
21:32:31,404  INFO main:417 - Individuo Solucion: {2,44,5,31,1,39,38,28,30,36,22,0,4,3,34,13,11,43,21,15,40,33,6,9,17,12,7,48,25,23,27,16,32,8,49,35,42,24,45,46,20,18,26,41,37,47,10,19,29,14}

21:32:31,404  INFO main:418 - *****************************************************
21:32:31,479  INFO main:401 - ****************Corrida 19 ************************
21:32:31,479  INFO main:402 - Fitness solucion: 23.0
21:32:31,479  INFO main:403 - Indice: 25
21:32:31,479  INFO main:404 - Generacion: 4
21:32:31,479  INFO main:405 - Rechazados: 16
21:32:31,479  INFO main:417 - Individuo Solucion: {42,45,40,12,0,19,34,21,38,22,43,31,25,14,9,33,39,28,7,13,27,2,24,46,16,15,47,17,35,20,8,23,10,30,11,3,4,5,36,18,41,32,44,6,49,29,1,37,48,26}

21:32:31,479  INFO main:418 - *****************************************************
21:32:31,550  INFO main:401 - ****************Corrida 20 ************************
21:32:31,550  INFO main:402 - Fitness solucion: 24.0
21:32:31,550  INFO main:403 - Indice: 25
21:32:31,550  INFO main:404 - Generacion: 0
21:32:31,550  INFO main:405 - Rechazados: 14
21:32:31,550  INFO main:417 - Individuo Solucion: {4,2,7,37,45,8,24,38,20,9,0,13,43,10,5,26,1,27,11,21,49,30,34,35,16,36,23,17,39,25,22,12,32,44,31,19,6,3,33,29,14,46,40,28,15,47,42,18,41,48}

21:32:31,550  INFO main:418 - *****************************************************
21:32:31,622  INFO main:401 - ****************Corrida 21 ************************
21:32:31,622  INFO main:402 - Fitness solucion: 24.0
21:32:31,622  INFO main:403 - Indice: 24
21:32:31,622  INFO main:404 - Generacion: 0
21:32:31,622  INFO main:405 - Rechazados: 13
21:32:31,622  INFO main:417 - Individuo Solucion: {26,31,4,33,34,0,36,12,21,30,44,43,7,5,49,1,23,6,42,22,29,20,48,28,8,27,25,45,19,18,3,15,10,14,40,46,17,13,35,47,32,16,38,9,24,2,41,11,37,39}

21:32:31,622  INFO main:418 - *****************************************************
21:32:31,694  INFO main:401 - ****************Corrida 22 ************************
21:32:31,694  INFO main:402 - Fitness solucion: 24.0
21:32:31,694  INFO main:403 - Indice: 27
21:32:31,695  INFO main:404 - Generacion: 0
21:32:31,695  INFO main:405 - Rechazados: 13
21:32:31,695  INFO main:417 - Individuo Solucion: {30,1,10,40,49,7,28,3,12,6,8,13,2,19,44,38,20,4,43,5,23,16,18,46,22,11,26,29,9,34,35,33,21,47,48,45,41,39,14,37,25,17,27,32,36,24,31,15,42,0}

21:32:31,695  INFO main:418 - *****************************************************
21:32:31,766  INFO main:401 - ****************Corrida 23 ************************
21:32:31,766  INFO main:402 - Fitness solucion: 24.0
21:32:31,766  INFO main:403 - Indice: 26
21:32:31,766  INFO main:404 - Generacion: 3
21:32:31,766  INFO main:405 - Rechazados: 13
21:32:31,766  INFO main:417 - Individuo Solucion: {5,2,20,6,37,10,13,0,1,3,49,46,30,8,23,16,19,36,24,48,28,9,43,22,25,26,32,39,34,33,42,18,27,38,11,31,29,17,44,35,12,21,15,41,4,14,45,47,40,7}

21:32:31,766  INFO main:418 - *****************************************************
21:32:31,837  INFO main:401 - ****************Corrida 24 ************************
21:32:31,838  INFO main:402 - Fitness solucion: 24.0
21:32:31,838  INFO main:403 - Indice: 25
21:32:31,838  INFO main:404 - Generacion: 1
21:32:31,838  INFO main:405 - Rechazados: 13
21:32:31,838  INFO main:417 - Individuo Solucion: {1,25,30,43,33,13,49,10,11,2,22,39,3,18,7,6,37,0,36,42,17,19,40,9,28,12,45,27,23,14,32,20,15,41,46,35,34,47,24,5,8,48,38,31,44,26,21,16,29,4}

21:32:31,838  INFO main:418 - *****************************************************
21:32:31,909  INFO main:401 - ****************Corrida 25 ************************
21:32:31,909  INFO main:402 - Fitness solucion: 24.0
21:32:31,909  INFO main:403 - Indice: 26
21:32:31,909  INFO main:404 - Generacion: 0
21:32:31,909  INFO main:405 - Rechazados: 13
21:32:31,909  INFO main:417 - Individuo Solucion: {35,4,49,32,40,5,8,6,1,44,13,31,47,36,7,38,25,16,10,19,11,22,33,27,21,20,24,48,28,23,14,0,29,43,34,30,46,17,26,39,18,15,37,9,42,12,41,45,3,2}

21:32:31,909  INFO main:418 - *****************************************************
21:32:31,981  INFO main:401 - ****************Corrida 26 ************************
21:32:31,981  INFO main:402 - Fitness solucion: 24.0
21:32:31,981  INFO main:403 - Indice: 26
21:32:31,981  INFO main:404 - Generacion: 3
21:32:31,981  INFO main:405 - Rechazados: 13
21:32:31,981  INFO main:417 - Individuo Solucion: {6,0,2,17,45,8,12,24,39,27,34,25,49,36,42,40,28,23,32,43,3,13,4,7,21,16,15,20,47,35,33,18,37,10,30,48,31,5,29,26,44,11,22,9,41,38,1,14,19,46}

21:32:31,981  INFO main:418 - *****************************************************
21:32:32,052  INFO main:401 - ****************Corrida 27 ************************
21:32:32,052  INFO main:402 - Fitness solucion: 24.0
21:32:32,052  INFO main:403 - Indice: 25
21:32:32,052  INFO main:404 - Generacion: 0
21:32:32,052  INFO main:405 - Rechazados: 12
21:32:32,052  INFO main:417 - Individuo Solucion: {16,31,2,44,20,8,7,42,49,5,36,43,22,6,10,46,23,48,28,0,9,1,19,17,37,11,25,27,3,40,24,13,15,12,32,21,4,38,45,34,39,30,18,35,29,41,33,14,47,26}

21:32:32,052  INFO main:418 - *****************************************************
21:32:32,125  INFO main:401 - ****************Corrida 28 ************************
21:32:32,125  INFO main:402 - Fitness solucion: 24.0
21:32:32,125  INFO main:403 - Indice: 27
21:32:32,125  INFO main:404 - Generacion: 0
21:32:32,125  INFO main:405 - Rechazados: 13
21:32:32,125  INFO main:417 - Individuo Solucion: {40,27,45,44,10,37,36,9,1,5,21,2,19,31,34,29,15,28,12,6,11,3,20,17,16,22,38,49,39,18,25,43,0,30,35,42,26,48,33,7,24,4,14,13,47,32,41,23,8,46}

21:32:32,125  INFO main:418 - *****************************************************
21:32:32,196  INFO main:401 - ****************Corrida 29 ************************
21:32:32,196  INFO main:402 - Fitness solucion: 24.0
21:32:32,197  INFO main:403 - Indice: 26
21:32:32,197  INFO main:404 - Generacion: 0
21:32:32,197  INFO main:405 - Rechazados: 13
21:32:32,197  INFO main:417 - Individuo Solucion: {49,5,13,31,6,24,42,25,9,34,4,1,23,2,10,44,21,28,37,22,3,15,17,45,29,12,39,33,18,19,48,7,47,8,32,20,27,36,26,11,41,16,40,14,46,35,38,0,30,43}

21:32:32,197  INFO main:418 - *****************************************************
21:32:32,197  INFO main:420 - Tiempo AGP: 91
21:32:32,197  INFO main:422 - Promedio Final: 23
21:32:32,197  INFO main:424 - Promedio Generaciones: 0
21:32:32,197  INFO main:427 - Promedio Rechazos: 13
21:32:32,198  INFO main:430 - Promedio Defragmentacion: 1.128
21:32:32,198  INFO main:432 - *****************Resultados********************
21:32:32,198  INFO main:434 - result: 24.0
21:32:32,198  INFO main:434 - result: 24.0
21:32:32,198  INFO main:434 - result: 24.0
21:32:32,198  INFO main:434 - result: 24.0
21:32:32,198  INFO main:434 - result: 24.0
21:32:32,198  INFO main:434 - result: 24.0
21:32:32,198  INFO main:434 - result: 23.0
21:32:32,198  INFO main:434 - result: 23.0
21:32:32,198  INFO main:434 - result: 23.0
21:32:32,198  INFO main:434 - result: 23.0
21:32:32,198  INFO main:434 - result: 24.0
21:32:32,199  INFO main:434 - result: 24.0
21:32:32,199  INFO main:434 - result: 24.0
21:32:32,199  INFO main:434 - result: 24.0
21:32:32,199  INFO main:434 - result: 24.0
21:32:32,199  INFO main:434 - result: 23.0
21:32:32,199  INFO main:434 - result: 24.0
21:32:32,199  INFO main:434 - result: 24.0
21:32:32,199  INFO main:434 - result: 23.0
21:32:32,199  INFO main:434 - result: 23.0
21:32:32,199  INFO main:434 - result: 24.0
21:32:32,199  INFO main:434 - result: 24.0
21:32:32,199  INFO main:434 - result: 24.0
21:32:32,199  INFO main:434 - result: 24.0
21:32:32,199  INFO main:434 - result: 24.0
21:32:32,200  INFO main:434 - result: 24.0
21:32:32,200  INFO main:434 - result: 24.0
21:32:32,200  INFO main:434 - result: 24.0
21:32:32,200  INFO main:434 - result: 24.0
21:32:32,200  INFO main:434 - result: 24.0
21:32:32,200  INFO main:436 - *****************Generaciones********************
21:32:32,200  INFO main:438 - Generacion: 0
21:32:32,200  INFO main:438 - Generacion: 0
21:32:32,200  INFO main:438 - Generacion: 0
21:32:32,200  INFO main:438 - Generacion: 0
21:32:32,200  INFO main:438 - Generacion: 0
21:32:32,200  INFO main:438 - Generacion: 0
21:32:32,200  INFO main:438 - Generacion: 0
21:32:32,200  INFO main:438 - Generacion: 0
21:32:32,201  INFO main:438 - Generacion: 0
21:32:32,201  INFO main:438 - Generacion: 0
21:32:32,201  INFO main:438 - Generacion: 0
21:32:32,201  INFO main:438 - Generacion: 0
21:32:32,201  INFO main:438 - Generacion: 0
21:32:32,201  INFO main:438 - Generacion: 0
21:32:32,201  INFO main:438 - Generacion: 0
21:32:32,201  INFO main:438 - Generacion: 0
21:32:32,201  INFO main:438 - Generacion: 0
21:32:32,201  INFO main:438 - Generacion: 0
21:32:32,201  INFO main:438 - Generacion: 0
21:32:32,201  INFO main:438 - Generacion: 0
21:32:32,201  INFO main:438 - Generacion: 0
21:32:32,201  INFO main:438 - Generacion: 0
21:32:32,201  INFO main:438 - Generacion: 0
21:32:32,202  INFO main:438 - Generacion: 0
21:32:32,202  INFO main:438 - Generacion: 0
21:32:32,202  INFO main:438 - Generacion: 0
21:32:32,202  INFO main:438 - Generacion: 0
21:32:32,202  INFO main:438 - Generacion: 0
21:32:32,202  INFO main:438 - Generacion: 0
21:32:32,202  INFO main:438 - Generacion: 0
