17:38:20,241  INFO main:168 - Logueando
17:39:41,322  INFO main:300 - Tiempo PreCalculo: 81079
17:39:41,323  INFO main:387 - ****************AG PERMUTACION****************
17:39:43,889  INFO main:399 - ****************Corrida 0 ************************
17:39:43,889  INFO main:400 - Fitness solucion: 88.0
17:39:43,889  INFO main:401 - Indice: 102
17:39:43,889  INFO main:402 - Generacion: 0
17:39:43,889  INFO main:403 - Rechazados: 0
17:39:43,890  INFO main:413 - Individuo Solucion: {0,196,181,9,222,121,13,203,60,200,6,238,15,105,231,7,17,14,28,2,149,144,154,22,46,155,244,38,23,167,194,241,68,188,220,246,136,209,198,32,11,44,138,48,81,36,145,73,1,83,30,229,142,64,76,79,93,74,233,37,216,103,219,4,197,190,230,71,205,65,221,75,97,50,94,43,243,228,170,114,171,77,115,49,99,168,96,107,51,41,90,153,116,120,59,104,226,217,78,163,98,67,224,89,122,218,247,177,18,117,158,182,111,234,42,34,10,201,137,25,213,21,57,124,53,20,19,128,150,135,84,66,102,245,85,70,148,27,174,56,24,204,240,101,112,40,12,88,237,63,69,132,45,160,179,130,159,187,55,33,54,123,133,113,202,184,80,239,165,166,141,134,235,206,169,62,72,186,156,147,16,236,248,172,3,131,192,110,175,106,125,82,39,143,31,140,26,161,126,29,210,164,207,173,212,108,176,151,5,129,146,178,109,127,8,191,61,58,139,242,215,223,47,118,91,208,193,185,249,211,189,180,35,227,52,195,152,232,87,92,95,119,214,86,162,100,183,199,225,157}

17:39:43,890  INFO main:414 - *****************************************************
17:39:45,595  INFO main:399 - ****************Corrida 1 ************************
17:39:45,596  INFO main:400 - Fitness solucion: 87.0
17:39:45,596  INFO main:401 - Indice: 105
17:39:45,596  INFO main:402 - Generacion: 1
17:39:45,596  INFO main:403 - Rechazados: 0
17:39:45,596  INFO main:413 - Individuo Solucion: {121,22,15,7,242,41,16,179,243,25,35,249,23,57,62,140,145,73,244,19,30,84,60,170,81,75,236,229,240,42,80,107,174,1,9,0,61,139,187,228,166,96,105,92,8,225,94,131,90,219,151,111,115,3,33,79,21,135,24,104,49,215,116,66,32,88,202,205,171,210,31,143,99,153,11,138,176,168,161,78,226,149,36,108,97,40,198,51,52,46,128,178,37,59,50,101,17,63,152,112,235,137,206,230,132,87,200,220,192,28,113,194,162,55,120,129,10,12,146,100,70,181,196,150,48,222,77,126,208,122,133,130,224,64,238,147,125,185,106,207,239,45,13,123,165,237,109,195,163,217,117,158,38,83,184,186,136,231,110,214,56,103,86,54,53,172,72,102,180,134,246,209,95,34,173,65,118,2,182,89,232,193,160,159,71,29,175,211,189,5,212,221,27,47,188,67,204,148,154,247,114,167,44,190,203,218,93,234,76,248,199,69,14,124,18,191,177,39,156,6,142,141,169,68,155,119,26,127,233,227,164,20,58,43,223,82,91,245,197,213,4,74,183,157,144,241,85,201,216,98}

17:39:45,596  INFO main:414 - *****************************************************
17:39:47,266  INFO main:399 - ****************Corrida 2 ************************
17:39:47,266  INFO main:400 - Fitness solucion: 93.0
17:39:47,266  INFO main:401 - Indice: 112
17:39:47,266  INFO main:402 - Generacion: 0
17:39:47,266  INFO main:403 - Rechazados: 0
17:39:47,267  INFO main:413 - Individuo Solucion: {234,32,41,231,4,214,107,132,37,68,10,36,1,152,206,248,230,147,115,19,46,177,38,188,63,120,88,22,65,57,67,40,146,62,135,122,5,30,86,220,192,163,44,35,200,42,56,78,212,238,84,246,14,157,100,103,34,243,219,241,181,9,249,98,150,124,25,94,167,145,79,179,43,82,160,16,168,183,49,74,175,224,15,221,80,77,142,161,75,198,97,3,223,58,83,137,23,13,154,127,6,158,60,114,59,190,209,70,118,140,66,90,85,89,201,130,133,64,143,228,31,125,29,165,245,21,12,105,73,149,171,204,126,110,87,33,240,116,8,117,7,96,239,134,138,128,72,18,28,71,111,113,242,244,129,153,184,106,45,76,180,93,162,101,186,48,24,174,194,213,121,176,197,104,166,233,211,50,53,202,141,203,0,26,2,164,185,159,215,69,217,156,95,102,208,182,91,216,47,222,193,17,11,112,236,178,210,119,247,54,155,52,173,92,187,235,55,170,148,232,109,136,227,169,81,108,195,191,123,20,151,207,51,226,218,189,61,144,139,225,39,229,99,131,205,27,172,199,237,196}

17:39:47,267  INFO main:414 - *****************************************************
17:39:48,967  INFO main:399 - ****************Corrida 3 ************************
17:39:48,967  INFO main:400 - Fitness solucion: 92.0
17:39:48,968  INFO main:401 - Indice: 99
17:39:48,968  INFO main:402 - Generacion: 4
17:39:48,968  INFO main:403 - Rechazados: 0
17:39:48,968  INFO main:413 - Individuo Solucion: {3,64,114,51,184,15,47,57,87,234,233,70,136,95,62,92,24,226,142,108,124,60,147,11,126,239,26,103,205,44,96,223,45,189,169,27,34,84,7,13,86,74,78,113,98,115,73,111,121,141,222,244,207,97,117,6,118,85,101,179,195,216,1,10,49,4,69,71,146,61,41,40,202,149,232,110,120,213,129,77,140,50,112,186,81,245,20,83,163,135,63,29,123,249,133,53,193,76,197,235,22,172,128,210,241,58,90,33,230,198,68,35,162,9,105,178,54,46,224,190,161,131,167,89,217,220,52,182,221,240,93,144,42,38,164,236,99,28,91,75,203,32,132,246,155,154,175,80,237,200,150,31,208,218,88,166,127,107,23,204,227,94,176,138,153,183,229,165,238,125,104,215,119,2,248,12,19,180,134,212,65,242,209,185,14,159,152,17,8,174,100,158,160,21,106,156,122,18,247,214,139,66,177,102,228,173,225,243,168,170,157,5,191,187,0,37,181,143,171,36,79,145,67,201,82,56,25,109,130,188,148,59,137,199,219,16,211,39,30,192,196,231,194,116,43,206,151,55,72,48}

17:39:48,968  INFO main:414 - *****************************************************
17:39:50,642  INFO main:399 - ****************Corrida 4 ************************
17:39:50,643  INFO main:400 - Fitness solucion: 88.0
17:39:50,643  INFO main:401 - Indice: 101
17:39:50,643  INFO main:402 - Generacion: 2
17:39:50,643  INFO main:403 - Rechazados: 0
17:39:50,643  INFO main:413 - Individuo Solucion: {247,21,152,229,44,27,9,34,51,233,234,243,74,52,28,36,50,23,82,62,156,126,151,190,18,173,171,81,94,46,2,244,115,129,78,8,142,218,144,70,59,101,32,107,83,168,198,58,212,69,48,117,45,230,110,97,159,248,231,75,133,40,30,226,95,215,104,89,143,145,98,206,87,25,163,12,22,175,149,153,106,108,43,114,169,17,63,137,160,29,130,121,41,7,146,202,125,221,1,54,68,5,57,37,72,123,124,24,178,14,219,138,154,249,3,16,33,64,13,147,15,91,139,158,84,86,109,216,222,136,80,73,96,141,118,239,0,49,119,220,116,150,65,235,39,35,6,183,140,177,172,224,10,242,232,127,228,213,134,61,196,42,208,174,19,132,20,157,195,111,26,189,205,182,184,237,225,211,93,161,210,131,120,55,241,88,47,204,71,166,185,223,113,186,128,227,197,200,236,201,165,103,214,176,135,217,179,122,181,167,76,188,79,238,38,11,170,199,246,77,102,85,193,148,180,162,207,67,92,66,194,240,164,4,105,112,60,53,56,100,203,245,187,191,209,99,155,31,90,192}

17:39:50,643  INFO main:414 - *****************************************************
17:39:52,325  INFO main:399 - ****************Corrida 5 ************************
17:39:52,326  INFO main:400 - Fitness solucion: 89.0
17:39:52,326  INFO main:401 - Indice: 100
17:39:52,326  INFO main:402 - Generacion: 2
17:39:52,326  INFO main:403 - Rechazados: 0
17:39:52,326  INFO main:413 - Individuo Solucion: {6,0,49,64,33,84,28,5,96,56,209,247,21,237,44,8,1,199,53,45,182,29,222,206,38,62,7,229,176,99,112,215,4,203,76,214,23,16,100,208,198,11,102,24,46,125,161,82,118,236,240,19,248,228,111,159,230,95,50,65,148,175,216,67,58,193,241,147,152,218,104,219,153,103,137,70,101,78,173,151,186,52,133,86,68,156,154,88,114,120,9,127,72,211,54,191,77,150,92,43,135,126,83,171,36,93,183,242,204,20,234,119,162,231,168,22,48,31,51,60,12,163,81,108,205,80,105,139,226,190,41,94,25,124,91,146,145,238,110,227,122,244,59,132,130,74,55,235,66,225,37,210,160,143,106,90,71,18,98,47,185,116,61,217,157,35,144,212,136,220,221,158,138,239,73,245,243,180,164,177,85,181,32,75,188,192,15,134,184,131,57,87,129,140,165,170,97,30,34,223,202,107,195,149,179,17,172,128,207,178,79,189,26,166,121,200,169,232,89,42,246,14,109,142,249,213,113,197,201,194,224,123,141,115,174,187,69,3,40,10,155,27,39,233,117,63,13,196,167,2}

17:39:52,326  INFO main:414 - *****************************************************
17:39:53,985  INFO main:399 - ****************Corrida 6 ************************
17:39:53,986  INFO main:400 - Fitness solucion: 87.0
17:39:53,986  INFO main:401 - Indice: 106
17:39:53,986  INFO main:402 - Generacion: 7
17:39:53,986  INFO main:403 - Rechazados: 0
17:39:53,989  INFO main:413 - Individuo Solucion: {64,117,210,102,8,30,181,42,23,67,15,208,231,206,214,142,43,84,135,171,202,195,4,14,192,219,41,198,148,13,196,29,101,167,22,110,96,228,74,56,239,18,116,87,104,25,93,28,17,12,146,234,5,9,105,169,50,211,26,217,85,209,47,11,249,124,0,100,165,139,184,180,48,88,128,145,164,237,108,220,215,92,53,78,2,218,98,3,71,222,114,72,149,129,97,213,226,70,123,159,185,106,89,246,24,99,137,138,158,150,109,157,207,90,49,126,132,60,187,79,19,57,247,115,141,131,62,16,111,194,134,55,65,245,31,52,190,175,223,240,197,230,151,34,94,73,44,201,46,66,225,75,27,161,140,133,162,59,45,212,183,58,38,156,160,32,36,86,191,179,136,119,68,153,248,81,63,242,216,176,174,168,20,6,166,186,35,143,193,95,170,152,199,154,21,120,80,182,241,178,77,7,177,51,232,224,155,163,200,221,39,244,233,125,172,76,33,173,122,236,10,235,37,204,229,91,203,61,189,144,40,205,188,1,83,243,113,54,127,82,107,118,238,103,227,121,147,130,112,69}

17:39:53,989  INFO main:414 - *****************************************************
17:39:55,690  INFO main:399 - ****************Corrida 7 ************************
17:39:55,690  INFO main:400 - Fitness solucion: 87.0
17:39:55,690  INFO main:401 - Indice: 109
17:39:55,690  INFO main:402 - Generacion: 0
17:39:55,690  INFO main:403 - Rechazados: 0
17:39:55,690  INFO main:413 - Individuo Solucion: {14,17,139,247,3,33,24,226,138,4,154,105,70,18,0,68,60,48,76,87,231,27,93,148,97,44,178,47,104,248,220,173,9,95,1,140,217,53,78,99,102,230,204,28,205,40,22,64,242,57,83,126,180,212,229,218,51,8,108,109,129,6,98,115,127,16,123,225,56,136,151,62,52,120,189,114,26,80,63,46,75,249,117,2,39,133,34,89,81,10,12,88,157,141,43,92,19,210,121,122,232,131,65,240,130,235,15,135,183,66,165,239,125,7,69,219,94,216,21,167,5,243,67,30,197,74,227,215,11,71,206,91,58,45,82,128,187,208,38,23,101,32,169,107,73,168,207,85,171,186,147,241,118,41,191,143,196,222,116,175,234,181,149,112,192,195,198,146,200,160,177,214,236,176,179,221,188,103,150,209,110,111,49,202,170,134,199,161,203,36,213,224,174,13,100,132,29,201,155,25,42,156,223,72,190,144,20,90,55,79,153,233,37,163,194,119,228,246,35,184,54,124,142,84,182,244,158,193,185,59,164,50,245,61,31,113,166,211,238,172,106,96,77,86,159,145,152,137,162,237}

17:39:55,690  INFO main:414 - *****************************************************
17:39:57,358  INFO main:399 - ****************Corrida 8 ************************
17:39:57,359  INFO main:400 - Fitness solucion: 87.0
17:39:57,359  INFO main:401 - Indice: 105
17:39:57,359  INFO main:402 - Generacion: 0
17:39:57,359  INFO main:403 - Rechazados: 0
17:39:57,359  INFO main:413 - Individuo Solucion: {5,56,239,25,32,26,31,132,59,209,232,45,162,15,33,189,98,177,29,28,210,243,171,126,24,112,52,130,84,62,61,165,156,225,204,226,222,54,229,4,215,10,167,114,2,100,249,85,176,115,233,105,101,158,236,246,57,119,34,206,207,244,242,51,230,104,92,86,64,14,72,183,43,240,127,152,80,97,75,116,134,1,111,238,102,38,8,70,41,157,77,235,145,67,109,200,39,228,107,220,146,150,175,203,138,17,78,0,88,87,128,136,108,154,47,218,71,53,124,161,182,133,46,65,172,3,231,193,55,216,247,153,6,90,19,147,245,224,103,48,166,188,40,74,96,184,217,20,22,181,49,113,163,131,187,23,143,221,194,213,179,123,190,214,21,148,81,37,185,155,99,89,198,44,50,212,16,129,159,223,35,202,117,13,76,180,122,42,164,169,197,191,135,168,73,106,93,211,174,91,160,178,66,68,12,139,237,36,141,9,144,121,11,170,234,219,140,83,199,95,173,58,192,60,137,151,142,63,201,7,94,195,125,118,27,18,205,149,227,110,30,120,69,82,241,186,248,208,196,79}

17:39:57,359  INFO main:414 - *****************************************************
17:39:59,031  INFO main:399 - ****************Corrida 9 ************************
17:39:59,032  INFO main:400 - Fitness solucion: 92.0
17:39:59,032  INFO main:401 - Indice: 107
17:39:59,032  INFO main:402 - Generacion: 0
17:39:59,032  INFO main:403 - Rechazados: 0
17:39:59,033  INFO main:413 - Individuo Solucion: {125,101,209,161,249,211,184,8,148,84,14,2,19,26,229,107,15,29,110,33,221,131,233,191,70,170,0,200,185,167,13,82,171,235,43,38,220,98,4,222,49,97,56,53,51,192,22,103,59,10,146,35,52,40,66,21,47,243,122,7,105,196,45,160,244,42,204,224,62,136,126,139,189,194,27,71,108,99,193,109,152,116,175,60,92,225,135,86,63,195,242,69,77,128,219,151,23,94,118,80,50,87,206,154,6,46,61,58,76,213,238,18,25,179,158,145,117,1,246,41,237,140,247,231,90,37,96,55,241,188,28,54,239,68,127,88,16,85,34,65,73,227,81,44,17,205,113,30,78,91,176,130,31,102,48,153,133,9,236,12,164,234,216,74,112,156,143,187,104,210,162,228,100,149,89,183,248,137,147,24,67,159,124,132,93,72,169,32,172,177,180,226,181,197,119,120,202,240,64,142,223,150,207,11,178,166,111,95,214,138,106,121,168,208,134,203,201,199,212,173,129,232,75,36,79,144,5,245,198,190,217,165,157,215,115,230,163,57,182,218,186,20,141,83,39,174,123,155,114,3}

17:39:59,033  INFO main:414 - *****************************************************
17:40:00,725  INFO main:399 - ****************Corrida 10 ************************
17:40:00,726  INFO main:400 - Fitness solucion: 88.0
17:40:00,726  INFO main:401 - Indice: 104
17:40:00,726  INFO main:402 - Generacion: 2
17:40:00,726  INFO main:403 - Rechazados: 0
17:40:00,727  INFO main:413 - Individuo Solucion: {216,106,23,0,15,16,144,143,57,6,122,17,46,11,89,87,205,248,32,94,13,148,48,50,27,214,174,175,142,245,199,167,212,211,73,181,98,108,66,76,163,24,59,228,206,149,86,186,5,29,68,195,70,221,134,215,225,56,243,168,176,62,158,97,135,157,75,171,185,79,47,19,18,131,183,118,129,154,151,204,22,119,226,192,246,184,77,84,208,137,100,115,120,202,101,194,237,71,153,38,209,113,82,234,112,110,242,123,41,187,61,1,93,111,213,133,146,45,99,3,104,164,179,96,223,58,80,28,107,130,217,145,55,43,231,21,20,95,165,33,8,196,103,74,220,136,12,201,233,14,128,227,229,52,121,173,114,105,240,2,224,51,88,222,155,53,34,90,159,102,92,232,30,132,147,7,91,203,207,127,152,141,188,69,36,169,63,219,166,160,4,9,60,31,244,83,37,26,25,241,49,85,78,162,39,138,64,65,126,125,239,247,200,172,72,230,177,197,139,150,81,191,249,235,189,10,190,178,182,156,210,198,180,193,170,161,116,124,117,140,44,35,236,109,218,67,42,238,40,54}

17:40:00,727  INFO main:414 - *****************************************************
17:40:02,741  INFO main:399 - ****************Corrida 11 ************************
17:40:02,741  INFO main:400 - Fitness solucion: 87.0
17:40:02,742  INFO main:401 - Indice: 101
17:40:02,742  INFO main:402 - Generacion: 1
17:40:02,742  INFO main:403 - Rechazados: 0
17:40:02,742  INFO main:413 - Individuo Solucion: {1,2,241,134,189,187,221,151,128,240,69,24,242,10,44,35,15,43,84,25,8,231,234,13,82,204,219,220,49,21,105,81,223,233,206,23,218,12,126,19,38,153,150,74,80,91,230,243,58,207,37,196,106,248,199,228,201,146,62,73,203,92,156,226,26,14,160,17,247,246,177,172,46,90,224,71,142,191,102,53,118,75,190,205,239,182,7,171,109,216,124,136,232,168,112,110,96,93,108,115,61,130,148,33,22,176,50,198,5,195,149,57,41,107,85,48,155,139,129,174,249,86,132,162,175,178,125,88,94,147,165,0,167,121,140,116,164,170,210,6,68,217,4,238,120,137,39,64,89,29,200,65,9,60,55,30,119,113,83,245,70,117,133,87,51,213,114,212,47,31,104,215,145,32,40,197,194,111,163,28,135,79,152,211,127,166,158,59,56,185,52,186,222,209,78,101,16,144,143,235,34,76,184,95,154,138,100,193,208,179,97,36,131,67,180,27,169,159,72,18,20,11,244,181,66,122,54,98,202,77,229,45,123,188,192,227,42,63,161,157,225,214,236,103,237,141,183,173,3,99}

17:40:02,742  INFO main:414 - *****************************************************
17:40:04,424  INFO main:399 - ****************Corrida 12 ************************
17:40:04,424  INFO main:400 - Fitness solucion: 88.0
17:40:04,425  INFO main:401 - Indice: 106
17:40:04,425  INFO main:402 - Generacion: 0
17:40:04,425  INFO main:403 - Rechazados: 0
17:40:04,425  INFO main:413 - Individuo Solucion: {47,228,118,70,0,59,40,226,13,38,195,108,229,236,22,26,29,71,121,145,210,170,171,247,49,43,8,90,11,30,244,208,222,35,31,14,120,27,87,141,174,75,140,227,212,217,23,7,242,32,52,46,57,34,93,137,85,53,243,66,41,164,56,188,103,235,65,100,60,173,5,110,159,10,20,113,183,191,96,132,209,213,158,106,78,89,69,221,68,130,146,105,115,98,21,124,25,225,28,91,150,19,15,73,64,136,199,153,198,237,76,169,125,233,248,232,163,36,42,161,168,142,61,9,1,224,246,83,37,139,45,12,3,95,155,67,152,178,117,86,177,114,62,154,16,97,219,48,176,129,196,234,223,138,166,63,123,81,51,107,162,116,126,205,143,109,94,249,101,128,156,17,192,6,189,77,122,180,133,134,50,144,111,80,207,200,197,127,18,194,181,202,119,4,102,149,74,79,148,187,54,131,104,172,230,211,182,215,44,55,218,203,238,24,157,204,193,2,165,99,241,186,231,190,239,39,147,33,135,206,58,92,216,88,240,201,151,185,84,179,175,184,112,72,214,220,245,82,167,160}

17:40:04,425  INFO main:414 - *****************************************************
17:40:06,138  INFO main:399 - ****************Corrida 13 ************************
17:40:06,138  INFO main:400 - Fitness solucion: 88.0
17:40:06,138  INFO main:401 - Indice: 105
17:40:06,138  INFO main:402 - Generacion: 2
17:40:06,138  INFO main:403 - Rechazados: 0
17:40:06,138  INFO main:413 - Individuo Solucion: {2,27,1,15,40,130,12,131,26,78,226,197,28,150,149,152,99,185,42,50,79,9,57,71,221,103,230,38,234,47,163,186,109,166,237,129,19,0,17,167,53,77,95,96,184,110,160,86,136,64,236,227,224,37,83,158,170,168,249,114,145,97,179,76,229,65,68,32,72,46,159,128,202,181,238,56,111,106,25,36,122,22,153,31,189,100,48,154,59,98,171,188,18,75,11,161,3,60,94,247,125,182,137,123,118,242,92,157,195,21,89,148,108,139,84,104,192,119,29,146,66,87,169,219,231,90,117,116,201,210,34,67,102,70,162,24,45,232,8,52,33,61,217,205,133,165,93,10,54,105,113,164,132,143,225,207,177,88,135,211,49,121,213,199,43,69,244,206,138,115,142,5,208,63,16,30,62,214,193,140,239,144,173,172,112,203,178,155,233,91,248,120,55,200,187,35,81,13,241,20,107,180,58,183,23,223,6,80,151,51,124,228,222,235,82,156,73,7,245,216,190,218,134,41,74,175,246,194,85,101,191,4,196,127,147,204,240,174,220,141,198,39,126,14,243,215,44,209,212,176}

17:40:06,139  INFO main:414 - *****************************************************
17:40:07,810  INFO main:399 - ****************Corrida 14 ************************
17:40:07,810  INFO main:400 - Fitness solucion: 88.0
17:40:07,810  INFO main:401 - Indice: 101
17:40:07,810  INFO main:402 - Generacion: 6
17:40:07,810  INFO main:403 - Rechazados: 0
17:40:07,810  INFO main:413 - Individuo Solucion: {0,194,1,212,221,215,17,33,169,152,101,116,75,208,220,168,4,175,85,200,240,171,174,65,145,211,67,15,35,6,245,27,236,40,61,73,41,26,12,246,90,68,214,195,165,206,23,22,239,14,60,11,80,55,69,172,224,112,100,136,160,62,37,110,243,78,52,59,126,223,140,123,18,178,218,44,248,146,9,72,109,105,166,54,2,97,154,83,143,29,56,74,196,124,77,207,48,135,38,229,96,92,159,16,161,185,121,10,49,19,42,128,114,122,107,167,139,190,57,170,241,98,131,184,204,134,94,46,173,7,213,115,84,79,13,141,58,187,111,142,130,237,138,103,249,43,118,232,99,87,186,51,5,3,150,180,39,235,64,191,147,227,148,104,158,127,183,89,95,50,163,25,66,149,231,24,76,222,82,36,234,156,70,102,226,217,199,34,242,151,132,71,144,153,31,45,133,137,247,8,106,93,203,197,86,157,164,129,201,63,188,230,91,209,32,198,81,228,28,193,47,113,120,225,119,88,192,108,210,155,179,238,176,53,162,205,30,216,21,189,244,177,20,125,202,181,182,219,117,233}

17:40:07,810  INFO main:414 - *****************************************************
17:40:09,473  INFO main:399 - ****************Corrida 15 ************************
17:40:09,474  INFO main:400 - Fitness solucion: 92.0
17:40:09,474  INFO main:401 - Indice: 101
17:40:09,474  INFO main:402 - Generacion: 5
17:40:09,474  INFO main:403 - Rechazados: 0
17:40:09,474  INFO main:413 - Individuo Solucion: {148,15,22,42,198,217,227,238,199,87,103,79,50,89,37,106,68,76,47,226,118,168,43,78,127,230,25,12,85,187,34,204,121,203,30,146,48,174,163,243,246,179,72,245,180,8,190,140,4,40,234,201,150,233,197,1,111,86,102,100,225,10,167,173,51,112,59,0,156,221,149,82,242,27,223,241,216,158,129,71,131,75,24,229,123,80,105,128,183,88,41,95,65,60,164,6,162,63,66,130,134,172,49,144,220,206,143,115,170,176,7,177,73,248,136,219,155,61,154,26,214,207,83,101,249,195,56,23,38,208,54,81,18,67,114,239,98,235,147,19,138,218,45,165,31,142,92,96,104,109,212,184,211,232,237,62,64,20,28,117,90,210,16,11,135,77,32,9,116,133,224,244,240,186,122,125,58,178,247,228,160,120,91,17,209,55,124,126,69,175,113,29,193,157,84,35,185,36,52,137,119,57,107,108,236,132,161,192,93,169,152,194,14,188,159,145,213,21,205,215,182,74,39,110,151,189,3,70,44,53,97,33,196,222,141,94,2,202,231,171,13,200,181,99,139,5,153,191,46,166}

17:40:09,474  INFO main:414 - *****************************************************
17:40:11,158  INFO main:399 - ****************Corrida 16 ************************
17:40:11,159  INFO main:400 - Fitness solucion: 88.0
17:40:11,159  INFO main:401 - Indice: 106
17:40:11,159  INFO main:402 - Generacion: 0
17:40:11,159  INFO main:403 - Rechazados: 0
17:40:11,159  INFO main:413 - Individuo Solucion: {4,248,12,96,32,41,47,223,75,230,24,205,88,157,137,81,141,55,9,76,21,198,10,166,231,218,68,26,45,53,70,60,48,86,170,172,182,44,73,77,20,57,186,175,25,246,237,242,131,42,236,168,92,173,133,93,94,120,27,34,226,200,97,113,105,61,67,176,116,58,100,161,145,79,49,140,69,241,98,128,102,207,108,54,249,112,6,117,101,115,46,240,30,136,15,148,84,72,64,66,208,180,82,149,135,119,210,201,143,127,107,18,19,239,37,51,129,29,209,142,154,13,151,160,17,158,126,222,87,164,114,39,122,171,192,169,5,178,38,183,181,56,109,65,204,111,59,153,206,85,224,146,121,80,221,125,167,123,52,106,23,16,162,212,134,187,138,63,228,99,199,132,74,0,139,156,219,159,165,91,227,124,43,232,28,89,40,215,202,1,22,247,229,14,8,152,196,155,31,130,177,118,214,150,95,245,7,110,194,189,50,190,103,216,193,191,188,71,3,213,235,185,33,184,2,78,243,244,163,179,62,220,225,234,147,90,211,238,233,217,144,83,197,203,36,174,11,195,35,104}

17:40:11,159  INFO main:414 - *****************************************************
17:40:12,808  INFO main:399 - ****************Corrida 17 ************************
17:40:12,808  INFO main:400 - Fitness solucion: 87.0
17:40:12,808  INFO main:401 - Indice: 99
17:40:12,808  INFO main:402 - Generacion: 0
17:40:12,809  INFO main:403 - Rechazados: 0
17:40:12,809  INFO main:413 - Individuo Solucion: {84,180,125,6,198,212,249,5,10,91,23,8,55,59,79,138,53,60,2,71,82,73,34,49,206,222,12,135,21,72,148,45,203,134,243,51,233,189,22,70,13,44,64,100,39,20,36,213,170,26,61,85,80,187,83,11,94,225,236,66,219,220,30,33,173,190,31,88,241,202,74,246,221,240,234,81,228,216,4,214,96,122,15,105,89,108,109,78,158,25,195,48,18,184,0,141,62,54,142,121,159,69,120,32,113,77,97,136,210,29,128,27,132,204,164,104,162,115,131,42,129,209,110,150,194,169,38,171,93,65,76,118,199,181,172,50,111,28,205,167,217,7,244,248,146,237,107,56,90,14,52,58,231,168,185,35,101,68,224,175,245,145,151,24,178,161,157,112,200,124,130,40,229,19,186,230,140,208,133,143,37,183,166,174,227,43,99,127,232,160,182,177,123,149,102,137,218,92,156,87,46,126,144,119,67,247,41,165,98,57,242,9,116,188,207,179,153,152,154,75,16,215,114,103,192,147,211,17,47,235,163,95,191,86,201,176,223,238,1,196,106,197,139,193,239,226,63,117,3,155}

17:40:12,809  INFO main:414 - *****************************************************
17:40:14,467  INFO main:399 - ****************Corrida 18 ************************
17:40:14,467  INFO main:400 - Fitness solucion: 91.0
17:40:14,467  INFO main:401 - Indice: 99
17:40:14,467  INFO main:402 - Generacion: 2
17:40:14,467  INFO main:403 - Rechazados: 0
17:40:14,467  INFO main:413 - Individuo Solucion: {201,0,164,212,243,145,246,235,123,25,224,215,114,52,228,232,165,120,70,12,104,211,97,208,7,158,41,60,204,2,229,30,35,209,50,122,231,31,96,54,105,91,55,20,174,94,100,103,233,102,56,4,218,124,216,167,98,64,38,234,1,227,199,119,10,15,187,159,48,74,34,17,141,69,71,214,36,109,8,247,238,149,88,47,115,67,59,137,72,217,136,129,92,73,19,65,118,89,195,5,63,248,127,111,13,152,177,240,223,107,132,192,130,230,110,146,205,241,49,133,80,173,39,225,162,139,112,77,29,27,62,171,51,87,202,22,85,178,53,188,99,237,23,32,220,207,176,14,101,160,86,121,203,142,193,170,194,157,244,213,45,184,186,40,82,219,151,44,37,28,21,83,81,131,221,226,126,6,43,116,190,46,76,191,93,249,148,78,200,175,106,206,161,26,42,189,134,198,153,150,143,117,79,135,16,3,95,128,182,168,138,9,172,179,163,185,144,11,166,108,156,180,154,75,18,155,197,210,147,84,24,113,196,183,33,242,236,169,66,58,181,140,125,245,57,222,61,68,90,239}

17:40:14,468  INFO main:414 - *****************************************************
17:40:16,789  INFO main:399 - ****************Corrida 19 ************************
17:40:16,790  INFO main:400 - Fitness solucion: 88.0
17:40:16,790  INFO main:401 - Indice: 112
17:40:16,790  INFO main:402 - Generacion: 3
17:40:16,790  INFO main:403 - Rechazados: 0
17:40:16,790  INFO main:413 - Individuo Solucion: {12,106,10,18,183,224,33,52,45,40,208,247,63,213,53,3,42,195,150,50,16,80,47,130,232,49,77,28,35,20,181,15,236,11,244,79,96,51,73,41,37,27,109,223,44,159,85,62,227,22,229,87,30,248,36,101,97,56,217,241,242,219,102,149,140,215,157,225,98,64,220,207,189,123,82,177,26,237,89,146,235,107,185,172,6,34,71,180,17,39,60,192,1,24,131,72,76,126,174,178,153,69,55,148,136,21,142,128,173,176,170,139,167,83,151,0,144,209,100,61,214,249,231,118,221,119,226,9,218,78,179,86,58,137,132,99,186,138,228,68,143,70,65,211,14,197,156,240,88,246,7,112,238,104,84,129,105,141,160,94,168,48,59,120,152,212,57,204,25,29,199,222,23,161,4,245,38,135,203,133,67,66,74,134,46,184,32,103,2,127,5,19,187,190,202,125,198,166,169,115,175,108,194,90,191,8,93,164,239,154,13,110,117,230,210,124,81,145,196,216,165,243,201,91,54,116,193,188,43,155,95,147,163,205,233,31,158,75,121,114,171,113,200,92,182,122,111,206,234,162}

17:40:16,790  INFO main:414 - *****************************************************
17:40:18,702  INFO main:399 - ****************Corrida 20 ************************
17:40:18,703  INFO main:400 - Fitness solucion: 90.0
17:40:18,703  INFO main:401 - Indice: 100
17:40:18,703  INFO main:402 - Generacion: 5
17:40:18,703  INFO main:403 - Rechazados: 0
17:40:18,703  INFO main:413 - Individuo Solucion: {210,21,9,26,177,198,111,3,19,184,115,162,242,33,5,12,209,119,17,40,222,169,146,61,91,35,13,1,202,141,14,105,25,59,196,98,245,248,193,85,227,214,90,20,161,80,63,195,83,96,133,41,187,186,160,62,117,94,64,247,175,244,131,97,130,78,121,158,240,45,38,112,18,243,110,76,107,197,138,134,151,241,136,238,36,237,129,204,166,75,99,153,224,225,168,159,116,164,230,207,150,152,56,172,113,155,174,142,67,219,53,15,31,220,232,234,0,57,23,46,213,128,157,233,167,208,190,92,181,109,69,34,246,182,201,30,108,235,104,189,217,27,149,47,118,43,137,192,70,239,50,7,81,199,73,93,147,140,102,203,143,216,95,165,42,223,48,236,124,44,132,4,125,122,71,37,249,22,123,231,89,135,127,103,229,144,100,58,74,145,154,88,49,194,185,188,212,139,82,54,191,55,39,176,179,72,106,65,66,77,211,221,86,101,87,226,52,8,228,51,2,183,29,156,60,28,68,200,32,215,24,6,206,171,126,205,120,218,173,148,114,11,178,84,180,79,170,16,163,10}

17:40:18,703  INFO main:414 - *****************************************************
17:40:20,472  INFO main:399 - ****************Corrida 21 ************************
17:40:20,472  INFO main:400 - Fitness solucion: 89.0
17:40:20,472  INFO main:401 - Indice: 103
17:40:20,472  INFO main:402 - Generacion: 3
17:40:20,472  INFO main:403 - Rechazados: 0
17:40:20,473  INFO main:413 - Individuo Solucion: {2,21,206,39,17,60,15,90,67,59,48,208,175,42,56,74,115,247,99,11,246,22,183,19,50,72,78,76,47,205,119,237,109,133,155,10,100,230,80,89,156,64,179,85,202,53,70,229,147,86,4,142,25,228,173,57,34,28,240,212,201,188,106,190,245,129,243,6,249,127,46,83,0,214,31,93,148,51,49,116,187,158,185,30,71,23,159,203,55,143,209,121,204,146,172,130,225,197,62,36,226,45,111,200,244,132,120,125,27,101,220,73,114,134,233,223,66,105,248,151,103,238,242,198,234,199,5,81,215,128,140,232,104,33,69,154,182,113,87,24,157,224,65,102,219,52,145,118,176,162,84,235,97,98,20,216,144,75,218,63,58,239,178,168,136,222,189,152,236,221,210,82,79,141,137,77,32,112,29,117,171,227,217,123,91,44,160,61,166,170,231,163,138,174,26,194,8,107,7,181,164,153,131,161,165,169,37,40,13,110,108,122,38,167,12,126,139,207,94,186,54,135,68,192,195,88,18,211,191,14,16,184,3,41,213,92,180,1,95,241,9,150,124,149,96,177,43,196,35,193}

17:40:20,473  INFO main:414 - *****************************************************
17:40:22,124  INFO main:399 - ****************Corrida 22 ************************
17:40:22,124  INFO main:400 - Fitness solucion: 93.0
17:40:22,124  INFO main:401 - Indice: 100
17:40:22,124  INFO main:402 - Generacion: 0
17:40:22,124  INFO main:403 - Rechazados: 0
17:40:22,124  INFO main:413 - Individuo Solucion: {11,8,17,15,235,171,47,207,189,154,13,217,30,28,6,31,172,57,215,49,247,65,91,99,84,246,199,167,145,86,185,248,58,133,170,39,45,40,18,26,51,56,201,42,205,230,113,169,7,1,77,34,198,25,106,194,219,173,70,111,88,125,0,46,92,216,155,95,21,147,3,52,228,101,242,128,223,213,102,126,29,116,115,151,104,93,140,226,114,150,224,118,245,83,90,229,220,68,24,208,80,108,100,136,144,158,96,33,131,129,157,197,74,2,22,9,143,72,130,175,184,161,81,50,20,75,186,12,73,160,204,37,66,168,137,190,159,182,135,122,139,234,35,67,59,4,163,166,94,177,119,227,23,180,225,178,191,127,110,38,188,146,124,218,193,132,78,53,210,240,195,10,249,156,97,243,192,71,117,48,76,109,62,244,232,107,43,103,142,32,64,200,16,19,211,69,221,183,212,82,239,79,231,196,181,209,222,5,152,187,120,148,85,149,87,206,121,176,105,55,36,179,27,44,134,63,174,54,141,89,123,60,61,153,214,241,138,203,202,165,164,162,237,233,14,98,236,238,41,112}

17:40:22,124  INFO main:414 - *****************************************************
17:40:23,757  INFO main:399 - ****************Corrida 23 ************************
17:40:23,757  INFO main:400 - Fitness solucion: 92.0
17:40:23,758  INFO main:401 - Indice: 104
17:40:23,758  INFO main:402 - Generacion: 0
17:40:23,758  INFO main:403 - Rechazados: 0
17:40:23,758  INFO main:413 - Individuo Solucion: {43,7,1,0,20,242,116,15,169,86,19,195,196,34,6,30,105,88,49,215,174,210,5,63,92,227,48,58,39,84,123,57,60,76,109,243,141,56,122,16,80,17,71,24,148,62,151,131,9,93,173,95,199,106,154,221,89,163,51,143,157,133,247,144,22,139,180,104,177,108,245,31,185,35,33,225,81,37,27,96,207,87,223,66,150,114,77,249,41,248,220,82,26,171,38,205,209,222,75,90,65,68,182,72,36,232,193,46,241,135,110,67,178,119,189,240,153,234,142,121,125,102,213,52,10,115,228,101,152,214,47,217,99,244,100,85,137,155,45,128,74,112,162,69,197,160,238,187,184,203,224,40,235,59,230,211,147,117,70,94,79,239,113,25,170,73,158,200,132,167,140,201,165,138,78,83,237,146,21,120,28,130,183,29,44,3,156,159,233,97,98,61,136,111,202,54,172,2,181,32,236,8,191,198,188,134,50,190,145,168,127,206,91,216,149,11,231,53,23,4,194,126,107,55,14,204,176,166,212,192,164,18,229,124,208,12,175,161,246,129,42,219,118,186,64,179,226,13,218,103}

17:40:23,758  INFO main:414 - *****************************************************
17:40:25,448  INFO main:399 - ****************Corrida 24 ************************
17:40:25,448  INFO main:400 - Fitness solucion: 87.0
17:40:25,448  INFO main:401 - Indice: 100
17:40:25,449  INFO main:402 - Generacion: 2
17:40:25,449  INFO main:403 - Rechazados: 0
17:40:25,449  INFO main:413 - Individuo Solucion: {162,0,14,28,30,223,215,239,60,53,1,220,107,232,224,189,12,158,102,22,27,206,3,79,165,25,214,67,43,129,184,249,233,221,16,198,70,26,185,91,85,219,2,39,59,49,209,238,50,74,8,46,160,90,87,78,38,201,97,168,130,77,115,112,177,210,132,192,94,180,21,148,173,13,105,244,197,247,188,207,36,182,199,48,237,86,66,92,217,100,216,9,89,41,169,98,11,225,195,190,179,34,212,95,75,18,103,4,245,229,128,72,68,54,99,96,118,202,163,62,80,146,20,196,222,203,154,17,156,149,139,55,7,131,116,126,236,246,152,136,51,241,65,124,69,114,140,231,151,145,63,121,40,135,175,44,82,109,111,167,93,125,147,134,127,205,120,142,248,45,137,138,61,122,161,204,230,119,81,73,31,42,71,208,178,76,226,106,84,24,5,159,191,108,110,52,83,104,144,235,19,33,143,155,64,174,213,166,101,186,58,141,240,10,227,29,123,153,171,193,242,23,57,32,117,35,194,234,176,47,15,170,187,37,6,133,164,211,228,56,88,157,150,218,113,172,181,183,243,200}

17:40:25,449  INFO main:414 - *****************************************************
17:40:27,614  INFO main:399 - ****************Corrida 25 ************************
17:40:27,614  INFO main:400 - Fitness solucion: 92.0
17:40:27,614  INFO main:401 - Indice: 111
17:40:27,614  INFO main:402 - Generacion: 0
17:40:27,614  INFO main:403 - Rechazados: 0
17:40:27,615  INFO main:413 - Individuo Solucion: {39,19,171,1,246,57,8,204,63,17,104,28,30,62,38,223,212,25,11,222,45,32,83,54,106,58,112,195,233,53,43,151,189,163,128,114,122,10,129,237,42,240,208,55,74,124,52,12,79,84,78,18,178,33,66,77,157,153,48,107,187,91,236,105,64,206,9,49,165,5,169,217,60,158,219,234,46,239,76,65,168,119,29,20,164,131,7,180,73,14,207,249,75,3,141,161,134,96,70,80,118,69,37,94,196,31,99,155,137,44,144,127,87,174,103,116,235,183,232,170,22,152,133,184,175,191,92,23,109,16,211,149,218,159,82,125,241,35,27,86,227,173,135,34,101,61,242,154,177,224,147,247,100,67,4,143,113,190,200,197,167,102,111,89,181,248,202,85,228,40,203,188,205,126,226,150,220,194,201,71,130,132,160,214,88,56,108,179,198,148,193,245,192,145,199,172,123,213,230,68,238,156,59,229,95,0,81,6,41,225,110,243,90,72,176,216,139,115,136,142,117,15,210,186,50,120,121,231,162,146,97,24,185,209,140,221,13,51,2,98,244,93,26,138,215,47,166,21,36,182}

17:40:27,615  INFO main:414 - *****************************************************
17:40:29,262  INFO main:399 - ****************Corrida 26 ************************
17:40:29,262  INFO main:400 - Fitness solucion: 92.0
17:40:29,262  INFO main:401 - Indice: 106
17:40:29,262  INFO main:402 - Generacion: 0
17:40:29,262  INFO main:403 - Rechazados: 0
17:40:29,262  INFO main:413 - Individuo Solucion: {136,14,4,9,249,22,162,5,208,121,155,157,111,98,125,18,69,17,240,0,215,194,168,153,193,27,59,45,146,42,247,33,21,15,54,50,73,68,176,248,67,70,145,39,182,92,11,74,102,178,28,142,94,57,183,23,62,104,113,226,209,32,169,241,110,85,65,83,185,2,117,174,188,47,35,46,175,6,25,245,115,71,3,40,56,90,109,24,218,80,82,34,196,210,156,150,30,244,63,181,66,49,149,237,197,119,202,107,55,164,84,38,7,166,201,139,122,93,8,225,114,198,224,161,41,120,134,143,132,141,44,219,232,187,29,19,192,236,191,229,124,165,147,144,170,204,126,238,242,173,60,88,171,37,36,86,148,200,180,140,79,64,172,154,116,99,195,186,16,230,131,222,129,81,123,135,163,10,133,89,100,159,112,207,213,106,212,43,52,211,48,75,151,216,77,76,246,53,118,239,72,137,228,190,189,96,235,243,12,127,58,1,152,184,130,78,227,234,61,97,217,177,206,20,231,138,220,128,95,199,31,91,13,214,101,179,108,160,167,203,158,51,103,221,87,223,105,26,205,233}

17:40:29,262  INFO main:414 - *****************************************************
17:40:30,921  INFO main:399 - ****************Corrida 27 ************************
17:40:30,922  INFO main:400 - Fitness solucion: 92.0
17:40:30,922  INFO main:401 - Indice: 102
17:40:30,922  INFO main:402 - Generacion: 0
17:40:30,922  INFO main:403 - Rechazados: 0
17:40:30,922  INFO main:413 - Individuo Solucion: {75,6,241,157,21,15,73,16,18,161,231,29,23,55,206,32,53,223,107,49,46,9,54,129,96,224,52,57,205,175,93,34,128,166,130,219,159,14,19,249,185,114,238,17,190,84,212,4,42,139,8,199,26,99,92,188,5,41,140,122,147,10,94,215,109,208,51,126,38,211,104,2,232,80,178,110,227,22,195,64,66,245,113,194,243,83,78,242,11,228,120,247,220,131,97,98,125,118,106,183,31,226,111,117,148,13,90,142,160,163,63,177,85,45,79,237,165,82,218,181,235,138,124,244,234,174,171,172,133,164,132,216,115,0,156,103,101,102,145,217,198,65,119,48,44,204,25,77,180,33,86,193,67,37,108,154,221,240,40,184,146,167,71,60,58,213,248,143,233,210,105,100,225,47,81,141,150,135,222,121,61,43,91,201,176,187,76,62,30,179,39,89,189,35,95,127,173,158,3,209,20,151,170,246,192,68,27,88,59,149,207,123,36,230,144,197,134,137,28,155,182,69,112,203,50,229,24,196,153,70,239,116,169,74,87,168,200,56,214,12,136,236,202,1,72,186,152,7,162,191}

17:40:30,922  INFO main:414 - *****************************************************
17:40:32,584  INFO main:399 - ****************Corrida 28 ************************
17:40:32,584  INFO main:400 - Fitness solucion: 87.0
17:40:32,584  INFO main:401 - Indice: 103
17:40:32,584  INFO main:402 - Generacion: 6
17:40:32,584  INFO main:403 - Rechazados: 0
17:40:32,585  INFO main:413 - Individuo Solucion: {26,18,81,97,141,60,244,86,124,161,208,80,219,240,107,17,65,4,6,71,2,235,225,137,220,29,85,61,247,64,239,113,171,34,100,133,199,13,24,196,145,237,14,129,1,118,206,40,154,245,79,163,23,213,227,94,186,217,88,31,28,126,30,10,78,203,109,144,114,222,226,91,72,232,87,102,134,27,180,188,153,204,123,176,51,184,140,178,201,166,231,112,229,9,241,39,152,191,32,236,223,76,48,25,38,136,207,62,228,36,243,172,185,168,156,190,84,230,35,167,189,142,155,67,246,66,116,132,160,57,63,73,224,0,99,125,165,147,218,177,19,15,49,95,83,146,194,11,242,143,47,138,46,121,55,183,212,52,127,192,82,193,233,216,56,42,131,128,43,150,20,200,158,122,54,214,101,209,7,149,187,108,195,175,74,198,70,238,117,77,151,16,162,69,44,3,75,45,120,50,135,215,130,164,33,159,234,90,111,173,115,98,202,197,182,21,248,221,148,157,96,169,181,139,41,8,170,119,37,106,179,211,105,89,110,59,12,205,93,5,68,103,210,174,22,92,58,104,249,53}

17:40:32,585  INFO main:414 - *****************************************************
17:40:34,213  INFO main:399 - ****************Corrida 29 ************************
17:40:34,213  INFO main:400 - Fitness solucion: 92.0
17:40:34,213  INFO main:401 - Indice: 104
17:40:34,214  INFO main:402 - Generacion: 9
17:40:34,214  INFO main:403 - Rechazados: 0
17:40:34,214  INFO main:413 - Individuo Solucion: {78,33,9,41,99,17,115,179,54,68,49,57,25,106,53,198,148,124,226,204,240,21,101,3,228,175,80,20,190,149,77,118,229,131,123,135,132,74,210,89,163,136,22,36,71,199,34,45,150,15,128,60,95,145,90,48,154,187,144,14,51,47,76,202,222,219,205,207,0,120,119,171,245,167,69,248,214,39,94,55,168,11,165,174,85,153,52,97,162,18,59,189,98,5,23,147,88,32,16,2,208,127,178,244,227,232,209,93,223,19,166,249,113,134,4,176,105,111,126,8,246,236,159,79,247,146,61,152,217,200,43,66,10,141,65,242,164,73,103,221,58,230,13,50,129,81,92,108,194,122,156,182,158,142,138,160,212,184,237,220,82,203,169,192,42,218,186,26,114,75,121,27,28,40,224,96,243,37,30,139,157,6,216,1,70,155,117,130,206,201,233,235,67,110,12,109,193,29,170,44,181,191,125,188,72,183,116,31,238,225,195,197,107,100,84,83,86,137,87,172,151,38,91,64,173,102,143,196,24,234,211,63,177,46,213,104,56,133,231,35,62,241,180,161,185,112,215,7,239,140}

17:40:34,214  INFO main:414 - *****************************************************
17:40:34,214  INFO main:416 - Tiempo AGP: 1761
17:40:34,214  INFO main:418 - Promedio Final: 89
17:40:34,214  INFO main:420 - Promedio Generaciones: 0
17:40:34,214  INFO main:422 - *****************Resultados********************
17:40:34,214  INFO main:424 - result: 88.0
17:40:34,214  INFO main:424 - result: 87.0
17:40:34,215  INFO main:424 - result: 93.0
17:40:34,215  INFO main:424 - result: 92.0
17:40:34,215  INFO main:424 - result: 88.0
17:40:34,215  INFO main:424 - result: 89.0
17:40:34,215  INFO main:424 - result: 87.0
17:40:34,215  INFO main:424 - result: 87.0
17:40:34,215  INFO main:424 - result: 87.0
17:40:34,215  INFO main:424 - result: 92.0
17:40:34,215  INFO main:424 - result: 88.0
17:40:34,215  INFO main:424 - result: 87.0
17:40:34,215  INFO main:424 - result: 88.0
17:40:34,215  INFO main:424 - result: 88.0
17:40:34,215  INFO main:424 - result: 88.0
17:40:34,216  INFO main:424 - result: 92.0
17:40:34,216  INFO main:424 - result: 88.0
17:40:34,216  INFO main:424 - result: 87.0
17:40:34,216  INFO main:424 - result: 91.0
17:40:34,216  INFO main:424 - result: 88.0
17:40:34,216  INFO main:424 - result: 90.0
17:40:34,216  INFO main:424 - result: 89.0
17:40:34,216  INFO main:424 - result: 93.0
17:40:34,216  INFO main:424 - result: 92.0
17:40:34,216  INFO main:424 - result: 87.0
17:40:34,216  INFO main:424 - result: 92.0
17:40:34,216  INFO main:424 - result: 92.0
17:40:34,216  INFO main:424 - result: 92.0
17:40:34,217  INFO main:424 - result: 87.0
17:40:34,217  INFO main:424 - result: 92.0
17:40:34,217  INFO main:426 - *****************Generaciones********************
17:40:34,217  INFO main:428 - Generacion: 0
17:40:34,217  INFO main:428 - Generacion: 0
17:40:34,217  INFO main:428 - Generacion: 0
17:40:34,217  INFO main:428 - Generacion: 0
17:40:34,217  INFO main:428 - Generacion: 0
17:40:34,217  INFO main:428 - Generacion: 0
17:40:34,217  INFO main:428 - Generacion: 0
17:40:34,217  INFO main:428 - Generacion: 0
17:40:34,217  INFO main:428 - Generacion: 0
17:40:34,217  INFO main:428 - Generacion: 0
17:40:34,217  INFO main:428 - Generacion: 0
17:40:34,218  INFO main:428 - Generacion: 0
17:40:34,218  INFO main:428 - Generacion: 0
17:40:34,218  INFO main:428 - Generacion: 0
17:40:34,218  INFO main:428 - Generacion: 0
17:40:34,218  INFO main:428 - Generacion: 0
17:40:34,218  INFO main:428 - Generacion: 0
17:40:34,218  INFO main:428 - Generacion: 0
17:40:34,218  INFO main:428 - Generacion: 0
17:40:34,218  INFO main:428 - Generacion: 0
17:40:34,218  INFO main:428 - Generacion: 0
17:40:34,218  INFO main:428 - Generacion: 0
17:40:34,218  INFO main:428 - Generacion: 0
17:40:34,218  INFO main:428 - Generacion: 0
17:40:34,218  INFO main:428 - Generacion: 0
17:40:34,219  INFO main:428 - Generacion: 0
17:40:34,219  INFO main:428 - Generacion: 0
17:40:34,219  INFO main:428 - Generacion: 0
17:40:34,219  INFO main:428 - Generacion: 0
17:40:34,219  INFO main:428 - Generacion: 0
