11:55:46,113  INFO main:168 - Logueando
11:55:46,187  INFO main:387 - ****************AG PERMUTACION****************
11:55:46,688  INFO main:399 - ****************Corrida 0 ************************
11:55:46,688  INFO main:400 - Fitness solucion: 9.0
11:55:46,688  INFO main:401 - Indice: 11
11:55:46,688  INFO main:402 - Generacion: 0
11:55:46,688  INFO main:403 - Rechazados: 15
11:55:46,688  INFO main:413 - Individuo Solucion: {11,7,5,14,4,12,0,1,3,2,10,8,13,9,6}

11:55:46,688  INFO main:414 - *****************************************************
11:55:47,063  INFO main:399 - ****************Corrida 1 ************************
11:55:47,063  INFO main:400 - Fitness solucion: 9.0
11:55:47,063  INFO main:401 - Indice: 12
11:55:47,063  INFO main:402 - Generacion: 0
11:55:47,063  INFO main:403 - Rechazados: 15
11:55:47,063  INFO main:413 - Individuo Solucion: {0,14,8,5,11,13,6,1,7,12,10,2,3,4,9}

11:55:47,063  INFO main:414 - *****************************************************
11:55:47,126  INFO main:399 - ****************Corrida 2 ************************
11:55:47,127  INFO main:400 - Fitness solucion: 9.0
11:55:47,127  INFO main:401 - Indice: 12
11:55:47,127  INFO main:402 - Generacion: 0
11:55:47,127  INFO main:403 - Rechazados: 15
11:55:47,127  INFO main:413 - Individuo Solucion: {12,0,2,7,4,5,3,11,9,6,14,10,8,13,1}

11:55:47,127  INFO main:414 - *****************************************************
11:55:47,194  INFO main:399 - ****************Corrida 3 ************************
11:55:47,194  INFO main:400 - Fitness solucion: 9.0
11:55:47,194  INFO main:401 - Indice: 9
11:55:47,194  INFO main:402 - Generacion: 0
11:55:47,195  INFO main:403 - Rechazados: 15
11:55:47,195  INFO main:413 - Individuo Solucion: {12,7,4,11,2,9,10,3,8,13,6,1,14,5,0}

11:55:47,195  INFO main:414 - *****************************************************
11:55:47,258  INFO main:399 - ****************Corrida 4 ************************
11:55:47,258  INFO main:400 - Fitness solucion: 9.0
11:55:47,258  INFO main:401 - Indice: 11
11:55:47,258  INFO main:402 - Generacion: 0
11:55:47,258  INFO main:403 - Rechazados: 15
11:55:47,259  INFO main:413 - Individuo Solucion: {12,1,11,13,9,8,7,5,14,10,3,0,6,4,2}

11:55:47,259  INFO main:414 - *****************************************************
11:55:47,327  INFO main:399 - ****************Corrida 5 ************************
11:55:47,327  INFO main:400 - Fitness solucion: 9.0
11:55:47,328  INFO main:401 - Indice: 12
11:55:47,328  INFO main:402 - Generacion: 0
11:55:47,328  INFO main:403 - Rechazados: 15
11:55:47,328  INFO main:413 - Individuo Solucion: {1,0,3,11,13,6,2,10,5,4,7,12,14,8,9}

11:55:47,328  INFO main:414 - *****************************************************
11:55:47,381  INFO main:399 - ****************Corrida 6 ************************
11:55:47,381  INFO main:400 - Fitness solucion: 9.0
11:55:47,381  INFO main:401 - Indice: 11
11:55:47,381  INFO main:402 - Generacion: 0
11:55:47,381  INFO main:403 - Rechazados: 15
11:55:47,381  INFO main:413 - Individuo Solucion: {11,0,13,2,7,4,12,14,1,9,8,10,6,3,5}

11:55:47,381  INFO main:414 - *****************************************************
11:55:47,444  INFO main:399 - ****************Corrida 7 ************************
11:55:47,444  INFO main:400 - Fitness solucion: 9.0
11:55:47,445  INFO main:401 - Indice: 12
11:55:47,445  INFO main:402 - Generacion: 0
11:55:47,445  INFO main:403 - Rechazados: 15
11:55:47,445  INFO main:413 - Individuo Solucion: {10,7,2,5,0,11,6,3,4,8,12,9,14,1,13}

11:55:47,445  INFO main:414 - *****************************************************
11:55:47,498  INFO main:399 - ****************Corrida 8 ************************
11:55:47,498  INFO main:400 - Fitness solucion: 9.0
11:55:47,498  INFO main:401 - Indice: 11
11:55:47,498  INFO main:402 - Generacion: 0
11:55:47,498  INFO main:403 - Rechazados: 15
11:55:47,498  INFO main:413 - Individuo Solucion: {0,9,11,13,10,5,1,3,12,7,8,4,6,14,2}

11:55:47,499  INFO main:414 - *****************************************************
11:55:47,551  INFO main:399 - ****************Corrida 9 ************************
11:55:47,552  INFO main:400 - Fitness solucion: 9.0
11:55:47,552  INFO main:401 - Indice: 11
11:55:47,552  INFO main:402 - Generacion: 0
11:55:47,552  INFO main:403 - Rechazados: 15
11:55:47,552  INFO main:413 - Individuo Solucion: {8,1,9,11,6,12,3,10,0,7,14,5,4,2,13}

11:55:47,552  INFO main:414 - *****************************************************
11:55:47,605  INFO main:399 - ****************Corrida 10 ************************
11:55:47,605  INFO main:400 - Fitness solucion: 9.0
11:55:47,605  INFO main:401 - Indice: 12
11:55:47,605  INFO main:402 - Generacion: 0
11:55:47,605  INFO main:403 - Rechazados: 15
11:55:47,605  INFO main:413 - Individuo Solucion: {1,4,13,3,5,6,8,11,10,2,7,12,14,0,9}

11:55:47,606  INFO main:414 - *****************************************************
11:55:47,659  INFO main:399 - ****************Corrida 11 ************************
11:55:47,659  INFO main:400 - Fitness solucion: 9.0
11:55:47,659  INFO main:401 - Indice: 12
11:55:47,659  INFO main:402 - Generacion: 0
11:55:47,660  INFO main:403 - Rechazados: 15
11:55:47,660  INFO main:413 - Individuo Solucion: {8,0,9,14,4,13,2,12,1,6,3,7,5,10,11}

11:55:47,660  INFO main:414 - *****************************************************
11:55:47,713  INFO main:399 - ****************Corrida 12 ************************
11:55:47,713  INFO main:400 - Fitness solucion: 9.0
11:55:47,714  INFO main:401 - Indice: 9
11:55:47,714  INFO main:402 - Generacion: 0
11:55:47,714  INFO main:403 - Rechazados: 15
11:55:47,714  INFO main:413 - Individuo Solucion: {2,6,13,14,11,3,10,0,12,4,7,1,5,8,9}

11:55:47,714  INFO main:414 - *****************************************************
11:55:47,767  INFO main:399 - ****************Corrida 13 ************************
11:55:47,767  INFO main:400 - Fitness solucion: 9.0
11:55:47,767  INFO main:401 - Indice: 9
11:55:47,767  INFO main:402 - Generacion: 0
11:55:47,768  INFO main:403 - Rechazados: 15
11:55:47,768  INFO main:413 - Individuo Solucion: {7,6,8,9,1,11,5,4,0,10,12,3,13,2,14}

11:55:47,768  INFO main:414 - *****************************************************
11:55:47,821  INFO main:399 - ****************Corrida 14 ************************
11:55:47,821  INFO main:400 - Fitness solucion: 9.0
11:55:47,821  INFO main:401 - Indice: 9
11:55:47,822  INFO main:402 - Generacion: 0
11:55:47,822  INFO main:403 - Rechazados: 15
11:55:47,822  INFO main:413 - Individuo Solucion: {9,2,14,6,10,12,0,13,4,5,3,1,8,7,11}

11:55:47,822  INFO main:414 - *****************************************************
11:55:47,874  INFO main:399 - ****************Corrida 15 ************************
11:55:47,875  INFO main:400 - Fitness solucion: 9.0
11:55:47,875  INFO main:401 - Indice: 11
11:55:47,875  INFO main:402 - Generacion: 0
11:55:47,875  INFO main:403 - Rechazados: 15
11:55:47,875  INFO main:413 - Individuo Solucion: {10,7,13,0,14,12,5,4,6,9,2,1,8,3,11}

11:55:47,875  INFO main:414 - *****************************************************
11:55:47,929  INFO main:399 - ****************Corrida 16 ************************
11:55:47,929  INFO main:400 - Fitness solucion: 9.0
11:55:47,929  INFO main:401 - Indice: 11
11:55:47,929  INFO main:402 - Generacion: 0
11:55:47,930  INFO main:403 - Rechazados: 15
11:55:47,930  INFO main:413 - Individuo Solucion: {10,3,14,4,7,0,1,13,11,9,12,8,5,2,6}

11:55:47,930  INFO main:414 - *****************************************************
11:55:47,990  INFO main:399 - ****************Corrida 17 ************************
11:55:47,990  INFO main:400 - Fitness solucion: 9.0
11:55:47,990  INFO main:401 - Indice: 11
11:55:47,990  INFO main:402 - Generacion: 0
11:55:47,990  INFO main:403 - Rechazados: 15
11:55:47,991  INFO main:413 - Individuo Solucion: {14,13,4,3,7,5,8,11,9,10,0,12,1,6,2}

11:55:47,991  INFO main:414 - *****************************************************
11:55:48,055  INFO main:399 - ****************Corrida 18 ************************
11:55:48,055  INFO main:400 - Fitness solucion: 9.0
11:55:48,055  INFO main:401 - Indice: 9
11:55:48,055  INFO main:402 - Generacion: 0
11:55:48,055  INFO main:403 - Rechazados: 15
11:55:48,055  INFO main:413 - Individuo Solucion: {9,7,0,13,2,6,12,3,8,10,5,11,14,1,4}

11:55:48,055  INFO main:414 - *****************************************************
11:55:48,116  INFO main:399 - ****************Corrida 19 ************************
11:55:48,117  INFO main:400 - Fitness solucion: 9.0
11:55:48,117  INFO main:401 - Indice: 11
11:55:48,117  INFO main:402 - Generacion: 0
11:55:48,117  INFO main:403 - Rechazados: 15
11:55:48,117  INFO main:413 - Individuo Solucion: {0,4,2,8,14,1,9,5,3,7,10,11,13,12,6}

11:55:48,117  INFO main:414 - *****************************************************
11:55:48,179  INFO main:399 - ****************Corrida 20 ************************
11:55:48,179  INFO main:400 - Fitness solucion: 9.0
11:55:48,179  INFO main:401 - Indice: 9
11:55:48,179  INFO main:402 - Generacion: 0
11:55:48,179  INFO main:403 - Rechazados: 15
11:55:48,179  INFO main:413 - Individuo Solucion: {0,6,1,14,3,4,8,13,5,7,9,11,12,2,10}

11:55:48,179  INFO main:414 - *****************************************************
11:55:48,240  INFO main:399 - ****************Corrida 21 ************************
11:55:48,240  INFO main:400 - Fitness solucion: 9.0
11:55:48,240  INFO main:401 - Indice: 12
11:55:48,240  INFO main:402 - Generacion: 0
11:55:48,240  INFO main:403 - Rechazados: 15
11:55:48,240  INFO main:413 - Individuo Solucion: {0,2,1,9,3,12,13,4,8,14,5,11,10,6,7}

11:55:48,240  INFO main:414 - *****************************************************
11:55:48,300  INFO main:399 - ****************Corrida 22 ************************
11:55:48,300  INFO main:400 - Fitness solucion: 9.0
11:55:48,300  INFO main:401 - Indice: 12
11:55:48,300  INFO main:402 - Generacion: 0
11:55:48,300  INFO main:403 - Rechazados: 15
11:55:48,300  INFO main:413 - Individuo Solucion: {6,13,0,5,3,4,2,1,14,9,10,7,11,8,12}

11:55:48,300  INFO main:414 - *****************************************************
11:55:48,359  INFO main:399 - ****************Corrida 23 ************************
11:55:48,359  INFO main:400 - Fitness solucion: 9.0
11:55:48,359  INFO main:401 - Indice: 9
11:55:48,359  INFO main:402 - Generacion: 0
11:55:48,359  INFO main:403 - Rechazados: 15
11:55:48,359  INFO main:413 - Individuo Solucion: {8,11,1,4,6,0,5,14,7,10,9,2,13,12,3}

11:55:48,360  INFO main:414 - *****************************************************
11:55:48,419  INFO main:399 - ****************Corrida 24 ************************
11:55:48,419  INFO main:400 - Fitness solucion: 9.0
11:55:48,419  INFO main:401 - Indice: 12
11:55:48,419  INFO main:402 - Generacion: 0
11:55:48,419  INFO main:403 - Rechazados: 15
11:55:48,419  INFO main:413 - Individuo Solucion: {0,8,7,1,9,11,4,6,10,14,2,13,3,5,12}

11:55:48,419  INFO main:414 - *****************************************************
11:55:48,478  INFO main:399 - ****************Corrida 25 ************************
11:55:48,478  INFO main:400 - Fitness solucion: 9.0
11:55:48,478  INFO main:401 - Indice: 9
11:55:48,478  INFO main:402 - Generacion: 0
11:55:48,478  INFO main:403 - Rechazados: 15
11:55:48,478  INFO main:413 - Individuo Solucion: {5,9,8,1,4,13,12,3,11,2,0,7,14,6,10}

11:55:48,478  INFO main:414 - *****************************************************
11:55:48,531  INFO main:399 - ****************Corrida 26 ************************
11:55:48,531  INFO main:400 - Fitness solucion: 9.0
11:55:48,531  INFO main:401 - Indice: 11
11:55:48,532  INFO main:402 - Generacion: 0
11:55:48,532  INFO main:403 - Rechazados: 15
11:55:48,532  INFO main:413 - Individuo Solucion: {11,12,14,9,4,0,3,1,2,7,8,13,5,6,10}

11:55:48,532  INFO main:414 - *****************************************************
11:55:48,585  INFO main:399 - ****************Corrida 27 ************************
11:55:48,585  INFO main:400 - Fitness solucion: 9.0
11:55:48,585  INFO main:401 - Indice: 11
11:55:48,585  INFO main:402 - Generacion: 0
11:55:48,585  INFO main:403 - Rechazados: 15
11:55:48,585  INFO main:413 - Individuo Solucion: {3,11,4,7,12,9,13,14,2,0,8,10,1,6,5}

11:55:48,586  INFO main:414 - *****************************************************
11:55:48,638  INFO main:399 - ****************Corrida 28 ************************
11:55:48,639  INFO main:400 - Fitness solucion: 9.0
11:55:48,639  INFO main:401 - Indice: 11
11:55:48,639  INFO main:402 - Generacion: 0
11:55:48,639  INFO main:403 - Rechazados: 15
11:55:48,639  INFO main:413 - Individuo Solucion: {12,2,1,3,14,13,4,6,9,8,11,5,0,10,7}

11:55:48,639  INFO main:414 - *****************************************************
11:55:48,693  INFO main:399 - ****************Corrida 29 ************************
11:55:48,693  INFO main:400 - Fitness solucion: 9.0
11:55:48,693  INFO main:401 - Indice: 12
11:55:48,694  INFO main:402 - Generacion: 0
11:55:48,694  INFO main:403 - Rechazados: 15
11:55:48,694  INFO main:413 - Individuo Solucion: {1,7,11,2,3,5,0,8,9,4,14,13,10,6,12}

11:55:48,694  INFO main:414 - *****************************************************
11:55:48,694  INFO main:416 - Tiempo AGP: 82
11:55:48,694  INFO main:417 - Promedio Final: 9
11:55:48,694  INFO main:418 - Promedio Generaciones: 0
11:55:48,694  INFO main:420 - *****************Resultados********************
11:55:48,694  INFO main:422 - result: 9.0
11:55:48,694  INFO main:422 - result: 9.0
11:55:48,694  INFO main:422 - result: 9.0
11:55:48,694  INFO main:422 - result: 9.0
11:55:48,694  INFO main:422 - result: 9.0
11:55:48,694  INFO main:422 - result: 9.0
11:55:48,695  INFO main:422 - result: 9.0
11:55:48,695  INFO main:422 - result: 9.0
11:55:48,695  INFO main:422 - result: 9.0
11:55:48,695  INFO main:422 - result: 9.0
11:55:48,695  INFO main:422 - result: 9.0
11:55:48,695  INFO main:422 - result: 9.0
11:55:48,695  INFO main:422 - result: 9.0
11:55:48,695  INFO main:422 - result: 9.0
11:55:48,695  INFO main:422 - result: 9.0
11:55:48,695  INFO main:422 - result: 9.0
11:55:48,695  INFO main:422 - result: 9.0
11:55:48,695  INFO main:422 - result: 9.0
11:55:48,696  INFO main:422 - result: 9.0
11:55:48,696  INFO main:422 - result: 9.0
11:55:48,696  INFO main:422 - result: 9.0
11:55:48,696  INFO main:422 - result: 9.0
11:55:48,696  INFO main:422 - result: 9.0
11:55:48,696  INFO main:422 - result: 9.0
11:55:48,696  INFO main:422 - result: 9.0
11:55:48,696  INFO main:422 - result: 9.0
11:55:48,696  INFO main:422 - result: 9.0
11:55:48,696  INFO main:422 - result: 9.0
11:55:48,696  INFO main:422 - result: 9.0
11:55:48,696  INFO main:422 - result: 9.0
11:55:48,696  INFO main:424 - *****************Generaciones********************
11:55:48,696  INFO main:426 - Generacion: 0
11:55:48,696  INFO main:426 - Generacion: 0
11:55:48,697  INFO main:426 - Generacion: 0
11:55:48,697  INFO main:426 - Generacion: 0
11:55:48,697  INFO main:426 - Generacion: 0
11:55:48,697  INFO main:426 - Generacion: 0
11:55:48,697  INFO main:426 - Generacion: 0
11:55:48,697  INFO main:426 - Generacion: 0
11:55:48,697  INFO main:426 - Generacion: 0
11:55:48,697  INFO main:426 - Generacion: 0
11:55:48,697  INFO main:426 - Generacion: 0
11:55:48,697  INFO main:426 - Generacion: 0
11:55:48,697  INFO main:426 - Generacion: 0
11:55:48,697  INFO main:426 - Generacion: 0
11:55:48,697  INFO main:426 - Generacion: 0
11:55:48,697  INFO main:426 - Generacion: 0
11:55:48,698  INFO main:426 - Generacion: 0
11:55:48,698  INFO main:426 - Generacion: 0
11:55:48,698  INFO main:426 - Generacion: 0
11:55:48,698  INFO main:426 - Generacion: 0
11:55:48,698  INFO main:426 - Generacion: 0
11:55:48,698  INFO main:426 - Generacion: 0
11:55:48,698  INFO main:426 - Generacion: 0
11:55:48,698  INFO main:426 - Generacion: 0
11:55:48,698  INFO main:426 - Generacion: 0
11:55:48,698  INFO main:426 - Generacion: 0
11:55:48,698  INFO main:426 - Generacion: 0
11:55:48,698  INFO main:426 - Generacion: 0
11:55:48,698  INFO main:426 - Generacion: 0
11:55:48,698  INFO main:426 - Generacion: 0
