22:26:41,990  INFO main:168 - Logueando
22:27:37,294  INFO main:361 - ****************Corrida 0 ************************
22:27:37,294  INFO main:362 - Fitness solucion: 24.0
22:27:37,295  INFO main:363 - Indice: 25
22:27:37,295  INFO main:364 - Generacion: 0
22:27:37,295  INFO main:374 - Individuo Solucion: {23,28,13,9,24,4,6,0,10,7,29,14,17,18,12,22,21,11,20,1,5,19,8,27,2,15,16,25,26,3}

22:27:37,295  INFO main:375 - *****************************************************
22:27:37,611  INFO main:361 - ****************Corrida 1 ************************
22:27:37,611  INFO main:362 - Fitness solucion: 24.0
22:27:37,611  INFO main:363 - Indice: 25
22:27:37,611  INFO main:364 - Generacion: 0
22:27:37,611  INFO main:374 - Individuo Solucion: {15,5,0,13,24,21,7,20,16,6,8,2,29,26,12,9,25,11,23,19,4,22,17,18,27,28,10,3,14,1}

22:27:37,612  INFO main:375 - *****************************************************
22:27:37,859  INFO main:361 - ****************Corrida 2 ************************
22:27:37,859  INFO main:362 - Fitness solucion: 24.0
22:27:37,859  INFO main:363 - Indice: 27
22:27:37,859  INFO main:364 - Generacion: 0
22:27:37,860  INFO main:374 - Individuo Solucion: {4,27,1,2,21,6,7,3,25,14,0,24,5,11,20,22,18,8,9,12,19,16,10,28,15,29,26,23,17,13}

22:27:37,860  INFO main:375 - *****************************************************
22:27:38,060  INFO main:361 - ****************Corrida 3 ************************
22:27:38,060  INFO main:362 - Fitness solucion: 24.0
22:27:38,060  INFO main:363 - Indice: 26
22:27:38,060  INFO main:364 - Generacion: 0
22:27:38,061  INFO main:374 - Individuo Solucion: {0,1,3,8,26,18,22,5,9,10,2,17,4,7,13,20,23,16,29,14,24,11,6,21,19,28,25,27,15,12}

22:27:38,061  INFO main:375 - *****************************************************
22:27:38,281  INFO main:361 - ****************Corrida 4 ************************
22:27:38,282  INFO main:362 - Fitness solucion: 24.0
22:27:38,282  INFO main:363 - Indice: 24
22:27:38,282  INFO main:364 - Generacion: 0
22:27:38,282  INFO main:374 - Individuo Solucion: {12,6,18,5,26,3,29,7,15,23,4,13,1,19,20,8,21,9,10,28,27,22,0,2,17,24,14,16,11,25}

22:27:38,282  INFO main:375 - *****************************************************
22:27:38,507  INFO main:361 - ****************Corrida 5 ************************
22:27:38,507  INFO main:362 - Fitness solucion: 24.0
22:27:38,507  INFO main:363 - Indice: 24
22:27:38,507  INFO main:364 - Generacion: 0
22:27:38,507  INFO main:374 - Individuo Solucion: {3,4,15,17,27,7,12,8,6,9,21,10,5,20,2,23,28,11,26,1,14,16,29,25,0,19,18,22,24,13}

22:27:38,507  INFO main:375 - *****************************************************
22:27:38,842  INFO main:361 - ****************Corrida 6 ************************
22:27:38,842  INFO main:362 - Fitness solucion: 24.0
22:27:38,842  INFO main:363 - Indice: 29
22:27:38,842  INFO main:364 - Generacion: 0
22:27:38,842  INFO main:374 - Individuo Solucion: {7,28,24,5,18,1,2,26,29,4,22,3,25,20,12,13,14,10,27,19,21,0,11,15,9,17,6,8,23,16}

22:27:38,843  INFO main:375 - *****************************************************
22:27:39,076  INFO main:361 - ****************Corrida 7 ************************
22:27:39,076  INFO main:362 - Fitness solucion: 24.0
22:27:39,077  INFO main:363 - Indice: 24
22:27:39,077  INFO main:364 - Generacion: 0
22:27:39,077  INFO main:374 - Individuo Solucion: {0,6,20,3,19,23,7,24,5,13,28,9,8,11,12,29,18,14,2,25,10,16,21,4,27,17,26,1,22,15}

22:27:39,077  INFO main:375 - *****************************************************
22:27:39,331  INFO main:361 - ****************Corrida 8 ************************
22:27:39,331  INFO main:362 - Fitness solucion: 24.0
22:27:39,331  INFO main:363 - Indice: 25
22:27:39,331  INFO main:364 - Generacion: 0
22:27:39,331  INFO main:374 - Individuo Solucion: {6,4,5,20,29,9,23,25,8,13,15,12,26,0,27,1,21,18,19,17,2,11,24,3,28,22,16,10,14,7}

22:27:39,331  INFO main:375 - *****************************************************
22:27:39,539  INFO main:361 - ****************Corrida 9 ************************
22:27:39,540  INFO main:362 - Fitness solucion: 24.0
22:27:39,540  INFO main:363 - Indice: 24
22:27:39,540  INFO main:364 - Generacion: 0
22:27:39,540  INFO main:374 - Individuo Solucion: {3,5,6,9,10,17,7,2,12,25,24,23,18,21,1,15,29,4,19,13,8,28,26,14,20,11,16,22,0,27}

22:27:39,541  INFO main:375 - *****************************************************
22:27:39,819  INFO main:361 - ****************Corrida 10 ************************
22:27:39,819  INFO main:362 - Fitness solucion: 24.0
22:27:39,819  INFO main:363 - Indice: 24
22:27:39,819  INFO main:364 - Generacion: 0
22:27:39,820  INFO main:374 - Individuo Solucion: {4,26,8,17,24,19,6,10,29,12,16,7,11,0,9,3,5,21,13,27,22,2,14,23,18,20,15,25,1,28}

22:27:39,820  INFO main:375 - *****************************************************
22:27:40,032  INFO main:361 - ****************Corrida 11 ************************
22:27:40,033  INFO main:362 - Fitness solucion: 24.0
22:27:40,033  INFO main:363 - Indice: 27
22:27:40,036  INFO main:364 - Generacion: 0
22:27:40,036  INFO main:374 - Individuo Solucion: {6,7,20,8,12,1,21,11,2,0,22,15,26,28,16,24,4,3,9,10,29,18,17,5,13,25,23,14,19,27}

22:27:40,036  INFO main:375 - *****************************************************
22:27:40,254  INFO main:361 - ****************Corrida 12 ************************
22:27:40,254  INFO main:362 - Fitness solucion: 24.0
22:27:40,254  INFO main:363 - Indice: 24
22:27:40,254  INFO main:364 - Generacion: 0
22:27:40,255  INFO main:374 - Individuo Solucion: {29,0,26,20,2,6,11,25,10,27,8,3,28,15,9,18,16,19,4,7,24,17,1,21,5,14,12,13,23,22}

22:27:40,255  INFO main:375 - *****************************************************
22:27:40,490  INFO main:361 - ****************Corrida 13 ************************
22:27:40,490  INFO main:362 - Fitness solucion: 24.0
22:27:40,490  INFO main:363 - Indice: 24
22:27:40,490  INFO main:364 - Generacion: 0
22:27:40,490  INFO main:374 - Individuo Solucion: {5,0,3,27,10,9,7,2,28,16,1,17,14,20,29,25,13,6,21,8,24,12,26,19,22,18,11,15,23,4}

22:27:40,491  INFO main:375 - *****************************************************
22:27:40,716  INFO main:361 - ****************Corrida 14 ************************
22:27:40,717  INFO main:362 - Fitness solucion: 24.0
22:27:40,717  INFO main:363 - Indice: 24
22:27:40,717  INFO main:364 - Generacion: 0
22:27:40,717  INFO main:374 - Individuo Solucion: {3,24,27,1,2,0,5,7,4,23,29,19,11,25,22,16,17,18,12,6,26,9,21,28,14,13,15,20,8,10}

22:27:40,717  INFO main:375 - *****************************************************
22:27:40,917  INFO main:361 - ****************Corrida 15 ************************
22:27:40,918  INFO main:362 - Fitness solucion: 24.0
22:27:40,918  INFO main:363 - Indice: 24
22:27:40,918  INFO main:364 - Generacion: 0
22:27:40,918  INFO main:374 - Individuo Solucion: {7,0,19,14,29,16,21,11,28,1,5,8,2,9,4,13,6,10,12,20,26,3,17,22,24,27,18,23,25,15}

22:27:40,918  INFO main:375 - *****************************************************
22:27:41,134  INFO main:361 - ****************Corrida 16 ************************
22:27:41,134  INFO main:362 - Fitness solucion: 24.0
22:27:41,134  INFO main:363 - Indice: 24
22:27:41,134  INFO main:364 - Generacion: 0
22:27:41,134  INFO main:374 - Individuo Solucion: {8,27,4,13,6,1,29,9,5,12,10,24,28,11,7,20,26,15,16,14,2,19,21,3,23,0,17,18,22,25}

22:27:41,135  INFO main:375 - *****************************************************
22:27:41,416  INFO main:361 - ****************Corrida 17 ************************
22:27:41,416  INFO main:362 - Fitness solucion: 24.0
22:27:41,416  INFO main:363 - Indice: 24
22:27:41,417  INFO main:364 - Generacion: 0
22:27:41,417  INFO main:374 - Individuo Solucion: {28,8,9,13,26,6,17,4,7,2,27,25,11,5,12,29,20,22,1,10,21,18,15,24,0,16,19,14,23,3}

22:27:41,417  INFO main:375 - *****************************************************
22:27:41,641  INFO main:361 - ****************Corrida 18 ************************
22:27:41,641  INFO main:362 - Fitness solucion: 24.0
22:27:41,641  INFO main:363 - Indice: 24
22:27:41,641  INFO main:364 - Generacion: 0
22:27:41,642  INFO main:374 - Individuo Solucion: {21,18,7,23,4,0,22,11,27,1,20,5,28,24,10,19,2,12,8,29,13,15,9,6,25,14,17,26,16,3}

22:27:41,642  INFO main:375 - *****************************************************
22:27:41,829  INFO main:361 - ****************Corrida 19 ************************
22:27:41,830  INFO main:362 - Fitness solucion: 24.0
22:27:41,830  INFO main:363 - Indice: 27
22:27:41,830  INFO main:364 - Generacion: 0
22:27:41,830  INFO main:374 - Individuo Solucion: {4,3,13,12,28,11,21,15,17,27,16,14,26,25,18,0,9,29,10,22,6,23,20,7,19,5,2,24,1,8}

22:27:41,830  INFO main:375 - *****************************************************
22:27:42,019  INFO main:361 - ****************Corrida 20 ************************
22:27:42,020  INFO main:362 - Fitness solucion: 24.0
22:27:42,020  INFO main:363 - Indice: 29
22:27:42,020  INFO main:364 - Generacion: 0
22:27:42,020  INFO main:374 - Individuo Solucion: {9,16,7,13,11,5,10,4,17,28,6,25,1,29,3,21,20,26,19,0,14,18,24,12,23,8,27,2,22,15}

22:27:42,020  INFO main:375 - *****************************************************
22:27:42,207  INFO main:361 - ****************Corrida 21 ************************
22:27:42,207  INFO main:362 - Fitness solucion: 24.0
22:27:42,207  INFO main:363 - Indice: 26
22:27:42,208  INFO main:364 - Generacion: 0
22:27:42,208  INFO main:374 - Individuo Solucion: {21,22,1,16,7,0,6,5,28,4,3,29,13,12,10,25,11,19,8,20,27,14,15,17,18,24,9,26,23,2}

22:27:42,208  INFO main:375 - *****************************************************
22:27:42,400  INFO main:361 - ****************Corrida 22 ************************
22:27:42,400  INFO main:362 - Fitness solucion: 24.0
22:27:42,400  INFO main:363 - Indice: 26
22:27:42,400  INFO main:364 - Generacion: 0
22:27:42,400  INFO main:374 - Individuo Solucion: {28,9,0,25,5,24,7,15,10,8,3,12,11,6,14,13,16,4,23,27,1,17,20,19,22,18,29,2,26,21}

22:27:42,400  INFO main:375 - *****************************************************
22:27:42,595  INFO main:361 - ****************Corrida 23 ************************
22:27:42,595  INFO main:362 - Fitness solucion: 24.0
22:27:42,595  INFO main:363 - Indice: 24
22:27:42,596  INFO main:364 - Generacion: 0
22:27:42,596  INFO main:374 - Individuo Solucion: {1,3,24,15,22,16,17,28,23,11,2,29,13,5,0,9,19,12,14,20,10,25,26,18,6,21,7,27,8,4}

22:27:42,596  INFO main:375 - *****************************************************
22:27:42,784  INFO main:361 - ****************Corrida 24 ************************
22:27:42,784  INFO main:362 - Fitness solucion: 24.0
22:27:42,784  INFO main:363 - Indice: 24
22:27:42,784  INFO main:364 - Generacion: 0
22:27:42,784  INFO main:374 - Individuo Solucion: {12,28,2,15,8,23,5,22,27,10,19,9,0,18,26,14,29,16,13,7,3,1,6,25,11,4,24,21,20,17}

22:27:42,784  INFO main:375 - *****************************************************
22:27:42,972  INFO main:361 - ****************Corrida 25 ************************
22:27:42,972  INFO main:362 - Fitness solucion: 24.0
22:27:42,972  INFO main:363 - Indice: 24
22:27:42,972  INFO main:364 - Generacion: 0
22:27:42,973  INFO main:374 - Individuo Solucion: {18,14,2,22,19,3,1,12,23,10,15,8,9,27,0,6,25,7,17,21,11,24,26,29,16,4,5,20,28,13}

22:27:42,973  INFO main:375 - *****************************************************
22:27:43,167  INFO main:361 - ****************Corrida 26 ************************
22:27:43,167  INFO main:362 - Fitness solucion: 24.0
22:27:43,167  INFO main:363 - Indice: 27
22:27:43,167  INFO main:364 - Generacion: 0
22:27:43,167  INFO main:374 - Individuo Solucion: {3,25,8,27,1,20,2,0,28,5,19,10,9,21,23,4,26,15,6,12,7,17,11,13,18,24,29,14,16,22}

22:27:43,167  INFO main:375 - *****************************************************
22:27:43,356  INFO main:361 - ****************Corrida 27 ************************
22:27:43,356  INFO main:362 - Fitness solucion: 24.0
22:27:43,357  INFO main:363 - Indice: 27
22:27:43,357  INFO main:364 - Generacion: 0
22:27:43,357  INFO main:374 - Individuo Solucion: {4,29,10,7,5,8,6,9,16,24,25,17,22,26,14,28,12,27,15,20,13,11,18,19,2,3,21,23,1,0}

22:27:43,357  INFO main:375 - *****************************************************
22:27:43,542  INFO main:361 - ****************Corrida 28 ************************
22:27:43,543  INFO main:362 - Fitness solucion: 24.0
22:27:43,543  INFO main:363 - Indice: 25
22:27:43,543  INFO main:364 - Generacion: 0
22:27:43,543  INFO main:374 - Individuo Solucion: {14,9,29,20,13,7,24,5,19,4,28,8,12,11,26,16,3,22,27,0,23,1,15,21,2,18,10,6,17,25}

22:27:43,543  INFO main:375 - *****************************************************
22:27:43,731  INFO main:361 - ****************Corrida 29 ************************
22:27:43,731  INFO main:362 - Fitness solucion: 24.0
22:27:43,731  INFO main:363 - Indice: 24
22:27:43,731  INFO main:364 - Generacion: 0
22:27:43,731  INFO main:374 - Individuo Solucion: {29,1,9,2,21,3,7,26,24,5,28,4,0,15,20,10,23,16,19,8,12,18,11,14,25,6,27,22,17,13}

22:27:43,731  INFO main:375 - *****************************************************
22:27:43,732  INFO main:377 - Tiempo AGP: 291
22:27:43,732  INFO main:378 - Promedio Final: 24
22:27:43,732  INFO main:379 - Promedio Generaciones: 0
22:27:43,732  INFO main:381 - *****************Resultados********************
22:27:43,732  INFO main:383 - result: 24.0
22:27:43,732  INFO main:383 - result: 24.0
22:27:43,733  INFO main:383 - result: 24.0
22:27:43,733  INFO main:383 - result: 24.0
22:27:43,733  INFO main:383 - result: 24.0
22:27:43,733  INFO main:383 - result: 24.0
22:27:43,733  INFO main:383 - result: 24.0
22:27:43,734  INFO main:383 - result: 24.0
22:27:43,734  INFO main:383 - result: 24.0
22:27:43,734  INFO main:383 - result: 24.0
22:27:43,734  INFO main:383 - result: 24.0
22:27:43,734  INFO main:383 - result: 24.0
22:27:43,735  INFO main:383 - result: 24.0
22:27:43,735  INFO main:383 - result: 24.0
22:27:43,736  INFO main:383 - result: 24.0
22:27:43,736  INFO main:383 - result: 24.0
22:27:43,736  INFO main:383 - result: 24.0
22:27:43,736  INFO main:383 - result: 24.0
22:27:43,736  INFO main:383 - result: 24.0
22:27:43,736  INFO main:383 - result: 24.0
22:27:43,737  INFO main:383 - result: 24.0
22:27:43,737  INFO main:383 - result: 24.0
22:27:43,737  INFO main:383 - result: 24.0
22:27:43,737  INFO main:383 - result: 24.0
22:27:43,737  INFO main:383 - result: 24.0
22:27:43,738  INFO main:383 - result: 24.0
22:27:43,738  INFO main:383 - result: 24.0
22:27:43,738  INFO main:383 - result: 24.0
22:27:43,738  INFO main:383 - result: 24.0
22:27:43,738  INFO main:383 - result: 24.0
22:27:43,738  INFO main:385 - *****************Generaciones********************
22:27:43,738  INFO main:387 - Generacion: 0
22:27:43,738  INFO main:387 - Generacion: 0
22:27:43,738  INFO main:387 - Generacion: 0
22:27:43,738  INFO main:387 - Generacion: 0
22:27:43,738  INFO main:387 - Generacion: 0
22:27:43,739  INFO main:387 - Generacion: 0
22:27:43,739  INFO main:387 - Generacion: 0
22:27:43,739  INFO main:387 - Generacion: 0
22:27:43,739  INFO main:387 - Generacion: 0
22:27:43,739  INFO main:387 - Generacion: 0
22:27:43,739  INFO main:387 - Generacion: 0
22:27:43,740  INFO main:387 - Generacion: 0
22:27:43,740  INFO main:387 - Generacion: 0
22:27:43,740  INFO main:387 - Generacion: 0
22:27:43,740  INFO main:387 - Generacion: 0
22:27:43,740  INFO main:387 - Generacion: 0
22:27:43,740  INFO main:387 - Generacion: 0
22:27:43,740  INFO main:387 - Generacion: 0
22:27:43,740  INFO main:387 - Generacion: 0
22:27:43,741  INFO main:387 - Generacion: 0
22:27:43,741  INFO main:387 - Generacion: 0
22:27:43,741  INFO main:387 - Generacion: 0
22:27:43,741  INFO main:387 - Generacion: 0
22:27:43,741  INFO main:387 - Generacion: 0
22:27:43,742  INFO main:387 - Generacion: 0
22:27:43,742  INFO main:387 - Generacion: 0
22:27:43,743  INFO main:387 - Generacion: 0
22:27:43,743  INFO main:387 - Generacion: 0
22:27:43,743  INFO main:387 - Generacion: 0
22:27:43,743  INFO main:387 - Generacion: 0
