22:13:17,694  INFO main:168 - Logueando
22:14:29,181  INFO main:300 - Tiempo PreCalculo: 71485
22:14:29,181  INFO main:387 - ****************AG PERMUTACION****************
22:14:30,065  INFO main:401 - ****************Corrida 0 ************************
22:14:30,066  INFO main:402 - Fitness solucion: 25.0
22:14:30,066  INFO main:403 - Indice: 27
22:14:30,066  INFO main:404 - Generacion: 4
22:14:30,066  INFO main:405 - Rechazados: 41
22:14:30,066  INFO main:417 - Individuo Solucion: {42,29,136,134,121,99,149,9,114,82,118,6,80,72,92,11,25,129,12,75,3,87,26,59,115,144,120,106,60,101,24,1,66,38,111,95,17,20,141,41,69,48,125,52,100,123,30,36,83,145,32,35,54,37,8,39,14,148,40,143,73,34,137,50,124,47,70,43,57,45,139,64,109,104,31,5,33,61,21,98,96,132,53,55,140,146,0,15,65,110,49,142,90,133,147,4,86,128,16,46,22,51,131,56,76,28,27,71,18,79,113,93,77,127,74,63,19,108,58,105,7,68,44,107,116,119,13,81,88,126,117,78,94,112,102,62,84,135,89,103,23,2,85,91,97,10,67,130,122,138}

22:14:30,066  INFO main:418 - *****************************************************
22:14:30,374  INFO main:401 - ****************Corrida 1 ************************
22:14:30,375  INFO main:402 - Fitness solucion: 25.0
22:14:30,375  INFO main:403 - Indice: 27
22:14:30,375  INFO main:404 - Generacion: 0
22:14:30,375  INFO main:405 - Rechazados: 50
22:14:30,375  INFO main:417 - Individuo Solucion: {121,6,138,3,15,123,16,103,111,9,117,33,101,27,34,133,148,42,120,77,45,80,36,136,68,10,40,149,129,134,86,104,20,29,56,54,4,30,24,21,59,37,122,52,95,127,12,147,102,126,38,32,1,39,25,105,143,125,73,47,96,98,31,91,90,67,119,17,46,135,19,63,44,14,22,0,62,64,66,8,23,108,88,35,57,137,141,113,144,81,82,5,84,65,72,74,107,55,114,145,87,76,79,139,75,71,13,115,110,142,109,116,97,128,100,7,26,53,112,28,48,118,18,60,146,51,50,85,58,78,89,11,131,43,124,61,130,93,140,2,132,70,99,83,94,92,69,106,41,49}

22:14:30,375  INFO main:418 - *****************************************************
22:14:30,677  INFO main:401 - ****************Corrida 2 ************************
22:14:30,677  INFO main:402 - Fitness solucion: 25.0
22:14:30,677  INFO main:403 - Indice: 27
22:14:30,677  INFO main:404 - Generacion: 1
22:14:30,677  INFO main:405 - Rechazados: 45
22:14:30,677  INFO main:417 - Individuo Solucion: {132,117,5,7,87,4,102,11,20,81,24,109,8,23,128,100,3,56,75,49,12,106,30,124,50,27,43,35,141,131,54,32,51,38,6,22,67,26,129,139,149,69,57,122,44,147,93,77,16,134,46,42,112,127,45,39,116,17,90,48,36,61,9,137,94,148,118,99,135,91,28,103,123,19,70,60,68,41,104,146,97,145,59,29,14,64,2,142,76,80,25,101,1,62,110,107,58,92,78,140,71,144,111,89,125,86,18,143,98,31,79,37,53,96,10,85,108,138,21,34,130,73,83,119,84,126,52,74,0,82,95,15,88,120,65,63,72,114,13,115,133,55,40,121,136,113,66,47,105,33}

22:14:30,677  INFO main:418 - *****************************************************
22:14:30,980  INFO main:401 - ****************Corrida 3 ************************
22:14:30,980  INFO main:402 - Fitness solucion: 25.0
22:14:30,980  INFO main:403 - Indice: 26
22:14:30,981  INFO main:404 - Generacion: 0
22:14:30,981  INFO main:405 - Rechazados: 47
22:14:30,981  INFO main:417 - Individuo Solucion: {13,1,27,5,18,109,121,4,146,62,33,139,98,120,42,16,58,112,21,30,143,51,0,105,44,147,119,140,17,110,107,136,113,72,46,101,19,126,52,66,130,12,39,128,129,23,48,97,28,34,74,69,35,29,104,65,40,122,59,88,49,10,85,22,38,135,123,84,3,61,25,57,138,141,75,117,73,134,99,132,92,81,15,106,8,63,6,142,11,14,111,79,32,24,55,91,2,90,53,71,64,54,115,67,102,124,36,114,20,56,118,148,127,9,7,45,86,41,77,93,87,83,100,31,82,131,76,80,144,96,145,95,133,70,149,60,94,50,68,43,103,125,26,37,78,116,47,89,137,108}

22:14:30,981  INFO main:418 - *****************************************************
22:14:31,260  INFO main:401 - ****************Corrida 4 ************************
22:14:31,261  INFO main:402 - Fitness solucion: 25.0
22:14:31,261  INFO main:403 - Indice: 27
22:14:31,261  INFO main:404 - Generacion: 1
22:14:31,261  INFO main:405 - Rechazados: 48
22:14:31,261  INFO main:417 - Individuo Solucion: {147,12,7,9,148,145,141,77,4,45,20,14,112,136,110,146,17,6,23,13,48,29,49,40,55,2,123,58,69,131,28,10,137,78,84,59,119,0,36,11,61,93,43,91,54,116,107,85,132,22,134,24,64,70,73,57,95,5,82,19,72,47,98,71,125,33,66,16,94,135,53,18,37,38,31,133,3,67,113,126,15,139,56,102,34,32,128,41,42,120,74,44,35,114,138,115,90,88,83,143,142,122,99,50,124,97,105,68,89,62,75,103,79,52,149,121,30,111,108,1,39,8,65,87,144,86,92,100,140,101,27,60,104,46,109,127,26,21,130,129,25,63,81,96,80,106,117,51,118,76}

22:14:31,261  INFO main:418 - *****************************************************
22:14:31,538  INFO main:401 - ****************Corrida 5 ************************
22:14:31,538  INFO main:402 - Fitness solucion: 25.0
22:14:31,538  INFO main:403 - Indice: 27
22:14:31,538  INFO main:404 - Generacion: 0
22:14:31,539  INFO main:405 - Rechazados: 43
22:14:31,539  INFO main:417 - Individuo Solucion: {7,11,43,32,45,5,15,143,144,14,75,28,2,125,38,54,9,20,99,85,12,130,89,49,16,47,76,23,0,123,112,6,50,109,25,147,65,82,148,104,81,71,80,44,21,97,132,19,3,96,42,140,103,29,105,149,137,135,34,1,90,118,84,17,13,126,68,98,30,129,46,37,55,63,35,72,66,53,114,51,127,70,36,95,146,52,4,24,58,64,26,86,27,91,83,78,94,18,122,40,79,117,106,113,133,92,59,141,134,62,8,33,100,119,121,39,31,107,111,22,124,57,93,73,48,60,138,139,101,77,128,110,69,116,115,87,131,41,74,88,67,102,145,136,56,120,10,61,108,142}

22:14:31,539  INFO main:418 - *****************************************************
22:14:31,815  INFO main:401 - ****************Corrida 6 ************************
22:14:31,816  INFO main:402 - Fitness solucion: 25.0
22:14:31,816  INFO main:403 - Indice: 25
22:14:31,816  INFO main:404 - Generacion: 0
22:14:31,816  INFO main:405 - Rechazados: 53
22:14:31,818  INFO main:417 - Individuo Solucion: {3,30,12,86,140,135,17,19,67,6,120,92,116,48,142,117,39,27,10,57,5,35,55,68,37,85,22,41,23,144,125,59,65,52,0,108,50,56,93,76,95,141,75,64,4,34,38,79,77,83,53,105,15,103,70,101,97,113,130,32,26,43,114,13,81,46,121,18,132,54,2,88,33,16,122,115,51,89,137,146,109,149,110,111,147,25,123,24,61,28,71,87,112,49,90,58,66,98,84,134,72,143,62,20,118,45,96,136,104,139,7,11,78,40,106,102,99,138,29,91,44,133,127,42,124,47,100,119,60,82,63,36,74,69,73,128,80,9,129,131,14,148,94,8,21,145,31,126,1,107}

22:14:31,819  INFO main:418 - *****************************************************
22:14:32,092  INFO main:401 - ****************Corrida 7 ************************
22:14:32,092  INFO main:402 - Fitness solucion: 25.0
22:14:32,092  INFO main:403 - Indice: 27
22:14:32,092  INFO main:404 - Generacion: 1
22:14:32,092  INFO main:405 - Rechazados: 41
22:14:32,093  INFO main:417 - Individuo Solucion: {46,68,140,1,5,2,125,148,120,23,29,97,139,25,27,20,30,15,11,7,127,65,51,42,33,75,128,53,99,24,107,70,28,21,144,44,66,17,113,0,36,22,77,3,121,10,40,129,61,115,80,84,105,133,131,106,71,88,85,48,82,16,13,41,31,47,72,60,74,9,124,95,50,64,35,98,52,57,73,104,38,59,32,56,122,137,8,101,78,45,92,79,63,39,58,67,91,138,109,112,142,145,90,118,141,62,108,34,49,117,18,86,146,43,93,26,37,103,94,4,147,6,110,116,102,149,83,135,12,76,54,143,126,87,55,81,130,111,123,14,69,89,136,119,134,132,100,19,96,114}

22:14:32,093  INFO main:418 - *****************************************************
22:14:32,364  INFO main:401 - ****************Corrida 8 ************************
22:14:32,364  INFO main:402 - Fitness solucion: 25.0
22:14:32,364  INFO main:403 - Indice: 27
22:14:32,364  INFO main:404 - Generacion: 1
22:14:32,364  INFO main:405 - Rechazados: 49
22:14:32,365  INFO main:417 - Individuo Solucion: {20,8,94,32,23,107,132,101,12,55,137,18,6,127,123,51,29,28,67,35,3,19,26,125,41,5,88,72,112,53,9,130,122,96,102,50,11,84,126,24,136,60,99,87,33,15,76,141,37,16,7,49,14,104,89,98,149,117,30,54,138,44,43,40,111,13,65,17,128,134,74,129,135,56,63,34,61,142,66,79,124,81,45,121,113,86,31,69,52,48,115,64,146,57,119,83,22,71,77,85,73,92,145,58,1,97,80,147,110,36,144,133,70,90,139,108,82,116,91,27,42,39,2,38,103,25,118,93,148,95,78,75,106,105,46,120,140,4,62,0,21,10,68,59,131,114,143,100,109,47}

22:14:32,365  INFO main:418 - *****************************************************
22:14:32,642  INFO main:401 - ****************Corrida 9 ************************
22:14:32,642  INFO main:402 - Fitness solucion: 25.0
22:14:32,643  INFO main:403 - Indice: 27
22:14:32,643  INFO main:404 - Generacion: 1
22:14:32,643  INFO main:405 - Rechazados: 44
22:14:32,643  INFO main:417 - Individuo Solucion: {9,18,46,67,125,105,147,25,93,22,29,50,10,134,28,72,48,115,112,79,99,53,89,2,21,94,133,144,145,31,41,11,119,15,0,42,51,97,17,49,107,32,35,16,127,7,3,82,33,86,45,13,140,141,6,137,87,1,66,68,122,78,36,38,130,81,73,70,37,19,136,58,74,91,149,103,59,71,27,131,56,43,138,26,52,80,14,139,121,77,47,142,85,128,98,5,132,40,90,88,75,4,64,34,101,76,39,116,110,95,24,30,84,96,62,143,148,57,20,108,135,54,92,104,102,111,124,65,117,44,118,123,83,23,120,109,12,69,126,113,100,61,60,63,8,55,129,106,114,146}

22:14:32,643  INFO main:418 - *****************************************************
22:14:32,920  INFO main:401 - ****************Corrida 10 ************************
22:14:32,920  INFO main:402 - Fitness solucion: 25.0
22:14:32,920  INFO main:403 - Indice: 27
22:14:32,920  INFO main:404 - Generacion: 0
22:14:32,920  INFO main:405 - Rechazados: 43
22:14:32,921  INFO main:417 - Individuo Solucion: {133,72,95,6,113,116,64,18,8,5,73,43,109,33,30,59,129,75,16,28,10,21,49,1,46,55,23,9,68,110,19,41,84,94,62,37,131,56,115,60,143,25,14,83,70,67,26,76,11,36,38,127,20,105,13,146,122,123,132,34,44,100,3,27,22,35,50,117,48,45,104,102,66,89,52,130,12,31,79,125,53,119,71,74,0,85,135,65,29,88,90,63,136,141,118,121,61,17,7,80,98,54,112,139,107,103,58,2,77,93,142,87,15,138,144,99,106,57,149,111,81,128,97,140,134,78,4,101,148,120,51,86,92,147,96,126,42,114,69,124,47,91,82,137,145,108,24,39,40,32}

22:14:32,921  INFO main:418 - *****************************************************
22:14:33,198  INFO main:401 - ****************Corrida 11 ************************
22:14:33,198  INFO main:402 - Fitness solucion: 25.0
22:14:33,198  INFO main:403 - Indice: 27
22:14:33,198  INFO main:404 - Generacion: 0
22:14:33,198  INFO main:405 - Rechazados: 42
22:14:33,198  INFO main:417 - Individuo Solucion: {114,9,106,83,6,31,97,26,42,27,48,112,122,20,54,64,5,15,126,134,28,119,86,43,70,140,108,137,71,46,38,65,50,33,58,121,146,143,35,88,40,11,84,60,80,90,22,4,62,8,142,37,24,104,25,136,139,127,21,117,129,125,95,141,109,123,66,149,98,100,138,39,144,1,13,7,135,91,147,47,81,73,77,41,52,0,14,36,118,16,103,120,59,74,10,92,148,79,17,93,3,89,45,101,116,55,113,102,68,29,145,131,85,111,2,94,18,67,57,19,132,107,124,56,32,78,72,53,76,30,61,12,34,130,133,82,99,96,110,63,128,115,51,23,75,105,49,87,44,69}

22:14:33,198  INFO main:418 - *****************************************************
22:14:33,470  INFO main:401 - ****************Corrida 12 ************************
22:14:33,470  INFO main:402 - Fitness solucion: 25.0
22:14:33,470  INFO main:403 - Indice: 27
22:14:33,470  INFO main:404 - Generacion: 0
22:14:33,471  INFO main:405 - Rechazados: 44
22:14:33,471  INFO main:417 - Individuo Solucion: {147,75,8,107,40,35,119,132,14,36,1,0,11,45,37,19,138,56,27,44,47,133,118,63,15,98,108,20,146,16,117,50,33,86,2,144,61,28,65,23,102,59,10,43,5,139,25,72,53,67,149,79,120,71,48,66,32,89,55,100,6,129,140,112,126,3,38,77,97,136,87,24,130,4,46,26,80,70,42,73,49,99,122,94,57,134,109,105,85,74,62,69,81,111,52,91,51,103,116,64,106,41,82,92,148,84,88,115,104,30,60,145,39,68,90,127,7,13,78,18,121,110,21,142,58,29,12,128,125,95,83,34,17,141,96,137,135,114,93,113,101,131,143,22,9,124,76,54,123,31}

22:14:33,471  INFO main:418 - *****************************************************
22:14:33,746  INFO main:401 - ****************Corrida 13 ************************
22:14:33,746  INFO main:402 - Fitness solucion: 25.0
22:14:33,747  INFO main:403 - Indice: 26
22:14:33,747  INFO main:404 - Generacion: 0
22:14:33,747  INFO main:405 - Rechazados: 49
22:14:33,747  INFO main:417 - Individuo Solucion: {33,140,5,73,2,12,15,25,101,137,138,120,147,144,34,30,122,87,102,145,29,32,61,57,134,45,3,126,48,47,10,80,142,119,26,114,130,100,121,129,49,41,22,44,139,39,35,53,149,9,6,1,72,131,0,59,98,111,118,70,56,11,143,63,84,28,128,50,116,7,106,8,31,13,91,64,68,93,69,17,107,125,38,19,77,95,96,60,40,4,37,21,52,99,117,108,58,16,20,105,92,109,112,135,113,110,97,14,79,43,115,104,132,75,76,54,18,55,74,88,81,94,146,51,141,24,90,127,62,67,23,89,83,27,133,66,65,86,85,136,78,36,123,124,103,46,71,42,82,148}

22:14:33,747  INFO main:418 - *****************************************************
22:14:34,022  INFO main:401 - ****************Corrida 14 ************************
22:14:34,022  INFO main:402 - Fitness solucion: 25.0
22:14:34,022  INFO main:403 - Indice: 27
22:14:34,022  INFO main:404 - Generacion: 0
22:14:34,023  INFO main:405 - Rechazados: 39
22:14:34,023  INFO main:417 - Individuo Solucion: {1,121,74,88,15,65,14,13,4,81,91,19,30,127,29,132,109,32,100,28,35,37,64,80,102,39,36,125,147,97,103,135,7,48,104,45,26,134,149,34,126,131,146,3,118,105,96,12,107,52,82,46,87,47,50,8,130,5,62,31,89,24,76,99,49,145,2,123,110,41,98,133,144,143,10,55,108,137,6,40,56,38,11,67,116,60,42,111,84,43,93,18,21,22,44,112,0,148,86,114,58,140,94,73,20,69,101,27,138,57,70,83,66,142,72,71,115,119,128,120,129,141,59,9,78,75,61,17,122,63,113,16,79,53,51,68,124,117,85,90,139,77,33,106,23,136,92,95,25,54}

22:14:34,023  INFO main:418 - *****************************************************
22:14:34,296  INFO main:401 - ****************Corrida 15 ************************
22:14:34,296  INFO main:402 - Fitness solucion: 25.0
22:14:34,296  INFO main:403 - Indice: 27
22:14:34,296  INFO main:404 - Generacion: 0
22:14:34,296  INFO main:405 - Rechazados: 40
22:14:34,297  INFO main:417 - Individuo Solucion: {133,39,9,79,13,109,77,0,143,71,57,146,3,93,14,12,113,8,95,5,21,41,4,108,120,144,10,53,28,24,19,142,127,33,35,65,148,75,49,56,126,99,117,34,54,110,68,6,122,105,48,62,145,17,125,22,27,129,70,40,44,115,15,18,111,104,58,67,74,141,80,51,37,63,83,97,78,25,114,73,43,61,60,87,32,84,89,29,2,130,134,137,20,69,76,26,64,31,131,66,140,88,100,135,107,82,91,50,7,1,55,38,118,16,90,59,11,147,85,101,139,136,46,96,86,121,52,102,124,132,92,94,128,72,23,116,149,98,138,119,123,112,47,81,103,42,30,36,45,106}

22:14:34,297  INFO main:418 - *****************************************************
22:14:34,576  INFO main:401 - ****************Corrida 16 ************************
22:14:34,576  INFO main:402 - Fitness solucion: 25.0
22:14:34,576  INFO main:403 - Indice: 26
22:14:34,576  INFO main:404 - Generacion: 0
22:14:34,576  INFO main:405 - Rechazados: 51
22:14:34,576  INFO main:417 - Individuo Solucion: {12,17,24,141,121,1,5,71,8,124,93,33,15,29,69,99,35,27,31,36,45,116,3,145,83,2,13,11,100,103,25,148,39,46,102,62,18,78,92,26,23,139,50,63,66,134,147,53,91,89,68,80,129,0,55,128,75,41,61,130,7,118,70,136,86,82,84,28,59,34,110,47,43,6,97,111,120,72,38,74,127,85,142,113,104,21,137,144,60,131,143,16,30,88,52,101,135,14,94,48,119,37,117,140,32,77,98,67,95,76,125,19,4,9,64,90,51,96,20,57,114,81,42,58,106,22,10,108,105,149,132,109,122,133,54,73,126,146,40,107,65,112,138,123,44,79,56,87,49,115}

22:14:34,577  INFO main:418 - *****************************************************
22:14:34,851  INFO main:401 - ****************Corrida 17 ************************
22:14:34,851  INFO main:402 - Fitness solucion: 25.0
22:14:34,851  INFO main:403 - Indice: 27
22:14:34,851  INFO main:404 - Generacion: 2
22:14:34,851  INFO main:405 - Rechazados: 44
22:14:34,852  INFO main:417 - Individuo Solucion: {111,112,130,146,69,5,73,32,62,149,56,34,101,25,129,95,24,124,42,127,97,83,40,60,8,28,16,38,13,72,14,131,64,31,66,53,50,7,21,142,121,22,134,30,10,86,19,88,116,12,76,87,44,120,29,107,104,84,45,48,47,99,26,140,80,59,108,100,18,114,70,57,68,92,119,6,55,94,137,145,2,90,65,43,17,27,33,54,1,39,63,37,9,110,36,106,144,71,85,4,147,77,91,102,52,74,82,61,35,81,51,128,139,122,118,46,98,58,109,0,3,78,133,23,117,103,75,125,89,15,115,135,126,49,96,67,136,123,143,105,79,132,113,93,141,148,11,41,20,138}

22:14:34,852  INFO main:418 - *****************************************************
22:14:35,129  INFO main:401 - ****************Corrida 18 ************************
22:14:35,129  INFO main:402 - Fitness solucion: 25.0
22:14:35,129  INFO main:403 - Indice: 27
22:14:35,129  INFO main:404 - Generacion: 6
22:14:35,130  INFO main:405 - Rechazados: 44
22:14:35,130  INFO main:417 - Individuo Solucion: {28,21,111,144,25,67,115,97,9,47,44,79,27,94,0,98,30,43,58,32,118,78,139,4,26,105,52,117,82,19,13,46,18,83,23,135,62,124,73,122,148,134,116,15,24,20,7,61,29,88,5,11,99,1,138,129,80,63,69,76,143,130,54,110,84,35,126,42,103,33,142,72,121,77,146,55,50,100,37,10,141,49,34,40,137,2,96,75,60,6,16,65,38,87,108,53,71,114,92,109,106,112,136,123,102,85,132,113,8,125,131,14,128,22,3,95,74,70,57,64,93,31,140,101,41,86,89,51,48,104,147,127,56,90,91,81,12,66,39,145,120,68,36,149,107,119,133,59,17,45}

22:14:35,130  INFO main:418 - *****************************************************
22:14:35,406  INFO main:401 - ****************Corrida 19 ************************
22:14:35,406  INFO main:402 - Fitness solucion: 25.0
22:14:35,407  INFO main:403 - Indice: 27
22:14:35,407  INFO main:404 - Generacion: 0
22:14:35,407  INFO main:405 - Rechazados: 39
22:14:35,407  INFO main:417 - Individuo Solucion: {50,44,100,89,13,18,31,12,11,144,7,112,102,17,110,24,27,149,84,46,42,5,113,107,2,66,85,6,10,29,147,47,122,3,57,67,20,130,55,38,35,43,127,116,25,128,80,54,16,49,53,34,41,94,108,59,78,91,14,51,75,22,97,126,71,21,28,90,62,64,8,73,45,79,138,134,140,101,87,56,145,132,65,74,70,129,137,121,119,82,37,40,92,26,109,103,0,52,15,48,86,120,136,32,72,115,143,141,83,63,93,125,68,23,88,131,77,117,69,146,61,36,81,133,118,33,95,4,19,9,99,96,123,114,58,1,104,139,142,30,105,124,76,106,135,60,39,111,98,148}

22:14:35,407  INFO main:418 - *****************************************************
22:14:35,683  INFO main:401 - ****************Corrida 20 ************************
22:14:35,683  INFO main:402 - Fitness solucion: 25.0
22:14:35,683  INFO main:403 - Indice: 27
22:14:35,683  INFO main:404 - Generacion: 0
22:14:35,683  INFO main:405 - Rechazados: 41
22:14:35,683  INFO main:417 - Individuo Solucion: {60,89,136,102,29,73,133,5,3,129,77,16,18,6,80,12,144,21,35,117,138,71,75,111,126,24,4,140,62,26,143,72,120,39,92,94,32,42,17,38,13,27,47,57,132,36,46,55,7,0,33,118,63,137,145,37,51,81,30,103,22,19,69,23,1,147,146,130,78,105,82,86,68,110,61,48,87,54,15,52,45,43,74,2,70,44,88,90,127,76,65,49,83,134,97,9,119,112,121,141,50,20,125,66,122,142,104,34,28,124,100,56,98,95,79,107,114,53,148,99,101,8,40,14,109,25,108,93,91,64,131,85,31,96,115,11,106,123,41,59,10,128,58,149,116,113,139,84,67,135}

22:14:35,684  INFO main:418 - *****************************************************
22:14:35,959  INFO main:401 - ****************Corrida 21 ************************
22:14:35,960  INFO main:402 - Fitness solucion: 25.0
22:14:35,960  INFO main:403 - Indice: 26
22:14:35,960  INFO main:404 - Generacion: 1
22:14:35,960  INFO main:405 - Rechazados: 45
22:14:35,960  INFO main:417 - Individuo Solucion: {5,104,4,25,144,72,46,148,48,117,3,138,29,44,140,45,67,75,30,90,49,131,32,113,61,33,14,58,41,71,38,27,34,128,22,103,93,134,145,60,64,100,47,54,10,123,65,81,125,17,74,52,20,110,57,83,43,40,115,1,26,143,109,31,91,51,53,114,73,94,82,107,121,37,39,106,70,7,147,132,84,146,102,137,16,101,6,142,69,50,95,141,66,68,13,36,98,89,139,80,92,77,62,136,2,85,78,0,99,112,59,28,120,149,9,42,105,130,133,111,119,55,97,126,23,35,21,96,11,56,87,24,19,86,108,12,116,18,122,135,127,118,76,124,63,8,15,129,79,88}

22:14:35,960  INFO main:418 - *****************************************************
22:14:36,236  INFO main:401 - ****************Corrida 22 ************************
22:14:36,237  INFO main:402 - Fitness solucion: 25.0
22:14:36,237  INFO main:403 - Indice: 27
22:14:36,237  INFO main:404 - Generacion: 0
22:14:36,237  INFO main:405 - Rechazados: 39
22:14:36,237  INFO main:417 - Individuo Solucion: {137,111,142,68,139,13,40,28,72,36,33,1,83,104,149,146,11,18,66,140,138,110,122,43,37,5,42,93,48,35,52,55,62,9,10,21,71,69,129,90,32,27,54,6,106,41,147,47,8,133,115,64,7,26,20,145,50,96,84,63,65,114,49,56,3,23,99,79,60,87,80,24,44,130,141,127,91,82,88,76,124,29,17,70,98,120,38,73,25,86,108,131,81,46,51,101,78,15,59,57,94,58,75,121,2,105,119,31,136,77,39,45,14,125,12,16,116,102,107,53,100,0,85,95,112,67,89,117,144,22,34,109,134,123,126,74,128,30,118,4,92,97,19,143,61,103,148,113,132,135}

22:14:36,237  INFO main:418 - *****************************************************
22:14:36,511  INFO main:401 - ****************Corrida 23 ************************
22:14:36,511  INFO main:402 - Fitness solucion: 25.0
22:14:36,511  INFO main:403 - Indice: 27
22:14:36,511  INFO main:404 - Generacion: 1
22:14:36,511  INFO main:405 - Rechazados: 38
22:14:36,511  INFO main:417 - Individuo Solucion: {2,29,11,17,96,100,15,44,42,83,32,130,140,21,65,6,58,57,128,91,107,27,45,136,37,43,104,123,61,127,94,137,1,95,113,115,120,12,70,3,39,53,47,84,125,74,135,38,10,92,55,71,103,23,4,67,13,26,75,110,149,68,49,28,146,80,117,87,76,18,48,20,132,129,77,139,106,41,101,8,60,144,9,98,33,116,35,54,56,141,69,93,114,121,19,148,59,82,31,14,5,36,30,122,99,126,145,111,22,131,25,118,147,89,79,85,46,24,108,124,16,62,90,142,86,73,63,109,40,138,133,64,66,105,78,50,51,119,143,112,97,134,7,34,72,52,0,81,88,102}

22:14:36,511  INFO main:418 - *****************************************************
22:14:36,782  INFO main:401 - ****************Corrida 24 ************************
22:14:36,782  INFO main:402 - Fitness solucion: 25.0
22:14:36,782  INFO main:403 - Indice: 27
22:14:36,782  INFO main:404 - Generacion: 1
22:14:36,782  INFO main:405 - Rechazados: 37
22:14:36,783  INFO main:417 - Individuo Solucion: {2,25,46,20,149,0,26,114,35,143,50,15,10,136,41,30,9,79,48,17,7,124,87,31,49,11,81,34,104,74,21,27,53,1,13,146,133,134,115,61,39,43,16,69,63,126,33,75,76,64,40,57,70,6,56,8,28,117,94,29,103,98,44,121,144,102,65,108,148,58,139,125,138,105,37,89,83,91,54,3,85,107,97,119,113,137,78,131,84,12,71,23,93,135,67,109,116,122,99,19,112,45,4,142,101,72,68,92,32,132,127,88,66,42,82,59,141,18,130,95,36,52,120,86,5,147,118,73,51,14,96,38,100,22,90,106,128,111,123,24,47,140,129,77,60,80,62,55,110,145}

22:14:36,783  INFO main:418 - *****************************************************
22:14:37,055  INFO main:401 - ****************Corrida 25 ************************
22:14:37,055  INFO main:402 - Fitness solucion: 25.0
22:14:37,055  INFO main:403 - Indice: 27
22:14:37,055  INFO main:404 - Generacion: 1
22:14:37,055  INFO main:405 - Rechazados: 37
22:14:37,055  INFO main:417 - Individuo Solucion: {98,111,22,108,23,146,132,93,2,25,97,118,30,131,7,139,64,79,55,133,71,28,107,36,127,149,119,9,37,39,147,6,42,104,120,121,69,122,94,76,15,148,129,102,38,65,19,20,75,88,140,18,1,17,59,134,116,142,47,62,70,4,72,34,141,26,58,84,85,124,56,66,43,117,74,82,128,100,51,21,68,77,10,3,54,91,41,101,27,80,99,24,52,135,46,110,60,63,109,106,130,29,87,136,5,145,49,81,57,95,67,115,8,143,44,125,48,16,138,40,0,73,53,92,90,96,103,31,50,83,86,126,61,112,78,14,144,13,32,45,105,113,11,89,137,33,114,35,12,123}

22:14:37,055  INFO main:418 - *****************************************************
22:14:37,330  INFO main:401 - ****************Corrida 26 ************************
22:14:37,330  INFO main:402 - Fitness solucion: 25.0
22:14:37,330  INFO main:403 - Indice: 27
22:14:37,330  INFO main:404 - Generacion: 1
22:14:37,330  INFO main:405 - Rechazados: 44
22:14:37,330  INFO main:417 - Individuo Solucion: {78,3,137,11,85,15,24,28,95,20,84,123,18,131,141,22,72,140,27,106,105,38,23,8,16,103,57,5,42,48,43,80,121,4,19,41,30,133,56,119,0,101,37,130,116,34,32,93,69,33,1,62,79,60,128,146,124,39,73,147,26,35,51,7,10,65,52,25,61,115,77,66,127,55,63,104,110,83,108,44,45,96,97,92,135,107,126,143,81,120,58,144,13,75,148,138,70,74,64,2,90,14,87,117,86,6,40,68,112,122,67,71,36,46,82,109,145,31,99,76,114,94,125,88,100,113,59,129,132,149,98,54,47,134,50,29,12,91,111,53,89,17,9,142,118,21,136,102,49,139}

22:14:37,330  INFO main:418 - *****************************************************
22:14:37,606  INFO main:401 - ****************Corrida 27 ************************
22:14:37,606  INFO main:402 - Fitness solucion: 25.0
22:14:37,606  INFO main:403 - Indice: 27
22:14:37,606  INFO main:404 - Generacion: 0
22:14:37,607  INFO main:405 - Rechazados: 44
22:14:37,607  INFO main:417 - Individuo Solucion: {143,1,39,0,4,25,73,27,82,105,37,128,113,120,14,116,129,136,95,49,112,32,38,23,16,3,36,138,41,103,20,114,107,140,5,21,85,101,22,149,121,119,12,109,29,57,142,17,59,72,99,54,66,123,51,80,50,9,7,96,122,106,102,131,53,148,111,68,88,139,69,146,13,15,133,76,97,26,48,137,6,62,115,40,92,84,45,10,118,71,35,89,126,60,11,98,24,74,55,33,93,79,100,90,58,34,64,56,110,19,108,44,61,83,43,52,87,86,77,94,81,75,18,147,63,65,135,8,134,31,70,145,2,42,91,117,28,67,141,47,104,144,124,127,46,132,30,125,130,78}

22:14:37,607  INFO main:418 - *****************************************************
22:14:37,880  INFO main:401 - ****************Corrida 28 ************************
22:14:37,881  INFO main:402 - Fitness solucion: 25.0
22:14:37,881  INFO main:403 - Indice: 27
22:14:37,881  INFO main:404 - Generacion: 1
22:14:37,881  INFO main:405 - Rechazados: 42
22:14:37,881  INFO main:417 - Individuo Solucion: {4,67,39,13,135,101,143,2,49,48,128,130,9,96,60,14,44,140,119,19,34,120,137,55,97,79,142,86,111,124,43,91,17,76,72,87,40,148,24,121,1,65,106,94,23,126,69,21,132,122,107,29,35,71,7,104,98,116,134,52,8,139,56,15,83,129,32,102,133,118,25,75,147,81,45,123,115,26,20,54,22,138,105,90,149,85,59,144,74,11,18,82,41,70,100,31,145,114,30,84,93,46,53,113,36,73,110,62,95,51,109,136,80,42,88,50,27,3,38,68,58,47,12,63,66,16,127,6,77,92,117,89,64,57,0,28,61,78,125,112,103,99,10,33,108,131,37,5,146,141}

22:14:37,881  INFO main:418 - *****************************************************
22:14:38,159  INFO main:401 - ****************Corrida 29 ************************
22:14:38,159  INFO main:402 - Fitness solucion: 25.0
22:14:38,159  INFO main:403 - Indice: 27
22:14:38,159  INFO main:404 - Generacion: 0
22:14:38,159  INFO main:405 - Rechazados: 37
22:14:38,159  INFO main:417 - Individuo Solucion: {0,2,131,141,6,32,86,108,8,127,33,7,40,28,116,39,74,88,130,12,21,41,113,62,101,51,30,135,109,53,26,24,5,85,48,55,1,50,102,37,105,136,3,106,49,54,94,111,99,47,77,140,128,143,80,22,117,19,82,59,70,121,90,14,123,13,11,29,75,91,118,76,78,133,57,9,148,132,122,115,104,142,4,43,20,25,61,125,45,65,93,92,112,84,63,46,66,67,31,139,110,35,15,137,68,42,44,36,10,103,72,23,97,38,16,147,52,18,64,58,124,149,79,107,73,95,96,114,71,126,89,56,87,83,69,27,81,119,138,145,60,120,34,100,98,134,17,144,146,129}

22:14:38,160  INFO main:418 - *****************************************************
22:14:38,160  INFO main:420 - Tiempo AGP: 298
22:14:38,160  INFO main:422 - Promedio Final: 25
22:14:38,160  INFO main:424 - Promedio Generaciones: 0
22:14:38,160  INFO main:427 - Promedio Rechazos: 43
22:14:38,160  INFO main:430 - Promedio Defragmentacion: 1.135777777777778
22:14:38,160  INFO main:432 - *****************Resultados********************
22:14:38,160  INFO main:434 - result: 25.0
22:14:38,160  INFO main:434 - result: 25.0
22:14:38,160  INFO main:434 - result: 25.0
22:14:38,160  INFO main:434 - result: 25.0
22:14:38,161  INFO main:434 - result: 25.0
22:14:38,161  INFO main:434 - result: 25.0
22:14:38,161  INFO main:434 - result: 25.0
22:14:38,161  INFO main:434 - result: 25.0
22:14:38,161  INFO main:434 - result: 25.0
22:14:38,161  INFO main:434 - result: 25.0
22:14:38,161  INFO main:434 - result: 25.0
22:14:38,161  INFO main:434 - result: 25.0
22:14:38,161  INFO main:434 - result: 25.0
22:14:38,161  INFO main:434 - result: 25.0
22:14:38,161  INFO main:434 - result: 25.0
22:14:38,161  INFO main:434 - result: 25.0
22:14:38,161  INFO main:434 - result: 25.0
22:14:38,162  INFO main:434 - result: 25.0
22:14:38,162  INFO main:434 - result: 25.0
22:14:38,162  INFO main:434 - result: 25.0
22:14:38,162  INFO main:434 - result: 25.0
22:14:38,162  INFO main:434 - result: 25.0
22:14:38,162  INFO main:434 - result: 25.0
22:14:38,162  INFO main:434 - result: 25.0
22:14:38,162  INFO main:434 - result: 25.0
22:14:38,162  INFO main:434 - result: 25.0
22:14:38,162  INFO main:434 - result: 25.0
22:14:38,162  INFO main:434 - result: 25.0
22:14:38,162  INFO main:434 - result: 25.0
22:14:38,162  INFO main:434 - result: 25.0
22:14:38,163  INFO main:436 - *****************Generaciones********************
22:14:38,163  INFO main:438 - Generacion: 0
22:14:38,163  INFO main:438 - Generacion: 0
22:14:38,163  INFO main:438 - Generacion: 0
22:14:38,163  INFO main:438 - Generacion: 0
22:14:38,163  INFO main:438 - Generacion: 0
22:14:38,163  INFO main:438 - Generacion: 0
22:14:38,163  INFO main:438 - Generacion: 0
22:14:38,163  INFO main:438 - Generacion: 0
22:14:38,163  INFO main:438 - Generacion: 0
22:14:38,163  INFO main:438 - Generacion: 0
22:14:38,163  INFO main:438 - Generacion: 0
22:14:38,163  INFO main:438 - Generacion: 0
22:14:38,163  INFO main:438 - Generacion: 0
22:14:38,164  INFO main:438 - Generacion: 0
22:14:38,164  INFO main:438 - Generacion: 0
22:14:38,164  INFO main:438 - Generacion: 0
22:14:38,164  INFO main:438 - Generacion: 0
22:14:38,164  INFO main:438 - Generacion: 0
22:14:38,164  INFO main:438 - Generacion: 0
22:14:38,164  INFO main:438 - Generacion: 0
22:14:38,164  INFO main:438 - Generacion: 0
22:14:38,164  INFO main:438 - Generacion: 0
22:14:38,164  INFO main:438 - Generacion: 0
22:14:38,164  INFO main:438 - Generacion: 0
22:14:38,164  INFO main:438 - Generacion: 0
22:14:38,164  INFO main:438 - Generacion: 0
22:14:38,164  INFO main:438 - Generacion: 0
22:14:38,164  INFO main:438 - Generacion: 0
22:14:38,164  INFO main:438 - Generacion: 0
22:14:38,165  INFO main:438 - Generacion: 0
