00:49:14,382  INFO main:168 - Logueando
00:49:14,427  INFO main:348 - ****************AG RUTAS****************
00:49:14,989  INFO main:362 - *******************Solucion: 0*******************
00:49:14,989  INFO main:363 - Solucion: 0
00:49:14,989  INFO main:364 - 
Solucion numero: 99
00:49:14,989  INFO main:365 - 
Cantidad de bloqueados: 0
00:49:14,989  INFO main:366 - 
Costo: 57000.0
00:49:14,989  INFO main:367 - 
Distancia: 15400.0
00:49:14,989  INFO main:368 - 
Espectro Mayor: 22.0
00:49:14,989  INFO main:369 - 
Fitness: 22.0
00:49:14,989  INFO main:372 - *****************************************************
00:49:15,414  INFO main:362 - *******************Solucion: 1*******************
00:49:15,414  INFO main:363 - Solucion: 1
00:49:15,415  INFO main:364 - 
Solucion numero: 99
00:49:15,415  INFO main:365 - 
Cantidad de bloqueados: 0
00:49:15,415  INFO main:366 - 
Costo: 57000.0
00:49:15,415  INFO main:367 - 
Distancia: 15400.0
00:49:15,415  INFO main:368 - 
Espectro Mayor: 22.0
00:49:15,415  INFO main:369 - 
Fitness: 22.0
00:49:15,415  INFO main:372 - *****************************************************
00:49:15,863  INFO main:362 - *******************Solucion: 2*******************
00:49:15,863  INFO main:363 - Solucion: 2
00:49:15,863  INFO main:364 - 
Solucion numero: 99
00:49:15,863  INFO main:365 - 
Cantidad de bloqueados: 0
00:49:15,864  INFO main:366 - 
Costo: 57000.0
00:49:15,864  INFO main:367 - 
Distancia: 15400.0
00:49:15,864  INFO main:368 - 
Espectro Mayor: 22.0
00:49:15,864  INFO main:369 - 
Fitness: 22.0
00:49:15,864  INFO main:372 - *****************************************************
00:49:16,197  INFO main:362 - *******************Solucion: 3*******************
00:49:16,197  INFO main:363 - Solucion: 3
00:49:16,197  INFO main:364 - 
Solucion numero: 99
00:49:16,197  INFO main:365 - 
Cantidad de bloqueados: 0
00:49:16,197  INFO main:366 - 
Costo: 57000.0
00:49:16,197  INFO main:367 - 
Distancia: 15400.0
00:49:16,197  INFO main:368 - 
Espectro Mayor: 22.0
00:49:16,198  INFO main:369 - 
Fitness: 22.0
00:49:16,198  INFO main:372 - *****************************************************
00:49:16,528  INFO main:362 - *******************Solucion: 4*******************
00:49:16,528  INFO main:363 - Solucion: 4
00:49:16,528  INFO main:364 - 
Solucion numero: 99
00:49:16,529  INFO main:365 - 
Cantidad de bloqueados: 0
00:49:16,529  INFO main:366 - 
Costo: 57000.0
00:49:16,529  INFO main:367 - 
Distancia: 15400.0
00:49:16,529  INFO main:368 - 
Espectro Mayor: 22.0
00:49:16,529  INFO main:369 - 
Fitness: 22.0
00:49:16,529  INFO main:372 - *****************************************************
00:49:16,913  INFO main:362 - *******************Solucion: 5*******************
00:49:16,914  INFO main:363 - Solucion: 5
00:49:16,914  INFO main:364 - 
Solucion numero: 99
00:49:16,914  INFO main:365 - 
Cantidad de bloqueados: 0
00:49:16,914  INFO main:366 - 
Costo: 57000.0
00:49:16,914  INFO main:367 - 
Distancia: 15400.0
00:49:16,914  INFO main:368 - 
Espectro Mayor: 22.0
00:49:16,914  INFO main:369 - 
Fitness: 22.0
00:49:16,914  INFO main:372 - *****************************************************
00:49:17,268  INFO main:362 - *******************Solucion: 6*******************
00:49:17,269  INFO main:363 - Solucion: 6
00:49:17,269  INFO main:364 - 
Solucion numero: 99
00:49:17,269  INFO main:365 - 
Cantidad de bloqueados: 0
00:49:17,269  INFO main:366 - 
Costo: 57000.0
00:49:17,269  INFO main:367 - 
Distancia: 15400.0
00:49:17,269  INFO main:368 - 
Espectro Mayor: 22.0
00:49:17,269  INFO main:369 - 
Fitness: 22.0
00:49:17,269  INFO main:372 - *****************************************************
00:49:17,595  INFO main:362 - *******************Solucion: 7*******************
00:49:17,595  INFO main:363 - Solucion: 7
00:49:17,595  INFO main:364 - 
Solucion numero: 99
00:49:17,596  INFO main:365 - 
Cantidad de bloqueados: 0
00:49:17,596  INFO main:366 - 
Costo: 57000.0
00:49:17,596  INFO main:367 - 
Distancia: 15400.0
00:49:17,596  INFO main:368 - 
Espectro Mayor: 22.0
00:49:17,596  INFO main:369 - 
Fitness: 22.0
00:49:17,596  INFO main:372 - *****************************************************
00:49:17,943  INFO main:362 - *******************Solucion: 8*******************
00:49:17,943  INFO main:363 - Solucion: 8
00:49:17,943  INFO main:364 - 
Solucion numero: 99
00:49:17,943  INFO main:365 - 
Cantidad de bloqueados: 0
00:49:17,943  INFO main:366 - 
Costo: 57000.0
00:49:17,943  INFO main:367 - 
Distancia: 15400.0
00:49:17,943  INFO main:368 - 
Espectro Mayor: 22.0
00:49:17,943  INFO main:369 - 
Fitness: 22.0
00:49:17,943  INFO main:372 - *****************************************************
00:49:18,290  INFO main:362 - *******************Solucion: 9*******************
00:49:18,291  INFO main:363 - Solucion: 9
00:49:18,291  INFO main:364 - 
Solucion numero: 99
00:49:18,291  INFO main:365 - 
Cantidad de bloqueados: 0
00:49:18,291  INFO main:366 - 
Costo: 57000.0
00:49:18,291  INFO main:367 - 
Distancia: 15400.0
00:49:18,291  INFO main:368 - 
Espectro Mayor: 22.0
00:49:18,291  INFO main:369 - 
Fitness: 22.0
00:49:18,291  INFO main:372 - *****************************************************
00:49:18,645  INFO main:362 - *******************Solucion: 10*******************
00:49:18,645  INFO main:363 - Solucion: 10
00:49:18,645  INFO main:364 - 
Solucion numero: 99
00:49:18,646  INFO main:365 - 
Cantidad de bloqueados: 0
00:49:18,646  INFO main:366 - 
Costo: 57000.0
00:49:18,646  INFO main:367 - 
Distancia: 15400.0
00:49:18,646  INFO main:368 - 
Espectro Mayor: 22.0
00:49:18,646  INFO main:369 - 
Fitness: 22.0
00:49:18,646  INFO main:372 - *****************************************************
00:49:19,006  INFO main:362 - *******************Solucion: 11*******************
00:49:19,006  INFO main:363 - Solucion: 11
00:49:19,006  INFO main:364 - 
Solucion numero: 99
00:49:19,006  INFO main:365 - 
Cantidad de bloqueados: 0
00:49:19,006  INFO main:366 - 
Costo: 57000.0
00:49:19,006  INFO main:367 - 
Distancia: 15400.0
00:49:19,007  INFO main:368 - 
Espectro Mayor: 22.0
00:49:19,007  INFO main:369 - 
Fitness: 22.0
00:49:19,007  INFO main:372 - *****************************************************
00:49:19,344  INFO main:362 - *******************Solucion: 12*******************
00:49:19,344  INFO main:363 - Solucion: 12
00:49:19,344  INFO main:364 - 
Solucion numero: 99
00:49:19,344  INFO main:365 - 
Cantidad de bloqueados: 0
00:49:19,344  INFO main:366 - 
Costo: 57000.0
00:49:19,345  INFO main:367 - 
Distancia: 15400.0
00:49:19,345  INFO main:368 - 
Espectro Mayor: 22.0
00:49:19,345  INFO main:369 - 
Fitness: 22.0
00:49:19,345  INFO main:372 - *****************************************************
00:49:19,890  INFO main:362 - *******************Solucion: 13*******************
00:49:19,890  INFO main:363 - Solucion: 13
00:49:19,890  INFO main:364 - 
Solucion numero: 99
00:49:19,890  INFO main:365 - 
Cantidad de bloqueados: 0
00:49:19,890  INFO main:366 - 
Costo: 57000.0
00:49:19,890  INFO main:367 - 
Distancia: 15400.0
00:49:19,890  INFO main:368 - 
Espectro Mayor: 22.0
00:49:19,890  INFO main:369 - 
Fitness: 22.0
00:49:19,891  INFO main:372 - *****************************************************
00:49:20,391  INFO main:362 - *******************Solucion: 14*******************
00:49:20,391  INFO main:363 - Solucion: 14
00:49:20,391  INFO main:364 - 
Solucion numero: 99
00:49:20,392  INFO main:365 - 
Cantidad de bloqueados: 0
00:49:20,392  INFO main:366 - 
Costo: 57000.0
00:49:20,392  INFO main:367 - 
Distancia: 15400.0
00:49:20,392  INFO main:368 - 
Espectro Mayor: 22.0
00:49:20,392  INFO main:369 - 
Fitness: 22.0
00:49:20,392  INFO main:372 - *****************************************************
00:49:20,753  INFO main:362 - *******************Solucion: 15*******************
00:49:20,753  INFO main:363 - Solucion: 15
00:49:20,753  INFO main:364 - 
Solucion numero: 99
00:49:20,753  INFO main:365 - 
Cantidad de bloqueados: 0
00:49:20,753  INFO main:366 - 
Costo: 57000.0
00:49:20,754  INFO main:367 - 
Distancia: 15400.0
00:49:20,754  INFO main:368 - 
Espectro Mayor: 22.0
00:49:20,754  INFO main:369 - 
Fitness: 22.0
00:49:20,754  INFO main:372 - *****************************************************
00:49:21,092  INFO main:362 - *******************Solucion: 16*******************
00:49:21,092  INFO main:363 - Solucion: 16
00:49:21,092  INFO main:364 - 
Solucion numero: 99
00:49:21,092  INFO main:365 - 
Cantidad de bloqueados: 0
00:49:21,092  INFO main:366 - 
Costo: 57000.0
00:49:21,092  INFO main:367 - 
Distancia: 15400.0
00:49:21,092  INFO main:368 - 
Espectro Mayor: 22.0
00:49:21,092  INFO main:369 - 
Fitness: 22.0
00:49:21,093  INFO main:372 - *****************************************************
00:49:21,556  INFO main:362 - *******************Solucion: 17*******************
00:49:21,556  INFO main:363 - Solucion: 17
00:49:21,556  INFO main:364 - 
Solucion numero: 99
00:49:21,557  INFO main:365 - 
Cantidad de bloqueados: 0
00:49:21,557  INFO main:366 - 
Costo: 57000.0
00:49:21,557  INFO main:367 - 
Distancia: 15400.0
00:49:21,557  INFO main:368 - 
Espectro Mayor: 22.0
00:49:21,557  INFO main:369 - 
Fitness: 22.0
00:49:21,558  INFO main:372 - *****************************************************
00:49:22,117  INFO main:362 - *******************Solucion: 18*******************
00:49:22,118  INFO main:363 - Solucion: 18
00:49:22,118  INFO main:364 - 
Solucion numero: 99
00:49:22,118  INFO main:365 - 
Cantidad de bloqueados: 0
00:49:22,118  INFO main:366 - 
Costo: 57000.0
00:49:22,118  INFO main:367 - 
Distancia: 15400.0
00:49:22,118  INFO main:368 - 
Espectro Mayor: 22.0
00:49:22,118  INFO main:369 - 
Fitness: 22.0
00:49:22,118  INFO main:372 - *****************************************************
00:49:22,479  INFO main:362 - *******************Solucion: 19*******************
00:49:22,479  INFO main:363 - Solucion: 19
00:49:22,480  INFO main:364 - 
Solucion numero: 99
00:49:22,480  INFO main:365 - 
Cantidad de bloqueados: 0
00:49:22,480  INFO main:366 - 
Costo: 57000.0
00:49:22,480  INFO main:367 - 
Distancia: 15400.0
00:49:22,480  INFO main:368 - 
Espectro Mayor: 22.0
00:49:22,480  INFO main:369 - 
Fitness: 22.0
00:49:22,480  INFO main:372 - *****************************************************
00:49:22,816  INFO main:362 - *******************Solucion: 20*******************
00:49:22,817  INFO main:363 - Solucion: 20
00:49:22,817  INFO main:364 - 
Solucion numero: 99
00:49:22,817  INFO main:365 - 
Cantidad de bloqueados: 0
00:49:22,817  INFO main:366 - 
Costo: 57000.0
00:49:22,817  INFO main:367 - 
Distancia: 15400.0
00:49:22,817  INFO main:368 - 
Espectro Mayor: 22.0
00:49:22,817  INFO main:369 - 
Fitness: 22.0
00:49:22,817  INFO main:372 - *****************************************************
00:49:23,187  INFO main:362 - *******************Solucion: 21*******************
00:49:23,187  INFO main:363 - Solucion: 21
00:49:23,187  INFO main:364 - 
Solucion numero: 99
00:49:23,187  INFO main:365 - 
Cantidad de bloqueados: 0
00:49:23,187  INFO main:366 - 
Costo: 57000.0
00:49:23,188  INFO main:367 - 
Distancia: 15400.0
00:49:23,188  INFO main:368 - 
Espectro Mayor: 22.0
00:49:23,188  INFO main:369 - 
Fitness: 22.0
00:49:23,188  INFO main:372 - *****************************************************
00:49:23,533  INFO main:362 - *******************Solucion: 22*******************
00:49:23,533  INFO main:363 - Solucion: 22
00:49:23,533  INFO main:364 - 
Solucion numero: 99
00:49:23,533  INFO main:365 - 
Cantidad de bloqueados: 0
00:49:23,533  INFO main:366 - 
Costo: 57000.0
00:49:23,533  INFO main:367 - 
Distancia: 15400.0
00:49:23,533  INFO main:368 - 
Espectro Mayor: 22.0
00:49:23,533  INFO main:369 - 
Fitness: 22.0
00:49:23,533  INFO main:372 - *****************************************************
00:49:23,858  INFO main:362 - *******************Solucion: 23*******************
00:49:23,859  INFO main:363 - Solucion: 23
00:49:23,859  INFO main:364 - 
Solucion numero: 99
00:49:23,859  INFO main:365 - 
Cantidad de bloqueados: 0
00:49:23,859  INFO main:366 - 
Costo: 57000.0
00:49:23,859  INFO main:367 - 
Distancia: 15400.0
00:49:23,859  INFO main:368 - 
Espectro Mayor: 22.0
00:49:23,859  INFO main:369 - 
Fitness: 22.0
00:49:23,859  INFO main:372 - *****************************************************
00:49:24,203  INFO main:362 - *******************Solucion: 24*******************
00:49:24,204  INFO main:363 - Solucion: 24
00:49:24,204  INFO main:364 - 
Solucion numero: 99
00:49:24,204  INFO main:365 - 
Cantidad de bloqueados: 0
00:49:24,204  INFO main:366 - 
Costo: 57000.0
00:49:24,204  INFO main:367 - 
Distancia: 15400.0
00:49:24,204  INFO main:368 - 
Espectro Mayor: 22.0
00:49:24,204  INFO main:369 - 
Fitness: 22.0
00:49:24,204  INFO main:372 - *****************************************************
00:49:24,539  INFO main:362 - *******************Solucion: 25*******************
00:49:24,539  INFO main:363 - Solucion: 25
00:49:24,539  INFO main:364 - 
Solucion numero: 99
00:49:24,539  INFO main:365 - 
Cantidad de bloqueados: 0
00:49:24,539  INFO main:366 - 
Costo: 57000.0
00:49:24,539  INFO main:367 - 
Distancia: 15400.0
00:49:24,539  INFO main:368 - 
Espectro Mayor: 22.0
00:49:24,539  INFO main:369 - 
Fitness: 22.0
00:49:24,539  INFO main:372 - *****************************************************
00:49:24,876  INFO main:362 - *******************Solucion: 26*******************
00:49:24,877  INFO main:363 - Solucion: 26
00:49:24,877  INFO main:364 - 
Solucion numero: 99
00:49:24,877  INFO main:365 - 
Cantidad de bloqueados: 0
00:49:24,877  INFO main:366 - 
Costo: 57000.0
00:49:24,877  INFO main:367 - 
Distancia: 15400.0
00:49:24,877  INFO main:368 - 
Espectro Mayor: 22.0
00:49:24,877  INFO main:369 - 
Fitness: 22.0
00:49:24,877  INFO main:372 - *****************************************************
00:49:25,204  INFO main:362 - *******************Solucion: 27*******************
00:49:25,204  INFO main:363 - Solucion: 27
00:49:25,204  INFO main:364 - 
Solucion numero: 99
00:49:25,204  INFO main:365 - 
Cantidad de bloqueados: 0
00:49:25,204  INFO main:366 - 
Costo: 57000.0
00:49:25,204  INFO main:367 - 
Distancia: 15400.0
00:49:25,204  INFO main:368 - 
Espectro Mayor: 22.0
00:49:25,204  INFO main:369 - 
Fitness: 22.0
00:49:25,204  INFO main:372 - *****************************************************
00:49:25,529  INFO main:362 - *******************Solucion: 28*******************
00:49:25,529  INFO main:363 - Solucion: 28
00:49:25,529  INFO main:364 - 
Solucion numero: 99
00:49:25,529  INFO main:365 - 
Cantidad de bloqueados: 0
00:49:25,529  INFO main:366 - 
Costo: 57000.0
00:49:25,529  INFO main:367 - 
Distancia: 15400.0
00:49:25,530  INFO main:368 - 
Espectro Mayor: 22.0
00:49:25,530  INFO main:369 - 
Fitness: 22.0
00:49:25,530  INFO main:372 - *****************************************************
00:49:25,865  INFO main:362 - *******************Solucion: 29*******************
00:49:25,865  INFO main:363 - Solucion: 29
00:49:25,865  INFO main:364 - 
Solucion numero: 99
00:49:25,865  INFO main:365 - 
Cantidad de bloqueados: 0
00:49:25,865  INFO main:366 - 
Costo: 57000.0
00:49:25,865  INFO main:367 - 
Distancia: 15400.0
00:49:25,865  INFO main:368 - 
Espectro Mayor: 22.0
00:49:25,866  INFO main:369 - 
Fitness: 22.0
00:49:25,866  INFO main:372 - *****************************************************
00:49:25,866  INFO main:375 - Tiempo AGY: 380.23333333333335
00:49:25,866  INFO main:377 - Promedio Final AGY: 22.0
