21:57:24,014  INFO main:168 - Logueando
21:58:35,425  INFO main:300 - Tiempo PreCalculo: 71410
21:58:35,425  INFO main:387 - ****************AG PERMUTACION****************
21:58:35,761  INFO main:401 - ****************Corrida 0 ************************
21:58:35,761  INFO main:402 - Fitness solucion: 23.0
21:58:35,761  INFO main:403 - Indice: 27
21:58:35,761  INFO main:404 - Generacion: 5
21:58:35,762  INFO main:405 - Rechazados: 10
21:58:35,762  INFO main:417 - Individuo Solucion: {35,38,9,2,45,42,6,30,0,3,17,33,34,15,39,43,46,13,21,19,31,22,1,27,28,40,48,25,41,24,47,29,14,36,49,37,20,7,44,12,10,8,4,32,18,5,16,23,26,11}

21:58:35,762  INFO main:418 - *****************************************************
21:58:36,039  INFO main:401 - ****************Corrida 1 ************************
21:58:36,039  INFO main:402 - Fitness solucion: 24.0
21:58:36,039  INFO main:403 - Indice: 27
21:58:36,039  INFO main:404 - Generacion: 0
21:58:36,040  INFO main:405 - Rechazados: 13
21:58:36,040  INFO main:417 - Individuo Solucion: {49,1,6,4,10,28,44,34,7,45,31,12,0,42,29,21,46,17,20,3,5,30,2,13,36,25,24,18,48,32,47,11,16,39,26,22,38,37,14,41,15,40,43,8,33,19,23,27,9,35}

21:58:36,040  INFO main:418 - *****************************************************
21:58:36,272  INFO main:401 - ****************Corrida 2 ************************
21:58:36,272  INFO main:402 - Fitness solucion: 23.0
21:58:36,272  INFO main:403 - Indice: 27
21:58:36,272  INFO main:404 - Generacion: 2
21:58:36,272  INFO main:405 - Rechazados: 12
21:58:36,272  INFO main:417 - Individuo Solucion: {3,9,8,14,44,40,21,36,42,20,39,6,15,30,2,27,17,33,49,34,41,32,46,43,26,1,22,5,24,45,47,11,7,25,18,4,16,12,13,37,28,38,29,48,35,19,10,23,31,0}

21:58:36,272  INFO main:418 - *****************************************************
21:58:36,384  INFO main:401 - ****************Corrida 3 ************************
21:58:36,384  INFO main:402 - Fitness solucion: 23.0
21:58:36,384  INFO main:403 - Indice: 26
21:58:36,384  INFO main:404 - Generacion: 3
21:58:36,384  INFO main:405 - Rechazados: 13
21:58:36,385  INFO main:417 - Individuo Solucion: {38,45,35,14,47,44,37,3,21,24,31,19,32,22,8,33,1,6,12,2,42,26,36,16,7,13,11,17,46,20,29,27,40,23,48,34,5,0,43,4,30,18,25,39,9,15,28,41,49,10}

21:58:36,385  INFO main:418 - *****************************************************
21:58:36,479  INFO main:401 - ****************Corrida 4 ************************
21:58:36,479  INFO main:402 - Fitness solucion: 24.0
21:58:36,479  INFO main:403 - Indice: 27
21:58:36,479  INFO main:404 - Generacion: 0
21:58:36,479  INFO main:405 - Rechazados: 12
21:58:36,479  INFO main:417 - Individuo Solucion: {1,49,41,21,32,38,48,9,46,0,11,5,12,39,4,14,6,35,18,34,37,43,17,26,10,47,7,15,44,23,27,20,16,40,3,28,45,22,36,42,33,25,30,8,29,31,19,24,13,2}

21:58:36,479  INFO main:418 - *****************************************************
21:58:36,575  INFO main:401 - ****************Corrida 5 ************************
21:58:36,575  INFO main:402 - Fitness solucion: 24.0
21:58:36,575  INFO main:403 - Indice: 25
21:58:36,575  INFO main:404 - Generacion: 0
21:58:36,575  INFO main:405 - Rechazados: 14
21:58:36,576  INFO main:417 - Individuo Solucion: {23,32,45,35,6,16,17,36,1,49,28,0,48,10,14,37,11,15,39,34,20,22,30,5,8,18,24,26,41,7,42,4,46,9,12,29,31,25,2,40,3,19,13,27,38,21,33,43,44,47}

21:58:36,576  INFO main:418 - *****************************************************
21:58:36,663  INFO main:401 - ****************Corrida 6 ************************
21:58:36,663  INFO main:402 - Fitness solucion: 23.0
21:58:36,663  INFO main:403 - Indice: 25
21:58:36,663  INFO main:404 - Generacion: 0
21:58:36,665  INFO main:405 - Rechazados: 13
21:58:36,666  INFO main:417 - Individuo Solucion: {35,36,2,44,32,48,47,22,10,8,17,14,4,13,1,19,0,26,6,27,37,7,15,45,49,16,30,20,38,23,5,12,33,29,40,3,11,25,21,43,9,42,28,18,46,24,41,39,34,31}

21:58:36,666  INFO main:418 - *****************************************************
21:58:36,751  INFO main:401 - ****************Corrida 7 ************************
21:58:36,751  INFO main:402 - Fitness solucion: 24.0
21:58:36,751  INFO main:403 - Indice: 26
21:58:36,751  INFO main:404 - Generacion: 1
21:58:36,752  INFO main:405 - Rechazados: 12
21:58:36,752  INFO main:417 - Individuo Solucion: {44,1,2,48,25,5,42,43,7,49,15,17,27,16,38,35,6,30,39,18,11,26,0,21,29,34,40,13,31,3,19,8,12,46,20,33,36,37,32,23,14,4,41,10,24,45,28,47,9,22}

21:58:36,752  INFO main:418 - *****************************************************
21:58:36,837  INFO main:401 - ****************Corrida 8 ************************
21:58:36,837  INFO main:402 - Fitness solucion: 23.0
21:58:36,837  INFO main:403 - Indice: 24
21:58:36,838  INFO main:404 - Generacion: 5
21:58:36,838  INFO main:405 - Rechazados: 11
21:58:36,838  INFO main:417 - Individuo Solucion: {41,44,43,3,4,0,1,15,2,35,45,48,13,49,5,17,16,33,25,37,19,10,18,6,34,11,36,26,42,8,12,7,24,22,40,38,14,20,29,27,9,21,28,39,31,46,30,23,32,47}

21:58:36,838  INFO main:418 - *****************************************************
21:58:36,925  INFO main:401 - ****************Corrida 9 ************************
21:58:36,925  INFO main:402 - Fitness solucion: 24.0
21:58:36,925  INFO main:403 - Indice: 25
21:58:36,925  INFO main:404 - Generacion: 1
21:58:36,925  INFO main:405 - Rechazados: 13
21:58:36,925  INFO main:417 - Individuo Solucion: {17,48,1,3,2,46,37,13,8,22,12,20,32,49,24,19,28,41,9,39,4,21,40,31,11,33,7,29,38,14,42,6,0,18,34,23,16,35,25,43,45,36,27,44,26,10,5,30,15,47}

21:58:36,925  INFO main:418 - *****************************************************
21:58:37,013  INFO main:401 - ****************Corrida 10 ************************
21:58:37,013  INFO main:402 - Fitness solucion: 23.0
21:58:37,013  INFO main:403 - Indice: 25
21:58:37,013  INFO main:404 - Generacion: 0
21:58:37,013  INFO main:405 - Rechazados: 14
21:58:37,013  INFO main:417 - Individuo Solucion: {1,47,17,43,18,2,36,30,11,12,20,37,10,14,24,9,5,22,44,48,46,32,15,6,4,35,23,34,7,8,40,38,45,41,31,49,0,19,21,3,16,42,13,33,29,27,25,26,28,39}

21:58:37,013  INFO main:418 - *****************************************************
21:58:37,103  INFO main:401 - ****************Corrida 11 ************************
21:58:37,103  INFO main:402 - Fitness solucion: 24.0
21:58:37,103  INFO main:403 - Indice: 27
21:58:37,103  INFO main:404 - Generacion: 0
21:58:37,103  INFO main:405 - Rechazados: 12
21:58:37,104  INFO main:417 - Individuo Solucion: {40,12,49,1,46,4,25,31,9,19,34,0,41,15,29,13,6,21,8,35,17,36,27,7,44,24,45,18,30,32,11,33,10,28,38,2,22,14,47,37,20,23,5,26,16,42,39,43,48,3}

21:58:37,104  INFO main:418 - *****************************************************
21:58:37,190  INFO main:401 - ****************Corrida 12 ************************
21:58:37,190  INFO main:402 - Fitness solucion: 22.0
21:58:37,191  INFO main:403 - Indice: 25
21:58:37,191  INFO main:404 - Generacion: 2
21:58:37,191  INFO main:405 - Rechazados: 13
21:58:37,191  INFO main:417 - Individuo Solucion: {11,3,9,8,13,2,10,22,37,14,49,43,20,44,32,1,30,42,17,45,16,46,21,0,26,28,5,24,34,41,6,29,23,39,31,19,38,7,27,25,48,35,36,33,15,18,4,12,40,47}

21:58:37,191  INFO main:418 - *****************************************************
21:58:37,278  INFO main:401 - ****************Corrida 13 ************************
21:58:37,278  INFO main:402 - Fitness solucion: 23.0
21:58:37,278  INFO main:403 - Indice: 24
21:58:37,278  INFO main:404 - Generacion: 0
21:58:37,278  INFO main:405 - Rechazados: 12
21:58:37,278  INFO main:417 - Individuo Solucion: {1,7,41,10,0,36,32,3,5,2,9,6,40,11,28,44,17,24,35,4,43,16,14,34,13,25,39,46,47,27,30,15,42,12,8,31,22,38,37,29,49,48,19,20,18,23,26,33,45,21}

21:58:37,278  INFO main:418 - *****************************************************
21:58:37,365  INFO main:401 - ****************Corrida 14 ************************
21:58:37,365  INFO main:402 - Fitness solucion: 23.0
21:58:37,365  INFO main:403 - Indice: 25
21:58:37,365  INFO main:404 - Generacion: 1
21:58:37,366  INFO main:405 - Rechazados: 12
21:58:37,366  INFO main:417 - Individuo Solucion: {2,1,36,30,6,48,41,5,44,4,21,24,33,25,16,8,27,34,45,28,18,49,40,42,22,23,13,3,31,19,10,14,43,12,17,37,38,0,7,39,20,35,29,47,26,46,15,32,11,9}

21:58:37,366  INFO main:418 - *****************************************************
21:58:37,453  INFO main:401 - ****************Corrida 15 ************************
21:58:37,453  INFO main:402 - Fitness solucion: 24.0
21:58:37,454  INFO main:403 - Indice: 26
21:58:37,454  INFO main:404 - Generacion: 1
21:58:37,454  INFO main:405 - Rechazados: 13
21:58:37,454  INFO main:417 - Individuo Solucion: {44,36,23,35,2,3,31,33,18,1,13,7,5,38,37,15,10,20,19,22,34,0,9,17,16,27,32,11,6,42,24,47,26,45,14,8,4,41,40,43,21,39,28,12,46,49,25,29,48,30}

21:58:37,454  INFO main:418 - *****************************************************
21:58:37,540  INFO main:401 - ****************Corrida 16 ************************
21:58:37,540  INFO main:402 - Fitness solucion: 22.0
21:58:37,540  INFO main:403 - Indice: 25
21:58:37,540  INFO main:404 - Generacion: 0
21:58:37,540  INFO main:405 - Rechazados: 14
21:58:37,540  INFO main:417 - Individuo Solucion: {2,7,12,3,44,10,18,6,1,4,14,30,13,16,45,43,17,48,20,36,9,29,5,27,40,39,31,26,11,47,23,49,35,8,42,21,46,25,15,32,34,24,28,37,19,0,22,33,41,38}

21:58:37,540  INFO main:418 - *****************************************************
21:58:37,627  INFO main:401 - ****************Corrida 17 ************************
21:58:37,627  INFO main:402 - Fitness solucion: 24.0
21:58:37,627  INFO main:403 - Indice: 27
21:58:37,627  INFO main:404 - Generacion: 0
21:58:37,627  INFO main:405 - Rechazados: 14
21:58:37,627  INFO main:417 - Individuo Solucion: {10,0,47,1,4,38,12,11,6,18,42,32,14,44,5,21,13,29,39,46,40,3,45,23,25,48,19,49,22,24,16,30,37,27,28,31,7,2,33,9,15,26,34,41,17,43,20,35,8,36}

21:58:37,628  INFO main:418 - *****************************************************
21:58:37,714  INFO main:401 - ****************Corrida 18 ************************
21:58:37,714  INFO main:402 - Fitness solucion: 23.0
21:58:37,715  INFO main:403 - Indice: 25
21:58:37,715  INFO main:404 - Generacion: 2
21:58:37,715  INFO main:405 - Rechazados: 12
21:58:37,715  INFO main:417 - Individuo Solucion: {46,2,21,39,33,1,15,38,4,27,10,49,44,14,5,20,40,3,7,8,29,12,43,42,31,19,41,9,24,13,16,11,32,25,47,18,6,22,26,17,30,23,48,36,0,37,28,35,45,34}

21:58:37,715  INFO main:418 - *****************************************************
21:58:37,802  INFO main:401 - ****************Corrida 19 ************************
21:58:37,802  INFO main:402 - Fitness solucion: 24.0
21:58:37,802  INFO main:403 - Indice: 25
21:58:37,803  INFO main:404 - Generacion: 0
21:58:37,803  INFO main:405 - Rechazados: 15
21:58:37,803  INFO main:417 - Individuo Solucion: {6,2,44,38,23,4,0,7,1,5,47,28,17,14,9,12,35,20,39,34,3,10,13,21,25,49,37,24,26,16,22,15,48,36,18,45,31,42,40,30,19,43,8,41,11,32,29,33,46,27}

21:58:37,803  INFO main:418 - *****************************************************
21:58:37,887  INFO main:401 - ****************Corrida 20 ************************
21:58:37,888  INFO main:402 - Fitness solucion: 23.0
21:58:37,888  INFO main:403 - Indice: 24
21:58:37,888  INFO main:404 - Generacion: 0
21:58:37,888  INFO main:405 - Rechazados: 11
21:58:37,888  INFO main:417 - Individuo Solucion: {20,27,2,25,7,1,0,28,30,32,45,5,37,18,10,36,24,44,12,22,6,4,19,17,41,26,16,39,8,23,49,29,33,14,11,34,46,48,35,43,40,38,31,9,3,21,42,15,47,13}

21:58:37,888  INFO main:418 - *****************************************************
21:58:37,976  INFO main:401 - ****************Corrida 21 ************************
21:58:37,976  INFO main:402 - Fitness solucion: 23.0
21:58:37,976  INFO main:403 - Indice: 25
21:58:37,976  INFO main:404 - Generacion: 3
21:58:37,976  INFO main:405 - Rechazados: 13
21:58:37,977  INFO main:417 - Individuo Solucion: {40,10,5,7,1,8,35,4,9,29,45,27,42,21,20,26,49,30,39,44,33,2,0,11,17,22,16,19,31,37,28,41,47,38,25,46,15,23,48,43,14,13,6,32,12,24,18,36,34,3}

21:58:37,977  INFO main:418 - *****************************************************
21:58:38,062  INFO main:401 - ****************Corrida 22 ************************
21:58:38,062  INFO main:402 - Fitness solucion: 23.0
21:58:38,062  INFO main:403 - Indice: 26
21:58:38,062  INFO main:404 - Generacion: 2
21:58:38,062  INFO main:405 - Rechazados: 15
21:58:38,063  INFO main:417 - Individuo Solucion: {41,0,6,26,21,14,7,43,10,40,34,39,36,9,27,37,28,12,47,1,17,49,4,23,16,29,8,15,24,25,22,3,32,20,46,48,38,44,31,42,35,5,18,45,13,19,2,11,33,30}

21:58:38,063  INFO main:418 - *****************************************************
21:58:38,150  INFO main:401 - ****************Corrida 23 ************************
21:58:38,150  INFO main:402 - Fitness solucion: 23.0
21:58:38,150  INFO main:403 - Indice: 25
21:58:38,150  INFO main:404 - Generacion: 2
21:58:38,150  INFO main:405 - Rechazados: 11
21:58:38,150  INFO main:417 - Individuo Solucion: {19,3,44,33,32,38,10,4,7,39,2,20,36,47,35,41,1,43,42,6,13,8,26,14,28,25,21,16,24,5,40,27,11,29,9,0,12,22,37,31,17,18,34,15,30,46,45,23,48,49}

21:58:38,150  INFO main:418 - *****************************************************
21:58:38,238  INFO main:401 - ****************Corrida 24 ************************
21:58:38,238  INFO main:402 - Fitness solucion: 23.0
21:58:38,238  INFO main:403 - Indice: 25
21:58:38,238  INFO main:404 - Generacion: 2
21:58:38,238  INFO main:405 - Rechazados: 13
21:58:38,238  INFO main:417 - Individuo Solucion: {8,32,7,13,18,14,43,6,37,40,20,16,48,5,24,2,1,4,33,3,46,34,9,15,21,45,27,11,19,42,28,31,26,29,17,38,12,44,25,49,41,0,23,30,10,47,36,35,39,22}

21:58:38,238  INFO main:418 - *****************************************************
21:58:38,325  INFO main:401 - ****************Corrida 25 ************************
21:58:38,326  INFO main:402 - Fitness solucion: 24.0
21:58:38,326  INFO main:403 - Indice: 27
21:58:38,326  INFO main:404 - Generacion: 0
21:58:38,326  INFO main:405 - Rechazados: 10
21:58:38,326  INFO main:417 - Individuo Solucion: {18,1,7,24,33,31,13,49,36,27,10,17,2,12,5,26,0,25,19,11,46,4,29,23,14,16,6,21,8,34,28,48,45,47,20,42,43,9,30,22,37,32,3,38,41,39,40,44,35,15}

21:58:38,326  INFO main:418 - *****************************************************
21:58:38,413  INFO main:401 - ****************Corrida 26 ************************
21:58:38,414  INFO main:402 - Fitness solucion: 23.0
21:58:38,414  INFO main:403 - Indice: 26
21:58:38,414  INFO main:404 - Generacion: 2
21:58:38,414  INFO main:405 - Rechazados: 12
21:58:38,414  INFO main:417 - Individuo Solucion: {44,4,40,0,1,14,13,2,39,29,36,6,12,7,10,8,47,30,11,26,5,15,24,9,31,32,20,33,17,38,27,48,16,37,22,19,49,34,35,45,25,42,23,18,46,43,3,28,41,21}

21:58:38,414  INFO main:418 - *****************************************************
21:58:38,501  INFO main:401 - ****************Corrida 27 ************************
21:58:38,501  INFO main:402 - Fitness solucion: 22.0
21:58:38,501  INFO main:403 - Indice: 27
21:58:38,502  INFO main:404 - Generacion: 6
21:58:38,502  INFO main:405 - Rechazados: 13
21:58:38,502  INFO main:417 - Individuo Solucion: {9,34,14,45,1,15,25,0,6,12,2,33,39,19,8,27,30,17,40,28,38,21,44,10,32,4,46,29,49,35,3,41,26,31,7,18,23,24,16,37,48,22,13,43,20,11,36,47,42,5}

21:58:38,502  INFO main:418 - *****************************************************
21:58:38,588  INFO main:401 - ****************Corrida 28 ************************
21:58:38,589  INFO main:402 - Fitness solucion: 22.0
21:58:38,589  INFO main:403 - Indice: 26
21:58:38,589  INFO main:404 - Generacion: 5
21:58:38,589  INFO main:405 - Rechazados: 12
21:58:38,589  INFO main:417 - Individuo Solucion: {7,49,44,35,18,0,28,39,22,40,36,31,42,43,27,33,5,1,2,48,9,21,37,11,3,20,46,41,38,15,17,12,19,4,26,14,32,24,10,25,29,16,23,13,47,45,34,8,30,6}

21:58:38,589  INFO main:418 - *****************************************************
21:58:38,677  INFO main:401 - ****************Corrida 29 ************************
21:58:38,677  INFO main:402 - Fitness solucion: 23.0
21:58:38,677  INFO main:403 - Indice: 27
21:58:38,677  INFO main:404 - Generacion: 5
21:58:38,678  INFO main:405 - Rechazados: 14
21:58:38,678  INFO main:417 - Individuo Solucion: {30,14,37,12,18,16,48,42,10,46,1,8,45,11,29,23,21,33,20,38,28,3,47,31,22,6,43,9,24,0,2,4,13,25,7,39,26,40,17,32,27,5,19,15,35,44,49,41,36,34}

21:58:38,678  INFO main:418 - *****************************************************
21:58:38,678  INFO main:420 - Tiempo AGP: 107
21:58:38,678  INFO main:422 - Promedio Final: 23
21:58:38,678  INFO main:424 - Promedio Generaciones: 0
21:58:38,678  INFO main:427 - Promedio Rechazos: 12
21:58:38,678  INFO main:430 - Promedio Defragmentacion: 1.2273333333333334
21:58:38,678  INFO main:432 - *****************Resultados********************
21:58:38,679  INFO main:434 - result: 23.0
21:58:38,679  INFO main:434 - result: 24.0
21:58:38,679  INFO main:434 - result: 23.0
21:58:38,679  INFO main:434 - result: 23.0
21:58:38,679  INFO main:434 - result: 24.0
21:58:38,679  INFO main:434 - result: 24.0
21:58:38,679  INFO main:434 - result: 23.0
21:58:38,679  INFO main:434 - result: 24.0
21:58:38,679  INFO main:434 - result: 23.0
21:58:38,679  INFO main:434 - result: 24.0
21:58:38,679  INFO main:434 - result: 23.0
21:58:38,679  INFO main:434 - result: 24.0
21:58:38,679  INFO main:434 - result: 22.0
21:58:38,680  INFO main:434 - result: 23.0
21:58:38,680  INFO main:434 - result: 23.0
21:58:38,680  INFO main:434 - result: 24.0
21:58:38,680  INFO main:434 - result: 22.0
21:58:38,680  INFO main:434 - result: 24.0
21:58:38,680  INFO main:434 - result: 23.0
21:58:38,680  INFO main:434 - result: 24.0
21:58:38,680  INFO main:434 - result: 23.0
21:58:38,680  INFO main:434 - result: 23.0
21:58:38,680  INFO main:434 - result: 23.0
21:58:38,680  INFO main:434 - result: 23.0
21:58:38,680  INFO main:434 - result: 23.0
21:58:38,681  INFO main:434 - result: 24.0
21:58:38,681  INFO main:434 - result: 23.0
21:58:38,681  INFO main:434 - result: 22.0
21:58:38,681  INFO main:434 - result: 22.0
21:58:38,681  INFO main:434 - result: 23.0
21:58:38,681  INFO main:436 - *****************Generaciones********************
21:58:38,681  INFO main:438 - Generacion: 0
21:58:38,681  INFO main:438 - Generacion: 0
21:58:38,681  INFO main:438 - Generacion: 0
21:58:38,681  INFO main:438 - Generacion: 0
21:58:38,681  INFO main:438 - Generacion: 0
21:58:38,681  INFO main:438 - Generacion: 0
21:58:38,681  INFO main:438 - Generacion: 0
21:58:38,681  INFO main:438 - Generacion: 0
21:58:38,682  INFO main:438 - Generacion: 0
21:58:38,682  INFO main:438 - Generacion: 0
21:58:38,682  INFO main:438 - Generacion: 0
21:58:38,682  INFO main:438 - Generacion: 0
21:58:38,682  INFO main:438 - Generacion: 0
21:58:38,682  INFO main:438 - Generacion: 0
21:58:38,682  INFO main:438 - Generacion: 0
21:58:38,682  INFO main:438 - Generacion: 0
21:58:38,682  INFO main:438 - Generacion: 0
21:58:38,682  INFO main:438 - Generacion: 0
21:58:38,682  INFO main:438 - Generacion: 0
21:58:38,682  INFO main:438 - Generacion: 0
21:58:38,682  INFO main:438 - Generacion: 0
21:58:38,682  INFO main:438 - Generacion: 0
21:58:38,682  INFO main:438 - Generacion: 0
21:58:38,683  INFO main:438 - Generacion: 0
21:58:38,683  INFO main:438 - Generacion: 0
21:58:38,683  INFO main:438 - Generacion: 0
21:58:38,683  INFO main:438 - Generacion: 0
21:58:38,683  INFO main:438 - Generacion: 0
21:58:38,683  INFO main:438 - Generacion: 0
21:58:38,683  INFO main:438 - Generacion: 0
