17:26:40,414  INFO main:168 - Logueando
17:28:04,600  INFO main:300 - Tiempo PreCalculo: 84185
17:28:04,600  INFO main:387 - ****************AG PERMUTACION****************
17:28:06,176  INFO main:399 - ****************Corrida 0 ************************
17:28:06,176  INFO main:400 - Fitness solucion: 56.0
17:28:06,176  INFO main:401 - Indice: 62
17:28:06,176  INFO main:402 - Generacion: 0
17:28:06,177  INFO main:403 - Rechazados: 0
17:28:06,177  INFO main:413 - Individuo Solucion: {46,3,61,96,1,0,18,93,53,42,35,75,10,14,81,63,25,50,65,17,9,16,26,28,12,78,83,80,38,37,82,5,59,29,90,88,98,23,19,73,44,57,49,34,47,87,20,43,52,67,72,97,71,79,92,31,30,8,91,22,45,56,6,2,48,32,21,40,64,7,84,60,58,86,69,33,66,55,94,11,15,95,85,68,41,13,77,4,62,76,27,89,51,54,39,24,99,70,36,74}

17:28:06,177  INFO main:414 - *****************************************************
17:28:06,956  INFO main:399 - ****************Corrida 1 ************************
17:28:06,956  INFO main:400 - Fitness solucion: 56.0
17:28:06,956  INFO main:401 - Indice: 62
17:28:06,956  INFO main:402 - Generacion: 0
17:28:06,956  INFO main:403 - Rechazados: 0
17:28:06,957  INFO main:413 - Individuo Solucion: {30,96,81,5,19,74,10,91,95,4,79,59,12,80,41,26,54,21,85,62,73,75,99,13,35,87,34,92,48,42,94,7,1,82,40,17,20,18,25,29,57,56,24,93,60,50,38,90,65,44,27,52,9,23,83,33,55,0,53,61,46,43,72,69,64,15,86,28,31,37,6,76,84,49,89,14,63,66,3,97,70,45,39,77,78,36,58,88,2,11,98,16,22,68,47,67,8,71,51,32}

17:28:06,957  INFO main:414 - *****************************************************
17:28:07,664  INFO main:399 - ****************Corrida 2 ************************
17:28:07,665  INFO main:400 - Fitness solucion: 56.0
17:28:07,665  INFO main:401 - Indice: 58
17:28:07,665  INFO main:402 - Generacion: 0
17:28:07,666  INFO main:403 - Rechazados: 0
17:28:07,666  INFO main:413 - Individuo Solucion: {58,4,61,5,2,69,10,65,7,72,98,13,79,96,1,59,23,0,28,62,81,88,9,99,33,11,35,89,74,30,17,16,41,45,95,3,64,80,14,71,27,56,43,46,20,29,75,97,36,37,67,39,47,15,66,6,92,32,86,73,49,19,85,21,38,44,42,40,76,53,24,51,8,90,54,77,94,50,48,52,12,84,93,34,83,82,87,31,91,70,68,78,60,55,25,18,26,57,22,63}

17:28:07,666  INFO main:414 - *****************************************************
17:28:08,323  INFO main:399 - ****************Corrida 3 ************************
17:28:08,324  INFO main:400 - Fitness solucion: 56.0
17:28:08,324  INFO main:401 - Indice: 56
17:28:08,324  INFO main:402 - Generacion: 0
17:28:08,324  INFO main:403 - Rechazados: 0
17:28:08,324  INFO main:413 - Individuo Solucion: {52,18,12,35,73,6,7,91,53,48,58,2,64,14,57,31,63,30,9,79,95,3,5,23,60,11,90,72,47,68,39,87,16,38,26,55,65,99,84,24,92,21,27,37,80,40,61,44,49,75,41,32,86,45,74,46,28,0,51,77,19,29,1,54,10,56,66,42,4,15,33,69,78,88,8,81,70,62,93,89,94,36,50,20,17,85,76,34,25,22,67,97,43,96,71,13,59,83,98,82}

17:28:08,325  INFO main:414 - *****************************************************
17:28:09,005  INFO main:399 - ****************Corrida 4 ************************
17:28:09,006  INFO main:400 - Fitness solucion: 56.0
17:28:09,006  INFO main:401 - Indice: 58
17:28:09,006  INFO main:402 - Generacion: 0
17:28:09,006  INFO main:403 - Rechazados: 0
17:28:09,006  INFO main:413 - Individuo Solucion: {6,94,56,86,1,46,77,13,31,68,38,22,96,79,80,64,8,40,16,0,95,12,92,99,18,48,23,81,17,30,2,89,71,35,91,37,19,42,7,60,72,55,24,82,97,34,9,39,43,61,21,41,50,93,76,5,20,66,69,98,28,54,14,44,27,57,51,52,47,26,74,3,33,87,4,67,53,65,83,85,32,25,62,63,84,11,78,15,88,73,59,90,58,29,10,49,75,36,45,70}

17:28:09,006  INFO main:414 - *****************************************************
17:28:09,646  INFO main:399 - ****************Corrida 5 ************************
17:28:09,646  INFO main:400 - Fitness solucion: 56.0
17:28:09,646  INFO main:401 - Indice: 64
17:28:09,646  INFO main:402 - Generacion: 0
17:28:09,646  INFO main:403 - Rechazados: 0
17:28:09,646  INFO main:413 - Individuo Solucion: {6,17,8,76,83,14,42,3,0,95,63,94,22,34,78,89,77,4,10,93,49,16,58,1,9,47,71,98,35,99,29,41,55,97,15,59,2,87,19,82,39,96,75,11,28,37,46,23,38,45,43,80,21,25,64,88,24,32,56,30,92,12,61,20,31,57,60,36,51,44,13,74,65,67,86,62,18,70,53,33,5,68,52,84,26,91,7,72,90,27,50,85,69,73,40,79,66,54,81,48}

17:28:09,646  INFO main:414 - *****************************************************
17:28:10,289  INFO main:399 - ****************Corrida 6 ************************
17:28:10,289  INFO main:400 - Fitness solucion: 56.0
17:28:10,289  INFO main:401 - Indice: 59
17:28:10,290  INFO main:402 - Generacion: 0
17:28:10,292  INFO main:403 - Rechazados: 0
17:28:10,292  INFO main:413 - Individuo Solucion: {61,54,0,63,24,58,97,14,12,20,46,5,48,69,29,77,13,57,45,70,96,19,17,66,22,86,99,64,10,53,8,34,62,84,15,41,25,35,65,3,78,7,94,27,6,33,28,26,32,16,73,90,38,76,2,9,85,37,1,44,40,49,60,93,88,68,91,92,80,50,11,47,21,36,83,51,95,98,55,42,74,31,39,23,75,30,18,56,82,52,89,72,79,67,43,87,81,71,4,59}

17:28:10,292  INFO main:414 - *****************************************************
17:28:10,937  INFO main:399 - ****************Corrida 7 ************************
17:28:10,937  INFO main:400 - Fitness solucion: 56.0
17:28:10,937  INFO main:401 - Indice: 56
17:28:10,937  INFO main:402 - Generacion: 0
17:28:10,938  INFO main:403 - Rechazados: 0
17:28:10,938  INFO main:413 - Individuo Solucion: {91,47,77,75,2,24,17,6,57,81,37,16,4,72,19,92,3,10,12,90,46,5,14,11,82,22,44,20,41,94,25,70,7,80,32,8,96,26,54,15,84,97,0,9,66,50,73,1,35,89,48,98,27,74,59,36,83,38,99,64,34,39,13,62,95,52,68,65,61,28,18,71,69,29,33,23,30,40,21,31,53,60,67,78,56,76,86,79,63,51,88,45,49,43,58,55,85,93,87,42}

17:28:10,938  INFO main:414 - *****************************************************
17:28:11,566  INFO main:399 - ****************Corrida 8 ************************
17:28:11,566  INFO main:400 - Fitness solucion: 56.0
17:28:11,566  INFO main:401 - Indice: 60
17:28:11,566  INFO main:402 - Generacion: 0
17:28:11,566  INFO main:403 - Rechazados: 0
17:28:11,566  INFO main:413 - Individuo Solucion: {78,9,97,34,24,10,21,0,8,15,3,56,91,93,52,92,11,61,4,41,54,29,19,23,95,12,27,28,76,39,57,63,30,45,1,49,18,25,47,94,71,43,66,26,87,96,6,64,38,31,62,55,48,40,44,51,13,17,58,77,72,68,20,85,79,89,73,42,67,82,59,86,74,53,90,5,70,50,14,33,32,7,84,69,65,80,83,81,37,16,98,75,2,36,99,22,60,88,46,35}

17:28:11,566  INFO main:414 - *****************************************************
17:28:12,203  INFO main:399 - ****************Corrida 9 ************************
17:28:12,203  INFO main:400 - Fitness solucion: 56.0
17:28:12,203  INFO main:401 - Indice: 58
17:28:12,203  INFO main:402 - Generacion: 0
17:28:12,203  INFO main:403 - Rechazados: 0
17:28:12,203  INFO main:413 - Individuo Solucion: {59,95,2,77,5,84,94,49,9,17,4,88,50,90,86,0,92,73,74,18,26,8,28,16,58,1,25,37,52,47,82,24,40,32,89,56,10,55,76,75,21,54,12,98,35,3,48,39,14,20,60,57,61,44,72,45,43,42,38,81,36,27,11,31,62,53,78,79,51,67,13,65,19,46,34,23,15,6,83,96,22,30,99,33,91,87,29,68,41,63,93,71,70,97,66,7,64,69,80,85}

17:28:12,203  INFO main:414 - *****************************************************
17:28:12,845  INFO main:399 - ****************Corrida 10 ************************
17:28:12,845  INFO main:400 - Fitness solucion: 56.0
17:28:12,845  INFO main:401 - Indice: 62
17:28:12,845  INFO main:402 - Generacion: 0
17:28:12,845  INFO main:403 - Rechazados: 0
17:28:12,845  INFO main:413 - Individuo Solucion: {7,14,8,81,41,58,77,15,87,2,18,88,55,44,65,21,24,31,66,17,20,95,74,29,50,9,61,25,35,92,86,90,39,28,34,69,43,36,27,4,57,78,3,84,12,42,75,67,26,93,47,45,1,53,22,32,56,99,48,49,30,97,52,54,79,40,80,23,73,13,96,37,5,62,63,0,16,11,83,6,72,89,68,98,82,64,51,91,60,71,19,46,70,85,59,38,76,10,33,94}

17:28:12,845  INFO main:414 - *****************************************************
17:28:13,486  INFO main:399 - ****************Corrida 11 ************************
17:28:13,487  INFO main:400 - Fitness solucion: 56.0
17:28:13,487  INFO main:401 - Indice: 62
17:28:13,487  INFO main:402 - Generacion: 0
17:28:13,487  INFO main:403 - Rechazados: 0
17:28:13,487  INFO main:413 - Individuo Solucion: {30,1,2,19,90,32,41,86,7,74,24,29,85,23,0,3,88,4,27,71,95,18,14,26,97,43,17,46,60,8,48,64,42,20,52,12,49,31,44,67,15,81,40,53,89,55,79,10,21,22,9,54,84,39,61,68,80,83,78,73,76,56,58,98,51,69,47,75,62,11,28,25,37,87,70,99,6,66,91,82,45,34,50,33,16,94,13,59,57,38,65,96,35,93,63,92,5,72,36,77}

17:28:13,487  INFO main:414 - *****************************************************
17:28:14,119  INFO main:399 - ****************Corrida 12 ************************
17:28:14,119  INFO main:400 - Fitness solucion: 56.0
17:28:14,119  INFO main:401 - Indice: 65
17:28:14,119  INFO main:402 - Generacion: 0
17:28:14,119  INFO main:403 - Rechazados: 0
17:28:14,120  INFO main:413 - Individuo Solucion: {93,87,62,5,76,9,97,82,8,29,49,38,75,18,3,69,25,92,13,35,1,86,95,64,4,21,81,15,94,51,30,73,7,99,52,44,68,0,54,20,45,85,27,46,31,58,66,53,14,24,50,63,57,33,28,40,67,60,98,78,32,83,80,22,74,72,55,71,41,37,34,43,47,17,77,65,90,96,84,26,56,39,88,70,89,2,10,61,16,6,23,36,42,91,19,12,48,79,59,11}

17:28:14,120  INFO main:414 - *****************************************************
17:28:14,762  INFO main:399 - ****************Corrida 13 ************************
17:28:14,763  INFO main:400 - Fitness solucion: 56.0
17:28:14,763  INFO main:401 - Indice: 60
17:28:14,763  INFO main:402 - Generacion: 0
17:28:14,763  INFO main:403 - Rechazados: 0
17:28:14,763  INFO main:413 - Individuo Solucion: {48,92,57,43,4,5,25,86,37,39,76,47,51,7,15,9,71,13,16,84,69,52,8,96,64,6,85,49,91,65,31,99,33,21,44,81,2,94,66,56,83,74,46,32,53,18,42,89,82,0,3,35,11,30,50,55,59,26,27,36,58,90,68,17,20,80,63,41,75,28,34,72,70,79,54,10,40,78,24,22,61,29,12,45,23,19,77,14,62,93,67,73,1,60,87,95,88,38,98,97}

17:28:14,763  INFO main:414 - *****************************************************
17:28:15,404  INFO main:399 - ****************Corrida 14 ************************
17:28:15,404  INFO main:400 - Fitness solucion: 56.0
17:28:15,404  INFO main:401 - Indice: 56
17:28:15,404  INFO main:402 - Generacion: 0
17:28:15,404  INFO main:403 - Rechazados: 0
17:28:15,404  INFO main:413 - Individuo Solucion: {95,0,59,10,31,91,77,14,12,7,8,43,79,87,5,67,26,3,23,51,28,16,45,29,1,89,44,40,2,30,36,53,83,64,60,65,19,48,42,76,32,75,93,46,6,41,9,11,81,22,68,54,70,50,66,98,33,39,90,21,62,80,13,24,49,86,27,72,35,94,56,69,15,52,57,88,25,84,47,82,18,34,74,58,17,85,20,99,92,55,78,71,97,4,37,38,61,96,73,63}

17:28:15,405  INFO main:414 - *****************************************************
17:28:16,034  INFO main:399 - ****************Corrida 15 ************************
17:28:16,034  INFO main:400 - Fitness solucion: 56.0
17:28:16,034  INFO main:401 - Indice: 64
17:28:16,034  INFO main:402 - Generacion: 0
17:28:16,034  INFO main:403 - Rechazados: 0
17:28:16,035  INFO main:413 - Individuo Solucion: {29,6,73,8,26,1,18,97,85,87,25,32,57,21,36,31,20,4,17,22,27,88,70,34,43,49,2,96,90,63,69,89,30,83,14,98,51,16,48,13,10,60,50,12,42,99,39,81,86,54,47,44,46,45,5,59,75,76,84,94,65,7,24,37,93,67,92,66,38,0,52,74,91,61,28,56,41,40,53,95,62,72,55,77,68,11,80,15,82,78,3,23,71,64,9,79,33,35,58,19}

17:28:16,035  INFO main:414 - *****************************************************
17:28:16,675  INFO main:399 - ****************Corrida 16 ************************
17:28:16,675  INFO main:400 - Fitness solucion: 56.0
17:28:16,675  INFO main:401 - Indice: 60
17:28:16,675  INFO main:402 - Generacion: 0
17:28:16,675  INFO main:403 - Rechazados: 0
17:28:16,675  INFO main:413 - Individuo Solucion: {4,5,0,51,97,33,75,53,89,34,85,68,21,22,19,61,37,59,44,38,17,18,14,41,99,67,42,10,47,12,9,24,29,55,50,1,87,32,28,3,7,49,30,65,58,27,95,81,31,62,86,15,69,94,88,91,25,74,11,16,73,71,56,2,35,66,54,13,96,43,90,39,84,79,92,70,93,46,8,76,80,6,77,98,63,48,78,26,82,36,52,23,45,60,64,83,72,57,20,40}

17:28:16,676  INFO main:414 - *****************************************************
17:28:17,312  INFO main:399 - ****************Corrida 17 ************************
17:28:17,312  INFO main:400 - Fitness solucion: 56.0
17:28:17,312  INFO main:401 - Indice: 56
17:28:17,313  INFO main:402 - Generacion: 0
17:28:17,313  INFO main:403 - Rechazados: 0
17:28:17,313  INFO main:413 - Individuo Solucion: {75,74,21,13,52,80,50,31,99,6,16,46,25,83,27,96,22,20,64,32,57,23,40,33,8,44,90,95,19,43,17,53,92,35,3,24,29,41,36,69,65,59,60,48,9,84,2,58,97,47,4,89,28,86,79,70,82,37,54,0,76,30,56,81,49,51,42,61,18,88,78,94,77,45,7,38,14,63,15,68,67,11,73,62,98,34,26,1,12,93,55,39,72,87,66,5,91,10,85,71}

17:28:17,313  INFO main:414 - *****************************************************
17:28:17,966  INFO main:399 - ****************Corrida 18 ************************
17:28:17,966  INFO main:400 - Fitness solucion: 56.0
17:28:17,966  INFO main:401 - Indice: 64
17:28:17,967  INFO main:402 - Generacion: 0
17:28:17,967  INFO main:403 - Rechazados: 0
17:28:17,967  INFO main:413 - Individuo Solucion: {29,80,72,97,83,6,9,15,12,47,11,42,76,74,5,20,1,60,70,63,17,73,23,62,25,2,90,19,48,32,14,26,93,34,43,44,21,41,54,38,65,4,96,78,0,18,51,10,77,46,27,35,87,45,84,85,82,16,37,53,59,8,95,56,64,75,66,94,3,33,67,7,55,57,79,39,30,61,69,89,49,24,50,91,71,22,40,36,58,81,92,68,98,31,86,52,13,99,28,88}

17:28:17,967  INFO main:414 - *****************************************************
17:28:18,618  INFO main:399 - ****************Corrida 19 ************************
17:28:18,618  INFO main:400 - Fitness solucion: 56.0
17:28:18,618  INFO main:401 - Indice: 58
17:28:18,618  INFO main:402 - Generacion: 0
17:28:18,619  INFO main:403 - Rechazados: 0
17:28:18,619  INFO main:413 - Individuo Solucion: {98,68,2,84,25,79,41,60,96,34,17,29,6,13,14,22,8,31,18,21,7,33,92,93,64,82,57,19,26,55,87,63,81,50,5,58,43,39,38,99,1,72,44,37,15,62,42,89,95,85,76,71,69,11,16,78,20,53,91,47,28,48,4,80,9,3,56,40,61,97,35,51,54,73,65,23,46,77,67,45,52,86,27,24,10,49,12,94,74,59,83,70,30,36,0,75,90,66,32,88}

17:28:18,619  INFO main:414 - *****************************************************
17:28:19,252  INFO main:399 - ****************Corrida 20 ************************
17:28:19,253  INFO main:400 - Fitness solucion: 56.0
17:28:19,253  INFO main:401 - Indice: 58
17:28:19,253  INFO main:402 - Generacion: 0
17:28:19,253  INFO main:403 - Rechazados: 0
17:28:19,253  INFO main:413 - Individuo Solucion: {96,81,1,15,57,35,88,18,77,94,7,27,40,13,41,24,83,5,82,50,16,87,6,26,78,21,34,45,30,29,49,8,39,4,11,54,47,2,14,72,74,22,42,58,68,75,86,70,62,65,3,59,89,43,76,56,92,12,52,28,9,80,19,0,44,53,38,46,85,51,60,20,90,84,71,97,32,25,69,23,64,66,73,36,91,55,98,61,99,95,17,63,93,48,67,79,33,37,10,31}

17:28:19,253  INFO main:414 - *****************************************************
17:28:19,904  INFO main:399 - ****************Corrida 21 ************************
17:28:19,904  INFO main:400 - Fitness solucion: 56.0
17:28:19,904  INFO main:401 - Indice: 61
17:28:19,904  INFO main:402 - Generacion: 0
17:28:19,904  INFO main:403 - Rechazados: 0
17:28:19,904  INFO main:413 - Individuo Solucion: {9,83,26,0,78,59,69,38,80,72,95,43,28,7,42,11,89,18,1,63,6,74,34,84,45,54,21,96,13,15,58,41,82,22,52,12,68,90,49,2,91,75,98,8,3,40,71,97,44,25,30,51,20,16,24,47,5,56,62,31,92,19,94,57,23,46,88,64,67,39,48,85,93,35,33,73,70,55,86,14,36,37,79,17,99,29,65,66,27,10,77,32,87,61,60,4,76,53,81,50}

17:28:19,905  INFO main:414 - *****************************************************
17:28:20,693  INFO main:399 - ****************Corrida 22 ************************
17:28:20,693  INFO main:400 - Fitness solucion: 56.0
17:28:20,693  INFO main:401 - Indice: 56
17:28:20,694  INFO main:402 - Generacion: 0
17:28:20,694  INFO main:403 - Rechazados: 0
17:28:20,694  INFO main:413 - Individuo Solucion: {0,48,78,47,16,60,92,86,99,26,23,85,20,27,91,14,34,50,21,69,18,2,55,63,13,24,30,10,19,5,37,17,87,42,83,89,6,81,46,40,45,77,43,39,62,70,3,52,97,72,75,93,12,28,36,54,58,88,33,49,74,38,64,22,31,51,11,80,4,25,1,15,90,76,41,7,96,73,44,56,79,98,8,67,57,32,9,59,53,66,95,84,29,65,82,71,61,68,35,94}

17:28:20,694  INFO main:414 - *****************************************************
17:28:21,398  INFO main:399 - ****************Corrida 23 ************************
17:28:21,398  INFO main:400 - Fitness solucion: 56.0
17:28:21,398  INFO main:401 - Indice: 58
17:28:21,398  INFO main:402 - Generacion: 0
17:28:21,398  INFO main:403 - Rechazados: 0
17:28:21,399  INFO main:413 - Individuo Solucion: {0,60,14,62,25,33,83,23,65,3,71,35,9,26,1,24,28,76,16,66,39,50,32,49,34,95,94,99,89,6,38,58,56,20,97,44,70,68,19,87,64,48,69,17,51,18,7,42,22,54,12,8,4,52,41,40,5,57,43,67,10,77,11,29,21,72,27,15,81,31,73,63,93,37,86,91,61,78,84,36,75,98,90,45,85,96,2,80,53,88,59,47,82,74,79,46,30,92,55,13}

17:28:21,399  INFO main:414 - *****************************************************
17:28:22,088  INFO main:399 - ****************Corrida 24 ************************
17:28:22,088  INFO main:400 - Fitness solucion: 56.0
17:28:22,088  INFO main:401 - Indice: 62
17:28:22,089  INFO main:402 - Generacion: 0
17:28:22,089  INFO main:403 - Rechazados: 0
17:28:22,089  INFO main:413 - Individuo Solucion: {51,0,77,28,80,49,11,88,6,76,65,23,10,93,38,22,75,68,5,41,1,17,37,18,54,39,64,12,82,86,87,89,4,24,50,67,27,35,62,83,73,7,91,32,2,43,52,57,98,29,20,15,79,9,63,45,96,99,84,19,25,94,21,59,85,40,30,53,66,61,95,33,78,46,69,16,34,44,74,14,13,56,70,97,81,58,36,90,92,42,47,26,60,71,48,55,3,72,31,8}

17:28:22,089  INFO main:414 - *****************************************************
17:28:22,841  INFO main:399 - ****************Corrida 25 ************************
17:28:22,842  INFO main:400 - Fitness solucion: 56.0
17:28:22,842  INFO main:401 - Indice: 63
17:28:22,842  INFO main:402 - Generacion: 0
17:28:22,842  INFO main:403 - Rechazados: 0
17:28:22,842  INFO main:413 - Individuo Solucion: {35,86,6,99,88,55,22,74,3,5,91,94,89,39,4,71,8,60,61,64,85,97,51,28,24,66,21,46,20,76,98,14,38,92,62,30,7,48,40,50,13,96,2,9,1,83,10,18,82,93,81,42,41,32,16,67,75,87,31,25,19,54,47,57,23,44,58,15,90,65,72,36,37,33,68,11,80,78,49,69,79,45,73,63,29,84,59,52,12,43,17,70,56,53,77,26,27,34,0,95}

17:28:22,842  INFO main:414 - *****************************************************
17:28:23,528  INFO main:399 - ****************Corrida 26 ************************
17:28:23,528  INFO main:400 - Fitness solucion: 56.0
17:28:23,529  INFO main:401 - Indice: 68
17:28:23,529  INFO main:402 - Generacion: 0
17:28:23,529  INFO main:403 - Rechazados: 0
17:28:23,529  INFO main:413 - Individuo Solucion: {3,74,10,11,60,9,26,34,84,20,78,24,91,23,44,21,88,39,51,18,14,37,48,94,32,38,29,82,72,71,28,49,52,96,40,92,12,13,57,35,55,6,22,25,31,33,54,75,42,47,7,15,64,95,59,19,65,69,1,58,93,67,97,83,90,36,77,73,89,63,87,43,76,50,5,30,62,0,80,56,41,68,66,99,4,79,46,70,17,86,98,27,53,8,81,85,61,45,16,2}

17:28:23,529  INFO main:414 - *****************************************************
17:28:24,243  INFO main:399 - ****************Corrida 27 ************************
17:28:24,243  INFO main:400 - Fitness solucion: 56.0
17:28:24,243  INFO main:401 - Indice: 60
17:28:24,243  INFO main:402 - Generacion: 0
17:28:24,243  INFO main:403 - Rechazados: 0
17:28:24,244  INFO main:413 - Individuo Solucion: {97,1,74,98,6,41,14,29,11,89,76,9,95,94,51,16,45,3,5,37,18,31,17,62,54,7,15,33,92,90,27,28,69,0,44,47,63,20,53,49,50,22,66,59,46,61,58,70,60,36,42,64,85,43,13,8,4,79,81,96,19,55,67,21,26,39,87,75,48,78,88,30,57,71,35,99,73,25,83,68,40,65,38,32,12,52,82,56,84,91,34,80,93,72,24,10,23,2,86,77}

17:28:24,244  INFO main:414 - *****************************************************
17:28:24,929  INFO main:399 - ****************Corrida 28 ************************
17:28:24,929  INFO main:400 - Fitness solucion: 56.0
17:28:24,929  INFO main:401 - Indice: 63
17:28:24,929  INFO main:402 - Generacion: 0
17:28:24,930  INFO main:403 - Rechazados: 0
17:28:24,930  INFO main:413 - Individuo Solucion: {39,44,60,16,5,1,23,57,75,31,28,32,29,13,22,9,42,0,25,37,21,7,83,36,33,50,54,68,26,34,59,10,8,58,88,15,52,35,86,96,18,4,62,63,71,12,46,73,30,6,53,38,78,85,97,69,99,56,41,27,74,76,84,95,65,72,24,19,70,93,43,17,90,14,77,51,11,40,45,89,87,67,80,79,64,47,94,61,66,91,81,3,92,55,2,20,48,82,98,49}

17:28:24,930  INFO main:414 - *****************************************************
17:28:25,649  INFO main:399 - ****************Corrida 29 ************************
17:28:25,649  INFO main:400 - Fitness solucion: 56.0
17:28:25,650  INFO main:401 - Indice: 58
17:28:25,650  INFO main:402 - Generacion: 0
17:28:25,650  INFO main:403 - Rechazados: 0
17:28:25,650  INFO main:413 - Individuo Solucion: {71,38,88,59,5,24,29,62,13,22,2,37,72,0,17,36,7,82,84,42,9,98,30,87,43,57,81,96,20,14,32,70,4,34,80,45,46,53,39,44,55,54,60,41,99,97,78,33,58,12,11,76,1,86,6,25,83,16,74,8,95,65,35,69,3,40,94,63,15,64,90,66,47,19,28,79,67,61,48,26,51,31,52,23,56,89,85,93,21,49,91,92,27,77,68,75,10,18,50,73}

17:28:25,650  INFO main:414 - *****************************************************
17:28:25,650  INFO main:416 - Tiempo AGP: 700
17:28:25,650  INFO main:418 - Promedio Final: 56
17:28:25,650  INFO main:420 - Promedio Generaciones: 0
17:28:25,650  INFO main:422 - *****************Resultados********************
17:28:25,650  INFO main:424 - result: 56.0
17:28:25,651  INFO main:424 - result: 56.0
17:28:25,651  INFO main:424 - result: 56.0
17:28:25,651  INFO main:424 - result: 56.0
17:28:25,651  INFO main:424 - result: 56.0
17:28:25,651  INFO main:424 - result: 56.0
17:28:25,651  INFO main:424 - result: 56.0
17:28:25,651  INFO main:424 - result: 56.0
17:28:25,651  INFO main:424 - result: 56.0
17:28:25,651  INFO main:424 - result: 56.0
17:28:25,651  INFO main:424 - result: 56.0
17:28:25,651  INFO main:424 - result: 56.0
17:28:25,651  INFO main:424 - result: 56.0
17:28:25,651  INFO main:424 - result: 56.0
17:28:25,651  INFO main:424 - result: 56.0
17:28:25,652  INFO main:424 - result: 56.0
17:28:25,652  INFO main:424 - result: 56.0
17:28:25,652  INFO main:424 - result: 56.0
17:28:25,652  INFO main:424 - result: 56.0
17:28:25,652  INFO main:424 - result: 56.0
17:28:25,652  INFO main:424 - result: 56.0
17:28:25,652  INFO main:424 - result: 56.0
17:28:25,652  INFO main:424 - result: 56.0
17:28:25,652  INFO main:424 - result: 56.0
17:28:25,652  INFO main:424 - result: 56.0
17:28:25,652  INFO main:424 - result: 56.0
17:28:25,652  INFO main:424 - result: 56.0
17:28:25,653  INFO main:424 - result: 56.0
17:28:25,653  INFO main:424 - result: 56.0
17:28:25,653  INFO main:424 - result: 56.0
17:28:25,653  INFO main:426 - *****************Generaciones********************
17:28:25,653  INFO main:428 - Generacion: 0
17:28:25,653  INFO main:428 - Generacion: 0
17:28:25,653  INFO main:428 - Generacion: 0
17:28:25,653  INFO main:428 - Generacion: 0
17:28:25,653  INFO main:428 - Generacion: 0
17:28:25,653  INFO main:428 - Generacion: 0
17:28:25,653  INFO main:428 - Generacion: 0
17:28:25,653  INFO main:428 - Generacion: 0
17:28:25,653  INFO main:428 - Generacion: 0
17:28:25,653  INFO main:428 - Generacion: 0
17:28:25,654  INFO main:428 - Generacion: 0
17:28:25,654  INFO main:428 - Generacion: 0
17:28:25,654  INFO main:428 - Generacion: 0
17:28:25,654  INFO main:428 - Generacion: 0
17:28:25,654  INFO main:428 - Generacion: 0
17:28:25,654  INFO main:428 - Generacion: 0
17:28:25,654  INFO main:428 - Generacion: 0
17:28:25,654  INFO main:428 - Generacion: 0
17:28:25,654  INFO main:428 - Generacion: 0
17:28:25,654  INFO main:428 - Generacion: 0
17:28:25,654  INFO main:428 - Generacion: 0
17:28:25,654  INFO main:428 - Generacion: 0
17:28:25,654  INFO main:428 - Generacion: 0
17:28:25,654  INFO main:428 - Generacion: 0
17:28:25,654  INFO main:428 - Generacion: 0
17:28:25,655  INFO main:428 - Generacion: 0
17:28:25,655  INFO main:428 - Generacion: 0
17:28:25,655  INFO main:428 - Generacion: 0
17:28:25,655  INFO main:428 - Generacion: 0
17:28:25,655  INFO main:428 - Generacion: 0
