22:46:28,592  INFO main:168 - Logueando
22:47:24,010  INFO main:361 - ****************Corrida 0 ************************
22:47:24,012  INFO main:362 - Fitness solucion: 24.0
22:47:24,012  INFO main:363 - Indice: 25
22:47:24,012  INFO main:364 - Generacion: 0
22:47:24,012  INFO main:374 - Individuo Solucion: {54,56,43,49,57,4,29,59,53,46,36,17,48,31,5,1,20,40,47,6,58,26,50,28,22,19,42,14,21,7,2,18,51,15,37,30,55,33,23,12,8,0,9,52,44,45,35,3,39,34,38,25,24,32,11,16,10,41,27,13}

22:47:24,013  INFO main:375 - *****************************************************
22:47:24,555  INFO main:361 - ****************Corrida 1 ************************
22:47:24,556  INFO main:362 - Fitness solucion: 24.0
22:47:24,556  INFO main:363 - Indice: 25
22:47:24,556  INFO main:364 - Generacion: 0
22:47:24,556  INFO main:374 - Individuo Solucion: {53,51,13,11,8,1,49,56,37,14,55,33,5,26,46,0,59,16,19,31,34,3,32,15,21,57,9,2,30,6,43,25,48,40,42,29,12,45,28,38,18,23,27,54,58,17,4,44,7,50,22,39,10,36,41,35,47,20,52,24}

22:47:24,556  INFO main:375 - *****************************************************
22:47:25,237  INFO main:361 - ****************Corrida 2 ************************
22:47:25,237  INFO main:362 - Fitness solucion: 24.0
22:47:25,237  INFO main:363 - Indice: 25
22:47:25,238  INFO main:364 - Generacion: 0
22:47:25,238  INFO main:374 - Individuo Solucion: {2,53,14,24,15,50,49,0,56,19,46,35,58,51,47,25,17,54,42,26,55,41,10,5,36,43,39,13,18,9,6,11,4,34,12,44,21,59,3,20,29,30,38,1,45,31,28,52,48,33,32,57,23,40,7,16,8,22,27,37}

22:47:25,238  INFO main:375 - *****************************************************
22:47:25,779  INFO main:361 - ****************Corrida 3 ************************
22:47:25,779  INFO main:362 - Fitness solucion: 24.0
22:47:25,779  INFO main:363 - Indice: 26
22:47:25,779  INFO main:364 - Generacion: 0
22:47:25,779  INFO main:374 - Individuo Solucion: {20,31,36,55,27,0,28,48,21,29,53,30,9,41,58,2,56,19,4,18,11,8,17,44,42,10,13,16,59,37,3,15,46,32,12,38,6,7,1,35,57,14,40,50,43,47,24,25,5,51,34,33,26,49,22,52,45,23,54,39}

22:47:25,780  INFO main:375 - *****************************************************
22:47:26,317  INFO main:361 - ****************Corrida 4 ************************
22:47:26,317  INFO main:362 - Fitness solucion: 24.0
22:47:26,318  INFO main:363 - Indice: 25
22:47:26,318  INFO main:364 - Generacion: 0
22:47:26,318  INFO main:374 - Individuo Solucion: {5,21,48,7,1,2,14,13,45,35,12,17,16,0,52,18,25,22,29,15,31,19,3,59,33,24,8,6,9,30,32,26,34,27,55,20,40,56,10,42,38,28,50,47,41,51,49,39,58,57,23,43,44,37,4,53,36,54,46,11}

22:47:26,318  INFO main:375 - *****************************************************
22:47:26,858  INFO main:361 - ****************Corrida 5 ************************
22:47:26,858  INFO main:362 - Fitness solucion: 24.0
22:47:26,859  INFO main:363 - Indice: 28
22:47:26,859  INFO main:364 - Generacion: 3
22:47:26,859  INFO main:374 - Individuo Solucion: {0,12,49,26,23,14,50,5,33,38,36,17,10,3,43,34,48,16,13,6,31,20,30,7,59,54,22,8,2,47,1,53,19,29,9,40,25,45,32,18,44,56,52,11,37,21,4,55,28,15,27,57,42,35,41,51,46,39,24,58}

22:47:26,859  INFO main:375 - *****************************************************
22:47:27,389  INFO main:361 - ****************Corrida 6 ************************
22:47:27,389  INFO main:362 - Fitness solucion: 24.0
22:47:27,389  INFO main:363 - Indice: 27
22:47:27,389  INFO main:364 - Generacion: 0
22:47:27,389  INFO main:374 - Individuo Solucion: {5,14,57,49,3,42,13,32,35,6,20,58,48,29,15,27,41,4,17,25,19,56,9,16,18,2,21,45,8,47,55,39,52,23,22,59,40,0,10,36,37,34,38,46,44,7,26,43,28,51,53,24,1,11,54,33,30,12,50,31}

22:47:27,390  INFO main:375 - *****************************************************
22:47:27,936  INFO main:361 - ****************Corrida 7 ************************
22:47:27,936  INFO main:362 - Fitness solucion: 24.0
22:47:27,936  INFO main:363 - Indice: 28
22:47:27,936  INFO main:364 - Generacion: 0
22:47:27,937  INFO main:374 - Individuo Solucion: {3,32,4,9,13,15,20,1,2,42,18,57,55,26,34,23,11,25,33,21,45,36,29,0,48,24,14,30,6,31,58,52,37,10,50,56,8,5,49,12,7,41,40,17,35,19,16,59,44,47,39,43,46,51,38,53,27,22,54,28}

22:47:27,937  INFO main:375 - *****************************************************
22:47:28,488  INFO main:361 - ****************Corrida 8 ************************
22:47:28,489  INFO main:362 - Fitness solucion: 24.0
22:47:28,489  INFO main:363 - Indice: 25
22:47:28,489  INFO main:364 - Generacion: 0
22:47:28,489  INFO main:374 - Individuo Solucion: {59,50,2,29,14,3,43,36,0,7,58,13,1,44,17,19,16,22,53,33,32,10,23,18,30,26,49,12,15,4,34,8,21,52,24,11,54,31,9,56,20,28,27,45,48,6,38,57,41,42,55,51,47,37,46,39,5,35,40,25}

22:47:28,489  INFO main:375 - *****************************************************
22:47:29,033  INFO main:361 - ****************Corrida 9 ************************
22:47:29,033  INFO main:362 - Fitness solucion: 24.0
22:47:29,033  INFO main:363 - Indice: 25
22:47:29,033  INFO main:364 - Generacion: 0
22:47:29,033  INFO main:374 - Individuo Solucion: {59,49,50,5,4,12,46,21,13,56,30,16,19,15,1,20,11,3,28,41,24,37,14,57,38,9,36,33,23,17,53,35,0,29,2,25,18,45,55,48,6,8,47,40,32,26,58,39,42,51,34,7,54,27,44,52,22,10,43,31}

22:47:29,034  INFO main:375 - *****************************************************
22:47:29,576  INFO main:361 - ****************Corrida 10 ************************
22:47:29,576  INFO main:362 - Fitness solucion: 24.0
22:47:29,577  INFO main:363 - Indice: 26
22:47:29,577  INFO main:364 - Generacion: 0
22:47:29,577  INFO main:374 - Individuo Solucion: {1,0,54,13,29,8,37,27,14,15,5,25,31,57,35,7,45,22,55,28,58,3,23,39,4,59,49,17,50,12,51,20,48,44,42,18,56,16,36,21,9,2,43,47,52,11,33,40,34,46,41,19,24,30,53,10,26,32,6,38}

22:47:29,577  INFO main:375 - *****************************************************
22:47:30,129  INFO main:361 - ****************Corrida 11 ************************
22:47:30,129  INFO main:362 - Fitness solucion: 24.0
22:47:30,129  INFO main:363 - Indice: 28
22:47:30,132  INFO main:364 - Generacion: 3
22:47:30,132  INFO main:374 - Individuo Solucion: {11,43,52,27,40,58,55,8,9,35,20,5,56,0,22,7,59,10,28,47,18,15,29,13,12,3,38,4,44,42,37,46,30,34,24,2,32,16,41,45,31,21,25,23,33,19,6,36,26,57,51,50,54,14,17,39,49,53,1,48}

22:47:30,132  INFO main:375 - *****************************************************
22:47:30,673  INFO main:361 - ****************Corrida 12 ************************
22:47:30,673  INFO main:362 - Fitness solucion: 24.0
22:47:30,673  INFO main:363 - Indice: 25
22:47:30,674  INFO main:364 - Generacion: 0
22:47:30,674  INFO main:374 - Individuo Solucion: {48,15,2,3,27,39,17,25,52,20,31,50,38,59,0,29,32,22,24,45,21,53,41,13,11,47,14,12,40,33,16,10,57,35,37,54,18,49,58,43,26,19,4,36,7,30,34,6,8,55,44,1,46,56,28,42,23,9,51,5}

22:47:30,674  INFO main:375 - *****************************************************
22:47:31,223  INFO main:361 - ****************Corrida 13 ************************
22:47:31,223  INFO main:362 - Fitness solucion: 24.0
22:47:31,223  INFO main:363 - Indice: 25
22:47:31,223  INFO main:364 - Generacion: 0
22:47:31,223  INFO main:374 - Individuo Solucion: {4,5,3,14,56,59,51,41,49,30,37,8,26,27,42,58,1,32,7,15,20,12,24,17,57,2,33,45,23,18,36,21,43,54,47,34,38,9,28,39,19,40,0,29,11,53,16,48,31,52,25,10,55,44,50,22,35,46,6,13}

22:47:31,224  INFO main:375 - *****************************************************
22:47:31,782  INFO main:361 - ****************Corrida 14 ************************
22:47:31,782  INFO main:362 - Fitness solucion: 24.0
22:47:31,782  INFO main:363 - Indice: 25
22:47:31,782  INFO main:364 - Generacion: 0
22:47:31,783  INFO main:374 - Individuo Solucion: {5,1,27,2,59,32,8,15,55,21,20,24,40,57,43,54,13,31,25,51,9,48,52,44,18,29,16,47,19,12,28,7,49,0,26,22,30,10,33,42,41,35,17,4,50,53,36,37,45,23,56,14,3,11,39,38,6,46,34,58}

22:47:31,783  INFO main:375 - *****************************************************
22:47:32,349  INFO main:361 - ****************Corrida 15 ************************
22:47:32,349  INFO main:362 - Fitness solucion: 24.0
22:47:32,349  INFO main:363 - Indice: 29
22:47:32,349  INFO main:364 - Generacion: 3
22:47:32,349  INFO main:374 - Individuo Solucion: {2,42,0,37,15,53,1,58,33,14,41,18,31,47,6,51,24,17,57,45,20,39,12,13,16,30,32,5,34,38,56,59,48,52,7,28,21,27,54,3,49,22,36,26,23,29,43,8,11,46,9,35,40,10,44,50,19,25,4,55}

22:47:32,349  INFO main:375 - *****************************************************
22:47:32,915  INFO main:361 - ****************Corrida 16 ************************
22:47:32,915  INFO main:362 - Fitness solucion: 24.0
22:47:32,915  INFO main:363 - Indice: 26
22:47:32,915  INFO main:364 - Generacion: 2
22:47:32,915  INFO main:374 - Individuo Solucion: {1,9,6,3,34,35,20,31,14,13,26,59,4,15,54,56,21,28,0,58,7,11,33,57,17,46,37,30,44,10,53,50,40,49,25,36,8,23,41,52,2,32,18,39,43,19,27,16,24,51,47,5,42,55,45,12,38,22,48,29}

22:47:32,916  INFO main:375 - *****************************************************
22:47:33,445  INFO main:361 - ****************Corrida 17 ************************
22:47:33,445  INFO main:362 - Fitness solucion: 24.0
22:47:33,445  INFO main:363 - Indice: 25
22:47:33,445  INFO main:364 - Generacion: 3
22:47:33,445  INFO main:374 - Individuo Solucion: {5,14,48,26,17,19,54,9,15,56,59,20,25,34,6,22,7,38,35,16,1,21,53,18,57,43,40,46,3,33,52,55,50,2,8,31,45,47,27,0,37,44,58,51,11,36,10,23,4,30,13,42,32,39,28,41,29,12,24,49}

22:47:33,445  INFO main:375 - *****************************************************
22:47:33,987  INFO main:361 - ****************Corrida 18 ************************
22:47:33,987  INFO main:362 - Fitness solucion: 24.0
22:47:33,987  INFO main:363 - Indice: 25
22:47:33,988  INFO main:364 - Generacion: 3
22:47:33,988  INFO main:374 - Individuo Solucion: {42,8,24,59,26,17,2,9,11,13,33,28,23,44,16,7,14,40,37,29,51,0,20,5,46,57,6,48,50,22,15,10,1,21,52,19,30,47,49,56,12,53,3,34,25,27,58,18,55,4,38,41,39,43,31,32,45,36,35,54}

22:47:33,988  INFO main:375 - *****************************************************
22:47:34,517  INFO main:361 - ****************Corrida 19 ************************
22:47:34,517  INFO main:362 - Fitness solucion: 24.0
22:47:34,517  INFO main:363 - Indice: 26
22:47:34,518  INFO main:364 - Generacion: 1
22:47:34,518  INFO main:374 - Individuo Solucion: {29,20,48,59,9,15,4,36,5,24,2,42,14,25,40,43,58,3,54,17,46,44,57,8,35,45,34,26,28,30,21,0,11,38,41,6,31,12,19,18,23,47,53,49,50,33,16,51,10,52,13,27,37,32,56,1,55,22,39,7}

22:47:34,518  INFO main:375 - *****************************************************
22:47:35,042  INFO main:361 - ****************Corrida 20 ************************
22:47:35,043  INFO main:362 - Fitness solucion: 24.0
22:47:35,043  INFO main:363 - Indice: 24
22:47:35,043  INFO main:364 - Generacion: 1
22:47:35,043  INFO main:374 - Individuo Solucion: {15,1,53,57,36,35,58,5,8,56,17,6,22,39,19,38,43,18,21,32,11,45,48,12,25,47,10,13,34,26,23,42,30,2,44,24,9,54,27,46,14,28,52,59,41,3,51,29,16,40,20,50,31,49,55,37,0,7,33,4}

22:47:35,043  INFO main:375 - *****************************************************
22:47:35,563  INFO main:361 - ****************Corrida 21 ************************
22:47:35,564  INFO main:362 - Fitness solucion: 24.0
22:47:35,564  INFO main:363 - Indice: 26
22:47:35,564  INFO main:364 - Generacion: 0
22:47:35,564  INFO main:374 - Individuo Solucion: {0,57,4,8,54,48,52,12,15,11,9,38,20,56,46,44,50,47,59,30,13,17,24,34,1,10,2,6,19,25,3,40,35,37,23,29,28,26,21,42,31,41,55,27,18,33,7,49,43,5,58,36,39,16,51,32,14,45,22,53}

22:47:35,564  INFO main:375 - *****************************************************
22:47:36,093  INFO main:361 - ****************Corrida 22 ************************
22:47:36,093  INFO main:362 - Fitness solucion: 24.0
22:47:36,093  INFO main:363 - Indice: 27
22:47:36,094  INFO main:364 - Generacion: 2
22:47:36,094  INFO main:374 - Individuo Solucion: {49,27,44,59,9,21,56,25,40,37,33,13,22,36,32,14,53,50,16,28,0,4,57,8,3,18,51,17,23,6,31,2,1,39,26,34,10,5,48,55,35,20,43,24,11,29,15,47,41,19,12,52,58,30,46,42,54,7,38,45}

22:47:36,094  INFO main:375 - *****************************************************
22:47:36,627  INFO main:361 - ****************Corrida 23 ************************
22:47:36,628  INFO main:362 - Fitness solucion: 24.0
22:47:36,628  INFO main:363 - Indice: 24
22:47:36,628  INFO main:364 - Generacion: 1
22:47:36,628  INFO main:374 - Individuo Solucion: {0,10,2,48,11,16,15,8,46,43,56,21,47,17,1,35,50,26,7,40,31,19,54,27,57,44,4,42,14,37,58,39,29,32,5,18,45,51,38,25,13,41,28,12,53,52,36,34,30,22,3,59,24,20,6,9,55,33,49,23}

22:47:36,628  INFO main:375 - *****************************************************
22:47:37,193  INFO main:361 - ****************Corrida 24 ************************
22:47:37,193  INFO main:362 - Fitness solucion: 24.0
22:47:37,193  INFO main:363 - Indice: 27
22:47:37,193  INFO main:364 - Generacion: 0
22:47:37,193  INFO main:374 - Individuo Solucion: {21,2,6,56,1,54,0,43,38,5,53,10,47,26,24,31,50,20,17,33,19,4,16,52,14,41,37,7,51,55,35,9,29,11,25,18,59,3,28,32,40,46,45,13,12,42,57,48,30,49,15,23,36,22,34,58,44,27,39,8}

22:47:37,193  INFO main:375 - *****************************************************
22:47:37,757  INFO main:361 - ****************Corrida 25 ************************
22:47:37,757  INFO main:362 - Fitness solucion: 24.0
22:47:37,757  INFO main:363 - Indice: 28
22:47:37,757  INFO main:364 - Generacion: 0
22:47:37,757  INFO main:374 - Individuo Solucion: {21,52,56,11,10,13,31,2,5,27,20,29,7,54,33,37,58,55,4,53,15,47,16,46,42,50,18,43,51,59,38,6,57,14,17,39,40,22,25,35,1,49,8,24,44,32,3,41,23,0,45,19,48,26,30,9,34,28,12,36}

22:47:37,757  INFO main:375 - *****************************************************
22:47:38,262  INFO main:361 - ****************Corrida 26 ************************
22:47:38,262  INFO main:362 - Fitness solucion: 24.0
22:47:38,262  INFO main:363 - Indice: 26
22:47:38,262  INFO main:364 - Generacion: 1
22:47:38,262  INFO main:374 - Individuo Solucion: {6,11,14,57,0,53,16,30,13,32,41,55,48,43,9,29,47,45,36,2,1,23,24,15,49,25,31,4,5,12,51,59,21,22,26,40,17,18,7,34,33,28,50,35,27,38,10,20,3,8,39,52,44,56,19,46,58,54,42,37}

22:47:38,262  INFO main:375 - *****************************************************
22:47:38,772  INFO main:361 - ****************Corrida 27 ************************
22:47:38,772  INFO main:362 - Fitness solucion: 25.0
22:47:38,772  INFO main:363 - Indice: 28
22:47:38,772  INFO main:364 - Generacion: 0
22:47:38,772  INFO main:374 - Individuo Solucion: {5,24,57,13,3,43,14,2,25,10,23,34,27,15,28,46,17,16,36,26,1,39,47,54,52,29,51,56,21,18,41,0,40,42,37,12,55,31,45,11,6,30,19,33,38,32,9,53,7,4,35,50,8,48,20,44,22,49,59,58}

22:47:38,773  INFO main:375 - *****************************************************
22:47:39,277  INFO main:361 - ****************Corrida 28 ************************
22:47:39,277  INFO main:362 - Fitness solucion: 24.0
22:47:39,277  INFO main:363 - Indice: 27
22:47:39,277  INFO main:364 - Generacion: 2
22:47:39,277  INFO main:374 - Individuo Solucion: {9,48,3,4,59,12,27,18,17,14,45,44,36,35,38,23,26,46,21,2,29,58,15,16,24,13,54,40,34,0,41,5,6,30,53,42,19,49,57,25,1,31,10,39,47,56,11,37,7,32,43,55,52,20,50,8,51,22,28,33}

22:47:39,278  INFO main:375 - *****************************************************
22:47:39,780  INFO main:361 - ****************Corrida 29 ************************
22:47:39,781  INFO main:362 - Fitness solucion: 24.0
22:47:39,781  INFO main:363 - Indice: 25
22:47:39,781  INFO main:364 - Generacion: 0
22:47:39,781  INFO main:374 - Individuo Solucion: {11,3,31,7,18,56,51,40,59,45,2,29,13,1,33,0,14,48,6,25,49,57,37,44,15,36,43,17,58,30,47,34,42,24,55,39,53,16,23,22,21,5,46,9,32,10,8,35,19,50,26,12,38,27,20,41,54,4,52,28}

22:47:39,781  INFO main:375 - *****************************************************
22:47:39,781  INFO main:377 - Tiempo AGP: 590
22:47:39,781  INFO main:378 - Promedio Final: 24
22:47:39,781  INFO main:379 - Promedio Generaciones: 0
22:47:39,781  INFO main:381 - *****************Resultados********************
22:47:39,781  INFO main:383 - result: 24.0
22:47:39,781  INFO main:383 - result: 24.0
22:47:39,781  INFO main:383 - result: 24.0
22:47:39,782  INFO main:383 - result: 24.0
22:47:39,782  INFO main:383 - result: 24.0
22:47:39,782  INFO main:383 - result: 24.0
22:47:39,782  INFO main:383 - result: 24.0
22:47:39,782  INFO main:383 - result: 24.0
22:47:39,782  INFO main:383 - result: 24.0
22:47:39,782  INFO main:383 - result: 24.0
22:47:39,782  INFO main:383 - result: 24.0
22:47:39,782  INFO main:383 - result: 24.0
22:47:39,782  INFO main:383 - result: 24.0
22:47:39,783  INFO main:383 - result: 24.0
22:47:39,783  INFO main:383 - result: 24.0
22:47:39,783  INFO main:383 - result: 24.0
22:47:39,783  INFO main:383 - result: 24.0
22:47:39,783  INFO main:383 - result: 24.0
22:47:39,783  INFO main:383 - result: 24.0
22:47:39,783  INFO main:383 - result: 24.0
22:47:39,783  INFO main:383 - result: 24.0
22:47:39,783  INFO main:383 - result: 24.0
22:47:39,783  INFO main:383 - result: 24.0
22:47:39,783  INFO main:383 - result: 24.0
22:47:39,784  INFO main:383 - result: 24.0
22:47:39,784  INFO main:383 - result: 24.0
22:47:39,784  INFO main:383 - result: 24.0
22:47:39,784  INFO main:383 - result: 25.0
22:47:39,784  INFO main:383 - result: 24.0
22:47:39,784  INFO main:383 - result: 24.0
22:47:39,784  INFO main:385 - *****************Generaciones********************
22:47:39,784  INFO main:387 - Generacion: 0
22:47:39,784  INFO main:387 - Generacion: 0
22:47:39,784  INFO main:387 - Generacion: 0
22:47:39,784  INFO main:387 - Generacion: 0
22:47:39,784  INFO main:387 - Generacion: 0
22:47:39,785  INFO main:387 - Generacion: 0
22:47:39,785  INFO main:387 - Generacion: 0
22:47:39,785  INFO main:387 - Generacion: 0
22:47:39,785  INFO main:387 - Generacion: 0
22:47:39,785  INFO main:387 - Generacion: 0
22:47:39,785  INFO main:387 - Generacion: 0
22:47:39,785  INFO main:387 - Generacion: 0
22:47:39,786  INFO main:387 - Generacion: 0
22:47:39,786  INFO main:387 - Generacion: 0
22:47:39,786  INFO main:387 - Generacion: 0
22:47:39,786  INFO main:387 - Generacion: 0
22:47:39,786  INFO main:387 - Generacion: 0
22:47:39,787  INFO main:387 - Generacion: 0
22:47:39,787  INFO main:387 - Generacion: 0
22:47:39,787  INFO main:387 - Generacion: 0
22:47:39,787  INFO main:387 - Generacion: 0
22:47:39,787  INFO main:387 - Generacion: 0
22:47:39,787  INFO main:387 - Generacion: 0
22:47:39,787  INFO main:387 - Generacion: 0
22:47:39,787  INFO main:387 - Generacion: 0
22:47:39,788  INFO main:387 - Generacion: 0
22:47:39,788  INFO main:387 - Generacion: 0
22:47:39,788  INFO main:387 - Generacion: 0
22:47:39,788  INFO main:387 - Generacion: 0
22:47:39,788  INFO main:387 - Generacion: 0
