17:53:48,404  INFO main:168 - Logueando
17:55:00,336  INFO main:300 - Tiempo PreCalculo: 71930
17:55:00,336  INFO main:387 - ****************AG PERMUTACION****************
17:55:01,741  INFO main:399 - ****************Corrida 0 ************************
17:55:01,742  INFO main:400 - Fitness solucion: 69.0
17:55:01,742  INFO main:401 - Indice: 71
17:55:01,742  INFO main:402 - Generacion: 0
17:55:01,742  INFO main:403 - Rechazados: 0
17:55:01,742  INFO main:413 - Individuo Solucion: {18,5,128,89,115,10,66,0,13,7,14,25,19,6,15,137,63,8,44,73,38,58,32,4,57,72,45,65,105,71,23,104,46,126,51,70,11,69,76,12,24,79,121,53,145,64,56,77,123,136,30,127,148,142,74,86,107,139,39,90,120,47,81,130,118,75,9,114,92,22,50,132,80,78,88,95,103,29,48,60,143,135,55,67,117,28,122,98,131,133,68,147,99,52,146,34,26,37,21,84,106,20,91,144,16,41,112,17,40,87,33,83,111,42,116,93,54,96,100,1,36,108,2,35,125,3,31,43,119,110,113,149,101,49,129,124,62,94,82,138,141,59,109,27,140,97,102,61,85,134}

17:55:01,742  INFO main:414 - *****************************************************
17:55:02,413  INFO main:399 - ****************Corrida 1 ************************
17:55:02,413  INFO main:400 - Fitness solucion: 69.0
17:55:02,413  INFO main:401 - Indice: 72
17:55:02,413  INFO main:402 - Generacion: 0
17:55:02,413  INFO main:403 - Rechazados: 0
17:55:02,413  INFO main:413 - Individuo Solucion: {6,67,60,98,76,70,5,0,134,18,14,9,30,61,50,7,31,146,89,47,55,114,45,95,77,26,1,15,65,147,32,17,3,63,68,59,94,74,41,99,13,28,69,22,44,29,118,79,128,37,106,62,54,132,73,34,48,23,129,25,64,81,83,96,20,90,124,104,140,84,122,82,49,24,39,53,11,80,149,86,27,133,91,105,12,130,136,2,109,10,92,40,111,66,101,116,117,87,93,108,33,42,103,19,137,21,57,139,102,135,58,52,75,143,127,16,145,78,56,121,71,126,8,4,110,51,142,144,113,97,131,72,112,85,35,125,123,46,119,36,100,43,120,141,88,115,148,38,138,107}

17:55:02,413  INFO main:414 - *****************************************************
17:55:03,068  INFO main:399 - ****************Corrida 2 ************************
17:55:03,068  INFO main:400 - Fitness solucion: 69.0
17:55:03,069  INFO main:401 - Indice: 72
17:55:03,069  INFO main:402 - Generacion: 0
17:55:03,069  INFO main:403 - Rechazados: 0
17:55:03,069  INFO main:413 - Individuo Solucion: {126,16,103,2,67,3,135,7,78,23,85,8,59,38,22,100,17,88,31,33,82,79,14,87,30,69,34,130,27,84,66,105,131,60,46,29,133,92,56,94,119,15,63,65,52,116,102,0,6,142,96,145,9,53,91,147,44,104,50,19,11,76,148,58,35,134,57,1,43,47,113,42,83,20,121,36,75,39,127,51,70,90,120,86,137,125,146,114,132,89,48,12,68,112,24,80,123,62,73,10,95,93,77,49,99,110,13,26,111,98,37,5,149,109,54,21,55,28,41,64,138,141,40,71,45,129,97,122,4,107,101,128,25,61,72,117,106,115,18,136,139,32,144,143,140,124,74,118,108,81}

17:55:03,069  INFO main:414 - *****************************************************
17:55:03,730  INFO main:399 - ****************Corrida 3 ************************
17:55:03,730  INFO main:400 - Fitness solucion: 69.0
17:55:03,730  INFO main:401 - Indice: 72
17:55:03,730  INFO main:402 - Generacion: 0
17:55:03,731  INFO main:403 - Rechazados: 0
17:55:03,731  INFO main:413 - Individuo Solucion: {11,104,108,134,109,21,7,142,132,13,38,8,10,46,44,125,91,53,126,41,32,55,67,95,58,36,24,70,9,77,20,141,1,129,61,26,51,146,65,64,111,56,83,148,63,117,71,116,30,143,101,66,79,75,139,19,96,113,85,99,137,27,45,12,35,144,88,136,118,80,57,42,73,39,86,59,112,115,49,76,48,18,60,78,98,140,81,62,89,72,17,122,15,82,37,29,52,127,110,84,14,6,31,90,131,128,68,94,130,74,147,0,69,97,149,92,107,50,4,3,145,102,40,106,138,47,34,2,87,105,16,123,135,93,124,133,22,114,23,120,54,121,33,43,100,5,119,25,103,28}

17:55:03,731  INFO main:414 - *****************************************************
17:55:04,392  INFO main:399 - ****************Corrida 4 ************************
17:55:04,393  INFO main:400 - Fitness solucion: 69.0
17:55:04,393  INFO main:401 - Indice: 74
17:55:04,393  INFO main:402 - Generacion: 0
17:55:04,393  INFO main:403 - Rechazados: 0
17:55:04,393  INFO main:413 - Individuo Solucion: {44,73,13,112,126,25,49,2,33,19,6,23,129,89,21,26,18,72,101,90,45,10,88,27,136,54,37,130,107,141,11,127,132,125,8,65,95,4,30,35,145,148,69,59,62,83,128,31,5,113,135,71,140,48,122,55,47,7,103,20,17,117,67,53,81,86,50,93,97,80,66,75,110,34,57,147,99,102,91,106,116,74,137,43,64,0,51,134,111,94,68,143,9,56,109,100,115,46,41,98,85,3,39,40,121,138,61,123,29,120,14,1,142,131,70,24,79,82,28,96,15,52,78,38,76,58,105,108,36,114,124,32,146,119,92,12,22,133,60,42,149,63,139,118,84,77,16,104,87,144}

17:55:04,393  INFO main:414 - *****************************************************
17:55:05,041  INFO main:399 - ****************Corrida 5 ************************
17:55:05,041  INFO main:400 - Fitness solucion: 69.0
17:55:05,041  INFO main:401 - Indice: 72
17:55:05,041  INFO main:402 - Generacion: 0
17:55:05,041  INFO main:403 - Rechazados: 0
17:55:05,042  INFO main:413 - Individuo Solucion: {64,5,11,95,0,4,140,84,148,7,30,53,47,57,120,90,36,24,37,65,99,59,19,33,128,44,98,96,23,27,22,126,127,68,89,25,133,134,112,38,34,20,13,114,12,139,146,105,21,55,6,72,78,62,119,109,141,86,1,94,85,102,42,144,48,46,17,81,69,26,80,2,31,138,28,29,9,8,125,60,113,40,66,129,49,52,15,143,74,56,76,149,41,58,82,130,71,106,73,61,10,16,14,67,70,63,110,51,18,45,135,93,77,39,131,43,75,108,132,54,116,32,136,107,88,92,121,101,115,50,147,145,100,137,91,83,3,35,79,123,118,87,142,124,111,97,122,117,103,104}

17:55:05,042  INFO main:414 - *****************************************************
17:55:05,691  INFO main:399 - ****************Corrida 6 ************************
17:55:05,691  INFO main:400 - Fitness solucion: 69.0
17:55:05,691  INFO main:401 - Indice: 74
17:55:05,691  INFO main:402 - Generacion: 0
17:55:05,694  INFO main:403 - Rechazados: 0
17:55:05,694  INFO main:413 - Individuo Solucion: {1,0,8,3,79,145,6,70,109,148,13,14,124,84,29,11,137,2,134,140,42,33,82,10,116,37,34,55,141,12,39,62,35,122,17,23,25,49,100,47,22,83,81,9,78,118,56,50,114,63,72,89,96,53,51,88,99,41,36,133,4,126,94,45,18,113,61,44,90,65,19,7,86,75,67,28,59,16,104,43,24,69,98,117,128,30,74,121,20,138,107,147,115,139,105,127,130,97,15,131,120,76,87,102,73,108,64,71,85,5,91,95,66,144,54,31,129,119,112,142,68,40,132,101,103,110,27,149,38,123,136,48,92,80,52,146,111,58,57,125,26,60,106,46,21,135,143,77,93,32}

17:55:05,694  INFO main:414 - *****************************************************
17:55:06,345  INFO main:399 - ****************Corrida 7 ************************
17:55:06,345  INFO main:400 - Fitness solucion: 69.0
17:55:06,345  INFO main:401 - Indice: 79
17:55:06,345  INFO main:402 - Generacion: 0
17:55:06,345  INFO main:403 - Rechazados: 0
17:55:06,346  INFO main:413 - Individuo Solucion: {106,11,3,6,14,32,146,43,38,105,39,101,149,90,30,40,18,53,87,109,37,108,36,17,51,15,10,113,56,121,12,70,77,81,19,103,8,78,29,58,26,115,7,143,88,23,66,5,147,16,4,97,20,117,136,22,34,50,21,94,139,122,86,91,42,131,127,123,63,68,128,72,79,118,27,45,134,28,49,60,9,133,48,107,125,59,2,35,41,93,76,67,62,124,74,102,140,142,47,119,129,85,80,31,13,145,135,71,0,54,82,69,25,65,64,1,84,99,33,110,144,138,130,52,92,141,89,73,83,55,46,104,120,111,137,44,148,114,100,126,95,116,24,61,132,112,96,57,98,75}

17:55:06,346  INFO main:414 - *****************************************************
17:55:06,995  INFO main:399 - ****************Corrida 8 ************************
17:55:06,996  INFO main:400 - Fitness solucion: 69.0
17:55:06,996  INFO main:401 - Indice: 69
17:55:06,996  INFO main:402 - Generacion: 0
17:55:06,996  INFO main:403 - Rechazados: 0
17:55:06,996  INFO main:413 - Individuo Solucion: {1,13,122,22,125,148,16,133,19,3,46,140,105,134,12,123,8,113,71,26,73,56,29,27,84,120,117,97,130,7,30,145,44,100,6,39,52,66,144,54,110,36,28,50,69,70,78,67,32,95,31,92,89,108,74,146,37,51,9,87,17,20,121,68,35,5,49,65,81,143,118,129,25,91,45,102,58,2,77,34,83,15,103,101,21,80,135,137,147,61,94,24,109,96,115,18,79,0,107,124,55,119,10,82,47,114,11,57,53,106,59,98,112,63,128,136,41,76,64,138,142,116,33,60,127,85,43,48,131,99,90,139,62,72,93,14,23,104,38,132,88,126,42,4,111,75,86,149,40,141}

17:55:06,996  INFO main:414 - *****************************************************
17:55:07,645  INFO main:399 - ****************Corrida 9 ************************
17:55:07,646  INFO main:400 - Fitness solucion: 69.0
17:55:07,646  INFO main:401 - Indice: 74
17:55:07,646  INFO main:402 - Generacion: 0
17:55:07,646  INFO main:403 - Rechazados: 0
17:55:07,646  INFO main:413 - Individuo Solucion: {106,13,78,12,27,23,60,105,126,129,108,117,31,19,21,72,56,18,144,102,15,40,24,123,81,116,94,89,49,119,2,138,29,146,88,82,86,139,114,57,1,95,46,71,38,67,47,22,135,64,134,62,109,39,69,37,118,59,50,61,34,7,28,73,32,80,98,142,77,149,63,42,53,99,6,44,85,143,130,125,17,16,75,68,43,55,132,90,45,148,33,9,36,133,76,84,41,58,104,103,10,140,110,26,131,30,54,124,3,112,92,4,97,25,8,51,20,101,5,70,113,66,115,93,52,11,65,128,121,79,83,14,122,136,147,145,35,91,141,120,48,127,74,107,137,87,111,100,0,96}

17:55:07,646  INFO main:414 - *****************************************************
17:55:08,298  INFO main:399 - ****************Corrida 10 ************************
17:55:08,298  INFO main:400 - Fitness solucion: 69.0
17:55:08,298  INFO main:401 - Indice: 76
17:55:08,298  INFO main:402 - Generacion: 0
17:55:08,298  INFO main:403 - Rechazados: 0
17:55:08,299  INFO main:413 - Individuo Solucion: {110,56,6,98,16,22,69,147,129,21,32,12,29,135,35,38,82,62,75,37,146,88,92,49,86,66,51,5,46,116,47,36,79,87,132,43,130,131,58,20,125,127,55,84,70,94,3,128,31,140,102,111,24,8,59,57,67,60,34,63,105,76,41,25,78,83,148,2,48,0,118,11,15,93,19,72,33,107,27,141,44,95,124,9,61,123,65,119,117,85,126,7,18,10,28,149,91,26,103,122,136,114,45,17,74,138,4,113,145,81,90,137,144,68,120,54,100,109,1,142,99,106,77,13,143,23,134,53,108,73,14,121,39,64,30,115,97,112,80,139,104,133,96,101,71,52,40,50,89,42}

17:55:08,299  INFO main:414 - *****************************************************
17:55:08,948  INFO main:399 - ****************Corrida 11 ************************
17:55:08,948  INFO main:400 - Fitness solucion: 69.0
17:55:08,948  INFO main:401 - Indice: 73
17:55:08,948  INFO main:402 - Generacion: 0
17:55:08,948  INFO main:403 - Rechazados: 0
17:55:08,948  INFO main:413 - Individuo Solucion: {94,28,50,52,87,34,4,11,38,134,146,12,45,121,116,10,15,23,18,35,64,147,62,37,43,27,149,91,3,63,139,86,83,8,30,69,1,101,142,46,19,106,26,53,143,57,128,93,100,145,102,73,120,21,65,9,130,137,131,148,103,72,126,133,122,47,16,56,114,24,22,75,138,70,125,92,97,99,0,41,58,84,140,111,67,44,115,82,5,60,78,13,51,49,89,39,88,105,90,55,20,80,2,66,68,96,85,40,118,141,32,135,7,25,74,109,136,61,124,123,119,129,6,117,48,29,113,54,33,95,112,71,104,31,108,59,36,76,132,107,98,127,79,14,77,144,17,81,110,42}

17:55:08,949  INFO main:414 - *****************************************************
17:55:09,598  INFO main:399 - ****************Corrida 12 ************************
17:55:09,598  INFO main:400 - Fitness solucion: 69.0
17:55:09,598  INFO main:401 - Indice: 78
17:55:09,599  INFO main:402 - Generacion: 0
17:55:09,599  INFO main:403 - Rechazados: 0
17:55:09,599  INFO main:413 - Individuo Solucion: {0,36,71,83,28,142,54,146,101,1,15,120,34,135,107,85,17,64,6,19,5,20,40,66,23,114,4,147,46,42,16,124,14,134,33,77,148,99,39,65,27,112,52,26,22,31,60,53,73,88,78,103,43,68,116,125,80,50,56,7,61,89,144,128,115,106,13,93,118,41,18,58,94,76,30,69,57,111,139,136,82,149,11,131,113,37,127,121,25,97,117,84,24,96,109,21,145,10,29,2,3,110,92,90,140,51,122,45,141,44,12,123,133,130,75,129,72,55,104,9,143,132,108,126,102,48,62,137,38,138,81,105,8,119,47,67,32,98,87,63,95,59,91,100,35,49,86,70,79,74}

17:55:09,599  INFO main:414 - *****************************************************
17:55:10,248  INFO main:399 - ****************Corrida 13 ************************
17:55:10,248  INFO main:400 - Fitness solucion: 69.0
17:55:10,248  INFO main:401 - Indice: 75
17:55:10,248  INFO main:402 - Generacion: 0
17:55:10,248  INFO main:403 - Rechazados: 0
17:55:10,248  INFO main:413 - Individuo Solucion: {9,112,6,0,25,62,76,100,26,142,110,75,14,15,17,148,137,27,32,121,82,94,34,37,31,40,132,63,52,18,21,77,117,35,106,147,109,122,70,104,64,61,91,16,95,33,135,22,96,141,71,28,38,120,12,72,116,56,41,24,143,89,128,80,107,140,145,144,93,54,48,127,129,5,73,149,30,49,65,4,50,133,102,134,8,1,39,139,2,55,46,7,85,84,87,51,130,44,146,67,98,19,103,115,83,20,10,97,11,29,119,57,92,79,47,131,69,42,101,23,53,114,60,126,58,88,43,99,125,105,86,136,68,59,78,36,45,113,90,108,3,66,118,111,81,74,138,13,123,124}

17:55:10,248  INFO main:414 - *****************************************************
17:55:10,899  INFO main:399 - ****************Corrida 14 ************************
17:55:10,899  INFO main:400 - Fitness solucion: 69.0
17:55:10,899  INFO main:401 - Indice: 75
17:55:10,899  INFO main:402 - Generacion: 0
17:55:10,899  INFO main:403 - Rechazados: 0
17:55:10,899  INFO main:413 - Individuo Solucion: {145,64,49,85,3,133,4,7,92,81,22,106,19,48,29,50,20,59,8,138,74,17,38,89,140,14,47,56,71,118,86,84,136,124,30,113,66,122,57,1,5,0,99,77,130,80,70,12,72,39,121,110,2,45,11,41,42,119,31,95,101,79,103,26,141,96,10,87,149,6,62,142,43,98,82,54,114,34,75,61,55,44,112,21,35,147,107,69,40,25,9,73,51,27,143,97,37,36,137,60,94,108,52,131,23,46,120,111,123,100,63,91,102,128,117,76,65,24,33,90,16,146,28,88,135,125,32,148,115,78,18,67,68,144,109,126,139,58,105,83,15,93,13,116,134,132,127,129,104,53}

17:55:10,900  INFO main:414 - *****************************************************
17:55:11,552  INFO main:399 - ****************Corrida 15 ************************
17:55:11,552  INFO main:400 - Fitness solucion: 69.0
17:55:11,552  INFO main:401 - Indice: 80
17:55:11,552  INFO main:402 - Generacion: 0
17:55:11,552  INFO main:403 - Rechazados: 0
17:55:11,552  INFO main:413 - Individuo Solucion: {17,98,5,18,41,120,128,124,63,13,91,144,30,8,31,103,24,37,117,69,139,9,72,142,115,48,116,133,12,26,44,146,78,11,149,86,36,3,74,67,108,40,20,76,101,46,147,90,22,64,136,105,51,19,45,27,83,6,42,33,21,60,7,49,75,29,89,1,97,65,71,47,106,25,126,96,95,81,34,59,57,39,23,137,66,79,118,135,110,53,35,85,61,58,32,10,88,143,77,125,109,121,54,112,15,28,94,2,43,92,62,130,129,141,0,100,114,55,131,104,138,123,4,111,68,14,107,132,127,82,87,134,145,73,102,140,99,148,80,70,93,52,56,38,16,113,122,84,50,119}

17:55:11,552  INFO main:414 - *****************************************************
17:55:12,203  INFO main:399 - ****************Corrida 16 ************************
17:55:12,203  INFO main:400 - Fitness solucion: 69.0
17:55:12,203  INFO main:401 - Indice: 76
17:55:12,204  INFO main:402 - Generacion: 0
17:55:12,204  INFO main:403 - Rechazados: 0
17:55:12,204  INFO main:413 - Individuo Solucion: {6,87,0,27,148,63,146,19,76,5,89,18,2,93,62,119,120,12,7,104,54,128,126,40,16,79,38,75,44,124,61,39,97,107,33,58,47,15,53,134,116,32,25,10,3,142,42,31,22,130,100,74,14,72,92,81,1,34,114,65,73,29,41,122,110,68,69,48,83,140,67,94,86,84,64,45,50,85,11,55,141,91,37,118,121,112,21,147,96,20,43,78,102,24,111,144,115,4,133,17,125,98,35,95,139,137,129,23,105,49,59,51,88,143,117,106,108,66,131,103,132,77,109,8,136,26,46,30,60,13,138,80,90,149,56,113,71,28,57,82,127,70,135,36,9,145,99,123,52,101}

17:55:12,204  INFO main:414 - *****************************************************
17:55:12,854  INFO main:399 - ****************Corrida 17 ************************
17:55:12,855  INFO main:400 - Fitness solucion: 69.0
17:55:12,855  INFO main:401 - Indice: 74
17:55:12,855  INFO main:402 - Generacion: 0
17:55:12,855  INFO main:403 - Rechazados: 0
17:55:12,855  INFO main:413 - Individuo Solucion: {129,85,92,2,9,140,13,64,0,8,3,52,10,114,143,1,137,81,25,110,102,87,55,145,98,62,139,117,132,39,93,11,48,84,71,5,43,116,79,21,40,120,141,46,65,104,59,135,16,7,45,53,57,54,107,28,32,23,19,138,24,42,49,73,33,67,74,82,124,75,58,15,99,60,115,96,17,80,101,36,22,91,41,31,34,47,66,122,133,51,29,148,97,38,100,70,111,128,30,77,35,134,127,106,12,147,90,146,125,20,112,108,56,37,126,103,61,72,4,88,113,83,131,144,86,89,105,130,149,6,18,136,27,68,119,95,123,94,50,121,26,118,78,44,63,69,109,14,142,76}

17:55:12,855  INFO main:414 - *****************************************************
17:55:13,506  INFO main:399 - ****************Corrida 18 ************************
17:55:13,506  INFO main:400 - Fitness solucion: 69.0
17:55:13,506  INFO main:401 - Indice: 80
17:55:13,506  INFO main:402 - Generacion: 0
17:55:13,506  INFO main:403 - Rechazados: 0
17:55:13,506  INFO main:413 - Individuo Solucion: {21,143,38,81,6,107,111,1,145,8,7,4,31,146,41,136,11,40,88,48,129,83,12,122,58,29,117,30,18,16,130,26,35,148,51,127,54,90,62,110,115,47,33,149,79,77,106,101,17,10,28,71,91,93,57,78,65,44,69,39,147,5,109,100,43,46,45,70,96,103,34,97,95,22,66,61,27,132,144,24,63,32,139,84,55,67,108,80,0,64,23,60,121,87,9,116,113,68,99,98,73,2,49,56,25,59,37,134,114,118,14,124,137,142,75,120,131,50,72,86,82,125,36,102,3,15,94,135,20,128,74,126,133,19,140,52,105,141,76,112,104,42,138,85,92,119,123,53,13,89}

17:55:13,506  INFO main:414 - *****************************************************
17:55:14,156  INFO main:399 - ****************Corrida 19 ************************
17:55:14,156  INFO main:400 - Fitness solucion: 69.0
17:55:14,156  INFO main:401 - Indice: 76
17:55:14,156  INFO main:402 - Generacion: 0
17:55:14,156  INFO main:403 - Rechazados: 0
17:55:14,156  INFO main:413 - Individuo Solucion: {8,10,49,1,132,9,96,115,23,12,16,32,5,139,36,38,77,43,7,105,119,0,53,147,22,30,135,28,117,112,34,114,74,136,35,67,68,69,106,65,87,51,133,58,102,57,41,20,70,73,2,15,21,3,113,125,11,29,116,104,18,120,39,142,42,123,107,45,146,17,93,37,46,140,72,31,59,47,80,88,76,60,108,64,149,56,89,101,81,148,66,98,50,55,137,124,83,145,13,111,128,94,24,6,25,126,92,85,79,129,86,143,100,99,121,27,54,134,26,14,97,63,131,130,122,90,62,144,118,127,138,71,40,48,84,61,91,103,75,78,33,141,95,44,109,82,4,52,110,19}

17:55:14,157  INFO main:414 - *****************************************************
17:55:14,807  INFO main:399 - ****************Corrida 20 ************************
17:55:14,807  INFO main:400 - Fitness solucion: 69.0
17:55:14,808  INFO main:401 - Indice: 71
17:55:14,808  INFO main:402 - Generacion: 0
17:55:14,808  INFO main:403 - Rechazados: 0
17:55:14,808  INFO main:413 - Individuo Solucion: {33,2,69,136,80,14,42,132,7,50,21,102,124,0,61,41,127,26,145,76,137,129,9,112,47,139,29,48,44,24,94,13,101,148,46,11,56,53,28,15,37,67,16,96,8,79,1,51,54,35,72,27,23,5,133,31,100,68,138,144,58,84,20,113,40,142,12,89,55,64,119,98,70,81,134,130,103,10,63,122,87,71,107,17,117,25,18,60,57,115,105,82,38,49,92,93,6,90,120,30,4,62,99,135,73,19,108,109,118,143,147,65,36,131,110,77,75,106,125,39,52,22,45,104,85,95,128,116,111,83,66,32,126,59,97,140,34,114,123,43,149,74,86,3,121,78,141,88,146,91}

17:55:14,808  INFO main:414 - *****************************************************
17:55:15,456  INFO main:399 - ****************Corrida 21 ************************
17:55:15,456  INFO main:400 - Fitness solucion: 69.0
17:55:15,456  INFO main:401 - Indice: 82
17:55:15,456  INFO main:402 - Generacion: 0
17:55:15,456  INFO main:403 - Rechazados: 0
17:55:15,456  INFO main:413 - Individuo Solucion: {83,35,84,13,74,10,108,9,17,1,26,27,112,128,16,50,11,119,76,6,8,36,69,33,34,139,20,68,24,42,95,15,94,98,145,125,56,140,75,133,114,39,82,127,100,72,37,60,14,143,89,4,61,46,115,78,62,116,28,148,21,134,149,55,131,138,63,57,102,43,77,40,70,126,31,66,79,2,25,49,23,121,54,101,45,47,107,67,44,103,92,96,0,29,18,113,97,52,38,147,106,12,144,135,22,123,117,99,59,90,91,64,48,80,132,58,32,51,111,137,88,120,5,136,86,65,85,30,41,104,19,109,124,3,53,146,87,93,7,105,71,81,142,129,110,141,130,118,73,122}

17:55:15,456  INFO main:414 - *****************************************************
17:55:16,107  INFO main:399 - ****************Corrida 22 ************************
17:55:16,107  INFO main:400 - Fitness solucion: 69.0
17:55:16,107  INFO main:401 - Indice: 73
17:55:16,107  INFO main:402 - Generacion: 0
17:55:16,107  INFO main:403 - Rechazados: 0
17:55:16,108  INFO main:413 - Individuo Solucion: {138,5,20,121,17,27,117,29,25,7,132,16,92,126,143,112,38,43,130,54,45,105,13,87,115,3,40,23,21,135,122,58,125,18,36,137,70,65,149,139,128,75,12,81,64,35,88,84,69,119,32,52,6,46,76,79,148,118,97,127,44,101,42,30,145,34,90,83,11,55,31,74,66,136,9,94,123,22,100,113,28,67,10,133,49,26,47,110,62,102,120,78,33,4,71,89,99,48,147,72,77,103,50,134,53,96,146,93,2,8,39,19,142,144,14,95,86,124,56,61,131,106,41,91,63,114,1,57,82,15,98,107,68,116,104,140,51,85,73,59,80,37,129,108,0,60,141,109,111,24}

17:55:16,108  INFO main:414 - *****************************************************
17:55:16,754  INFO main:399 - ****************Corrida 23 ************************
17:55:16,754  INFO main:400 - Fitness solucion: 69.0
17:55:16,754  INFO main:401 - Indice: 73
17:55:16,754  INFO main:402 - Generacion: 0
17:55:16,755  INFO main:403 - Rechazados: 0
17:55:16,755  INFO main:413 - Individuo Solucion: {0,13,50,145,14,10,6,19,75,8,40,100,49,35,22,111,86,16,33,27,7,87,147,84,132,17,26,119,25,68,60,112,45,36,61,48,134,114,117,79,31,138,9,30,99,64,70,39,131,1,43,144,52,56,21,4,88,136,125,123,67,124,95,120,108,57,15,113,129,137,3,121,73,80,11,62,51,74,20,115,66,44,92,107,65,2,118,55,29,91,105,81,98,130,58,53,23,93,69,110,104,54,109,116,82,34,18,41,96,143,90,71,32,59,72,5,128,103,37,142,127,89,133,126,94,47,12,76,106,83,78,135,38,101,24,149,85,63,46,28,97,148,139,77,102,42,122,146,140,141}

17:55:16,755  INFO main:414 - *****************************************************
17:55:17,402  INFO main:399 - ****************Corrida 24 ************************
17:55:17,403  INFO main:400 - Fitness solucion: 69.0
17:55:17,403  INFO main:401 - Indice: 78
17:55:17,403  INFO main:402 - Generacion: 0
17:55:17,403  INFO main:403 - Rechazados: 0
17:55:17,403  INFO main:413 - Individuo Solucion: {0,6,46,3,2,33,120,4,20,68,15,1,5,84,116,29,38,137,52,41,55,40,112,81,76,129,12,13,49,121,53,104,75,61,146,60,97,142,73,109,51,7,63,102,111,128,78,27,85,8,114,130,50,149,14,28,37,26,72,48,105,91,57,138,132,25,147,89,77,88,45,9,124,110,96,11,79,43,21,69,92,10,67,145,95,141,19,143,100,17,107,131,16,87,59,82,98,70,58,74,118,65,90,42,39,35,135,24,44,99,113,117,71,144,23,139,32,54,127,83,123,64,148,93,101,94,30,122,86,119,134,136,103,34,126,108,66,115,36,31,47,140,18,62,133,106,56,80,125,22}

17:55:17,403  INFO main:414 - *****************************************************
17:55:18,053  INFO main:399 - ****************Corrida 25 ************************
17:55:18,053  INFO main:400 - Fitness solucion: 69.0
17:55:18,053  INFO main:401 - Indice: 71
17:55:18,053  INFO main:402 - Generacion: 0
17:55:18,053  INFO main:403 - Rechazados: 0
17:55:18,054  INFO main:413 - Individuo Solucion: {114,67,125,4,69,14,12,81,21,59,34,7,36,26,119,45,131,33,78,44,16,49,27,55,53,105,25,17,37,104,46,6,48,111,147,140,123,8,146,139,22,0,80,11,145,102,136,107,54,68,86,75,84,71,31,47,60,41,101,32,122,129,108,42,91,87,90,79,35,124,149,39,95,148,13,52,1,133,118,99,72,143,121,40,138,116,20,50,83,56,62,127,112,100,113,51,29,93,76,58,109,120,135,28,2,74,82,23,117,64,98,38,110,97,61,88,130,70,89,30,5,73,19,142,3,85,10,92,9,126,128,144,57,15,63,103,137,106,96,66,132,77,134,65,141,43,18,115,94,24}

17:55:18,054  INFO main:414 - *****************************************************
17:55:18,718  INFO main:399 - ****************Corrida 26 ************************
17:55:18,718  INFO main:400 - Fitness solucion: 69.0
17:55:18,719  INFO main:401 - Indice: 71
17:55:18,719  INFO main:402 - Generacion: 0
17:55:18,719  INFO main:403 - Rechazados: 0
17:55:18,719  INFO main:413 - Individuo Solucion: {81,105,19,29,3,16,58,11,107,145,20,1,86,109,125,27,15,75,22,103,37,68,70,33,147,25,34,43,46,38,9,104,82,95,8,77,73,52,129,30,18,120,133,110,134,0,65,49,71,102,91,53,126,7,112,14,83,139,144,85,61,116,54,36,51,131,132,128,140,2,119,21,24,23,40,45,4,88,41,146,42,97,123,94,55,69,98,26,113,6,12,62,64,56,39,50,84,141,79,72,32,60,135,96,111,59,130,118,143,106,74,121,92,87,57,127,122,90,101,99,76,31,117,47,78,108,100,89,93,48,10,28,137,136,80,138,35,115,13,124,5,142,66,149,63,17,44,148,67,114}

17:55:18,719  INFO main:414 - *****************************************************
17:55:19,368  INFO main:399 - ****************Corrida 27 ************************
17:55:19,369  INFO main:400 - Fitness solucion: 69.0
17:55:19,369  INFO main:401 - Indice: 77
17:55:19,369  INFO main:402 - Generacion: 0
17:55:19,369  INFO main:403 - Rechazados: 0
17:55:19,369  INFO main:413 - Individuo Solucion: {2,11,21,13,145,134,9,43,51,0,4,142,49,25,8,19,146,36,33,121,131,107,105,23,120,92,111,97,148,59,6,147,46,85,69,29,35,38,122,52,136,47,15,1,94,28,77,31,116,44,115,68,3,141,66,62,45,34,37,139,103,39,123,129,93,102,104,56,100,5,10,12,128,48,61,75,96,42,74,67,17,135,30,113,40,138,137,79,32,41,83,101,64,89,99,144,60,7,27,118,18,82,72,84,16,76,90,119,71,108,55,125,149,70,106,20,63,112,133,53,114,54,117,80,132,95,24,110,127,109,78,57,124,73,50,81,86,91,14,140,65,26,87,130,98,58,126,22,143,88}

17:55:19,369  INFO main:414 - *****************************************************
17:55:20,059  INFO main:399 - ****************Corrida 28 ************************
17:55:20,059  INFO main:400 - Fitness solucion: 69.0
17:55:20,059  INFO main:401 - Indice: 75
17:55:20,059  INFO main:402 - Generacion: 0
17:55:20,059  INFO main:403 - Rechazados: 0
17:55:20,060  INFO main:413 - Individuo Solucion: {0,16,122,67,123,10,23,112,136,1,77,114,140,35,138,69,22,149,41,60,146,130,54,63,49,17,8,42,88,52,64,134,44,104,111,34,100,32,7,14,84,118,51,50,79,101,106,82,76,115,12,107,37,66,95,40,55,53,18,71,116,135,145,126,27,4,43,24,48,46,68,133,103,73,89,36,47,92,80,105,141,58,72,142,19,21,15,13,86,128,11,90,109,6,143,102,139,119,117,26,137,31,94,98,56,87,127,99,97,96,28,144,70,5,3,131,75,57,45,83,9,20,39,93,38,29,81,121,33,110,132,124,148,30,125,2,65,120,78,59,129,62,25,147,91,61,113,74,108,85}

17:55:20,060  INFO main:414 - *****************************************************
17:55:20,715  INFO main:399 - ****************Corrida 29 ************************
17:55:20,715  INFO main:400 - Fitness solucion: 69.0
17:55:20,715  INFO main:401 - Indice: 71
17:55:20,715  INFO main:402 - Generacion: 0
17:55:20,715  INFO main:403 - Rechazados: 0
17:55:20,716  INFO main:413 - Individuo Solucion: {9,7,98,70,8,10,104,27,17,140,5,55,142,132,24,113,77,116,127,91,89,2,39,6,63,82,76,103,65,68,22,23,129,48,34,79,72,137,144,67,18,105,13,149,52,86,87,28,38,143,0,81,125,101,111,14,53,43,141,94,19,96,109,118,3,136,61,58,97,36,51,90,4,146,131,100,122,121,108,135,42,16,99,29,47,60,44,119,50,133,33,37,85,95,102,69,64,62,120,46,106,145,26,80,54,49,66,126,45,78,20,83,107,41,92,128,110,124,1,123,40,31,147,15,21,138,84,73,56,12,115,30,134,93,74,75,11,148,25,57,130,35,112,32,71,139,59,117,88,114}

17:55:20,716  INFO main:414 - *****************************************************
17:55:20,716  INFO main:416 - Tiempo AGP: 678
17:55:20,716  INFO main:418 - Promedio Final: 69
17:55:20,716  INFO main:420 - Promedio Generaciones: 0
17:55:20,716  INFO main:422 - *****************Resultados********************
17:55:20,716  INFO main:424 - result: 69.0
17:55:20,716  INFO main:424 - result: 69.0
17:55:20,716  INFO main:424 - result: 69.0
17:55:20,716  INFO main:424 - result: 69.0
17:55:20,716  INFO main:424 - result: 69.0
17:55:20,716  INFO main:424 - result: 69.0
17:55:20,717  INFO main:424 - result: 69.0
17:55:20,717  INFO main:424 - result: 69.0
17:55:20,717  INFO main:424 - result: 69.0
17:55:20,717  INFO main:424 - result: 69.0
17:55:20,717  INFO main:424 - result: 69.0
17:55:20,717  INFO main:424 - result: 69.0
17:55:20,717  INFO main:424 - result: 69.0
17:55:20,717  INFO main:424 - result: 69.0
17:55:20,717  INFO main:424 - result: 69.0
17:55:20,717  INFO main:424 - result: 69.0
17:55:20,717  INFO main:424 - result: 69.0
17:55:20,717  INFO main:424 - result: 69.0
17:55:20,718  INFO main:424 - result: 69.0
17:55:20,718  INFO main:424 - result: 69.0
17:55:20,718  INFO main:424 - result: 69.0
17:55:20,718  INFO main:424 - result: 69.0
17:55:20,718  INFO main:424 - result: 69.0
17:55:20,718  INFO main:424 - result: 69.0
17:55:20,718  INFO main:424 - result: 69.0
17:55:20,718  INFO main:424 - result: 69.0
17:55:20,718  INFO main:424 - result: 69.0
17:55:20,718  INFO main:424 - result: 69.0
17:55:20,718  INFO main:424 - result: 69.0
17:55:20,718  INFO main:424 - result: 69.0
17:55:20,718  INFO main:426 - *****************Generaciones********************
17:55:20,719  INFO main:428 - Generacion: 0
17:55:20,719  INFO main:428 - Generacion: 0
17:55:20,719  INFO main:428 - Generacion: 0
17:55:20,719  INFO main:428 - Generacion: 0
17:55:20,719  INFO main:428 - Generacion: 0
17:55:20,719  INFO main:428 - Generacion: 0
17:55:20,719  INFO main:428 - Generacion: 0
17:55:20,719  INFO main:428 - Generacion: 0
17:55:20,719  INFO main:428 - Generacion: 0
17:55:20,719  INFO main:428 - Generacion: 0
17:55:20,719  INFO main:428 - Generacion: 0
17:55:20,719  INFO main:428 - Generacion: 0
17:55:20,719  INFO main:428 - Generacion: 0
17:55:20,719  INFO main:428 - Generacion: 0
17:55:20,719  INFO main:428 - Generacion: 0
17:55:20,720  INFO main:428 - Generacion: 0
17:55:20,720  INFO main:428 - Generacion: 0
17:55:20,720  INFO main:428 - Generacion: 0
17:55:20,720  INFO main:428 - Generacion: 0
17:55:20,720  INFO main:428 - Generacion: 0
17:55:20,720  INFO main:428 - Generacion: 0
17:55:20,720  INFO main:428 - Generacion: 0
17:55:20,720  INFO main:428 - Generacion: 0
17:55:20,720  INFO main:428 - Generacion: 0
17:55:20,720  INFO main:428 - Generacion: 0
17:55:20,720  INFO main:428 - Generacion: 0
17:55:20,720  INFO main:428 - Generacion: 0
17:55:20,720  INFO main:428 - Generacion: 0
17:55:20,720  INFO main:428 - Generacion: 0
17:55:20,720  INFO main:428 - Generacion: 0
