17:06:44,476  INFO main:168 - Logueando
17:06:45,001  INFO main:387 - ****************AG PERMUTACION****************
17:06:46,256  INFO main:399 - ****************Corrida 0 ************************
17:06:46,256  INFO main:400 - Fitness solucion: 19.0
17:06:46,256  INFO main:401 - Indice: 20
17:06:46,256  INFO main:402 - Generacion: 0
17:06:46,256  INFO main:403 - Rechazados: 20
17:06:46,257  INFO main:413 - Individuo Solucion: {17,3,5,0,4,16,8,1,14,7,11,18,9,12,13,2,10,19,6,15}

17:06:46,257  INFO main:414 - *****************************************************
17:06:46,365  INFO main:399 - ****************Corrida 1 ************************
17:06:46,365  INFO main:400 - Fitness solucion: 19.0
17:06:46,365  INFO main:401 - Indice: 19
17:06:46,365  INFO main:402 - Generacion: 0
17:06:46,365  INFO main:403 - Rechazados: 20
17:06:46,366  INFO main:413 - Individuo Solucion: {15,0,6,12,18,10,1,7,13,19,17,5,14,2,4,9,3,11,16,8}

17:06:46,366  INFO main:414 - *****************************************************
17:06:46,476  INFO main:399 - ****************Corrida 2 ************************
17:06:46,476  INFO main:400 - Fitness solucion: 19.0
17:06:46,476  INFO main:401 - Indice: 19
17:06:46,476  INFO main:402 - Generacion: 0
17:06:46,476  INFO main:403 - Rechazados: 20
17:06:46,476  INFO main:413 - Individuo Solucion: {2,12,3,13,16,15,8,4,0,11,9,6,18,1,7,19,10,5,17,14}

17:06:46,476  INFO main:414 - *****************************************************
17:06:46,585  INFO main:399 - ****************Corrida 3 ************************
17:06:46,585  INFO main:400 - Fitness solucion: 19.0
17:06:46,585  INFO main:401 - Indice: 19
17:06:46,585  INFO main:402 - Generacion: 0
17:06:46,585  INFO main:403 - Rechazados: 20
17:06:46,585  INFO main:413 - Individuo Solucion: {18,17,8,1,10,2,0,16,9,4,11,7,13,19,5,6,3,15,12,14}

17:06:46,585  INFO main:414 - *****************************************************
17:06:46,683  INFO main:399 - ****************Corrida 4 ************************
17:06:46,683  INFO main:400 - Fitness solucion: 19.0
17:06:46,683  INFO main:401 - Indice: 19
17:06:46,683  INFO main:402 - Generacion: 0
17:06:46,683  INFO main:403 - Rechazados: 20
17:06:46,683  INFO main:413 - Individuo Solucion: {18,19,16,5,1,3,12,13,8,4,14,17,2,10,7,9,11,0,15,6}

17:06:46,683  INFO main:414 - *****************************************************
17:06:46,775  INFO main:399 - ****************Corrida 5 ************************
17:06:46,776  INFO main:400 - Fitness solucion: 19.0
17:06:46,776  INFO main:401 - Indice: 19
17:06:46,776  INFO main:402 - Generacion: 0
17:06:46,776  INFO main:403 - Rechazados: 20
17:06:46,776  INFO main:413 - Individuo Solucion: {2,1,6,5,4,7,17,12,9,3,19,11,18,15,10,8,14,13,0,16}

17:06:46,776  INFO main:414 - *****************************************************
17:06:46,857  INFO main:399 - ****************Corrida 6 ************************
17:06:46,858  INFO main:400 - Fitness solucion: 19.0
17:06:46,858  INFO main:401 - Indice: 19
17:06:46,858  INFO main:402 - Generacion: 0
17:06:46,858  INFO main:403 - Rechazados: 20
17:06:46,858  INFO main:413 - Individuo Solucion: {0,10,3,1,7,17,4,19,8,2,13,14,12,11,15,16,18,6,9,5}

17:06:46,858  INFO main:414 - *****************************************************
17:06:46,941  INFO main:399 - ****************Corrida 7 ************************
17:06:46,942  INFO main:400 - Fitness solucion: 19.0
17:06:46,942  INFO main:401 - Indice: 19
17:06:46,942  INFO main:402 - Generacion: 0
17:06:46,942  INFO main:403 - Rechazados: 20
17:06:46,942  INFO main:413 - Individuo Solucion: {9,5,0,17,4,8,13,2,1,7,6,16,10,3,14,15,12,18,11,19}

17:06:46,943  INFO main:414 - *****************************************************
17:06:47,034  INFO main:399 - ****************Corrida 8 ************************
17:06:47,034  INFO main:400 - Fitness solucion: 19.0
17:06:47,034  INFO main:401 - Indice: 19
17:06:47,034  INFO main:402 - Generacion: 0
17:06:47,035  INFO main:403 - Rechazados: 20
17:06:47,035  INFO main:413 - Individuo Solucion: {0,15,7,6,19,9,14,18,10,1,5,8,11,2,13,17,4,12,16,3}

17:06:47,035  INFO main:414 - *****************************************************
17:06:47,114  INFO main:399 - ****************Corrida 9 ************************
17:06:47,114  INFO main:400 - Fitness solucion: 19.0
17:06:47,114  INFO main:401 - Indice: 19
17:06:47,114  INFO main:402 - Generacion: 0
17:06:47,114  INFO main:403 - Rechazados: 20
17:06:47,114  INFO main:413 - Individuo Solucion: {0,9,3,5,8,16,13,14,10,12,4,19,6,1,2,18,7,11,17,15}

17:06:47,114  INFO main:414 - *****************************************************
17:06:47,196  INFO main:399 - ****************Corrida 10 ************************
17:06:47,196  INFO main:400 - Fitness solucion: 19.0
17:06:47,196  INFO main:401 - Indice: 19
17:06:47,197  INFO main:402 - Generacion: 0
17:06:47,197  INFO main:403 - Rechazados: 20
17:06:47,197  INFO main:413 - Individuo Solucion: {7,11,3,1,12,10,18,9,2,8,16,14,15,5,0,19,4,6,17,13}

17:06:47,197  INFO main:414 - *****************************************************
17:06:47,292  INFO main:399 - ****************Corrida 11 ************************
17:06:47,293  INFO main:400 - Fitness solucion: 19.0
17:06:47,293  INFO main:401 - Indice: 19
17:06:47,293  INFO main:402 - Generacion: 0
17:06:47,293  INFO main:403 - Rechazados: 20
17:06:47,293  INFO main:413 - Individuo Solucion: {7,6,14,4,5,16,17,0,10,9,2,1,19,15,3,11,8,12,18,13}

17:06:47,293  INFO main:414 - *****************************************************
17:06:47,372  INFO main:399 - ****************Corrida 12 ************************
17:06:47,372  INFO main:400 - Fitness solucion: 19.0
17:06:47,372  INFO main:401 - Indice: 20
17:06:47,372  INFO main:402 - Generacion: 0
17:06:47,372  INFO main:403 - Rechazados: 20
17:06:47,372  INFO main:413 - Individuo Solucion: {1,16,18,3,17,12,0,4,2,6,7,19,9,15,5,8,10,14,13,11}

17:06:47,372  INFO main:414 - *****************************************************
17:06:47,451  INFO main:399 - ****************Corrida 13 ************************
17:06:47,451  INFO main:400 - Fitness solucion: 19.0
17:06:47,451  INFO main:401 - Indice: 19
17:06:47,451  INFO main:402 - Generacion: 0
17:06:47,451  INFO main:403 - Rechazados: 20
17:06:47,451  INFO main:413 - Individuo Solucion: {8,6,13,1,2,10,18,5,0,7,9,11,4,3,17,15,16,19,12,14}

17:06:47,452  INFO main:414 - *****************************************************
17:06:47,536  INFO main:399 - ****************Corrida 14 ************************
17:06:47,536  INFO main:400 - Fitness solucion: 19.0
17:06:47,536  INFO main:401 - Indice: 19
17:06:47,536  INFO main:402 - Generacion: 0
17:06:47,536  INFO main:403 - Rechazados: 20
17:06:47,536  INFO main:413 - Individuo Solucion: {10,4,5,19,9,16,6,13,2,15,3,12,7,14,11,1,8,18,17,0}

17:06:47,536  INFO main:414 - *****************************************************
17:06:47,623  INFO main:399 - ****************Corrida 15 ************************
17:06:47,623  INFO main:400 - Fitness solucion: 19.0
17:06:47,624  INFO main:401 - Indice: 19
17:06:47,624  INFO main:402 - Generacion: 0
17:06:47,624  INFO main:403 - Rechazados: 20
17:06:47,624  INFO main:413 - Individuo Solucion: {0,7,9,14,8,2,4,17,13,18,10,16,5,3,6,11,12,1,19,15}

17:06:47,624  INFO main:414 - *****************************************************
17:06:47,710  INFO main:399 - ****************Corrida 16 ************************
17:06:47,710  INFO main:400 - Fitness solucion: 19.0
17:06:47,710  INFO main:401 - Indice: 19
17:06:47,710  INFO main:402 - Generacion: 0
17:06:47,711  INFO main:403 - Rechazados: 20
17:06:47,711  INFO main:413 - Individuo Solucion: {16,9,7,18,6,11,0,8,5,3,4,15,1,19,14,2,10,12,17,13}

17:06:47,711  INFO main:414 - *****************************************************
17:06:47,837  INFO main:399 - ****************Corrida 17 ************************
17:06:47,838  INFO main:400 - Fitness solucion: 19.0
17:06:47,838  INFO main:401 - Indice: 19
17:06:47,838  INFO main:402 - Generacion: 0
17:06:47,838  INFO main:403 - Rechazados: 20
17:06:47,838  INFO main:413 - Individuo Solucion: {18,15,17,6,3,19,1,10,8,2,5,16,11,7,4,0,9,14,12,13}

17:06:47,839  INFO main:414 - *****************************************************
17:06:47,929  INFO main:399 - ****************Corrida 18 ************************
17:06:47,929  INFO main:400 - Fitness solucion: 19.0
17:06:47,930  INFO main:401 - Indice: 19
17:06:47,930  INFO main:402 - Generacion: 0
17:06:47,930  INFO main:403 - Rechazados: 20
17:06:47,930  INFO main:413 - Individuo Solucion: {12,7,3,15,6,8,1,16,5,10,11,0,9,13,2,4,19,17,18,14}

17:06:47,930  INFO main:414 - *****************************************************
17:06:48,021  INFO main:399 - ****************Corrida 19 ************************
17:06:48,021  INFO main:400 - Fitness solucion: 19.0
17:06:48,021  INFO main:401 - Indice: 19
17:06:48,021  INFO main:402 - Generacion: 0
17:06:48,021  INFO main:403 - Rechazados: 20
17:06:48,021  INFO main:413 - Individuo Solucion: {12,17,9,16,1,11,2,7,0,3,6,19,13,15,18,5,10,14,4,8}

17:06:48,021  INFO main:414 - *****************************************************
17:06:48,111  INFO main:399 - ****************Corrida 20 ************************
17:06:48,111  INFO main:400 - Fitness solucion: 19.0
17:06:48,111  INFO main:401 - Indice: 22
17:06:48,111  INFO main:402 - Generacion: 0
17:06:48,112  INFO main:403 - Rechazados: 20
17:06:48,112  INFO main:413 - Individuo Solucion: {12,0,14,15,16,7,18,11,13,2,8,17,3,6,5,19,4,9,1,10}

17:06:48,112  INFO main:414 - *****************************************************
17:06:48,205  INFO main:399 - ****************Corrida 21 ************************
17:06:48,206  INFO main:400 - Fitness solucion: 19.0
17:06:48,206  INFO main:401 - Indice: 19
17:06:48,206  INFO main:402 - Generacion: 0
17:06:48,206  INFO main:403 - Rechazados: 20
17:06:48,206  INFO main:413 - Individuo Solucion: {4,6,12,5,2,18,8,11,15,3,13,9,19,14,0,16,17,7,1,10}

17:06:48,206  INFO main:414 - *****************************************************
17:06:48,293  INFO main:399 - ****************Corrida 22 ************************
17:06:48,294  INFO main:400 - Fitness solucion: 19.0
17:06:48,294  INFO main:401 - Indice: 19
17:06:48,294  INFO main:402 - Generacion: 0
17:06:48,294  INFO main:403 - Rechazados: 20
17:06:48,294  INFO main:413 - Individuo Solucion: {4,1,8,2,7,16,6,18,13,3,14,15,9,12,5,11,17,10,0,19}

17:06:48,294  INFO main:414 - *****************************************************
17:06:48,375  INFO main:399 - ****************Corrida 23 ************************
17:06:48,376  INFO main:400 - Fitness solucion: 19.0
17:06:48,376  INFO main:401 - Indice: 22
17:06:48,376  INFO main:402 - Generacion: 0
17:06:48,376  INFO main:403 - Rechazados: 20
17:06:48,376  INFO main:413 - Individuo Solucion: {10,16,11,2,14,1,0,17,12,3,8,7,18,4,5,15,9,19,6,13}

17:06:48,376  INFO main:414 - *****************************************************
17:06:48,457  INFO main:399 - ****************Corrida 24 ************************
17:06:48,457  INFO main:400 - Fitness solucion: 19.0
17:06:48,457  INFO main:401 - Indice: 19
17:06:48,457  INFO main:402 - Generacion: 0
17:06:48,457  INFO main:403 - Rechazados: 20
17:06:48,457  INFO main:413 - Individuo Solucion: {0,11,1,6,2,4,9,19,15,7,12,14,13,5,3,18,8,10,16,17}

17:06:48,457  INFO main:414 - *****************************************************
17:06:48,546  INFO main:399 - ****************Corrida 25 ************************
17:06:48,546  INFO main:400 - Fitness solucion: 19.0
17:06:48,547  INFO main:401 - Indice: 22
17:06:48,547  INFO main:402 - Generacion: 0
17:06:48,547  INFO main:403 - Rechazados: 20
17:06:48,547  INFO main:413 - Individuo Solucion: {6,5,17,9,15,0,19,13,10,3,1,18,7,4,14,8,2,11,16,12}

17:06:48,547  INFO main:414 - *****************************************************
17:06:48,631  INFO main:399 - ****************Corrida 26 ************************
17:06:48,631  INFO main:400 - Fitness solucion: 19.0
17:06:48,632  INFO main:401 - Indice: 19
17:06:48,632  INFO main:402 - Generacion: 0
17:06:48,632  INFO main:403 - Rechazados: 20
17:06:48,632  INFO main:413 - Individuo Solucion: {18,13,2,8,6,0,3,10,4,14,7,9,1,16,17,15,11,12,5,19}

17:06:48,632  INFO main:414 - *****************************************************
17:06:48,718  INFO main:399 - ****************Corrida 27 ************************
17:06:48,719  INFO main:400 - Fitness solucion: 19.0
17:06:48,719  INFO main:401 - Indice: 19
17:06:48,719  INFO main:402 - Generacion: 0
17:06:48,719  INFO main:403 - Rechazados: 20
17:06:48,719  INFO main:413 - Individuo Solucion: {10,19,11,16,5,0,7,6,4,18,1,12,13,15,2,14,9,3,17,8}

17:06:48,719  INFO main:414 - *****************************************************
17:06:48,806  INFO main:399 - ****************Corrida 28 ************************
17:06:48,807  INFO main:400 - Fitness solucion: 19.0
17:06:48,807  INFO main:401 - Indice: 19
17:06:48,807  INFO main:402 - Generacion: 0
17:06:48,807  INFO main:403 - Rechazados: 20
17:06:48,807  INFO main:413 - Individuo Solucion: {0,18,4,1,15,3,19,9,6,11,2,7,5,8,13,10,12,14,17,16}

17:06:48,807  INFO main:414 - *****************************************************
17:06:48,887  INFO main:399 - ****************Corrida 29 ************************
17:06:48,887  INFO main:400 - Fitness solucion: 19.0
17:06:48,887  INFO main:401 - Indice: 22
17:06:48,888  INFO main:402 - Generacion: 0
17:06:48,888  INFO main:403 - Rechazados: 20
17:06:48,888  INFO main:413 - Individuo Solucion: {17,1,14,9,2,13,8,18,0,7,3,4,19,12,10,5,15,16,11,6}

17:06:48,888  INFO main:414 - *****************************************************
17:06:48,888  INFO main:416 - Tiempo AGP: 128
17:06:48,888  INFO main:417 - Promedio Final: 19
17:06:48,888  INFO main:418 - Promedio Generaciones: 0
17:06:48,888  INFO main:420 - *****************Resultados********************
17:06:48,888  INFO main:422 - result: 19.0
17:06:48,888  INFO main:422 - result: 19.0
17:06:48,888  INFO main:422 - result: 19.0
17:06:48,888  INFO main:422 - result: 19.0
17:06:48,888  INFO main:422 - result: 19.0
17:06:48,888  INFO main:422 - result: 19.0
17:06:48,889  INFO main:422 - result: 19.0
17:06:48,889  INFO main:422 - result: 19.0
17:06:48,889  INFO main:422 - result: 19.0
17:06:48,889  INFO main:422 - result: 19.0
17:06:48,889  INFO main:422 - result: 19.0
17:06:48,889  INFO main:422 - result: 19.0
17:06:48,889  INFO main:422 - result: 19.0
17:06:48,889  INFO main:422 - result: 19.0
17:06:48,889  INFO main:422 - result: 19.0
17:06:48,889  INFO main:422 - result: 19.0
17:06:48,889  INFO main:422 - result: 19.0
17:06:48,889  INFO main:422 - result: 19.0
17:06:48,889  INFO main:422 - result: 19.0
17:06:48,889  INFO main:422 - result: 19.0
17:06:48,890  INFO main:422 - result: 19.0
17:06:48,890  INFO main:422 - result: 19.0
17:06:48,890  INFO main:422 - result: 19.0
17:06:48,890  INFO main:422 - result: 19.0
17:06:48,890  INFO main:422 - result: 19.0
17:06:48,890  INFO main:422 - result: 19.0
17:06:48,890  INFO main:422 - result: 19.0
17:06:48,890  INFO main:422 - result: 19.0
17:06:48,890  INFO main:422 - result: 19.0
17:06:48,890  INFO main:422 - result: 19.0
17:06:48,890  INFO main:424 - *****************Generaciones********************
17:06:48,890  INFO main:426 - Generacion: 0
17:06:48,890  INFO main:426 - Generacion: 0
17:06:48,890  INFO main:426 - Generacion: 0
17:06:48,891  INFO main:426 - Generacion: 0
17:06:48,891  INFO main:426 - Generacion: 0
17:06:48,891  INFO main:426 - Generacion: 0
17:06:48,891  INFO main:426 - Generacion: 0
17:06:48,891  INFO main:426 - Generacion: 0
17:06:48,891  INFO main:426 - Generacion: 0
17:06:48,891  INFO main:426 - Generacion: 0
17:06:48,891  INFO main:426 - Generacion: 0
17:06:48,891  INFO main:426 - Generacion: 0
17:06:48,891  INFO main:426 - Generacion: 0
17:06:48,891  INFO main:426 - Generacion: 0
17:06:48,891  INFO main:426 - Generacion: 0
17:06:48,891  INFO main:426 - Generacion: 0
17:06:48,891  INFO main:426 - Generacion: 0
17:06:48,891  INFO main:426 - Generacion: 0
17:06:48,891  INFO main:426 - Generacion: 0
17:06:48,892  INFO main:426 - Generacion: 0
17:06:48,892  INFO main:426 - Generacion: 0
17:06:48,892  INFO main:426 - Generacion: 0
17:06:48,892  INFO main:426 - Generacion: 0
17:06:48,892  INFO main:426 - Generacion: 0
17:06:48,892  INFO main:426 - Generacion: 0
17:06:48,892  INFO main:426 - Generacion: 0
17:06:48,892  INFO main:426 - Generacion: 0
17:06:48,892  INFO main:426 - Generacion: 0
17:06:48,892  INFO main:426 - Generacion: 0
17:06:48,892  INFO main:426 - Generacion: 0
