23:07:31,942  INFO main:168 - Logueando
23:08:24,933  INFO main:361 - ****************Corrida 0 ************************
23:08:24,933  INFO main:362 - Fitness solucion: 24.0
23:08:24,933  INFO main:363 - Indice: 27
23:08:24,933  INFO main:364 - Generacion: 0
23:08:24,933  INFO main:374 - Individuo Solucion: {5,4,44,22,8,88,29,69,15,28,82,33,1,25,86,16,31,9,75,13,58,35,89,77,2,40,79,70,81,30,18,24,37,20,23,10,87,12,53,84,66,51,46,62,14,45,47,74,55,83,6,85,3,41,56,38,27,54,0,17,21,61,78,80,32,36,19,48,71,11,57,7,39,49,52,72,73,34,50,68,42,59,63,64,60,43,26,65,67,76}

23:08:24,933  INFO main:375 - *****************************************************
23:08:25,661  INFO main:361 - ****************Corrida 1 ************************
23:08:25,662  INFO main:362 - Fitness solucion: 24.0
23:08:25,662  INFO main:363 - Indice: 30
23:08:25,662  INFO main:364 - Generacion: 0
23:08:25,662  INFO main:374 - Individuo Solucion: {10,37,1,17,9,82,61,66,23,11,84,74,16,15,43,87,8,6,5,7,47,13,22,78,59,38,40,35,20,25,88,29,24,12,41,81,2,18,45,48,3,65,39,54,33,77,46,86,62,76,75,42,14,85,51,44,52,70,31,89,57,49,71,32,53,69,63,68,79,72,34,64,27,58,4,19,30,73,0,56,55,80,60,28,36,50,26,21,67,83}

23:08:25,662  INFO main:375 - *****************************************************
23:08:26,376  INFO main:361 - ****************Corrida 2 ************************
23:08:26,376  INFO main:362 - Fitness solucion: 24.0
23:08:26,377  INFO main:363 - Indice: 30
23:08:26,377  INFO main:364 - Generacion: 0
23:08:26,377  INFO main:374 - Individuo Solucion: {13,3,25,79,28,76,66,4,87,7,1,74,86,72,71,15,27,45,40,70,5,36,78,8,56,48,60,51,55,46,24,23,85,80,14,9,50,65,38,34,12,2,32,31,30,29,43,47,6,22,10,81,62,16,17,37,33,73,59,20,52,41,77,42,61,11,88,68,69,21,35,49,19,0,89,58,53,75,18,67,63,39,44,82,84,57,54,83,26,64}

23:08:26,377  INFO main:375 - *****************************************************
23:08:27,089  INFO main:361 - ****************Corrida 3 ************************
23:08:27,089  INFO main:362 - Fitness solucion: 24.0
23:08:27,089  INFO main:363 - Indice: 27
23:08:27,089  INFO main:364 - Generacion: 0
23:08:27,090  INFO main:374 - Individuo Solucion: {3,52,68,51,6,13,32,85,38,82,58,42,26,18,39,34,20,44,8,49,9,84,45,33,81,73,30,37,53,70,11,62,40,88,47,46,1,60,83,76,29,22,41,66,67,35,16,74,15,71,72,50,57,86,63,23,77,2,25,56,75,54,4,27,89,79,7,78,69,48,28,5,55,65,43,80,31,12,87,10,59,14,64,17,61,36,19,0,24,21}

23:08:27,090  INFO main:375 - *****************************************************
23:08:27,806  INFO main:361 - ****************Corrida 4 ************************
23:08:27,807  INFO main:362 - Fitness solucion: 24.0
23:08:27,807  INFO main:363 - Indice: 30
23:08:27,807  INFO main:364 - Generacion: 0
23:08:27,807  INFO main:374 - Individuo Solucion: {14,78,56,65,5,88,11,8,52,37,53,0,13,83,40,76,20,17,36,89,49,3,71,60,9,12,45,29,18,72,25,7,67,47,68,22,50,61,27,1,69,30,4,28,32,70,26,31,24,44,46,57,41,19,73,33,64,16,82,21,34,10,38,2,6,48,59,51,23,63,77,66,81,39,79,43,80,54,58,86,15,55,87,74,42,62,85,84,75,35}

23:08:27,807  INFO main:375 - *****************************************************
23:08:28,522  INFO main:361 - ****************Corrida 5 ************************
23:08:28,523  INFO main:362 - Fitness solucion: 24.0
23:08:28,523  INFO main:363 - Indice: 28
23:08:28,523  INFO main:364 - Generacion: 0
23:08:28,523  INFO main:374 - Individuo Solucion: {70,17,64,7,14,77,74,31,71,20,35,53,40,23,15,6,32,3,28,82,36,11,47,59,78,22,80,29,33,0,5,67,13,2,26,81,62,41,12,87,89,39,84,38,79,76,27,56,55,24,44,49,9,37,21,48,68,19,10,8,54,16,83,57,88,46,25,51,18,85,42,58,75,1,52,60,66,86,30,34,61,43,72,50,65,45,63,69,4,73}

23:08:28,523  INFO main:375 - *****************************************************
23:08:29,242  INFO main:361 - ****************Corrida 6 ************************
23:08:29,242  INFO main:362 - Fitness solucion: 24.0
23:08:29,243  INFO main:363 - Indice: 28
23:08:29,243  INFO main:364 - Generacion: 0
23:08:29,243  INFO main:374 - Individuo Solucion: {0,63,5,81,14,30,17,27,10,41,15,49,79,50,89,42,67,12,19,84,23,9,24,83,28,88,26,29,46,86,80,37,47,35,61,39,40,68,45,43,56,25,51,16,73,78,21,18,6,60,58,57,20,59,8,1,70,72,76,52,75,13,34,74,62,77,69,22,33,66,65,54,31,85,64,36,11,82,44,4,7,32,3,2,87,53,38,55,71,48}

23:08:29,243  INFO main:375 - *****************************************************
23:08:29,959  INFO main:361 - ****************Corrida 7 ************************
23:08:29,959  INFO main:362 - Fitness solucion: 24.0
23:08:29,959  INFO main:363 - Indice: 28
23:08:29,959  INFO main:364 - Generacion: 0
23:08:29,959  INFO main:374 - Individuo Solucion: {9,8,18,1,11,53,28,60,77,46,7,10,47,61,83,12,25,88,31,76,36,65,15,16,20,33,41,85,38,64,35,45,49,58,34,43,5,27,57,0,6,2,14,74,3,17,22,66,80,44,59,89,56,24,55,86,4,19,30,42,39,26,81,29,13,79,78,37,70,87,82,48,84,75,50,69,71,40,72,51,68,52,73,23,67,62,63,54,21,32}

23:08:29,959  INFO main:375 - *****************************************************
23:08:30,671  INFO main:361 - ****************Corrida 8 ************************
23:08:30,671  INFO main:362 - Fitness solucion: 24.0
23:08:30,671  INFO main:363 - Indice: 26
23:08:30,671  INFO main:364 - Generacion: 0
23:08:30,671  INFO main:374 - Individuo Solucion: {63,4,47,73,28,0,41,3,83,6,12,23,25,65,89,81,2,15,11,17,50,7,36,13,77,64,76,86,32,34,70,16,79,84,49,54,44,27,14,80,53,8,38,68,51,39,24,43,31,45,57,88,1,87,35,74,18,26,85,82,40,30,56,52,61,59,37,42,46,19,62,20,21,9,60,75,5,69,71,67,72,66,33,29,78,48,22,10,55,58}

23:08:30,672  INFO main:375 - *****************************************************
23:08:31,382  INFO main:361 - ****************Corrida 9 ************************
23:08:31,382  INFO main:362 - Fitness solucion: 24.0
23:08:31,382  INFO main:363 - Indice: 27
23:08:31,382  INFO main:364 - Generacion: 0
23:08:31,382  INFO main:374 - Individuo Solucion: {1,4,57,0,81,79,77,15,9,23,47,37,76,67,86,18,8,24,54,74,17,30,19,21,26,66,28,3,41,89,88,16,84,49,46,34,43,71,12,78,87,82,10,56,40,20,68,32,45,11,55,65,50,70,64,2,36,59,13,33,39,53,5,35,6,63,62,7,38,51,60,61,22,25,27,31,69,73,85,83,80,75,44,42,48,72,58,29,52,14}

23:08:31,382  INFO main:375 - *****************************************************
23:08:32,093  INFO main:361 - ****************Corrida 10 ************************
23:08:32,094  INFO main:362 - Fitness solucion: 24.0
23:08:32,094  INFO main:363 - Indice: 27
23:08:32,094  INFO main:364 - Generacion: 0
23:08:32,094  INFO main:374 - Individuo Solucion: {27,24,41,73,49,55,3,11,33,38,85,7,44,9,2,25,77,0,18,29,37,84,21,56,20,22,89,80,8,52,15,63,12,43,88,40,4,32,72,54,36,78,5,65,42,45,39,1,86,30,28,81,51,6,31,60,83,76,82,67,75,62,66,64,23,17,79,34,35,46,16,47,50,48,61,57,70,69,71,53,13,14,58,68,59,10,74,19,26,87}

23:08:32,094  INFO main:375 - *****************************************************
23:08:32,812  INFO main:361 - ****************Corrida 11 ************************
23:08:32,812  INFO main:362 - Fitness solucion: 24.0
23:08:32,812  INFO main:363 - Indice: 31
23:08:32,815  INFO main:364 - Generacion: 0
23:08:32,815  INFO main:374 - Individuo Solucion: {54,12,13,5,15,9,30,8,0,51,11,59,26,73,3,44,74,4,46,31,34,82,27,49,21,20,57,2,33,48,55,24,42,71,84,86,87,67,43,40,7,28,58,64,89,70,72,37,22,1,47,62,65,32,17,50,39,23,19,14,85,38,68,16,66,41,69,35,25,45,6,81,76,75,61,63,36,78,53,52,18,56,83,29,80,88,77,10,79,60}

23:08:32,815  INFO main:375 - *****************************************************
23:08:33,529  INFO main:361 - ****************Corrida 12 ************************
23:08:33,530  INFO main:362 - Fitness solucion: 24.0
23:08:33,530  INFO main:363 - Indice: 27
23:08:33,530  INFO main:364 - Generacion: 0
23:08:33,530  INFO main:374 - Individuo Solucion: {53,0,8,52,7,14,32,65,13,4,26,75,19,57,79,78,18,87,33,24,40,45,35,11,31,63,16,2,1,77,15,62,28,46,27,51,21,47,25,89,71,12,58,20,9,85,41,61,56,81,48,23,76,43,38,34,59,64,44,39,67,74,37,54,82,49,66,73,50,83,5,68,86,70,22,36,10,55,69,3,80,29,60,6,88,42,84,17,30,72}

23:08:33,530  INFO main:375 - *****************************************************
23:08:34,241  INFO main:361 - ****************Corrida 13 ************************
23:08:34,242  INFO main:362 - Fitness solucion: 24.0
23:08:34,242  INFO main:363 - Indice: 30
23:08:34,242  INFO main:364 - Generacion: 0
23:08:34,242  INFO main:374 - Individuo Solucion: {48,59,34,1,86,43,11,36,51,23,12,13,50,9,62,47,10,28,15,29,5,89,24,40,17,84,16,26,22,58,67,75,71,82,53,77,8,68,70,73,39,79,7,54,65,46,31,78,56,19,21,35,85,52,60,3,72,41,81,37,63,2,49,61,6,66,27,69,45,42,18,30,4,20,33,74,0,76,44,88,38,87,83,32,80,57,55,25,14,64}

23:08:34,242  INFO main:375 - *****************************************************
23:08:34,951  INFO main:361 - ****************Corrida 14 ************************
23:08:34,951  INFO main:362 - Fitness solucion: 24.0
23:08:34,951  INFO main:363 - Indice: 30
23:08:34,952  INFO main:364 - Generacion: 0
23:08:34,952  INFO main:374 - Individuo Solucion: {61,73,32,2,6,4,1,72,86,13,8,12,87,57,89,25,18,23,20,22,77,44,33,66,35,31,7,75,29,27,64,3,67,39,16,37,0,80,59,47,46,15,28,42,70,55,19,51,88,34,78,5,79,30,56,48,24,50,83,10,52,41,65,71,81,63,14,58,49,53,36,21,17,76,68,62,9,60,26,82,11,84,40,85,69,54,45,38,43,74}

23:08:34,952  INFO main:375 - *****************************************************
23:08:35,661  INFO main:361 - ****************Corrida 15 ************************
23:08:35,661  INFO main:362 - Fitness solucion: 24.0
23:08:35,661  INFO main:363 - Indice: 27
23:08:35,661  INFO main:364 - Generacion: 0
23:08:35,662  INFO main:374 - Individuo Solucion: {13,14,51,62,66,9,87,28,82,11,0,84,88,8,78,73,80,15,56,22,16,36,20,72,33,44,70,2,17,26,27,31,24,76,42,79,18,85,54,30,37,49,77,69,6,40,71,59,65,7,4,60,25,41,55,83,52,35,38,89,53,19,3,64,10,12,81,63,50,67,1,57,32,43,39,21,23,46,48,61,75,68,74,47,29,45,5,58,86,34}

23:08:35,662  INFO main:375 - *****************************************************
23:08:36,370  INFO main:361 - ****************Corrida 16 ************************
23:08:36,370  INFO main:362 - Fitness solucion: 24.0
23:08:36,371  INFO main:363 - Indice: 27
23:08:36,371  INFO main:364 - Generacion: 0
23:08:36,371  INFO main:374 - Individuo Solucion: {5,79,78,45,34,8,12,7,70,2,1,49,16,28,51,11,85,76,74,40,66,10,19,43,46,84,4,21,72,39,32,3,13,37,63,68,20,56,47,67,26,14,65,75,35,69,44,17,9,0,88,73,25,77,36,52,54,29,80,48,55,38,15,71,31,59,64,24,58,61,42,53,60,41,82,18,30,62,23,83,27,50,22,33,89,57,81,6,86,87}

23:08:36,371  INFO main:375 - *****************************************************
23:08:37,082  INFO main:361 - ****************Corrida 17 ************************
23:08:37,083  INFO main:362 - Fitness solucion: 24.0
23:08:37,083  INFO main:363 - Indice: 29
23:08:37,083  INFO main:364 - Generacion: 0
23:08:37,083  INFO main:374 - Individuo Solucion: {28,4,0,18,41,77,49,6,2,71,7,11,16,26,5,54,3,40,25,83,1,68,31,15,60,74,24,20,75,80,29,22,43,42,23,8,38,35,19,72,44,86,85,12,46,56,21,65,53,37,9,78,81,27,48,30,84,34,14,63,13,33,39,57,66,55,88,17,52,47,64,51,62,89,61,45,73,87,10,36,67,76,32,59,50,79,70,58,69,82}

23:08:37,083  INFO main:375 - *****************************************************
23:08:37,797  INFO main:361 - ****************Corrida 18 ************************
23:08:37,797  INFO main:362 - Fitness solucion: 24.0
23:08:37,797  INFO main:363 - Indice: 30
23:08:37,797  INFO main:364 - Generacion: 0
23:08:37,798  INFO main:374 - Individuo Solucion: {88,3,9,37,63,60,83,5,72,80,6,59,13,52,41,4,39,54,36,70,23,64,10,22,75,56,30,29,17,69,25,45,0,40,15,46,35,28,62,16,49,11,31,24,1,51,26,89,7,21,79,34,27,44,48,84,58,67,18,53,42,12,20,50,74,47,86,43,82,87,73,65,77,55,32,76,33,66,14,8,38,85,19,78,71,61,81,68,2,57}

23:08:37,798  INFO main:375 - *****************************************************
23:08:38,507  INFO main:361 - ****************Corrida 19 ************************
23:08:38,507  INFO main:362 - Fitness solucion: 24.0
23:08:38,507  INFO main:363 - Indice: 27
23:08:38,507  INFO main:364 - Generacion: 0
23:08:38,507  INFO main:374 - Individuo Solucion: {61,85,6,46,60,24,12,54,70,73,0,17,83,59,16,11,82,72,32,31,14,18,34,74,20,64,45,7,65,25,21,42,28,33,19,56,66,76,1,50,35,38,58,43,23,37,81,51,63,22,47,44,3,26,89,30,53,69,52,9,13,41,49,48,78,27,5,40,4,88,55,36,87,79,68,39,8,57,62,2,10,77,67,15,29,84,80,86,71,75}

23:08:38,508  INFO main:375 - *****************************************************
23:08:39,219  INFO main:361 - ****************Corrida 20 ************************
23:08:39,219  INFO main:362 - Fitness solucion: 24.0
23:08:39,219  INFO main:363 - Indice: 29
23:08:39,219  INFO main:364 - Generacion: 0
23:08:39,220  INFO main:374 - Individuo Solucion: {1,7,15,46,9,24,38,2,70,28,21,76,48,13,87,16,40,8,29,83,72,74,31,26,82,67,5,44,84,14,37,34,79,32,59,86,49,61,88,81,12,23,77,20,3,58,10,60,41,18,17,51,65,80,63,56,53,27,66,89,50,62,69,43,47,42,85,73,19,78,54,45,68,71,75,52,35,36,6,0,57,22,25,4,30,33,11,55,39,64}

23:08:39,220  INFO main:375 - *****************************************************
23:08:39,930  INFO main:361 - ****************Corrida 21 ************************
23:08:39,930  INFO main:362 - Fitness solucion: 24.0
23:08:39,930  INFO main:363 - Indice: 28
23:08:39,930  INFO main:364 - Generacion: 0
23:08:39,930  INFO main:374 - Individuo Solucion: {72,65,5,2,6,42,11,0,69,63,59,21,19,86,44,12,1,41,37,15,83,8,61,3,13,36,43,68,79,75,30,76,26,9,54,32,38,74,27,80,50,49,55,35,25,85,22,57,16,7,24,62,33,34,56,66,52,88,78,60,20,40,82,84,46,45,77,87,14,47,70,53,73,29,89,18,28,64,67,10,4,31,48,39,17,51,58,23,81,71}

23:08:39,930  INFO main:375 - *****************************************************
23:08:40,639  INFO main:361 - ****************Corrida 22 ************************
23:08:40,639  INFO main:362 - Fitness solucion: 24.0
23:08:40,639  INFO main:363 - Indice: 27
23:08:40,639  INFO main:364 - Generacion: 0
23:08:40,639  INFO main:374 - Individuo Solucion: {66,59,37,86,69,14,12,40,8,58,13,27,0,83,55,61,21,30,51,15,7,19,1,89,10,26,65,9,77,34,28,42,31,44,72,63,20,46,2,79,6,73,36,33,82,23,17,4,16,11,18,32,84,78,3,70,50,41,53,24,75,22,47,68,85,25,5,39,87,76,54,67,57,56,71,48,29,64,43,38,52,60,62,49,74,45,35,80,81,88}

23:08:40,639  INFO main:375 - *****************************************************
23:08:41,356  INFO main:361 - ****************Corrida 23 ************************
23:08:41,356  INFO main:362 - Fitness solucion: 24.0
23:08:41,356  INFO main:363 - Indice: 29
23:08:41,356  INFO main:364 - Generacion: 0
23:08:41,356  INFO main:374 - Individuo Solucion: {47,1,65,75,5,49,28,78,14,7,10,59,0,13,52,6,38,22,17,63,80,84,11,30,26,64,9,62,18,40,81,32,76,35,56,31,72,60,15,82,89,46,69,71,2,16,45,53,42,55,50,85,54,19,27,24,4,8,88,86,57,29,3,51,74,20,61,39,12,23,83,44,34,87,79,43,70,66,48,36,67,33,73,41,25,58,68,77,21,37}

23:08:41,357  INFO main:375 - *****************************************************
23:08:42,066  INFO main:361 - ****************Corrida 24 ************************
23:08:42,066  INFO main:362 - Fitness solucion: 24.0
23:08:42,066  INFO main:363 - Indice: 29
23:08:42,066  INFO main:364 - Generacion: 0
23:08:42,067  INFO main:374 - Individuo Solucion: {69,83,0,3,48,75,74,8,54,15,4,21,27,72,13,17,77,64,60,2,10,40,88,20,5,34,19,1,6,41,65,42,39,25,18,14,63,28,33,7,58,56,9,46,31,43,86,50,44,24,84,87,11,30,36,22,35,80,71,51,70,59,82,68,53,81,55,67,78,85,45,57,89,73,52,12,26,32,62,29,16,37,38,61,79,47,66,76,49,23}

23:08:42,067  INFO main:375 - *****************************************************
23:08:42,784  INFO main:361 - ****************Corrida 25 ************************
23:08:42,785  INFO main:362 - Fitness solucion: 24.0
23:08:42,785  INFO main:363 - Indice: 30
23:08:42,785  INFO main:364 - Generacion: 0
23:08:42,785  INFO main:374 - Individuo Solucion: {51,14,34,1,69,26,12,8,29,59,84,17,38,48,0,46,64,81,15,10,16,43,68,42,19,83,50,2,13,18,55,75,9,72,44,87,65,27,76,37,60,6,11,86,53,70,56,79,80,49,35,20,88,23,85,57,36,30,3,32,41,33,52,47,61,74,40,45,66,31,21,39,28,25,4,77,7,71,22,73,5,89,82,24,54,62,58,63,78,67}

23:08:42,785  INFO main:375 - *****************************************************
23:08:43,500  INFO main:361 - ****************Corrida 26 ************************
23:08:43,500  INFO main:362 - Fitness solucion: 24.0
23:08:43,500  INFO main:363 - Indice: 29
23:08:43,500  INFO main:364 - Generacion: 0
23:08:43,500  INFO main:374 - Individuo Solucion: {0,78,55,83,1,9,57,11,19,14,31,8,77,15,2,23,50,75,35,34,38,46,47,29,16,63,7,21,42,88,89,44,60,45,28,43,25,20,18,80,36,56,37,58,52,49,51,84,27,32,24,82,17,41,6,79,68,67,61,12,39,4,70,62,66,22,76,72,81,64,85,53,40,48,74,54,30,26,71,13,59,87,33,69,73,5,3,10,86,65}

23:08:43,500  INFO main:375 - *****************************************************
23:08:44,209  INFO main:361 - ****************Corrida 27 ************************
23:08:44,210  INFO main:362 - Fitness solucion: 24.0
23:08:44,210  INFO main:363 - Indice: 25
23:08:44,210  INFO main:364 - Generacion: 0
23:08:44,210  INFO main:374 - Individuo Solucion: {84,0,72,18,73,71,10,63,23,30,88,7,8,83,25,87,26,24,9,1,70,85,6,61,22,3,53,35,67,74,32,31,20,52,40,5,34,69,45,37,11,86,41,47,46,28,57,43,51,15,65,2,13,42,60,78,19,17,36,16,62,75,66,29,14,54,89,55,12,49,81,4,39,77,48,33,50,82,79,44,27,64,76,21,80,58,59,68,38,56}

23:08:44,210  INFO main:375 - *****************************************************
23:08:44,919  INFO main:361 - ****************Corrida 28 ************************
23:08:44,919  INFO main:362 - Fitness solucion: 24.0
23:08:44,919  INFO main:363 - Indice: 28
23:08:44,919  INFO main:364 - Generacion: 0
23:08:44,919  INFO main:374 - Individuo Solucion: {7,84,6,1,87,9,13,2,85,73,70,81,15,32,76,10,79,60,25,52,34,42,49,27,48,55,51,58,53,47,69,30,31,61,56,59,40,16,71,74,18,0,19,38,63,45,5,3,80,8,22,4,44,75,65,11,57,64,68,17,35,29,14,39,28,77,88,62,66,72,24,43,83,41,37,54,23,26,33,12,89,86,36,20,67,50,21,78,82,46}

23:08:44,919  INFO main:375 - *****************************************************
23:08:45,626  INFO main:361 - ****************Corrida 29 ************************
23:08:45,626  INFO main:362 - Fitness solucion: 24.0
23:08:45,626  INFO main:363 - Indice: 31
23:08:45,626  INFO main:364 - Generacion: 0
23:08:45,626  INFO main:374 - Individuo Solucion: {78,1,13,11,10,17,88,27,79,35,52,68,7,24,9,5,48,63,51,4,70,30,66,82,37,18,16,49,23,33,8,20,34,14,80,40,41,58,71,38,12,43,47,25,59,67,6,29,32,22,3,39,19,77,21,81,60,56,89,62,57,76,69,44,28,85,74,65,2,36,50,0,64,75,46,53,54,26,73,72,61,15,31,87,86,42,45,83,84,55}

23:08:45,627  INFO main:375 - *****************************************************
23:08:45,627  INFO main:377 - Tiempo AGP: 758
23:08:45,627  INFO main:378 - Promedio Final: 24
23:08:45,627  INFO main:379 - Promedio Generaciones: 0
23:08:45,627  INFO main:381 - *****************Resultados********************
23:08:45,627  INFO main:383 - result: 24.0
23:08:45,627  INFO main:383 - result: 24.0
23:08:45,627  INFO main:383 - result: 24.0
23:08:45,627  INFO main:383 - result: 24.0
23:08:45,627  INFO main:383 - result: 24.0
23:08:45,628  INFO main:383 - result: 24.0
23:08:45,628  INFO main:383 - result: 24.0
23:08:45,628  INFO main:383 - result: 24.0
23:08:45,628  INFO main:383 - result: 24.0
23:08:45,628  INFO main:383 - result: 24.0
23:08:45,628  INFO main:383 - result: 24.0
23:08:45,628  INFO main:383 - result: 24.0
23:08:45,628  INFO main:383 - result: 24.0
23:08:45,628  INFO main:383 - result: 24.0
23:08:45,628  INFO main:383 - result: 24.0
23:08:45,628  INFO main:383 - result: 24.0
23:08:45,629  INFO main:383 - result: 24.0
23:08:45,629  INFO main:383 - result: 24.0
23:08:45,629  INFO main:383 - result: 24.0
23:08:45,629  INFO main:383 - result: 24.0
23:08:45,629  INFO main:383 - result: 24.0
23:08:45,629  INFO main:383 - result: 24.0
23:08:45,629  INFO main:383 - result: 24.0
23:08:45,629  INFO main:383 - result: 24.0
23:08:45,629  INFO main:383 - result: 24.0
23:08:45,629  INFO main:383 - result: 24.0
23:08:45,630  INFO main:383 - result: 24.0
23:08:45,630  INFO main:383 - result: 24.0
23:08:45,630  INFO main:383 - result: 24.0
23:08:45,630  INFO main:383 - result: 24.0
23:08:45,630  INFO main:385 - *****************Generaciones********************
23:08:45,630  INFO main:387 - Generacion: 0
23:08:45,630  INFO main:387 - Generacion: 0
23:08:45,630  INFO main:387 - Generacion: 0
23:08:45,631  INFO main:387 - Generacion: 0
23:08:45,631  INFO main:387 - Generacion: 0
23:08:45,631  INFO main:387 - Generacion: 0
23:08:45,631  INFO main:387 - Generacion: 0
23:08:45,631  INFO main:387 - Generacion: 0
23:08:45,631  INFO main:387 - Generacion: 0
23:08:45,631  INFO main:387 - Generacion: 0
23:08:45,632  INFO main:387 - Generacion: 0
23:08:45,632  INFO main:387 - Generacion: 0
23:08:45,632  INFO main:387 - Generacion: 0
23:08:45,632  INFO main:387 - Generacion: 0
23:08:45,632  INFO main:387 - Generacion: 0
23:08:45,632  INFO main:387 - Generacion: 0
23:08:45,632  INFO main:387 - Generacion: 0
23:08:45,632  INFO main:387 - Generacion: 0
23:08:45,633  INFO main:387 - Generacion: 0
23:08:45,633  INFO main:387 - Generacion: 0
23:08:45,633  INFO main:387 - Generacion: 0
23:08:45,633  INFO main:387 - Generacion: 0
23:08:45,633  INFO main:387 - Generacion: 0
23:08:45,633  INFO main:387 - Generacion: 0
23:08:45,633  INFO main:387 - Generacion: 0
23:08:45,633  INFO main:387 - Generacion: 0
23:08:45,633  INFO main:387 - Generacion: 0
23:08:45,633  INFO main:387 - Generacion: 0
23:08:45,634  INFO main:387 - Generacion: 0
23:08:45,634  INFO main:387 - Generacion: 0
