21:40:33,055  INFO main:168 - Logueando
21:41:43,386  INFO main:300 - Tiempo PreCalculo: 70330
21:41:43,386  INFO main:387 - ****************AG PERMUTACION****************
21:41:44,172  INFO main:401 - ****************Corrida 0 ************************
21:41:44,172  INFO main:402 - Fitness solucion: 30.0
21:41:44,172  INFO main:403 - Indice: 33
21:41:44,172  INFO main:404 - Generacion: 1
21:41:44,172  INFO main:405 - Rechazados: 32
21:41:44,172  INFO main:417 - Individuo Solucion: {100,139,149,12,30,80,94,82,36,112,97,38,40,27,99,7,0,145,1,26,19,22,107,50,74,104,29,15,110,65,49,147,6,34,54,117,90,13,32,70,133,101,79,23,41,142,11,58,144,18,53,51,135,85,42,55,35,66,63,137,37,24,25,17,8,62,114,28,78,39,106,46,130,113,88,76,115,77,83,121,61,3,71,9,33,14,131,146,81,21,10,47,132,127,102,108,69,92,95,60,105,116,67,48,56,2,87,134,72,128,43,103,148,86,140,64,57,118,59,5,138,31,91,93,120,44,109,75,84,129,125,143,89,73,68,119,52,16,96,45,141,122,124,136,20,4,123,111,126,98}

21:41:44,173  INFO main:418 - *****************************************************
21:41:44,497  INFO main:401 - ****************Corrida 1 ************************
21:41:44,497  INFO main:402 - Fitness solucion: 30.0
21:41:44,497  INFO main:403 - Indice: 33
21:41:44,497  INFO main:404 - Generacion: 0
21:41:44,498  INFO main:405 - Rechazados: 35
21:41:44,498  INFO main:417 - Individuo Solucion: {149,15,8,138,28,50,2,112,93,22,75,17,139,48,44,57,69,148,23,84,119,59,125,97,80,127,111,122,61,19,46,53,56,74,115,41,141,33,103,96,63,113,1,83,126,47,16,4,66,14,5,124,129,64,7,70,10,78,85,38,49,114,65,51,35,40,99,29,88,144,34,25,54,43,45,0,145,76,107,87,77,105,18,92,143,24,71,62,123,67,39,55,9,91,104,140,81,136,94,89,95,68,98,82,86,100,132,134,128,32,72,120,142,26,36,20,42,131,102,130,121,133,110,27,137,31,118,135,90,147,109,101,37,21,13,30,60,108,79,12,146,58,73,6,116,117,52,3,106,11}

21:41:44,498  INFO main:418 - *****************************************************
21:41:44,741  INFO main:401 - ****************Corrida 2 ************************
21:41:44,741  INFO main:402 - Fitness solucion: 30.0
21:41:44,741  INFO main:403 - Indice: 33
21:41:44,741  INFO main:404 - Generacion: 2
21:41:44,741  INFO main:405 - Rechazados: 33
21:41:44,742  INFO main:417 - Individuo Solucion: {138,18,4,1,115,36,24,73,111,70,30,2,136,5,140,56,118,114,40,146,59,43,60,49,39,120,75,50,148,147,81,71,19,89,68,0,86,46,91,28,124,119,8,27,145,74,85,149,77,29,41,15,123,88,23,52,37,101,72,134,78,127,42,67,83,20,35,34,76,128,66,22,53,69,141,93,95,139,33,58,112,9,11,64,48,7,63,21,17,137,107,31,26,98,84,135,92,47,65,133,16,45,25,105,6,12,130,143,99,110,87,57,14,132,90,116,38,126,97,100,113,61,121,102,32,51,117,62,144,96,44,106,125,54,108,3,142,10,80,131,129,94,104,79,122,55,13,103,82,109}

21:41:44,742  INFO main:418 - *****************************************************
21:41:44,984  INFO main:401 - ****************Corrida 3 ************************
21:41:44,985  INFO main:402 - Fitness solucion: 30.0
21:41:44,985  INFO main:403 - Indice: 33
21:41:44,985  INFO main:404 - Generacion: 2
21:41:44,985  INFO main:405 - Rechazados: 32
21:41:44,985  INFO main:417 - Individuo Solucion: {23,137,20,130,39,50,146,26,52,138,112,97,60,148,94,12,141,55,144,38,109,61,82,10,58,15,91,2,133,44,79,147,110,70,11,66,46,37,21,54,28,93,9,88,135,19,125,45,111,14,27,47,24,5,53,1,7,129,34,22,145,35,118,107,139,120,65,126,134,124,143,57,86,84,106,90,87,30,119,33,72,8,43,100,81,128,136,92,103,49,62,85,78,68,99,117,149,96,40,69,127,132,51,80,115,108,25,116,95,77,140,89,59,18,63,83,0,73,76,114,64,71,17,75,36,131,74,16,4,105,6,13,102,32,113,122,142,101,98,67,104,123,121,48,31,3,56,41,42,29}

21:41:44,985  INFO main:418 - *****************************************************
21:41:45,229  INFO main:401 - ****************Corrida 4 ************************
21:41:45,229  INFO main:402 - Fitness solucion: 30.0
21:41:45,229  INFO main:403 - Indice: 33
21:41:45,229  INFO main:404 - Generacion: 1
21:41:45,230  INFO main:405 - Rechazados: 33
21:41:45,230  INFO main:417 - Individuo Solucion: {54,123,3,97,96,149,18,146,67,40,98,31,108,142,105,93,60,124,73,90,137,20,42,21,0,28,34,17,66,51,132,1,53,56,125,111,36,68,62,75,11,50,128,112,16,52,89,102,101,43,139,87,61,69,143,35,110,46,29,95,6,138,148,83,65,88,64,4,33,94,45,133,27,44,26,5,12,38,32,104,15,30,76,129,122,118,72,39,37,23,141,63,91,22,25,100,113,130,24,84,134,136,126,8,13,82,144,140,81,7,145,78,57,116,10,47,117,131,109,115,86,135,106,77,121,120,70,119,41,114,58,14,99,55,127,79,92,103,2,147,19,71,80,49,9,59,85,107,48,74}

21:41:45,230  INFO main:418 - *****************************************************
21:41:45,474  INFO main:401 - ****************Corrida 5 ************************
21:41:45,474  INFO main:402 - Fitness solucion: 31.0
21:41:45,474  INFO main:403 - Indice: 32
21:41:45,474  INFO main:404 - Generacion: 0
21:41:45,474  INFO main:405 - Rechazados: 37
21:41:45,474  INFO main:417 - Individuo Solucion: {10,73,144,146,13,147,7,2,37,4,58,38,59,135,148,33,68,3,12,143,98,29,94,44,47,140,17,50,78,18,100,141,25,32,132,19,80,64,24,109,70,22,28,66,40,72,35,52,106,62,21,60,96,111,8,77,149,69,91,20,55,39,97,51,5,125,67,120,103,104,130,48,81,142,71,65,90,101,138,56,105,115,113,85,63,34,134,6,30,45,88,82,1,124,76,145,131,31,83,95,133,117,9,75,41,23,61,11,15,93,36,118,110,137,119,84,14,53,27,79,136,112,123,89,107,54,129,0,102,126,86,108,43,26,49,57,16,121,74,87,128,42,92,99,127,116,139,122,46,114}

21:41:45,475  INFO main:418 - *****************************************************
21:41:45,713  INFO main:401 - ****************Corrida 6 ************************
21:41:45,713  INFO main:402 - Fitness solucion: 30.0
21:41:45,713  INFO main:403 - Indice: 32
21:41:45,713  INFO main:404 - Generacion: 0
21:41:45,716  INFO main:405 - Rechazados: 39
21:41:45,716  INFO main:417 - Individuo Solucion: {94,133,137,140,145,3,13,20,138,69,71,35,30,17,4,113,129,76,0,15,107,136,90,144,77,101,5,29,72,148,9,128,2,87,120,27,56,130,51,112,82,117,49,147,106,146,143,18,1,124,8,31,89,42,55,21,134,48,44,132,80,45,142,67,46,50,85,93,135,65,22,6,103,115,91,63,123,95,64,38,14,131,43,39,126,28,40,104,70,118,33,52,110,81,36,88,59,47,98,16,19,108,79,53,37,105,60,78,111,139,75,83,66,12,7,23,58,41,25,11,102,10,24,62,114,34,84,122,97,54,116,92,61,149,74,125,68,32,119,26,99,141,57,127,121,73,100,109,96,86}

21:41:45,716  INFO main:418 - *****************************************************
21:41:45,958  INFO main:401 - ****************Corrida 7 ************************
21:41:45,958  INFO main:402 - Fitness solucion: 31.0
21:41:45,958  INFO main:403 - Indice: 33
21:41:45,958  INFO main:404 - Generacion: 0
21:41:45,958  INFO main:405 - Rechazados: 36
21:41:45,958  INFO main:417 - Individuo Solucion: {149,6,109,96,58,123,7,71,2,112,20,32,130,19,138,136,75,125,88,113,120,124,43,148,65,39,12,22,4,56,33,73,16,42,0,38,93,47,48,26,135,90,118,110,104,72,52,29,141,45,60,21,53,126,143,76,142,18,114,115,99,70,15,40,121,27,1,11,69,89,8,63,84,146,108,85,57,50,111,28,55,10,31,81,25,34,66,144,13,101,80,127,59,79,23,61,92,74,44,116,49,107,68,97,62,41,119,54,133,82,139,87,131,147,137,106,3,86,35,30,100,77,129,5,117,105,17,103,132,36,9,14,128,24,134,67,140,145,46,122,95,98,83,94,64,78,102,37,51,91}

21:41:45,959  INFO main:418 - *****************************************************
21:41:46,197  INFO main:401 - ****************Corrida 8 ************************
21:41:46,197  INFO main:402 - Fitness solucion: 31.0
21:41:46,198  INFO main:403 - Indice: 33
21:41:46,198  INFO main:404 - Generacion: 0
21:41:46,198  INFO main:405 - Rechazados: 33
21:41:46,198  INFO main:417 - Individuo Solucion: {30,149,42,144,137,33,19,37,47,21,7,32,118,39,55,68,91,20,61,62,67,31,138,102,120,56,8,45,11,83,81,9,51,44,25,127,74,46,136,135,3,71,128,0,110,15,53,65,121,89,86,6,1,76,24,131,116,4,119,94,5,99,18,58,92,87,13,52,69,145,59,77,95,85,88,23,90,133,140,38,143,132,36,35,29,104,78,146,48,114,26,111,64,122,50,80,105,124,125,2,117,66,75,43,49,63,84,96,10,112,142,129,113,101,40,57,98,108,60,115,100,22,93,34,97,148,126,123,28,139,106,12,73,41,82,54,17,130,79,141,107,147,72,109,134,70,16,14,103,27}

21:41:46,198  INFO main:418 - *****************************************************
21:41:46,438  INFO main:401 - ****************Corrida 9 ************************
21:41:46,438  INFO main:402 - Fitness solucion: 30.0
21:41:46,439  INFO main:403 - Indice: 33
21:41:46,439  INFO main:404 - Generacion: 3
21:41:46,439  INFO main:405 - Rechazados: 34
21:41:46,439  INFO main:417 - Individuo Solucion: {2,123,108,144,141,10,71,15,33,55,9,120,21,85,125,45,39,34,142,22,146,84,137,74,19,31,148,24,27,17,119,128,3,87,50,8,64,102,66,11,61,134,63,38,53,106,103,138,60,76,30,0,25,143,57,58,83,20,1,145,129,54,149,69,140,37,42,12,126,48,5,18,40,88,75,104,62,91,47,4,93,73,43,36,29,122,80,82,41,72,7,114,65,70,94,14,6,59,23,35,86,101,56,32,115,95,111,26,105,124,49,78,90,52,97,81,92,107,118,51,135,117,99,67,100,44,130,46,28,139,112,116,77,127,147,13,131,96,121,16,110,136,98,133,79,132,89,109,113,68}

21:41:46,439  INFO main:418 - *****************************************************
21:41:46,680  INFO main:401 - ****************Corrida 10 ************************
21:41:46,680  INFO main:402 - Fitness solucion: 30.0
21:41:46,681  INFO main:403 - Indice: 33
21:41:46,681  INFO main:404 - Generacion: 2
21:41:46,681  INFO main:405 - Rechazados: 35
21:41:46,681  INFO main:417 - Individuo Solucion: {39,12,115,38,31,36,46,30,29,144,26,66,100,137,104,124,10,67,130,91,65,85,52,68,122,45,120,44,106,42,142,60,102,8,146,32,139,37,133,64,5,13,93,55,24,109,20,22,6,40,110,23,2,15,77,79,112,73,34,90,113,94,16,145,17,92,72,117,128,61,105,111,127,4,121,114,21,63,107,62,86,143,81,57,88,43,18,95,108,50,80,11,27,71,131,58,141,84,149,78,7,59,148,123,9,140,82,74,89,118,98,47,99,56,129,97,35,49,33,101,103,41,54,138,69,25,116,132,119,0,125,19,48,87,75,28,53,70,51,147,135,96,3,126,83,134,14,136,1,76}

21:41:46,681  INFO main:418 - *****************************************************
21:41:46,920  INFO main:401 - ****************Corrida 11 ************************
21:41:46,920  INFO main:402 - Fitness solucion: 30.0
21:41:46,920  INFO main:403 - Indice: 33
21:41:46,920  INFO main:404 - Generacion: 6
21:41:46,920  INFO main:405 - Rechazados: 36
21:41:46,920  INFO main:417 - Individuo Solucion: {48,7,131,107,77,6,32,91,56,145,54,9,89,122,39,33,36,120,139,24,41,64,124,50,143,43,21,142,93,20,49,8,17,31,29,136,82,68,19,38,44,11,76,127,121,101,79,110,106,15,117,45,125,0,65,102,146,149,97,112,1,40,126,27,34,144,16,55,57,84,133,114,147,42,67,10,46,88,135,71,35,118,75,22,28,47,12,87,78,59,109,25,14,73,86,23,72,95,61,53,2,99,138,18,37,4,62,105,103,92,132,70,5,128,94,85,63,52,129,96,123,104,13,3,51,58,108,90,115,80,69,130,83,100,111,141,26,148,134,98,140,113,81,66,116,119,74,30,60,137}

21:41:46,921  INFO main:418 - *****************************************************
21:41:47,163  INFO main:401 - ****************Corrida 12 ************************
21:41:47,164  INFO main:402 - Fitness solucion: 31.0
21:41:47,164  INFO main:403 - Indice: 33
21:41:47,164  INFO main:404 - Generacion: 0
21:41:47,164  INFO main:405 - Rechazados: 31
21:41:47,164  INFO main:417 - Individuo Solucion: {10,124,80,28,31,63,1,3,22,126,123,24,74,18,81,52,23,2,4,141,144,35,57,7,51,16,125,26,106,111,120,104,100,43,147,33,127,37,42,78,75,48,131,29,8,99,44,61,30,92,107,115,64,38,114,82,88,142,66,91,58,20,138,6,50,49,102,40,145,62,95,90,148,36,19,46,15,70,12,117,65,97,59,96,118,14,76,89,60,135,85,5,83,109,143,136,146,128,112,73,132,77,13,0,121,139,67,101,47,140,108,9,93,45,68,103,21,84,105,110,41,34,122,149,134,11,86,27,71,55,137,53,129,119,39,87,116,98,54,25,56,69,72,94,17,79,133,130,113,32}

21:41:47,164  INFO main:418 - *****************************************************
21:41:47,402  INFO main:401 - ****************Corrida 13 ************************
21:41:47,403  INFO main:402 - Fitness solucion: 31.0
21:41:47,403  INFO main:403 - Indice: 33
21:41:47,403  INFO main:404 - Generacion: 0
21:41:47,403  INFO main:405 - Rechazados: 33
21:41:47,403  INFO main:417 - Individuo Solucion: {134,85,111,73,6,25,61,29,107,34,82,15,54,2,142,99,27,72,44,17,8,16,41,138,49,127,119,21,105,43,10,48,46,63,104,109,20,116,59,148,36,124,78,69,5,75,129,76,14,9,23,47,11,89,51,12,126,4,26,57,84,33,80,74,91,122,101,113,7,38,90,66,13,37,143,95,92,58,83,94,62,53,136,39,55,110,19,88,98,50,64,147,108,93,149,121,139,79,96,52,133,28,114,81,65,97,70,67,137,123,77,141,135,128,71,115,32,130,125,86,18,100,118,103,102,40,131,35,31,87,30,144,112,140,106,3,132,42,145,1,22,0,56,45,60,117,120,24,146,68}

21:41:47,403  INFO main:418 - *****************************************************
21:41:47,644  INFO main:401 - ****************Corrida 14 ************************
21:41:47,644  INFO main:402 - Fitness solucion: 30.0
21:41:47,644  INFO main:403 - Indice: 33
21:41:47,645  INFO main:404 - Generacion: 8
21:41:47,645  INFO main:405 - Rechazados: 38
21:41:47,645  INFO main:417 - Individuo Solucion: {135,60,140,31,1,117,120,57,13,99,38,52,9,27,2,12,108,77,29,143,73,24,19,66,28,96,75,79,61,45,21,50,53,18,30,25,6,63,26,134,14,7,46,0,129,44,64,136,34,32,86,56,72,51,139,113,104,122,94,68,8,74,16,90,128,17,41,123,43,78,130,81,133,147,137,36,80,54,58,49,105,132,97,4,93,149,102,67,131,111,71,100,148,89,121,112,142,82,127,55,85,69,95,40,59,70,115,114,124,62,3,10,101,22,20,146,141,39,65,84,37,83,76,144,33,88,103,47,118,107,116,106,5,98,15,35,23,91,119,48,11,92,109,145,42,125,87,126,138,110}

21:41:47,645  INFO main:418 - *****************************************************
21:41:47,884  INFO main:401 - ****************Corrida 15 ************************
21:41:47,885  INFO main:402 - Fitness solucion: 30.0
21:41:47,885  INFO main:403 - Indice: 33
21:41:47,885  INFO main:404 - Generacion: 7
21:41:47,885  INFO main:405 - Rechazados: 35
21:41:47,885  INFO main:417 - Individuo Solucion: {22,36,7,119,62,95,19,121,97,69,76,35,2,86,138,10,42,99,83,126,15,61,135,139,31,81,101,80,92,52,24,100,63,11,1,29,30,57,71,40,134,120,53,93,4,32,20,23,141,77,67,37,91,73,34,85,39,70,72,45,89,84,115,108,112,82,58,105,3,110,98,88,60,123,0,113,125,26,66,56,64,79,48,124,132,44,17,47,116,122,13,18,94,130,149,131,104,118,87,21,143,96,90,144,14,75,8,33,146,133,148,54,27,59,111,129,68,136,147,128,43,12,16,9,109,127,74,103,117,106,65,142,55,51,46,137,102,25,50,5,107,114,145,49,41,140,38,78,28,6}

21:41:47,885  INFO main:418 - *****************************************************
21:41:48,127  INFO main:401 - ****************Corrida 16 ************************
21:41:48,127  INFO main:402 - Fitness solucion: 30.0
21:41:48,127  INFO main:403 - Indice: 33
21:41:48,128  INFO main:404 - Generacion: 1
21:41:48,128  INFO main:405 - Rechazados: 35
21:41:48,128  INFO main:417 - Individuo Solucion: {0,52,148,94,30,21,24,66,123,73,33,117,4,51,5,136,14,27,84,104,43,36,26,13,50,112,7,56,42,144,20,113,41,72,12,61,70,132,146,124,64,134,2,38,83,140,88,87,79,3,53,16,55,71,128,49,145,68,1,142,37,130,129,15,69,149,80,101,35,19,67,131,29,31,78,106,54,137,100,91,138,127,86,93,96,102,74,34,82,110,57,65,32,103,22,114,95,92,116,85,59,6,135,81,46,39,8,147,11,99,89,25,23,40,141,75,17,63,18,58,90,77,107,108,98,126,111,122,76,62,9,45,125,115,120,139,48,105,143,10,60,47,119,118,28,97,121,133,44,109}

21:41:48,128  INFO main:418 - *****************************************************
21:41:48,367  INFO main:401 - ****************Corrida 17 ************************
21:41:48,367  INFO main:402 - Fitness solucion: 31.0
21:41:48,367  INFO main:403 - Indice: 33
21:41:48,367  INFO main:404 - Generacion: 0
21:41:48,367  INFO main:405 - Rechazados: 35
21:41:48,368  INFO main:417 - Individuo Solucion: {88,6,12,76,34,28,142,64,95,81,71,1,89,0,113,26,44,31,30,11,112,77,36,45,133,136,5,128,47,102,9,55,97,40,20,43,51,126,54,132,37,52,18,38,32,58,2,123,24,48,63,122,121,78,119,141,68,7,65,39,4,8,14,3,116,13,145,140,29,100,109,79,90,27,114,22,137,138,25,108,70,21,19,149,59,49,42,86,91,115,99,57,92,53,134,104,75,62,125,61,143,107,120,83,15,46,131,148,82,35,16,98,56,73,96,60,139,85,50,74,80,41,33,130,117,66,103,93,129,10,144,124,127,118,110,94,84,101,106,72,111,69,135,105,87,23,146,147,67,17}

21:41:48,368  INFO main:418 - *****************************************************
21:41:48,608  INFO main:401 - ****************Corrida 18 ************************
21:41:48,608  INFO main:402 - Fitness solucion: 30.0
21:41:48,608  INFO main:403 - Indice: 33
21:41:48,608  INFO main:404 - Generacion: 0
21:41:48,608  INFO main:405 - Rechazados: 31
21:41:48,609  INFO main:417 - Individuo Solucion: {19,90,26,5,132,63,21,14,10,134,25,75,43,128,52,31,86,7,144,17,44,124,23,34,42,146,91,6,58,47,106,120,53,28,22,32,117,138,109,96,67,41,74,45,102,18,73,143,57,145,56,15,20,98,125,2,127,33,121,80,72,76,137,27,55,93,66,62,118,3,136,141,87,111,100,83,36,51,12,147,115,107,30,70,89,126,68,97,71,133,81,35,0,140,119,88,69,16,64,139,129,104,38,59,105,85,61,49,39,148,135,4,50,24,113,130,78,84,65,48,149,99,54,77,37,8,103,95,131,110,94,142,116,1,60,112,29,46,9,114,82,79,123,40,92,11,108,101,122,13}

21:41:48,609  INFO main:418 - *****************************************************
21:41:48,850  INFO main:401 - ****************Corrida 19 ************************
21:41:48,850  INFO main:402 - Fitness solucion: 30.0
21:41:48,850  INFO main:403 - Indice: 33
21:41:48,851  INFO main:404 - Generacion: 2
21:41:48,851  INFO main:405 - Rechazados: 33
21:41:48,851  INFO main:417 - Individuo Solucion: {111,20,136,74,13,15,142,39,94,56,81,54,109,32,148,22,7,124,100,43,143,97,6,28,71,10,42,141,144,2,90,149,4,23,127,83,82,64,34,63,31,88,72,21,119,68,132,55,135,25,41,96,26,12,70,61,17,66,8,50,147,58,108,131,115,121,91,113,18,1,65,112,137,77,79,38,102,78,69,140,52,49,126,57,3,29,80,145,95,30,84,45,128,101,89,67,75,14,48,24,33,139,125,85,37,44,116,130,98,76,114,122,103,123,19,99,16,60,117,27,87,104,46,134,36,93,138,110,86,5,47,9,105,107,146,40,51,106,35,53,129,92,73,0,11,133,120,118,62,59}

21:41:48,851  INFO main:418 - *****************************************************
21:41:49,093  INFO main:401 - ****************Corrida 20 ************************
21:41:49,093  INFO main:402 - Fitness solucion: 30.0
21:41:49,093  INFO main:403 - Indice: 32
21:41:49,093  INFO main:404 - Generacion: 1
21:41:49,093  INFO main:405 - Rechazados: 38
21:41:49,093  INFO main:417 - Individuo Solucion: {139,86,5,22,69,144,124,49,27,13,6,91,80,106,3,1,98,44,24,79,120,117,29,111,50,126,136,119,28,61,19,140,37,137,55,105,7,9,96,14,33,30,125,62,134,53,93,0,123,99,47,32,78,59,118,25,77,60,141,54,81,43,147,46,42,87,73,35,89,112,48,45,143,94,63,138,121,102,12,2,68,82,131,84,36,23,145,21,115,85,108,133,17,52,65,40,100,41,66,113,83,101,8,116,142,127,74,128,70,67,71,95,75,15,122,72,34,92,64,114,16,57,103,149,148,104,56,135,26,4,18,31,109,10,110,129,146,107,20,11,38,39,51,88,130,76,90,97,132,58}

21:41:49,093  INFO main:418 - *****************************************************
21:41:49,335  INFO main:401 - ****************Corrida 21 ************************
21:41:49,335  INFO main:402 - Fitness solucion: 31.0
21:41:49,335  INFO main:403 - Indice: 32
21:41:49,335  INFO main:404 - Generacion: 0
21:41:49,335  INFO main:405 - Rechazados: 38
21:41:49,335  INFO main:417 - Individuo Solucion: {6,80,4,7,18,100,28,110,129,138,25,26,19,20,118,29,24,5,57,35,89,33,143,106,50,120,101,60,56,70,115,0,16,93,121,137,94,52,21,27,123,147,38,34,132,43,131,87,47,64,73,39,105,148,116,136,127,146,82,76,69,109,122,139,66,22,30,75,3,92,145,51,17,113,133,59,96,108,114,130,107,95,61,135,11,36,32,91,8,9,111,128,67,72,88,45,46,144,41,42,134,141,49,71,83,48,86,1,98,90,140,62,63,149,53,74,99,77,13,37,117,40,126,55,97,85,124,119,2,78,12,102,68,44,104,103,142,10,54,125,14,15,81,58,79,31,65,23,112,84}

21:41:49,336  INFO main:418 - *****************************************************
21:41:49,574  INFO main:401 - ****************Corrida 22 ************************
21:41:49,574  INFO main:402 - Fitness solucion: 31.0
21:41:49,574  INFO main:403 - Indice: 33
21:41:49,574  INFO main:404 - Generacion: 0
21:41:49,574  INFO main:405 - Rechazados: 36
21:41:49,574  INFO main:417 - Individuo Solucion: {9,61,10,53,8,35,16,18,19,124,145,1,22,36,143,15,29,47,31,48,58,38,17,101,6,59,119,69,45,37,0,107,73,43,100,33,34,146,83,80,57,79,90,142,30,76,96,114,5,88,27,4,108,55,11,3,54,98,77,14,122,28,130,135,32,123,40,147,23,52,66,94,41,74,44,46,56,20,141,85,51,144,50,2,84,103,89,65,26,81,75,120,70,139,111,105,125,126,92,24,137,95,113,128,148,72,39,68,129,115,134,112,82,116,25,63,91,110,71,109,99,97,12,127,7,64,136,104,13,21,62,49,102,140,42,78,93,121,138,132,87,117,149,86,131,67,106,60,133,118}

21:41:49,575  INFO main:418 - *****************************************************
21:41:49,816  INFO main:401 - ****************Corrida 23 ************************
21:41:49,817  INFO main:402 - Fitness solucion: 31.0
21:41:49,817  INFO main:403 - Indice: 33
21:41:49,817  INFO main:404 - Generacion: 0
21:41:49,817  INFO main:405 - Rechazados: 25
21:41:49,817  INFO main:417 - Individuo Solucion: {0,149,12,108,137,69,21,9,13,115,32,35,139,144,38,7,92,50,68,19,36,76,31,3,95,100,8,66,10,17,4,130,26,39,124,136,104,128,22,75,18,43,80,117,37,2,52,132,118,14,46,60,72,82,123,131,102,41,53,56,67,138,133,30,1,5,73,58,90,142,96,99,145,146,44,135,51,42,87,24,129,84,45,88,91,25,27,70,11,48,107,105,62,148,122,28,114,59,86,119,125,109,120,54,83,65,127,113,147,55,103,78,143,140,6,98,34,33,15,16,89,40,47,126,121,134,93,94,141,85,71,63,111,23,61,74,97,77,29,101,79,116,112,49,64,110,106,57,81,20}

21:41:49,817  INFO main:418 - *****************************************************
21:41:50,056  INFO main:401 - ****************Corrida 24 ************************
21:41:50,056  INFO main:402 - Fitness solucion: 30.0
21:41:50,056  INFO main:403 - Indice: 33
21:41:50,057  INFO main:404 - Generacion: 0
21:41:50,057  INFO main:405 - Rechazados: 28
21:41:50,057  INFO main:417 - Individuo Solucion: {11,8,10,112,96,25,119,148,117,0,149,84,72,141,115,125,52,76,100,144,126,103,120,29,81,95,90,24,36,43,42,124,114,73,31,3,135,71,48,19,30,26,83,134,28,123,97,54,104,133,68,70,142,41,61,16,121,69,108,35,62,143,53,146,74,107,59,136,51,38,14,127,77,1,44,45,33,111,32,145,6,27,130,139,2,102,37,89,86,21,46,92,60,82,9,78,66,98,17,91,49,18,87,128,131,47,138,64,105,140,50,116,106,5,129,132,58,118,22,67,15,101,80,39,7,93,88,65,110,109,40,55,20,113,23,63,137,94,4,75,85,147,34,79,99,56,57,122,13,12}

21:41:50,057  INFO main:418 - *****************************************************
21:41:50,298  INFO main:401 - ****************Corrida 25 ************************
21:41:50,298  INFO main:402 - Fitness solucion: 30.0
21:41:50,298  INFO main:403 - Indice: 33
21:41:50,298  INFO main:404 - Generacion: 3
21:41:50,298  INFO main:405 - Rechazados: 35
21:41:50,299  INFO main:417 - Individuo Solucion: {12,2,55,128,116,132,145,111,107,75,105,52,89,43,73,48,143,23,36,83,147,65,6,53,25,62,7,117,72,24,42,131,61,98,79,146,9,129,38,69,149,70,113,136,102,108,54,141,39,10,74,127,37,63,93,124,49,11,27,126,137,92,88,81,125,44,91,144,30,31,45,66,90,77,87,96,78,133,84,50,34,101,99,60,59,4,110,130,119,109,5,32,104,28,47,76,118,41,19,3,0,135,18,21,71,46,97,142,33,67,95,114,29,64,86,22,139,112,103,100,94,85,57,40,122,17,56,134,106,13,82,120,15,148,138,20,1,123,16,80,51,8,58,35,14,140,68,121,26,115}

21:41:50,299  INFO main:418 - *****************************************************
21:41:50,543  INFO main:401 - ****************Corrida 26 ************************
21:41:50,543  INFO main:402 - Fitness solucion: 30.0
21:41:50,543  INFO main:403 - Indice: 33
21:41:50,543  INFO main:404 - Generacion: 1
21:41:50,543  INFO main:405 - Rechazados: 39
21:41:50,544  INFO main:417 - Individuo Solucion: {13,4,105,5,24,8,57,3,0,55,6,139,7,9,37,2,46,22,98,64,78,119,75,17,65,23,145,54,104,26,58,15,36,149,39,136,133,95,87,29,97,35,131,62,19,66,25,111,129,144,99,82,51,100,67,18,40,38,81,34,138,85,106,109,113,134,10,77,91,80,102,59,47,140,41,126,30,27,28,31,72,84,60,101,21,68,42,61,135,1,69,44,88,16,93,103,49,114,128,142,96,115,33,73,127,143,147,76,79,118,108,112,116,123,71,121,110,92,122,83,12,107,45,124,50,52,86,130,94,74,90,20,11,43,48,117,32,125,141,146,53,120,132,70,89,137,56,63,14,148}

21:41:50,544  INFO main:418 - *****************************************************
21:41:50,781  INFO main:401 - ****************Corrida 27 ************************
21:41:50,781  INFO main:402 - Fitness solucion: 30.0
21:41:50,781  INFO main:403 - Indice: 33
21:41:50,781  INFO main:404 - Generacion: 5
21:41:50,781  INFO main:405 - Rechazados: 37
21:41:50,782  INFO main:417 - Individuo Solucion: {134,75,96,99,125,146,15,8,105,32,80,131,29,51,41,57,42,128,30,113,58,37,114,86,133,19,17,27,138,66,147,14,137,25,69,111,62,79,65,107,135,87,26,31,73,84,61,93,71,60,2,129,149,13,43,112,74,115,16,40,78,109,136,85,126,104,89,72,38,54,47,3,48,97,127,4,94,144,6,145,52,1,44,56,76,23,21,7,18,90,53,9,122,100,81,123,103,10,0,130,98,83,34,20,63,59,106,148,102,91,39,70,139,82,121,49,64,67,77,33,50,11,124,117,110,141,108,5,88,24,45,116,140,132,55,28,143,36,35,46,142,22,118,120,68,92,95,101,12,119}

21:41:50,782  INFO main:418 - *****************************************************
21:41:51,022  INFO main:401 - ****************Corrida 28 ************************
21:41:51,022  INFO main:402 - Fitness solucion: 30.0
21:41:51,022  INFO main:403 - Indice: 33
21:41:51,022  INFO main:404 - Generacion: 1
21:41:51,022  INFO main:405 - Rechazados: 31
21:41:51,022  INFO main:417 - Individuo Solucion: {123,4,137,63,102,129,106,8,5,107,48,19,104,110,98,121,57,25,128,79,127,9,81,26,32,138,1,100,91,24,17,20,2,130,29,31,105,15,94,36,58,50,139,44,142,6,16,39,12,47,99,95,27,62,13,60,23,69,64,93,141,126,35,53,45,70,37,61,114,33,140,42,51,85,0,65,116,52,149,143,101,7,40,83,117,73,84,82,109,86,41,78,111,87,30,135,71,56,136,80,34,145,108,125,92,22,132,76,115,11,89,103,134,59,54,96,146,113,118,88,28,72,131,66,75,10,122,67,97,74,120,68,133,55,144,147,77,38,148,90,43,112,21,14,3,18,119,46,124,49}

21:41:51,023  INFO main:418 - *****************************************************
21:41:51,261  INFO main:401 - ****************Corrida 29 ************************
21:41:51,261  INFO main:402 - Fitness solucion: 30.0
21:41:51,261  INFO main:403 - Indice: 33
21:41:51,261  INFO main:404 - Generacion: 0
21:41:51,261  INFO main:405 - Rechazados: 30
21:41:51,262  INFO main:417 - Individuo Solucion: {1,105,83,3,23,136,138,34,7,121,52,64,46,35,16,60,72,40,9,10,108,148,13,62,122,79,123,51,50,15,70,4,90,96,149,58,98,135,26,41,119,110,94,6,75,133,22,82,132,93,27,78,32,42,0,59,5,100,66,146,39,127,91,131,67,77,33,74,31,49,97,86,19,89,80,109,128,129,38,102,47,65,99,106,111,141,63,48,112,145,36,73,114,11,28,18,120,21,69,147,118,61,17,143,45,125,117,85,95,43,24,44,144,56,134,12,87,126,14,81,107,8,124,140,92,103,130,101,84,55,2,30,137,88,29,71,53,116,76,115,113,68,57,54,20,25,37,104,139,142}

21:41:51,262  INFO main:418 - *****************************************************
21:41:51,262  INFO main:420 - Tiempo AGP: 261
21:41:51,262  INFO main:422 - Promedio Final: 30
21:41:51,262  INFO main:424 - Promedio Generaciones: 0
21:41:51,262  INFO main:427 - Promedio Rechazos: 34
21:41:51,262  INFO main:430 - Promedio Defragmentacion: 1.2506666666666664
21:41:51,262  INFO main:432 - *****************Resultados********************
21:41:51,262  INFO main:434 - result: 30.0
21:41:51,262  INFO main:434 - result: 30.0
21:41:51,262  INFO main:434 - result: 30.0
21:41:51,263  INFO main:434 - result: 30.0
21:41:51,263  INFO main:434 - result: 30.0
21:41:51,263  INFO main:434 - result: 31.0
21:41:51,263  INFO main:434 - result: 30.0
21:41:51,263  INFO main:434 - result: 31.0
21:41:51,263  INFO main:434 - result: 31.0
21:41:51,263  INFO main:434 - result: 30.0
21:41:51,263  INFO main:434 - result: 30.0
21:41:51,263  INFO main:434 - result: 30.0
21:41:51,263  INFO main:434 - result: 31.0
21:41:51,263  INFO main:434 - result: 31.0
21:41:51,263  INFO main:434 - result: 30.0
21:41:51,264  INFO main:434 - result: 30.0
21:41:51,264  INFO main:434 - result: 30.0
21:41:51,264  INFO main:434 - result: 31.0
21:41:51,264  INFO main:434 - result: 30.0
21:41:51,264  INFO main:434 - result: 30.0
21:41:51,264  INFO main:434 - result: 30.0
21:41:51,264  INFO main:434 - result: 31.0
21:41:51,264  INFO main:434 - result: 31.0
21:41:51,264  INFO main:434 - result: 31.0
21:41:51,264  INFO main:434 - result: 30.0
21:41:51,264  INFO main:434 - result: 30.0
21:41:51,264  INFO main:434 - result: 30.0
21:41:51,264  INFO main:434 - result: 30.0
21:41:51,264  INFO main:434 - result: 30.0
21:41:51,265  INFO main:434 - result: 30.0
21:41:51,265  INFO main:436 - *****************Generaciones********************
21:41:51,265  INFO main:438 - Generacion: 0
21:41:51,265  INFO main:438 - Generacion: 0
21:41:51,265  INFO main:438 - Generacion: 0
21:41:51,265  INFO main:438 - Generacion: 0
21:41:51,265  INFO main:438 - Generacion: 0
21:41:51,265  INFO main:438 - Generacion: 0
21:41:51,265  INFO main:438 - Generacion: 0
21:41:51,265  INFO main:438 - Generacion: 0
21:41:51,265  INFO main:438 - Generacion: 0
21:41:51,265  INFO main:438 - Generacion: 0
21:41:51,265  INFO main:438 - Generacion: 0
21:41:51,266  INFO main:438 - Generacion: 0
21:41:51,266  INFO main:438 - Generacion: 0
21:41:51,266  INFO main:438 - Generacion: 0
21:41:51,266  INFO main:438 - Generacion: 0
21:41:51,266  INFO main:438 - Generacion: 0
21:41:51,266  INFO main:438 - Generacion: 0
21:41:51,266  INFO main:438 - Generacion: 0
21:41:51,266  INFO main:438 - Generacion: 0
21:41:51,266  INFO main:438 - Generacion: 0
21:41:51,266  INFO main:438 - Generacion: 0
21:41:51,266  INFO main:438 - Generacion: 0
21:41:51,266  INFO main:438 - Generacion: 0
21:41:51,266  INFO main:438 - Generacion: 0
21:41:51,266  INFO main:438 - Generacion: 0
21:41:51,266  INFO main:438 - Generacion: 0
21:41:51,267  INFO main:438 - Generacion: 0
21:41:51,267  INFO main:438 - Generacion: 0
21:41:51,267  INFO main:438 - Generacion: 0
21:41:51,267  INFO main:438 - Generacion: 0
