17:09:17,618  INFO main:168 - Logueando
17:10:29,328  INFO main:300 - Tiempo PreCalculo: 71709
17:10:29,329  INFO main:387 - ****************AG PERMUTACION****************
17:10:30,896  INFO main:399 - ****************Corrida 0 ************************
17:10:30,896  INFO main:400 - Fitness solucion: 56.0
17:10:30,896  INFO main:401 - Indice: 67
17:10:30,896  INFO main:402 - Generacion: 0
17:10:30,896  INFO main:403 - Rechazados: 0
17:10:30,896  INFO main:413 - Individuo Solucion: {38,74,80,5,2,65,95,10,97,133,12,23,17,47,34,16,33,72,140,104,119,31,118,4,77,75,28,43,122,45,55,117,8,1,42,52,30,135,125,142,131,147,53,105,0,57,11,126,83,120,148,107,62,92,27,71,81,50,132,87,88,9,59,69,78,82,37,32,134,63,124,137,89,58,51,110,3,25,48,144,143,36,91,127,19,86,20,35,54,6,113,68,79,84,109,29,49,7,56,99,61,100,67,96,26,66,103,46,13,39,60,149,85,115,94,15,146,128,70,93,44,64,14,18,123,73,111,106,112,108,24,102,136,121,22,138,101,145,129,139,98,90,130,76,21,41,114,141,116,40}

17:10:30,897  INFO main:414 - *****************************************************
17:10:31,689  INFO main:399 - ****************Corrida 1 ************************
17:10:31,689  INFO main:400 - Fitness solucion: 56.0
17:10:31,689  INFO main:401 - Indice: 64
17:10:31,689  INFO main:402 - Generacion: 0
17:10:31,689  INFO main:403 - Rechazados: 0
17:10:31,689  INFO main:413 - Individuo Solucion: {101,94,20,3,59,12,4,28,72,129,24,123,144,44,5,128,62,1,138,108,2,134,141,35,103,148,111,14,133,139,109,34,39,17,25,31,135,83,142,45,122,30,38,29,137,22,71,16,93,77,43,49,118,11,121,102,145,119,51,120,131,26,149,132,78,27,13,18,9,88,23,47,50,92,32,95,46,6,114,0,53,82,97,124,90,68,19,130,65,80,127,73,55,79,21,70,96,143,63,57,41,91,76,56,48,7,140,69,33,54,60,10,15,40,113,115,136,75,105,85,116,61,74,52,147,104,100,87,98,86,126,8,84,117,66,64,125,107,99,146,89,110,42,112,36,37,81,106,58,67}

17:10:31,690  INFO main:414 - *****************************************************
17:10:32,464  INFO main:399 - ****************Corrida 2 ************************
17:10:32,464  INFO main:400 - Fitness solucion: 56.0
17:10:32,464  INFO main:401 - Indice: 61
17:10:32,464  INFO main:402 - Generacion: 0
17:10:32,464  INFO main:403 - Rechazados: 0
17:10:32,464  INFO main:413 - Individuo Solucion: {16,94,86,121,118,41,132,50,104,81,25,29,134,10,28,30,26,40,124,60,77,43,20,99,12,98,148,35,55,136,56,36,27,116,66,128,19,119,4,14,76,46,135,6,117,87,102,13,127,8,45,31,47,140,42,34,63,143,69,149,88,129,74,83,133,95,59,89,115,100,64,1,80,9,58,51,84,147,146,52,85,21,0,62,17,90,2,18,106,111,67,144,114,22,32,71,107,113,44,33,139,70,130,92,123,108,96,57,3,91,5,75,79,126,37,103,109,125,53,82,24,137,110,54,38,120,105,101,93,68,61,7,72,138,23,112,73,49,15,39,11,48,97,122,131,141,145,65,78,142}

17:10:32,464  INFO main:414 - *****************************************************
17:10:33,242  INFO main:399 - ****************Corrida 3 ************************
17:10:33,243  INFO main:400 - Fitness solucion: 56.0
17:10:33,243  INFO main:401 - Indice: 63
17:10:33,243  INFO main:402 - Generacion: 0
17:10:33,243  INFO main:403 - Rechazados: 0
17:10:33,243  INFO main:413 - Individuo Solucion: {108,70,39,7,25,18,30,35,104,80,149,15,26,6,3,33,127,103,125,1,16,124,55,68,27,10,14,32,95,86,36,4,5,123,142,44,91,46,141,42,94,133,9,98,50,143,53,49,13,52,28,8,47,129,48,31,107,72,147,66,120,75,139,145,67,24,128,83,85,130,74,19,37,34,11,71,78,81,57,82,131,99,136,41,113,56,43,40,121,60,112,88,114,73,22,38,64,20,126,17,79,62,12,84,90,101,58,118,96,138,59,63,132,117,122,105,111,87,45,146,23,109,110,51,115,100,29,92,135,77,137,54,116,106,134,97,61,65,69,2,148,21,144,119,76,89,0,140,93,102}

17:10:33,243  INFO main:414 - *****************************************************
17:10:34,016  INFO main:399 - ****************Corrida 4 ************************
17:10:34,016  INFO main:400 - Fitness solucion: 56.0
17:10:34,017  INFO main:401 - Indice: 60
17:10:34,017  INFO main:402 - Generacion: 0
17:10:34,017  INFO main:403 - Rechazados: 0
17:10:34,017  INFO main:413 - Individuo Solucion: {127,4,25,9,145,2,58,63,65,0,24,32,129,146,43,5,135,27,139,111,45,48,132,88,117,34,14,7,3,108,46,13,11,73,64,50,57,10,55,36,28,82,131,22,41,67,107,19,133,68,80,60,94,8,75,18,71,17,121,35,143,126,15,47,79,20,91,61,37,130,39,98,69,89,70,66,122,148,96,6,118,31,59,116,119,120,92,138,95,76,54,134,38,110,12,72,105,93,53,113,44,40,77,149,84,33,141,42,104,90,124,30,16,97,74,86,49,106,125,81,52,101,142,62,26,112,56,109,1,140,85,128,137,23,147,123,114,115,99,51,102,103,136,100,29,78,87,83,144,21}

17:10:34,017  INFO main:414 - *****************************************************
17:10:34,795  INFO main:399 - ****************Corrida 5 ************************
17:10:34,795  INFO main:400 - Fitness solucion: 56.0
17:10:34,795  INFO main:401 - Indice: 64
17:10:34,795  INFO main:402 - Generacion: 0
17:10:34,795  INFO main:403 - Rechazados: 0
17:10:34,796  INFO main:413 - Individuo Solucion: {143,8,140,7,1,123,15,12,87,16,13,44,3,17,37,110,53,35,22,142,139,120,122,101,43,148,31,76,10,47,107,51,30,98,11,20,38,82,18,49,39,109,114,14,33,77,124,27,48,6,54,89,19,81,119,50,86,59,79,65,58,32,24,78,149,74,115,125,127,100,57,67,9,112,132,46,71,55,113,4,88,73,117,94,80,129,96,64,92,131,108,104,68,91,36,144,2,136,26,28,66,34,85,102,41,97,25,90,21,99,130,69,75,147,72,42,83,61,52,118,95,103,135,146,111,40,138,5,116,133,56,137,23,63,126,134,60,84,106,141,70,93,45,128,105,121,29,0,145,62}

17:10:34,796  INFO main:414 - *****************************************************
17:10:35,570  INFO main:399 - ****************Corrida 6 ************************
17:10:35,570  INFO main:400 - Fitness solucion: 56.0
17:10:35,570  INFO main:401 - Indice: 68
17:10:35,570  INFO main:402 - Generacion: 0
17:10:35,573  INFO main:403 - Rechazados: 0
17:10:35,573  INFO main:413 - Individuo Solucion: {31,82,12,141,92,30,8,2,77,81,117,34,1,62,96,4,107,66,47,146,37,58,38,16,72,140,24,40,27,48,108,75,90,28,32,49,102,29,14,51,44,149,136,114,103,145,54,36,19,52,148,59,106,79,35,46,69,33,88,89,57,93,64,86,76,17,137,130,83,43,118,53,60,61,56,22,142,126,104,98,25,65,85,113,9,94,71,144,78,101,119,39,143,99,91,20,3,26,87,21,110,73,7,147,74,139,109,13,120,138,95,68,42,125,41,133,55,18,63,6,97,70,122,124,23,105,128,129,123,135,10,132,15,45,116,5,111,127,80,0,67,131,100,112,84,11,115,50,121,134}

17:10:35,573  INFO main:414 - *****************************************************
17:10:36,345  INFO main:399 - ****************Corrida 7 ************************
17:10:36,346  INFO main:400 - Fitness solucion: 56.0
17:10:36,346  INFO main:401 - Indice: 65
17:10:36,346  INFO main:402 - Generacion: 0
17:10:36,346  INFO main:403 - Rechazados: 0
17:10:36,346  INFO main:413 - Individuo Solucion: {4,141,95,20,111,99,1,19,38,0,97,129,115,11,112,130,25,31,43,74,10,29,109,51,60,78,50,6,13,27,117,55,17,61,36,57,22,68,89,139,65,44,80,125,63,7,53,133,54,118,90,35,8,66,81,69,33,120,46,62,42,16,84,48,39,2,23,70,45,93,58,32,128,116,96,72,114,56,107,103,127,105,92,135,83,146,30,24,132,71,87,104,28,18,94,144,40,119,121,64,126,47,9,143,52,138,86,102,149,145,77,108,100,26,41,113,15,3,85,5,122,79,75,142,134,59,148,123,67,136,37,34,98,110,76,131,106,21,124,91,73,147,14,49,12,140,101,82,88,137}

17:10:36,346  INFO main:414 - *****************************************************
17:10:37,126  INFO main:399 - ****************Corrida 8 ************************
17:10:37,126  INFO main:400 - Fitness solucion: 56.0
17:10:37,126  INFO main:401 - Indice: 64
17:10:37,126  INFO main:402 - Generacion: 0
17:10:37,126  INFO main:403 - Rechazados: 0
17:10:37,127  INFO main:413 - Individuo Solucion: {4,5,114,6,24,112,109,125,22,130,75,16,3,133,45,25,136,142,19,50,120,10,23,36,2,148,80,27,15,8,76,140,129,32,70,95,71,62,131,37,101,135,31,38,65,139,67,143,46,127,29,52,100,83,35,78,79,42,113,43,97,121,94,118,74,64,145,63,56,7,72,105,41,14,147,58,73,28,81,88,149,126,87,85,108,12,69,144,11,39,1,68,66,99,51,124,86,107,119,59,90,77,106,82,49,141,115,47,117,102,34,93,55,18,0,48,138,33,137,17,111,132,26,13,134,146,98,54,40,57,103,60,96,20,92,122,104,89,21,91,44,61,84,123,128,9,116,30,110,53}

17:10:37,127  INFO main:414 - *****************************************************
17:10:37,902  INFO main:399 - ****************Corrida 9 ************************
17:10:37,903  INFO main:400 - Fitness solucion: 56.0
17:10:37,903  INFO main:401 - Indice: 63
17:10:37,903  INFO main:402 - Generacion: 0
17:10:37,903  INFO main:403 - Rechazados: 0
17:10:37,903  INFO main:413 - Individuo Solucion: {5,106,117,124,39,7,2,69,15,25,107,60,29,0,30,88,120,79,32,50,38,130,19,102,75,142,127,126,22,78,26,36,84,1,99,16,136,8,113,3,49,42,140,13,51,111,18,33,66,65,28,85,10,14,55,145,72,47,70,82,41,64,27,135,143,92,61,53,54,24,4,57,40,59,20,147,121,110,80,67,87,58,129,76,104,101,148,139,9,37,6,74,48,77,45,105,90,97,21,23,103,118,131,12,144,73,94,11,86,128,68,83,146,132,119,108,115,96,93,46,62,56,91,63,71,44,123,52,81,138,109,31,114,125,35,17,122,34,133,141,116,137,134,149,100,43,95,98,112,89}

17:10:37,903  INFO main:414 - *****************************************************
17:10:38,678  INFO main:399 - ****************Corrida 10 ************************
17:10:38,678  INFO main:400 - Fitness solucion: 56.0
17:10:38,678  INFO main:401 - Indice: 61
17:10:38,678  INFO main:402 - Generacion: 0
17:10:38,678  INFO main:403 - Rechazados: 0
17:10:38,678  INFO main:413 - Individuo Solucion: {105,132,91,92,21,60,15,144,70,89,109,83,133,13,61,148,29,5,3,40,23,12,120,67,25,37,14,10,33,95,17,50,68,94,45,56,24,138,139,69,51,73,27,46,32,123,131,7,8,124,31,62,106,107,30,2,87,38,55,64,84,117,0,111,74,113,4,52,77,42,49,103,22,136,82,57,143,58,76,130,66,108,90,85,72,19,16,53,116,146,78,26,88,104,149,81,101,119,65,1,79,142,63,41,9,80,6,145,126,128,125,48,122,115,97,47,102,118,135,39,18,98,110,93,112,35,20,36,44,129,59,147,99,140,137,86,121,71,28,141,134,100,114,43,11,34,54,127,96,75}

17:10:38,678  INFO main:414 - *****************************************************
17:10:39,455  INFO main:399 - ****************Corrida 11 ************************
17:10:39,455  INFO main:400 - Fitness solucion: 56.0
17:10:39,455  INFO main:401 - Indice: 75
17:10:39,455  INFO main:402 - Generacion: 0
17:10:39,455  INFO main:403 - Rechazados: 0
17:10:39,455  INFO main:413 - Individuo Solucion: {141,105,7,13,123,16,71,10,5,39,110,146,0,142,143,2,27,41,45,119,79,23,144,34,3,131,29,56,137,11,86,135,6,140,94,25,122,147,120,49,95,47,17,37,52,132,68,51,31,130,42,33,83,126,40,32,20,136,118,38,129,18,69,58,90,113,148,44,117,109,24,91,15,134,72,127,26,53,65,97,78,89,57,81,8,22,85,67,96,115,145,48,104,116,73,139,64,1,106,103,100,138,74,76,149,19,63,60,12,35,107,66,59,82,77,62,30,87,125,114,108,99,43,9,121,54,14,4,112,70,75,46,102,36,88,92,55,111,28,133,21,128,124,80,93,61,101,50,84,98}

17:10:39,456  INFO main:414 - *****************************************************
17:10:40,232  INFO main:399 - ****************Corrida 12 ************************
17:10:40,232  INFO main:400 - Fitness solucion: 56.0
17:10:40,232  INFO main:401 - Indice: 63
17:10:40,232  INFO main:402 - Generacion: 0
17:10:40,232  INFO main:403 - Rechazados: 0
17:10:40,232  INFO main:413 - Individuo Solucion: {113,6,144,0,9,138,83,74,135,19,29,5,76,49,26,27,120,112,30,37,21,125,15,136,24,134,148,53,48,23,54,96,145,39,63,47,87,22,13,33,20,38,89,60,85,70,68,82,132,57,17,8,126,58,97,131,79,128,62,86,73,90,1,77,98,44,65,12,84,2,72,16,141,88,143,50,103,41,61,67,7,124,93,35,28,51,114,43,130,46,139,14,115,110,42,133,10,99,80,94,59,95,106,25,11,36,3,64,92,101,66,71,123,104,122,147,69,116,109,100,56,102,107,117,34,4,108,40,111,18,119,121,55,45,91,78,105,118,52,32,140,31,142,81,129,149,127,146,137,75}

17:10:40,233  INFO main:414 - *****************************************************
17:10:41,007  INFO main:399 - ****************Corrida 13 ************************
17:10:41,007  INFO main:400 - Fitness solucion: 56.0
17:10:41,007  INFO main:401 - Indice: 65
17:10:41,007  INFO main:402 - Generacion: 0
17:10:41,008  INFO main:403 - Rechazados: 0
17:10:41,008  INFO main:413 - Individuo Solucion: {12,39,130,19,17,5,52,54,24,115,70,25,108,90,126,83,31,7,113,23,103,2,98,149,13,137,30,37,42,22,1,124,59,60,33,26,77,111,66,10,127,101,47,29,21,64,0,86,139,40,135,38,58,16,9,89,65,75,146,35,56,6,112,18,88,84,27,143,128,51,94,80,43,119,87,99,61,92,41,142,133,107,136,122,100,120,131,104,97,20,114,4,45,57,49,140,62,109,91,8,46,14,73,147,102,132,71,79,15,11,96,148,74,55,95,32,53,78,72,138,105,121,145,36,106,82,118,34,44,3,63,68,116,50,129,69,125,117,76,123,93,85,81,110,134,67,28,144,141,48}

17:10:41,008  INFO main:414 - *****************************************************
17:10:41,784  INFO main:399 - ****************Corrida 14 ************************
17:10:41,784  INFO main:400 - Fitness solucion: 56.0
17:10:41,785  INFO main:401 - Indice: 66
17:10:41,785  INFO main:402 - Generacion: 0
17:10:41,785  INFO main:403 - Rechazados: 0
17:10:41,785  INFO main:413 - Individuo Solucion: {8,2,133,65,0,32,117,99,95,128,106,145,15,98,74,10,5,24,11,124,53,142,44,97,47,72,149,119,69,38,46,12,3,88,92,62,59,6,57,116,141,70,148,22,7,107,50,40,81,13,9,118,58,41,143,123,135,52,129,45,83,27,86,102,138,80,1,25,132,33,101,4,31,78,93,122,115,103,84,18,23,139,19,17,21,127,28,146,73,51,105,120,54,36,82,37,42,121,56,79,75,64,90,35,76,110,61,109,34,26,60,136,20,94,144,29,16,91,100,140,39,43,30,66,130,114,63,67,104,48,111,89,125,49,71,108,134,112,14,87,147,131,68,96,85,77,55,126,137,113}

17:10:41,785  INFO main:414 - *****************************************************
17:10:42,561  INFO main:399 - ****************Corrida 15 ************************
17:10:42,561  INFO main:400 - Fitness solucion: 56.0
17:10:42,561  INFO main:401 - Indice: 69
17:10:42,562  INFO main:402 - Generacion: 0
17:10:42,562  INFO main:403 - Rechazados: 0
17:10:42,562  INFO main:413 - Individuo Solucion: {12,95,14,37,9,87,130,140,146,74,17,75,104,35,144,0,6,21,96,60,19,3,4,114,147,23,88,112,149,27,47,77,91,94,66,44,25,103,46,8,18,118,1,122,5,134,113,124,86,83,11,57,56,64,61,119,43,33,70,82,68,32,101,89,38,40,76,117,90,78,127,62,93,52,97,92,81,54,120,65,108,84,69,48,50,55,45,10,143,49,123,142,85,15,41,73,111,126,148,29,128,72,100,63,98,107,105,2,16,99,138,30,141,58,129,20,67,71,39,36,135,13,53,125,139,110,102,116,131,80,145,59,109,28,31,133,115,51,7,79,34,42,106,136,137,26,22,121,132,24}

17:10:42,562  INFO main:414 - *****************************************************
17:10:43,341  INFO main:399 - ****************Corrida 16 ************************
17:10:43,341  INFO main:400 - Fitness solucion: 56.0
17:10:43,341  INFO main:401 - Indice: 65
17:10:43,341  INFO main:402 - Generacion: 0
17:10:43,341  INFO main:403 - Rechazados: 0
17:10:43,342  INFO main:413 - Individuo Solucion: {89,149,67,6,5,93,3,2,21,56,8,17,81,108,69,58,11,30,49,51,92,35,101,59,50,57,43,55,91,102,123,18,46,107,1,45,36,84,22,9,4,16,147,63,141,97,41,12,104,33,52,122,14,137,131,27,103,94,116,65,143,127,130,39,140,148,10,112,78,54,44,72,96,114,144,66,82,134,70,98,26,105,23,7,61,136,109,142,32,110,71,76,117,145,68,121,42,62,118,29,64,106,124,37,146,126,85,34,28,128,79,120,87,80,38,135,95,20,73,60,125,77,15,86,75,53,100,99,25,90,31,24,138,115,129,83,48,119,111,47,113,19,88,132,74,0,139,40,133,13}

17:10:43,342  INFO main:414 - *****************************************************
17:10:44,120  INFO main:399 - ****************Corrida 17 ************************
17:10:44,120  INFO main:400 - Fitness solucion: 56.0
17:10:44,120  INFO main:401 - Indice: 64
17:10:44,120  INFO main:402 - Generacion: 0
17:10:44,120  INFO main:403 - Rechazados: 0
17:10:44,121  INFO main:413 - Individuo Solucion: {7,149,54,17,9,3,107,37,36,135,96,25,4,31,34,6,10,117,49,21,142,67,46,30,41,11,104,82,80,0,111,73,81,27,74,8,133,12,38,44,43,112,33,18,1,58,19,108,20,79,29,66,137,35,69,140,39,5,83,55,93,116,90,105,86,144,124,65,57,84,23,51,62,59,94,115,42,101,56,76,48,68,132,14,128,95,131,123,146,87,26,32,15,50,103,61,60,88,118,134,127,110,99,71,40,102,109,119,28,138,148,63,114,143,92,145,106,136,64,53,22,72,126,120,47,85,2,16,78,129,121,147,77,141,98,125,100,130,45,139,52,91,122,13,113,24,89,97,70,75}

17:10:44,121  INFO main:414 - *****************************************************
17:10:44,899  INFO main:399 - ****************Corrida 18 ************************
17:10:44,899  INFO main:400 - Fitness solucion: 56.0
17:10:44,899  INFO main:401 - Indice: 62
17:10:44,899  INFO main:402 - Generacion: 0
17:10:44,899  INFO main:403 - Rechazados: 0
17:10:44,900  INFO main:413 - Individuo Solucion: {140,122,1,4,8,69,16,146,20,134,78,131,66,23,9,149,93,102,136,3,43,40,46,62,147,137,55,139,126,18,148,115,25,36,11,22,59,41,77,145,38,24,114,129,110,105,128,106,10,28,50,80,60,42,65,19,99,57,21,56,74,37,39,130,12,45,138,73,143,51,61,97,89,113,132,108,0,54,95,52,88,33,84,70,87,63,112,119,121,5,79,2,83,6,7,94,13,27,26,141,96,44,49,90,103,101,47,34,14,48,32,98,17,76,72,111,71,64,67,92,53,91,29,116,30,35,118,133,109,68,107,144,100,124,58,120,81,15,31,127,123,82,142,104,117,86,85,135,125,75}

17:10:44,900  INFO main:414 - *****************************************************
17:10:45,672  INFO main:399 - ****************Corrida 19 ************************
17:10:45,672  INFO main:400 - Fitness solucion: 56.0
17:10:45,672  INFO main:401 - Indice: 62
17:10:45,673  INFO main:402 - Generacion: 0
17:10:45,673  INFO main:403 - Rechazados: 0
17:10:45,673  INFO main:413 - Individuo Solucion: {15,141,26,8,3,128,55,17,36,144,1,0,143,11,34,45,147,89,21,115,16,92,4,133,125,48,58,19,59,22,101,37,129,131,2,69,32,41,7,78,114,121,95,62,76,42,140,31,80,73,24,135,57,38,68,27,123,64,63,99,83,46,118,25,66,77,33,86,136,110,65,88,94,10,18,14,47,50,53,91,75,40,56,85,104,67,137,6,51,13,102,23,96,130,70,72,116,44,97,5,126,149,9,54,12,74,107,132,122,105,146,71,20,39,93,100,81,145,84,61,82,49,35,90,52,29,108,111,124,109,138,148,112,87,79,139,106,120,119,127,134,113,43,30,117,60,142,98,28,103}

17:10:45,673  INFO main:414 - *****************************************************
17:10:46,441  INFO main:399 - ****************Corrida 20 ************************
17:10:46,441  INFO main:400 - Fitness solucion: 56.0
17:10:46,442  INFO main:401 - Indice: 64
17:10:46,442  INFO main:402 - Generacion: 0
17:10:46,442  INFO main:403 - Rechazados: 0
17:10:46,442  INFO main:413 - Individuo Solucion: {9,19,142,2,84,6,30,106,22,135,24,125,32,92,17,146,71,78,18,11,45,121,35,49,20,56,8,123,28,140,46,36,77,70,57,97,79,103,139,80,98,144,96,104,47,120,131,117,25,72,4,128,126,82,41,5,133,23,16,48,55,119,10,53,50,13,44,34,21,63,116,83,95,148,15,27,43,69,1,75,64,108,102,88,134,109,68,73,145,59,42,58,85,0,67,7,122,86,94,115,136,29,52,33,143,113,26,110,118,76,14,51,87,38,65,105,91,99,124,127,31,114,101,74,137,61,111,90,130,39,100,54,37,107,3,149,112,141,147,60,89,138,81,12,93,66,40,129,132,62}

17:10:46,442  INFO main:414 - *****************************************************
17:10:47,223  INFO main:399 - ****************Corrida 21 ************************
17:10:47,223  INFO main:400 - Fitness solucion: 56.0
17:10:47,223  INFO main:401 - Indice: 67
17:10:47,223  INFO main:402 - Generacion: 0
17:10:47,223  INFO main:403 - Rechazados: 0
17:10:47,224  INFO main:413 - Individuo Solucion: {18,14,10,69,132,123,11,136,23,15,3,13,6,101,74,96,110,113,9,29,35,121,119,68,105,67,36,21,49,5,0,120,53,93,117,142,52,82,30,145,124,26,97,56,17,108,131,87,80,1,114,102,130,104,39,44,54,99,59,2,107,12,50,32,65,84,135,63,138,137,31,55,98,38,66,33,148,86,60,81,72,47,22,129,58,40,79,91,85,111,141,27,48,43,4,61,147,24,37,41,71,103,73,42,70,20,109,83,34,7,140,143,112,75,28,126,92,94,51,133,89,46,115,25,45,122,128,57,149,8,127,118,76,16,77,95,62,90,116,144,88,146,106,100,19,125,78,64,139,134}

17:10:47,224  INFO main:414 - *****************************************************
17:10:47,998  INFO main:399 - ****************Corrida 22 ************************
17:10:47,998  INFO main:400 - Fitness solucion: 56.0
17:10:47,998  INFO main:401 - Indice: 67
17:10:47,998  INFO main:402 - Generacion: 0
17:10:47,998  INFO main:403 - Rechazados: 0
17:10:47,998  INFO main:413 - Individuo Solucion: {129,128,24,87,5,10,20,131,121,63,4,127,17,48,11,139,9,95,80,26,107,13,98,23,38,141,6,19,14,100,147,42,64,36,90,91,43,18,65,52,44,142,93,46,118,116,35,99,16,140,55,115,103,40,94,146,59,134,15,56,21,67,106,137,124,45,49,69,104,66,136,78,25,75,88,101,123,1,125,89,28,113,148,0,105,82,68,76,37,50,39,83,2,47,111,70,34,51,79,112,122,41,3,73,74,135,7,114,54,29,8,57,110,27,71,97,102,126,72,30,60,96,53,33,149,145,109,144,117,85,81,77,119,84,133,62,32,58,31,132,120,143,12,108,138,130,22,92,61,86}

17:10:47,998  INFO main:414 - *****************************************************
17:10:48,776  INFO main:399 - ****************Corrida 23 ************************
17:10:48,776  INFO main:400 - Fitness solucion: 56.0
17:10:48,777  INFO main:401 - Indice: 66
17:10:48,777  INFO main:402 - Generacion: 0
17:10:48,777  INFO main:403 - Rechazados: 0
17:10:48,777  INFO main:413 - Individuo Solucion: {134,69,6,1,29,2,14,109,52,0,101,3,36,5,15,102,35,33,44,31,41,23,26,104,56,40,11,55,60,43,117,39,88,54,63,137,61,27,138,28,149,132,147,121,16,118,24,53,67,10,49,122,139,71,75,74,107,48,126,90,82,85,17,130,7,59,133,113,128,25,142,80,30,45,13,70,96,120,12,81,100,87,144,91,89,38,77,98,105,125,51,92,106,111,68,141,21,20,136,127,32,103,112,73,46,94,65,79,9,143,58,146,148,116,34,131,18,47,93,95,108,4,8,22,110,57,114,42,78,66,72,129,124,86,119,84,50,76,19,145,140,115,83,123,99,97,62,37,135,64}

17:10:48,777  INFO main:414 - *****************************************************
17:10:49,555  INFO main:399 - ****************Corrida 24 ************************
17:10:49,555  INFO main:400 - Fitness solucion: 56.0
17:10:49,555  INFO main:401 - Indice: 63
17:10:49,555  INFO main:402 - Generacion: 0
17:10:49,555  INFO main:403 - Rechazados: 0
17:10:49,555  INFO main:413 - Individuo Solucion: {6,7,30,114,1,131,145,90,14,28,25,118,132,130,13,24,128,12,72,17,123,100,106,113,26,34,0,55,47,136,18,32,97,87,44,83,62,146,84,102,42,66,86,35,40,53,76,46,89,147,109,60,139,68,69,21,49,51,15,121,20,78,63,119,117,70,129,79,67,5,19,80,37,64,54,23,73,9,56,31,3,57,8,142,135,39,10,127,65,33,29,91,11,77,88,58,38,148,140,115,2,110,134,95,4,104,48,16,41,81,45,98,107,82,111,96,137,101,71,94,105,22,112,27,59,133,103,108,92,75,74,122,99,93,85,50,149,124,141,120,52,138,126,36,125,116,144,61,143,43}

17:10:49,555  INFO main:414 - *****************************************************
17:10:50,329  INFO main:399 - ****************Corrida 25 ************************
17:10:50,330  INFO main:400 - Fitness solucion: 56.0
17:10:50,330  INFO main:401 - Indice: 62
17:10:50,330  INFO main:402 - Generacion: 0
17:10:50,330  INFO main:403 - Rechazados: 0
17:10:50,330  INFO main:413 - Individuo Solucion: {55,2,117,72,67,102,15,133,14,97,26,138,88,6,146,37,45,137,13,65,140,41,34,17,84,74,52,4,148,36,46,124,33,16,109,25,50,135,79,122,32,5,134,123,56,0,89,93,139,132,59,31,51,71,29,9,136,73,142,108,145,63,60,104,58,35,92,81,127,38,116,111,94,53,23,141,39,10,30,86,114,128,85,18,75,106,3,121,47,130,21,43,19,22,82,68,1,90,112,61,27,118,66,147,42,126,76,64,12,103,98,80,57,110,24,144,11,119,105,100,95,7,44,113,28,78,8,48,115,83,107,20,40,99,125,49,54,77,149,69,131,120,143,62,96,101,91,129,70,87}

17:10:50,330  INFO main:414 - *****************************************************
17:10:51,101  INFO main:399 - ****************Corrida 26 ************************
17:10:51,101  INFO main:400 - Fitness solucion: 56.0
17:10:51,102  INFO main:401 - Indice: 62
17:10:51,102  INFO main:402 - Generacion: 0
17:10:51,102  INFO main:403 - Rechazados: 0
17:10:51,102  INFO main:413 - Individuo Solucion: {139,136,2,52,35,15,6,74,20,77,124,95,43,42,49,105,12,27,28,102,32,25,10,89,11,111,60,144,134,46,56,115,24,132,70,107,126,59,143,50,55,149,33,106,36,61,121,1,94,76,3,67,88,38,131,48,98,97,147,87,39,13,83,69,66,112,71,16,14,72,84,8,110,99,5,30,129,145,73,4,117,79,62,22,23,26,34,82,133,86,142,123,141,96,116,7,103,57,113,109,101,125,19,119,135,44,68,148,47,64,146,127,85,122,9,78,91,80,45,54,31,120,104,53,21,93,65,108,75,130,140,40,17,138,37,0,51,18,41,81,63,114,92,29,118,58,100,128,137,90}

17:10:51,102  INFO main:414 - *****************************************************
17:10:51,880  INFO main:399 - ****************Corrida 27 ************************
17:10:51,880  INFO main:400 - Fitness solucion: 56.0
17:10:51,880  INFO main:401 - Indice: 68
17:10:51,880  INFO main:402 - Generacion: 0
17:10:51,880  INFO main:403 - Rechazados: 0
17:10:51,880  INFO main:413 - Individuo Solucion: {27,63,2,14,12,5,17,9,42,81,43,6,34,60,85,46,48,76,125,0,93,74,37,53,95,49,131,13,51,28,54,79,145,117,118,65,137,1,8,55,144,10,57,35,61,38,149,36,139,138,146,129,119,26,91,21,56,110,143,4,107,23,58,69,114,75,115,59,134,7,45,104,22,133,41,73,101,124,64,50,66,11,80,47,25,77,3,96,19,141,32,99,148,86,78,15,103,135,16,97,105,71,132,147,52,29,62,30,72,83,70,87,44,31,68,84,100,111,109,123,122,94,112,67,113,128,121,90,18,126,88,92,82,116,130,40,33,127,106,39,98,140,136,24,120,142,108,89,20,102}

17:10:51,880  INFO main:414 - *****************************************************
17:10:52,657  INFO main:399 - ****************Corrida 28 ************************
17:10:52,657  INFO main:400 - Fitness solucion: 56.0
17:10:52,657  INFO main:401 - Indice: 63
17:10:52,657  INFO main:402 - Generacion: 0
17:10:52,658  INFO main:403 - Rechazados: 0
17:10:52,658  INFO main:413 - Individuo Solucion: {32,91,1,10,28,29,37,89,122,63,83,27,142,16,70,5,144,123,42,108,13,126,101,148,60,78,74,121,133,58,149,66,15,45,85,31,127,75,9,97,21,93,53,104,64,136,100,35,14,131,118,40,3,90,8,33,19,147,69,113,146,111,62,48,79,115,119,65,12,72,41,56,129,92,44,84,6,61,0,95,18,43,102,71,23,55,57,87,112,77,4,106,46,109,67,80,117,137,47,130,107,99,82,135,103,39,26,20,24,105,49,120,34,22,96,140,2,25,88,73,128,51,36,86,76,11,139,59,132,54,7,50,17,141,143,38,138,114,30,81,98,68,145,52,134,116,110,125,124,94}

17:10:52,658  INFO main:414 - *****************************************************
17:10:53,435  INFO main:399 - ****************Corrida 29 ************************
17:10:53,435  INFO main:400 - Fitness solucion: 56.0
17:10:53,436  INFO main:401 - Indice: 62
17:10:53,436  INFO main:402 - Generacion: 0
17:10:53,436  INFO main:403 - Rechazados: 0
17:10:53,436  INFO main:413 - Individuo Solucion: {128,137,4,143,5,16,73,111,70,17,65,1,14,148,124,54,11,8,118,104,145,58,44,49,98,57,31,25,3,46,147,74,81,102,55,52,146,30,19,134,28,35,129,36,107,131,87,100,125,20,68,75,78,12,61,84,42,138,41,99,33,72,29,122,64,92,10,9,39,48,0,149,79,116,22,121,126,120,45,76,27,140,2,114,50,110,96,95,133,63,80,53,51,82,112,136,115,127,15,103,135,21,43,108,23,18,106,90,69,67,86,83,62,77,105,85,60,47,59,24,32,91,66,93,123,144,119,88,26,56,97,141,94,34,71,89,37,40,109,132,117,13,6,101,7,142,130,113,38,139}

17:10:53,436  INFO main:414 - *****************************************************
17:10:53,436  INFO main:416 - Tiempo AGP: 802
17:10:53,436  INFO main:418 - Promedio Final: 56
17:10:53,436  INFO main:420 - Promedio Generaciones: 0
17:10:53,436  INFO main:422 - *****************Resultados********************
17:10:53,436  INFO main:424 - result: 56.0
17:10:53,437  INFO main:424 - result: 56.0
17:10:53,437  INFO main:424 - result: 56.0
17:10:53,437  INFO main:424 - result: 56.0
17:10:53,437  INFO main:424 - result: 56.0
17:10:53,437  INFO main:424 - result: 56.0
17:10:53,437  INFO main:424 - result: 56.0
17:10:53,437  INFO main:424 - result: 56.0
17:10:53,437  INFO main:424 - result: 56.0
17:10:53,437  INFO main:424 - result: 56.0
17:10:53,437  INFO main:424 - result: 56.0
17:10:53,437  INFO main:424 - result: 56.0
17:10:53,438  INFO main:424 - result: 56.0
17:10:53,438  INFO main:424 - result: 56.0
17:10:53,438  INFO main:424 - result: 56.0
17:10:53,438  INFO main:424 - result: 56.0
17:10:53,438  INFO main:424 - result: 56.0
17:10:53,438  INFO main:424 - result: 56.0
17:10:53,438  INFO main:424 - result: 56.0
17:10:53,438  INFO main:424 - result: 56.0
17:10:53,438  INFO main:424 - result: 56.0
17:10:53,438  INFO main:424 - result: 56.0
17:10:53,438  INFO main:424 - result: 56.0
17:10:53,438  INFO main:424 - result: 56.0
17:10:53,438  INFO main:424 - result: 56.0
17:10:53,438  INFO main:424 - result: 56.0
17:10:53,439  INFO main:424 - result: 56.0
17:10:53,439  INFO main:424 - result: 56.0
17:10:53,439  INFO main:424 - result: 56.0
17:10:53,439  INFO main:424 - result: 56.0
17:10:53,439  INFO main:426 - *****************Generaciones********************
17:10:53,439  INFO main:428 - Generacion: 0
17:10:53,439  INFO main:428 - Generacion: 0
17:10:53,439  INFO main:428 - Generacion: 0
17:10:53,439  INFO main:428 - Generacion: 0
17:10:53,439  INFO main:428 - Generacion: 0
17:10:53,439  INFO main:428 - Generacion: 0
17:10:53,439  INFO main:428 - Generacion: 0
17:10:53,439  INFO main:428 - Generacion: 0
17:10:53,440  INFO main:428 - Generacion: 0
17:10:53,440  INFO main:428 - Generacion: 0
17:10:53,440  INFO main:428 - Generacion: 0
17:10:53,440  INFO main:428 - Generacion: 0
17:10:53,440  INFO main:428 - Generacion: 0
17:10:53,440  INFO main:428 - Generacion: 0
17:10:53,440  INFO main:428 - Generacion: 0
17:10:53,440  INFO main:428 - Generacion: 0
17:10:53,440  INFO main:428 - Generacion: 0
17:10:53,440  INFO main:428 - Generacion: 0
17:10:53,440  INFO main:428 - Generacion: 0
17:10:53,440  INFO main:428 - Generacion: 0
17:10:53,440  INFO main:428 - Generacion: 0
17:10:53,440  INFO main:428 - Generacion: 0
17:10:53,440  INFO main:428 - Generacion: 0
17:10:53,441  INFO main:428 - Generacion: 0
17:10:53,441  INFO main:428 - Generacion: 0
17:10:53,441  INFO main:428 - Generacion: 0
17:10:53,441  INFO main:428 - Generacion: 0
17:10:53,441  INFO main:428 - Generacion: 0
17:10:53,441  INFO main:428 - Generacion: 0
17:10:53,441  INFO main:428 - Generacion: 0
