15:31:20,801  INFO main:168 - Logueando
15:31:20,844  INFO main:387 - ****************AG PERMUTACION****************
15:31:21,048  INFO main:399 - ****************Corrida 0 ************************
15:31:21,048  INFO main:400 - Fitness solucion: 5.0
15:31:21,049  INFO main:401 - Indice: 5
15:31:21,049  INFO main:402 - Generacion: 0
15:31:21,049  INFO main:403 - Rechazados: 5
15:31:21,049  INFO main:413 - Individuo Solucion: {3,4,2,1,0}

15:31:21,049  INFO main:414 - *****************************************************
15:31:21,228  INFO main:399 - ****************Corrida 1 ************************
15:31:21,228  INFO main:400 - Fitness solucion: 5.0
15:31:21,228  INFO main:401 - Indice: 5
15:31:21,228  INFO main:402 - Generacion: 0
15:31:21,229  INFO main:403 - Rechazados: 5
15:31:21,229  INFO main:413 - Individuo Solucion: {3,4,0,1,2}

15:31:21,229  INFO main:414 - *****************************************************
15:31:21,396  INFO main:399 - ****************Corrida 2 ************************
15:31:21,396  INFO main:400 - Fitness solucion: 5.0
15:31:21,397  INFO main:401 - Indice: 5
15:31:21,397  INFO main:402 - Generacion: 0
15:31:21,397  INFO main:403 - Rechazados: 5
15:31:21,397  INFO main:413 - Individuo Solucion: {4,0,1,3,2}

15:31:21,397  INFO main:414 - *****************************************************
15:31:21,551  INFO main:399 - ****************Corrida 3 ************************
15:31:21,551  INFO main:400 - Fitness solucion: 5.0
15:31:21,551  INFO main:401 - Indice: 5
15:31:21,551  INFO main:402 - Generacion: 0
15:31:21,551  INFO main:403 - Rechazados: 5
15:31:21,552  INFO main:413 - Individuo Solucion: {3,0,1,4,2}

15:31:21,552  INFO main:414 - *****************************************************
15:31:21,711  INFO main:399 - ****************Corrida 4 ************************
15:31:21,712  INFO main:400 - Fitness solucion: 5.0
15:31:21,712  INFO main:401 - Indice: 5
15:31:21,712  INFO main:402 - Generacion: 0
15:31:21,712  INFO main:403 - Rechazados: 5
15:31:21,712  INFO main:413 - Individuo Solucion: {0,4,3,1,2}

15:31:21,712  INFO main:414 - *****************************************************
15:31:21,753  INFO main:399 - ****************Corrida 5 ************************
15:31:21,753  INFO main:400 - Fitness solucion: 5.0
15:31:21,753  INFO main:401 - Indice: 5
15:31:21,753  INFO main:402 - Generacion: 0
15:31:21,753  INFO main:403 - Rechazados: 5
15:31:21,754  INFO main:413 - Individuo Solucion: {0,2,3,1,4}

15:31:21,754  INFO main:414 - *****************************************************
15:31:21,783  INFO main:399 - ****************Corrida 6 ************************
15:31:21,783  INFO main:400 - Fitness solucion: 5.0
15:31:21,784  INFO main:401 - Indice: 5
15:31:21,784  INFO main:402 - Generacion: 0
15:31:21,784  INFO main:403 - Rechazados: 5
15:31:21,784  INFO main:413 - Individuo Solucion: {2,3,0,4,1}

15:31:21,784  INFO main:414 - *****************************************************
15:31:21,812  INFO main:399 - ****************Corrida 7 ************************
15:31:21,812  INFO main:400 - Fitness solucion: 5.0
15:31:21,812  INFO main:401 - Indice: 5
15:31:21,812  INFO main:402 - Generacion: 0
15:31:21,812  INFO main:403 - Rechazados: 5
15:31:21,812  INFO main:413 - Individuo Solucion: {4,3,2,0,1}

15:31:21,812  INFO main:414 - *****************************************************
15:31:21,842  INFO main:399 - ****************Corrida 8 ************************
15:31:21,843  INFO main:400 - Fitness solucion: 5.0
15:31:21,843  INFO main:401 - Indice: 5
15:31:21,843  INFO main:402 - Generacion: 0
15:31:21,843  INFO main:403 - Rechazados: 5
15:31:21,843  INFO main:413 - Individuo Solucion: {4,1,0,3,2}

15:31:21,843  INFO main:414 - *****************************************************
15:31:21,869  INFO main:399 - ****************Corrida 9 ************************
15:31:21,869  INFO main:400 - Fitness solucion: 5.0
15:31:21,869  INFO main:401 - Indice: 5
15:31:21,869  INFO main:402 - Generacion: 0
15:31:21,869  INFO main:403 - Rechazados: 5
15:31:21,869  INFO main:413 - Individuo Solucion: {2,4,3,0,1}

15:31:21,869  INFO main:414 - *****************************************************
15:31:21,894  INFO main:399 - ****************Corrida 10 ************************
15:31:21,895  INFO main:400 - Fitness solucion: 5.0
15:31:21,895  INFO main:401 - Indice: 5
15:31:21,895  INFO main:402 - Generacion: 0
15:31:21,895  INFO main:403 - Rechazados: 5
15:31:21,895  INFO main:413 - Individuo Solucion: {0,4,1,2,3}

15:31:21,895  INFO main:414 - *****************************************************
15:31:21,926  INFO main:399 - ****************Corrida 11 ************************
15:31:21,926  INFO main:400 - Fitness solucion: 5.0
15:31:21,926  INFO main:401 - Indice: 5
15:31:21,926  INFO main:402 - Generacion: 0
15:31:21,926  INFO main:403 - Rechazados: 5
15:31:21,926  INFO main:413 - Individuo Solucion: {2,3,4,0,1}

15:31:21,926  INFO main:414 - *****************************************************
15:31:21,948  INFO main:399 - ****************Corrida 12 ************************
15:31:21,948  INFO main:400 - Fitness solucion: 5.0
15:31:21,949  INFO main:401 - Indice: 5
15:31:21,949  INFO main:402 - Generacion: 0
15:31:21,949  INFO main:403 - Rechazados: 5
15:31:21,949  INFO main:413 - Individuo Solucion: {0,2,1,3,4}

15:31:21,949  INFO main:414 - *****************************************************
15:31:21,971  INFO main:399 - ****************Corrida 13 ************************
15:31:21,971  INFO main:400 - Fitness solucion: 5.0
15:31:21,971  INFO main:401 - Indice: 5
15:31:21,971  INFO main:402 - Generacion: 0
15:31:21,971  INFO main:403 - Rechazados: 5
15:31:21,971  INFO main:413 - Individuo Solucion: {0,1,3,4,2}

15:31:21,971  INFO main:414 - *****************************************************
15:31:21,997  INFO main:399 - ****************Corrida 14 ************************
15:31:21,997  INFO main:400 - Fitness solucion: 5.0
15:31:21,997  INFO main:401 - Indice: 5
15:31:21,997  INFO main:402 - Generacion: 0
15:31:21,997  INFO main:403 - Rechazados: 5
15:31:21,997  INFO main:413 - Individuo Solucion: {1,0,4,3,2}

15:31:21,997  INFO main:414 - *****************************************************
15:31:22,016  INFO main:399 - ****************Corrida 15 ************************
15:31:22,016  INFO main:400 - Fitness solucion: 5.0
15:31:22,016  INFO main:401 - Indice: 5
15:31:22,016  INFO main:402 - Generacion: 0
15:31:22,016  INFO main:403 - Rechazados: 5
15:31:22,016  INFO main:413 - Individuo Solucion: {4,3,0,2,1}

15:31:22,017  INFO main:414 - *****************************************************
15:31:22,035  INFO main:399 - ****************Corrida 16 ************************
15:31:22,035  INFO main:400 - Fitness solucion: 5.0
15:31:22,035  INFO main:401 - Indice: 5
15:31:22,035  INFO main:402 - Generacion: 0
15:31:22,036  INFO main:403 - Rechazados: 5
15:31:22,036  INFO main:413 - Individuo Solucion: {0,2,3,4,1}

15:31:22,036  INFO main:414 - *****************************************************
15:31:22,054  INFO main:399 - ****************Corrida 17 ************************
15:31:22,055  INFO main:400 - Fitness solucion: 5.0
15:31:22,055  INFO main:401 - Indice: 5
15:31:22,055  INFO main:402 - Generacion: 0
15:31:22,055  INFO main:403 - Rechazados: 5
15:31:22,055  INFO main:413 - Individuo Solucion: {2,1,4,3,0}

15:31:22,055  INFO main:414 - *****************************************************
15:31:22,074  INFO main:399 - ****************Corrida 18 ************************
15:31:22,074  INFO main:400 - Fitness solucion: 5.0
15:31:22,074  INFO main:401 - Indice: 5
15:31:22,074  INFO main:402 - Generacion: 0
15:31:22,074  INFO main:403 - Rechazados: 5
15:31:22,074  INFO main:413 - Individuo Solucion: {4,3,0,2,1}

15:31:22,074  INFO main:414 - *****************************************************
15:31:22,093  INFO main:399 - ****************Corrida 19 ************************
15:31:22,094  INFO main:400 - Fitness solucion: 5.0
15:31:22,094  INFO main:401 - Indice: 5
15:31:22,094  INFO main:402 - Generacion: 0
15:31:22,094  INFO main:403 - Rechazados: 5
15:31:22,094  INFO main:413 - Individuo Solucion: {1,3,4,0,2}

15:31:22,094  INFO main:414 - *****************************************************
15:31:22,113  INFO main:399 - ****************Corrida 20 ************************
15:31:22,113  INFO main:400 - Fitness solucion: 5.0
15:31:22,113  INFO main:401 - Indice: 5
15:31:22,113  INFO main:402 - Generacion: 0
15:31:22,113  INFO main:403 - Rechazados: 5
15:31:22,113  INFO main:413 - Individuo Solucion: {4,3,0,2,1}

15:31:22,113  INFO main:414 - *****************************************************
15:31:22,132  INFO main:399 - ****************Corrida 21 ************************
15:31:22,132  INFO main:400 - Fitness solucion: 5.0
15:31:22,132  INFO main:401 - Indice: 5
15:31:22,132  INFO main:402 - Generacion: 0
15:31:22,132  INFO main:403 - Rechazados: 5
15:31:22,132  INFO main:413 - Individuo Solucion: {0,2,1,3,4}

15:31:22,132  INFO main:414 - *****************************************************
15:31:22,156  INFO main:399 - ****************Corrida 22 ************************
15:31:22,156  INFO main:400 - Fitness solucion: 5.0
15:31:22,156  INFO main:401 - Indice: 5
15:31:22,156  INFO main:402 - Generacion: 0
15:31:22,156  INFO main:403 - Rechazados: 5
15:31:22,156  INFO main:413 - Individuo Solucion: {4,1,2,3,0}

15:31:22,156  INFO main:414 - *****************************************************
15:31:22,175  INFO main:399 - ****************Corrida 23 ************************
15:31:22,175  INFO main:400 - Fitness solucion: 5.0
15:31:22,175  INFO main:401 - Indice: 5
15:31:22,175  INFO main:402 - Generacion: 0
15:31:22,175  INFO main:403 - Rechazados: 5
15:31:22,175  INFO main:413 - Individuo Solucion: {0,2,3,1,4}

15:31:22,175  INFO main:414 - *****************************************************
15:31:22,194  INFO main:399 - ****************Corrida 24 ************************
15:31:22,195  INFO main:400 - Fitness solucion: 5.0
15:31:22,195  INFO main:401 - Indice: 5
15:31:22,195  INFO main:402 - Generacion: 0
15:31:22,195  INFO main:403 - Rechazados: 5
15:31:22,195  INFO main:413 - Individuo Solucion: {4,0,2,1,3}

15:31:22,195  INFO main:414 - *****************************************************
15:31:22,214  INFO main:399 - ****************Corrida 25 ************************
15:31:22,214  INFO main:400 - Fitness solucion: 5.0
15:31:22,214  INFO main:401 - Indice: 5
15:31:22,214  INFO main:402 - Generacion: 0
15:31:22,214  INFO main:403 - Rechazados: 5
15:31:22,214  INFO main:413 - Individuo Solucion: {2,4,3,0,1}

15:31:22,214  INFO main:414 - *****************************************************
15:31:22,233  INFO main:399 - ****************Corrida 26 ************************
15:31:22,233  INFO main:400 - Fitness solucion: 5.0
15:31:22,233  INFO main:401 - Indice: 5
15:31:22,233  INFO main:402 - Generacion: 0
15:31:22,233  INFO main:403 - Rechazados: 5
15:31:22,234  INFO main:413 - Individuo Solucion: {1,0,4,2,3}

15:31:22,234  INFO main:414 - *****************************************************
15:31:22,253  INFO main:399 - ****************Corrida 27 ************************
15:31:22,253  INFO main:400 - Fitness solucion: 5.0
15:31:22,253  INFO main:401 - Indice: 5
15:31:22,253  INFO main:402 - Generacion: 0
15:31:22,253  INFO main:403 - Rechazados: 5
15:31:22,253  INFO main:413 - Individuo Solucion: {2,4,0,3,1}

15:31:22,254  INFO main:414 - *****************************************************
15:31:22,273  INFO main:399 - ****************Corrida 28 ************************
15:31:22,274  INFO main:400 - Fitness solucion: 5.0
15:31:22,274  INFO main:401 - Indice: 5
15:31:22,274  INFO main:402 - Generacion: 0
15:31:22,274  INFO main:403 - Rechazados: 5
15:31:22,274  INFO main:413 - Individuo Solucion: {2,0,3,1,4}

15:31:22,274  INFO main:414 - *****************************************************
15:31:22,293  INFO main:399 - ****************Corrida 29 ************************
15:31:22,294  INFO main:400 - Fitness solucion: 5.0
15:31:22,294  INFO main:401 - Indice: 5
15:31:22,294  INFO main:402 - Generacion: 0
15:31:22,294  INFO main:403 - Rechazados: 5
15:31:22,294  INFO main:413 - Individuo Solucion: {4,1,2,0,3}

15:31:22,294  INFO main:414 - *****************************************************
15:31:22,294  INFO main:416 - Tiempo AGP: 47
15:31:22,294  INFO main:417 - Promedio Final: 5
15:31:22,294  INFO main:418 - Promedio Generaciones: 0
15:31:22,294  INFO main:420 - *****************Resultados********************
15:31:22,295  INFO main:422 - result: 5.0
15:31:22,295  INFO main:422 - result: 5.0
15:31:22,295  INFO main:422 - result: 5.0
15:31:22,295  INFO main:422 - result: 5.0
15:31:22,295  INFO main:422 - result: 5.0
15:31:22,295  INFO main:422 - result: 5.0
15:31:22,295  INFO main:422 - result: 5.0
15:31:22,295  INFO main:422 - result: 5.0
15:31:22,295  INFO main:422 - result: 5.0
15:31:22,295  INFO main:422 - result: 5.0
15:31:22,295  INFO main:422 - result: 5.0
15:31:22,295  INFO main:422 - result: 5.0
15:31:22,296  INFO main:422 - result: 5.0
15:31:22,296  INFO main:422 - result: 5.0
15:31:22,296  INFO main:422 - result: 5.0
15:31:22,296  INFO main:422 - result: 5.0
15:31:22,296  INFO main:422 - result: 5.0
15:31:22,296  INFO main:422 - result: 5.0
15:31:22,296  INFO main:422 - result: 5.0
15:31:22,296  INFO main:422 - result: 5.0
15:31:22,296  INFO main:422 - result: 5.0
15:31:22,296  INFO main:422 - result: 5.0
15:31:22,296  INFO main:422 - result: 5.0
15:31:22,297  INFO main:422 - result: 5.0
15:31:22,297  INFO main:422 - result: 5.0
15:31:22,297  INFO main:422 - result: 5.0
15:31:22,297  INFO main:422 - result: 5.0
15:31:22,297  INFO main:422 - result: 5.0
15:31:22,297  INFO main:422 - result: 5.0
15:31:22,297  INFO main:422 - result: 5.0
15:31:22,297  INFO main:424 - *****************Generaciones********************
15:31:22,297  INFO main:426 - Generacion: 0
15:31:22,297  INFO main:426 - Generacion: 0
15:31:22,297  INFO main:426 - Generacion: 0
15:31:22,297  INFO main:426 - Generacion: 0
15:31:22,297  INFO main:426 - Generacion: 0
15:31:22,298  INFO main:426 - Generacion: 0
15:31:22,298  INFO main:426 - Generacion: 0
15:31:22,298  INFO main:426 - Generacion: 0
15:31:22,298  INFO main:426 - Generacion: 0
15:31:22,298  INFO main:426 - Generacion: 0
15:31:22,298  INFO main:426 - Generacion: 0
15:31:22,298  INFO main:426 - Generacion: 0
15:31:22,298  INFO main:426 - Generacion: 0
15:31:22,298  INFO main:426 - Generacion: 0
15:31:22,299  INFO main:426 - Generacion: 0
15:31:22,299  INFO main:426 - Generacion: 0
15:31:22,299  INFO main:426 - Generacion: 0
15:31:22,299  INFO main:426 - Generacion: 0
15:31:22,299  INFO main:426 - Generacion: 0
15:31:22,299  INFO main:426 - Generacion: 0
15:31:22,299  INFO main:426 - Generacion: 0
15:31:22,299  INFO main:426 - Generacion: 0
15:31:22,300  INFO main:426 - Generacion: 0
15:31:22,300  INFO main:426 - Generacion: 0
15:31:22,300  INFO main:426 - Generacion: 0
15:31:22,300  INFO main:426 - Generacion: 0
15:31:22,300  INFO main:426 - Generacion: 0
15:31:22,300  INFO main:426 - Generacion: 0
15:31:22,300  INFO main:426 - Generacion: 0
15:31:22,300  INFO main:426 - Generacion: 0
